BUILD:
[33mbase commit: 01934c2a6918^1
[0m[33mtarget commit: 01934c2a6918
[0m[33mchecking out base commit... [0m[33mok (2s)
[0m[33mformatting diff... [0m[33mok (2s)
[0m13 source file(s) touched in the old version
`-- drivers/gpu/drm/ast/ast_fb.c
`-- drivers/gpu/drm/bochs/bochs_fbdev.c
`-- drivers/gpu/drm/cirrus/cirrus_fbdev.c
`-- drivers/gpu/drm/drm_fb_helper.c
`-- drivers/gpu/drm/gma500/framebuffer.c
`-- drivers/gpu/drm/mgag200/mgag200_fb.c
`-- drivers/gpu/drm/msm/msm_fbdev.c
`-- drivers/gpu/drm/nouveau/nouveau_fbcon.c
`-- drivers/gpu/drm/omapdrm/omap_fbdev.c
`-- drivers/gpu/drm/qxl/qxl_fb.c
`-- drivers/gpu/drm/radeon/radeon_fb.c
`-- drivers/gpu/drm/udl/udl_fb.c
`-- include/drm/drm_fb_helper.h
13 source file(s) touched in the new version
`-- drivers/gpu/drm/ast/ast_fb.c
`-- drivers/gpu/drm/bochs/bochs_fbdev.c
`-- drivers/gpu/drm/cirrus/cirrus_fbdev.c
`-- drivers/gpu/drm/drm_fb_helper.c
`-- drivers/gpu/drm/gma500/framebuffer.c
`-- drivers/gpu/drm/mgag200/mgag200_fb.c
`-- drivers/gpu/drm/msm/msm_fbdev.c
`-- drivers/gpu/drm/nouveau/nouveau_fbcon.c
`-- drivers/gpu/drm/omapdrm/omap_fbdev.c
`-- drivers/gpu/drm/qxl/qxl_fb.c
`-- drivers/gpu/drm/radeon/radeon_fb.c
`-- drivers/gpu/drm/udl/udl_fb.c
`-- include/drm/drm_fb_helper.h
[33mcompile base commit... [0m[33mok (26s)
[0m[33mapply [0m[33m01934c2a6918... [0m[33mok (26s)
[0m[33mcompile target commit... [0m[33mok (45s)
[0mPREPARE:
[33mcollect AST for functions: radeon_fbdev_init@drivers_gpu_drm_radeon_radeon_fb.c,qxl_fbdev_init@drivers_gpu_drm_qxl_qxl_fb.c,drm_fb_helper_initial_config@drivers_gpu_drm_drm_fb_helper.c,cirrus_fbdev_init@drivers_gpu_drm_cirrus_cirrus_fbdev.c,nouveau_fbcon_init@drivers_gpu_drm_nouveau_nouveau_fbcon.c,omap_fbdev_init@drivers_gpu_drm_omapdrm_omap_fbdev.c,ast_fbdev_init@drivers_gpu_drm_ast_ast_fb.c,msm_fbdev_init@drivers_gpu_drm_msm_msm_fbdev.c,udl_fbdev_init@drivers_gpu_drm_udl_udl_fb.c,mgag200_fbdev_init@drivers_gpu_drm_mgag200_mgag200_fb.c,bochs_fbdev_init@drivers_gpu_drm_bochs_bochs_fbdev.c,psb_fbdev_init@drivers_gpu_drm_gma500_framebuffer.c
[0m[33mTransforming and linking bitcode files...
[0m[33m3s
[0mANALYZE:
COCCIGEN:
