BUILD:
[33mbase commit: 01f2c7730e18^1
[0m[33mtarget commit: 01f2c7730e18
[0m[33mchecking out base commit... [0m[33mok (1s)
[0m[33mformatting diff... [0m[33mok (2s)
[0m22 source file(s) touched in the old version
`-- drivers/gpu/drm/drm_crtc.c
`-- drivers/gpu/drm/drm_crtc_helper.c
`-- drivers/gpu/drm/exynos/exynos_drm_crtc.c
`-- drivers/gpu/drm/exynos/exynos_drm_fbdev.c
`-- drivers/gpu/drm/gma500/accel_2d.c
`-- drivers/gpu/drm/gma500/cdv_intel_display.c
`-- drivers/gpu/drm/gma500/framebuffer.c
`-- drivers/gpu/drm/gma500/oaktrail_crtc.c
`-- drivers/gpu/drm/gma500/psb_intel_display.c
`-- drivers/gpu/drm/i915/i915_irq.c
`-- drivers/gpu/drm/i915/intel_display.c
`-- drivers/gpu/drm/i915/intel_fb.c
`-- drivers/gpu/drm/nouveau/nouveau_display.c
`-- drivers/gpu/drm/nouveau/nouveau_fbcon.c
`-- drivers/gpu/drm/nouveau/nv04_crtc.c
`-- drivers/gpu/drm/radeon/atombios_crtc.c
`-- drivers/gpu/drm/radeon/radeon_display.c
`-- drivers/gpu/drm/radeon/radeon_fb.c
`-- drivers/gpu/drm/radeon/radeon_legacy_crtc.c
`-- drivers/gpu/drm/vmwgfx/vmwgfx_kms.c
`-- drivers/gpu/drm/vmwgfx/vmwgfx_ldu.c
`-- include/drm/drm_crtc.h
22 source file(s) touched in the new version
`-- drivers/gpu/drm/drm_crtc.c
`-- drivers/gpu/drm/drm_crtc_helper.c
`-- drivers/gpu/drm/exynos/exynos_drm_crtc.c
`-- drivers/gpu/drm/exynos/exynos_drm_fbdev.c
`-- drivers/gpu/drm/gma500/accel_2d.c
`-- drivers/gpu/drm/gma500/cdv_intel_display.c
`-- drivers/gpu/drm/gma500/framebuffer.c
`-- drivers/gpu/drm/gma500/oaktrail_crtc.c
`-- drivers/gpu/drm/gma500/psb_intel_display.c
`-- drivers/gpu/drm/i915/i915_irq.c
`-- drivers/gpu/drm/i915/intel_display.c
`-- drivers/gpu/drm/i915/intel_fb.c
`-- drivers/gpu/drm/nouveau/nouveau_display.c
`-- drivers/gpu/drm/nouveau/nouveau_fbcon.c
`-- drivers/gpu/drm/nouveau/nv04_crtc.c
`-- drivers/gpu/drm/radeon/atombios_crtc.c
`-- drivers/gpu/drm/radeon/radeon_display.c
`-- drivers/gpu/drm/radeon/radeon_fb.c
`-- drivers/gpu/drm/radeon/radeon_legacy_crtc.c
`-- drivers/gpu/drm/vmwgfx/vmwgfx_kms.c
`-- drivers/gpu/drm/vmwgfx/vmwgfx_ldu.c
`-- include/drm/drm_crtc.h
[33mcompile base commit... [0m[33mok (7s)
[0m[33mapply [0m[33m01f2c7730e18... [0m[33mok (7s)
[0m[33mcompile target commit... [0m[33mok (10s)
[0mPREPARE:
[33m0s
[0mANALYZE:
COCCIGEN:
