BUILD:
[33mbase commit: 08a7e621ff81^1
[0m[33mtarget commit: 08a7e621ff81
[0m[33mchecking out base commit... [0m[33mok (1s)
[0m[33mformatting diff... [0m[33mok (1s)
[0m9 source file(s) touched in the old version
`-- arch/sh/kernel/irq.c
`-- arch/sparc/include/asm/switch_to_32.h
`-- drivers/gpu/drm/amd/include/atombios.h
`-- drivers/gpu/drm/radeon/atombios.h
`-- drivers/isdn/mISDN/dsp_core.c
`-- drivers/net/usb/kalmia.c
`-- drivers/net/wireless/marvell/mwifiex/wmm.c
`-- net/mac80211/mesh.c
`-- sound/pci/ac97/ac97_patch.c
9 source file(s) touched in the new version
`-- arch/sh/kernel/irq.c
`-- arch/sparc/include/asm/switch_to_32.h
`-- drivers/gpu/drm/amd/include/atombios.h
`-- drivers/gpu/drm/radeon/atombios.h
`-- drivers/isdn/mISDN/dsp_core.c
`-- drivers/net/usb/kalmia.c
`-- drivers/net/wireless/marvell/mwifiex/wmm.c
`-- net/mac80211/mesh.c
`-- sound/pci/ac97/ac97_patch.c
[33mcompile base commit... [0m[33mok (54s)
[0m[33mapply [0m[33m08a7e621ff81... [0m[33mok (54s)
[0m[33mcompile target commit... [0m[33mok (69s)
[0mPREPARE:
[33mcollect AST for functions: ieee80211_mesh_build_beacon@net_mac80211_mesh.c,products@drivers_net_usb_kalmia.c
[0m[33mTransforming and linking bitcode files...
[0m[33m6s
[0mANALYZE:
COCCIGEN:
