BUILD:
[33mbase commit: 0aea5e4aa299^1
[0m[33mtarget commit: 0aea5e4aa299
[0m[33mchecking out base commit... [0m[33mok (1s)
[0m[33mformatting diff... [0m[33mok (1s)
[0m4 source file(s) touched in the old version
`-- drivers/gpu/drm/radeon/radeon.h
`-- drivers/gpu/drm/radeon/radeon_gem.c
`-- drivers/gpu/drm/radeon/radeon_trace.h
`-- drivers/gpu/drm/radeon/radeon_vm.c
4 source file(s) touched in the new version
`-- drivers/gpu/drm/radeon/radeon.h
`-- drivers/gpu/drm/radeon/radeon_gem.c
`-- drivers/gpu/drm/radeon/radeon_trace.h
`-- drivers/gpu/drm/radeon/radeon_vm.c
[33mcompile base commit... [0m[33mok (6s)
[0m[33mapply [0m[33m0aea5e4aa299... [0m[33mok (6s)
[0m[33mcompile target commit... [0m[33mok (8s)
[0mPREPARE:
[33m0s
[0mANALYZE:
COCCIGEN:
