BUILD:
[33mbase commit: 0b91c4a1cd7c^1
[0m[33mtarget commit: 0b91c4a1cd7c
[0m[33mchecking out base commit... [0m[33mok (0s)
[0m[33mformatting diff... [0m[33mok (0s)
[0m9 source file(s) touched in the old version
`-- drivers/gpu/drm/ast/ast_ttm.c
`-- drivers/gpu/drm/cirrus/cirrus_ttm.c
`-- drivers/gpu/drm/mgag200/mgag200_ttm.c
`-- drivers/gpu/drm/nouveau/nouveau_bo.c
`-- drivers/gpu/drm/radeon/radeon_object.c
`-- drivers/gpu/drm/ttm/ttm_bo.c
`-- drivers/gpu/drm/vmwgfx/vmwgfx_drv.c
`-- drivers/gpu/drm/vmwgfx/vmwgfx_resource.c
`-- include/drm/ttm/ttm_bo_api.h
9 source file(s) touched in the new version
`-- drivers/gpu/drm/ast/ast_ttm.c
`-- drivers/gpu/drm/cirrus/cirrus_ttm.c
`-- drivers/gpu/drm/mgag200/mgag200_ttm.c
`-- drivers/gpu/drm/nouveau/nouveau_bo.c
`-- drivers/gpu/drm/radeon/radeon_object.c
`-- drivers/gpu/drm/ttm/ttm_bo.c
`-- drivers/gpu/drm/vmwgfx/vmwgfx_drv.c
`-- drivers/gpu/drm/vmwgfx/vmwgfx_resource.c
`-- include/drm/ttm/ttm_bo_api.h
[33mcompile base commit... [0m[33mok (5s)
[0m[33mapply [0m[33m0b91c4a1cd7c... [0m[33mok (5s)
[0m[33mcompile target commit... [0m[33mok (7s)
[0mPREPARE:
[33m1s
[0mANALYZE:
COCCIGEN:
