BUILD:
[33mbase commit: 0c1f528cb137^1
[0m[33mtarget commit: 0c1f528cb137
[0m[33mchecking out base commit... [0m[33mok (1s)
[0m[33mformatting diff... [0m[33mok (1s)
[0m25 source file(s) touched in the old version
`-- drivers/gpu/drm/amd/amdgpu/dce_v10_0.c
`-- drivers/gpu/drm/amd/amdgpu/dce_v11_0.c
`-- drivers/gpu/drm/amd/amdgpu/dce_v6_0.c
`-- drivers/gpu/drm/amd/amdgpu/dce_v8_0.c
`-- drivers/gpu/drm/bridge/analogix-anx78xx.c
`-- drivers/gpu/drm/bridge/sii902x.c
`-- drivers/gpu/drm/bridge/synopsys/dw-hdmi.c
`-- drivers/gpu/drm/drm_edid.c
`-- drivers/gpu/drm/exynos/exynos_hdmi.c
`-- drivers/gpu/drm/i2c/tda998x_drv.c
`-- drivers/gpu/drm/i915/intel_hdmi.c
`-- drivers/gpu/drm/i915/intel_sdvo.c
`-- drivers/gpu/drm/mediatek/mtk_hdmi.c
`-- drivers/gpu/drm/msm/hdmi/hdmi_bridge.c
`-- drivers/gpu/drm/nouveau/nv50_display.c
`-- drivers/gpu/drm/omapdrm/omap_encoder.c
`-- drivers/gpu/drm/radeon/radeon_audio.c
`-- drivers/gpu/drm/rockchip/inno_hdmi.c
`-- drivers/gpu/drm/sti/sti_hdmi.c
`-- drivers/gpu/drm/sun4i/sun4i_hdmi_enc.c
`-- drivers/gpu/drm/tegra/hdmi.c
`-- drivers/gpu/drm/tegra/sor.c
`-- drivers/gpu/drm/vc4/vc4_hdmi.c
`-- drivers/gpu/drm/zte/zx_hdmi.c
`-- include/drm/drm_edid.h
25 source file(s) touched in the new version
`-- drivers/gpu/drm/amd/amdgpu/dce_v10_0.c
`-- drivers/gpu/drm/amd/amdgpu/dce_v11_0.c
`-- drivers/gpu/drm/amd/amdgpu/dce_v6_0.c
`-- drivers/gpu/drm/amd/amdgpu/dce_v8_0.c
`-- drivers/gpu/drm/bridge/analogix-anx78xx.c
`-- drivers/gpu/drm/bridge/sii902x.c
`-- drivers/gpu/drm/bridge/synopsys/dw-hdmi.c
`-- drivers/gpu/drm/drm_edid.c
`-- drivers/gpu/drm/exynos/exynos_hdmi.c
`-- drivers/gpu/drm/i2c/tda998x_drv.c
`-- drivers/gpu/drm/i915/intel_hdmi.c
`-- drivers/gpu/drm/i915/intel_sdvo.c
`-- drivers/gpu/drm/mediatek/mtk_hdmi.c
`-- drivers/gpu/drm/msm/hdmi/hdmi_bridge.c
`-- drivers/gpu/drm/nouveau/nv50_display.c
`-- drivers/gpu/drm/omapdrm/omap_encoder.c
`-- drivers/gpu/drm/radeon/radeon_audio.c
`-- drivers/gpu/drm/rockchip/inno_hdmi.c
`-- drivers/gpu/drm/sti/sti_hdmi.c
`-- drivers/gpu/drm/sun4i/sun4i_hdmi_enc.c
`-- drivers/gpu/drm/tegra/hdmi.c
`-- drivers/gpu/drm/tegra/sor.c
`-- drivers/gpu/drm/vc4/vc4_hdmi.c
`-- drivers/gpu/drm/zte/zx_hdmi.c
`-- include/drm/drm_edid.h
[33mcompile base commit... [0m[33mok (54s)
[0m[33mapply [0m[33m0c1f528cb137... [0m[33mok (54s)
[0m[33mcompile target commit... [0m[33mok (104s)
[0mPREPARE:
[33mcollect AST for functions: sii902x_bridge_mode_set@drivers_gpu_drm_bridge_sii902x.c,anx78xx_bridge_mode_set@drivers_gpu_drm_bridge_analogix-anx78xx.c,vc4_hdmi_set_avi_infoframe@drivers_gpu_drm_vc4_vc4_hdmi.c,hdmi_reg_infoframes@drivers_gpu_drm_exynos_exynos_hdmi.c,omap_encoder_mode_set@drivers_gpu_drm_omapdrm_omap_encoder.c,hdmi_avi_infoframe_config@drivers_gpu_drm_sti_sti_hdmi.c,nv50_hdmi_enable@drivers_gpu_drm_nouveau_nv50_display.c,dce_v8_0_afmt_setmode@drivers_gpu_drm_amd_amdgpu_dce_v8_0.c,mtk_hdmi_setup_avi_infoframe@drivers_gpu_drm_mediatek_mtk_hdmi.c,drm_hdmi_avi_infoframe_from_display_mode@drivers_gpu_drm_drm_edid.c,dce_v11_0_afmt_setmode@drivers_gpu_drm_amd_amdgpu_dce_v11_0.c,dce_v10_0_afmt_setmode@drivers_gpu_drm_amd_amdgpu_dce_v10_0.c,intel_sdvo_set_avi_infoframe@drivers_gpu_drm_i915_intel_sdvo.c,hdmi_config_AVI@drivers_gpu_drm_bridge_synopsys_dw-hdmi.c,sun4i_hdmi_setup_avi_infoframes@drivers_gpu_drm_sun4i_sun4i_hdmi_enc.c,inno_hdmi_config_video_avi@drivers_gpu_drm_rockchip_inno_hdmi.c,zx_hdmi_config_video_avi@drivers_gpu_drm_zte_zx_hdmi.c,tegra_sor_hdmi_setup_avi_infoframe@drivers_gpu_drm_tegra_sor.c,radeon_audio_set_avi_packet@drivers_gpu_drm_radeon_radeon_audio.c,dce_v6_0_audio_set_avi_infoframe@drivers_gpu_drm_amd_amdgpu_dce_v6_0.c,tegra_hdmi_setup_avi_infoframe@drivers_gpu_drm_tegra_hdmi.c,tda998x_write_avi@drivers_gpu_drm_i2c_tda998x_drv.c
[0m[33mTransforming and linking bitcode files...
[0m[33m6s
[0mANALYZE:
COCCIGEN:
//# pattern-1, witnesses: 21
@@
expression E0;
expression E1;
@@
- drm_hdmi_avi_infoframe_from_display_mode(&E0, E1)
+ drm_hdmi_avi_infoframe_from_display_mode(&E0, E1, false)
