BUILD:
[33mbase commit: 0d69704ae348^1
[0m[33mtarget commit: 0d69704ae348
[0m[33mchecking out base commit... [0m[33mok (1s)
[0m[33mformatting diff... [0m[33mok (1s)
[0m5 source file(s) touched in the old version
`-- drivers/gpu/drm/i915/i915_dma.c
`-- drivers/gpu/drm/nouveau/nouveau_vga.c
`-- drivers/gpu/drm/radeon/radeon_device.c
`-- drivers/gpu/vga/vga_switcheroo.c
`-- include/linux/vga_switcheroo.h
5 source file(s) touched in the new version
`-- drivers/gpu/drm/i915/i915_dma.c
`-- drivers/gpu/drm/nouveau/nouveau_vga.c
`-- drivers/gpu/drm/radeon/radeon_device.c
`-- drivers/gpu/vga/vga_switcheroo.c
`-- include/linux/vga_switcheroo.h
[33mcompile base commit... [0m[33mok (6s)
[0m[33mapply [0m[33m0d69704ae348... [0m[33mok (6s)
[0m[33mcompile target commit... [0m[33mok (8s)
[0mPREPARE:
[33m0s
[0mANALYZE:
COCCIGEN:
@@
@@
 #include <linux/vga_switcheroo.h>
+#include <linux/pm_runtime.h>
