BUILD:
[33mbase commit: 10631d724def^1
[0m[33mtarget commit: 10631d724def
[0m[33mchecking out base commit... [0m[33mok (1s)
[0m[33mformatting diff... [0m[33mok (1s)
[0m19 source file(s) touched in the old version
`-- drivers/gpu/drm/amd/amdgpu/amdgpu_drv.c
`-- drivers/gpu/drm/ast/ast_drv.c
`-- drivers/gpu/drm/bochs/bochs_drv.c
`-- drivers/gpu/drm/cirrus/cirrus_drv.c
`-- drivers/gpu/drm/drm_pci.c
`-- drivers/gpu/drm/gma500/psb_drv.c
`-- drivers/gpu/drm/i810/i810_drv.c
`-- drivers/gpu/drm/mga/mga_drv.c
`-- drivers/gpu/drm/mgag200/mgag200_drv.c
`-- drivers/gpu/drm/nouveau/nouveau_drm.c
`-- drivers/gpu/drm/qxl/qxl_drv.c
`-- drivers/gpu/drm/r128/r128_drv.c
`-- drivers/gpu/drm/radeon/radeon_drv.c
`-- drivers/gpu/drm/savage/savage_drv.c
`-- drivers/gpu/drm/sis/sis_drv.c
`-- drivers/gpu/drm/tdfx/tdfx_drv.c
`-- drivers/gpu/drm/via/via_drv.c
`-- drivers/gpu/drm/vmwgfx/vmwgfx_drv.c
`-- include/drm/drm_pci.h
19 source file(s) touched in the new version
`-- drivers/gpu/drm/amd/amdgpu/amdgpu_drv.c
`-- drivers/gpu/drm/ast/ast_drv.c
`-- drivers/gpu/drm/bochs/bochs_drv.c
`-- drivers/gpu/drm/cirrus/cirrus_drv.c
`-- drivers/gpu/drm/drm_pci.c
`-- drivers/gpu/drm/gma500/psb_drv.c
`-- drivers/gpu/drm/i810/i810_drv.c
`-- drivers/gpu/drm/mga/mga_drv.c
`-- drivers/gpu/drm/mgag200/mgag200_drv.c
`-- drivers/gpu/drm/nouveau/nouveau_drm.c
`-- drivers/gpu/drm/qxl/qxl_drv.c
`-- drivers/gpu/drm/r128/r128_drv.c
`-- drivers/gpu/drm/radeon/radeon_drv.c
`-- drivers/gpu/drm/savage/savage_drv.c
`-- drivers/gpu/drm/sis/sis_drv.c
`-- drivers/gpu/drm/tdfx/tdfx_drv.c
`-- drivers/gpu/drm/via/via_drv.c
`-- drivers/gpu/drm/vmwgfx/vmwgfx_drv.c
`-- include/drm/drm_pci.h
[33mcompile base commit... [0m[33mok (49s)
[0m[33mapply [0m[33m10631d724def... [0m[33mok (49s)
[0m[33mcompile target commit... [0m[33mok (81s)
[0mPREPARE:
[33mcollect AST for functions: via_init@drivers_gpu_drm_via_via_drv.c,qxl_init@drivers_gpu_drm_qxl_qxl_drv.c,vmwgfx_init@drivers_gpu_drm_vmwgfx_vmwgfx_drv.c,tdfx_init@drivers_gpu_drm_tdfx_tdfx_drv.c,cirrus_init@drivers_gpu_drm_cirrus_cirrus_drv.c,nouveau_drm_exit@drivers_gpu_drm_nouveau_nouveau_drm.c,mga_exit@drivers_gpu_drm_mga_mga_drv.c,sis_init@drivers_gpu_drm_sis_sis_drv.c,via_exit@drivers_gpu_drm_via_via_drv.c,mgag200_exit@drivers_gpu_drm_mgag200_mgag200_drv.c,tdfx_exit@drivers_gpu_drm_tdfx_tdfx_drv.c,psb_init@drivers_gpu_drm_gma500_psb_drv.c,r128_init@drivers_gpu_drm_r128_r128_drv.c,savage_init@drivers_gpu_drm_savage_savage_drv.c,cirrus_exit@drivers_gpu_drm_cirrus_cirrus_drv.c,amdgpu_init@drivers_gpu_drm_amd_amdgpu_amdgpu_drv.c,mgag200_init@drivers_gpu_drm_mgag200_mgag200_drv.c,bochs_exit@drivers_gpu_drm_bochs_bochs_drv.c,nouveau_drm_init@drivers_gpu_drm_nouveau_nouveau_drm.c,r128_exit@drivers_gpu_drm_r128_r128_drv.c,i810_init@drivers_gpu_drm_i810_i810_drv.c,i810_exit@drivers_gpu_drm_i810_i810_drv.c,radeon_init@drivers_gpu_drm_radeon_radeon_drv.c,amdgpu_exit@drivers_gpu_drm_amd_amdgpu_amdgpu_drv.c,mga_init@drivers_gpu_drm_mga_mga_drv.c,psb_exit@drivers_gpu_drm_gma500_psb_drv.c,radeon_exit@drivers_gpu_drm_radeon_radeon_drv.c,qxl_exit@drivers_gpu_drm_qxl_qxl_drv.c,vmwgfx_exit@drivers_gpu_drm_vmwgfx_vmwgfx_drv.c,savage_exit@drivers_gpu_drm_savage_savage_drv.c,bochs_init@drivers_gpu_drm_bochs_bochs_drv.c,ast_exit@drivers_gpu_drm_ast_ast_drv.c,ast_init@drivers_gpu_drm_ast_ast_drv.c,sis_exit@drivers_gpu_drm_sis_sis_drv.c
[0m[33mTransforming and linking bitcode files...
[0m[33m8s
[0mANALYZE:
COCCIGEN:
//# pattern-1, witnesses: 10
@@
expression E0;
expression E1;
@@
- drm_pci_init(E0, E1)
+ pci_register_driver
//# pattern-3, witnesses: 10
@@
expression E0;
expression E1;
@@
- drm_pci_exit(E0, E1)
+ pci_unregister_driver(E1)
//# pattern-2, witnesses: 7
@@
expression list listE0;
@@
- drm_pci_exit(listE0)
+ drm_legacy_pci_exit(listE0)
//# pattern-4, witnesses: 7
@@
expression list listE0;
@@
- drm_pci_init(listE0)
+ drm_legacy_pci_init(listE0)
