BUILD:
[33mbase commit: 10d9b4ed3077^1
[0m[33mtarget commit: 10d9b4ed3077
[0m[33mchecking out base commit... [0m[33mok (0s)
[0m[33mformatting diff... [0m[33mok (0s)
[0m7 source file(s) touched in the old version
`-- drivers/gpu/drm/ast/ast_post.c
`-- drivers/gpu/drm/exynos/exynos_dp_core.c
`-- drivers/gpu/drm/exynos/exynos_drm_dpi.c
`-- drivers/gpu/drm/gma500/mdfld_dsi_pkg_sender.c
`-- drivers/gpu/drm/nouveau/core/engine/graph/ctxnvf0.c
`-- drivers/gpu/drm/nouveau/core/engine/graph/nv50.c
`-- drivers/gpu/drm/radeon/radeon_bios.c
7 source file(s) touched in the new version
`-- drivers/gpu/drm/ast/ast_post.c
`-- drivers/gpu/drm/exynos/exynos_dp_core.c
`-- drivers/gpu/drm/exynos/exynos_drm_dpi.c
`-- drivers/gpu/drm/gma500/mdfld_dsi_pkg_sender.c
`-- drivers/gpu/drm/nouveau/core/engine/graph/ctxnvf0.c
`-- drivers/gpu/drm/nouveau/core/engine/graph/nv50.c
`-- drivers/gpu/drm/radeon/radeon_bios.c
[33mcompile base commit... [0m[33mok (8s)
[0m[33mapply [0m[33m10d9b4ed3077... [0m[33mok (8s)
[0m[33mcompile target commit... [0m[33mok (11s)
[0mPREPARE:
[33m0s
[0mANALYZE:
COCCIGEN:
