BUILD:
[33mbase commit: 14adc89298f8^1
[0m[33mtarget commit: 14adc89298f8
[0m[33mchecking out base commit... [0m[33mok (1s)
[0m[33mformatting diff... [0m[33mok (1s)
[0m11 source file(s) touched in the old version
`-- drivers/gpu/drm/radeon/r300_cmdbuf.c
`-- drivers/gpu/drm/radeon/r600_blit.c
`-- drivers/gpu/drm/radeon/r600_blit_kms.c
`-- drivers/gpu/drm/radeon/r600_cp.c
`-- drivers/gpu/drm/radeon/r600_cs.c
`-- drivers/gpu/drm/radeon/radeon_cp.c
`-- drivers/gpu/drm/radeon/radeon_drv.c
`-- drivers/gpu/drm/radeon/radeon_drv.h
`-- drivers/gpu/drm/radeon/radeon_irq.c
`-- drivers/gpu/drm/radeon/radeon_mem.c
`-- drivers/gpu/drm/radeon/radeon_state.c
11 source file(s) touched in the new version
`-- drivers/gpu/drm/radeon/r300_cmdbuf.c
`-- drivers/gpu/drm/radeon/r600_blit.c
`-- drivers/gpu/drm/radeon/r600_blit_kms.c
`-- drivers/gpu/drm/radeon/r600_cp.c
`-- drivers/gpu/drm/radeon/r600_cs.c
`-- drivers/gpu/drm/radeon/radeon_cp.c
`-- drivers/gpu/drm/radeon/radeon_drv.c
`-- drivers/gpu/drm/radeon/radeon_drv.h
`-- drivers/gpu/drm/radeon/radeon_irq.c
`-- drivers/gpu/drm/radeon/radeon_mem.c
`-- drivers/gpu/drm/radeon/radeon_state.c
[33mcompile base commit... [0m[33mok (9s)
[0m[33mapply [0m[33m14adc89298f8... [0m[33mok (9s)
[0m[33mcompile target commit... [0m[33mok (11s)
[0mPREPARE:
[33m1s
[0mANALYZE:
COCCIGEN:
