BUILD:
[33mbase commit: 19be55701071^1
[0m[33mtarget commit: 19be55701071
[0m[33mchecking out base commit... [0m[33mok (1s)
[0m[33mformatting diff... [0m[33mok (1s)
[0m27 source file(s) touched in the old version
`-- drivers/gpu/drm/amd/amdgpu/amdgpu_cs.c
`-- drivers/gpu/drm/amd/amdgpu/amdgpu_gem.c
`-- drivers/gpu/drm/amd/amdgpu/amdgpu_object.c
`-- drivers/gpu/drm/amd/amdgpu/amdgpu_uvd.c
`-- drivers/gpu/drm/amd/amdgpu/amdgpu_vce.c
`-- drivers/gpu/drm/amd/amdgpu/amdgpu_vcn.c
`-- drivers/gpu/drm/ast/ast_ttm.c
`-- drivers/gpu/drm/bochs/bochs_mm.c
`-- drivers/gpu/drm/cirrus/cirrus_ttm.c
`-- drivers/gpu/drm/hisilicon/hibmc/hibmc_ttm.c
`-- drivers/gpu/drm/mgag200/mgag200_ttm.c
`-- drivers/gpu/drm/nouveau/nouveau_bo.c
`-- drivers/gpu/drm/qxl/qxl_ioctl.c
`-- drivers/gpu/drm/qxl/qxl_object.c
`-- drivers/gpu/drm/qxl/qxl_release.c
`-- drivers/gpu/drm/radeon/radeon_gem.c
`-- drivers/gpu/drm/radeon/radeon_mn.c
`-- drivers/gpu/drm/radeon/radeon_object.c
`-- drivers/gpu/drm/radeon/radeon_vm.c
`-- drivers/gpu/drm/ttm/ttm_bo.c
`-- drivers/gpu/drm/virtio/virtgpu_ioctl.c
`-- drivers/gpu/drm/vmwgfx/vmwgfx_cotable.c
`-- drivers/gpu/drm/vmwgfx/vmwgfx_dmabuf.c
`-- drivers/gpu/drm/vmwgfx/vmwgfx_execbuf.c
`-- drivers/gpu/drm/vmwgfx/vmwgfx_resource.c
`-- drivers/gpu/drm/vmwgfx/vmwgfx_shader.c
`-- include/drm/ttm/ttm_bo_api.h
27 source file(s) touched in the new version
`-- drivers/gpu/drm/amd/amdgpu/amdgpu_cs.c
`-- drivers/gpu/drm/amd/amdgpu/amdgpu_gem.c
`-- drivers/gpu/drm/amd/amdgpu/amdgpu_object.c
`-- drivers/gpu/drm/amd/amdgpu/amdgpu_uvd.c
`-- drivers/gpu/drm/amd/amdgpu/amdgpu_vce.c
`-- drivers/gpu/drm/amd/amdgpu/amdgpu_vcn.c
`-- drivers/gpu/drm/ast/ast_ttm.c
`-- drivers/gpu/drm/bochs/bochs_mm.c
`-- drivers/gpu/drm/cirrus/cirrus_ttm.c
`-- drivers/gpu/drm/hisilicon/hibmc/hibmc_ttm.c
`-- drivers/gpu/drm/mgag200/mgag200_ttm.c
`-- drivers/gpu/drm/nouveau/nouveau_bo.c
`-- drivers/gpu/drm/qxl/qxl_ioctl.c
`-- drivers/gpu/drm/qxl/qxl_object.c
`-- drivers/gpu/drm/qxl/qxl_release.c
`-- drivers/gpu/drm/radeon/radeon_gem.c
`-- drivers/gpu/drm/radeon/radeon_mn.c
`-- drivers/gpu/drm/radeon/radeon_object.c
`-- drivers/gpu/drm/radeon/radeon_vm.c
`-- drivers/gpu/drm/ttm/ttm_bo.c
`-- drivers/gpu/drm/virtio/virtgpu_ioctl.c
`-- drivers/gpu/drm/vmwgfx/vmwgfx_cotable.c
`-- drivers/gpu/drm/vmwgfx/vmwgfx_dmabuf.c
`-- drivers/gpu/drm/vmwgfx/vmwgfx_execbuf.c
`-- drivers/gpu/drm/vmwgfx/vmwgfx_resource.c
`-- drivers/gpu/drm/vmwgfx/vmwgfx_shader.c
`-- include/drm/ttm/ttm_bo_api.h
[33mcompile base commit... [0m[33mok (11s)
[0m[33mapply [0m[33m19be55701071... [0m[33mok (11s)
[0m[33mcompile target commit... [0m[33mok (11s)
[0mPREPARE:
[33m1s
[0mANALYZE:
COCCIGEN:
