BUILD:
[33mbase commit: 1d6ac185c321^1
[0m[33mtarget commit: 1d6ac185c321
[0m[33mchecking out base commit... [0m[33mok (0s)
[0m[33mformatting diff... [0m[33mok (0s)
[0m21 source file(s) touched in the old version
`-- drivers/gpu/drm/drm_buffer.c
`-- drivers/gpu/drm/i915/i915_dma.c
`-- drivers/gpu/drm/mga/mga_dma.c
`-- drivers/gpu/drm/mga/mga_state.c
`-- drivers/gpu/drm/nouveau/nouveau_gem.c
`-- drivers/gpu/drm/qxl/qxl_ioctl.c
`-- drivers/gpu/drm/r128/r128_cce.c
`-- drivers/gpu/drm/r128/r128_state.c
`-- drivers/gpu/drm/radeon/r300_cmdbuf.c
`-- drivers/gpu/drm/radeon/r600_cp.c
`-- drivers/gpu/drm/radeon/r600_cs.c
`-- drivers/gpu/drm/radeon/radeon_cp.c
`-- drivers/gpu/drm/radeon/radeon_cs.c
`-- drivers/gpu/drm/radeon/radeon_irq.c
`-- drivers/gpu/drm/radeon/radeon_kms.c
`-- drivers/gpu/drm/radeon/radeon_mem.c
`-- drivers/gpu/drm/radeon/radeon_state.c
`-- drivers/gpu/drm/savage/savage_bci.c
`-- drivers/gpu/drm/savage/savage_state.c
`-- drivers/gpu/drm/via/via_dma.c
`-- include/drm/drm_os_linux.h
21 source file(s) touched in the new version
`-- drivers/gpu/drm/drm_buffer.c
`-- drivers/gpu/drm/i915/i915_dma.c
`-- drivers/gpu/drm/mga/mga_dma.c
`-- drivers/gpu/drm/mga/mga_state.c
`-- drivers/gpu/drm/nouveau/nouveau_gem.c
`-- drivers/gpu/drm/qxl/qxl_ioctl.c
`-- drivers/gpu/drm/r128/r128_cce.c
`-- drivers/gpu/drm/r128/r128_state.c
`-- drivers/gpu/drm/radeon/r300_cmdbuf.c
`-- drivers/gpu/drm/radeon/r600_cp.c
`-- drivers/gpu/drm/radeon/r600_cs.c
`-- drivers/gpu/drm/radeon/radeon_cp.c
`-- drivers/gpu/drm/radeon/radeon_cs.c
`-- drivers/gpu/drm/radeon/radeon_irq.c
`-- drivers/gpu/drm/radeon/radeon_kms.c
`-- drivers/gpu/drm/radeon/radeon_mem.c
`-- drivers/gpu/drm/radeon/radeon_state.c
`-- drivers/gpu/drm/savage/savage_bci.c
`-- drivers/gpu/drm/savage/savage_state.c
`-- drivers/gpu/drm/via/via_dma.c
`-- include/drm/drm_os_linux.h
[33mcompile base commit... [0m[33mok (10s)
[0m[33mapply [0m[33m1d6ac185c321... [0m[33mok (10s)
[0m[33mcompile target commit... [0m[33mok (12s)
[0mPREPARE:
[33m0s
[0mANALYZE:
COCCIGEN:
