BUILD:
[33mbase commit: 1e797f556c61^1
[0m[33mtarget commit: 1e797f556c61
[0m[33mchecking out base commit... [0m[33mok (1s)
[0m[33mformatting diff... [0m[33mok (1s)
[0m5 source file(s) touched in the old version
`-- drivers/gpu/drm/drm_dp_mst_topology.c
`-- drivers/gpu/drm/i915/intel_dp_mst.c
`-- drivers/gpu/drm/nouveau/nv50_display.c
`-- drivers/gpu/drm/radeon/radeon_dp_mst.c
`-- include/drm/drm_dp_mst_helper.h
5 source file(s) touched in the new version
`-- drivers/gpu/drm/drm_dp_mst_topology.c
`-- drivers/gpu/drm/i915/intel_dp_mst.c
`-- drivers/gpu/drm/nouveau/nv50_display.c
`-- drivers/gpu/drm/radeon/radeon_dp_mst.c
`-- include/drm/drm_dp_mst_helper.h
[33mcompile base commit... [0m[33mok (18s)
[0m[33mapply [0m[33m1e797f556c61... [0m[33mok (18s)
[0m[33mcompile target commit... [0m[33mok (32s)
[0mPREPARE:
[33mcollect AST for functions: intel_mst_pre_enable_dp@drivers_gpu_drm_i915_intel_dp_mst.c,drm_dp_init_vcpi@drivers_gpu_drm_drm_dp_mst_topology.c,nv50_msto_enable@drivers_gpu_drm_nouveau_nv50_display.c,drm_dp_mst_allocate_vcpi@drivers_gpu_drm_drm_dp_mst_topology.c,radeon_mst_encoder_dpms@drivers_gpu_drm_radeon_radeon_dp_mst.c
[0m[33mTransforming and linking bitcode files...
[0m[33m3s
[0mANALYZE:
COCCIGEN:
