BUILD:
[33mbase commit: 1eb83451ba55^1
[0m[33mtarget commit: 1eb83451ba55
[0m[33mchecking out base commit... [0m[33mok (1s)
[0m[33mformatting diff... [0m[33mok (1s)
[0m50 source file(s) touched in the old version
`-- drivers/gpu/drm/amd/amdgpu/amdgpu_display.c
`-- drivers/gpu/drm/amd/amdgpu/amdgpu_mode.h
`-- drivers/gpu/drm/armada/armada_fb.c
`-- drivers/gpu/drm/armada/armada_fb.h
`-- drivers/gpu/drm/ast/ast_drv.h
`-- drivers/gpu/drm/ast/ast_fb.c
`-- drivers/gpu/drm/ast/ast_main.c
`-- drivers/gpu/drm/atmel-hlcdc/atmel_hlcdc_dc.c
`-- drivers/gpu/drm/bochs/bochs.h
`-- drivers/gpu/drm/bochs/bochs_fbdev.c
`-- drivers/gpu/drm/bochs/bochs_mm.c
`-- drivers/gpu/drm/cirrus/cirrus_drv.h
`-- drivers/gpu/drm/cirrus/cirrus_fbdev.c
`-- drivers/gpu/drm/cirrus/cirrus_main.c
`-- drivers/gpu/drm/drm_crtc.c
`-- drivers/gpu/drm/drm_crtc_helper.c
`-- drivers/gpu/drm/drm_fb_cma_helper.c
`-- drivers/gpu/drm/exynos/exynos_drm_fb.c
`-- drivers/gpu/drm/exynos/exynos_drm_fb.h
`-- drivers/gpu/drm/gma500/framebuffer.c
`-- drivers/gpu/drm/i915/intel_display.c
`-- drivers/gpu/drm/mgag200/mgag200_drv.h
`-- drivers/gpu/drm/mgag200/mgag200_fb.c
`-- drivers/gpu/drm/mgag200/mgag200_main.c
`-- drivers/gpu/drm/msm/msm_drv.h
`-- drivers/gpu/drm/msm/msm_fb.c
`-- drivers/gpu/drm/nouveau/nouveau_display.c
`-- drivers/gpu/drm/nouveau/nouveau_display.h
`-- drivers/gpu/drm/omapdrm/omap_drv.h
`-- drivers/gpu/drm/omapdrm/omap_fb.c
`-- drivers/gpu/drm/qxl/qxl_display.c
`-- drivers/gpu/drm/qxl/qxl_drv.h
`-- drivers/gpu/drm/qxl/qxl_fb.c
`-- drivers/gpu/drm/radeon/radeon_display.c
`-- drivers/gpu/drm/radeon/radeon_mode.h
`-- drivers/gpu/drm/rcar-du/rcar_du_kms.c
`-- drivers/gpu/drm/rockchip/rockchip_drm_fb.c
`-- drivers/gpu/drm/rockchip/rockchip_drm_fb.h
`-- drivers/gpu/drm/shmobile/shmob_drm_kms.c
`-- drivers/gpu/drm/tegra/drm.h
`-- drivers/gpu/drm/tegra/fb.c
`-- drivers/gpu/drm/tilcdc/tilcdc_drv.c
`-- drivers/gpu/drm/udl/udl_drv.h
`-- drivers/gpu/drm/udl/udl_fb.c
`-- drivers/gpu/drm/virtio/virtgpu_display.c
`-- drivers/gpu/drm/virtio/virtgpu_drv.h
`-- drivers/gpu/drm/vmwgfx/vmwgfx_kms.c
`-- include/drm/drm_crtc.h
`-- include/drm/drm_crtc_helper.h
`-- include/drm/drm_fb_cma_helper.h
50 source file(s) touched in the new version
`-- drivers/gpu/drm/amd/amdgpu/amdgpu_display.c
`-- drivers/gpu/drm/amd/amdgpu/amdgpu_mode.h
`-- drivers/gpu/drm/armada/armada_fb.c
`-- drivers/gpu/drm/armada/armada_fb.h
`-- drivers/gpu/drm/ast/ast_drv.h
`-- drivers/gpu/drm/ast/ast_fb.c
`-- drivers/gpu/drm/ast/ast_main.c
`-- drivers/gpu/drm/atmel-hlcdc/atmel_hlcdc_dc.c
`-- drivers/gpu/drm/bochs/bochs.h
`-- drivers/gpu/drm/bochs/bochs_fbdev.c
`-- drivers/gpu/drm/bochs/bochs_mm.c
`-- drivers/gpu/drm/cirrus/cirrus_drv.h
`-- drivers/gpu/drm/cirrus/cirrus_fbdev.c
`-- drivers/gpu/drm/cirrus/cirrus_main.c
`-- drivers/gpu/drm/drm_crtc.c
`-- drivers/gpu/drm/drm_crtc_helper.c
`-- drivers/gpu/drm/drm_fb_cma_helper.c
`-- drivers/gpu/drm/exynos/exynos_drm_fb.c
`-- drivers/gpu/drm/exynos/exynos_drm_fb.h
`-- drivers/gpu/drm/gma500/framebuffer.c
`-- drivers/gpu/drm/i915/intel_display.c
`-- drivers/gpu/drm/mgag200/mgag200_drv.h
`-- drivers/gpu/drm/mgag200/mgag200_fb.c
`-- drivers/gpu/drm/mgag200/mgag200_main.c
`-- drivers/gpu/drm/msm/msm_drv.h
`-- drivers/gpu/drm/msm/msm_fb.c
`-- drivers/gpu/drm/nouveau/nouveau_display.c
`-- drivers/gpu/drm/nouveau/nouveau_display.h
`-- drivers/gpu/drm/omapdrm/omap_drv.h
`-- drivers/gpu/drm/omapdrm/omap_fb.c
`-- drivers/gpu/drm/qxl/qxl_display.c
`-- drivers/gpu/drm/qxl/qxl_drv.h
`-- drivers/gpu/drm/qxl/qxl_fb.c
`-- drivers/gpu/drm/radeon/radeon_display.c
`-- drivers/gpu/drm/radeon/radeon_mode.h
`-- drivers/gpu/drm/rcar-du/rcar_du_kms.c
`-- drivers/gpu/drm/rockchip/rockchip_drm_fb.c
`-- drivers/gpu/drm/rockchip/rockchip_drm_fb.h
`-- drivers/gpu/drm/shmobile/shmob_drm_kms.c
`-- drivers/gpu/drm/tegra/drm.h
`-- drivers/gpu/drm/tegra/fb.c
`-- drivers/gpu/drm/tilcdc/tilcdc_drv.c
`-- drivers/gpu/drm/udl/udl_drv.h
`-- drivers/gpu/drm/udl/udl_fb.c
`-- drivers/gpu/drm/virtio/virtgpu_display.c
`-- drivers/gpu/drm/virtio/virtgpu_drv.h
`-- drivers/gpu/drm/vmwgfx/vmwgfx_kms.c
`-- include/drm/drm_crtc.h
`-- include/drm/drm_crtc_helper.h
`-- include/drm/drm_fb_cma_helper.h
[33mcompile base commit... [0m[33mok (56s)
[0m[33mapply [0m[33m1eb83451ba55... [0m[33mok (56s)
[0m[33mcompile target commit... [0m[33mok (105s)
[0mPREPARE:
[33mcollect AST for functions: drm_fb_cma_create@drivers_gpu_drm_drm_fb_cma_helper.c,vmw_kms_fb_create@drivers_gpu_drm_vmwgfx_vmwgfx_kms.c,astfb_create_object@drivers_gpu_drm_ast_ast_fb.c,amdgpu_user_framebuffer_create@drivers_gpu_drm_amd_amdgpu_amdgpu_display.c,udl_framebuffer_init@drivers_gpu_drm_udl_udl_fb.c,radeon_framebuffer_init@drivers_gpu_drm_radeon_radeon_display.c,armada_fb_create@drivers_gpu_drm_armada_armada_fb.c,internal_framebuffer_create@drivers_gpu_drm_drm_crtc.c,intel_user_framebuffer_create@drivers_gpu_drm_i915_intel_display.c,ast_user_framebuffer_create@drivers_gpu_drm_ast_ast_main.c,tegra_fb_create@drivers_gpu_drm_tegra_fb.c,udl_fb_user_fb_create@drivers_gpu_drm_udl_udl_fb.c,tegra_fb_alloc@drivers_gpu_drm_tegra_fb.c,tilcdc_fb_create@drivers_gpu_drm_tilcdc_tilcdc_drv.c,nouveau_framebuffer_init@drivers_gpu_drm_nouveau_nouveau_display.c,virtio_gpu_framebuffer_init@drivers_gpu_drm_virtio_virtgpu_display.c,exynos_user_fb_create@drivers_gpu_drm_exynos_exynos_drm_fb.c,radeon_user_framebuffer_create@drivers_gpu_drm_radeon_radeon_display.c,drm_fb_cma_alloc@drivers_gpu_drm_drm_fb_cma_helper.c,qxlfb_create_pinned_object@drivers_gpu_drm_qxl_qxl_fb.c,cirrusfb_create_object@drivers_gpu_drm_cirrus_cirrus_fbdev.c,rockchip_fb_alloc@drivers_gpu_drm_rockchip_rockchip_drm_fb.c,omap_framebuffer_create@drivers_gpu_drm_omapdrm_omap_fb.c,bochs_framebuffer_init@drivers_gpu_drm_bochs_bochs_mm.c,nouveau_user_framebuffer_create@drivers_gpu_drm_nouveau_nouveau_display.c,psb_framebuffer_init@drivers_gpu_drm_gma500_framebuffer.c,virtio_gpu_user_framebuffer_create@drivers_gpu_drm_virtio_virtgpu_display.c,atmel_hlcdc_fb_create@drivers_gpu_drm_atmel-hlcdc_atmel_hlcdc_dc.c,armada_framebuffer_create@drivers_gpu_drm_armada_armada_fb.c,cirrus_framebuffer_init@drivers_gpu_drm_cirrus_cirrus_main.c,mgag200fb_create_object@drivers_gpu_drm_mgag200_mgag200_fb.c,rcar_du_fb_create@drivers_gpu_drm_rcar-du_rcar_du_kms.c,bochs_user_framebuffer_create@drivers_gpu_drm_bochs_bochs_mm.c,amdgpu_framebuffer_init@drivers_gpu_drm_amd_amdgpu_amdgpu_display.c,qxl_framebuffer_init@drivers_gpu_drm_qxl_qxl_display.c,qxl_user_framebuffer_create@drivers_gpu_drm_qxl_qxl_display.c,shmob_drm_fb_create@drivers_gpu_drm_shmobile_shmob_drm_kms.c,cirrus_user_framebuffer_create@drivers_gpu_drm_cirrus_cirrus_main.c,objects_lookup@drivers_gpu_drm_omapdrm_omap_drv.h,bochsfb_create_object@drivers_gpu_drm_bochs_bochs_fbdev.c,psb_framebuffer_create@drivers_gpu_drm_gma500_framebuffer.c,msm_framebuffer_create@drivers_gpu_drm_msm_msm_fb.c,ast_framebuffer_init@drivers_gpu_drm_ast_ast_main.c,psb_user_framebuffer_create@drivers_gpu_drm_gma500_framebuffer.c,rockchip_user_fb_create@drivers_gpu_drm_rockchip_rockchip_drm_fb.c,msm_framebuffer_init@drivers_gpu_drm_msm_msm_fb.c,mgag200_user_framebuffer_create@drivers_gpu_drm_mgag200_mgag200_main.c,drm_helper_mode_fill_fb_struct@drivers_gpu_drm_drm_crtc_helper.c,mgag200_framebuffer_init@drivers_gpu_drm_mgag200_mgag200_main.c,rockchip_drm_framebuffer_init@drivers_gpu_drm_rockchip_rockchip_drm_fb.c,exynos_drm_framebuffer_init@drivers_gpu_drm_exynos_exynos_drm_fb.c,omap_framebuffer_init@drivers_gpu_drm_omapdrm_omap_fb.c
[0m[33mTransforming and linking bitcode files...
[0m[33m10s
[0mANALYZE:
COCCIGEN:
//# pattern-1, witnesses: 12
@@
identifier cmd;
identifier drm;
identifier file;
identifier fn;
@@
- struct drm_framebuffer * fn(struct drm_device * drm, struct drm_file * file, struct drm_mode_fb_cmd2 * cmd)
+ struct drm_framebuffer * fn(struct drm_device * drm, struct drm_file * file, const struct drm_mode_fb_cmd2 * cmd)
 { ... }
//# pattern-24, witnesses: 4
@@
identifier dev;
identifier file_priv;
identifier fn;
identifier mode_cmd2;
@@
 struct drm_framebuffer * fn(struct drm_device * dev, struct drm_file * file_priv, const struct drm_mode_fb_cmd2 * mode_cmd2)
 { ... }
//# pattern-17, witnesses: 2
@@
identifier dev;
identifier file;
identifier fn;
identifier mode_cmd;
@@
 struct drm_framebuffer * fn(struct drm_device * dev, struct drm_file * file, const struct drm_mode_fb_cmd2 * mode_cmd)
 { ... }
//# pattern-21, witnesses: 2
@@
identifier dev;
identifier file_priv;
identifier fn;
identifier mode_cmd;
@@
 struct drm_framebuffer * fn(struct drm_device * dev, struct drm_file * file_priv, const struct drm_mode_fb_cmd2 * mode_cmd)
 { ... }
//# pattern-32, witnesses: 2
@r0@
identifier i, fn;
@@
struct drm_mode_config_funcs i = {
    .fb_create = fn,
};
@@
identifier dev;
identifier filp;
identifier r0.fn;
identifier user_mode_cmd;
@@
 struct drm_framebuffer * fn(struct drm_device * dev, struct drm_file * filp, const struct drm_mode_fb_cmd2 * user_mode_cmd)
 { ... }
