BUILD:
[33mbase commit: 2098105ec65c^1
[0m[33mtarget commit: 2098105ec65c
[0m[33mchecking out base commit... [0m[33mok (1s)
[0m[33mformatting diff... [0m[33mok (1s)
[0m26 source file(s) touched in the old version
`-- drivers/gpu/drm/amd/amdgpu/amdgpu_bo_list.c
`-- drivers/gpu/drm/amd/amdgpu/amdgpu_cs.c
`-- drivers/gpu/drm/amd/amdgpu/amdgpu_vm.c
`-- drivers/gpu/drm/drm_gem.c
`-- drivers/gpu/drm/etnaviv/etnaviv_gem.c
`-- drivers/gpu/drm/etnaviv/etnaviv_gem_prime.c
`-- drivers/gpu/drm/etnaviv/etnaviv_gem_submit.c
`-- drivers/gpu/drm/exynos/exynos_drm_gem.c
`-- drivers/gpu/drm/i915/i915_debugfs.c
`-- drivers/gpu/drm/i915/i915_gem.c
`-- drivers/gpu/drm/i915/i915_gem_execbuffer.c
`-- drivers/gpu/drm/i915/i915_gem_gtt.c
`-- drivers/gpu/drm/i915/i915_gem_userptr.c
`-- drivers/gpu/drm/i915/selftests/intel_breadcrumbs.c
`-- drivers/gpu/drm/msm/msm_gem.c
`-- drivers/gpu/drm/radeon/radeon_cs.c
`-- drivers/gpu/drm/radeon/radeon_gem.c
`-- drivers/gpu/drm/radeon/radeon_ring.c
`-- drivers/gpu/drm/radeon/radeon_vm.c
`-- drivers/gpu/drm/ttm/ttm_tt.c
`-- drivers/gpu/drm/udl/udl_dmabuf.c
`-- drivers/gpu/drm/udl/udl_gem.c
`-- drivers/gpu/drm/vc4/vc4_gem.c
`-- drivers/gpu/drm/vgem/vgem_drv.c
`-- drivers/gpu/drm/virtio/virtgpu_ioctl.c
`-- include/drm/drmP.h
26 source file(s) touched in the new version
`-- drivers/gpu/drm/amd/amdgpu/amdgpu_bo_list.c
`-- drivers/gpu/drm/amd/amdgpu/amdgpu_cs.c
`-- drivers/gpu/drm/amd/amdgpu/amdgpu_vm.c
`-- drivers/gpu/drm/drm_gem.c
`-- drivers/gpu/drm/etnaviv/etnaviv_gem.c
`-- drivers/gpu/drm/etnaviv/etnaviv_gem_prime.c
`-- drivers/gpu/drm/etnaviv/etnaviv_gem_submit.c
`-- drivers/gpu/drm/exynos/exynos_drm_gem.c
`-- drivers/gpu/drm/i915/i915_debugfs.c
`-- drivers/gpu/drm/i915/i915_gem.c
`-- drivers/gpu/drm/i915/i915_gem_execbuffer.c
`-- drivers/gpu/drm/i915/i915_gem_gtt.c
`-- drivers/gpu/drm/i915/i915_gem_userptr.c
`-- drivers/gpu/drm/i915/selftests/intel_breadcrumbs.c
`-- drivers/gpu/drm/msm/msm_gem.c
`-- drivers/gpu/drm/radeon/radeon_cs.c
`-- drivers/gpu/drm/radeon/radeon_gem.c
`-- drivers/gpu/drm/radeon/radeon_ring.c
`-- drivers/gpu/drm/radeon/radeon_vm.c
`-- drivers/gpu/drm/ttm/ttm_tt.c
`-- drivers/gpu/drm/udl/udl_dmabuf.c
`-- drivers/gpu/drm/udl/udl_gem.c
`-- drivers/gpu/drm/vc4/vc4_gem.c
`-- drivers/gpu/drm/vgem/vgem_drv.c
`-- drivers/gpu/drm/virtio/virtgpu_ioctl.c
`-- include/drm/drmP.h
[33mcompile base commit... [0m[33mok (32s)
[0m[33mapply [0m[33m2098105ec65c... [0m[33mok (32s)
[0m[33mcompile target commit... [0m[33mok (108s)
[0mPREPARE:
[33mcollect AST for functions: put_pages@drivers_gpu_drm_msm_msm_gem.c,i915_gem_execbuffer@drivers_gpu_drm_i915_i915_gem_execbuffer.c,vc4_complete_exec@drivers_gpu_drm_vc4_vc4_gem.c,exynos_drm_free_buf@drivers_gpu_drm_exynos_exynos_drm_gem.c,__i915_gem_userptr_get_pages_worker@drivers_gpu_drm_i915_i915_gem_userptr.c,amdgpu_cs_parser_fini@drivers_gpu_drm_amd_amdgpu_amdgpu_cs.c,etnaviv_gem_prime_release@drivers_gpu_drm_etnaviv_etnaviv_gem_prime.c,udl_prime_create@drivers_gpu_drm_udl_udl_dmabuf.c,vgem_prime_import_sg_table@drivers_gpu_drm_vgem_vgem_drv.c,msm_gem_free_object@drivers_gpu_drm_msm_msm_gem.c,vgem_gem_free_object@drivers_gpu_drm_vgem_vgem_drv.c,virtio_gpu_execbuffer_ioctl@drivers_gpu_drm_virtio_virtgpu_ioctl.c,radeon_ring_restore@drivers_gpu_drm_radeon_radeon_ring.c,etnaviv_gem_userptr_do_get_pages@drivers_gpu_drm_etnaviv_etnaviv_gem.c,radeon_cs_parser_init@drivers_gpu_drm_radeon_radeon_cs.c,i915_gem_execbuffer2@drivers_gpu_drm_i915_i915_gem_execbuffer.c,vc4_get_bcl@drivers_gpu_drm_vc4_vc4_gem.c,amdgpu_vm_free_levels@drivers_gpu_drm_amd_amdgpu_amdgpu_vm.c,ttm_tt_alloc_page_directory@drivers_gpu_drm_ttm_ttm_tt.c,exynos_drm_alloc_buf@drivers_gpu_drm_exynos_exynos_drm_gem.c,amdgpu_vm_alloc_levels@drivers_gpu_drm_amd_amdgpu_amdgpu_vm.c,i915_gem_stolen_list_info@drivers_gpu_drm_i915_i915_debugfs.c,ttm_dma_tt_fini@drivers_gpu_drm_ttm_ttm_tt.c,udl_gem_put_pages@drivers_gpu_drm_udl_udl_gem.c,etnaviv_gem_userptr_release@drivers_gpu_drm_etnaviv_etnaviv_gem.c,ttm_dma_tt_alloc_page_directory@drivers_gpu_drm_ttm_ttm_tt.c,radeon_vm_get_bos@drivers_gpu_drm_radeon_radeon_vm.c,etnaviv_gem_prime_import_sg_table@drivers_gpu_drm_etnaviv_etnaviv_gem_prime.c,radeon_cs_parser_relocs@drivers_gpu_drm_radeon_radeon_cs.c,amdgpu_bo_list_ioctl@drivers_gpu_drm_amd_amdgpu_amdgpu_bo_list.c,i915_gem_execbuffer_relocate_slow@drivers_gpu_drm_i915_i915_gem_execbuffer.c,exynos_drm_gem_prime_import_sg_table@drivers_gpu_drm_exynos_exynos_drm_gem.c,intel_rotate_pages@drivers_gpu_drm_i915_i915_gem_gtt.c,amdgpu_cs_parser_init@drivers_gpu_drm_amd_amdgpu_amdgpu_cs.c,msm_gem_import@drivers_gpu_drm_msm_msm_gem.c,get_pages_vram@drivers_gpu_drm_msm_msm_gem.c,drm_gem_put_pages@drivers_gpu_drm_drm_gem.c,radeon_ring_backup@drivers_gpu_drm_radeon_radeon_ring.c,ttm_tt_fini@drivers_gpu_drm_ttm_ttm_tt.c,amdgpu_cs_parser_bos@drivers_gpu_drm_amd_amdgpu_amdgpu_cs.c,etnaviv_gem_userptr_get_pages@drivers_gpu_drm_etnaviv_etnaviv_gem.c,i915_gem_object_map@drivers_gpu_drm_i915_i915_gem.c,radeon_cs_parser_fini@drivers_gpu_drm_radeon_radeon_cs.c,i915_gem_userptr_get_pages@drivers_gpu_drm_i915_i915_gem_userptr.c,etnaviv_ioctl_gem_submit@drivers_gpu_drm_etnaviv_etnaviv_gem_submit.c,amdgpu_cs_list_validate@drivers_gpu_drm_amd_amdgpu_amdgpu_cs.c,drm_gem_get_pages@drivers_gpu_drm_drm_gem.c,amdgpu_bo_list_free@drivers_gpu_drm_amd_amdgpu_amdgpu_bo_list.c,amdgpu_bo_list_set@drivers_gpu_drm_amd_amdgpu_amdgpu_bo_list.c,vc4_cl_lookup_bos@drivers_gpu_drm_vc4_vc4_gem.c,radeon_gem_va_update_vm@drivers_gpu_drm_radeon_radeon_gem.c
[0m[33mTransforming and linking bitcode files...
[0m[31mLink error[0m
ANALYZE:
[31mLack a successful preparation
[0m
COCCIGEN:
@@
@@
 #include <drm/drmP.h>
-#include <drm/drm_mem_util.h>
