BUILD:
[33mbase commit: 22801f76fa59^1
[0m[33mtarget commit: 22801f76fa59
[0m[33mchecking out base commit... [0m[33mok (0s)
[0m[33mformatting diff... [0m[33mok (0s)
[0m2 source file(s) touched in the old version
`-- drivers/gpu/drm/amd/include/kgd_kfd_interface.h
`-- drivers/gpu/drm/radeon/radeon_kfd.c
2 source file(s) touched in the new version
`-- drivers/gpu/drm/amd/include/kgd_kfd_interface.h
`-- drivers/gpu/drm/radeon/radeon_kfd.c
[33mcompile base commit... [0m[33mok (15s)
[0m[33mapply [0m[33m22801f76fa59... [0m[33mok (15s)
[0m[33mcompile target commit... [0m[33mok (26s)
[0mPREPARE:
[33mcollect AST for functions: get_fw_version@drivers_gpu_drm_radeon_radeon_kfd.c
[0m[33mTransforming and linking bitcode files...
[0m[33m2s
[0mANALYZE:
COCCIGEN:
