BUILD:
[33mbase commit: 272725c7db4d^1
[0m[33mtarget commit: 272725c7db4d
[0m[33mchecking out base commit... [0m[33mok (1s)
[0m[33mformatting diff... [0m[33mok (1s)
[0m44 source file(s) touched in the old version
`-- drivers/gpu/drm/amd/amdgpu/dce_v10_0.c
`-- drivers/gpu/drm/amd/amdgpu/dce_v11_0.c
`-- drivers/gpu/drm/amd/amdgpu/dce_v6_0.c
`-- drivers/gpu/drm/amd/amdgpu/dce_v8_0.c
`-- drivers/gpu/drm/armada/armada_crtc.c
`-- drivers/gpu/drm/armada/armada_fbdev.c
`-- drivers/gpu/drm/ast/ast_fb.c
`-- drivers/gpu/drm/ast/ast_mode.c
`-- drivers/gpu/drm/cirrus/cirrus_fbdev.c
`-- drivers/gpu/drm/cirrus/cirrus_mode.c
`-- drivers/gpu/drm/drm_fb_helper.c
`-- drivers/gpu/drm/drm_framebuffer.c
`-- drivers/gpu/drm/drm_modeset_helper.c
`-- drivers/gpu/drm/exynos/exynos5433_drm_decon.c
`-- drivers/gpu/drm/exynos/exynos7_drm_decon.c
`-- drivers/gpu/drm/exynos/exynos_drm_fbdev.c
`-- drivers/gpu/drm/exynos/exynos_drm_fimd.c
`-- drivers/gpu/drm/exynos/exynos_mixer.c
`-- drivers/gpu/drm/gma500/framebuffer.c
`-- drivers/gpu/drm/gma500/gma_display.c
`-- drivers/gpu/drm/gma500/mdfld_intel_display.c
`-- drivers/gpu/drm/gma500/oaktrail_crtc.c
`-- drivers/gpu/drm/hisilicon/hibmc/hibmc_drm_de.c
`-- drivers/gpu/drm/i915/i915_debugfs.c
`-- drivers/gpu/drm/i915/intel_display.c
`-- drivers/gpu/drm/i915/intel_fbdev.c
`-- drivers/gpu/drm/mgag200/mgag200_fb.c
`-- drivers/gpu/drm/mgag200/mgag200_mode.c
`-- drivers/gpu/drm/nouveau/dispnv04/crtc.c
`-- drivers/gpu/drm/nouveau/nouveau_display.c
`-- drivers/gpu/drm/qxl/qxl_draw.c
`-- drivers/gpu/drm/radeon/atombios_crtc.c
`-- drivers/gpu/drm/radeon/r100.c
`-- drivers/gpu/drm/radeon/radeon_display.c
`-- drivers/gpu/drm/radeon/radeon_legacy_crtc.c
`-- drivers/gpu/drm/tegra/dc.c
`-- drivers/gpu/drm/tegra/drm.c
`-- drivers/gpu/drm/udl/udl_fb.c
`-- drivers/gpu/drm/virtio/virtgpu_fb.c
`-- drivers/gpu/drm/vmwgfx/vmwgfx_fb.c
`-- drivers/gpu/drm/vmwgfx/vmwgfx_ldu.c
`-- drivers/gpu/drm/vmwgfx/vmwgfx_scrn.c
`-- drivers/gpu/drm/vmwgfx/vmwgfx_stdu.c
`-- include/drm/drm_framebuffer.h
44 source file(s) touched in the new version
`-- drivers/gpu/drm/amd/amdgpu/dce_v10_0.c
`-- drivers/gpu/drm/amd/amdgpu/dce_v11_0.c
`-- drivers/gpu/drm/amd/amdgpu/dce_v6_0.c
`-- drivers/gpu/drm/amd/amdgpu/dce_v8_0.c
`-- drivers/gpu/drm/armada/armada_crtc.c
`-- drivers/gpu/drm/armada/armada_fbdev.c
`-- drivers/gpu/drm/ast/ast_fb.c
`-- drivers/gpu/drm/ast/ast_mode.c
`-- drivers/gpu/drm/cirrus/cirrus_fbdev.c
`-- drivers/gpu/drm/cirrus/cirrus_mode.c
`-- drivers/gpu/drm/drm_fb_helper.c
`-- drivers/gpu/drm/drm_framebuffer.c
`-- drivers/gpu/drm/drm_modeset_helper.c
`-- drivers/gpu/drm/exynos/exynos5433_drm_decon.c
`-- drivers/gpu/drm/exynos/exynos7_drm_decon.c
`-- drivers/gpu/drm/exynos/exynos_drm_fbdev.c
`-- drivers/gpu/drm/exynos/exynos_drm_fimd.c
`-- drivers/gpu/drm/exynos/exynos_mixer.c
`-- drivers/gpu/drm/gma500/framebuffer.c
`-- drivers/gpu/drm/gma500/gma_display.c
`-- drivers/gpu/drm/gma500/mdfld_intel_display.c
`-- drivers/gpu/drm/gma500/oaktrail_crtc.c
`-- drivers/gpu/drm/hisilicon/hibmc/hibmc_drm_de.c
`-- drivers/gpu/drm/i915/i915_debugfs.c
`-- drivers/gpu/drm/i915/intel_display.c
`-- drivers/gpu/drm/i915/intel_fbdev.c
`-- drivers/gpu/drm/mgag200/mgag200_fb.c
`-- drivers/gpu/drm/mgag200/mgag200_mode.c
`-- drivers/gpu/drm/nouveau/dispnv04/crtc.c
`-- drivers/gpu/drm/nouveau/nouveau_display.c
`-- drivers/gpu/drm/qxl/qxl_draw.c
`-- drivers/gpu/drm/radeon/atombios_crtc.c
`-- drivers/gpu/drm/radeon/r100.c
`-- drivers/gpu/drm/radeon/radeon_display.c
`-- drivers/gpu/drm/radeon/radeon_legacy_crtc.c
`-- drivers/gpu/drm/tegra/dc.c
`-- drivers/gpu/drm/tegra/drm.c
`-- drivers/gpu/drm/udl/udl_fb.c
`-- drivers/gpu/drm/virtio/virtgpu_fb.c
`-- drivers/gpu/drm/vmwgfx/vmwgfx_fb.c
`-- drivers/gpu/drm/vmwgfx/vmwgfx_ldu.c
`-- drivers/gpu/drm/vmwgfx/vmwgfx_scrn.c
`-- drivers/gpu/drm/vmwgfx/vmwgfx_stdu.c
`-- include/drm/drm_framebuffer.h
[33mcompile base commit... [0m[33mok (85s)
[0m[33mapply [0m[33m272725c7db4d... [0m[33mok (85s)
[0m[33mcompile target commit... [0m[33mok (161s)
[0mPREPARE:
[33mcollect AST for functions: mdfld__intel_pipe_set_base@drivers_gpu_drm_gma500_mdfld_intel_display.c,nouveau_crtc_page_flip@drivers_gpu_drm_nouveau_nouveau_display.c,dce_v11_0_crtc_do_set_base@drivers_gpu_drm_amd_amdgpu_dce_v11_0.c,mga_crtc_mode_set@drivers_gpu_drm_mgag200_mgag200_mode.c,hibmc_plane_atomic_update@drivers_gpu_drm_hisilicon_hibmc_hibmc_drm_de.c,decon_win_set_pixfmt@drivers_gpu_drm_exynos_exynos7_drm_decon.c,mode_fits_in_fbdev@drivers_gpu_drm_i915_intel_display.c,skylake_get_initial_plane_config@drivers_gpu_drm_i915_intel_display.c,i915_gem_framebuffer_info@drivers_gpu_drm_i915_i915_debugfs.c,mixer_graph_buffer@drivers_gpu_drm_exynos_exynos_mixer.c,intel_fbdev_init_bios@drivers_gpu_drm_i915_intel_fbdev.c,tegra_debugfs_framebuffers@drivers_gpu_drm_tegra_drm.c,avivo_crtc_do_set_base@drivers_gpu_drm_radeon_atombios_crtc.c,i9xx_get_initial_plane_config@drivers_gpu_drm_i915_intel_display.c,radeon_crtc_page_flip_target@drivers_gpu_drm_radeon_radeon_display.c,r100_bandwidth_update@drivers_gpu_drm_radeon_r100.c,exynos_drm_fbdev_update@drivers_gpu_drm_exynos_exynos_drm_fbdev.c,dce_v6_0_crtc_do_set_base@drivers_gpu_drm_amd_amdgpu_dce_v6_0.c,nv04_crtc_do_mode_set_base@drivers_gpu_drm_nouveau_dispnv04_crtc.c,mga_crtc_load_lut@drivers_gpu_drm_mgag200_mgag200_mode.c,mga_dirty_update@drivers_gpu_drm_mgag200_mgag200_fb.c,radeon_crtc_do_set_base@drivers_gpu_drm_radeon_radeon_legacy_crtc.c,gma_pipe_set_base@drivers_gpu_drm_gma500_gma_display.c,udl_handle_damage@drivers_gpu_drm_udl_udl_fb.c,armada_drm_crtc_calc_fb@drivers_gpu_drm_armada_armada_crtc.c,drm_mode_getfb@drivers_gpu_drm_drm_framebuffer.c,virtio_gpu_dirty_update@drivers_gpu_drm_virtio_virtgpu_fb.c,fimd_update_plane@drivers_gpu_drm_exynos_exynos_drm_fimd.c,ast_set_dac_reg@drivers_gpu_drm_ast_ast_mode.c,decon_win_set_pixfmt@drivers_gpu_drm_exynos_exynos5433_drm_decon.c,armada_fb_create@drivers_gpu_drm_armada_armada_fbdev.c,drm_helper_mode_fill_fb_struct@drivers_gpu_drm_drm_modeset_helper.c,check_fb@drivers_gpu_drm_gma500_mdfld_intel_display.c,psbfb_setcolreg@drivers_gpu_drm_gma500_framebuffer.c,tegra_plane_atomic_update@drivers_gpu_drm_tegra_dc.c,dce_v8_0_crtc_do_set_base@drivers_gpu_drm_amd_amdgpu_dce_v8_0.c,drm_fb_helper_check_var@drivers_gpu_drm_drm_fb_helper.c,oaktrail_pipe_set_base@drivers_gpu_drm_gma500_oaktrail_crtc.c,ast_get_vbios_mode_info@drivers_gpu_drm_ast_ast_mode.c,vmw_fb_dirty_flush@drivers_gpu_drm_vmwgfx_vmwgfx_fb.c,ironlake_get_initial_plane_config@drivers_gpu_drm_i915_intel_display.c,drm_fb_helper_fill_var@drivers_gpu_drm_drm_fb_helper.c,ast_dirty_update@drivers_gpu_drm_ast_ast_fb.c,ast_set_ext_reg@drivers_gpu_drm_ast_ast_mode.c,decon_update_plane@drivers_gpu_drm_exynos_exynos5433_drm_decon.c,radeon_set_crtc_timing@drivers_gpu_drm_radeon_radeon_legacy_crtc.c,dce_v10_0_crtc_do_set_base@drivers_gpu_drm_amd_amdgpu_dce_v10_0.c,dce4_crtc_do_set_base@drivers_gpu_drm_radeon_atombios_crtc.c,cirrus_crtc_mode_set@drivers_gpu_drm_cirrus_cirrus_mode.c,decon_update_plane@drivers_gpu_drm_exynos_exynos7_drm_decon.c,setcolreg@drivers_gpu_drm_drm_fb_helper.c,vmw_fb_setcolreg@drivers_gpu_drm_vmwgfx_vmwgfx_fb.c,qxl_draw_dirty_fb@drivers_gpu_drm_qxl_qxl_draw.c,cirrus_dirty_update@drivers_gpu_drm_cirrus_cirrus_fbdev.c
[0m[33mTransforming and linking bitcode files...
[0m[33m16s
[0mANALYZE:
[31mExit with status: 139
[0m
COCCIGEN:
