BUILD:
[33mbase commit: 2a272ca9b8f7^1
[0m[33mtarget commit: 2a272ca9b8f7
[0m[33mchecking out base commit... [0m[33mok (2s)
[0m[33mformatting diff... [0m[33mok (2s)
[0m4 source file(s) touched in the old version
`-- drivers/gpu/drm/amd/amdgpu/amdgpu_connectors.c
`-- drivers/gpu/drm/drm_edid.c
`-- drivers/gpu/drm/radeon/radeon_connectors.c
`-- include/drm/drm_connector.h
4 source file(s) touched in the new version
`-- drivers/gpu/drm/amd/amdgpu/amdgpu_connectors.c
`-- drivers/gpu/drm/drm_edid.c
`-- drivers/gpu/drm/radeon/radeon_connectors.c
`-- include/drm/drm_connector.h
[33mcompile base commit... [0m[33mok (17s)
[0m[33mapply [0m[33m2a272ca9b8f7... [0m[33mok (17s)
[0m[33mcompile target commit... [0m[33mok (30s)
[0mPREPARE:
[33mcollect AST for functions: parse_hdmi_vsdb@drivers_gpu_drm_drm_edid.c,amdgpu_connector_get_monitor_bpc@drivers_gpu_drm_amd_amdgpu_amdgpu_connectors.c,radeon_get_monitor_bpc@drivers_gpu_drm_radeon_radeon_connectors.c,drm_edid_to_eld@drivers_gpu_drm_drm_edid.c
[0m[33mTransforming and linking bitcode files...
[0m[33m3s
[0mANALYZE:
COCCIGEN:
//# pattern-5, witnesses: 2
@@
expression E0;
identifier connector;
identifier fn;
@@
 int fn(struct drm_connector * connector)
 {
     <...
- E0 = connector->max_tmds_clock
+ E0 = connector->display_info.max_tmds_clock
     ...>
 }
//# pattern-6, witnesses: 2
@@
expression E0;
identifier connector;
identifier fn;
@@
 int fn(struct drm_connector * connector)
 {
     <...
- connector->max_tmds_clock > E0
+ connector->display_info.max_tmds_clock > E0
     ...>
 }
