BUILD:
[33mbase commit: 2babdc850cc4^1
[0m[33mtarget commit: 2babdc850cc4
[0m[33mchecking out base commit... [0m[33mok (2s)
[0m[33mformatting diff... [0m[33mok (2s)
[0m2 source file(s) touched in the old version
`-- drivers/gpu/drm/amd/amdgpu/amdgpu_irq.c
`-- drivers/gpu/drm/radeon/radeon_irq_kms.c
2 source file(s) touched in the new version
`-- drivers/gpu/drm/amd/amdgpu/amdgpu_irq.c
`-- drivers/gpu/drm/radeon/radeon_irq_kms.c
[33mcompile base commit... [0m[33mok (17s)
[0m[33mapply [0m[33m2babdc850cc4... [0m[33mok (17s)
[0m[33mcompile target commit... [0m[33mok (29s)
[0mPREPARE:
[33mcollect AST for functions: amdgpu_hotplug_work_func@drivers_gpu_drm_amd_amdgpu_amdgpu_irq.c,radeon_hotplug_work_func@drivers_gpu_drm_radeon_radeon_irq_kms.c,radeon_dp_work_func@drivers_gpu_drm_radeon_radeon_irq_kms.c
[0m[33mTransforming and linking bitcode files...
[0m[33m2s
[0mANALYZE:
COCCIGEN:
//# pattern-1, witnesses: 3
@@
@@
- if (mode_config->num_connector) {
- }
