BUILD:
[33mbase commit: 2d1a8a48ac68^1
[0m[33mtarget commit: 2d1a8a48ac68
[0m[33mchecking out base commit... [0m[33mok (0s)
[0m[33mformatting diff... [0m[33mok (1s)
[0m30 source file(s) touched in the old version
`-- drivers/gpu/drm/ati_pcigart.c
`-- drivers/gpu/drm/drm_buffer.c
`-- drivers/gpu/drm/drm_bufs.c
`-- drivers/gpu/drm/drm_cache.c
`-- drivers/gpu/drm/drm_crtc.c
`-- drivers/gpu/drm/drm_crtc_helper.c
`-- drivers/gpu/drm/drm_debugfs.c
`-- drivers/gpu/drm/drm_dma.c
`-- drivers/gpu/drm/drm_drv.c
`-- drivers/gpu/drm/drm_edid.c
`-- drivers/gpu/drm/drm_hashtab.c
`-- drivers/gpu/drm/drm_ioc32.c
`-- drivers/gpu/drm/drm_irq.c
`-- drivers/gpu/drm/drm_memory.c
`-- drivers/gpu/drm/drm_mm.c
`-- drivers/gpu/drm/drm_modes.c
`-- drivers/gpu/drm/drm_pci.c
`-- drivers/gpu/drm/drm_platform.c
`-- drivers/gpu/drm/drm_proc.c
`-- drivers/gpu/drm/drm_sman.c
`-- drivers/gpu/drm/drm_sysfs.c
`-- drivers/gpu/drm/drm_usb.c
`-- drivers/gpu/drm/drm_vm.c
`-- drivers/gpu/drm/i915/i915_debugfs.c
`-- drivers/gpu/drm/i915/intel_dp.c
`-- drivers/gpu/drm/i915/intel_i2c.c
`-- drivers/gpu/drm/i915/intel_sdvo.c
`-- drivers/gpu/drm/radeon/radeon_i2c.c
`-- drivers/gpu/drm/ttm/ttm_tt.c
`-- drivers/gpu/drm/vmwgfx/vmwgfx_fb.c
30 source file(s) touched in the new version
`-- drivers/gpu/drm/ati_pcigart.c
`-- drivers/gpu/drm/drm_buffer.c
`-- drivers/gpu/drm/drm_bufs.c
`-- drivers/gpu/drm/drm_cache.c
`-- drivers/gpu/drm/drm_crtc.c
`-- drivers/gpu/drm/drm_crtc_helper.c
`-- drivers/gpu/drm/drm_debugfs.c
`-- drivers/gpu/drm/drm_dma.c
`-- drivers/gpu/drm/drm_drv.c
`-- drivers/gpu/drm/drm_edid.c
`-- drivers/gpu/drm/drm_hashtab.c
`-- drivers/gpu/drm/drm_ioc32.c
`-- drivers/gpu/drm/drm_irq.c
`-- drivers/gpu/drm/drm_memory.c
`-- drivers/gpu/drm/drm_mm.c
`-- drivers/gpu/drm/drm_modes.c
`-- drivers/gpu/drm/drm_pci.c
`-- drivers/gpu/drm/drm_platform.c
`-- drivers/gpu/drm/drm_proc.c
`-- drivers/gpu/drm/drm_sman.c
`-- drivers/gpu/drm/drm_sysfs.c
`-- drivers/gpu/drm/drm_usb.c
`-- drivers/gpu/drm/drm_vm.c
`-- drivers/gpu/drm/i915/i915_debugfs.c
`-- drivers/gpu/drm/i915/intel_dp.c
`-- drivers/gpu/drm/i915/intel_i2c.c
`-- drivers/gpu/drm/i915/intel_sdvo.c
`-- drivers/gpu/drm/radeon/radeon_i2c.c
`-- drivers/gpu/drm/ttm/ttm_tt.c
`-- drivers/gpu/drm/vmwgfx/vmwgfx_fb.c
[33mcompile base commit... [0m[33mok (5s)
[0m[33mapply [0m[33m2d1a8a48ac68... [0m[33mok (5s)
[0m[33mcompile target commit... [0m[33mok (6s)
[0mPREPARE:
[33m0s
[0mANALYZE:
COCCIGEN:
Traceback (most recent call last):
  File "/home/oslab/Desktop/seda/lib/infer_inclusion.py", line 108, in <module>
    main()
  File "/home/oslab/Desktop/seda/lib/infer_inclusion.py", line 102, in main
    infer(contexts, list(all_added)[0], True)
  File "/home/oslab/Desktop/seda/lib/infer_inclusion.py", line 76, in infer
    max_count = max(counts.values())
ValueError: max() arg is an empty sequence
