BUILD:
[33mbase commit: 308e5bcbdb10^1
[0m[33mtarget commit: 308e5bcbdb10
[0m[33mchecking out base commit... [0m[33mok (1s)
[0m[33mformatting diff... [0m[33mok (1s)
[0m19 source file(s) touched in the old version
`-- drivers/gpu/drm/drm_crtc.c
`-- drivers/gpu/drm/drm_crtc_helper.c
`-- drivers/gpu/drm/drm_drv.c
`-- drivers/gpu/drm/i915/intel_display.c
`-- drivers/gpu/drm/i915/intel_drv.h
`-- drivers/gpu/drm/i915/intel_fb.c
`-- drivers/gpu/drm/nouveau/nouveau_display.c
`-- drivers/gpu/drm/nouveau/nouveau_fb.h
`-- drivers/gpu/drm/nouveau/nouveau_fbcon.c
`-- drivers/gpu/drm/radeon/radeon_display.c
`-- drivers/gpu/drm/radeon/radeon_fb.c
`-- drivers/gpu/drm/radeon/radeon_mode.h
`-- drivers/gpu/drm/vmwgfx/vmwgfx_kms.c
`-- drivers/gpu/drm/vmwgfx/vmwgfx_kms.h
`-- drivers/staging/gma500/framebuffer.c
`-- include/drm/drm.h
`-- include/drm/drm_crtc.h
`-- include/drm/drm_crtc_helper.h
`-- include/drm/drm_mode.h
20 source file(s) touched in the new version
`-- drivers/gpu/drm/drm_crtc.c
`-- drivers/gpu/drm/drm_crtc_helper.c
`-- drivers/gpu/drm/drm_drv.c
`-- drivers/gpu/drm/i915/intel_display.c
`-- drivers/gpu/drm/i915/intel_drv.h
`-- drivers/gpu/drm/i915/intel_fb.c
`-- drivers/gpu/drm/nouveau/nouveau_display.c
`-- drivers/gpu/drm/nouveau/nouveau_fb.h
`-- drivers/gpu/drm/nouveau/nouveau_fbcon.c
`-- drivers/gpu/drm/radeon/radeon_display.c
`-- drivers/gpu/drm/radeon/radeon_fb.c
`-- drivers/gpu/drm/radeon/radeon_mode.h
`-- drivers/gpu/drm/vmwgfx/vmwgfx_kms.c
`-- drivers/gpu/drm/vmwgfx/vmwgfx_kms.h
`-- drivers/staging/gma500/framebuffer.c
`-- include/drm/drm.h
`-- include/drm/drm_crtc.h
`-- include/drm/drm_crtc_helper.h
`-- include/drm/drm_fourcc.h
`-- include/drm/drm_mode.h
[33mIgnore files that are created or deleted by the patch.
[0m[33mcompile base commit... [0m[33mok (4s)
[0m[33mapply [0m[33m308e5bcbdb10... [0m[33mok (4s)
[0m[33mcompile target commit... [0m[33mok (6s)
[0mPREPARE:
[33m0s
[0mANALYZE:
COCCIGEN:
@@
@@
 #include <drivers/gpu/drm/i915/intel_drv.h>
 #include <drivers/gpu/drm/nouveau/nouveau_fb.h>
+#include <drivers/gpu/drm/drm_fourcc.h>
