BUILD:
[33mbase commit: 34b58355ad1d^1
[0m[33mtarget commit: 34b58355ad1d
[0m[33mchecking out base commit... [0m[33mok (3s)
[0m[33mformatting diff... [0m[33mok (3s)
[0m6 source file(s) touched in the old version
`-- drivers/gpu/drm/amd/amdgpu/amdgpu_ttm.c
`-- drivers/gpu/drm/nouveau/nouveau_bo.c
`-- drivers/gpu/drm/radeon/radeon_ttm.c
`-- drivers/gpu/drm/ttm/ttm_bo.c
`-- drivers/gpu/drm/ttm/ttm_bo_util.c
`-- include/drm/ttm/ttm_bo_driver.h
6 source file(s) touched in the new version
`-- drivers/gpu/drm/amd/amdgpu/amdgpu_ttm.c
`-- drivers/gpu/drm/nouveau/nouveau_bo.c
`-- drivers/gpu/drm/radeon/radeon_ttm.c
`-- drivers/gpu/drm/ttm/ttm_bo.c
`-- drivers/gpu/drm/ttm/ttm_bo_util.c
`-- include/drm/ttm/ttm_bo_driver.h
[33mcompile base commit... [0m[33mok (19s)
[0m[33mapply [0m[33m34b58355ad1d... [0m[33mok (19s)
[0m[33mcompile target commit... [0m[33mok (32s)
[0mPREPARE:
[33mcollect AST for functions: radeon_move_vram_ram@drivers_gpu_drm_radeon_radeon_ttm.c,ttm_bo_move_ttm@drivers_gpu_drm_ttm_ttm_bo_util.c,amdgpu_move_ram_vram@drivers_gpu_drm_amd_amdgpu_amdgpu_ttm.c,radeon_move_ram_vram@drivers_gpu_drm_radeon_radeon_ttm.c,nouveau_bo_move_flips@drivers_gpu_drm_nouveau_nouveau_bo.c,ttm_bo_handle_move_mem@drivers_gpu_drm_ttm_ttm_bo.c,amdgpu_move_vram_ram@drivers_gpu_drm_amd_amdgpu_amdgpu_ttm.c,nouveau_bo_move_flipd@drivers_gpu_drm_nouveau_nouveau_bo.c
[0m[33mTransforming and linking bitcode files...
[0m[33m3s
[0mANALYZE:
COCCIGEN:
//# pattern-1, witnesses: 6
@@
expression E0;
identifier bo;
typedef bool;
identifier evict;
identifier fn;
identifier intr;
identifier new_mem;
identifier no_wait_gpu;
@@
 int fn(struct ttm_buffer_object * bo, bool evict, bool intr, bool no_wait_gpu, struct ttm_mem_reg * new_mem)
 {
     <...
- ttm_bo_move_ttm(bo, true, no_wait_gpu, E0)
+ ttm_bo_move_ttm(bo, true, intr, no_wait_gpu, E0)
     ...>
 }
