BUILD:
[33mbase commit: 3943f42c1189^1
[0m[33mtarget commit: 3943f42c1189
[0m[33mchecking out base commit... [0m[33mok (3s)
[0m[33mformatting diff... [0m[33mok (3s)
[0m7 source file(s) touched in the old version
`-- drivers/gpu/drm/radeon/mkregtable.c
`-- drivers/media/pci/cx18/cx18-driver.h
`-- include/linux/list.h
`-- include/linux/plist.h
`-- include/linux/rculist.h
`-- scripts/kconfig/list.h
`-- tools/usb/usbip/libsrc/list.h
7 source file(s) touched in the new version
`-- drivers/gpu/drm/radeon/mkregtable.c
`-- drivers/media/pci/cx18/cx18-driver.h
`-- include/linux/list.h
`-- include/linux/plist.h
`-- include/linux/rculist.h
`-- scripts/kconfig/list.h
`-- tools/usb/usbip/libsrc/list.h
[33mcompile base commit... [0m[33mok (21s)
[0m[33mapply [0m[33m3943f42c1189... [0m[33mok (22s)
[0m[33mcompile target commit... [0m[33mok (44s)
[0mPREPARE:
[33m0s
[0mANALYZE:
COCCIGEN:
