BUILD:
[33mbase commit: 3aac4502fd3f^1
[0m[33mtarget commit: 3aac4502fd3f
[0m[33mchecking out base commit... [0m[33mok (4s)
[0m[33mformatting diff... [0m[33mok (4s)
[0m17 source file(s) touched in the old version
`-- drivers/dma-buf/dma-buf.c
`-- drivers/gpu/drm/armada/armada_gem.c
`-- drivers/gpu/drm/drm_prime.c
`-- drivers/gpu/drm/exynos/exynos_drm_dmabuf.c
`-- drivers/gpu/drm/i915/i915_gem_dmabuf.c
`-- drivers/gpu/drm/nouveau/nouveau_drm.c
`-- drivers/gpu/drm/nouveau/nouveau_gem.h
`-- drivers/gpu/drm/nouveau/nouveau_prime.c
`-- drivers/gpu/drm/omapdrm/omap_gem_dmabuf.c
`-- drivers/gpu/drm/radeon/radeon_drv.c
`-- drivers/gpu/drm/radeon/radeon_prime.c
`-- drivers/gpu/drm/tegra/gem.c
`-- drivers/gpu/drm/ttm/ttm_object.c
`-- drivers/media/v4l2-core/videobuf2-dma-contig.c
`-- drivers/staging/android/ion/ion.c
`-- include/drm/drmP.h
`-- include/linux/dma-buf.h
17 source file(s) touched in the new version
`-- drivers/dma-buf/dma-buf.c
`-- drivers/gpu/drm/armada/armada_gem.c
`-- drivers/gpu/drm/drm_prime.c
`-- drivers/gpu/drm/exynos/exynos_drm_dmabuf.c
`-- drivers/gpu/drm/i915/i915_gem_dmabuf.c
`-- drivers/gpu/drm/nouveau/nouveau_drm.c
`-- drivers/gpu/drm/nouveau/nouveau_gem.h
`-- drivers/gpu/drm/nouveau/nouveau_prime.c
`-- drivers/gpu/drm/omapdrm/omap_gem_dmabuf.c
`-- drivers/gpu/drm/radeon/radeon_drv.c
`-- drivers/gpu/drm/radeon/radeon_prime.c
`-- drivers/gpu/drm/tegra/gem.c
`-- drivers/gpu/drm/ttm/ttm_object.c
`-- drivers/media/v4l2-core/videobuf2-dma-contig.c
`-- drivers/staging/android/ion/ion.c
`-- include/drm/drmP.h
`-- include/linux/dma-buf.h
[33mcompile base commit... [0m[33mok (9s)
[0m[33mapply [0m[33m3aac4502fd3f... [0m[33mok (9s)
[0m[33mcompile target commit... [0m[33mok (12s)
[0mPREPARE:
[33m0s
[0mANALYZE:
COCCIGEN:
Unable to infer inclusion changes on more than 1 file
added  : set(['linux/fence.h', 'linux/reservation.h'])
deleted: set([])
