BUILD:
[33mbase commit: 3c8413951cbd^1
[0m[33mtarget commit: 3c8413951cbd
[0m[33mchecking out base commit... [0m[33mok (1s)
[0m[33mformatting diff... [0m[33mok (1s)
[0m3 source file(s) touched in the old version
`-- drivers/gpu/drm/ast/ast_drv.c
`-- drivers/gpu/drm/qxl/qxl_drv.c
`-- drivers/gpu/drm/radeon/radeon_drv.c
3 source file(s) touched in the new version
`-- drivers/gpu/drm/ast/ast_drv.c
`-- drivers/gpu/drm/qxl/qxl_drv.c
`-- drivers/gpu/drm/radeon/radeon_drv.c
[33mcompile base commit... [0m[33mok (6s)
[0m[33mapply [0m[33m3c8413951cbd... [0m[33mok (6s)
[0m[33mcompile target commit... [0m[33mok (9s)
[0mPREPARE:
[33m0s
[0mANALYZE:
COCCIGEN:
