BUILD:
[33mbase commit: 3cb9ae4fd82e^1
[0m[33mtarget commit: 3cb9ae4fd82e
[0m[33mchecking out base commit... [0m[33mok (5s)
[0m[33mformatting diff... [0m[33mok (5s)
[0m22 source file(s) touched in the old version
`-- drivers/gpu/drm/armada/armada_crtc.c
`-- drivers/gpu/drm/ast/ast_mode.c
`-- drivers/gpu/drm/bochs/bochs_kms.c
`-- drivers/gpu/drm/cirrus/cirrus_mode.c
`-- drivers/gpu/drm/gma500/psb_intel_display.c
`-- drivers/gpu/drm/mgag200/mgag200_mode.c
`-- drivers/gpu/drm/nouveau/dispnv04/crtc.c
`-- drivers/gpu/drm/nouveau/nv50_display.c
`-- drivers/gpu/drm/omapdrm/omap_crtc.c
`-- drivers/gpu/drm/qxl/qxl_display.c
`-- drivers/gpu/drm/radeon/radeon_display.c
`-- drivers/gpu/drm/rcar-du/rcar_du_crtc.c
`-- drivers/gpu/drm/shmobile/shmob_drm_crtc.c
`-- drivers/gpu/drm/sti/sti_drm_crtc.c
`-- drivers/gpu/drm/tegra/dc.c
`-- drivers/gpu/drm/tilcdc/tilcdc_crtc.c
`-- drivers/gpu/drm/udl/udl_modeset.c
`-- drivers/gpu/drm/vmwgfx/vmwgfx_ldu.c
`-- drivers/gpu/drm/vmwgfx/vmwgfx_scrn.c
`-- drivers/staging/imx-drm/imx-drm-core.c
`-- include/drm/drm_crtc.h
`-- include/drm/drm_plane_helper.h
22 source file(s) touched in the new version
`-- drivers/gpu/drm/armada/armada_crtc.c
`-- drivers/gpu/drm/ast/ast_mode.c
`-- drivers/gpu/drm/bochs/bochs_kms.c
`-- drivers/gpu/drm/cirrus/cirrus_mode.c
`-- drivers/gpu/drm/gma500/psb_intel_display.c
`-- drivers/gpu/drm/mgag200/mgag200_mode.c
`-- drivers/gpu/drm/nouveau/dispnv04/crtc.c
`-- drivers/gpu/drm/nouveau/nv50_display.c
`-- drivers/gpu/drm/omapdrm/omap_crtc.c
`-- drivers/gpu/drm/qxl/qxl_display.c
`-- drivers/gpu/drm/radeon/radeon_display.c
`-- drivers/gpu/drm/rcar-du/rcar_du_crtc.c
`-- drivers/gpu/drm/shmobile/shmob_drm_crtc.c
`-- drivers/gpu/drm/sti/sti_drm_crtc.c
`-- drivers/gpu/drm/tegra/dc.c
`-- drivers/gpu/drm/tilcdc/tilcdc_crtc.c
`-- drivers/gpu/drm/udl/udl_modeset.c
`-- drivers/gpu/drm/vmwgfx/vmwgfx_ldu.c
`-- drivers/gpu/drm/vmwgfx/vmwgfx_scrn.c
`-- drivers/staging/imx-drm/imx-drm-core.c
`-- include/drm/drm_crtc.h
`-- include/drm/drm_plane_helper.h
[33mcompile base commit... [0m[33mok (20s)
[0m[33mapply [0m[33m3cb9ae4fd82e... [0m[33mok (20s)
[0m[33mcompile target commit... [0m[33mok (32s)
[0mPREPARE:
[33m0s
[0mANALYZE:
COCCIGEN:
@@
@@
 #include <drm/drm_crtc.h>
+#include <drm/drm_plane_helper.h>
