BUILD:
[33mbase commit: 3d3cbd84300e^1
[0m[33mtarget commit: 3d3cbd84300e
[0m[33mchecking out base commit... [0m[33mok (3s)
[0m[33mformatting diff... [0m[33mok (3s)
[0m6 source file(s) touched in the old version
`-- drivers/gpu/drm/drm_irq.c
`-- drivers/gpu/drm/i915/i915_irq.c
`-- drivers/gpu/drm/nouveau/nouveau_display.c
`-- drivers/gpu/drm/radeon/radeon_display.c
`-- drivers/gpu/drm/radeon/radeon_pm.c
`-- include/drm/drmP.h
6 source file(s) touched in the new version
`-- drivers/gpu/drm/drm_irq.c
`-- drivers/gpu/drm/i915/i915_irq.c
`-- drivers/gpu/drm/nouveau/nouveau_display.c
`-- drivers/gpu/drm/radeon/radeon_display.c
`-- drivers/gpu/drm/radeon/radeon_pm.c
`-- include/drm/drmP.h
[33mcompile base commit... [0m[33mok (8s)
[0m[33mapply [0m[33m3d3cbd84300e... [0m[33mok (8s)
[0m[33mcompile target commit... [0m[33mok (11s)
[0mPREPARE:
[33m0s
[0mANALYZE:
COCCIGEN:
