BUILD:
[33mbase commit: 4126d5d61f84^1
[0m[33mtarget commit: 4126d5d61f84
[0m[33mchecking out base commit... [0m[33mok (1s)
[0m[33mformatting diff... [0m[33mok (1s)
[0m129 source file(s) touched in the old version
`-- drivers/gpu/drm/ast/ast_drv.c
`-- drivers/gpu/drm/ast/ast_fb.c
`-- drivers/gpu/drm/cirrus/cirrus_drv.c
`-- drivers/gpu/drm/cirrus/cirrus_fbdev.c
`-- drivers/gpu/drm/cirrus/cirrus_main.c
`-- drivers/gpu/drm/cirrus/cirrus_mode.c
`-- drivers/gpu/drm/drm_crtc.c
`-- drivers/gpu/drm/drm_modes.c
`-- drivers/gpu/drm/exynos/exynos_drm_buf.c
`-- drivers/gpu/drm/exynos/exynos_drm_dmabuf.c
`-- drivers/gpu/drm/exynos/exynos_drm_drv.c
`-- drivers/gpu/drm/exynos/exynos_drm_drv.h
`-- drivers/gpu/drm/exynos/exynos_drm_gem.c
`-- drivers/gpu/drm/gma500/intel_gmbus.c
`-- drivers/gpu/drm/gma500/psb_intel_sdvo.c
`-- drivers/gpu/drm/i810/i810_dma.c
`-- drivers/gpu/drm/i810/i810_drv.c
`-- drivers/gpu/drm/i915/dvo.h
`-- drivers/gpu/drm/i915/i915_debugfs.c
`-- drivers/gpu/drm/i915/i915_dma.c
`-- drivers/gpu/drm/i915/i915_drv.c
`-- drivers/gpu/drm/i915/i915_gem.c
`-- drivers/gpu/drm/i915/i915_gem_debug.c
`-- drivers/gpu/drm/i915/i915_gem_evict.c
`-- drivers/gpu/drm/i915/i915_gem_execbuffer.c
`-- drivers/gpu/drm/i915/i915_gem_gtt.c
`-- drivers/gpu/drm/i915/i915_gem_stolen.c
`-- drivers/gpu/drm/i915/i915_gem_tiling.c
`-- drivers/gpu/drm/i915/i915_ioc32.c
`-- drivers/gpu/drm/i915/i915_irq.c
`-- drivers/gpu/drm/i915/i915_suspend.c
`-- drivers/gpu/drm/i915/intel_bios.c
`-- drivers/gpu/drm/i915/intel_crt.c
`-- drivers/gpu/drm/i915/intel_dp.c
`-- drivers/gpu/drm/i915/intel_dvo.c
`-- drivers/gpu/drm/i915/intel_fb.c
`-- drivers/gpu/drm/i915/intel_hdmi.c
`-- drivers/gpu/drm/i915/intel_i2c.c
`-- drivers/gpu/drm/i915/intel_lvds.c
`-- drivers/gpu/drm/i915/intel_overlay.c
`-- drivers/gpu/drm/i915/intel_ringbuffer.c
`-- drivers/gpu/drm/i915/intel_sdvo.c
`-- drivers/gpu/drm/i915/intel_tv.c
`-- drivers/gpu/drm/mga/mga_dma.c
`-- drivers/gpu/drm/mga/mga_drv.c
`-- drivers/gpu/drm/mga/mga_ioc32.c
`-- drivers/gpu/drm/mga/mga_irq.c
`-- drivers/gpu/drm/mga/mga_state.c
`-- drivers/gpu/drm/mga/mga_warp.c
`-- drivers/gpu/drm/mgag200/mgag200_drv.c
`-- drivers/gpu/drm/mgag200/mgag200_fb.c
`-- drivers/gpu/drm/mgag200/mgag200_i2c.c
`-- drivers/gpu/drm/mgag200/mgag200_main.c
`-- drivers/gpu/drm/mgag200/mgag200_mode.c
`-- drivers/gpu/drm/nouveau/nouveau_acpi.c
`-- drivers/gpu/drm/nouveau/nouveau_channel.c
`-- drivers/gpu/drm/nouveau/nouveau_dma.c
`-- drivers/gpu/drm/nouveau/nouveau_drv.c
`-- drivers/gpu/drm/nouveau/nouveau_fbcon.c
`-- drivers/gpu/drm/nouveau/nouveau_fence.c
`-- drivers/gpu/drm/nouveau/nouveau_gem.c
`-- drivers/gpu/drm/nouveau/nouveau_gpuobj.c
`-- drivers/gpu/drm/nouveau/nouveau_ioc32.c
`-- drivers/gpu/drm/nouveau/nouveau_irq.c
`-- drivers/gpu/drm/nouveau/nouveau_mem.c
`-- drivers/gpu/drm/nouveau/nouveau_notifier.c
`-- drivers/gpu/drm/nouveau/nouveau_prime.c
`-- drivers/gpu/drm/nouveau/nouveau_state.c
`-- drivers/gpu/drm/nouveau/nv04_cursor.c
`-- drivers/gpu/drm/nouveau/nv04_display.c
`-- drivers/gpu/drm/nouveau/nv04_fb.c
`-- drivers/gpu/drm/nouveau/nv04_fifo.c
`-- drivers/gpu/drm/nouveau/nv04_graph.c
`-- drivers/gpu/drm/nouveau/nv04_instmem.c
`-- drivers/gpu/drm/nouveau/nv04_mc.c
`-- drivers/gpu/drm/nouveau/nv04_timer.c
`-- drivers/gpu/drm/nouveau/nv10_fb.c
`-- drivers/gpu/drm/nouveau/nv10_fifo.c
`-- drivers/gpu/drm/nouveau/nv10_graph.c
`-- drivers/gpu/drm/nouveau/nv17_fifo.c
`-- drivers/gpu/drm/nouveau/nv20_fb.c
`-- drivers/gpu/drm/nouveau/nv20_graph.c
`-- drivers/gpu/drm/nouveau/nv30_fb.c
`-- drivers/gpu/drm/nouveau/nv40_fb.c
`-- drivers/gpu/drm/nouveau/nv40_fifo.c
`-- drivers/gpu/drm/nouveau/nv40_graph.c
`-- drivers/gpu/drm/nouveau/nv40_mc.c
`-- drivers/gpu/drm/nouveau/nv50_crtc.c
`-- drivers/gpu/drm/nouveau/nv50_cursor.c
`-- drivers/gpu/drm/nouveau/nv50_display.h
`-- drivers/gpu/drm/nouveau/nv50_fb.c
`-- drivers/gpu/drm/nouveau/nv50_fifo.c
`-- drivers/gpu/drm/nouveau/nv50_graph.c
`-- drivers/gpu/drm/nouveau/nv50_instmem.c
`-- drivers/gpu/drm/nouveau/nv50_mc.c
`-- drivers/gpu/drm/nouveau/nv84_fifo.c
`-- drivers/gpu/drm/nouveau/nvc0_fb.c
`-- drivers/gpu/drm/r128/r128_cce.c
`-- drivers/gpu/drm/r128/r128_drv.c
`-- drivers/gpu/drm/r128/r128_ioc32.c
`-- drivers/gpu/drm/r128/r128_irq.c
`-- drivers/gpu/drm/r128/r128_state.c
`-- drivers/gpu/drm/radeon/evergreen_blit_kms.c
`-- drivers/gpu/drm/radeon/r100.c
`-- drivers/gpu/drm/radeon/r200.c
`-- drivers/gpu/drm/radeon/r300_cmdbuf.c
`-- drivers/gpu/drm/radeon/r600_blit.c
`-- drivers/gpu/drm/radeon/r600_blit_kms.c
`-- drivers/gpu/drm/radeon/r600_cp.c
`-- drivers/gpu/drm/radeon/radeon_acpi.c
`-- drivers/gpu/drm/radeon/radeon_agp.c
`-- drivers/gpu/drm/radeon/radeon_cp.c
`-- drivers/gpu/drm/radeon/radeon_drv.c
`-- drivers/gpu/drm/radeon/radeon_fb.c
`-- drivers/gpu/drm/radeon/radeon_fence.c
`-- drivers/gpu/drm/radeon/radeon_gem.c
`-- drivers/gpu/drm/radeon/radeon_ioc32.c
`-- drivers/gpu/drm/radeon/radeon_irq.c
`-- drivers/gpu/drm/radeon/radeon_kms.c
`-- drivers/gpu/drm/radeon/radeon_mem.c
`-- drivers/gpu/drm/radeon/radeon_mode.h
`-- drivers/gpu/drm/radeon/radeon_prime.c
`-- drivers/gpu/drm/radeon/radeon_sa.c
`-- drivers/gpu/drm/radeon/radeon_semaphore.c
`-- drivers/gpu/drm/radeon/radeon_state.c
`-- drivers/gpu/drm/udl/udl_fb.c
`-- drivers/gpu/drm/via/via_dma.c
`-- drivers/gpu/drm/via/via_irq.c
`-- drivers/gpu/drm/via/via_verifier.c
129 source file(s) touched in the new version
`-- drivers/gpu/drm/ast/ast_drv.c
`-- drivers/gpu/drm/ast/ast_fb.c
`-- drivers/gpu/drm/cirrus/cirrus_drv.c
`-- drivers/gpu/drm/cirrus/cirrus_fbdev.c
`-- drivers/gpu/drm/cirrus/cirrus_main.c
`-- drivers/gpu/drm/cirrus/cirrus_mode.c
`-- drivers/gpu/drm/drm_crtc.c
`-- drivers/gpu/drm/drm_modes.c
`-- drivers/gpu/drm/exynos/exynos_drm_buf.c
`-- drivers/gpu/drm/exynos/exynos_drm_dmabuf.c
`-- drivers/gpu/drm/exynos/exynos_drm_drv.c
`-- drivers/gpu/drm/exynos/exynos_drm_drv.h
`-- drivers/gpu/drm/exynos/exynos_drm_gem.c
`-- drivers/gpu/drm/gma500/intel_gmbus.c
`-- drivers/gpu/drm/gma500/psb_intel_sdvo.c
`-- drivers/gpu/drm/i810/i810_dma.c
`-- drivers/gpu/drm/i810/i810_drv.c
`-- drivers/gpu/drm/i915/dvo.h
`-- drivers/gpu/drm/i915/i915_debugfs.c
`-- drivers/gpu/drm/i915/i915_dma.c
`-- drivers/gpu/drm/i915/i915_drv.c
`-- drivers/gpu/drm/i915/i915_gem.c
`-- drivers/gpu/drm/i915/i915_gem_debug.c
`-- drivers/gpu/drm/i915/i915_gem_evict.c
`-- drivers/gpu/drm/i915/i915_gem_execbuffer.c
`-- drivers/gpu/drm/i915/i915_gem_gtt.c
`-- drivers/gpu/drm/i915/i915_gem_stolen.c
`-- drivers/gpu/drm/i915/i915_gem_tiling.c
`-- drivers/gpu/drm/i915/i915_ioc32.c
`-- drivers/gpu/drm/i915/i915_irq.c
`-- drivers/gpu/drm/i915/i915_suspend.c
`-- drivers/gpu/drm/i915/intel_bios.c
`-- drivers/gpu/drm/i915/intel_crt.c
`-- drivers/gpu/drm/i915/intel_dp.c
`-- drivers/gpu/drm/i915/intel_dvo.c
`-- drivers/gpu/drm/i915/intel_fb.c
`-- drivers/gpu/drm/i915/intel_hdmi.c
`-- drivers/gpu/drm/i915/intel_i2c.c
`-- drivers/gpu/drm/i915/intel_lvds.c
`-- drivers/gpu/drm/i915/intel_overlay.c
`-- drivers/gpu/drm/i915/intel_ringbuffer.c
`-- drivers/gpu/drm/i915/intel_sdvo.c
`-- drivers/gpu/drm/i915/intel_tv.c
`-- drivers/gpu/drm/mga/mga_dma.c
`-- drivers/gpu/drm/mga/mga_drv.c
`-- drivers/gpu/drm/mga/mga_ioc32.c
`-- drivers/gpu/drm/mga/mga_irq.c
`-- drivers/gpu/drm/mga/mga_state.c
`-- drivers/gpu/drm/mga/mga_warp.c
`-- drivers/gpu/drm/mgag200/mgag200_drv.c
`-- drivers/gpu/drm/mgag200/mgag200_fb.c
`-- drivers/gpu/drm/mgag200/mgag200_i2c.c
`-- drivers/gpu/drm/mgag200/mgag200_main.c
`-- drivers/gpu/drm/mgag200/mgag200_mode.c
`-- drivers/gpu/drm/nouveau/nouveau_acpi.c
`-- drivers/gpu/drm/nouveau/nouveau_channel.c
`-- drivers/gpu/drm/nouveau/nouveau_dma.c
`-- drivers/gpu/drm/nouveau/nouveau_drv.c
`-- drivers/gpu/drm/nouveau/nouveau_fbcon.c
`-- drivers/gpu/drm/nouveau/nouveau_fence.c
`-- drivers/gpu/drm/nouveau/nouveau_gem.c
`-- drivers/gpu/drm/nouveau/nouveau_gpuobj.c
`-- drivers/gpu/drm/nouveau/nouveau_ioc32.c
`-- drivers/gpu/drm/nouveau/nouveau_irq.c
`-- drivers/gpu/drm/nouveau/nouveau_mem.c
`-- drivers/gpu/drm/nouveau/nouveau_notifier.c
`-- drivers/gpu/drm/nouveau/nouveau_prime.c
`-- drivers/gpu/drm/nouveau/nouveau_state.c
`-- drivers/gpu/drm/nouveau/nv04_cursor.c
`-- drivers/gpu/drm/nouveau/nv04_display.c
`-- drivers/gpu/drm/nouveau/nv04_fb.c
`-- drivers/gpu/drm/nouveau/nv04_fifo.c
`-- drivers/gpu/drm/nouveau/nv04_graph.c
`-- drivers/gpu/drm/nouveau/nv04_instmem.c
`-- drivers/gpu/drm/nouveau/nv04_mc.c
`-- drivers/gpu/drm/nouveau/nv04_timer.c
`-- drivers/gpu/drm/nouveau/nv10_fb.c
`-- drivers/gpu/drm/nouveau/nv10_fifo.c
`-- drivers/gpu/drm/nouveau/nv10_graph.c
`-- drivers/gpu/drm/nouveau/nv17_fifo.c
`-- drivers/gpu/drm/nouveau/nv20_fb.c
`-- drivers/gpu/drm/nouveau/nv20_graph.c
`-- drivers/gpu/drm/nouveau/nv30_fb.c
`-- drivers/gpu/drm/nouveau/nv40_fb.c
`-- drivers/gpu/drm/nouveau/nv40_fifo.c
`-- drivers/gpu/drm/nouveau/nv40_graph.c
`-- drivers/gpu/drm/nouveau/nv40_mc.c
`-- drivers/gpu/drm/nouveau/nv50_crtc.c
`-- drivers/gpu/drm/nouveau/nv50_cursor.c
`-- drivers/gpu/drm/nouveau/nv50_display.h
`-- drivers/gpu/drm/nouveau/nv50_fb.c
`-- drivers/gpu/drm/nouveau/nv50_fifo.c
`-- drivers/gpu/drm/nouveau/nv50_graph.c
`-- drivers/gpu/drm/nouveau/nv50_instmem.c
`-- drivers/gpu/drm/nouveau/nv50_mc.c
`-- drivers/gpu/drm/nouveau/nv84_fifo.c
`-- drivers/gpu/drm/nouveau/nvc0_fb.c
`-- drivers/gpu/drm/r128/r128_cce.c
`-- drivers/gpu/drm/r128/r128_drv.c
`-- drivers/gpu/drm/r128/r128_ioc32.c
`-- drivers/gpu/drm/r128/r128_irq.c
`-- drivers/gpu/drm/r128/r128_state.c
`-- drivers/gpu/drm/radeon/evergreen_blit_kms.c
`-- drivers/gpu/drm/radeon/r100.c
`-- drivers/gpu/drm/radeon/r200.c
`-- drivers/gpu/drm/radeon/r300_cmdbuf.c
`-- drivers/gpu/drm/radeon/r600_blit.c
`-- drivers/gpu/drm/radeon/r600_blit_kms.c
`-- drivers/gpu/drm/radeon/r600_cp.c
`-- drivers/gpu/drm/radeon/radeon_acpi.c
`-- drivers/gpu/drm/radeon/radeon_agp.c
`-- drivers/gpu/drm/radeon/radeon_cp.c
`-- drivers/gpu/drm/radeon/radeon_drv.c
`-- drivers/gpu/drm/radeon/radeon_fb.c
`-- drivers/gpu/drm/radeon/radeon_fence.c
`-- drivers/gpu/drm/radeon/radeon_gem.c
`-- drivers/gpu/drm/radeon/radeon_ioc32.c
`-- drivers/gpu/drm/radeon/radeon_irq.c
`-- drivers/gpu/drm/radeon/radeon_kms.c
`-- drivers/gpu/drm/radeon/radeon_mem.c
`-- drivers/gpu/drm/radeon/radeon_mode.h
`-- drivers/gpu/drm/radeon/radeon_prime.c
`-- drivers/gpu/drm/radeon/radeon_sa.c
`-- drivers/gpu/drm/radeon/radeon_semaphore.c
`-- drivers/gpu/drm/radeon/radeon_state.c
`-- drivers/gpu/drm/udl/udl_fb.c
`-- drivers/gpu/drm/via/via_dma.c
`-- drivers/gpu/drm/via/via_irq.c
`-- drivers/gpu/drm/via/via_verifier.c
[33mcompile base commit... [0m[33mok (7s)
[0m[33mapply [0m[33m4126d5d61f84... [0m[33mok (7s)
[0m[33mcompile target commit... [0m[33mok (9s)
[0mPREPARE:
[33m0s
[0mANALYZE:
COCCIGEN:
Unable to infer inclusion changes on more than 1 file
added  : set([])
deleted: set([u'drivers/gpu/drm/radeon/drm.h', u'drivers/gpu/drm/gma500/drm.h', u'drivers/gpu/drm/drm.h', u'drivers/gpu/drm/ast/drm.h', u'drivers/gpu/drm/i810/drm.h', u'drivers/gpu/drm/via/drm.h', u'drivers/gpu/drm/mgag200/drm.h', u'drivers/gpu/drm/nouveau/drm.h', u'drivers/gpu/drm/mga/drm.h', u'drivers/gpu/drm/mga/drm_sarea.h', u'drivers/gpu/drm/udl/drm.h', u'drivers/gpu/drm/r128/drm.h', u'drivers/gpu/drm/i915/drm.h', u'drivers/gpu/drm/nouveau/drm_mode.h', u'drivers/gpu/drm/nouveau/drm_sarea.h', u'drivers/gpu/drm/radeon/drm_sarea.h', u'drivers/gpu/drm/cirrus/drm.h', u'drivers/gpu/drm/exynos/drm.h'])
