BUILD:
[33mbase commit: 41292b1fa13a^1
[0m[33mtarget commit: 41292b1fa13a
[0m[33mchecking out base commit... [0m[33mok (1s)
[0m[33mformatting diff... [0m[33mok (1s)
[0m16 source file(s) touched in the old version
`-- drivers/gpu/drm/amd/amdgpu/amdgpu_display.c
`-- drivers/gpu/drm/amd/amdgpu/amdgpu_mode.h
`-- drivers/gpu/drm/armada/armada_crtc.c
`-- drivers/gpu/drm/bochs/bochs_kms.c
`-- drivers/gpu/drm/drm_atomic_helper.c
`-- drivers/gpu/drm/drm_plane.c
`-- drivers/gpu/drm/nouveau/nouveau_display.c
`-- drivers/gpu/drm/nouveau/nouveau_display.h
`-- drivers/gpu/drm/radeon/radeon_display.c
`-- drivers/gpu/drm/shmobile/shmob_drm_crtc.c
`-- drivers/gpu/drm/udl/udl_modeset.c
`-- drivers/gpu/drm/vc4/vc4_crtc.c
`-- drivers/gpu/drm/vmwgfx/vmwgfx_scrn.c
`-- drivers/gpu/drm/vmwgfx/vmwgfx_stdu.c
`-- include/drm/drm_atomic_helper.h
`-- include/drm/drm_crtc.h
16 source file(s) touched in the new version
`-- drivers/gpu/drm/amd/amdgpu/amdgpu_display.c
`-- drivers/gpu/drm/amd/amdgpu/amdgpu_mode.h
`-- drivers/gpu/drm/armada/armada_crtc.c
`-- drivers/gpu/drm/bochs/bochs_kms.c
`-- drivers/gpu/drm/drm_atomic_helper.c
`-- drivers/gpu/drm/drm_plane.c
`-- drivers/gpu/drm/nouveau/nouveau_display.c
`-- drivers/gpu/drm/nouveau/nouveau_display.h
`-- drivers/gpu/drm/radeon/radeon_display.c
`-- drivers/gpu/drm/shmobile/shmob_drm_crtc.c
`-- drivers/gpu/drm/udl/udl_modeset.c
`-- drivers/gpu/drm/vc4/vc4_crtc.c
`-- drivers/gpu/drm/vmwgfx/vmwgfx_scrn.c
`-- drivers/gpu/drm/vmwgfx/vmwgfx_stdu.c
`-- include/drm/drm_atomic_helper.h
`-- include/drm/drm_crtc.h
[33mcompile base commit... [0m[33mok (55s)
[0m[33mapply [0m[33m41292b1fa13a... [0m[33mok (55s)
[0m[33mcompile target commit... [0m[33mok (82s)
[0mPREPARE:
[33mcollect AST for functions: nouveau_crtc_page_flip@drivers_gpu_drm_nouveau_nouveau_display.c,drm_atomic_helper_page_flip@drivers_gpu_drm_drm_atomic_helper.c,vmw_stdu_crtc_page_flip@drivers_gpu_drm_vmwgfx_vmwgfx_stdu.c,radeon_crtc_page_flip_target@drivers_gpu_drm_radeon_radeon_display.c,armada_drm_crtc_page_flip@drivers_gpu_drm_armada_armada_crtc.c,udl_crtc_page_flip@drivers_gpu_drm_udl_udl_modeset.c,vmw_sou_crtc_page_flip@drivers_gpu_drm_vmwgfx_vmwgfx_scrn.c,amdgpu_crtc_page_flip_target@drivers_gpu_drm_amd_amdgpu_amdgpu_display.c,drm_atomic_helper_page_flip_target@drivers_gpu_drm_drm_atomic_helper.c,vc4_page_flip@drivers_gpu_drm_vc4_vc4_crtc.c,shmob_drm_crtc_page_flip@drivers_gpu_drm_shmobile_shmob_drm_crtc.c,drm_mode_page_flip_ioctl@drivers_gpu_drm_drm_plane.c,bochs_crtc_page_flip@drivers_gpu_drm_bochs_bochs_kms.c
[0m[33mTransforming and linking bitcode files...
[0m[33m11s
[0mANALYZE:
COCCIGEN:
//# pattern-1, witnesses: 5
@r0@
identifier i, fn;
@@
struct drm_crtc_funcs i = {
    .page_flip = fn,
};
@@
identifier crtc;
identifier event;
identifier fb;
identifier flags;
identifier r0.fn;
typedef uint32_t;
@@
- int fn(struct drm_crtc * crtc, struct drm_framebuffer * fb, struct drm_pending_vblank_event * event, uint32_t flags)
+ int fn(struct drm_crtc * crtc, struct drm_framebuffer * fb, struct drm_pending_vblank_event * event, uint32_t flags, struct drm_modeset_acquire_ctx * ctx)
 { ... }
//# pattern-2, witnesses: 2
@r1@
identifier i, fn;
@@
struct drm_crtc_funcs i = {
    .page_flip_target = fn,
};
@@
identifier crtc;
identifier event;
identifier fb;
identifier page_flip_flags;
identifier r1.fn;
identifier target;
typedef uint32_t;
@@
- int fn(struct drm_crtc * crtc, struct drm_framebuffer * fb, struct drm_pending_vblank_event * event, uint32_t page_flip_flags, uint32_t target)
+ int fn(struct drm_crtc * crtc, struct drm_framebuffer * fb, struct drm_pending_vblank_event * event, uint32_t page_flip_flags, uint32_t target, struct drm_modeset_acquire_ctx * ctx)
 { ... }
//# pattern-7, witnesses: 2
@r2@
identifier i, fn;
@@
struct drm_crtc_funcs i = {
    .page_flip = fn,
};
@@
identifier crtc;
identifier ctx;
identifier event;
identifier fb;
identifier flags;
identifier r2.fn;
typedef uint32_t;
@@
 int fn(struct drm_crtc * crtc, struct drm_framebuffer * fb, struct drm_pending_vblank_event * event, uint32_t flags, struct drm_modeset_acquire_ctx * ctx)
 { ... }
