BUILD:
[33mbase commit: 43829731dd37^1
[0m[33mtarget commit: 43829731dd37
[0m[33mchecking out base commit... [0m[33mok (2s)
[0m[33mformatting diff... [0m[33mok (2s)
[0m81 source file(s) touched in the old version
`-- arch/arm/mach-pxa/sharpsl_pm.c
`-- arch/arm/plat-omap/mailbox.c
`-- arch/sh/drivers/push-switch.c
`-- drivers/block/xen-blkfront.c
`-- drivers/cdrom/gdrom.c
`-- drivers/char/sonypi.c
`-- drivers/char/tpm/tpm.c
`-- drivers/gpu/drm/exynos/exynos_drm_g2d.c
`-- drivers/gpu/drm/nouveau/nouveau_gpio.c
`-- drivers/gpu/drm/radeon/radeon_irq_kms.c
`-- drivers/gpu/drm/vmwgfx/vmwgfx_fb.c
`-- drivers/hid/hid-picolcd.c
`-- drivers/input/touchscreen/wm831x-ts.c
`-- drivers/isdn/mISDN/hwchannel.c
`-- drivers/leds/leds-lm3533.c
`-- drivers/leds/leds-lp8788.c
`-- drivers/leds/leds-wm8350.c
`-- drivers/macintosh/ams/ams-core.c
`-- drivers/md/dm-mpath.c
`-- drivers/md/dm-raid1.c
`-- drivers/md/dm-stripe.c
`-- drivers/media/dvb/dvb-core/dvb_net.c
`-- drivers/media/dvb/mantis/mantis_evm.c
`-- drivers/media/dvb/mantis/mantis_uart.c
`-- drivers/media/video/bt8xx/bttv-driver.c
`-- drivers/media/video/cx18/cx18-driver.c
`-- drivers/media/video/cx231xx/cx231xx-cards.c
`-- drivers/media/video/cx23885/cx23885-input.c
`-- drivers/media/video/cx88/cx88-mpeg.c
`-- drivers/media/video/em28xx/em28xx-cards.c
`-- drivers/media/video/omap24xxcam.c
`-- drivers/media/video/saa7134/saa7134-core.c
`-- drivers/media/video/saa7134/saa7134-empress.c
`-- drivers/media/video/tm6000/tm6000-cards.c
`-- drivers/mfd/menelaus.c
`-- drivers/misc/ioc4.c
`-- drivers/mtd/mtdoops.c
`-- drivers/net/ethernet/chelsio/cxgb3/cxgb3_main.c
`-- drivers/net/ethernet/neterion/vxge/vxge-main.c
`-- drivers/net/ethernet/sun/cassini.c
`-- drivers/net/ethernet/sun/niu.c
`-- drivers/net/wireless/hostap/hostap_ap.c
`-- drivers/net/wireless/hostap/hostap_hw.c
`-- drivers/power/collie_battery.c
`-- drivers/power/tosa_battery.c
`-- drivers/power/wm97xx_battery.c
`-- drivers/power/z2_battery.c
`-- drivers/regulator/core.c
`-- drivers/scsi/arcmsr/arcmsr_hba.c
`-- drivers/scsi/ipr.c
`-- drivers/scsi/pmcraid.c
`-- drivers/scsi/qla2xxx/qla_target.c
`-- drivers/tty/hvc/hvsi.c
`-- drivers/tty/ipwireless/hardware.c
`-- drivers/tty/ipwireless/network.c
`-- drivers/tty/serial/kgdboc.c
`-- drivers/tty/serial/omap-serial.c
`-- drivers/tty/tty_ldisc.c
`-- drivers/usb/atm/speedtch.c
`-- drivers/usb/atm/ueagle-atm.c
`-- drivers/usb/gadget/u_ether.c
`-- drivers/usb/host/ohci-hcd.c
`-- drivers/usb/otg/isp1301_omap.c
`-- fs/affs/super.c
`-- fs/gfs2/lock_dlm.c
`-- fs/gfs2/super.c
`-- fs/hfs/inode.c
`-- fs/ncpfs/inode.c
`-- fs/ocfs2/cluster/quorum.c
`-- fs/xfs/xfs_super.c
`-- fs/xfs/xfs_sync.c
`-- include/linux/workqueue.h
`-- net/9p/trans_fd.c
`-- net/dsa/dsa.c
`-- sound/i2c/other/ak4113.c
`-- sound/i2c/other/ak4114.c
`-- sound/pci/oxygen/oxygen_lib.c
`-- sound/soc/codecs/wm8350.c
`-- sound/soc/codecs/wm8753.c
`-- sound/soc/soc-core.c
`-- virt/kvm/eventfd.c
81 source file(s) touched in the new version
`-- arch/arm/mach-pxa/sharpsl_pm.c
`-- arch/arm/plat-omap/mailbox.c
`-- arch/sh/drivers/push-switch.c
`-- drivers/block/xen-blkfront.c
`-- drivers/cdrom/gdrom.c
`-- drivers/char/sonypi.c
`-- drivers/char/tpm/tpm.c
`-- drivers/gpu/drm/exynos/exynos_drm_g2d.c
`-- drivers/gpu/drm/nouveau/nouveau_gpio.c
`-- drivers/gpu/drm/radeon/radeon_irq_kms.c
`-- drivers/gpu/drm/vmwgfx/vmwgfx_fb.c
`-- drivers/hid/hid-picolcd.c
`-- drivers/input/touchscreen/wm831x-ts.c
`-- drivers/isdn/mISDN/hwchannel.c
`-- drivers/leds/leds-lm3533.c
`-- drivers/leds/leds-lp8788.c
`-- drivers/leds/leds-wm8350.c
`-- drivers/macintosh/ams/ams-core.c
`-- drivers/md/dm-mpath.c
`-- drivers/md/dm-raid1.c
`-- drivers/md/dm-stripe.c
`-- drivers/media/dvb/dvb-core/dvb_net.c
`-- drivers/media/dvb/mantis/mantis_evm.c
`-- drivers/media/dvb/mantis/mantis_uart.c
`-- drivers/media/video/bt8xx/bttv-driver.c
`-- drivers/media/video/cx18/cx18-driver.c
`-- drivers/media/video/cx231xx/cx231xx-cards.c
`-- drivers/media/video/cx23885/cx23885-input.c
`-- drivers/media/video/cx88/cx88-mpeg.c
`-- drivers/media/video/em28xx/em28xx-cards.c
`-- drivers/media/video/omap24xxcam.c
`-- drivers/media/video/saa7134/saa7134-core.c
`-- drivers/media/video/saa7134/saa7134-empress.c
`-- drivers/media/video/tm6000/tm6000-cards.c
`-- drivers/mfd/menelaus.c
`-- drivers/misc/ioc4.c
`-- drivers/mtd/mtdoops.c
`-- drivers/net/ethernet/chelsio/cxgb3/cxgb3_main.c
`-- drivers/net/ethernet/neterion/vxge/vxge-main.c
`-- drivers/net/ethernet/sun/cassini.c
`-- drivers/net/ethernet/sun/niu.c
`-- drivers/net/wireless/hostap/hostap_ap.c
`-- drivers/net/wireless/hostap/hostap_hw.c
`-- drivers/power/collie_battery.c
`-- drivers/power/tosa_battery.c
`-- drivers/power/wm97xx_battery.c
`-- drivers/power/z2_battery.c
`-- drivers/regulator/core.c
`-- drivers/scsi/arcmsr/arcmsr_hba.c
`-- drivers/scsi/ipr.c
`-- drivers/scsi/pmcraid.c
`-- drivers/scsi/qla2xxx/qla_target.c
`-- drivers/tty/hvc/hvsi.c
`-- drivers/tty/ipwireless/hardware.c
`-- drivers/tty/ipwireless/network.c
`-- drivers/tty/serial/kgdboc.c
`-- drivers/tty/serial/omap-serial.c
`-- drivers/tty/tty_ldisc.c
`-- drivers/usb/atm/speedtch.c
`-- drivers/usb/atm/ueagle-atm.c
`-- drivers/usb/gadget/u_ether.c
`-- drivers/usb/host/ohci-hcd.c
`-- drivers/usb/otg/isp1301_omap.c
`-- fs/affs/super.c
`-- fs/gfs2/lock_dlm.c
`-- fs/gfs2/super.c
`-- fs/hfs/inode.c
`-- fs/ncpfs/inode.c
`-- fs/ocfs2/cluster/quorum.c
`-- fs/xfs/xfs_super.c
`-- fs/xfs/xfs_sync.c
`-- include/linux/workqueue.h
`-- net/9p/trans_fd.c
`-- net/dsa/dsa.c
`-- sound/i2c/other/ak4113.c
`-- sound/i2c/other/ak4114.c
`-- sound/pci/oxygen/oxygen_lib.c
`-- sound/soc/codecs/wm8350.c
`-- sound/soc/codecs/wm8753.c
`-- sound/soc/soc-core.c
`-- virt/kvm/eventfd.c
[33mcompile base commit... [0m[33mok (9s)
[0m[33mapply [0m[33m43829731dd37... [0m[33mok (9s)
[0m[33mcompile target commit... [0m[33mok (11s)
[0mPREPARE:
[33m0s
[0mANALYZE:
COCCIGEN:
