BUILD:
[33mbase commit: 44d847b7439b^1
[0m[33mtarget commit: 44d847b7439b
[0m[33mchecking out base commit... [0m[33mok (1s)
[0m[33mformatting diff... [0m[33mok (1s)
[0m14 source file(s) touched in the old version
`-- drivers/gpu/drm/ast/ast_ttm.c
`-- drivers/gpu/drm/bochs/bochs_mm.c
`-- drivers/gpu/drm/cirrus/cirrus_ttm.c
`-- drivers/gpu/drm/mgag200/mgag200_ttm.c
`-- drivers/gpu/drm/nouveau/nouveau_gem.c
`-- drivers/gpu/drm/nouveau/nouveau_ttm.c
`-- drivers/gpu/drm/qxl/qxl_object.c
`-- drivers/gpu/drm/qxl/qxl_ttm.c
`-- drivers/gpu/drm/radeon/radeon_object.c
`-- drivers/gpu/drm/radeon/radeon_ttm.c
`-- drivers/gpu/drm/ttm/ttm_bo.c
`-- drivers/gpu/drm/vmwgfx/vmwgfx_drv.c
`-- include/drm/drm_vma_manager.h
`-- include/drm/ttm/ttm_bo_driver.h
14 source file(s) touched in the new version
`-- drivers/gpu/drm/ast/ast_ttm.c
`-- drivers/gpu/drm/bochs/bochs_mm.c
`-- drivers/gpu/drm/cirrus/cirrus_ttm.c
`-- drivers/gpu/drm/mgag200/mgag200_ttm.c
`-- drivers/gpu/drm/nouveau/nouveau_gem.c
`-- drivers/gpu/drm/nouveau/nouveau_ttm.c
`-- drivers/gpu/drm/qxl/qxl_object.c
`-- drivers/gpu/drm/qxl/qxl_ttm.c
`-- drivers/gpu/drm/radeon/radeon_object.c
`-- drivers/gpu/drm/radeon/radeon_ttm.c
`-- drivers/gpu/drm/ttm/ttm_bo.c
`-- drivers/gpu/drm/vmwgfx/vmwgfx_drv.c
`-- include/drm/drm_vma_manager.h
`-- include/drm/ttm/ttm_bo_driver.h
[33mcompile base commit... [0m[33mok (7s)
[0m[33mapply [0m[33m44d847b7439b... [0m[33mok (7s)
[0m[33mcompile target commit... [0m[33mok (9s)
[0mPREPARE:
[33m1s
[0mANALYZE:
COCCIGEN:
