BUILD:
[33mbase commit: 466e69b8b03b^1
[0m[33mtarget commit: 466e69b8b03b
[0m[33mchecking out base commit... [0m[33mok (1s)
[0m[33mformatting diff... [0m[33mok (1s)
[0m12 source file(s) touched in the old version
`-- drivers/gpu/drm/drm_pci.c
`-- drivers/gpu/drm/gma500/psb_drv.c
`-- drivers/gpu/drm/i810/i810_dma.c
`-- drivers/gpu/drm/i915/i915_dma.c
`-- drivers/gpu/drm/mga/mga_dma.c
`-- drivers/gpu/drm/nouveau/nouveau_state.c
`-- drivers/gpu/drm/r128/r128_drv.c
`-- drivers/gpu/drm/radeon/radeon_cp.c
`-- drivers/gpu/drm/radeon/radeon_kms.c
`-- drivers/gpu/drm/sis/sis_drv.c
`-- drivers/gpu/drm/via/via_map.c
`-- drivers/gpu/drm/vmwgfx/vmwgfx_drv.c
12 source file(s) touched in the new version
`-- drivers/gpu/drm/drm_pci.c
`-- drivers/gpu/drm/gma500/psb_drv.c
`-- drivers/gpu/drm/i810/i810_dma.c
`-- drivers/gpu/drm/i915/i915_dma.c
`-- drivers/gpu/drm/mga/mga_dma.c
`-- drivers/gpu/drm/nouveau/nouveau_state.c
`-- drivers/gpu/drm/r128/r128_drv.c
`-- drivers/gpu/drm/radeon/radeon_cp.c
`-- drivers/gpu/drm/radeon/radeon_kms.c
`-- drivers/gpu/drm/sis/sis_drv.c
`-- drivers/gpu/drm/via/via_map.c
`-- drivers/gpu/drm/vmwgfx/vmwgfx_drv.c
[33mcompile base commit... [0m[33mok (8s)
[0m[33mapply [0m[33m466e69b8b03b... [0m[33mok (8s)
[0m[33mcompile target commit... [0m[33mok (10s)
[0mPREPARE:
[33m0s
[0mANALYZE:
COCCIGEN:
