BUILD:
[33mbase commit: 4a67d3919031^1
[0m[33mtarget commit: 4a67d3919031
[0m[33mchecking out base commit... [0m[33mok (0s)
[0m[33mformatting diff... [0m[33mok (0s)
[0m5 source file(s) touched in the old version
`-- drivers/gpu/drm/drm_crtc.c
`-- drivers/gpu/drm/i915/intel_modes.c
`-- drivers/gpu/drm/nouveau/nouveau_display.c
`-- drivers/gpu/drm/radeon/radeon_display.c
`-- include/drm/drm_crtc.h
5 source file(s) touched in the new version
`-- drivers/gpu/drm/drm_crtc.c
`-- drivers/gpu/drm/i915/intel_modes.c
`-- drivers/gpu/drm/nouveau/nouveau_display.c
`-- drivers/gpu/drm/radeon/radeon_display.c
`-- include/drm/drm_crtc.h
[33mcompile base commit... [0m[33mok (4s)
[0m[33mapply [0m[33m4a67d3919031... [0m[33mok (4s)
[0m[33mcompile target commit... [0m[33mok (6s)
[0mPREPARE:
[33m0s
[0mANALYZE:
COCCIGEN:
