BUILD:
[33mbase commit: 4b63539bb2f6^1
[0m[33mtarget commit: 4b63539bb2f6
[0m[33mchecking out base commit... [0m[33mok (1s)
[0m[33mformatting diff... [0m[33mok (1s)
[0m3 source file(s) touched in the old version
`-- drivers/gpu/drm/drm_ioctl.c
`-- drivers/gpu/drm/radeon/radeon_kms.c
`-- include/drm/drmP.h
3 source file(s) touched in the new version
`-- drivers/gpu/drm/drm_ioctl.c
`-- drivers/gpu/drm/radeon/radeon_kms.c
`-- include/drm/drmP.h
[33mcompile base commit... [0m[33mok (17s)
[0m[33mapply [0m[33m4b63539bb2f6... [0m[33mok (17s)
[0m[33mcompile target commit... [0m[33mok (29s)
[0mPREPARE:
[33mcollect AST for functions: radeon_ioctls_kms@drivers_gpu_drm_radeon_radeon_kms.c
[0m[33m0s
[0mANALYZE:
COCCIGEN:
