BUILD:
[33mbase commit: 4e2f0caa3960^1
[0m[33mtarget commit: 4e2f0caa3960
[0m[33mchecking out base commit... [0m[33mok (1s)
[0m[33mformatting diff... [0m[33mok (1s)
[0m6 source file(s) touched in the old version
`-- drivers/gpu/drm/amd/amdgpu/amdgpu_ttm.c
`-- drivers/gpu/drm/nouveau/nouveau_bo.c
`-- drivers/gpu/drm/radeon/radeon_ttm.c
`-- drivers/gpu/drm/ttm/ttm_bo.c
`-- drivers/gpu/drm/ttm/ttm_bo_util.c
`-- include/drm/ttm/ttm_bo_driver.h
6 source file(s) touched in the new version
`-- drivers/gpu/drm/amd/amdgpu/amdgpu_ttm.c
`-- drivers/gpu/drm/nouveau/nouveau_bo.c
`-- drivers/gpu/drm/radeon/radeon_ttm.c
`-- drivers/gpu/drm/ttm/ttm_bo.c
`-- drivers/gpu/drm/ttm/ttm_bo_util.c
`-- include/drm/ttm/ttm_bo_driver.h
[33mcompile base commit... [0m[33mok (17s)
[0m[33mapply [0m[33m4e2f0caa3960... [0m[33mok (17s)
[0m[33mcompile target commit... [0m[33mok (30s)
[0mPREPARE:
[33mcollect AST for functions: radeon_move_vram_ram@drivers_gpu_drm_radeon_radeon_ttm.c,ttm_bo_move_ttm@drivers_gpu_drm_ttm_ttm_bo_util.c,amdgpu_move_ram_vram@drivers_gpu_drm_amd_amdgpu_amdgpu_ttm.c,radeon_move_ram_vram@drivers_gpu_drm_radeon_radeon_ttm.c,nouveau_bo_move_flips@drivers_gpu_drm_nouveau_nouveau_bo.c,ttm_bo_handle_move_mem@drivers_gpu_drm_ttm_ttm_bo.c,amdgpu_move_vram_ram@drivers_gpu_drm_amd_amdgpu_amdgpu_ttm.c,nouveau_bo_move_flipd@drivers_gpu_drm_nouveau_nouveau_bo.c
[0m[33mTransforming and linking bitcode files...
[0m[33m3s
[0mANALYZE:
COCCIGEN:
//# pattern-1, witnesses: 7
@@
expression E0;
expression E2;
identifier PV1;
@@
- ttm_bo_move_ttm(bo, E0, PV1, no_wait_gpu, E2)
+ ttm_bo_move_ttm(bo, PV1, no_wait_gpu, E2)
