BUILD:
[33mbase commit: 4f626a4ac8f5^1
[0m[33mtarget commit: 4f626a4ac8f5
[0m[33mchecking out base commit... [0m[33mok (2s)
[0m[33mformatting diff... [0m[33mok (2s)
[0m2 source file(s) touched in the old version
`-- drivers/gpu/drm/amd/amdgpu/amdgpu_atombios.c
`-- drivers/gpu/drm/radeon/atombios_dp.c
2 source file(s) touched in the new version
`-- drivers/gpu/drm/amd/amdgpu/amdgpu_atombios.c
`-- drivers/gpu/drm/radeon/atombios_dp.c
[33mcompile base commit... [0m[33mok (19s)
[0m[33mapply [0m[33m4f626a4ac8f5... [0m[33mok (19s)
[0m[33mcompile target commit... [0m[33mok (32s)
[0mPREPARE:
[33mcollect AST for functions: amdgpu_atombios_copy_swap@drivers_gpu_drm_amd_amdgpu_amdgpu_atombios.c,radeon_atom_copy_swap@drivers_gpu_drm_radeon_atombios_dp.c
[0m[33mTransforming and linking bitcode files...
[0m[33m2s
[0mANALYZE:
COCCIGEN:
