BUILD:
[33mbase commit: 4f71d0cb7633^1
[0m[33mtarget commit: 4f71d0cb7633
[0m[33mchecking out base commit... [0m[33mok (1s)
[0m[33mformatting diff... [0m[33mok (1s)
[0m6 source file(s) touched in the old version
`-- drivers/gpu/drm/drm_dp_helper.c
`-- drivers/gpu/drm/i915/intel_dp.c
`-- drivers/gpu/drm/radeon/atombios_dp.c
`-- drivers/gpu/drm/radeon/radeon_i2c.c
`-- drivers/gpu/drm/tegra/dpaux.c
`-- include/drm/drm_dp_helper.h
6 source file(s) touched in the new version
`-- drivers/gpu/drm/drm_dp_helper.c
`-- drivers/gpu/drm/i915/intel_dp.c
`-- drivers/gpu/drm/radeon/atombios_dp.c
`-- drivers/gpu/drm/radeon/radeon_i2c.c
`-- drivers/gpu/drm/tegra/dpaux.c
`-- include/drm/drm_dp_helper.h
[33mcompile base commit... [0m[33mok (7s)
[0m[33mapply [0m[33m4f71d0cb7633... [0m[33mok (7s)
[0m[33mcompile target commit... [0m[33mok (9s)
[0mPREPARE:
[33m0s
[0mANALYZE:
COCCIGEN:
