BUILD:
[33mbase commit: 50af5ead3b44^1
[0m[33mtarget commit: 50af5ead3b44
[0m[33mchecking out base commit... [0m[33mok (0s)
[0m[33mformatting diff... [0m[33mok (1s)
[0m21 source file(s) touched in the old version
`-- arch/arm/mach-imx/cpu_op-mx51.c
`-- arch/arm/mach-ux500/board-mop500-pins.c
`-- arch/mips/fw/arc/cmdline.c
`-- arch/mips/fw/arc/identify.c
`-- arch/parisc/math-emu/fpudispatch.c
`-- arch/powerpc/kernel/pmc.c
`-- arch/powerpc/xmon/ppc-opc.c
`-- arch/powerpc/xmon/spu-opc.c
`-- arch/x86/kernel/paravirt.c
`-- arch/x86/mm/kmemcheck/selftest.c
`-- drivers/gpu/drm/radeon/cayman_blit_shaders.c
`-- drivers/gpu/drm/radeon/evergreen_blit_shaders.c
`-- drivers/gpu/drm/radeon/r600_blit_shaders.c
`-- drivers/staging/wlags49_h2/hcf.c
`-- lib/atomic64_test.c
`-- lib/bitmap.c
`-- lib/iommu-helper.c
`-- lib/list_debug.c
`-- lib/plist.c
`-- lib/string.c
`-- lib/timerqueue.c
21 source file(s) touched in the new version
`-- arch/arm/mach-imx/cpu_op-mx51.c
`-- arch/arm/mach-ux500/board-mop500-pins.c
`-- arch/mips/fw/arc/cmdline.c
`-- arch/mips/fw/arc/identify.c
`-- arch/parisc/math-emu/fpudispatch.c
`-- arch/powerpc/kernel/pmc.c
`-- arch/powerpc/xmon/ppc-opc.c
`-- arch/powerpc/xmon/spu-opc.c
`-- arch/x86/kernel/paravirt.c
`-- arch/x86/mm/kmemcheck/selftest.c
`-- drivers/gpu/drm/radeon/cayman_blit_shaders.c
`-- drivers/gpu/drm/radeon/evergreen_blit_shaders.c
`-- drivers/gpu/drm/radeon/r600_blit_shaders.c
`-- drivers/staging/wlags49_h2/hcf.c
`-- lib/atomic64_test.c
`-- lib/bitmap.c
`-- lib/iommu-helper.c
`-- lib/list_debug.c
`-- lib/plist.c
`-- lib/string.c
`-- lib/timerqueue.c
[33mcompile base commit... [0m[33mok (5s)
[0m[33mapply [0m[33m50af5ead3b44... [0m[33mok (5s)
[0m[33mcompile target commit... [0m[33mok (6s)
[0mPREPARE:
[33m0s
[0mANALYZE:
COCCIGEN:
Unable to infer inclusion changes on more than 1 file
added  : set(['linux/bug.h', 'asm/debugreg.h'])
deleted: set([])
