BUILD:
[33mbase commit: 550116d21a65^1
[0m[33mtarget commit: 550116d21a65
[0m[33mchecking out base commit... [0m[33mok (2s)
[0m[33mformatting diff... [0m[33mok (2s)
[0m9 source file(s) touched in the old version
`-- arch/arc/kernel/unwind.c
`-- drivers/gpu/drm/amd/include/atombios.h
`-- drivers/gpu/drm/i915/i915_gem_render_state.c
`-- drivers/gpu/drm/radeon/atombios.h
`-- drivers/media/platform/exynos4-is/fimc-core.h
`-- drivers/net/wireless/ath/ath9k/ani.c
`-- drivers/net/wireless/realtek/rtlwifi/rtl8192se/fw.c
`-- drivers/scsi/bfa/bfi_ms.h
`-- net/netfilter/x_tables.c
9 source file(s) touched in the new version
`-- arch/arc/kernel/unwind.c
`-- drivers/gpu/drm/amd/include/atombios.h
`-- drivers/gpu/drm/i915/i915_gem_render_state.c
`-- drivers/gpu/drm/radeon/atombios.h
`-- drivers/media/platform/exynos4-is/fimc-core.h
`-- drivers/net/wireless/ath/ath9k/ani.c
`-- drivers/net/wireless/realtek/rtlwifi/rtl8192se/fw.c
`-- drivers/scsi/bfa/bfi_ms.h
`-- net/netfilter/x_tables.c
[33mcompile base commit... [0m[33mok (18s)
[0m[33mapply [0m[33m550116d21a65... [0m[33mok (18s)
[0m[33mcompile target commit... [0m[33mok (30s)
[0mPREPARE:
[33mcollect AST for functions: _rtl92s_get_h2c_cmdlen@drivers_net_wireless_realtek_rtlwifi_rtl8192se_fw.c,xt_compat_check_entry_offsets@net_netfilter_x_tables.c,_rtl92s_fill_h2c_cmd@drivers_net_wireless_realtek_rtlwifi_rtl8192se_fw.c
[0m[33mTransforming and linking bitcode files...
[0m[33m3s
[0mANALYZE:
COCCIGEN:
