BUILD:
[33mbase commit: 56550d94cbae^1
[0m[33mtarget commit: 56550d94cbae
[0m[33mchecking out base commit... [0m[33mok (1s)
[0m[33mformatting diff... [0m[33mok (1s)
[0m21 source file(s) touched in the old version
`-- drivers/gpu/drm/ast/ast_drv.c
`-- drivers/gpu/drm/cirrus/cirrus_drv.c
`-- drivers/gpu/drm/exynos/exynos_ddc.c
`-- drivers/gpu/drm/exynos/exynos_drm_drv.c
`-- drivers/gpu/drm/exynos/exynos_drm_fimc.c
`-- drivers/gpu/drm/exynos/exynos_drm_fimd.c
`-- drivers/gpu/drm/exynos/exynos_drm_g2d.c
`-- drivers/gpu/drm/exynos/exynos_drm_gsc.c
`-- drivers/gpu/drm/exynos/exynos_drm_hdmi.c
`-- drivers/gpu/drm/exynos/exynos_drm_ipp.c
`-- drivers/gpu/drm/exynos/exynos_drm_rotator.c
`-- drivers/gpu/drm/exynos/exynos_drm_vidi.c
`-- drivers/gpu/drm/exynos/exynos_hdmi.c
`-- drivers/gpu/drm/exynos/exynos_hdmiphy.c
`-- drivers/gpu/drm/exynos/exynos_mixer.c
`-- drivers/gpu/drm/gma500/tc35876x-dsi-lvds.c
`-- drivers/gpu/drm/i915/i915_drv.c
`-- drivers/gpu/drm/mgag200/mgag200_drv.c
`-- drivers/gpu/drm/nouveau/nouveau_drm.c
`-- drivers/gpu/drm/radeon/radeon_drv.c
`-- drivers/gpu/drm/shmobile/shmob_drm_drv.c
21 source file(s) touched in the new version
`-- drivers/gpu/drm/ast/ast_drv.c
`-- drivers/gpu/drm/cirrus/cirrus_drv.c
`-- drivers/gpu/drm/exynos/exynos_ddc.c
`-- drivers/gpu/drm/exynos/exynos_drm_drv.c
`-- drivers/gpu/drm/exynos/exynos_drm_fimc.c
`-- drivers/gpu/drm/exynos/exynos_drm_fimd.c
`-- drivers/gpu/drm/exynos/exynos_drm_g2d.c
`-- drivers/gpu/drm/exynos/exynos_drm_gsc.c
`-- drivers/gpu/drm/exynos/exynos_drm_hdmi.c
`-- drivers/gpu/drm/exynos/exynos_drm_ipp.c
`-- drivers/gpu/drm/exynos/exynos_drm_rotator.c
`-- drivers/gpu/drm/exynos/exynos_drm_vidi.c
`-- drivers/gpu/drm/exynos/exynos_hdmi.c
`-- drivers/gpu/drm/exynos/exynos_hdmiphy.c
`-- drivers/gpu/drm/exynos/exynos_mixer.c
`-- drivers/gpu/drm/gma500/tc35876x-dsi-lvds.c
`-- drivers/gpu/drm/i915/i915_drv.c
`-- drivers/gpu/drm/mgag200/mgag200_drv.c
`-- drivers/gpu/drm/nouveau/nouveau_drm.c
`-- drivers/gpu/drm/radeon/radeon_drv.c
`-- drivers/gpu/drm/shmobile/shmob_drm_drv.c
[33mcompile base commit... [0m[33mok (5s)
[0m[33mapply [0m[33m56550d94cbae... [0m[33mok (5s)
[0m[33mcompile target commit... [0m[33mok (8s)
[0mPREPARE:
[33m0s
[0mANALYZE:
COCCIGEN:
