BUILD:
[33mbase commit: 57de4ba959b2^1
[0m[33mtarget commit: 57de4ba959b2
[0m[33mchecking out base commit... [0m[33mok (1s)
[0m[33mformatting diff... [0m[33mok (1s)
[0m7 source file(s) touched in the old version
`-- drivers/gpu/drm/nouveau/nouveau_bo.c
`-- drivers/gpu/drm/radeon/radeon_object.c
`-- drivers/gpu/drm/ttm/ttm_bo.c
`-- drivers/gpu/drm/ttm/ttm_bo_util.c
`-- drivers/gpu/drm/vmwgfx/vmwgfx_resource.c
`-- include/drm/ttm/ttm_bo_api.h
`-- include/drm/ttm/ttm_bo_driver.h
7 source file(s) touched in the new version
`-- drivers/gpu/drm/nouveau/nouveau_bo.c
`-- drivers/gpu/drm/radeon/radeon_object.c
`-- drivers/gpu/drm/ttm/ttm_bo.c
`-- drivers/gpu/drm/ttm/ttm_bo_util.c
`-- drivers/gpu/drm/vmwgfx/vmwgfx_resource.c
`-- include/drm/ttm/ttm_bo_api.h
`-- include/drm/ttm/ttm_bo_driver.h
[33mcompile base commit... [0m[33mok (5s)
[0m[33mapply [0m[33m57de4ba959b2... [0m[33mok (5s)
[0m[33mcompile target commit... [0m[33mok (7s)
[0mPREPARE:
[33m0s
[0mANALYZE:
COCCIGEN:
