BUILD:
[33mbase commit: 57ed0f7b4375^1
[0m[33mtarget commit: 57ed0f7b4375
[0m[33mchecking out base commit... [0m[33mok (1s)
[0m[33mformatting diff... [0m[33mok (1s)
[0m10 source file(s) touched in the old version
`-- drivers/gpu/drm/drm_irq.c
`-- drivers/gpu/drm/exynos/exynos_drm_fimd.c
`-- drivers/gpu/drm/exynos/exynos_mixer.c
`-- drivers/gpu/drm/mga/mga_irq.c
`-- drivers/gpu/drm/omapdrm/omap_irq.c
`-- drivers/gpu/drm/radeon/radeon_irq.c
`-- drivers/gpu/drm/via/via_dmablit.c
`-- drivers/gpu/drm/via/via_irq.c
`-- drivers/gpu/drm/via/via_video.c
`-- include/drm/drm_os_linux.h
10 source file(s) touched in the new version
`-- drivers/gpu/drm/drm_irq.c
`-- drivers/gpu/drm/exynos/exynos_drm_fimd.c
`-- drivers/gpu/drm/exynos/exynos_mixer.c
`-- drivers/gpu/drm/mga/mga_irq.c
`-- drivers/gpu/drm/omapdrm/omap_irq.c
`-- drivers/gpu/drm/radeon/radeon_irq.c
`-- drivers/gpu/drm/via/via_dmablit.c
`-- drivers/gpu/drm/via/via_irq.c
`-- drivers/gpu/drm/via/via_video.c
`-- include/drm/drm_os_linux.h
[33mcompile base commit... [0m[33mok (6s)
[0m[33mapply [0m[33m57ed0f7b4375... [0m[33mok (6s)
[0m[33mcompile target commit... [0m[33mok (8s)
[0mPREPARE:
[33m0s
[0mANALYZE:
COCCIGEN:
