BUILD:
[33mbase commit: 58b6542b50de^1
[0m[33mtarget commit: 58b6542b50de
[0m[33mchecking out base commit... [0m[33mok (1s)
[0m[33mformatting diff... [0m[33mok (1s)
[0m7 source file(s) touched in the old version
`-- drivers/gpu/drm/nouveau/nouveau_mem.c
`-- drivers/gpu/drm/nouveau/nouveau_sgdma.c
`-- drivers/gpu/drm/nouveau/nouveau_state.c
`-- drivers/gpu/drm/nouveau/nv04_instmem.c
`-- drivers/gpu/drm/radeon/radeon_cp.c
`-- drivers/gpu/drm/radeon/radeon_kms.c
`-- include/drm/drmP.h
7 source file(s) touched in the new version
`-- drivers/gpu/drm/nouveau/nouveau_mem.c
`-- drivers/gpu/drm/nouveau/nouveau_sgdma.c
`-- drivers/gpu/drm/nouveau/nouveau_state.c
`-- drivers/gpu/drm/nouveau/nv04_instmem.c
`-- drivers/gpu/drm/radeon/radeon_cp.c
`-- drivers/gpu/drm/radeon/radeon_kms.c
`-- include/drm/drmP.h
[33mcompile base commit... [0m[33mok (6s)
[0m[33mapply [0m[33m58b6542b50de... [0m[33mok (6s)
[0m[33mcompile target commit... [0m[33mok (8s)
[0mPREPARE:
[33m0s
[0mANALYZE:
COCCIGEN:
