BUILD:
[33mbase commit: 5938628c51a7^1
[0m[33mtarget commit: 5938628c51a7
[0m[33mchecking out base commit... [0m[33mok (1s)
[0m[33mformatting diff... [0m[33mok (1s)
[0m2 source file(s) touched in the old version
`-- drivers/gpu/drm/radeon/radeon_device.c
`-- drivers/pci/quirks.c
2 source file(s) touched in the new version
`-- drivers/gpu/drm/radeon/radeon_device.c
`-- drivers/pci/quirks.c
[33mcompile base commit... [0m[33mok (17s)
[0m[33mapply [0m[33m5938628c51a7... [0m[33mok (17s)
[0m[33mcompile target commit... [0m[33mok (29s)
[0mPREPARE:
[33mcollect AST for functions: radeon_switcheroo_set_state@drivers_gpu_drm_radeon_radeon_device.c,radeon_px_quirk_list@drivers_gpu_drm_radeon_radeon_device.c
[0m[33mTransforming and linking bitcode files...
[0m[33m2s
[0mANALYZE:
COCCIGEN:
