BUILD:
[33mbase commit: 5c484cee7ef9^1
[0m[33mtarget commit: 5c484cee7ef9
[0m[33mchecking out base commit... [0m[33mok (1s)
[0m[33mformatting diff... [0m[33mok (1s)
[0m23 source file(s) touched in the old version
`-- drivers/gpu/drm/amd/amdgpu/amdgpu_drv.c
`-- drivers/gpu/drm/ast/ast_drv.c
`-- drivers/gpu/drm/bochs/bochs_drv.c
`-- drivers/gpu/drm/cirrus/cirrus_drv.c
`-- drivers/gpu/drm/drm_internal.h
`-- drivers/gpu/drm/drm_ioctl.c
`-- drivers/gpu/drm/drm_pci.c
`-- drivers/gpu/drm/gma500/psb_drv.c
`-- drivers/gpu/drm/i810/i810_drv.c
`-- drivers/gpu/drm/i915/i915_drv.c
`-- drivers/gpu/drm/mga/mga_drv.c
`-- drivers/gpu/drm/mgag200/mgag200_drv.c
`-- drivers/gpu/drm/nouveau/nouveau_drm.c
`-- drivers/gpu/drm/qxl/qxl_drv.c
`-- drivers/gpu/drm/r128/r128_drv.c
`-- drivers/gpu/drm/radeon/radeon_drv.c
`-- drivers/gpu/drm/savage/savage_drv.c
`-- drivers/gpu/drm/sis/sis_drv.c
`-- drivers/gpu/drm/tdfx/tdfx_drv.c
`-- drivers/gpu/drm/via/via_drv.c
`-- drivers/gpu/drm/vmwgfx/vmwgfx_drv.c
`-- include/drm/drm_drv.h
`-- include/drm/drm_pci.h
23 source file(s) touched in the new version
`-- drivers/gpu/drm/amd/amdgpu/amdgpu_drv.c
`-- drivers/gpu/drm/ast/ast_drv.c
`-- drivers/gpu/drm/bochs/bochs_drv.c
`-- drivers/gpu/drm/cirrus/cirrus_drv.c
`-- drivers/gpu/drm/drm_internal.h
`-- drivers/gpu/drm/drm_ioctl.c
`-- drivers/gpu/drm/drm_pci.c
`-- drivers/gpu/drm/gma500/psb_drv.c
`-- drivers/gpu/drm/i810/i810_drv.c
`-- drivers/gpu/drm/i915/i915_drv.c
`-- drivers/gpu/drm/mga/mga_drv.c
`-- drivers/gpu/drm/mgag200/mgag200_drv.c
`-- drivers/gpu/drm/nouveau/nouveau_drm.c
`-- drivers/gpu/drm/qxl/qxl_drv.c
`-- drivers/gpu/drm/r128/r128_drv.c
`-- drivers/gpu/drm/radeon/radeon_drv.c
`-- drivers/gpu/drm/savage/savage_drv.c
`-- drivers/gpu/drm/sis/sis_drv.c
`-- drivers/gpu/drm/tdfx/tdfx_drv.c
`-- drivers/gpu/drm/via/via_drv.c
`-- drivers/gpu/drm/vmwgfx/vmwgfx_drv.c
`-- include/drm/drm_drv.h
`-- include/drm/drm_pci.h
[33mcompile base commit... [0m[33mok (100s)
[0m[33mapply [0m[33m5c484cee7ef9... [0m[33mok (100s)
[0m[33mcompile target commit... [0m[33mok (138s)
[0mPREPARE:
[33mcollect AST for functions: driver@drivers_gpu_drm_ast_ast_drv.c,driver@drivers_gpu_drm_tdfx_tdfx_drv.c,drm_set_busid@drivers_gpu_drm_drm_ioctl.c,driver@drivers_gpu_drm_gma500_psb_drv.c,driver@drivers_gpu_drm_r128_r128_drv.c,driver@drivers_gpu_drm_mga_mga_drv.c,driver@drivers_gpu_drm_cirrus_cirrus_drv.c,bochs_driver@drivers_gpu_drm_bochs_bochs_drv.c,driver@drivers_gpu_drm_i810_i810_drv.c,driver@drivers_gpu_drm_sis_sis_drv.c,kms_driver@drivers_gpu_drm_amd_amdgpu_amdgpu_drv.c,driver@drivers_gpu_drm_i915_i915_drv.c,nouveau_drm_init@drivers_gpu_drm_nouveau_nouveau_drm.c,driver@drivers_gpu_drm_mgag200_mgag200_drv.c,driver@drivers_gpu_drm_vmwgfx_vmwgfx_drv.c,driver@drivers_gpu_drm_via_via_drv.c,driver@drivers_gpu_drm_savage_savage_drv.c,kms_driver@drivers_gpu_drm_radeon_radeon_drv.c,qxl_driver@drivers_gpu_drm_qxl_qxl_drv.c
[0m[33mTransforming and linking bitcode files...
[0m[33m17s
[0mANALYZE:
COCCIGEN:
//# pattern-1, witnesses: 17
@@
identifier s;
@@
 struct drm_driver s = {
-    .set_busid = drm_pci_set_busid,
 };
