BUILD:
[33mbase commit: 5d170139eb10^1
[0m[33mtarget commit: 5d170139eb10
[0m[33mchecking out base commit... [0m[33mok (1s)
[0m[33mformatting diff... [0m[33mok (1s)
[0m6 source file(s) touched in the old version
`-- drivers/gpu/drm/amd/amdgpu/amdgpu_atpx_handler.c
`-- drivers/gpu/drm/nouveau/nouveau_acpi.c
`-- drivers/gpu/drm/radeon/radeon_atpx_handler.c
`-- drivers/gpu/vga/vga_switcheroo.c
`-- drivers/platform/x86/apple-gmux.c
`-- include/linux/vga_switcheroo.h
6 source file(s) touched in the new version
`-- drivers/gpu/drm/amd/amdgpu/amdgpu_atpx_handler.c
`-- drivers/gpu/drm/nouveau/nouveau_acpi.c
`-- drivers/gpu/drm/radeon/radeon_atpx_handler.c
`-- drivers/gpu/vga/vga_switcheroo.c
`-- drivers/platform/x86/apple-gmux.c
`-- include/linux/vga_switcheroo.h
[33mcompile base commit... [0m[33mok (17s)
[0m[33mapply [0m[33m5d170139eb10... [0m[33mok (17s)
[0m[33mcompile target commit... [0m[33mok (29s)
[0mPREPARE:
[33mcollect AST for functions: radeon_atpx_handler@drivers_gpu_drm_radeon_radeon_atpx_handler.c,nouveau_dsm_handler@drivers_gpu_drm_nouveau_nouveau_acpi.c,gmux_handler@drivers_platform_x86_apple-gmux.c,amdgpu_atpx_handler@drivers_gpu_drm_amd_amdgpu_amdgpu_atpx_handler.c,vga_switcheroo_register_handler@drivers_gpu_vga_vga_switcheroo.c,vgasr_priv@drivers_gpu_vga_vga_switcheroo.c
[0m[33mTransforming and linking bitcode files...
[0m[33m1s
[0mANALYZE:
COCCIGEN:
//# pattern-2, witnesses: 4
@@
identifier s;
@@
- struct vga_switcheroo_handler s = {
+ const struct vga_switcheroo_handler s = {
 };
