BUILD:
[33mbase commit: 6137a0fec291^1
[0m[33mtarget commit: 6137a0fec291
[0m[33mchecking out base commit... [0m[33mok (1s)
[0m[33mformatting diff... [0m[33mok (1s)
[0m2 source file(s) touched in the old version
`-- drivers/gpu/drm/amd/amdgpu/cikd.h
`-- drivers/gpu/drm/radeon/cikd.h
2 source file(s) touched in the new version
`-- drivers/gpu/drm/amd/amdgpu/cikd.h
`-- drivers/gpu/drm/radeon/cikd.h
[33mcompile base commit... [0m[31mfailed[0m
PREPARE:
[31mLack a successful build
[0m
ANALYZE:
grep: fdiff.txt: No such file or directory
[31mLack a successful preparation
[0m
COCCIGEN:
