BUILD:
[33mbase commit: 65fcf668ee7f^1
[0m[33mtarget commit: 65fcf668ee7f
[0m[33mchecking out base commit... [0m[33mok (1s)
[0m[33mformatting diff... [0m[33mok (1s)
[0m10 source file(s) touched in the old version
`-- drivers/gpu/drm/radeon/cik.c
`-- drivers/gpu/drm/radeon/evergreen.c
`-- drivers/gpu/drm/radeon/ni.c
`-- drivers/gpu/drm/radeon/r600.c
`-- drivers/gpu/drm/radeon/radeon.h
`-- drivers/gpu/drm/radeon/radeon_drv.c
`-- drivers/gpu/drm/radeon/radeon_kms.c
`-- drivers/gpu/drm/radeon/rv770.c
`-- drivers/gpu/drm/radeon/si.c
`-- include/uapi/drm/radeon_drm.h
10 source file(s) touched in the new version
`-- drivers/gpu/drm/radeon/cik.c
`-- drivers/gpu/drm/radeon/evergreen.c
`-- drivers/gpu/drm/radeon/ni.c
`-- drivers/gpu/drm/radeon/r600.c
`-- drivers/gpu/drm/radeon/radeon.h
`-- drivers/gpu/drm/radeon/radeon_drv.c
`-- drivers/gpu/drm/radeon/radeon_kms.c
`-- drivers/gpu/drm/radeon/rv770.c
`-- drivers/gpu/drm/radeon/si.c
`-- include/uapi/drm/radeon_drm.h
[33mcompile base commit... [0m[33mok (6s)
[0m[33mapply [0m[33m65fcf668ee7f... [0m[33mok (6s)
[0m[33mcompile target commit... [0m[33mok (9s)
[0mPREPARE:
[33m0s
[0mANALYZE:
COCCIGEN:
