BUILD:
[33mbase commit: 6759a0a7a049^1
[0m[33mtarget commit: 6759a0a7a049
[0m[33mchecking out base commit... [0m[33mok (1s)
[0m[33mformatting diff... [0m[33mok (1s)
[0m10 source file(s) touched in the old version
`-- drivers/gpu/drm/radeon/r600.c
`-- drivers/gpu/drm/radeon/r600d.h
`-- drivers/gpu/drm/radeon/radeon.h
`-- drivers/gpu/drm/radeon/radeon_asic.h
`-- drivers/gpu/drm/radeon/radeon_device.c
`-- drivers/gpu/drm/radeon/radeon_drv.c
`-- drivers/gpu/drm/radeon/radeon_kms.c
`-- drivers/gpu/drm/radeon/si.c
`-- drivers/gpu/drm/radeon/sid.h
`-- include/drm/radeon_drm.h
10 source file(s) touched in the new version
`-- drivers/gpu/drm/radeon/r600.c
`-- drivers/gpu/drm/radeon/r600d.h
`-- drivers/gpu/drm/radeon/radeon.h
`-- drivers/gpu/drm/radeon/radeon_asic.h
`-- drivers/gpu/drm/radeon/radeon_device.c
`-- drivers/gpu/drm/radeon/radeon_drv.c
`-- drivers/gpu/drm/radeon/radeon_kms.c
`-- drivers/gpu/drm/radeon/si.c
`-- drivers/gpu/drm/radeon/sid.h
`-- include/drm/radeon_drm.h
[33mcompile base commit... [0m[33mok (5s)
[0m[33mapply [0m[33m6759a0a7a049... [0m[33mok (5s)
[0m[33mcompile target commit... [0m[33mok (7s)
[0mPREPARE:
[33m0s
[0mANALYZE:
COCCIGEN:
@@
@@
 #include <drivers/gpu/drm/radeon/radeon.h>
+#include <drivers/gpu/drm/radeon/radeon_asic.h>
