BUILD:
[33mbase commit: 6796cb16c088^1
[0m[33mtarget commit: 6796cb16c088
[0m[33mchecking out base commit... [0m[33mok (0s)
[0m[33mformatting diff... [0m[33mok (0s)
[0m15 source file(s) touched in the old version
`-- drivers/gpu/drm/ast/ast_ttm.c
`-- drivers/gpu/drm/bochs/bochs_mm.c
`-- drivers/gpu/drm/cirrus/cirrus_ttm.c
`-- drivers/gpu/drm/drm_fops.c
`-- drivers/gpu/drm/drm_stub.c
`-- drivers/gpu/drm/i915/i915_gem.c
`-- drivers/gpu/drm/mgag200/mgag200_ttm.c
`-- drivers/gpu/drm/nouveau/nouveau_gem.c
`-- drivers/gpu/drm/omapdrm/omap_gem.c
`-- drivers/gpu/drm/qxl/qxl_object.c
`-- drivers/gpu/drm/qxl/qxl_ttm.c
`-- drivers/gpu/drm/radeon/radeon_object.c
`-- drivers/gpu/drm/radeon/radeon_ttm.c
`-- drivers/gpu/drm/vmwgfx/vmwgfx_drv.c
`-- include/drm/drmP.h
15 source file(s) touched in the new version
`-- drivers/gpu/drm/ast/ast_ttm.c
`-- drivers/gpu/drm/bochs/bochs_mm.c
`-- drivers/gpu/drm/cirrus/cirrus_ttm.c
`-- drivers/gpu/drm/drm_fops.c
`-- drivers/gpu/drm/drm_stub.c
`-- drivers/gpu/drm/i915/i915_gem.c
`-- drivers/gpu/drm/mgag200/mgag200_ttm.c
`-- drivers/gpu/drm/nouveau/nouveau_gem.c
`-- drivers/gpu/drm/omapdrm/omap_gem.c
`-- drivers/gpu/drm/qxl/qxl_object.c
`-- drivers/gpu/drm/qxl/qxl_ttm.c
`-- drivers/gpu/drm/radeon/radeon_object.c
`-- drivers/gpu/drm/radeon/radeon_ttm.c
`-- drivers/gpu/drm/vmwgfx/vmwgfx_drv.c
`-- include/drm/drmP.h
[33mcompile base commit... [0m[33mok (6s)
[0m[33mapply [0m[33m6796cb16c088... [0m[33mok (6s)
[0m[33mcompile target commit... [0m[33mok (8s)
[0mPREPARE:
[33m0s
[0mANALYZE:
COCCIGEN:
