BUILD:
[33mbase commit: 67e8e3f970ad^1
[0m[33mtarget commit: 67e8e3f970ad
[0m[33mchecking out base commit... [0m[33mok (1s)
[0m[33mformatting diff... [0m[33mok (1s)
[0m6 source file(s) touched in the old version
`-- drivers/gpu/drm/radeon/radeon.h
`-- drivers/gpu/drm/radeon/radeon_kms.c
`-- drivers/gpu/drm/radeon/radeon_object.c
`-- drivers/gpu/drm/radeon/radeon_object.h
`-- drivers/gpu/drm/radeon/radeon_ttm.c
`-- include/uapi/drm/radeon_drm.h
6 source file(s) touched in the new version
`-- drivers/gpu/drm/radeon/radeon.h
`-- drivers/gpu/drm/radeon/radeon_kms.c
`-- drivers/gpu/drm/radeon/radeon_object.c
`-- drivers/gpu/drm/radeon/radeon_object.h
`-- drivers/gpu/drm/radeon/radeon_ttm.c
`-- include/uapi/drm/radeon_drm.h
[33mcompile base commit... [0m[33mok (11s)
[0m[33mapply [0m[33m67e8e3f970ad... [0m[33mok (11s)
[0m[33mcompile target commit... [0m[33mok (13s)
[0mPREPARE:
[33m1s
[0mANALYZE:
COCCIGEN:
