BUILD:
[33mbase commit: 69a0f89c0641^1
[0m[33mtarget commit: 69a0f89c0641
[0m[33mchecking out base commit... [0m[33mok (3s)
[0m[33mformatting diff... [0m[33mok (4s)
[0m3 source file(s) touched in the old version
`-- drivers/gpu/drm/i915/intel_dp_mst.c
`-- drivers/gpu/drm/radeon/radeon_dp_mst.c
`-- include/drm/drm_dp_mst_helper.h
3 source file(s) touched in the new version
`-- drivers/gpu/drm/i915/intel_dp_mst.c
`-- drivers/gpu/drm/radeon/radeon_dp_mst.c
`-- include/drm/drm_dp_mst_helper.h
[33mcompile base commit... [0m[33mok (18s)
[0m[33mapply [0m[33m69a0f89c0641... [0m[33mok (18s)
[0m[33mcompile target commit... [0m[33mok (30s)
[0mPREPARE:
[33mcollect AST for functions: mst_cbs@drivers_gpu_drm_i915_intel_dp_mst.c,mst_cbs@drivers_gpu_drm_radeon_radeon_dp_mst.c
[0m[33m0s
[0mANALYZE:
COCCIGEN:
//# pattern-1, witnesses: 2
@@
identifier s;
@@
- struct drm_dp_mst_topology_cbs s = {
+ const struct drm_dp_mst_topology_cbs s = {
 };
