BUILD:
[33mbase commit: 6b11d1d67713^1
[0m[33mtarget commit: 6b11d1d67713
[0m[33mchecking out base commit... [0m[33mok (1s)
[0m[33mformatting diff... [0m[33mok (1s)
[0m10 source file(s) touched in the old version
`-- arch/arm64/kernel/acpi.c
`-- drivers/acpi/nfit/core.c
`-- drivers/acpi/processor_core.c
`-- drivers/acpi/spcr.c
`-- drivers/acpi/tables.c
`-- drivers/gpu/drm/amd/amdgpu/amdgpu_bios.c
`-- drivers/gpu/drm/radeon/radeon_bios.c
`-- drivers/iommu/amd_iommu_init.c
`-- drivers/iommu/dmar.c
`-- drivers/mailbox/pcc.c
10 source file(s) touched in the new version
`-- arch/arm64/kernel/acpi.c
`-- drivers/acpi/nfit/core.c
`-- drivers/acpi/processor_core.c
`-- drivers/acpi/spcr.c
`-- drivers/acpi/tables.c
`-- drivers/gpu/drm/amd/amdgpu/amdgpu_bios.c
`-- drivers/gpu/drm/radeon/radeon_bios.c
`-- drivers/iommu/amd_iommu_init.c
`-- drivers/iommu/dmar.c
`-- drivers/mailbox/pcc.c
[33mcompile base commit... [0m[33mok (22s)
[0m[33mapply [0m[33m6b11d1d67713... [0m[33mok (22s)
[0m[33mcompile target commit... [0m[33mok (42s)
[0mPREPARE:
[33mcollect AST for functions: amdgpu_acpi_vfct_bios@drivers_gpu_drm_amd_amdgpu_amdgpu_bios.c,acpi_table_parse_entries_array@drivers_acpi_tables.c,parse_spcr@drivers_acpi_spcr.c,check_multiple_madt@drivers_acpi_tables.c,radeon_acpi_vfct_bios@drivers_gpu_drm_radeon_radeon_bios.c,detect_intel_iommu@drivers_iommu_dmar.c,acpi_pcc_probe@drivers_mailbox_pcc.c,acpi_map_madt_entry@drivers_acpi_processor_core.c,acpi_nfit_add@drivers_acpi_nfit_core.c,dmar_table_detect@drivers_iommu_dmar.c,early_amd_iommu_init@drivers_iommu_amd_iommu_init.c,acpi_table_parse@drivers_acpi_tables.c,detect_ivrs@drivers_iommu_amd_iommu_init.c
[0m[33mTransforming and linking bitcode files...
[0m[33m3s
[0mANALYZE:
COCCIGEN:
//# pattern-2, witnesses: 6
@@
expression IL1;
expression S0;
expression V2;
expression V3;
@@
- acpi_get_table_with_size(S0, IL1, &V2, &V3)
+ acpi_get_table(S0, IL1, &V2)
//# pattern-3, witnesses: 3
@@
expression V0;
expression V1;
expression V2;
@@
- acpi_size  = V0;
- early_acpi_os_unmap_memory(V1, V2);
+ acpi_put_table(V1);
//# pattern-4, witnesses: 2
@@
expression E0;
expression E1;
expression V2;
@@
- acpi_size tbl_size = tbl_size;
- acpi_get_table_with_size(E0, E1, &V2, &tbl_size);
+ acpi_get_table(E0, E1, &V2);
