BUILD:
[33mbase commit: 72b9076b2887^1
[0m[33mtarget commit: 72b9076b2887
[0m[33mchecking out base commit... [0m[33mok (1s)
[0m[33mformatting diff... [0m[33mok (1s)
[0m5 source file(s) touched in the old version
`-- drivers/gpu/drm/radeon/radeon.h
`-- drivers/gpu/drm/radeon/radeon_device.c
`-- drivers/gpu/drm/radeon/radeon_drv.c
`-- drivers/gpu/drm/radeon/radeon_kms.c
`-- include/uapi/drm/radeon_drm.h
5 source file(s) touched in the new version
`-- drivers/gpu/drm/radeon/radeon.h
`-- drivers/gpu/drm/radeon/radeon_device.c
`-- drivers/gpu/drm/radeon/radeon_drv.c
`-- drivers/gpu/drm/radeon/radeon_kms.c
`-- include/uapi/drm/radeon_drm.h
[33mcompile base commit... [0m[33mok (18s)
[0m[33mapply [0m[33m72b9076b2887... [0m[33mok (18s)
[0m[33mcompile target commit... [0m[33mok (30s)
[0mPREPARE:
[33mcollect AST for functions: radeon_info_ioctl@drivers_gpu_drm_radeon_radeon_kms.c,radeon_gpu_reset@drivers_gpu_drm_radeon_radeon_device.c
[0m[33mTransforming and linking bitcode files...
[0m[33m2s
[0mANALYZE:
COCCIGEN:
