BUILD:
[33mbase commit: 74561cd4f128^1
[0m[33mtarget commit: 74561cd4f128
[0m[33mchecking out base commit... [0m[33mok (2s)
[0m[33mformatting diff... [0m[33mok (2s)
[0m5 source file(s) touched in the old version
`-- drivers/gpu/drm/amd/amdgpu/amdgpu_ttm.c
`-- drivers/gpu/drm/nouveau/nouveau_bo.c
`-- drivers/gpu/drm/radeon/radeon_ttm.c
`-- drivers/gpu/drm/ttm/ttm_bo_util.c
`-- include/drm/ttm/ttm_bo_driver.h
5 source file(s) touched in the new version
`-- drivers/gpu/drm/amd/amdgpu/amdgpu_ttm.c
`-- drivers/gpu/drm/nouveau/nouveau_bo.c
`-- drivers/gpu/drm/radeon/radeon_ttm.c
`-- drivers/gpu/drm/ttm/ttm_bo_util.c
`-- include/drm/ttm/ttm_bo_driver.h
[33mcompile base commit... [0m[33mok (18s)
[0m[33mapply [0m[33m74561cd4f128... [0m[33mok (18s)
[0m[33mcompile target commit... [0m[33mok (30s)
[0mPREPARE:
[33mcollect AST for functions: amdgpu_move_blit@drivers_gpu_drm_amd_amdgpu_amdgpu_ttm.c,radeon_move_blit@drivers_gpu_drm_radeon_radeon_ttm.c,nouveau_bo_move_m2mf@drivers_gpu_drm_nouveau_nouveau_bo.c
[0m[33mTransforming and linking bitcode files...
[0m[33m3s
[0mANALYZE:
COCCIGEN:
//# pattern-1, witnesses: 3
@@
expression E0;
@@
- ttm_bo_move_accel_cleanup(bo, E0, evict, no_wait_gpu, new_mem)
+ ttm_bo_move_accel_cleanup(bo, E0, evict, new_mem)
