BUILD:
[33mbase commit: 760285e7e7ab^1
[0m[33mtarget commit: 760285e7e7ab
[0m[33mchecking out base commit... [0m[33mok (3s)
[0m[33mformatting diff... [0m[33mok (3s)
[0m376 source file(s) touched in the old version
`-- drivers/gpu/drm/ast/ast_drv.c
`-- drivers/gpu/drm/ast/ast_drv.h
`-- drivers/gpu/drm/ast/ast_fb.c
`-- drivers/gpu/drm/ast/ast_main.c
`-- drivers/gpu/drm/ast/ast_mode.c
`-- drivers/gpu/drm/ast/ast_post.c
`-- drivers/gpu/drm/ast/ast_ttm.c
`-- drivers/gpu/drm/ati_pcigart.c
`-- drivers/gpu/drm/cirrus/cirrus_drv.c
`-- drivers/gpu/drm/cirrus/cirrus_drv.h
`-- drivers/gpu/drm/cirrus/cirrus_fbdev.c
`-- drivers/gpu/drm/cirrus/cirrus_main.c
`-- drivers/gpu/drm/cirrus/cirrus_mode.c
`-- drivers/gpu/drm/cirrus/cirrus_ttm.c
`-- drivers/gpu/drm/drm_agpsupport.c
`-- drivers/gpu/drm/drm_auth.c
`-- drivers/gpu/drm/drm_buffer.c
`-- drivers/gpu/drm/drm_bufs.c
`-- drivers/gpu/drm/drm_cache.c
`-- drivers/gpu/drm/drm_context.c
`-- drivers/gpu/drm/drm_crtc.c
`-- drivers/gpu/drm/drm_crtc_helper.c
`-- drivers/gpu/drm/drm_debugfs.c
`-- drivers/gpu/drm/drm_dma.c
`-- drivers/gpu/drm/drm_dp_i2c_helper.c
`-- drivers/gpu/drm/drm_drv.c
`-- drivers/gpu/drm/drm_edid.c
`-- drivers/gpu/drm/drm_edid_load.c
`-- drivers/gpu/drm/drm_edid_modes.h
`-- drivers/gpu/drm/drm_encoder_slave.c
`-- drivers/gpu/drm/drm_fb_helper.c
`-- drivers/gpu/drm/drm_fops.c
`-- drivers/gpu/drm/drm_gem.c
`-- drivers/gpu/drm/drm_global.c
`-- drivers/gpu/drm/drm_hashtab.c
`-- drivers/gpu/drm/drm_info.c
`-- drivers/gpu/drm/drm_ioc32.c
`-- drivers/gpu/drm/drm_ioctl.c
`-- drivers/gpu/drm/drm_irq.c
`-- drivers/gpu/drm/drm_lock.c
`-- drivers/gpu/drm/drm_memory.c
`-- drivers/gpu/drm/drm_mm.c
`-- drivers/gpu/drm/drm_modes.c
`-- drivers/gpu/drm/drm_pci.c
`-- drivers/gpu/drm/drm_platform.c
`-- drivers/gpu/drm/drm_prime.c
`-- drivers/gpu/drm/drm_proc.c
`-- drivers/gpu/drm/drm_scatter.c
`-- drivers/gpu/drm/drm_stub.c
`-- drivers/gpu/drm/drm_sysfs.c
`-- drivers/gpu/drm/drm_trace_points.c
`-- drivers/gpu/drm/drm_usb.c
`-- drivers/gpu/drm/drm_vm.c
`-- drivers/gpu/drm/exynos/exynos_ddc.c
`-- drivers/gpu/drm/exynos/exynos_drm_buf.c
`-- drivers/gpu/drm/exynos/exynos_drm_connector.c
`-- drivers/gpu/drm/exynos/exynos_drm_core.c
`-- drivers/gpu/drm/exynos/exynos_drm_crtc.c
`-- drivers/gpu/drm/exynos/exynos_drm_dmabuf.c
`-- drivers/gpu/drm/exynos/exynos_drm_drv.c
`-- drivers/gpu/drm/exynos/exynos_drm_encoder.c
`-- drivers/gpu/drm/exynos/exynos_drm_fb.c
`-- drivers/gpu/drm/exynos/exynos_drm_fbdev.c
`-- drivers/gpu/drm/exynos/exynos_drm_fimd.c
`-- drivers/gpu/drm/exynos/exynos_drm_g2d.c
`-- drivers/gpu/drm/exynos/exynos_drm_gem.c
`-- drivers/gpu/drm/exynos/exynos_drm_hdmi.c
`-- drivers/gpu/drm/exynos/exynos_drm_plane.c
`-- drivers/gpu/drm/exynos/exynos_drm_vidi.c
`-- drivers/gpu/drm/exynos/exynos_hdmi.c
`-- drivers/gpu/drm/exynos/exynos_hdmiphy.c
`-- drivers/gpu/drm/exynos/exynos_mixer.c
`-- drivers/gpu/drm/gma500/cdv_device.c
`-- drivers/gpu/drm/gma500/gem.c
`-- drivers/gpu/drm/gma500/intel_bios.c
`-- drivers/gpu/drm/gma500/intel_gmbus.c
`-- drivers/gpu/drm/gma500/mid_bios.c
`-- drivers/gpu/drm/gma500/oaktrail_device.c
`-- drivers/gpu/drm/gma500/psb_device.c
`-- drivers/gpu/drm/gma500/psb_drv.c
`-- drivers/gpu/drm/gma500/psb_drv.h
`-- drivers/gpu/drm/gma500/psb_intel_sdvo.c
`-- drivers/gpu/drm/i2c/ch7006_priv.h
`-- drivers/gpu/drm/i2c/sil164_drv.c
`-- drivers/gpu/drm/i810/i810_dma.c
`-- drivers/gpu/drm/i810/i810_drv.c
`-- drivers/gpu/drm/i915/dvo.h
`-- drivers/gpu/drm/i915/i915_debugfs.c
`-- drivers/gpu/drm/i915/i915_dma.c
`-- drivers/gpu/drm/i915/i915_drv.c
`-- drivers/gpu/drm/i915/i915_gem.c
`-- drivers/gpu/drm/i915/i915_gem_context.c
`-- drivers/gpu/drm/i915/i915_gem_debug.c
`-- drivers/gpu/drm/i915/i915_gem_dmabuf.c
`-- drivers/gpu/drm/i915/i915_gem_evict.c
`-- drivers/gpu/drm/i915/i915_gem_execbuffer.c
`-- drivers/gpu/drm/i915/i915_gem_gtt.c
`-- drivers/gpu/drm/i915/i915_gem_stolen.c
`-- drivers/gpu/drm/i915/i915_gem_tiling.c
`-- drivers/gpu/drm/i915/i915_ioc32.c
`-- drivers/gpu/drm/i915/i915_irq.c
`-- drivers/gpu/drm/i915/i915_suspend.c
`-- drivers/gpu/drm/i915/intel_acpi.c
`-- drivers/gpu/drm/i915/intel_bios.c
`-- drivers/gpu/drm/i915/intel_bios.h
`-- drivers/gpu/drm/i915/intel_crt.c
`-- drivers/gpu/drm/i915/intel_display.c
`-- drivers/gpu/drm/i915/intel_dp.c
`-- drivers/gpu/drm/i915/intel_drv.h
`-- drivers/gpu/drm/i915/intel_dvo.c
`-- drivers/gpu/drm/i915/intel_fb.c
`-- drivers/gpu/drm/i915/intel_hdmi.c
`-- drivers/gpu/drm/i915/intel_i2c.c
`-- drivers/gpu/drm/i915/intel_lvds.c
`-- drivers/gpu/drm/i915/intel_modes.c
`-- drivers/gpu/drm/i915/intel_opregion.c
`-- drivers/gpu/drm/i915/intel_overlay.c
`-- drivers/gpu/drm/i915/intel_ringbuffer.c
`-- drivers/gpu/drm/i915/intel_sdvo.c
`-- drivers/gpu/drm/i915/intel_sprite.c
`-- drivers/gpu/drm/i915/intel_tv.c
`-- drivers/gpu/drm/mga/mga_dma.c
`-- drivers/gpu/drm/mga/mga_drv.c
`-- drivers/gpu/drm/mga/mga_ioc32.c
`-- drivers/gpu/drm/mga/mga_irq.c
`-- drivers/gpu/drm/mga/mga_state.c
`-- drivers/gpu/drm/mga/mga_warp.c
`-- drivers/gpu/drm/mgag200/mgag200_drv.c
`-- drivers/gpu/drm/mgag200/mgag200_drv.h
`-- drivers/gpu/drm/mgag200/mgag200_fb.c
`-- drivers/gpu/drm/mgag200/mgag200_i2c.c
`-- drivers/gpu/drm/mgag200/mgag200_main.c
`-- drivers/gpu/drm/mgag200/mgag200_mode.c
`-- drivers/gpu/drm/mgag200/mgag200_ttm.c
`-- drivers/gpu/drm/nouveau/nouveau_abi16.c
`-- drivers/gpu/drm/nouveau/nouveau_acpi.c
`-- drivers/gpu/drm/nouveau/nouveau_backlight.c
`-- drivers/gpu/drm/nouveau/nouveau_bios.c
`-- drivers/gpu/drm/nouveau/nouveau_bo.c
`-- drivers/gpu/drm/nouveau/nouveau_calc.c
`-- drivers/gpu/drm/nouveau/nouveau_channel.c
`-- drivers/gpu/drm/nouveau/nouveau_connector.c
`-- drivers/gpu/drm/nouveau/nouveau_connector.h
`-- drivers/gpu/drm/nouveau/nouveau_debugfs.c
`-- drivers/gpu/drm/nouveau/nouveau_display.c
`-- drivers/gpu/drm/nouveau/nouveau_dma.c
`-- drivers/gpu/drm/nouveau/nouveau_dp.c
`-- drivers/gpu/drm/nouveau/nouveau_drv.c
`-- drivers/gpu/drm/nouveau/nouveau_drv.h
`-- drivers/gpu/drm/nouveau/nouveau_encoder.h
`-- drivers/gpu/drm/nouveau/nouveau_fbcon.c
`-- drivers/gpu/drm/nouveau/nouveau_fbcon.h
`-- drivers/gpu/drm/nouveau/nouveau_fence.c
`-- drivers/gpu/drm/nouveau/nouveau_gem.c
`-- drivers/gpu/drm/nouveau/nouveau_gpio.c
`-- drivers/gpu/drm/nouveau/nouveau_gpuobj.c
`-- drivers/gpu/drm/nouveau/nouveau_hdmi.c
`-- drivers/gpu/drm/nouveau/nouveau_hw.c
`-- drivers/gpu/drm/nouveau/nouveau_hw.h
`-- drivers/gpu/drm/nouveau/nouveau_i2c.c
`-- drivers/gpu/drm/nouveau/nouveau_i2c.h
`-- drivers/gpu/drm/nouveau/nouveau_ioc32.c
`-- drivers/gpu/drm/nouveau/nouveau_irq.c
`-- drivers/gpu/drm/nouveau/nouveau_mem.c
`-- drivers/gpu/drm/nouveau/nouveau_mm.c
`-- drivers/gpu/drm/nouveau/nouveau_mxm.c
`-- drivers/gpu/drm/nouveau/nouveau_notifier.c
`-- drivers/gpu/drm/nouveau/nouveau_perf.c
`-- drivers/gpu/drm/nouveau/nouveau_pm.c
`-- drivers/gpu/drm/nouveau/nouveau_prime.c
`-- drivers/gpu/drm/nouveau/nouveau_ramht.c
`-- drivers/gpu/drm/nouveau/nouveau_sgdma.c
`-- drivers/gpu/drm/nouveau/nouveau_state.c
`-- drivers/gpu/drm/nouveau/nouveau_temp.c
`-- drivers/gpu/drm/nouveau/nouveau_ttm.c
`-- drivers/gpu/drm/nouveau/nouveau_vm.c
`-- drivers/gpu/drm/nouveau/nouveau_vm.h
`-- drivers/gpu/drm/nouveau/nouveau_volt.c
`-- drivers/gpu/drm/nouveau/nv04_crtc.c
`-- drivers/gpu/drm/nouveau/nv04_cursor.c
`-- drivers/gpu/drm/nouveau/nv04_dac.c
`-- drivers/gpu/drm/nouveau/nv04_dfp.c
`-- drivers/gpu/drm/nouveau/nv04_display.c
`-- drivers/gpu/drm/nouveau/nv04_fb.c
`-- drivers/gpu/drm/nouveau/nv04_fbcon.c
`-- drivers/gpu/drm/nouveau/nv04_fence.c
`-- drivers/gpu/drm/nouveau/nv04_fifo.c
`-- drivers/gpu/drm/nouveau/nv04_graph.c
`-- drivers/gpu/drm/nouveau/nv04_instmem.c
`-- drivers/gpu/drm/nouveau/nv04_mc.c
`-- drivers/gpu/drm/nouveau/nv04_pm.c
`-- drivers/gpu/drm/nouveau/nv04_software.c
`-- drivers/gpu/drm/nouveau/nv04_timer.c
`-- drivers/gpu/drm/nouveau/nv04_tv.c
`-- drivers/gpu/drm/nouveau/nv10_fb.c
`-- drivers/gpu/drm/nouveau/nv10_fence.c
`-- drivers/gpu/drm/nouveau/nv10_fifo.c
`-- drivers/gpu/drm/nouveau/nv10_gpio.c
`-- drivers/gpu/drm/nouveau/nv10_graph.c
`-- drivers/gpu/drm/nouveau/nv17_fifo.c
`-- drivers/gpu/drm/nouveau/nv17_tv.c
`-- drivers/gpu/drm/nouveau/nv17_tv_modes.c
`-- drivers/gpu/drm/nouveau/nv20_fb.c
`-- drivers/gpu/drm/nouveau/nv20_graph.c
`-- drivers/gpu/drm/nouveau/nv30_fb.c
`-- drivers/gpu/drm/nouveau/nv31_mpeg.c
`-- drivers/gpu/drm/nouveau/nv40_fb.c
`-- drivers/gpu/drm/nouveau/nv40_fifo.c
`-- drivers/gpu/drm/nouveau/nv40_graph.c
`-- drivers/gpu/drm/nouveau/nv40_grctx.c
`-- drivers/gpu/drm/nouveau/nv40_mc.c
`-- drivers/gpu/drm/nouveau/nv40_pm.c
`-- drivers/gpu/drm/nouveau/nv50_calc.c
`-- drivers/gpu/drm/nouveau/nv50_crtc.c
`-- drivers/gpu/drm/nouveau/nv50_cursor.c
`-- drivers/gpu/drm/nouveau/nv50_dac.c
`-- drivers/gpu/drm/nouveau/nv50_display.c
`-- drivers/gpu/drm/nouveau/nv50_display.h
`-- drivers/gpu/drm/nouveau/nv50_evo.c
`-- drivers/gpu/drm/nouveau/nv50_fb.c
`-- drivers/gpu/drm/nouveau/nv50_fbcon.c
`-- drivers/gpu/drm/nouveau/nv50_fifo.c
`-- drivers/gpu/drm/nouveau/nv50_gpio.c
`-- drivers/gpu/drm/nouveau/nv50_graph.c
`-- drivers/gpu/drm/nouveau/nv50_grctx.c
`-- drivers/gpu/drm/nouveau/nv50_instmem.c
`-- drivers/gpu/drm/nouveau/nv50_mc.c
`-- drivers/gpu/drm/nouveau/nv50_mpeg.c
`-- drivers/gpu/drm/nouveau/nv50_pm.c
`-- drivers/gpu/drm/nouveau/nv50_software.c
`-- drivers/gpu/drm/nouveau/nv50_sor.c
`-- drivers/gpu/drm/nouveau/nv50_vm.c
`-- drivers/gpu/drm/nouveau/nv50_vram.c
`-- drivers/gpu/drm/nouveau/nv84_bsp.c
`-- drivers/gpu/drm/nouveau/nv84_crypt.c
`-- drivers/gpu/drm/nouveau/nv84_fence.c
`-- drivers/gpu/drm/nouveau/nv84_fifo.c
`-- drivers/gpu/drm/nouveau/nv84_vp.c
`-- drivers/gpu/drm/nouveau/nv98_crypt.c
`-- drivers/gpu/drm/nouveau/nv98_ppp.c
`-- drivers/gpu/drm/nouveau/nva3_copy.c
`-- drivers/gpu/drm/nouveau/nva3_pm.c
`-- drivers/gpu/drm/nouveau/nvc0_copy.c
`-- drivers/gpu/drm/nouveau/nvc0_fb.c
`-- drivers/gpu/drm/nouveau/nvc0_fbcon.c
`-- drivers/gpu/drm/nouveau/nvc0_fence.c
`-- drivers/gpu/drm/nouveau/nvc0_fifo.c
`-- drivers/gpu/drm/nouveau/nvc0_graph.c
`-- drivers/gpu/drm/nouveau/nvc0_grctx.c
`-- drivers/gpu/drm/nouveau/nvc0_instmem.c
`-- drivers/gpu/drm/nouveau/nvc0_pm.c
`-- drivers/gpu/drm/nouveau/nvc0_software.c
`-- drivers/gpu/drm/nouveau/nvc0_vm.c
`-- drivers/gpu/drm/nouveau/nvc0_vram.c
`-- drivers/gpu/drm/nouveau/nvd0_display.c
`-- drivers/gpu/drm/nouveau/nve0_fifo.c
`-- drivers/gpu/drm/nouveau/nve0_graph.c
`-- drivers/gpu/drm/nouveau/nve0_grctx.c
`-- drivers/gpu/drm/r128/r128_cce.c
`-- drivers/gpu/drm/r128/r128_drv.c
`-- drivers/gpu/drm/r128/r128_ioc32.c
`-- drivers/gpu/drm/r128/r128_irq.c
`-- drivers/gpu/drm/r128/r128_state.c
`-- drivers/gpu/drm/radeon/atom.h
`-- drivers/gpu/drm/radeon/atombios_dp.c
`-- drivers/gpu/drm/radeon/atombios_encoders.c
`-- drivers/gpu/drm/radeon/atombios_i2c.c
`-- drivers/gpu/drm/radeon/evergreen.c
`-- drivers/gpu/drm/radeon/evergreen_blit_kms.c
`-- drivers/gpu/drm/radeon/evergreen_cs.c
`-- drivers/gpu/drm/radeon/evergreen_hdmi.c
`-- drivers/gpu/drm/radeon/ni.c
`-- drivers/gpu/drm/radeon/r100.c
`-- drivers/gpu/drm/radeon/r200.c
`-- drivers/gpu/drm/radeon/r300.c
`-- drivers/gpu/drm/radeon/r300_cmdbuf.c
`-- drivers/gpu/drm/radeon/r420.c
`-- drivers/gpu/drm/radeon/r520.c
`-- drivers/gpu/drm/radeon/r600.c
`-- drivers/gpu/drm/radeon/r600_audio.c
`-- drivers/gpu/drm/radeon/r600_blit.c
`-- drivers/gpu/drm/radeon/r600_blit_kms.c
`-- drivers/gpu/drm/radeon/r600_cp.c
`-- drivers/gpu/drm/radeon/r600_cs.c
`-- drivers/gpu/drm/radeon/r600_hdmi.c
`-- drivers/gpu/drm/radeon/radeon_acpi.c
`-- drivers/gpu/drm/radeon/radeon_agp.c
`-- drivers/gpu/drm/radeon/radeon_atombios.c
`-- drivers/gpu/drm/radeon/radeon_bios.c
`-- drivers/gpu/drm/radeon/radeon_clocks.c
`-- drivers/gpu/drm/radeon/radeon_combios.c
`-- drivers/gpu/drm/radeon/radeon_connectors.c
`-- drivers/gpu/drm/radeon/radeon_cp.c
`-- drivers/gpu/drm/radeon/radeon_cs.c
`-- drivers/gpu/drm/radeon/radeon_cursor.c
`-- drivers/gpu/drm/radeon/radeon_display.c
`-- drivers/gpu/drm/radeon/radeon_drv.c
`-- drivers/gpu/drm/radeon/radeon_encoders.c
`-- drivers/gpu/drm/radeon/radeon_fb.c
`-- drivers/gpu/drm/radeon/radeon_fence.c
`-- drivers/gpu/drm/radeon/radeon_gart.c
`-- drivers/gpu/drm/radeon/radeon_gem.c
`-- drivers/gpu/drm/radeon/radeon_i2c.c
`-- drivers/gpu/drm/radeon/radeon_ioc32.c
`-- drivers/gpu/drm/radeon/radeon_irq.c
`-- drivers/gpu/drm/radeon/radeon_irq_kms.c
`-- drivers/gpu/drm/radeon/radeon_kms.c
`-- drivers/gpu/drm/radeon/radeon_legacy_encoders.c
`-- drivers/gpu/drm/radeon/radeon_legacy_tv.c
`-- drivers/gpu/drm/radeon/radeon_mem.c
`-- drivers/gpu/drm/radeon/radeon_mode.h
`-- drivers/gpu/drm/radeon/radeon_object.c
`-- drivers/gpu/drm/radeon/radeon_pm.c
`-- drivers/gpu/drm/radeon/radeon_prime.c
`-- drivers/gpu/drm/radeon/radeon_ring.c
`-- drivers/gpu/drm/radeon/radeon_sa.c
`-- drivers/gpu/drm/radeon/radeon_semaphore.c
`-- drivers/gpu/drm/radeon/radeon_state.c
`-- drivers/gpu/drm/radeon/radeon_trace_points.c
`-- drivers/gpu/drm/radeon/rs600.c
`-- drivers/gpu/drm/radeon/rs690.c
`-- drivers/gpu/drm/radeon/rv515.c
`-- drivers/gpu/drm/radeon/rv770.c
`-- drivers/gpu/drm/radeon/si.c
`-- drivers/gpu/drm/savage/savage_bci.c
`-- drivers/gpu/drm/savage/savage_drv.c
`-- drivers/gpu/drm/savage/savage_state.c
`-- drivers/gpu/drm/sis/sis_drv.c
`-- drivers/gpu/drm/sis/sis_drv.h
`-- drivers/gpu/drm/sis/sis_mm.c
`-- drivers/gpu/drm/tdfx/tdfx_drv.c
`-- drivers/gpu/drm/ttm/ttm_agp_backend.c
`-- drivers/gpu/drm/ttm/ttm_bo.c
`-- drivers/gpu/drm/ttm/ttm_bo_manager.c
`-- drivers/gpu/drm/ttm/ttm_bo_util.c
`-- drivers/gpu/drm/ttm/ttm_execbuf_util.c
`-- drivers/gpu/drm/ttm/ttm_lock.c
`-- drivers/gpu/drm/ttm/ttm_memory.c
`-- drivers/gpu/drm/ttm/ttm_module.c
`-- drivers/gpu/drm/ttm/ttm_object.c
`-- drivers/gpu/drm/ttm/ttm_page_alloc.c
`-- drivers/gpu/drm/ttm/ttm_page_alloc_dma.c
`-- drivers/gpu/drm/ttm/ttm_tt.c
`-- drivers/gpu/drm/udl/udl_connector.c
`-- drivers/gpu/drm/udl/udl_drv.c
`-- drivers/gpu/drm/udl/udl_encoder.c
`-- drivers/gpu/drm/udl/udl_fb.c
`-- drivers/gpu/drm/udl/udl_gem.c
`-- drivers/gpu/drm/udl/udl_main.c
`-- drivers/gpu/drm/udl/udl_modeset.c
`-- drivers/gpu/drm/udl/udl_transfer.c
`-- drivers/gpu/drm/via/via_dma.c
`-- drivers/gpu/drm/via/via_dmablit.c
`-- drivers/gpu/drm/via/via_drv.c
`-- drivers/gpu/drm/via/via_drv.h
`-- drivers/gpu/drm/via/via_irq.c
`-- drivers/gpu/drm/via/via_map.c
`-- drivers/gpu/drm/via/via_mm.c
`-- drivers/gpu/drm/via/via_verifier.c
`-- drivers/gpu/drm/via/via_video.c
`-- drivers/gpu/drm/vmwgfx/vmwgfx_buffer.c
`-- drivers/gpu/drm/vmwgfx/vmwgfx_dmabuf.c
`-- drivers/gpu/drm/vmwgfx/vmwgfx_drv.c
`-- drivers/gpu/drm/vmwgfx/vmwgfx_drv.h
`-- drivers/gpu/drm/vmwgfx/vmwgfx_execbuf.c
`-- drivers/gpu/drm/vmwgfx/vmwgfx_fb.c
`-- drivers/gpu/drm/vmwgfx/vmwgfx_fence.c
`-- drivers/gpu/drm/vmwgfx/vmwgfx_fifo.c
`-- drivers/gpu/drm/vmwgfx/vmwgfx_gmr.c
`-- drivers/gpu/drm/vmwgfx/vmwgfx_gmrid_manager.c
`-- drivers/gpu/drm/vmwgfx/vmwgfx_ioctl.c
`-- drivers/gpu/drm/vmwgfx/vmwgfx_irq.c
`-- drivers/gpu/drm/vmwgfx/vmwgfx_kms.h
`-- drivers/gpu/drm/vmwgfx/vmwgfx_overlay.c
`-- drivers/gpu/drm/vmwgfx/vmwgfx_resource.c
`-- drivers/gpu/drm/vmwgfx/vmwgfx_ttm_glue.c
376 source file(s) touched in the new version
`-- drivers/gpu/drm/ast/ast_drv.c
`-- drivers/gpu/drm/ast/ast_drv.h
`-- drivers/gpu/drm/ast/ast_fb.c
`-- drivers/gpu/drm/ast/ast_main.c
`-- drivers/gpu/drm/ast/ast_mode.c
`-- drivers/gpu/drm/ast/ast_post.c
`-- drivers/gpu/drm/ast/ast_ttm.c
`-- drivers/gpu/drm/ati_pcigart.c
`-- drivers/gpu/drm/cirrus/cirrus_drv.c
`-- drivers/gpu/drm/cirrus/cirrus_drv.h
`-- drivers/gpu/drm/cirrus/cirrus_fbdev.c
`-- drivers/gpu/drm/cirrus/cirrus_main.c
`-- drivers/gpu/drm/cirrus/cirrus_mode.c
`-- drivers/gpu/drm/cirrus/cirrus_ttm.c
`-- drivers/gpu/drm/drm_agpsupport.c
`-- drivers/gpu/drm/drm_auth.c
`-- drivers/gpu/drm/drm_buffer.c
`-- drivers/gpu/drm/drm_bufs.c
`-- drivers/gpu/drm/drm_cache.c
`-- drivers/gpu/drm/drm_context.c
`-- drivers/gpu/drm/drm_crtc.c
`-- drivers/gpu/drm/drm_crtc_helper.c
`-- drivers/gpu/drm/drm_debugfs.c
`-- drivers/gpu/drm/drm_dma.c
`-- drivers/gpu/drm/drm_dp_i2c_helper.c
`-- drivers/gpu/drm/drm_drv.c
`-- drivers/gpu/drm/drm_edid.c
`-- drivers/gpu/drm/drm_edid_load.c
`-- drivers/gpu/drm/drm_edid_modes.h
`-- drivers/gpu/drm/drm_encoder_slave.c
`-- drivers/gpu/drm/drm_fb_helper.c
`-- drivers/gpu/drm/drm_fops.c
`-- drivers/gpu/drm/drm_gem.c
`-- drivers/gpu/drm/drm_global.c
`-- drivers/gpu/drm/drm_hashtab.c
`-- drivers/gpu/drm/drm_info.c
`-- drivers/gpu/drm/drm_ioc32.c
`-- drivers/gpu/drm/drm_ioctl.c
`-- drivers/gpu/drm/drm_irq.c
`-- drivers/gpu/drm/drm_lock.c
`-- drivers/gpu/drm/drm_memory.c
`-- drivers/gpu/drm/drm_mm.c
`-- drivers/gpu/drm/drm_modes.c
`-- drivers/gpu/drm/drm_pci.c
`-- drivers/gpu/drm/drm_platform.c
`-- drivers/gpu/drm/drm_prime.c
`-- drivers/gpu/drm/drm_proc.c
`-- drivers/gpu/drm/drm_scatter.c
`-- drivers/gpu/drm/drm_stub.c
`-- drivers/gpu/drm/drm_sysfs.c
`-- drivers/gpu/drm/drm_trace_points.c
`-- drivers/gpu/drm/drm_usb.c
`-- drivers/gpu/drm/drm_vm.c
`-- drivers/gpu/drm/exynos/exynos_ddc.c
`-- drivers/gpu/drm/exynos/exynos_drm_buf.c
`-- drivers/gpu/drm/exynos/exynos_drm_connector.c
`-- drivers/gpu/drm/exynos/exynos_drm_core.c
`-- drivers/gpu/drm/exynos/exynos_drm_crtc.c
`-- drivers/gpu/drm/exynos/exynos_drm_dmabuf.c
`-- drivers/gpu/drm/exynos/exynos_drm_drv.c
`-- drivers/gpu/drm/exynos/exynos_drm_encoder.c
`-- drivers/gpu/drm/exynos/exynos_drm_fb.c
`-- drivers/gpu/drm/exynos/exynos_drm_fbdev.c
`-- drivers/gpu/drm/exynos/exynos_drm_fimd.c
`-- drivers/gpu/drm/exynos/exynos_drm_g2d.c
`-- drivers/gpu/drm/exynos/exynos_drm_gem.c
`-- drivers/gpu/drm/exynos/exynos_drm_hdmi.c
`-- drivers/gpu/drm/exynos/exynos_drm_plane.c
`-- drivers/gpu/drm/exynos/exynos_drm_vidi.c
`-- drivers/gpu/drm/exynos/exynos_hdmi.c
`-- drivers/gpu/drm/exynos/exynos_hdmiphy.c
`-- drivers/gpu/drm/exynos/exynos_mixer.c
`-- drivers/gpu/drm/gma500/cdv_device.c
`-- drivers/gpu/drm/gma500/gem.c
`-- drivers/gpu/drm/gma500/intel_bios.c
`-- drivers/gpu/drm/gma500/intel_gmbus.c
`-- drivers/gpu/drm/gma500/mid_bios.c
`-- drivers/gpu/drm/gma500/oaktrail_device.c
`-- drivers/gpu/drm/gma500/psb_device.c
`-- drivers/gpu/drm/gma500/psb_drv.c
`-- drivers/gpu/drm/gma500/psb_drv.h
`-- drivers/gpu/drm/gma500/psb_intel_sdvo.c
`-- drivers/gpu/drm/i2c/ch7006_priv.h
`-- drivers/gpu/drm/i2c/sil164_drv.c
`-- drivers/gpu/drm/i810/i810_dma.c
`-- drivers/gpu/drm/i810/i810_drv.c
`-- drivers/gpu/drm/i915/dvo.h
`-- drivers/gpu/drm/i915/i915_debugfs.c
`-- drivers/gpu/drm/i915/i915_dma.c
`-- drivers/gpu/drm/i915/i915_drv.c
`-- drivers/gpu/drm/i915/i915_gem.c
`-- drivers/gpu/drm/i915/i915_gem_context.c
`-- drivers/gpu/drm/i915/i915_gem_debug.c
`-- drivers/gpu/drm/i915/i915_gem_dmabuf.c
`-- drivers/gpu/drm/i915/i915_gem_evict.c
`-- drivers/gpu/drm/i915/i915_gem_execbuffer.c
`-- drivers/gpu/drm/i915/i915_gem_gtt.c
`-- drivers/gpu/drm/i915/i915_gem_stolen.c
`-- drivers/gpu/drm/i915/i915_gem_tiling.c
`-- drivers/gpu/drm/i915/i915_ioc32.c
`-- drivers/gpu/drm/i915/i915_irq.c
`-- drivers/gpu/drm/i915/i915_suspend.c
`-- drivers/gpu/drm/i915/intel_acpi.c
`-- drivers/gpu/drm/i915/intel_bios.c
`-- drivers/gpu/drm/i915/intel_bios.h
`-- drivers/gpu/drm/i915/intel_crt.c
`-- drivers/gpu/drm/i915/intel_display.c
`-- drivers/gpu/drm/i915/intel_dp.c
`-- drivers/gpu/drm/i915/intel_drv.h
`-- drivers/gpu/drm/i915/intel_dvo.c
`-- drivers/gpu/drm/i915/intel_fb.c
`-- drivers/gpu/drm/i915/intel_hdmi.c
`-- drivers/gpu/drm/i915/intel_i2c.c
`-- drivers/gpu/drm/i915/intel_lvds.c
`-- drivers/gpu/drm/i915/intel_modes.c
`-- drivers/gpu/drm/i915/intel_opregion.c
`-- drivers/gpu/drm/i915/intel_overlay.c
`-- drivers/gpu/drm/i915/intel_ringbuffer.c
`-- drivers/gpu/drm/i915/intel_sdvo.c
`-- drivers/gpu/drm/i915/intel_sprite.c
`-- drivers/gpu/drm/i915/intel_tv.c
`-- drivers/gpu/drm/mga/mga_dma.c
`-- drivers/gpu/drm/mga/mga_drv.c
`-- drivers/gpu/drm/mga/mga_ioc32.c
`-- drivers/gpu/drm/mga/mga_irq.c
`-- drivers/gpu/drm/mga/mga_state.c
`-- drivers/gpu/drm/mga/mga_warp.c
`-- drivers/gpu/drm/mgag200/mgag200_drv.c
`-- drivers/gpu/drm/mgag200/mgag200_drv.h
`-- drivers/gpu/drm/mgag200/mgag200_fb.c
`-- drivers/gpu/drm/mgag200/mgag200_i2c.c
`-- drivers/gpu/drm/mgag200/mgag200_main.c
`-- drivers/gpu/drm/mgag200/mgag200_mode.c
`-- drivers/gpu/drm/mgag200/mgag200_ttm.c
`-- drivers/gpu/drm/nouveau/nouveau_abi16.c
`-- drivers/gpu/drm/nouveau/nouveau_acpi.c
`-- drivers/gpu/drm/nouveau/nouveau_backlight.c
`-- drivers/gpu/drm/nouveau/nouveau_bios.c
`-- drivers/gpu/drm/nouveau/nouveau_bo.c
`-- drivers/gpu/drm/nouveau/nouveau_calc.c
`-- drivers/gpu/drm/nouveau/nouveau_channel.c
`-- drivers/gpu/drm/nouveau/nouveau_connector.c
`-- drivers/gpu/drm/nouveau/nouveau_connector.h
`-- drivers/gpu/drm/nouveau/nouveau_debugfs.c
`-- drivers/gpu/drm/nouveau/nouveau_display.c
`-- drivers/gpu/drm/nouveau/nouveau_dma.c
`-- drivers/gpu/drm/nouveau/nouveau_dp.c
`-- drivers/gpu/drm/nouveau/nouveau_drv.c
`-- drivers/gpu/drm/nouveau/nouveau_drv.h
`-- drivers/gpu/drm/nouveau/nouveau_encoder.h
`-- drivers/gpu/drm/nouveau/nouveau_fbcon.c
`-- drivers/gpu/drm/nouveau/nouveau_fbcon.h
`-- drivers/gpu/drm/nouveau/nouveau_fence.c
`-- drivers/gpu/drm/nouveau/nouveau_gem.c
`-- drivers/gpu/drm/nouveau/nouveau_gpio.c
`-- drivers/gpu/drm/nouveau/nouveau_gpuobj.c
`-- drivers/gpu/drm/nouveau/nouveau_hdmi.c
`-- drivers/gpu/drm/nouveau/nouveau_hw.c
`-- drivers/gpu/drm/nouveau/nouveau_hw.h
`-- drivers/gpu/drm/nouveau/nouveau_i2c.c
`-- drivers/gpu/drm/nouveau/nouveau_i2c.h
`-- drivers/gpu/drm/nouveau/nouveau_ioc32.c
`-- drivers/gpu/drm/nouveau/nouveau_irq.c
`-- drivers/gpu/drm/nouveau/nouveau_mem.c
`-- drivers/gpu/drm/nouveau/nouveau_mm.c
`-- drivers/gpu/drm/nouveau/nouveau_mxm.c
`-- drivers/gpu/drm/nouveau/nouveau_notifier.c
`-- drivers/gpu/drm/nouveau/nouveau_perf.c
`-- drivers/gpu/drm/nouveau/nouveau_pm.c
`-- drivers/gpu/drm/nouveau/nouveau_prime.c
`-- drivers/gpu/drm/nouveau/nouveau_ramht.c
`-- drivers/gpu/drm/nouveau/nouveau_sgdma.c
`-- drivers/gpu/drm/nouveau/nouveau_state.c
`-- drivers/gpu/drm/nouveau/nouveau_temp.c
`-- drivers/gpu/drm/nouveau/nouveau_ttm.c
`-- drivers/gpu/drm/nouveau/nouveau_vm.c
`-- drivers/gpu/drm/nouveau/nouveau_vm.h
`-- drivers/gpu/drm/nouveau/nouveau_volt.c
`-- drivers/gpu/drm/nouveau/nv04_crtc.c
`-- drivers/gpu/drm/nouveau/nv04_cursor.c
`-- drivers/gpu/drm/nouveau/nv04_dac.c
`-- drivers/gpu/drm/nouveau/nv04_dfp.c
`-- drivers/gpu/drm/nouveau/nv04_display.c
`-- drivers/gpu/drm/nouveau/nv04_fb.c
`-- drivers/gpu/drm/nouveau/nv04_fbcon.c
`-- drivers/gpu/drm/nouveau/nv04_fence.c
`-- drivers/gpu/drm/nouveau/nv04_fifo.c
`-- drivers/gpu/drm/nouveau/nv04_graph.c
`-- drivers/gpu/drm/nouveau/nv04_instmem.c
`-- drivers/gpu/drm/nouveau/nv04_mc.c
`-- drivers/gpu/drm/nouveau/nv04_pm.c
`-- drivers/gpu/drm/nouveau/nv04_software.c
`-- drivers/gpu/drm/nouveau/nv04_timer.c
`-- drivers/gpu/drm/nouveau/nv04_tv.c
`-- drivers/gpu/drm/nouveau/nv10_fb.c
`-- drivers/gpu/drm/nouveau/nv10_fence.c
`-- drivers/gpu/drm/nouveau/nv10_fifo.c
`-- drivers/gpu/drm/nouveau/nv10_gpio.c
`-- drivers/gpu/drm/nouveau/nv10_graph.c
`-- drivers/gpu/drm/nouveau/nv17_fifo.c
`-- drivers/gpu/drm/nouveau/nv17_tv.c
`-- drivers/gpu/drm/nouveau/nv17_tv_modes.c
`-- drivers/gpu/drm/nouveau/nv20_fb.c
`-- drivers/gpu/drm/nouveau/nv20_graph.c
`-- drivers/gpu/drm/nouveau/nv30_fb.c
`-- drivers/gpu/drm/nouveau/nv31_mpeg.c
`-- drivers/gpu/drm/nouveau/nv40_fb.c
`-- drivers/gpu/drm/nouveau/nv40_fifo.c
`-- drivers/gpu/drm/nouveau/nv40_graph.c
`-- drivers/gpu/drm/nouveau/nv40_grctx.c
`-- drivers/gpu/drm/nouveau/nv40_mc.c
`-- drivers/gpu/drm/nouveau/nv40_pm.c
`-- drivers/gpu/drm/nouveau/nv50_calc.c
`-- drivers/gpu/drm/nouveau/nv50_crtc.c
`-- drivers/gpu/drm/nouveau/nv50_cursor.c
`-- drivers/gpu/drm/nouveau/nv50_dac.c
`-- drivers/gpu/drm/nouveau/nv50_display.c
`-- drivers/gpu/drm/nouveau/nv50_display.h
`-- drivers/gpu/drm/nouveau/nv50_evo.c
`-- drivers/gpu/drm/nouveau/nv50_fb.c
`-- drivers/gpu/drm/nouveau/nv50_fbcon.c
`-- drivers/gpu/drm/nouveau/nv50_fifo.c
`-- drivers/gpu/drm/nouveau/nv50_gpio.c
`-- drivers/gpu/drm/nouveau/nv50_graph.c
`-- drivers/gpu/drm/nouveau/nv50_grctx.c
`-- drivers/gpu/drm/nouveau/nv50_instmem.c
`-- drivers/gpu/drm/nouveau/nv50_mc.c
`-- drivers/gpu/drm/nouveau/nv50_mpeg.c
`-- drivers/gpu/drm/nouveau/nv50_pm.c
`-- drivers/gpu/drm/nouveau/nv50_software.c
`-- drivers/gpu/drm/nouveau/nv50_sor.c
`-- drivers/gpu/drm/nouveau/nv50_vm.c
`-- drivers/gpu/drm/nouveau/nv50_vram.c
`-- drivers/gpu/drm/nouveau/nv84_bsp.c
`-- drivers/gpu/drm/nouveau/nv84_crypt.c
`-- drivers/gpu/drm/nouveau/nv84_fence.c
`-- drivers/gpu/drm/nouveau/nv84_fifo.c
`-- drivers/gpu/drm/nouveau/nv84_vp.c
`-- drivers/gpu/drm/nouveau/nv98_crypt.c
`-- drivers/gpu/drm/nouveau/nv98_ppp.c
`-- drivers/gpu/drm/nouveau/nva3_copy.c
`-- drivers/gpu/drm/nouveau/nva3_pm.c
`-- drivers/gpu/drm/nouveau/nvc0_copy.c
`-- drivers/gpu/drm/nouveau/nvc0_fb.c
`-- drivers/gpu/drm/nouveau/nvc0_fbcon.c
`-- drivers/gpu/drm/nouveau/nvc0_fence.c
`-- drivers/gpu/drm/nouveau/nvc0_fifo.c
`-- drivers/gpu/drm/nouveau/nvc0_graph.c
`-- drivers/gpu/drm/nouveau/nvc0_grctx.c
`-- drivers/gpu/drm/nouveau/nvc0_instmem.c
`-- drivers/gpu/drm/nouveau/nvc0_pm.c
`-- drivers/gpu/drm/nouveau/nvc0_software.c
`-- drivers/gpu/drm/nouveau/nvc0_vm.c
`-- drivers/gpu/drm/nouveau/nvc0_vram.c
`-- drivers/gpu/drm/nouveau/nvd0_display.c
`-- drivers/gpu/drm/nouveau/nve0_fifo.c
`-- drivers/gpu/drm/nouveau/nve0_graph.c
`-- drivers/gpu/drm/nouveau/nve0_grctx.c
`-- drivers/gpu/drm/r128/r128_cce.c
`-- drivers/gpu/drm/r128/r128_drv.c
`-- drivers/gpu/drm/r128/r128_ioc32.c
`-- drivers/gpu/drm/r128/r128_irq.c
`-- drivers/gpu/drm/r128/r128_state.c
`-- drivers/gpu/drm/radeon/atom.h
`-- drivers/gpu/drm/radeon/atombios_dp.c
`-- drivers/gpu/drm/radeon/atombios_encoders.c
`-- drivers/gpu/drm/radeon/atombios_i2c.c
`-- drivers/gpu/drm/radeon/evergreen.c
`-- drivers/gpu/drm/radeon/evergreen_blit_kms.c
`-- drivers/gpu/drm/radeon/evergreen_cs.c
`-- drivers/gpu/drm/radeon/evergreen_hdmi.c
`-- drivers/gpu/drm/radeon/ni.c
`-- drivers/gpu/drm/radeon/r100.c
`-- drivers/gpu/drm/radeon/r200.c
`-- drivers/gpu/drm/radeon/r300.c
`-- drivers/gpu/drm/radeon/r300_cmdbuf.c
`-- drivers/gpu/drm/radeon/r420.c
`-- drivers/gpu/drm/radeon/r520.c
`-- drivers/gpu/drm/radeon/r600.c
`-- drivers/gpu/drm/radeon/r600_audio.c
`-- drivers/gpu/drm/radeon/r600_blit.c
`-- drivers/gpu/drm/radeon/r600_blit_kms.c
`-- drivers/gpu/drm/radeon/r600_cp.c
`-- drivers/gpu/drm/radeon/r600_cs.c
`-- drivers/gpu/drm/radeon/r600_hdmi.c
`-- drivers/gpu/drm/radeon/radeon_acpi.c
`-- drivers/gpu/drm/radeon/radeon_agp.c
`-- drivers/gpu/drm/radeon/radeon_atombios.c
`-- drivers/gpu/drm/radeon/radeon_bios.c
`-- drivers/gpu/drm/radeon/radeon_clocks.c
`-- drivers/gpu/drm/radeon/radeon_combios.c
`-- drivers/gpu/drm/radeon/radeon_connectors.c
`-- drivers/gpu/drm/radeon/radeon_cp.c
`-- drivers/gpu/drm/radeon/radeon_cs.c
`-- drivers/gpu/drm/radeon/radeon_cursor.c
`-- drivers/gpu/drm/radeon/radeon_display.c
`-- drivers/gpu/drm/radeon/radeon_drv.c
`-- drivers/gpu/drm/radeon/radeon_encoders.c
`-- drivers/gpu/drm/radeon/radeon_fb.c
`-- drivers/gpu/drm/radeon/radeon_fence.c
`-- drivers/gpu/drm/radeon/radeon_gart.c
`-- drivers/gpu/drm/radeon/radeon_gem.c
`-- drivers/gpu/drm/radeon/radeon_i2c.c
`-- drivers/gpu/drm/radeon/radeon_ioc32.c
`-- drivers/gpu/drm/radeon/radeon_irq.c
`-- drivers/gpu/drm/radeon/radeon_irq_kms.c
`-- drivers/gpu/drm/radeon/radeon_kms.c
`-- drivers/gpu/drm/radeon/radeon_legacy_encoders.c
`-- drivers/gpu/drm/radeon/radeon_legacy_tv.c
`-- drivers/gpu/drm/radeon/radeon_mem.c
`-- drivers/gpu/drm/radeon/radeon_mode.h
`-- drivers/gpu/drm/radeon/radeon_object.c
`-- drivers/gpu/drm/radeon/radeon_pm.c
`-- drivers/gpu/drm/radeon/radeon_prime.c
`-- drivers/gpu/drm/radeon/radeon_ring.c
`-- drivers/gpu/drm/radeon/radeon_sa.c
`-- drivers/gpu/drm/radeon/radeon_semaphore.c
`-- drivers/gpu/drm/radeon/radeon_state.c
`-- drivers/gpu/drm/radeon/radeon_trace_points.c
`-- drivers/gpu/drm/radeon/rs600.c
`-- drivers/gpu/drm/radeon/rs690.c
`-- drivers/gpu/drm/radeon/rv515.c
`-- drivers/gpu/drm/radeon/rv770.c
`-- drivers/gpu/drm/radeon/si.c
`-- drivers/gpu/drm/savage/savage_bci.c
`-- drivers/gpu/drm/savage/savage_drv.c
`-- drivers/gpu/drm/savage/savage_state.c
`-- drivers/gpu/drm/sis/sis_drv.c
`-- drivers/gpu/drm/sis/sis_drv.h
`-- drivers/gpu/drm/sis/sis_mm.c
`-- drivers/gpu/drm/tdfx/tdfx_drv.c
`-- drivers/gpu/drm/ttm/ttm_agp_backend.c
`-- drivers/gpu/drm/ttm/ttm_bo.c
`-- drivers/gpu/drm/ttm/ttm_bo_manager.c
`-- drivers/gpu/drm/ttm/ttm_bo_util.c
`-- drivers/gpu/drm/ttm/ttm_execbuf_util.c
`-- drivers/gpu/drm/ttm/ttm_lock.c
`-- drivers/gpu/drm/ttm/ttm_memory.c
`-- drivers/gpu/drm/ttm/ttm_module.c
`-- drivers/gpu/drm/ttm/ttm_object.c
`-- drivers/gpu/drm/ttm/ttm_page_alloc.c
`-- drivers/gpu/drm/ttm/ttm_page_alloc_dma.c
`-- drivers/gpu/drm/ttm/ttm_tt.c
`-- drivers/gpu/drm/udl/udl_connector.c
`-- drivers/gpu/drm/udl/udl_drv.c
`-- drivers/gpu/drm/udl/udl_encoder.c
`-- drivers/gpu/drm/udl/udl_fb.c
`-- drivers/gpu/drm/udl/udl_gem.c
`-- drivers/gpu/drm/udl/udl_main.c
`-- drivers/gpu/drm/udl/udl_modeset.c
`-- drivers/gpu/drm/udl/udl_transfer.c
`-- drivers/gpu/drm/via/via_dma.c
`-- drivers/gpu/drm/via/via_dmablit.c
`-- drivers/gpu/drm/via/via_drv.c
`-- drivers/gpu/drm/via/via_drv.h
`-- drivers/gpu/drm/via/via_irq.c
`-- drivers/gpu/drm/via/via_map.c
`-- drivers/gpu/drm/via/via_mm.c
`-- drivers/gpu/drm/via/via_verifier.c
`-- drivers/gpu/drm/via/via_video.c
`-- drivers/gpu/drm/vmwgfx/vmwgfx_buffer.c
`-- drivers/gpu/drm/vmwgfx/vmwgfx_dmabuf.c
`-- drivers/gpu/drm/vmwgfx/vmwgfx_drv.c
`-- drivers/gpu/drm/vmwgfx/vmwgfx_drv.h
`-- drivers/gpu/drm/vmwgfx/vmwgfx_execbuf.c
`-- drivers/gpu/drm/vmwgfx/vmwgfx_fb.c
`-- drivers/gpu/drm/vmwgfx/vmwgfx_fence.c
`-- drivers/gpu/drm/vmwgfx/vmwgfx_fifo.c
`-- drivers/gpu/drm/vmwgfx/vmwgfx_gmr.c
`-- drivers/gpu/drm/vmwgfx/vmwgfx_gmrid_manager.c
`-- drivers/gpu/drm/vmwgfx/vmwgfx_ioctl.c
`-- drivers/gpu/drm/vmwgfx/vmwgfx_irq.c
`-- drivers/gpu/drm/vmwgfx/vmwgfx_kms.h
`-- drivers/gpu/drm/vmwgfx/vmwgfx_overlay.c
`-- drivers/gpu/drm/vmwgfx/vmwgfx_resource.c
`-- drivers/gpu/drm/vmwgfx/vmwgfx_ttm_glue.c
[33mcompile base commit... [0m[33mok (9s)
[0m[33mapply [0m[33m760285e7e7ab... [0m[33mok (9s)
[0m[33mcompile target commit... [0m[33mok (13s)
[0mPREPARE:
[33m0s
[0mANALYZE:
COCCIGEN:
Unable to infer inclusion changes on more than 1 file
added  : set(['drm/i2c/sil164.h', 'drm/drm_dp_helper.h', 'linux/string.h', 'drm/savage_drm.h', 'drm/ttm/ttm_placement.h', 'drm/via_drm.h', 'drm/r128_drm.h', 'drm/ttm/ttm_lock.h', 'drm/drm_mm.h', 'drm/ttm/ttm_bo_driver.h', 'drm/ttm/ttm_object.h', 'drm/i2c/ch7006.h', 'drm/nouveau_drm.h', 'drm/drm_usb.h', 'drm/drm_pciids.h', 'drm/drm_fb_helper.h', 'drm/ttm/ttm_page_alloc.h', 'drm/drm_global.h', 'drm/sis_drm.h', 'drm/radeon_drm.h', 'drm/drm_crtc_helper.h', 'linux/pci.h', 'drm/drm_mem_util.h', 'drm/drmP.h', 'drm/i915_drm.h', 'drm/exynos_drm.h', 'drm/gma_drm.h', 'drm/drm_sysfs.h', 'drm/ttm/ttm_execbuf_util.h', 'drm/drm_hashtab.h', 'drm/drm_fourcc.h', 'drm/drm_encoder_slave.h', 'linux/export.h', 'drm/drm_cache.h', 'drm/drm_buffer.h', 'drm/drm_core.h', 'drm/drm_crtc.h', 'drm/mga_drm.h', 'drm/ttm/ttm_memory.h', 'linux/bitops.h', 'drm/ttm/ttm_module.h', 'drm/ttm/ttm_bo_api.h', 'drm/drm_edid.h', 'drm/i810_drm.h', 'drm/vmwgfx_drm.h'])
deleted: set([u'drivers/gpu/drm/mga/drmP.h', u'drivers/gpu/drm/tdfx/drm_pciids.h', u'drivers/gpu/drm/cirrus/drm_crtc_helper.h', u'drivers/gpu/drm/via/drmP.h', u'drivers/gpu/drm/drm_sysfs.h', u'drivers/gpu/drm/nouveau/drm_edid.h', u'drivers/gpu/drm/ttm/drm_cache.h', u'drivers/gpu/drm/i2c/i2c/sil164.h', u'drivers/gpu/drm/vmwgfx/ttm/ttm_bo_driver.h', u'drivers/gpu/drm/gma500/drm_edid.h', u'drivers/gpu/drm/mgag200/drm_pciids.h', u'drivers/gpu/drm/savage/drmP.h', u'drivers/gpu/drm/drm_global.h', u'drivers/gpu/drm/ttm/drm_mem_util.h', u'drivers/gpu/drm/radeon/drm_crtc.h', u'drivers/gpu/drm/i915/drm_edid.h', u'drivers/gpu/drm/mgag200/drmP.h', u'drivers/gpu/drm/i915/drm_fourcc.h', u'drivers/gpu/drm/cirrus/drm_fb_helper.h', u'drivers/gpu/drm/exynos/drm_crtc_helper.h', u'drivers/gpu/drm/i2c/drmP.h', u'drivers/gpu/drm/i915/i915_drm.h', u'drivers/gpu/drm/savage/savage_drm.h', u'drivers/gpu/drm/ttm/drm_mm.h', u'drivers/gpu/drm/drmP.h', u'drivers/gpu/drm/radeon/drmP.h', u'drivers/gpu/drm/ttm/ttm/ttm_placement.h', u'drivers/gpu/drm/udl/drmP.h', u'drivers/gpu/drm/nouveau/drm_crtc.h', u'drivers/gpu/drm/nouveau/drmP.h', u'drivers/gpu/drm/drm_mm.h', u'drivers/gpu/drm/vmwgfx/ttm/ttm_bo_api.h', u'drivers/gpu/drm/exynos/drm_fb_helper.h', u'drivers/gpu/drm/drm_core.h', u'drivers/gpu/drm/tdfx/drmP.h', u'drivers/gpu/drm/drm_buffer.h', u'drivers/gpu/drm/exynos/drm_edid.h', u'drivers/gpu/drm/sis/drmP.h', u'drivers/gpu/drm/ast/drm_crtc_helper.h', u'drivers/gpu/drm/nouveau/drm_pciids.h', u'drivers/gpu/drm/exynos/drmP.h', u'drivers/gpu/drm/i915/drmP.h', u'drivers/gpu/drm/cirrus/drmP.h', u'drivers/gpu/drm/exynos/exynos_drm.h', u'drivers/gpu/drm/vmwgfx/ttm/ttm_module.h', u'drivers/gpu/drm/drm_crtc.h', u'drivers/gpu/drm/vmwgfx/vmwgfx_drm.h', u'drivers/gpu/drm/radeon/drm_dp_helper.h', u'drivers/gpu/drm/nouveau/i2c/sil164.h', u'drivers/gpu/drm/ast/drmP.h', u'drivers/gpu/drm/sis/sis_drm.h', u'drivers/gpu/drm/ast/drm_crtc.h', u'drivers/gpu/drm/vmwgfx/ttm/ttm_object.h', u'drivers/gpu/drm/ttm/ttm/ttm_bo_driver.h', u'drivers/gpu/drm/mgag200/drm_fb_helper.h', u'drivers/gpu/drm/udl/drm_crtc.h', u'drivers/gpu/drm/drm_encoder_slave.h', u'drivers/gpu/drm/r128/drm_pciids.h', u'drivers/gpu/drm/i915/linux/bitops.h', u'drivers/gpu/drm/radeon/drm_buffer.h', u'drivers/gpu/drm/radeon/drm_crtc_helper.h', u'drivers/gpu/drm/mgag200/drm_crtc_helper.h', u'drivers/gpu/drm/radeon/radeon_drm.h', u'drivers/gpu/drm/radeon/drm_pciids.h', u'drivers/gpu/drm/ttm/ttm/ttm_execbuf_util.h', u'drivers/gpu/drm/vmwgfx/ttm/ttm_page_alloc.h', u'drivers/gpu/drm/gma500/drmP.h', u'drivers/gpu/drm/sis/drm_pciids.h', u'drivers/gpu/drm/drm_dp_helper.h', u'drivers/gpu/drm/nouveau/drm_fb_helper.h', u'drivers/gpu/drm/r128/r128_drm.h', u'drivers/gpu/drm/mga/mga_drm.h', u'drivers/gpu/drm/nouveau/drm_crtc_helper.h', u'drivers/gpu/drm/ttm/ttm/ttm_page_alloc.h', u'drivers/gpu/drm/ttm/ttm/ttm_module.h', u'drivers/gpu/drm/udl/drm_crtc_helper.h', u'drivers/gpu/drm/vmwgfx/ttm/ttm_placement.h', u'drivers/gpu/drm/i915/drm_dp_helper.h', u'drivers/gpu/drm/r128/drmP.h', u'drivers/gpu/drm/nouveau/ttm/ttm_page_alloc.h', u'drivers/gpu/drm/i810/drm_pciids.h', u'drivers/gpu/drm/exynos/drm_crtc.h', u'drivers/gpu/drm/savage/drm_pciids.h', u'drivers/gpu/drm/gma500/gma_drm.h', u'drivers/gpu/drm/i810/drmP.h', u'drivers/gpu/drm/gma500/drm_crtc.h', u'drivers/gpu/drm/linux/pci.h', u'drivers/gpu/drm/udl/drm_usb.h', u'drivers/gpu/drm/drm_fourcc.h', u'drivers/gpu/drm/ttm/ttm/ttm_object.h', u'drivers/gpu/drm/i915/drm_fb_helper.h', u'drivers/gpu/drm/radeon/drm_fb_helper.h', u'drivers/gpu/drm/radeon/drm_edid.h', u'drivers/gpu/drm/udl/drm_edid.h', u'drivers/gpu/drm/drm_hashtab.h', u'drivers/gpu/drm/i915/linux/string.h', u'drivers/gpu/drm/ast/drm_fb_helper.h', u'drivers/gpu/drm/i810/i810_drm.h', u'drivers/gpu/drm/udl/drm_fb_helper.h', u'drivers/gpu/drm/drm_fb_helper.h', u'drivers/gpu/drm/ttm/drm_sysfs.h', u'drivers/gpu/drm/mga/drm_pciids.h', u'drivers/gpu/drm/ttm/ttm/ttm_lock.h', u'drivers/gpu/drm/linux/export.h', u'drivers/gpu/drm/vmwgfx/drmP.h', u'drivers/gpu/drm/i2c/drm_crtc_helper.h', u'drivers/gpu/drm/drm_edid.h', u'drivers/gpu/drm/drm_crtc_helper.h', u'drivers/gpu/drm/i915/drm_crtc.h', u'drivers/gpu/drm/i2c/drm_encoder_slave.h', u'drivers/gpu/drm/nouveau/i2c/ch7006.h', u'drivers/gpu/drm/via/drm_pciids.h', u'drivers/gpu/drm/ttm/ttm/ttm_memory.h', u'drivers/gpu/drm/via/via_drm.h', u'drivers/gpu/drm/nouveau/nouveau_drm.h', u'drivers/gpu/drm/i915/drm_crtc_helper.h'])
