BUILD:
[33mbase commit: 76a39dbfb2d1^1
[0m[33mtarget commit: 76a39dbfb2d1
[0m[33mchecking out base commit... [0m[33mok (0s)
[0m[33mformatting diff... [0m[33mok (0s)
[0m12 source file(s) touched in the old version
`-- drivers/gpu/drm/ast/ast_fb.c
`-- drivers/gpu/drm/cirrus/cirrus_fbdev.c
`-- drivers/gpu/drm/drm_fb_cma_helper.c
`-- drivers/gpu/drm/drm_fb_helper.c
`-- drivers/gpu/drm/exynos/exynos_drm_fbdev.c
`-- drivers/gpu/drm/gma500/framebuffer.c
`-- drivers/gpu/drm/i915/intel_fb.c
`-- drivers/gpu/drm/mgag200/mgag200_fb.c
`-- drivers/gpu/drm/nouveau/nouveau_fbcon.c
`-- drivers/gpu/drm/radeon/radeon_fb.c
`-- drivers/gpu/drm/udl/udl_fb.c
`-- drivers/staging/omapdrm/omap_fbdev.c
12 source file(s) touched in the new version
`-- drivers/gpu/drm/ast/ast_fb.c
`-- drivers/gpu/drm/cirrus/cirrus_fbdev.c
`-- drivers/gpu/drm/drm_fb_cma_helper.c
`-- drivers/gpu/drm/drm_fb_helper.c
`-- drivers/gpu/drm/exynos/exynos_drm_fbdev.c
`-- drivers/gpu/drm/gma500/framebuffer.c
`-- drivers/gpu/drm/i915/intel_fb.c
`-- drivers/gpu/drm/mgag200/mgag200_fb.c
`-- drivers/gpu/drm/nouveau/nouveau_fbcon.c
`-- drivers/gpu/drm/radeon/radeon_fb.c
`-- drivers/gpu/drm/udl/udl_fb.c
`-- drivers/staging/omapdrm/omap_fbdev.c
[33mcompile base commit... [0m[33mok (5s)
[0m[33mapply [0m[33m76a39dbfb2d1... [0m[33mok (5s)
[0m[33mcompile target commit... [0m[33mok (7s)
[0mPREPARE:
[33m0s
[0mANALYZE:
COCCIGEN:
Traceback (most recent call last):
  File "/home/oslab/Desktop/seda/lib/infer_inclusion.py", line 108, in <module>
    main()
  File "/home/oslab/Desktop/seda/lib/infer_inclusion.py", line 102, in main
    infer(contexts, list(all_added)[0], True)
  File "/home/oslab/Desktop/seda/lib/infer_inclusion.py", line 76, in infer
    max_count = max(counts.values())
ValueError: max() arg is an empty sequence
