BUILD:
[33mbase commit: 76bf0db55439^1
[0m[33mtarget commit: 76bf0db55439
[0m[33mchecking out base commit... [0m[33mok (1s)
[0m[33mformatting diff... [0m[33mok (1s)
[0m10 source file(s) touched in the old version
`-- drivers/dma-buf/fence.c
`-- drivers/gpu/drm/amd/amdgpu/amdgpu.h
`-- drivers/gpu/drm/amd/amdgpu/amdgpu_sa.c
`-- drivers/gpu/drm/etnaviv/etnaviv_gpu.h
`-- drivers/gpu/drm/nouveau/nouveau_fence.h
`-- drivers/gpu/drm/qxl/qxl_release.c
`-- drivers/gpu/drm/radeon/radeon.h
`-- drivers/gpu/drm/vmwgfx/vmwgfx_fence.c
`-- drivers/staging/android/sync.h
`-- include/linux/fence.h
10 source file(s) touched in the new version
`-- drivers/dma-buf/fence.c
`-- drivers/gpu/drm/amd/amdgpu/amdgpu.h
`-- drivers/gpu/drm/amd/amdgpu/amdgpu_sa.c
`-- drivers/gpu/drm/etnaviv/etnaviv_gpu.h
`-- drivers/gpu/drm/nouveau/nouveau_fence.h
`-- drivers/gpu/drm/qxl/qxl_release.c
`-- drivers/gpu/drm/radeon/radeon.h
`-- drivers/gpu/drm/vmwgfx/vmwgfx_fence.c
`-- drivers/staging/android/sync.h
`-- include/linux/fence.h
[33mcompile base commit... [0m[33mok (15s)
[0m[33mapply [0m[33m76bf0db55439... [0m[33mok (15s)
[0m[33mcompile target commit... [0m[33mok (23s)
[0mPREPARE:
[33mcollect AST for functions: fence_context_alloc@drivers_dma-buf_fence.c,fence_context_counter@drivers_dma-buf_fence.c,fence_init@drivers_dma-buf_fence.c,amdgpu_sa_bo_dump_debug_info@drivers_gpu_drm_amd_amdgpu_amdgpu_sa.c,qxl_fence_wait@drivers_gpu_drm_qxl_qxl_release.c
[0m[33mTransforming and linking bitcode files...
[0m[33m3s
[0mANALYZE:
COCCIGEN:
