BUILD:
[33mbase commit: 77cb2fea1e5f^1
[0m[33mtarget commit: 77cb2fea1e5f
[0m[33mchecking out base commit... [0m[33mok (3s)
[0m[33mformatting diff... [0m[33mok (3s)
[0m3 source file(s) touched in the old version
`-- drivers/gpu/drm/drm_trace.h
`-- drivers/gpu/drm/i915/i915_trace.h
`-- drivers/gpu/drm/radeon/radeon_trace.h
3 source file(s) touched in the new version
`-- drivers/gpu/drm/drm_trace.h
`-- drivers/gpu/drm/i915/i915_trace.h
`-- drivers/gpu/drm/radeon/radeon_trace.h
[33mcompile base commit... [0m[31mfailed[0m
PREPARE:
[31mLack a successful build
[0m
ANALYZE:
grep: fdiff.txt: No such file or directory
[31mLack a successful preparation
[0m
COCCIGEN:
