BUILD:
[33mbase commit: 77dfc28bad2c^1
[0m[33mtarget commit: 77dfc28bad2c
[0m[33mchecking out base commit... [0m[33mok (1s)
[0m[33mformatting diff... [0m[33mok (1s)
[0m7 source file(s) touched in the old version
`-- drivers/gpu/drm/amd/amdgpu/amdgpu_ttm.c
`-- drivers/gpu/drm/nouveau/nouveau_bo.c
`-- drivers/gpu/drm/qxl/qxl_ttm.c
`-- drivers/gpu/drm/radeon/radeon_ttm.c
`-- drivers/gpu/drm/ttm/ttm_bo.c
`-- drivers/gpu/drm/ttm/ttm_bo_util.c
`-- include/drm/ttm/ttm_bo_driver.h
7 source file(s) touched in the new version
`-- drivers/gpu/drm/amd/amdgpu/amdgpu_ttm.c
`-- drivers/gpu/drm/nouveau/nouveau_bo.c
`-- drivers/gpu/drm/qxl/qxl_ttm.c
`-- drivers/gpu/drm/radeon/radeon_ttm.c
`-- drivers/gpu/drm/ttm/ttm_bo.c
`-- drivers/gpu/drm/ttm/ttm_bo_util.c
`-- include/drm/ttm/ttm_bo_driver.h
[33mcompile base commit... [0m[33mok (20s)
[0m[33mapply [0m[33m77dfc28bad2c... [0m[33mok (20s)
[0m[33mcompile target commit... [0m[33mok (34s)
[0mPREPARE:
[33mcollect AST for functions: nouveau_bo_move@drivers_gpu_drm_nouveau_nouveau_bo.c,qxl_bo_move@drivers_gpu_drm_qxl_qxl_ttm.c,radeon_bo_move@drivers_gpu_drm_radeon_radeon_ttm.c,ttm_bo_move_memcpy@drivers_gpu_drm_ttm_ttm_bo_util.c,ttm_bo_handle_move_mem@drivers_gpu_drm_ttm_ttm_bo.c,amdgpu_bo_move@drivers_gpu_drm_amd_amdgpu_amdgpu_ttm.c
[0m[33mTransforming and linking bitcode files...
[0m[33m3s
[0mANALYZE:
COCCIGEN:
//# pattern-1, witnesses: 5
@@
identifier PV0;
@@
- ttm_bo_move_memcpy(bo, evict, no_wait_gpu, PV0)
+ ttm_bo_move_memcpy(bo, evict, interruptible, no_wait_gpu, PV0)
