BUILD:
[33mbase commit: 7b1998116bbb^1
[0m[33mtarget commit: 7b1998116bbb
[0m[33mchecking out base commit... [0m[33mok (0s)
[0m[33mformatting diff... [0m[33mok (1s)
[0m22 source file(s) touched in the old version
`-- arch/ia64/hp/common/sba_iommu.c
`-- arch/ia64/include/asm/pci.h
`-- arch/ia64/pci/pci.c
`-- arch/ia64/sn/kernel/io_acpi_init.c
`-- arch/x86/include/asm/pci.h
`-- arch/x86/pci/acpi.c
`-- drivers/acpi/acpi_platform.c
`-- drivers/acpi/device_pm.c
`-- drivers/acpi/glue.c
`-- drivers/ata/libata-acpi.c
`-- drivers/base/platform.c
`-- drivers/gpio/gpiolib.c
`-- drivers/gpu/drm/radeon/radeon_atpx_handler.c
`-- drivers/hid/i2c-hid/i2c-hid.c
`-- drivers/i2c/i2c-core.c
`-- drivers/ide/ide-acpi.c
`-- drivers/mmc/core/sdio_bus.c
`-- drivers/pci/hotplug/sgi_hotplug.c
`-- drivers/spi/spi.c
`-- include/acpi/acpi_bus.h
`-- include/linux/acpi.h
`-- include/linux/device.h
22 source file(s) touched in the new version
`-- arch/ia64/hp/common/sba_iommu.c
`-- arch/ia64/include/asm/pci.h
`-- arch/ia64/pci/pci.c
`-- arch/ia64/sn/kernel/io_acpi_init.c
`-- arch/x86/include/asm/pci.h
`-- arch/x86/pci/acpi.c
`-- drivers/acpi/acpi_platform.c
`-- drivers/acpi/device_pm.c
`-- drivers/acpi/glue.c
`-- drivers/ata/libata-acpi.c
`-- drivers/base/platform.c
`-- drivers/gpio/gpiolib.c
`-- drivers/gpu/drm/radeon/radeon_atpx_handler.c
`-- drivers/hid/i2c-hid/i2c-hid.c
`-- drivers/i2c/i2c-core.c
`-- drivers/ide/ide-acpi.c
`-- drivers/mmc/core/sdio_bus.c
`-- drivers/pci/hotplug/sgi_hotplug.c
`-- drivers/spi/spi.c
`-- include/acpi/acpi_bus.h
`-- include/linux/acpi.h
`-- include/linux/device.h
[33mcompile base commit... [0m[33mok (5s)
[0m[33mapply [0m[33m7b1998116bbb... [0m[33mok (5s)
[0m[33mcompile target commit... [0m[33mok (8s)
[0mPREPARE:
[33m0s
[0mANALYZE:
COCCIGEN:
Unable to infer inclusion changes on more than 1 file
added  : set(['linux/acpi.h'])
deleted: set(['acpi/acpi_drivers.h', 'acpi/acpi.h', 'linux/device.h', 'acpi/acpi_bus.h'])
