BUILD:
[33mbase commit: 7da903ef0485^1
[0m[33mtarget commit: 7da903ef0485
[0m[33mchecking out base commit... [0m[33mok (0s)
[0m[33mformatting diff... [0m[33mok (0s)
[0m4 source file(s) touched in the old version
`-- drivers/gpu/drm/drm_irq.c
`-- drivers/gpu/drm/i915/i915_irq.c
`-- drivers/gpu/drm/radeon/radeon_kms.c
`-- include/drm/drmP.h
4 source file(s) touched in the new version
`-- drivers/gpu/drm/drm_irq.c
`-- drivers/gpu/drm/i915/i915_irq.c
`-- drivers/gpu/drm/radeon/radeon_kms.c
`-- include/drm/drmP.h
[33mcompile base commit... [0m[33mok (5s)
[0m[33mapply [0m[33m7da903ef0485... [0m[33mok (5s)
[0m[33mcompile target commit... [0m[33mok (12s)
[0mPREPARE:
[33m0s
[0mANALYZE:
COCCIGEN:
