BUILD:
[33mbase commit: 7ea772838782^1
[0m[33mtarget commit: 7ea772838782
[0m[33mchecking out base commit... [0m[33mok (1s)
[0m[33mformatting diff... [0m[33mok (1s)
[0m19 source file(s) touched in the old version
`-- drivers/gpu/drm/amd/amdgpu/dce_v10_0.c
`-- drivers/gpu/drm/amd/amdgpu/dce_v11_0.c
`-- drivers/gpu/drm/amd/amdgpu/dce_v8_0.c
`-- drivers/gpu/drm/ast/ast_mode.c
`-- drivers/gpu/drm/cirrus/cirrus_mode.c
`-- drivers/gpu/drm/drm_atomic_helper.c
`-- drivers/gpu/drm/drm_crtc.c
`-- drivers/gpu/drm/drm_fb_helper.c
`-- drivers/gpu/drm/gma500/gma_display.c
`-- drivers/gpu/drm/gma500/gma_display.h
`-- drivers/gpu/drm/mgag200/mgag200_mode.c
`-- drivers/gpu/drm/nouveau/dispnv04/crtc.c
`-- drivers/gpu/drm/nouveau/nv50_display.c
`-- drivers/gpu/drm/radeon/radeon_display.c
`-- drivers/gpu/drm/vc4/vc4_crtc.c
`-- drivers/gpu/drm/vmwgfx/vmwgfx_kms.c
`-- drivers/gpu/drm/vmwgfx/vmwgfx_kms.h
`-- include/drm/drm_atomic_helper.h
`-- include/drm/drm_crtc.h
19 source file(s) touched in the new version
`-- drivers/gpu/drm/amd/amdgpu/dce_v10_0.c
`-- drivers/gpu/drm/amd/amdgpu/dce_v11_0.c
`-- drivers/gpu/drm/amd/amdgpu/dce_v8_0.c
`-- drivers/gpu/drm/ast/ast_mode.c
`-- drivers/gpu/drm/cirrus/cirrus_mode.c
`-- drivers/gpu/drm/drm_atomic_helper.c
`-- drivers/gpu/drm/drm_crtc.c
`-- drivers/gpu/drm/drm_fb_helper.c
`-- drivers/gpu/drm/gma500/gma_display.c
`-- drivers/gpu/drm/gma500/gma_display.h
`-- drivers/gpu/drm/mgag200/mgag200_mode.c
`-- drivers/gpu/drm/nouveau/dispnv04/crtc.c
`-- drivers/gpu/drm/nouveau/nv50_display.c
`-- drivers/gpu/drm/radeon/radeon_display.c
`-- drivers/gpu/drm/vc4/vc4_crtc.c
`-- drivers/gpu/drm/vmwgfx/vmwgfx_kms.c
`-- drivers/gpu/drm/vmwgfx/vmwgfx_kms.h
`-- include/drm/drm_atomic_helper.h
`-- include/drm/drm_crtc.h
[33mcompile base commit... [0m[33mok (42s)
[0m[33mapply [0m[33m7ea772838782... [0m[33mok (42s)
[0m[33mcompile target commit... [0m[33mok (75s)
[0mPREPARE:
[33mcollect AST for functions: gma_crtc_gamma_set@drivers_gpu_drm_gma500_gma_display.c,vc4_crtc_gamma_set@drivers_gpu_drm_vc4_vc4_crtc.c,dce_v8_0_crtc_gamma_set@drivers_gpu_drm_amd_amdgpu_dce_v8_0.c,drm_mode_gamma_set_ioctl@drivers_gpu_drm_drm_crtc.c,dce_v10_0_crtc_gamma_set@drivers_gpu_drm_amd_amdgpu_dce_v10_0.c,nv_crtc_gamma_set@drivers_gpu_drm_nouveau_dispnv04_crtc.c,vmw_du_crtc_gamma_set@drivers_gpu_drm_vmwgfx_vmwgfx_kms.c,mga_crtc_gamma_set@drivers_gpu_drm_mgag200_mgag200_mode.c,dce_v11_0_crtc_gamma_set@drivers_gpu_drm_amd_amdgpu_dce_v11_0.c,drm_atomic_helper_legacy_gamma_set@drivers_gpu_drm_drm_atomic_helper.c,cirrus_crtc_gamma_set@drivers_gpu_drm_cirrus_cirrus_mode.c,radeon_crtc_gamma_set@drivers_gpu_drm_radeon_radeon_display.c,nv50_crtc_gamma_set@drivers_gpu_drm_nouveau_nv50_display.c,ast_crtc_gamma_set@drivers_gpu_drm_ast_ast_mode.c,drm_fb_helper_restore_lut_atomic@drivers_gpu_drm_drm_fb_helper.c
[0m[33mTransforming and linking bitcode files...
[0m[33m10s
[0mANALYZE:
COCCIGEN:
