BUILD:
[33mbase commit: 85b2331b3437^1
[0m[33mtarget commit: 85b2331b3437
[0m[33mchecking out base commit... [0m[33mok (1s)
[0m[33mformatting diff... [0m[33mok (1s)
[0m12 source file(s) touched in the old version
`-- drivers/gpu/drm/gma500/psb_irq.c
`-- drivers/gpu/drm/mga/mga_drv.h
`-- drivers/gpu/drm/nouveau/nouveau_dma.c
`-- drivers/gpu/drm/nouveau/nouveau_dma.h
`-- drivers/gpu/drm/r128/r128_drv.h
`-- drivers/gpu/drm/radeon/radeon_cp.c
`-- drivers/gpu/drm/radeon/radeon_ring.c
`-- drivers/gpu/drm/savage/savage_bci.c
`-- drivers/gpu/drm/savage/savage_state.c
`-- drivers/gpu/drm/via/via_dma.c
`-- drivers/gpu/drm/via/via_dmablit.c
`-- include/drm/drm_os_linux.h
12 source file(s) touched in the new version
`-- drivers/gpu/drm/gma500/psb_irq.c
`-- drivers/gpu/drm/mga/mga_drv.h
`-- drivers/gpu/drm/nouveau/nouveau_dma.c
`-- drivers/gpu/drm/nouveau/nouveau_dma.h
`-- drivers/gpu/drm/r128/r128_drv.h
`-- drivers/gpu/drm/radeon/radeon_cp.c
`-- drivers/gpu/drm/radeon/radeon_ring.c
`-- drivers/gpu/drm/savage/savage_bci.c
`-- drivers/gpu/drm/savage/savage_state.c
`-- drivers/gpu/drm/via/via_dma.c
`-- drivers/gpu/drm/via/via_dmablit.c
`-- include/drm/drm_os_linux.h
[33mcompile base commit... [0m[33mok (5s)
[0m[33mapply [0m[33m85b2331b3437... [0m[33mok (5s)
[0m[33mcompile target commit... [0m[33mok (8s)
[0mPREPARE:
[33m0s
[0mANALYZE:
COCCIGEN:
