BUILD:
[33mbase commit: 88932a7be27d^1
[0m[33mtarget commit: 88932a7be27d
[0m[33mchecking out base commit... [0m[33mok (1s)
[0m[33mformatting diff... [0m[33mok (1s)
[0m5 source file(s) touched in the old version
`-- drivers/gpu/drm/amd/amdgpu/amdgpu_ttm.c
`-- drivers/gpu/drm/nouveau/nouveau_bo.c
`-- drivers/gpu/drm/qxl/qxl_ttm.c
`-- drivers/gpu/drm/radeon/radeon_ttm.c
`-- drivers/gpu/drm/virtio/virtgpu_ttm.c
5 source file(s) touched in the new version
`-- drivers/gpu/drm/amd/amdgpu/amdgpu_ttm.c
`-- drivers/gpu/drm/nouveau/nouveau_bo.c
`-- drivers/gpu/drm/qxl/qxl_ttm.c
`-- drivers/gpu/drm/radeon/radeon_ttm.c
`-- drivers/gpu/drm/virtio/virtgpu_ttm.c
[33mcompile base commit... [0m[33mok (19s)
[0m[33mapply [0m[33m88932a7be27d... [0m[33mok (19s)
[0m[33mcompile target commit... [0m[33mok (32s)
[0mPREPARE:
[33mcollect AST for functions: radeon_bo_move@drivers_gpu_drm_radeon_radeon_ttm.c,nouveau_bo_move@drivers_gpu_drm_nouveau_nouveau_bo.c,virtio_gpu_bo_move@drivers_gpu_drm_virtio_virtgpu_ttm.c,qxl_bo_move@drivers_gpu_drm_qxl_qxl_ttm.c,amdgpu_bo_move@drivers_gpu_drm_amd_amdgpu_amdgpu_ttm.c
[0m[33mTransforming and linking bitcode files...
[0m[33m4s
[0mANALYZE:
COCCIGEN:
