BUILD:
[33mbase commit: 8b513d0cf603^1
[0m[33mtarget commit: 8b513d0cf603
[0m[33mchecking out base commit... [0m[33mok (2s)
[0m[33mformatting diff... [0m[33mok (2s)
[0m16 source file(s) touched in the old version
`-- drivers/gpu/drm/drm_fb_cma_helper.c
`-- drivers/gpu/drm/radeon/radeon_fb.c
`-- drivers/infiniband/ulp/isert/ib_isert.c
`-- drivers/media/platform/s5p-mfc/s5p_mfc_dec.c
`-- drivers/misc/dummy-irq.c
`-- drivers/misc/lattice-ecp3-config.c
`-- drivers/misc/mei/hbm.c
`-- drivers/misc/mei/init.c
`-- drivers/net/ethernet/qlogic/qlcnic/qlcnic_sriov_common.c
`-- drivers/nfc/pn533.c
`-- drivers/scsi/pm8001/pm80xx_hwi.c
`-- drivers/tty/serial/serial-tegra.c
`-- drivers/usb/musb/musb_dsps.c
`-- drivers/usb/musb/omap2430.c
`-- drivers/video/omap2/displays/panel-n8x0.c
`-- fs/btrfs/free-space-cache.c
16 source file(s) touched in the new version
`-- drivers/gpu/drm/drm_fb_cma_helper.c
`-- drivers/gpu/drm/radeon/radeon_fb.c
`-- drivers/infiniband/ulp/isert/ib_isert.c
`-- drivers/media/platform/s5p-mfc/s5p_mfc_dec.c
`-- drivers/misc/dummy-irq.c
`-- drivers/misc/lattice-ecp3-config.c
`-- drivers/misc/mei/hbm.c
`-- drivers/misc/mei/init.c
`-- drivers/net/ethernet/qlogic/qlcnic/qlcnic_sriov_common.c
`-- drivers/nfc/pn533.c
`-- drivers/scsi/pm8001/pm80xx_hwi.c
`-- drivers/tty/serial/serial-tegra.c
`-- drivers/usb/musb/musb_dsps.c
`-- drivers/usb/musb/omap2430.c
`-- drivers/video/omap2/displays/panel-n8x0.c
`-- fs/btrfs/free-space-cache.c
[33mcompile base commit... [0m[33mok (7s)
[0m[33mapply [0m[33m8b513d0cf603... [0m[33mok (7s)
[0m[33mcompile target commit... [0m[33mok (9s)
[0mPREPARE:
[33m0s
[0mANALYZE:
COCCIGEN:
