BUILD:
[33mbase commit: 902aaef6c698^1
[0m[33mtarget commit: 902aaef6c698
[0m[33mchecking out base commit... [0m[33mok (1s)
[0m[33mformatting diff... [0m[33mok (1s)
[0m3 source file(s) touched in the old version
`-- drivers/gpu/drm/radeon/radeon_drv.c
`-- drivers/gpu/drm/radeon/radeon_kms.c
`-- include/uapi/drm/radeon_drm.h
3 source file(s) touched in the new version
`-- drivers/gpu/drm/radeon/radeon_drv.c
`-- drivers/gpu/drm/radeon/radeon_kms.c
`-- include/uapi/drm/radeon_drm.h
[33mcompile base commit... [0m[33mok (5s)
[0m[33mapply [0m[33m902aaef6c698... [0m[33mok (5s)
[0m[33mcompile target commit... [0m[33mok (7s)
[0mPREPARE:
[33m0s
[0mANALYZE:
COCCIGEN:
