BUILD:
[33mbase commit: 91e976777d4a^1
[0m[33mtarget commit: 91e976777d4a
[0m[33mchecking out base commit... [0m[33mok (1s)
[0m[33mformatting diff... [0m[33mok (1s)
[0m2 source file(s) touched in the old version
`-- drivers/gpu/drm/amd/amdgpu/amdgpu_irq.c
`-- drivers/gpu/drm/radeon/radeon_irq_kms.c
2 source file(s) touched in the new version
`-- drivers/gpu/drm/amd/amdgpu/amdgpu_irq.c
`-- drivers/gpu/drm/radeon/radeon_irq_kms.c
[33mcompile base commit... [0m[33mok (17s)
[0m[33mapply [0m[33m91e976777d4a... [0m[33mok (17s)
[0m[33mcompile target commit... [0m[33mok (30s)
[0mPREPARE:
[33mcollect AST for functions: amdgpu_irq_fini@drivers_gpu_drm_amd_amdgpu_amdgpu_irq.c,radeon_irq_kms_fini@drivers_gpu_drm_radeon_radeon_irq_kms.c
[0m[33mTransforming and linking bitcode files...
[0m[33m2s
[0mANALYZE:
COCCIGEN:
//# pattern-1, witnesses: 2
@@
identifier PV0;
@@
- drm_vblank_cleanup(PV0->ddev);
