BUILD:
[33mbase commit: 93504fce28b1^1
[0m[33mtarget commit: 93504fce28b1
[0m[33mchecking out base commit... [0m[33mok (1s)
[0m[33mformatting diff... [0m[33mok (1s)
[0m4 source file(s) touched in the old version
`-- drivers/gpu/drm/radeon/radeon.h
`-- drivers/gpu/drm/radeon/radeon_cs.c
`-- drivers/gpu/drm/radeon/radeon_fence.c
`-- include/drm/radeon_drm.h
4 source file(s) touched in the new version
`-- drivers/gpu/drm/radeon/radeon.h
`-- drivers/gpu/drm/radeon/radeon_cs.c
`-- drivers/gpu/drm/radeon/radeon_fence.c
`-- include/drm/radeon_drm.h
[33mcompile base commit... [0m[33mok (5s)
[0m[33mapply [0m[33m93504fce28b1... [0m[33mok (5s)
[0m[33mcompile target commit... [0m[33mok (6s)
[0mPREPARE:
[33m0s
[0mANALYZE:
COCCIGEN:
