BUILD:
[33mbase commit: 949c4a34afac^1
[0m[33mtarget commit: 949c4a34afac
[0m[33mchecking out base commit... [0m[33mok (2s)
[0m[33mformatting diff... [0m[33mok (2s)
[0m5 source file(s) touched in the old version
`-- drivers/gpu/drm/drm_fops.c
`-- drivers/gpu/drm/nouveau/nouveau_gem.c
`-- drivers/gpu/drm/radeon/radeon_object.c
`-- drivers/gpu/drm/radeon/radeon_ttm.c
`-- drivers/gpu/drm/vmwgfx/vmwgfx_drv.c
5 source file(s) touched in the new version
`-- drivers/gpu/drm/drm_fops.c
`-- drivers/gpu/drm/nouveau/nouveau_gem.c
`-- drivers/gpu/drm/radeon/radeon_object.c
`-- drivers/gpu/drm/radeon/radeon_ttm.c
`-- drivers/gpu/drm/vmwgfx/vmwgfx_drv.c
[33mcompile base commit... [0m[33mok (7s)
[0m[33mapply [0m[33m949c4a34afac... [0m[33mok (7s)
[0m[33mcompile target commit... [0m[33mok (10s)
[0mPREPARE:
[33m0s
[0mANALYZE:
COCCIGEN:
