BUILD:
[33mbase commit: 98c2872ae99b^1
[0m[33mtarget commit: 98c2872ae99b
[0m[33mchecking out base commit... [0m[33mok (1s)
[0m[33mformatting diff... [0m[33mok (1s)
[0m12 source file(s) touched in the old version
`-- drivers/gpu/drm/amd/amdgpu/amdgpu_ttm.c
`-- drivers/gpu/drm/ast/ast_ttm.c
`-- drivers/gpu/drm/bochs/bochs_mm.c
`-- drivers/gpu/drm/cirrus/cirrus_ttm.c
`-- drivers/gpu/drm/mgag200/mgag200_ttm.c
`-- drivers/gpu/drm/nouveau/nouveau_bo.c
`-- drivers/gpu/drm/qxl/qxl_ttm.c
`-- drivers/gpu/drm/radeon/radeon_ttm.c
`-- drivers/gpu/drm/ttm/ttm_bo.c
`-- drivers/gpu/drm/virtio/virtgpu_ttm.c
`-- drivers/gpu/drm/vmwgfx/vmwgfx_buffer.c
`-- include/drm/ttm/ttm_bo_driver.h
12 source file(s) touched in the new version
`-- drivers/gpu/drm/amd/amdgpu/amdgpu_ttm.c
`-- drivers/gpu/drm/ast/ast_ttm.c
`-- drivers/gpu/drm/bochs/bochs_mm.c
`-- drivers/gpu/drm/cirrus/cirrus_ttm.c
`-- drivers/gpu/drm/mgag200/mgag200_ttm.c
`-- drivers/gpu/drm/nouveau/nouveau_bo.c
`-- drivers/gpu/drm/qxl/qxl_ttm.c
`-- drivers/gpu/drm/radeon/radeon_ttm.c
`-- drivers/gpu/drm/ttm/ttm_bo.c
`-- drivers/gpu/drm/virtio/virtgpu_ttm.c
`-- drivers/gpu/drm/vmwgfx/vmwgfx_buffer.c
`-- include/drm/ttm/ttm_bo_driver.h
[33mcompile base commit... [0m[33mok (8s)
[0m[33mapply [0m[33m98c2872ae99b... [0m[33mok (8s)
[0m[33mcompile target commit... [0m[33mok (11s)
[0mPREPARE:
[33m1s
[0mANALYZE:
COCCIGEN:
