BUILD:
[33mbase commit: 9a6a4b475717^1
[0m[33mtarget commit: 9a6a4b475717
[0m[33mchecking out base commit... [0m[33mok (2s)
[0m[33mformatting diff... [0m[33mok (2s)
[0m3 source file(s) touched in the old version
`-- drivers/gpu/drm/nouveau/nouveau_dp.c
`-- drivers/gpu/drm/radeon/atombios_dp.c
`-- drivers/gpu/drm/udl/udl_main.c
3 source file(s) touched in the new version
`-- drivers/gpu/drm/nouveau/nouveau_dp.c
`-- drivers/gpu/drm/radeon/atombios_dp.c
`-- drivers/gpu/drm/udl/udl_main.c
[33mcompile base commit... [0m[33mok (7s)
[0m[33mapply [0m[33m9a6a4b475717... [0m[33mok (7s)
[0m[33mcompile target commit... [0m[33mok (9s)
[0mPREPARE:
[33m0s
[0mANALYZE:
COCCIGEN:
