BUILD:
[33mbase commit: 9f50bd8905ab^1
[0m[33mtarget commit: 9f50bd8905ab
[0m[33mchecking out base commit... [0m[33mok (0s)
[0m[33mformatting diff... [0m[33mok (0s)
[0m4 source file(s) touched in the old version
`-- drivers/gpu/drm/drm_buffer.c
`-- drivers/gpu/drm/radeon/r300_cmdbuf.c
`-- drivers/gpu/drm/radeon/radeon_state.c
`-- include/drm/drm_buffer.h
4 source file(s) touched in the new version
`-- drivers/gpu/drm/radeon/drm_buffer.c
`-- drivers/gpu/drm/radeon/drm_buffer.h
`-- drivers/gpu/drm/radeon/r300_cmdbuf.c
`-- drivers/gpu/drm/radeon/radeon_state.c
[33mIgnore files that are created or deleted by the patch.
[0m[33mcompile base commit... [0m[33mok (5s)
[0m[33mapply [0m[33m9f50bd8905ab... [0m[33mok (5s)
[0m[33mcompile target commit... [0m[33mok (8s)
[0mPREPARE:
[33m0s
[0mANALYZE:
COCCIGEN:
Unable to infer inclusion changes on more than 1 file
added  : set([u'drivers/gpu/drm/radeon/drm_buffer.h'])
deleted: set(['drm/drm_buffer.h', 'linux/export.h'])
