BUILD:
[33mbase commit: 9fc5cde7fb66^1
[0m[33mtarget commit: 9fc5cde7fb66
[0m[33mchecking out base commit... [0m[33mok (1s)
[0m[33mformatting diff... [0m[33mok (1s)
[0m12 source file(s) touched in the old version
`-- drivers/gpu/drm/drm_bufs.c
`-- drivers/gpu/drm/drm_drv.c
`-- drivers/gpu/drm/drm_ioctl.c
`-- drivers/gpu/drm/drm_legacy.h
`-- drivers/gpu/drm/i915/i915_dma.c
`-- drivers/gpu/drm/mga/mga_dma.c
`-- drivers/gpu/drm/r128/r128_cce.c
`-- drivers/gpu/drm/radeon/r600_cp.c
`-- drivers/gpu/drm/radeon/radeon_cp.c
`-- drivers/gpu/drm/savage/savage_bci.c
`-- drivers/gpu/drm/via/via_map.c
`-- include/drm/drmP.h
12 source file(s) touched in the new version
`-- drivers/gpu/drm/drm_bufs.c
`-- drivers/gpu/drm/drm_drv.c
`-- drivers/gpu/drm/drm_ioctl.c
`-- drivers/gpu/drm/drm_legacy.h
`-- drivers/gpu/drm/i915/i915_dma.c
`-- drivers/gpu/drm/mga/mga_dma.c
`-- drivers/gpu/drm/r128/r128_cce.c
`-- drivers/gpu/drm/radeon/r600_cp.c
`-- drivers/gpu/drm/radeon/radeon_cp.c
`-- drivers/gpu/drm/savage/savage_bci.c
`-- drivers/gpu/drm/via/via_map.c
`-- include/drm/drmP.h
[33mcompile base commit... [0m[33mok (6s)
[0m[33mapply [0m[33m9fc5cde7fb66... [0m[33mok (6s)
[0m[33mcompile target commit... [0m[33mok (8s)
[0mPREPARE:
[33m1s
[0mANALYZE:
COCCIGEN:
@@
@@
 #include <drm/drmP.h>
+#include <drivers/gpu/drm/drm_legacy.h>
