BUILD:
[33mbase commit: a0a53aa8c7b4^1
[0m[33mtarget commit: a0a53aa8c7b4
[0m[33mchecking out base commit... [0m[33mok (1s)
[0m[33mformatting diff... [0m[33mok (1s)
[0m7 source file(s) touched in the old version
`-- drivers/gpu/drm/radeon/radeon.h
`-- drivers/gpu/drm/radeon/radeon_drv.c
`-- drivers/gpu/drm/radeon/radeon_kms.c
`-- drivers/gpu/drm/radeon/radeon_object.c
`-- drivers/gpu/drm/radeon/rs690.c
`-- drivers/gpu/drm/radeon/rs690d.h
`-- include/uapi/drm/radeon_drm.h
7 source file(s) touched in the new version
`-- drivers/gpu/drm/radeon/radeon.h
`-- drivers/gpu/drm/radeon/radeon_drv.c
`-- drivers/gpu/drm/radeon/radeon_kms.c
`-- drivers/gpu/drm/radeon/radeon_object.c
`-- drivers/gpu/drm/radeon/rs690.c
`-- drivers/gpu/drm/radeon/rs690d.h
`-- include/uapi/drm/radeon_drm.h
[33mcompile base commit... [0m[33mok (6s)
[0m[33mapply [0m[33ma0a53aa8c7b4... [0m[33mok (6s)
[0m[33mcompile target commit... [0m[33mok (8s)
[0mPREPARE:
[33m0s
[0mANALYZE:
COCCIGEN:
