BUILD:
[33mbase commit: a3f913ca9892^1
[0m[33mtarget commit: a3f913ca9892
[0m[33mchecking out base commit... [0m[33mok (1s)
[0m[33mformatting diff... [0m[33mok (1s)
[0m24 source file(s) touched in the old version
`-- drivers/gpu/drm/amd/amdgpu/amdgpu_display.c
`-- drivers/gpu/drm/armada/armada_fb.c
`-- drivers/gpu/drm/ast/ast_main.c
`-- drivers/gpu/drm/bochs/bochs_mm.c
`-- drivers/gpu/drm/cirrus/cirrus_main.c
`-- drivers/gpu/drm/drm_fb_cma_helper.c
`-- drivers/gpu/drm/drm_modeset_helper.c
`-- drivers/gpu/drm/exynos/exynos_drm_fb.c
`-- drivers/gpu/drm/gma500/framebuffer.c
`-- drivers/gpu/drm/hisilicon/hibmc/hibmc_ttm.c
`-- drivers/gpu/drm/i915/intel_display.c
`-- drivers/gpu/drm/mediatek/mtk_drm_fb.c
`-- drivers/gpu/drm/mgag200/mgag200_main.c
`-- drivers/gpu/drm/msm/msm_fb.c
`-- drivers/gpu/drm/nouveau/nouveau_display.c
`-- drivers/gpu/drm/omapdrm/omap_fb.c
`-- drivers/gpu/drm/qxl/qxl_display.c
`-- drivers/gpu/drm/radeon/radeon_display.c
`-- drivers/gpu/drm/rockchip/rockchip_drm_fb.c
`-- drivers/gpu/drm/tegra/fb.c
`-- drivers/gpu/drm/udl/udl_fb.c
`-- drivers/gpu/drm/virtio/virtgpu_display.c
`-- drivers/gpu/drm/vmwgfx/vmwgfx_kms.c
`-- include/drm/drm_modeset_helper.h
24 source file(s) touched in the new version
`-- drivers/gpu/drm/amd/amdgpu/amdgpu_display.c
`-- drivers/gpu/drm/armada/armada_fb.c
`-- drivers/gpu/drm/ast/ast_main.c
`-- drivers/gpu/drm/bochs/bochs_mm.c
`-- drivers/gpu/drm/cirrus/cirrus_main.c
`-- drivers/gpu/drm/drm_fb_cma_helper.c
`-- drivers/gpu/drm/drm_modeset_helper.c
`-- drivers/gpu/drm/exynos/exynos_drm_fb.c
`-- drivers/gpu/drm/gma500/framebuffer.c
`-- drivers/gpu/drm/hisilicon/hibmc/hibmc_ttm.c
`-- drivers/gpu/drm/i915/intel_display.c
`-- drivers/gpu/drm/mediatek/mtk_drm_fb.c
`-- drivers/gpu/drm/mgag200/mgag200_main.c
`-- drivers/gpu/drm/msm/msm_fb.c
`-- drivers/gpu/drm/nouveau/nouveau_display.c
`-- drivers/gpu/drm/omapdrm/omap_fb.c
`-- drivers/gpu/drm/qxl/qxl_display.c
`-- drivers/gpu/drm/radeon/radeon_display.c
`-- drivers/gpu/drm/rockchip/rockchip_drm_fb.c
`-- drivers/gpu/drm/tegra/fb.c
`-- drivers/gpu/drm/udl/udl_fb.c
`-- drivers/gpu/drm/virtio/virtgpu_display.c
`-- drivers/gpu/drm/vmwgfx/vmwgfx_kms.c
`-- include/drm/drm_modeset_helper.h
[33mcompile base commit... [0m[33mok (45s)
[0m[33mapply [0m[33ma3f913ca9892... [0m[33mok (45s)
[0m[33mcompile target commit... [0m[33mok (85s)
[0mPREPARE:
[33mcollect AST for functions: vmw_kms_new_framebuffer_dmabuf@drivers_gpu_drm_vmwgfx_vmwgfx_kms.c,udl_framebuffer_init@drivers_gpu_drm_udl_udl_fb.c,radeon_framebuffer_init@drivers_gpu_drm_radeon_radeon_display.c,nouveau_framebuffer_new@drivers_gpu_drm_nouveau_nouveau_display.c,virtio_gpu_framebuffer_init@drivers_gpu_drm_virtio_virtgpu_display.c,omap_framebuffer_init@drivers_gpu_drm_omapdrm_omap_fb.c,drm_fb_cma_alloc@drivers_gpu_drm_drm_fb_cma_helper.c,rockchip_fb_alloc@drivers_gpu_drm_rockchip_rockchip_drm_fb.c,vmw_kms_new_framebuffer_surface@drivers_gpu_drm_vmwgfx_vmwgfx_kms.c,hibmc_framebuffer_init@drivers_gpu_drm_hisilicon_hibmc_hibmc_ttm.c,mtk_drm_framebuffer_init@drivers_gpu_drm_mediatek_mtk_drm_fb.c,bochs_framebuffer_init@drivers_gpu_drm_bochs_bochs_mm.c,tegra_fb_alloc@drivers_gpu_drm_tegra_fb.c,psb_framebuffer_init@drivers_gpu_drm_gma500_framebuffer.c,armada_framebuffer_create@drivers_gpu_drm_armada_armada_fb.c,cirrus_framebuffer_init@drivers_gpu_drm_cirrus_cirrus_main.c,amdgpu_framebuffer_init@drivers_gpu_drm_amd_amdgpu_amdgpu_display.c,qxl_framebuffer_init@drivers_gpu_drm_qxl_qxl_display.c,drm_helper_mode_fill_fb_struct@drivers_gpu_drm_drm_modeset_helper.c,intel_framebuffer_init@drivers_gpu_drm_i915_intel_display.c,ast_framebuffer_init@drivers_gpu_drm_ast_ast_main.c,msm_framebuffer_init@drivers_gpu_drm_msm_msm_fb.c,mgag200_framebuffer_init@drivers_gpu_drm_mgag200_mgag200_main.c,exynos_drm_framebuffer_init@drivers_gpu_drm_exynos_exynos_drm_fb.c
[0m[33mTransforming and linking bitcode files...
[0m[33m9s
[0mANALYZE:
COCCIGEN:
//# pattern-1, witnesses: 19
@@
expression E0;
identifier PV1;
@@
- drm_helper_mode_fill_fb_struct(E0, PV1)
+ drm_helper_mode_fill_fb_struct(dev, E0, PV1)
//# pattern-2, witnesses: 2
@@
expression V0;
@@
- drm_helper_mode_fill_fb_struct(&V0->base.base, mode_cmd)
+ drm_helper_mode_fill_fb_struct(dev, &V0->base.base, mode_cmd)
