BUILD:
[33mbase commit: a4eff9aa6db8^1
[0m[33mtarget commit: a4eff9aa6db8
[0m[33mchecking out base commit... [0m[33mok (1s)
[0m[33mformatting diff... [0m[33mok (1s)
[0m17 source file(s) touched in the old version
`-- drivers/gpu/drm/amd/amdgpu/amdgpu_display.c
`-- drivers/gpu/drm/amd/amdgpu/amdgpu_mode.h
`-- drivers/gpu/drm/drm_atomic_helper.c
`-- drivers/gpu/drm/drm_crtc.c
`-- drivers/gpu/drm/drm_crtc_helper.c
`-- drivers/gpu/drm/drm_plane_helper.c
`-- drivers/gpu/drm/gma500/gma_display.c
`-- drivers/gpu/drm/gma500/gma_display.h
`-- drivers/gpu/drm/nouveau/dispnv04/crtc.c
`-- drivers/gpu/drm/nouveau/nouveau_display.h
`-- drivers/gpu/drm/radeon/radeon_display.c
`-- drivers/gpu/drm/vmwgfx/vmwgfx_ldu.c
`-- drivers/gpu/drm/vmwgfx/vmwgfx_scrn.c
`-- drivers/gpu/drm/vmwgfx/vmwgfx_stdu.c
`-- include/drm/drm_atomic_helper.h
`-- include/drm/drm_crtc.h
`-- include/drm/drm_crtc_helper.h
17 source file(s) touched in the new version
`-- drivers/gpu/drm/amd/amdgpu/amdgpu_display.c
`-- drivers/gpu/drm/amd/amdgpu/amdgpu_mode.h
`-- drivers/gpu/drm/drm_atomic_helper.c
`-- drivers/gpu/drm/drm_crtc.c
`-- drivers/gpu/drm/drm_crtc_helper.c
`-- drivers/gpu/drm/drm_plane_helper.c
`-- drivers/gpu/drm/gma500/gma_display.c
`-- drivers/gpu/drm/gma500/gma_display.h
`-- drivers/gpu/drm/nouveau/dispnv04/crtc.c
`-- drivers/gpu/drm/nouveau/nouveau_display.h
`-- drivers/gpu/drm/radeon/radeon_display.c
`-- drivers/gpu/drm/vmwgfx/vmwgfx_ldu.c
`-- drivers/gpu/drm/vmwgfx/vmwgfx_scrn.c
`-- drivers/gpu/drm/vmwgfx/vmwgfx_stdu.c
`-- include/drm/drm_atomic_helper.h
`-- include/drm/drm_crtc.h
`-- include/drm/drm_crtc_helper.h
[33mcompile base commit... [0m[33mok (56s)
[0m[33mapply [0m[33ma4eff9aa6db8... [0m[33mok (56s)
[0m[33mcompile target commit... [0m[33mok (82s)
[0mPREPARE:
[33mcollect AST for functions: gma_crtc_set_config@drivers_gpu_drm_gma500_gma_display.c,vmw_ldu_crtc_set_config@drivers_gpu_drm_vmwgfx_vmwgfx_ldu.c,__drm_mode_set_config_internal@drivers_gpu_drm_drm_crtc.c,drm_primary_helper_update@drivers_gpu_drm_drm_plane_helper.c,vmw_sou_crtc_set_config@drivers_gpu_drm_vmwgfx_vmwgfx_scrn.c,drm_crtc_helper_set_config@drivers_gpu_drm_drm_crtc_helper.c,drm_atomic_helper_set_config@drivers_gpu_drm_drm_atomic_helper.c,vmw_stdu_crtc_set_config@drivers_gpu_drm_vmwgfx_vmwgfx_stdu.c,radeon_crtc_set_config@drivers_gpu_drm_radeon_radeon_display.c,amdgpu_crtc_set_config@drivers_gpu_drm_amd_amdgpu_amdgpu_display.c,nouveau_crtc_set_config@drivers_gpu_drm_nouveau_dispnv04_crtc.c
[0m[33mTransforming and linking bitcode files...
[0m[33m12s
[0mANALYZE:
COCCIGEN:
//# pattern-2, witnesses: 4
@r0@
identifier i, fn;
@@
struct drm_crtc_funcs i = {
    .set_config = fn,
};
@@
identifier r0.fn;
identifier set;
@@
- int fn(struct drm_mode_set * set)
+ int fn(struct drm_mode_set * set, struct drm_modeset_acquire_ctx * ctx)
 {
     <...
- drm_crtc_helper_set_config(set)
+ drm_crtc_helper_set_config(set, ctx)
     ...>
 }
//# pattern-3, witnesses: 3
@r1@
identifier i, fn;
@@
struct drm_crtc_funcs i = {
    .set_config = fn,
};
@@
identifier ctx;
identifier r1.fn;
identifier set;
@@
 int fn(struct drm_mode_set * set, struct drm_modeset_acquire_ctx * ctx)
 { ... }
//# pattern-1, witnesses: 2
@@
expression E0;
@@
- crtc->funcs->set_config(E0)
+ crtc->funcs->set_config(E0, ctx)
//# pattern-4, witnesses: 2
@r2@
identifier i, fn;
@@
struct drm_crtc_funcs i = {
    .set_config = fn,
};
@@
identifier ctx;
identifier r2.fn;
identifier set;
@@
 int fn(struct drm_mode_set * set, struct drm_modeset_acquire_ctx * ctx)
 { ... }
