BUILD:
[33mbase commit: a6186f4d6f5d^1
[0m[33mtarget commit: a6186f4d6f5d
[0m[33mchecking out base commit... [0m[33mok (0s)
[0m[33mformatting diff... [0m[33mok (0s)
[0m3 source file(s) touched in the old version
`-- drivers/gpu/drm/amd/include/kgd_kfd_interface.h
`-- drivers/gpu/drm/radeon/cik_reg.h
`-- drivers/gpu/drm/radeon/radeon_kfd.c
3 source file(s) touched in the new version
`-- drivers/gpu/drm/amd/include/kgd_kfd_interface.h
`-- drivers/gpu/drm/radeon/cik_reg.h
`-- drivers/gpu/drm/radeon/radeon_kfd.c
[33mcompile base commit... [0m[33mok (15s)
[0m[33mapply [0m[33ma6186f4d6f5d... [0m[33mok (15s)
[0m[33mcompile target commit... [0m[33mok (26s)
[0mPREPARE:
[33mcollect AST for functions: kfd2kgd@drivers_gpu_drm_radeon_radeon_kfd.c,watchRegs@drivers_gpu_drm_radeon_radeon_kfd.c
[0m[33m0s
[0mANALYZE:
COCCIGEN:
