BUILD:
[33mbase commit: ab5603c4d334^1
[0m[33mtarget commit: ab5603c4d334
[0m[33mchecking out base commit... [0m[33mok (1s)
[0m[33mformatting diff... [0m[33mok (1s)
[0m4 source file(s) touched in the old version
`-- drivers/gpu/drm/amd/amdgpu/amdgpu_connectors.c
`-- drivers/gpu/drm/drm_edid.c
`-- drivers/gpu/drm/radeon/radeon_connectors.c
`-- include/drm/drm_connector.h
4 source file(s) touched in the new version
`-- drivers/gpu/drm/amd/amdgpu/amdgpu_connectors.c
`-- drivers/gpu/drm/drm_edid.c
`-- drivers/gpu/drm/radeon/radeon_connectors.c
`-- include/drm/drm_connector.h
[33mcompile base commit... [0m[33mok (16s)
[0m[33mapply [0m[33mab5603c4d334... [0m[33mok (16s)
[0m[33mcompile target commit... [0m[33mok (28s)
[0mPREPARE:
[33mcollect AST for functions: parse_hdmi_vsdb@drivers_gpu_drm_drm_edid.c,amdgpu_connector_get_monitor_bpc@drivers_gpu_drm_amd_amdgpu_amdgpu_connectors.c,radeon_get_monitor_bpc@drivers_gpu_drm_radeon_radeon_connectors.c
[0m[33mTransforming and linking bitcode files...
[0m[33m3s
[0mANALYZE:
COCCIGEN:
//# pattern-1, witnesses: 2
@@
expression E0;
identifier connector;
identifier fn;
@@
 int fn(struct drm_connector * connector)
 {
     <...
- E0 = connector->max_tmds_clock * 1000
+ E0 = connector->max_tmds_clock
     ...>
 }
