BUILD:
[33mbase commit: abca9e454498^1
[0m[33mtarget commit: abca9e454498
[0m[33mchecking out base commit... [0m[33mok (0s)
[0m[33mformatting diff... [0m[33mok (0s)
[0m7 source file(s) touched in the old version
`-- drivers/gpu/drm/drm_irq.c
`-- drivers/gpu/drm/i915/i915_irq.c
`-- drivers/gpu/drm/radeon/radeon_display.c
`-- drivers/gpu/drm/radeon/radeon_drv.c
`-- drivers/gpu/drm/radeon/radeon_mode.h
`-- drivers/gpu/drm/radeon/radeon_pm.c
`-- include/drm/drmP.h
7 source file(s) touched in the new version
`-- drivers/gpu/drm/drm_irq.c
`-- drivers/gpu/drm/i915/i915_irq.c
`-- drivers/gpu/drm/radeon/radeon_display.c
`-- drivers/gpu/drm/radeon/radeon_drv.c
`-- drivers/gpu/drm/radeon/radeon_mode.h
`-- drivers/gpu/drm/radeon/radeon_pm.c
`-- include/drm/drmP.h
[33mcompile base commit... [0m[33mok (5s)
[0m[33mapply [0m[33mabca9e454498... [0m[33mok (5s)
[0m[33mcompile target commit... [0m[33mok (7s)
[0mPREPARE:
[33m0s
[0mANALYZE:
COCCIGEN:
