BUILD:
[33mbase commit: acb4652703f0^1
[0m[33mtarget commit: acb4652703f0
[0m[33mchecking out base commit... [0m[33mok (0s)
[0m[33mformatting diff... [0m[33mok (0s)
[0m6 source file(s) touched in the old version
`-- drivers/gpu/drm/ast/ast_ttm.c
`-- drivers/gpu/drm/cirrus/cirrus_ttm.c
`-- drivers/gpu/drm/mgag200/mgag200_ttm.c
`-- drivers/gpu/drm/nouveau/nouveau_bo.c
`-- drivers/gpu/drm/qxl/qxl_ttm.c
`-- drivers/gpu/drm/radeon/radeon_ttm.c
6 source file(s) touched in the new version
`-- drivers/gpu/drm/ast/ast_ttm.c
`-- drivers/gpu/drm/cirrus/cirrus_ttm.c
`-- drivers/gpu/drm/mgag200/mgag200_ttm.c
`-- drivers/gpu/drm/nouveau/nouveau_bo.c
`-- drivers/gpu/drm/qxl/qxl_ttm.c
`-- drivers/gpu/drm/radeon/radeon_ttm.c
[33mcompile base commit... [0m[33mok (5s)
[0m[33mapply [0m[33macb4652703f0... [0m[33mok (5s)
[0m[33mcompile target commit... [0m[33mok (11s)
[0mPREPARE:
[33m0s
[0mANALYZE:
COCCIGEN:
