BUILD:
[33mbase commit: af2405af07d1^1
[0m[33mtarget commit: af2405af07d1
[0m[33mchecking out base commit... [0m[33mok (1s)
[0m[33mformatting diff... [0m[33mok (1s)
[0m3 source file(s) touched in the old version
`-- drivers/gpu/drm/drm_fb_helper.c
`-- drivers/gpu/drm/i915/intel_dp_mst.c
`-- drivers/gpu/drm/radeon/radeon_dp_mst.c
3 source file(s) touched in the new version
`-- drivers/gpu/drm/drm_fb_helper.c
`-- drivers/gpu/drm/i915/intel_dp_mst.c
`-- drivers/gpu/drm/radeon/radeon_dp_mst.c
[33mcompile base commit... [0m[33mok (18s)
[0m[33mapply [0m[33maf2405af07d1... [0m[33mok (18s)
[0m[33mcompile target commit... [0m[33mok (31s)
[0mPREPARE:
[33mcollect AST for functions: drm_fb_helper_add_one_connector@drivers_gpu_drm_drm_fb_helper.c,radeon_dp_register_mst_connector@drivers_gpu_drm_radeon_radeon_dp_mst.c,drm_fb_helper_remove_one_connector@drivers_gpu_drm_drm_fb_helper.c,drm_fb_helper_single_add_all_connectors@drivers_gpu_drm_drm_fb_helper.c,intel_dp_destroy_mst_connector@drivers_gpu_drm_i915_intel_dp_mst.c,intel_dp_register_mst_connector@drivers_gpu_drm_i915_intel_dp_mst.c,radeon_dp_destroy_mst_connector@drivers_gpu_drm_radeon_radeon_dp_mst.c
[0m[33mTransforming and linking bitcode files...
[0m[33m2s
[0mANALYZE:
COCCIGEN:
//# pattern-4, witnesses: 2
@r0@
identifier i, fn;
@@
struct drm_dp_mst_topology_cbs i = {
    .register_connector = fn,
};
@@
identifier connector;
@@
 void intel_dp_register_mst_connector(struct drm_connector * connector)
 {
     <...
- struct drm_device * dev = connector->dev;
- dev;
     ...>
 }
//# pattern-7, witnesses: 2
@@
@@
- drm_modeset_unlock_all(dev);
//# pattern-8, witnesses: 2
@@
@@
- drm_modeset_lock_all(dev);
