BUILD:
[33mbase commit: b0071efe827f^1
[0m[33mtarget commit: b0071efe827f
[0m[33mchecking out base commit... [0m[33mok (1s)
[0m[33mformatting diff... [0m[33mok (1s)
[0m9 source file(s) touched in the old version
`-- drivers/gpu/drm/drm_fops.c
`-- drivers/gpu/drm/gma500/psb_drv.c
`-- drivers/gpu/drm/i915/i915_drv.c
`-- drivers/gpu/drm/mga/mga_drv.c
`-- drivers/gpu/drm/nouveau/nouveau_drv.c
`-- drivers/gpu/drm/r128/r128_drv.c
`-- drivers/gpu/drm/radeon/radeon_drv.c
`-- drivers/gpu/drm/tdfx/tdfx_drv.c
`-- include/drm/drmP.h
9 source file(s) touched in the new version
`-- drivers/gpu/drm/drm_fops.c
`-- drivers/gpu/drm/gma500/psb_drv.c
`-- drivers/gpu/drm/i915/i915_drv.c
`-- drivers/gpu/drm/mga/mga_drv.c
`-- drivers/gpu/drm/nouveau/nouveau_drv.c
`-- drivers/gpu/drm/r128/r128_drv.c
`-- drivers/gpu/drm/radeon/radeon_drv.c
`-- drivers/gpu/drm/tdfx/tdfx_drv.c
`-- include/drm/drmP.h
[33mcompile base commit... [0m[33mok (6s)
[0m[33mapply [0m[33mb0071efe827f... [0m[33mok (6s)
[0m[33mcompile target commit... [0m[33mok (8s)
[0mPREPARE:
[33m0s
[0mANALYZE:
COCCIGEN:
