BUILD:
[33mbase commit: b00c600e9153^1
[0m[33mtarget commit: b00c600e9153
[0m[33mchecking out base commit... [0m[33mok (0s)
[0m[33mformatting diff... [0m[33mok (0s)
[0m36 source file(s) touched in the old version
`-- drivers/gpu/drm/amd/amdgpu/amdgpu_fb.c
`-- drivers/gpu/drm/armada/armada_fbdev.c
`-- drivers/gpu/drm/ast/ast_fb.c
`-- drivers/gpu/drm/bochs/bochs_fbdev.c
`-- drivers/gpu/drm/cirrus/cirrus_fbdev.c
`-- drivers/gpu/drm/drm_fb_cma_helper.c
`-- drivers/gpu/drm/drm_fb_helper.c
`-- drivers/gpu/drm/drm_framebuffer.c
`-- drivers/gpu/drm/drm_modeset_helper.c
`-- drivers/gpu/drm/exynos/exynos_drm_fbdev.c
`-- drivers/gpu/drm/gma500/accel_2d.c
`-- drivers/gpu/drm/gma500/framebuffer.c
`-- drivers/gpu/drm/gma500/gma_display.c
`-- drivers/gpu/drm/gma500/mdfld_intel_display.c
`-- drivers/gpu/drm/gma500/oaktrail_crtc.c
`-- drivers/gpu/drm/hisilicon/hibmc/hibmc_drm_fbdev.c
`-- drivers/gpu/drm/i915/i915_debugfs.c
`-- drivers/gpu/drm/i915/intel_fbdev.c
`-- drivers/gpu/drm/mgag200/mgag200_fb.c
`-- drivers/gpu/drm/mgag200/mgag200_mode.c
`-- drivers/gpu/drm/msm/msm_fbdev.c
`-- drivers/gpu/drm/nouveau/dispnv04/crtc.c
`-- drivers/gpu/drm/nouveau/dispnv04/dfp.c
`-- drivers/gpu/drm/nouveau/nouveau_fbcon.c
`-- drivers/gpu/drm/omapdrm/omap_fbdev.c
`-- drivers/gpu/drm/qxl/qxl_fb.c
`-- drivers/gpu/drm/radeon/radeon_fb.c
`-- drivers/gpu/drm/rockchip/rockchip_drm_fbdev.c
`-- drivers/gpu/drm/tegra/drm.c
`-- drivers/gpu/drm/tegra/fb.c
`-- drivers/gpu/drm/udl/udl_fb.c
`-- drivers/gpu/drm/virtio/virtgpu_fb.c
`-- drivers/gpu/drm/vmwgfx/vmwgfx_fb.c
`-- drivers/gpu/drm/vmwgfx/vmwgfx_ldu.c
`-- drivers/gpu/drm/vmwgfx/vmwgfx_scrn.c
`-- include/drm/drm_framebuffer.h
36 source file(s) touched in the new version
`-- drivers/gpu/drm/amd/amdgpu/amdgpu_fb.c
`-- drivers/gpu/drm/armada/armada_fbdev.c
`-- drivers/gpu/drm/ast/ast_fb.c
`-- drivers/gpu/drm/bochs/bochs_fbdev.c
`-- drivers/gpu/drm/cirrus/cirrus_fbdev.c
`-- drivers/gpu/drm/drm_fb_cma_helper.c
`-- drivers/gpu/drm/drm_fb_helper.c
`-- drivers/gpu/drm/drm_framebuffer.c
`-- drivers/gpu/drm/drm_modeset_helper.c
`-- drivers/gpu/drm/exynos/exynos_drm_fbdev.c
`-- drivers/gpu/drm/gma500/accel_2d.c
`-- drivers/gpu/drm/gma500/framebuffer.c
`-- drivers/gpu/drm/gma500/gma_display.c
`-- drivers/gpu/drm/gma500/mdfld_intel_display.c
`-- drivers/gpu/drm/gma500/oaktrail_crtc.c
`-- drivers/gpu/drm/hisilicon/hibmc/hibmc_drm_fbdev.c
`-- drivers/gpu/drm/i915/i915_debugfs.c
`-- drivers/gpu/drm/i915/intel_fbdev.c
`-- drivers/gpu/drm/mgag200/mgag200_fb.c
`-- drivers/gpu/drm/mgag200/mgag200_mode.c
`-- drivers/gpu/drm/msm/msm_fbdev.c
`-- drivers/gpu/drm/nouveau/dispnv04/crtc.c
`-- drivers/gpu/drm/nouveau/dispnv04/dfp.c
`-- drivers/gpu/drm/nouveau/nouveau_fbcon.c
`-- drivers/gpu/drm/omapdrm/omap_fbdev.c
`-- drivers/gpu/drm/qxl/qxl_fb.c
`-- drivers/gpu/drm/radeon/radeon_fb.c
`-- drivers/gpu/drm/rockchip/rockchip_drm_fbdev.c
`-- drivers/gpu/drm/tegra/drm.c
`-- drivers/gpu/drm/tegra/fb.c
`-- drivers/gpu/drm/udl/udl_fb.c
`-- drivers/gpu/drm/virtio/virtgpu_fb.c
`-- drivers/gpu/drm/vmwgfx/vmwgfx_fb.c
`-- drivers/gpu/drm/vmwgfx/vmwgfx_ldu.c
`-- drivers/gpu/drm/vmwgfx/vmwgfx_scrn.c
`-- include/drm/drm_framebuffer.h
[33mcompile base commit... [0m[33mok (58s)
[0m[33mapply [0m[33mb00c600e9153... [0m[33mok (58s)
[0m[33mcompile target commit... [0m[33mok (110s)
[0mPREPARE:
[33mcollect AST for functions: mdfld__intel_pipe_set_base@drivers_gpu_drm_gma500_mdfld_intel_display.c,psbfb_create@drivers_gpu_drm_gma500_framebuffer.c,mga_crtc_mode_set@drivers_gpu_drm_mgag200_mgag200_mode.c,radeonfb_create@drivers_gpu_drm_radeon_radeon_fb.c,tegra_fbdev_probe@drivers_gpu_drm_tegra_fb.c,hibmc_drm_fb_create@drivers_gpu_drm_hisilicon_hibmc_hibmc_drm_fbdev.c,i915_gem_framebuffer_info@drivers_gpu_drm_i915_i915_debugfs.c,tegra_debugfs_framebuffers@drivers_gpu_drm_tegra_drm.c,nouveau_fbcon_create@drivers_gpu_drm_nouveau_nouveau_fbcon.c,drm_mode_getfb@drivers_gpu_drm_drm_framebuffer.c,intelfb_create@drivers_gpu_drm_i915_intel_fbdev.c,amdgpufb_create@drivers_gpu_drm_amd_amdgpu_amdgpu_fb.c,exynos_drm_fbdev_update@drivers_gpu_drm_exynos_exynos_drm_fbdev.c,vmw_ldu_commit_list@drivers_gpu_drm_vmwgfx_vmwgfx_ldu.c,psbfb_copyarea_accel@drivers_gpu_drm_gma500_accel_2d.c,mga_crtc_load_lut@drivers_gpu_drm_mgag200_mgag200_mode.c,qxlfb_create@drivers_gpu_drm_qxl_qxl_fb.c,gma_pipe_set_base@drivers_gpu_drm_gma500_gma_display.c,astfb_create@drivers_gpu_drm_ast_ast_fb.c,do_dmabuf_define_gmrfb@drivers_gpu_drm_vmwgfx_vmwgfx_scrn.c,bochsfb_create@drivers_gpu_drm_bochs_bochs_fbdev.c,drm_fbdev_cma_create_with_funcs@drivers_gpu_drm_drm_fb_cma_helper.c,virtio_gpufb_create@drivers_gpu_drm_virtio_virtgpu_fb.c,armada_fb_create@drivers_gpu_drm_armada_armada_fbdev.c,drm_helper_mode_fill_fb_struct@drivers_gpu_drm_drm_modeset_helper.c,mgag200fb_create@drivers_gpu_drm_mgag200_mgag200_fb.c,nv04_dfp_mode_set@drivers_gpu_drm_nouveau_dispnv04_dfp.c,oaktrail_pipe_set_base@drivers_gpu_drm_gma500_oaktrail_crtc.c,msm_fbdev_create@drivers_gpu_drm_msm_msm_fbdev.c,nv_crtc_mode_set_regs@drivers_gpu_drm_nouveau_dispnv04_crtc.c,drm_fb_helper_fill_var@drivers_gpu_drm_drm_fb_helper.c,omap_fbdev_create@drivers_gpu_drm_omapdrm_omap_fbdev.c,nv04_crtc_do_mode_set_base@drivers_gpu_drm_nouveau_dispnv04_crtc.c,cirrusfb_create@drivers_gpu_drm_cirrus_cirrus_fbdev.c,vmw_fb_setcolreg@drivers_gpu_drm_vmwgfx_vmwgfx_fb.c,rockchip_drm_fbdev_create@drivers_gpu_drm_rockchip_rockchip_drm_fbdev.c,udlfb_create@drivers_gpu_drm_udl_udl_fb.c
[0m[33mTransforming and linking bitcode files...
[0m[33m8s
[0mANALYZE:
COCCIGEN:
//# pattern-2, witnesses: 32
@@
@@
- fb->depth
+ fb->format->depth
//# pattern-1, witnesses: 6
@@
expression ME0;
@@
- ME0.depth
+ ME0.format->depth
//# pattern-3, witnesses: 2
@r0@
identifier i, fn;
@@
struct kernel_symbol i = {
    .value = fn,
};
@@
expression E0;
identifier dev;
identifier fb;
identifier mode_cmd;
@@
 void drm_helper_mode_fill_fb_struct(struct drm_device * dev, struct drm_framebuffer * fb, const struct drm_mode_fb_cmd2 * mode_cmd)
 {
     <...
- fb->depth = E0;
     ...>
 }
//# pattern-4, witnesses: 2
@@
@@
- par->set_fb
+ par->set_fb->format
