BUILD:
[33mbase commit: b00e5334ab1b^1
[0m[33mtarget commit: b00e5334ab1b
[0m[33mchecking out base commit... [0m[33mok (2s)
[0m[33mformatting diff... [0m[33mok (2s)
[0m5 source file(s) touched in the old version
`-- drivers/gpu/drm/i915/i915_drv.c
`-- drivers/gpu/drm/nouveau/nouveau_drm.c
`-- drivers/gpu/drm/radeon/radeon_drv.c
`-- drivers/gpu/vga/vga_switcheroo.c
`-- include/linux/vga_switcheroo.h
5 source file(s) touched in the new version
`-- drivers/gpu/drm/i915/i915_drv.c
`-- drivers/gpu/drm/nouveau/nouveau_drm.c
`-- drivers/gpu/drm/radeon/radeon_drv.c
`-- drivers/gpu/vga/vga_switcheroo.c
`-- include/linux/vga_switcheroo.h
[33mcompile base commit... [0m[33mok (18s)
[0m[33mapply [0m[33mb00e5334ab1b... [0m[33mok (18s)
[0m[33mcompile target commit... [0m[33mok (37s)
[0mPREPARE:
[33mcollect AST for functions: nouveau_drm_probe@drivers_gpu_drm_nouveau_nouveau_drm.c,i915_pci_probe@drivers_gpu_drm_i915_i915_drv.c,radeon_pci_probe@drivers_gpu_drm_radeon_radeon_drv.c
[0m[33mTransforming and linking bitcode files...
[0m[33m3s
[0mANALYZE:
COCCIGEN:
//# pattern-1, witnesses: 3
@r0@
identifier i, fn;
@@
struct pci_driver i = {
    .probe = fn,
};
@@
statement S3;
identifier ent;
expression list listE0;
expression list listE1;
expression list listE2;
identifier pdev;
identifier r0.fn;
@@
 int fn(struct pci_dev * pdev, const struct pci_device_id * ent)
 {
     <...
- if (IS_ENABLED && IS_ENABLED && apple_gmux_present(listE0) && pdev != vga_default_device(listE1) && !vga_switcheroo_handler_flags(listE2)) { S3 }
+ if (vga_switcheroo_client_probe_defer(pdev)) { S3 }
     ...>
 }
