BUILD:
[33mbase commit: b1e5f1723255^1
[0m[33mtarget commit: b1e5f1723255
[0m[33mchecking out base commit... [0m[33mok (0s)
[0m[33mformatting diff... [0m[33mok (0s)
[0m9 source file(s) touched in the old version
`-- drivers/gpu/drm/nouveau/nouveau_bo.c
`-- drivers/gpu/drm/radeon/radeon_ttm.c
`-- drivers/gpu/drm/ttm/ttm_bo_util.c
`-- drivers/gpu/drm/ttm/ttm_bo_vm.c
`-- drivers/gpu/drm/ttm/ttm_page_alloc.c
`-- drivers/gpu/drm/ttm/ttm_tt.c
`-- drivers/gpu/drm/vmwgfx/vmwgfx_buffer.c
`-- include/drm/ttm/ttm_bo_driver.h
`-- include/drm/ttm/ttm_page_alloc.h
9 source file(s) touched in the new version
`-- drivers/gpu/drm/nouveau/nouveau_bo.c
`-- drivers/gpu/drm/radeon/radeon_ttm.c
`-- drivers/gpu/drm/ttm/ttm_bo_util.c
`-- drivers/gpu/drm/ttm/ttm_bo_vm.c
`-- drivers/gpu/drm/ttm/ttm_page_alloc.c
`-- drivers/gpu/drm/ttm/ttm_tt.c
`-- drivers/gpu/drm/vmwgfx/vmwgfx_buffer.c
`-- include/drm/ttm/ttm_bo_driver.h
`-- include/drm/ttm/ttm_page_alloc.h
[33mcompile base commit... [0m[33mok (4s)
[0m[33mapply [0m[33mb1e5f1723255... [0m[33mok (4s)
[0m[33mcompile target commit... [0m[33mok (6s)
[0mPREPARE:
[33m0s
[0mANALYZE:
COCCIGEN:
Unable to infer inclusion changes on more than 1 file
added  : set([u'drivers/gpu/drm/nouveau/ttm/ttm_page_alloc.h', u'drivers/gpu/drm/vmwgfx/ttm/ttm_page_alloc.h'])
deleted: set([])
