BUILD:
[33mbase commit: b3c11ac267d4^1
[0m[33mtarget commit: b3c11ac267d4
[0m[33mchecking out base commit... [0m[33mok (2s)
[0m[33mformatting diff... [0m[33mok (2s)
[0m17 source file(s) touched in the old version
`-- drivers/gpu/drm/amd/amdgpu/dce_v10_0.c
`-- drivers/gpu/drm/amd/amdgpu/dce_v11_0.c
`-- drivers/gpu/drm/amd/amdgpu/dce_v6_0.c
`-- drivers/gpu/drm/amd/amdgpu/dce_v8_0.c
`-- drivers/gpu/drm/drm_atomic.c
`-- drivers/gpu/drm/drm_crtc.c
`-- drivers/gpu/drm/drm_fourcc.c
`-- drivers/gpu/drm/drm_framebuffer.c
`-- drivers/gpu/drm/drm_modeset_helper.c
`-- drivers/gpu/drm/drm_plane.c
`-- drivers/gpu/drm/hisilicon/kirin/kirin_drm_ade.c
`-- drivers/gpu/drm/i915/i915_debugfs.c
`-- drivers/gpu/drm/i915/intel_atomic_plane.c
`-- drivers/gpu/drm/i915/intel_display.c
`-- drivers/gpu/drm/radeon/atombios_crtc.c
`-- drivers/gpu/drm/vmwgfx/vmwgfx_kms.c
`-- include/drm/drm_fourcc.h
17 source file(s) touched in the new version
`-- drivers/gpu/drm/amd/amdgpu/dce_v10_0.c
`-- drivers/gpu/drm/amd/amdgpu/dce_v11_0.c
`-- drivers/gpu/drm/amd/amdgpu/dce_v6_0.c
`-- drivers/gpu/drm/amd/amdgpu/dce_v8_0.c
`-- drivers/gpu/drm/drm_atomic.c
`-- drivers/gpu/drm/drm_crtc.c
`-- drivers/gpu/drm/drm_fourcc.c
`-- drivers/gpu/drm/drm_framebuffer.c
`-- drivers/gpu/drm/drm_modeset_helper.c
`-- drivers/gpu/drm/drm_plane.c
`-- drivers/gpu/drm/hisilicon/kirin/kirin_drm_ade.c
`-- drivers/gpu/drm/i915/i915_debugfs.c
`-- drivers/gpu/drm/i915/intel_atomic_plane.c
`-- drivers/gpu/drm/i915/intel_display.c
`-- drivers/gpu/drm/radeon/atombios_crtc.c
`-- drivers/gpu/drm/vmwgfx/vmwgfx_kms.c
`-- include/drm/drm_fourcc.h
[33mcompile base commit... [0m[33mok (46s)
[0m[33mapply [0m[33mb3c11ac267d4... [0m[33mok (46s)
[0m[33mcompile target commit... [0m[33mok (86s)
[0mPREPARE:
[33mcollect AST for functions: drm_atomic_plane_print_state@drivers_gpu_drm_drm_atomic.c,dce_v11_0_crtc_do_set_base@drivers_gpu_drm_amd_amdgpu_dce_v11_0.c,vmw_kms_fb_create@drivers_gpu_drm_vmwgfx_vmwgfx_kms.c,avivo_crtc_do_set_base@drivers_gpu_drm_radeon_atombios_crtc.c,drm_mode_setcrtc@drivers_gpu_drm_drm_crtc.c,dce_v6_0_crtc_do_set_base@drivers_gpu_drm_amd_amdgpu_dce_v6_0.c,intel_framebuffer_init@drivers_gpu_drm_i915_intel_display.c,drm_atomic_plane_check@drivers_gpu_drm_drm_atomic.c,ade_rdma_set@drivers_gpu_drm_hisilicon_kirin_kirin_drm_ade.c,intel_dump_pipe_config@drivers_gpu_drm_i915_intel_display.c,drm_get_format_name@drivers_gpu_drm_drm_fourcc.c,dce4_crtc_do_set_base@drivers_gpu_drm_radeon_atombios_crtc.c,drm_helper_mode_fill_fb_struct@drivers_gpu_drm_drm_modeset_helper.c,dce_v10_0_crtc_do_set_base@drivers_gpu_drm_amd_amdgpu_dce_v10_0.c,framebuffer_check@drivers_gpu_drm_drm_framebuffer.c,dce_v8_0_crtc_do_set_base@drivers_gpu_drm_amd_amdgpu_dce_v8_0.c,intel_plane_info@drivers_gpu_drm_i915_i915_debugfs.c,__setplane_internal@drivers_gpu_drm_drm_plane.c,intel_plane_atomic_check@drivers_gpu_drm_i915_intel_atomic_plane.c
[0m[33mTransforming and linking bitcode files...
[0m[33m9s
[0mANALYZE:
COCCIGEN:
unknown kind: DefaultStmt
unknown kind: DefaultStmt
unknown kind: CaseStmt
unknown kind: CaseStmt
unknown kind: CaseStmt
unknown kind: CaseStmt
unknown kind: CaseStmt
unknown kind: CaseStmt
unknown kind: CaseStmt
unknown kind: DefaultStmt
unknown kind: CaseStmt
unknown kind: CaseStmt
unknown kind: CaseStmt
unknown kind: CaseStmt
unknown kind: CaseStmt
unknown kind: DefaultStmt
//# pattern-10, witnesses: 10
@@
expression E0;
@@
- E0;
//# pattern-5, witnesses: 5
@@
identifier s;
@@
- char * s = {
+ struct drm_format_name_buf s = {
 };
//# pattern-12, witnesses: 4
@@
expression S0;
@@
- DRM_DEBUG_KMS(S0, format_name);
- kfree(format_name);
+ DRM_DEBUG_KMS(S0, );
//# pattern-8, witnesses: 2
@r0@
identifier i, fn;
@@
struct drm_plane_helper_funcs i = {
    .atomic_check = fn,
};
@@
identifier plane;
identifier state;
@@
 int intel_plane_atomic_check(struct drm_plane * plane, struct drm_plane_state * state)
 {
     <...
- format_name;
     ...>
 }
//# pattern-9, witnesses: 2
@@
identifier dev;
identifier intel_fb;
identifier mode_cmd;
identifier obj;
@@
 int intel_framebuffer_init(struct drm_device * dev, struct intel_framebuffer * intel_fb, struct drm_mode_fb_cmd2 * mode_cmd, struct drm_i915_gem_object * obj)
 {
     <...
- format_name;
     ...>
 }
