BUILD:
[33mbase commit: b516a9efb7af^1
[0m[33mtarget commit: b516a9efb7af
[0m[33mchecking out base commit... [0m[33mok (1s)
[0m[33mformatting diff... [0m[33mok (1s)
[0m6 source file(s) touched in the old version
`-- drivers/gpu/drm/amd/amdgpu/amdgpu_mode.h
`-- drivers/gpu/drm/nouveau/nv50_display.c
`-- drivers/gpu/drm/radeon/atombios_crtc.c
`-- drivers/gpu/drm/radeon/radeon_legacy_crtc.c
`-- include/drm/drm_crtc_helper.h
`-- include/drm/drm_fb_helper.h
6 source file(s) touched in the new version
`-- drivers/gpu/drm/amd/amdgpu/amdgpu_mode.h
`-- drivers/gpu/drm/nouveau/nv50_display.c
`-- drivers/gpu/drm/radeon/atombios_crtc.c
`-- drivers/gpu/drm/radeon/radeon_legacy_crtc.c
`-- include/drm/drm_crtc_helper.h
`-- include/drm/drm_fb_helper.h
[33mcompile base commit... [0m[33mok (11s)
[0m[33mapply [0m[33mb516a9efb7af... [0m[33mok (11s)
[0m[33mcompile target commit... [0m[33mok (17s)
[0mPREPARE:
[33m0s
[0mANALYZE:
COCCIGEN:
@@
@@
 #include <drm/drm_crtc_helper.h>
+#include <drm/drm_fb_helper.h>
