BUILD:
[33mbase commit: b5c3714fe878^1
[0m[33mtarget commit: b5c3714fe878
[0m[33mchecking out base commit... [0m[33mok (1s)
[0m[33mformatting diff... [0m[33mok (1s)
[0m15 source file(s) touched in the old version
`-- drivers/gpu/drm/amd/amdgpu/amdgpu_gtt_mgr.c
`-- drivers/gpu/drm/amd/amdgpu/amdgpu_ttm.c
`-- drivers/gpu/drm/amd/amdgpu/amdgpu_vram_mgr.c
`-- drivers/gpu/drm/armada/armada_debugfs.c
`-- drivers/gpu/drm/drm_mm.c
`-- drivers/gpu/drm/etnaviv/etnaviv_drv.c
`-- drivers/gpu/drm/msm/msm_debugfs.c
`-- drivers/gpu/drm/omapdrm/omap_debugfs.c
`-- drivers/gpu/drm/qxl/qxl_ttm.c
`-- drivers/gpu/drm/radeon/radeon_ttm.c
`-- drivers/gpu/drm/selftests/test-drm_mm.c
`-- drivers/gpu/drm/tegra/drm.c
`-- drivers/gpu/drm/tilcdc/tilcdc_drv.c
`-- drivers/gpu/drm/ttm/ttm_bo_manager.c
`-- include/drm/drm_mm.h
15 source file(s) touched in the new version
`-- drivers/gpu/drm/amd/amdgpu/amdgpu_gtt_mgr.c
`-- drivers/gpu/drm/amd/amdgpu/amdgpu_ttm.c
`-- drivers/gpu/drm/amd/amdgpu/amdgpu_vram_mgr.c
`-- drivers/gpu/drm/armada/armada_debugfs.c
`-- drivers/gpu/drm/drm_mm.c
`-- drivers/gpu/drm/etnaviv/etnaviv_drv.c
`-- drivers/gpu/drm/msm/msm_debugfs.c
`-- drivers/gpu/drm/omapdrm/omap_debugfs.c
`-- drivers/gpu/drm/qxl/qxl_ttm.c
`-- drivers/gpu/drm/radeon/radeon_ttm.c
`-- drivers/gpu/drm/selftests/test-drm_mm.c
`-- drivers/gpu/drm/tegra/drm.c
`-- drivers/gpu/drm/tilcdc/tilcdc_drv.c
`-- drivers/gpu/drm/ttm/ttm_bo_manager.c
`-- include/drm/drm_mm.h
[33mcompile base commit... [0m[33mok (27s)
[0m[33mapply [0m[33mb5c3714fe878... [0m[33mok (27s)
[0m[33mcompile target commit... [0m[33mok (51s)
[0mPREPARE:
[33mcollect AST for functions: tegra_debugfs_iova@drivers_gpu_drm_tegra_drm.c,amdgpu_vram_mgr_debug@drivers_gpu_drm_amd_amdgpu_amdgpu_vram_mgr.c,msm_mm_show@drivers_gpu_drm_msm_msm_debugfs.c,tilcdc_mm_show@drivers_gpu_drm_tilcdc_tilcdc_drv.c,igt_color_evict_range@drivers_gpu_drm_selftests_test-drm_mm.c,igt_debug@drivers_gpu_drm_selftests_test-drm_mm.c,etnaviv_mm_show@drivers_gpu_drm_etnaviv_etnaviv_drv.c,igt_init@drivers_gpu_drm_selftests_test-drm_mm.c,drm_mm_dump_hole@drivers_gpu_drm_drm_mm.c,qxl_mm_dump_table@drivers_gpu_drm_qxl_qxl_ttm.c,etnaviv_mmu_show@drivers_gpu_drm_etnaviv_etnaviv_drv.c,radeon_mm_dump_table@drivers_gpu_drm_radeon_radeon_ttm.c,armada_debugfs_gem_linear_show@drivers_gpu_drm_armada_armada_debugfs.c,amdgpu_gtt_mgr_debug@drivers_gpu_drm_amd_amdgpu_amdgpu_gtt_mgr.c,mm_show@drivers_gpu_drm_omapdrm_omap_debugfs.c,ttm_bo_man_debug@drivers_gpu_drm_ttm_ttm_bo_manager.c,igt_color_evict@drivers_gpu_drm_selftests_test-drm_mm.c,amdgpu_mm_dump_table@drivers_gpu_drm_amd_amdgpu_amdgpu_ttm.c
[0m[33mTransforming and linking bitcode files...
[0m[33m3s
[0mANALYZE:
COCCIGEN:
unknown kind: PredefinedExpr
//# pattern-5, witnesses: 4
@@
@@
- drm_mm_debug_table(&mm, );
+ show_mm(&mm);
