BUILD:
[33mbase commit: b64b8afcca9d^1
[0m[33mtarget commit: b64b8afcca9d
[0m[33mchecking out base commit... [0m[33mok (1s)
[0m[33mformatting diff... [0m[33mok (1s)
[0m3 source file(s) touched in the old version
`-- drivers/gpu/drm/amd/amdkfd/kfd_mqd_manager.c
`-- drivers/gpu/drm/amd/include/kgd_kfd_interface.h
`-- drivers/gpu/drm/radeon/radeon_kfd.c
3 source file(s) touched in the new version
`-- drivers/gpu/drm/amd/amdkfd/kfd_mqd_manager.c
`-- drivers/gpu/drm/amd/include/kgd_kfd_interface.h
`-- drivers/gpu/drm/radeon/radeon_kfd.c
[33mcompile base commit... [0m[33mok (15s)
[0m[33mapply [0m[33mb64b8afcca9d... [0m[33mok (15s)
[0m[33mcompile target commit... [0m[33mok (25s)
[0mPREPARE:
[33mcollect AST for functions: is_occupied@drivers_gpu_drm_amd_amdkfd_kfd_mqd_manager.c,kfd2kgd@drivers_gpu_drm_radeon_radeon_kfd.c
[0m[33mTransforming and linking bitcode files...
[0m[33m2s
[0mANALYZE:
COCCIGEN:
