BUILD:
[33mbase commit: baa7094355a1^1
[0m[33mtarget commit: baa7094355a1
[0m[33mchecking out base commit... [0m[33mok (0s)
[0m[33mformatting diff... [0m[33mok (0s)
[0m26 source file(s) touched in the old version
`-- drivers/gpu/drm/exynos/exynos_drm_drv.c
`-- drivers/gpu/drm/gma500/psb_drv.c
`-- drivers/gpu/drm/i810/i810_dma.c
`-- drivers/gpu/drm/i810/i810_drv.h
`-- drivers/gpu/drm/i915/i915_dma.c
`-- drivers/gpu/drm/i915/i915_drv.h
`-- drivers/gpu/drm/mga/mga_drv.h
`-- drivers/gpu/drm/mga/mga_state.c
`-- drivers/gpu/drm/nouveau/nouveau_drm.c
`-- drivers/gpu/drm/omapdrm/omap_drv.c
`-- drivers/gpu/drm/qxl/qxl_drv.h
`-- drivers/gpu/drm/qxl/qxl_ioctl.c
`-- drivers/gpu/drm/r128/r128_drv.h
`-- drivers/gpu/drm/r128/r128_state.c
`-- drivers/gpu/drm/radeon/radeon_drv.c
`-- drivers/gpu/drm/radeon/radeon_kms.c
`-- drivers/gpu/drm/savage/savage_bci.c
`-- drivers/gpu/drm/savage/savage_drv.h
`-- drivers/gpu/drm/sis/sis_drv.h
`-- drivers/gpu/drm/sis/sis_mm.c
`-- drivers/gpu/drm/via/via_dma.c
`-- drivers/gpu/drm/via/via_drv.h
`-- drivers/gpu/drm/vmwgfx/vmwgfx_drv.c
`-- drivers/gpu/host1x/drm/drm.c
`-- drivers/staging/imx-drm/imx-drm-core.c
`-- include/drm/drmP.h
26 source file(s) touched in the new version
`-- drivers/gpu/drm/exynos/exynos_drm_drv.c
`-- drivers/gpu/drm/gma500/psb_drv.c
`-- drivers/gpu/drm/i810/i810_dma.c
`-- drivers/gpu/drm/i810/i810_drv.h
`-- drivers/gpu/drm/i915/i915_dma.c
`-- drivers/gpu/drm/i915/i915_drv.h
`-- drivers/gpu/drm/mga/mga_drv.h
`-- drivers/gpu/drm/mga/mga_state.c
`-- drivers/gpu/drm/nouveau/nouveau_drm.c
`-- drivers/gpu/drm/omapdrm/omap_drv.c
`-- drivers/gpu/drm/qxl/qxl_drv.h
`-- drivers/gpu/drm/qxl/qxl_ioctl.c
`-- drivers/gpu/drm/r128/r128_drv.h
`-- drivers/gpu/drm/r128/r128_state.c
`-- drivers/gpu/drm/radeon/radeon_drv.c
`-- drivers/gpu/drm/radeon/radeon_kms.c
`-- drivers/gpu/drm/savage/savage_bci.c
`-- drivers/gpu/drm/savage/savage_drv.h
`-- drivers/gpu/drm/sis/sis_drv.h
`-- drivers/gpu/drm/sis/sis_mm.c
`-- drivers/gpu/drm/via/via_dma.c
`-- drivers/gpu/drm/via/via_drv.h
`-- drivers/gpu/drm/vmwgfx/vmwgfx_drv.c
`-- drivers/gpu/host1x/drm/drm.c
`-- drivers/staging/imx-drm/imx-drm-core.c
`-- include/drm/drmP.h
[33mcompile base commit... [0m[33mok (5s)
[0m[33mapply [0m[33mbaa7094355a1... [0m[33mok (5s)
[0m[33mcompile target commit... [0m[33mok (7s)
[0mPREPARE:
[33m1s
[0mANALYZE:
COCCIGEN:
