BUILD:
[33mbase commit: bfbf3c851ce5^1
[0m[33mtarget commit: bfbf3c851ce5
[0m[33mchecking out base commit... [0m[33mok (1s)
[0m[33mformatting diff... [0m[33mok (1s)
[0m12 source file(s) touched in the old version
`-- drivers/gpu/drm/drm_internal.h
`-- drivers/gpu/drm/drm_vm.c
`-- drivers/gpu/drm/i810/i810_drv.c
`-- drivers/gpu/drm/mga/mga_drv.c
`-- drivers/gpu/drm/r128/r128_drv.c
`-- drivers/gpu/drm/radeon/radeon_drv.c
`-- drivers/gpu/drm/savage/savage_drv.c
`-- drivers/gpu/drm/sis/sis_drv.c
`-- drivers/gpu/drm/tdfx/tdfx_drv.c
`-- drivers/gpu/drm/via/via_drv.c
`-- include/drm/drmP.h
`-- include/drm/drm_legacy.h
12 source file(s) touched in the new version
`-- drivers/gpu/drm/drm_internal.h
`-- drivers/gpu/drm/drm_vm.c
`-- drivers/gpu/drm/i810/i810_drv.c
`-- drivers/gpu/drm/mga/mga_drv.c
`-- drivers/gpu/drm/r128/r128_drv.c
`-- drivers/gpu/drm/radeon/radeon_drv.c
`-- drivers/gpu/drm/savage/savage_drv.c
`-- drivers/gpu/drm/sis/sis_drv.c
`-- drivers/gpu/drm/tdfx/tdfx_drv.c
`-- drivers/gpu/drm/via/via_drv.c
`-- include/drm/drmP.h
`-- include/drm/drm_legacy.h
[33mcompile base commit... [0m[33mok (6s)
[0m[33mapply [0m[33mbfbf3c851ce5... [0m[33mok (6s)
[0m[33mcompile target commit... [0m[33mok (14s)
[0mPREPARE:
[33m0s
[0mANALYZE:
COCCIGEN:
@@
@@
 #include <drm/drmP.h>
+#include <drm/drm_legacy.h>
