BUILD:
[33mbase commit: c6740c9c9e91^1
[0m[33mtarget commit: c6740c9c9e91
[0m[33mchecking out base commit... [0m[33mok (1s)
[0m[33mformatting diff... [0m[33mok (1s)
[0m4 source file(s) touched in the old version
`-- drivers/gpu/drm/armada/armada_crtc.c
`-- drivers/gpu/drm/nouveau/nouveau_gem.c
`-- drivers/gpu/drm/nouveau/nv50_display.c
`-- drivers/gpu/drm/radeon/radeon_cs.c
4 source file(s) touched in the new version
`-- drivers/gpu/drm/armada/armada_crtc.c
`-- drivers/gpu/drm/nouveau/nouveau_gem.c
`-- drivers/gpu/drm/nouveau/nv50_display.c
`-- drivers/gpu/drm/radeon/radeon_cs.c
[33mcompile base commit... [0m[33mok (17s)
[0m[33mapply [0m[33mc6740c9c9e91... [0m[33mok (17s)
[0m[33mcompile target commit... [0m[33mok (29s)
[0mPREPARE:
[33mcollect AST for functions: radeon_cs_parser_relocs@drivers_gpu_drm_radeon_radeon_cs.c,armada_drm_crtc_cursor_set@drivers_gpu_drm_armada_armada_crtc.c,validate_init@drivers_gpu_drm_nouveau_nouveau_gem.c,nv50_crtc_cursor_set@drivers_gpu_drm_nouveau_nv50_display.c
[0m[33mTransforming and linking bitcode files...
[0m[33m3s
[0mANALYZE:
COCCIGEN:
//# pattern-1, witnesses: 3
@@
expression E0;
@@
- struct drm_device * dev = E0->dev;
