BUILD:
[33mbase commit: c6f92f9fbe7d^1
[0m[33mtarget commit: c6f92f9fbe7d
[0m[33mchecking out base commit... [0m[33mok (2s)
[0m[33mformatting diff... [0m[33mok (2s)
[0m11 source file(s) touched in the old version
`-- drivers/gpu/drm/amd/amdgpu/amdgpu_cs.c
`-- drivers/gpu/drm/amd/amdgpu/amdgpu_gem.c
`-- drivers/gpu/drm/amd/amdgpu/amdgpu_ttm.c
`-- drivers/gpu/drm/etnaviv/etnaviv_gem.c
`-- drivers/gpu/drm/i915/i915_gem_userptr.c
`-- drivers/gpu/drm/radeon/radeon_ttm.c
`-- fs/fuse/dev.c
`-- include/linux/pagemap.h
`-- include/linux/swap.h
`-- mm/swap.c
`-- mm/swap_state.c
11 source file(s) touched in the new version
`-- drivers/gpu/drm/amd/amdgpu/amdgpu_cs.c
`-- drivers/gpu/drm/amd/amdgpu/amdgpu_gem.c
`-- drivers/gpu/drm/amd/amdgpu/amdgpu_ttm.c
`-- drivers/gpu/drm/etnaviv/etnaviv_gem.c
`-- drivers/gpu/drm/i915/i915_gem_userptr.c
`-- drivers/gpu/drm/radeon/radeon_ttm.c
`-- fs/fuse/dev.c
`-- include/linux/pagemap.h
`-- include/linux/swap.h
`-- mm/swap.c
`-- mm/swap_state.c
[33mcompile base commit... [0m[33mok (7s)
[0m[33mapply [0m[33mc6f92f9fbe7d... [0m[33mok (7s)
[0m[33mcompile target commit... [0m[33mok (9s)
[0mPREPARE:
[33m0s
[0mANALYZE:
COCCIGEN:
