BUILD:
[33mbase commit: c7d73f6a8ad7^1
[0m[33mtarget commit: c7d73f6a8ad7
[0m[33mchecking out base commit... [0m[33mok (1s)
[0m[33mformatting diff... [0m[33mok (1s)
[0m10 source file(s) touched in the old version
`-- drivers/gpu/drm/ast/ast_main.c
`-- drivers/gpu/drm/cirrus/cirrus_main.c
`-- drivers/gpu/drm/drm_fb_cma_helper.c
`-- drivers/gpu/drm/gma500/framebuffer.c
`-- drivers/gpu/drm/i915/intel_display.c
`-- drivers/gpu/drm/mgag200/mgag200_main.c
`-- drivers/gpu/drm/nouveau/nouveau_display.c
`-- drivers/gpu/drm/radeon/radeon_display.c
`-- drivers/gpu/drm/udl/udl_fb.c
`-- drivers/staging/omapdrm/omap_fb.c
10 source file(s) touched in the new version
`-- drivers/gpu/drm/ast/ast_main.c
`-- drivers/gpu/drm/cirrus/cirrus_main.c
`-- drivers/gpu/drm/drm_fb_cma_helper.c
`-- drivers/gpu/drm/gma500/framebuffer.c
`-- drivers/gpu/drm/i915/intel_display.c
`-- drivers/gpu/drm/mgag200/mgag200_main.c
`-- drivers/gpu/drm/nouveau/nouveau_display.c
`-- drivers/gpu/drm/radeon/radeon_display.c
`-- drivers/gpu/drm/udl/udl_fb.c
`-- drivers/staging/omapdrm/omap_fb.c
[33mcompile base commit... [0m[33mok (5s)
[0m[33mapply [0m[33mc7d73f6a8ad7... [0m[33mok (5s)
[0m[33mcompile target commit... [0m[33mok (7s)
[0mPREPARE:
[33m0s
[0mANALYZE:
COCCIGEN:
