BUILD:
[33mbase commit: cea405b172e3^1
[0m[33mtarget commit: cea405b172e3
[0m[33mchecking out base commit... [0m[33mok (1s)
[0m[33mformatting diff... [0m[33mok (1s)
[0m10 source file(s) touched in the old version
`-- drivers/gpu/drm/amd/amdkfd/kfd_chardev.c
`-- drivers/gpu/drm/amd/amdkfd/kfd_device.c
`-- drivers/gpu/drm/amd/amdkfd/kfd_device_queue_manager.c
`-- drivers/gpu/drm/amd/amdkfd/kfd_doorbell.c
`-- drivers/gpu/drm/amd/amdkfd/kfd_module.c
`-- drivers/gpu/drm/amd/amdkfd/kfd_mqd_manager_cik.c
`-- drivers/gpu/drm/amd/amdkfd/kfd_priv.h
`-- drivers/gpu/drm/amd/amdkfd/kfd_topology.c
`-- drivers/gpu/drm/amd/include/kgd_kfd_interface.h
`-- drivers/gpu/drm/radeon/radeon_kfd.c
10 source file(s) touched in the new version
`-- drivers/gpu/drm/amd/amdkfd/kfd_chardev.c
`-- drivers/gpu/drm/amd/amdkfd/kfd_device.c
`-- drivers/gpu/drm/amd/amdkfd/kfd_device_queue_manager.c
`-- drivers/gpu/drm/amd/amdkfd/kfd_doorbell.c
`-- drivers/gpu/drm/amd/amdkfd/kfd_module.c
`-- drivers/gpu/drm/amd/amdkfd/kfd_mqd_manager_cik.c
`-- drivers/gpu/drm/amd/amdkfd/kfd_priv.h
`-- drivers/gpu/drm/amd/amdkfd/kfd_topology.c
`-- drivers/gpu/drm/amd/include/kgd_kfd_interface.h
`-- drivers/gpu/drm/radeon/radeon_kfd.c
[33mcompile base commit... [0m[33mok (20s)
[0m[33mapply [0m[33mcea405b172e3... [0m[33mok (20s)
[0m[33mcompile target commit... [0m[33mok (37s)
[0mPREPARE:
[33mcollect AST for functions: kgd2kfd_device_exit@drivers_gpu_drm_amd_amdkfd_kfd_device.c,is_occupied_sdma@drivers_gpu_drm_amd_amdkfd_kfd_mqd_manager_cik.c,kfd_release_kernel_doorbell@drivers_gpu_drm_amd_amdkfd_kfd_doorbell.c,is_occupied@drivers_gpu_drm_amd_amdkfd_kfd_mqd_manager_cik.c,kfd_ioctl_get_clock_counters@drivers_gpu_drm_amd_amdkfd_kfd_chardev.c,doorbell_available_index@drivers_gpu_drm_amd_amdkfd_kfd_doorbell.c,radeon_kfd_init@drivers_gpu_drm_radeon_radeon_kfd.c,kgd2kfd_init@drivers_gpu_drm_amd_amdkfd_kfd_module.c,load_mqd_sdma@drivers_gpu_drm_amd_amdkfd_kfd_mqd_manager_cik.c,doorbell_mutex@drivers_gpu_drm_amd_amdkfd_kfd_doorbell.c,kfd_get_kernel_doorbell@drivers_gpu_drm_amd_amdkfd_kfd_doorbell.c,set_pasid_vmid_mapping@drivers_gpu_drm_amd_amdkfd_kfd_device_queue_manager.c,kfd_module_init@drivers_gpu_drm_amd_amdkfd_kfd_module.c,kgd2kfd_probe@drivers_gpu_drm_amd_amdkfd_kfd_device.c,destroy_mqd_sdma@drivers_gpu_drm_amd_amdkfd_kfd_mqd_manager_cik.c,program_sh_mem_settings@drivers_gpu_drm_amd_amdkfd_kfd_device_queue_manager.c,init_pipelines@drivers_gpu_drm_amd_amdkfd_kfd_device_queue_manager.c,destroy_mqd@drivers_gpu_drm_amd_amdkfd_kfd_mqd_manager_cik.c,node_show@drivers_gpu_drm_amd_amdkfd_kfd_topology.c,kfd_generate_gpu_id@drivers_gpu_drm_amd_amdkfd_kfd_topology.c,radeon_kfd_device_probe@drivers_gpu_drm_radeon_radeon_kfd.c,kgd2kfd_device_init@drivers_gpu_drm_amd_amdkfd_kfd_device.c,load_mqd@drivers_gpu_drm_amd_amdkfd_kfd_mqd_manager_cik.c
[0m[33mTransforming and linking bitcode files...
[0m[33m2s
[0mANALYZE:
COCCIGEN:
//# pattern-5, witnesses: 2
@@
@@
- kfd2kgd->free_gtt_mem
+ kfd->kfd2kgd->free_gtt_mem
