BUILD:
[33mbase commit: cf2fbdd26f80^1
[0m[33mtarget commit: cf2fbdd26f80
[0m[33mchecking out base commit... [0m[33mok (1s)
[0m[33mformatting diff... [0m[33mok (1s)
[0m10 source file(s) touched in the old version
`-- arch/blackfin/include/asm/bfin_sport3.h
`-- arch/s390/kernel/irq.c
`-- arch/s390/kvm/trace.h
`-- drivers/crypto/caam/ctrl.c
`-- drivers/gpu/drm/radeon/radeon_irq_kms.c
`-- drivers/i2c/busses/i2c-puv3.c
`-- drivers/scsi/qla4xxx/ql4_nx.c
`-- drivers/usb/misc/uss720.c
`-- include/trace/events/timer.h
`-- sound/pci/mixart/mixart.c
10 source file(s) touched in the new version
`-- arch/blackfin/include/asm/bfin_sport3.h
`-- arch/s390/kernel/irq.c
`-- arch/s390/kvm/trace.h
`-- drivers/crypto/caam/ctrl.c
`-- drivers/gpu/drm/radeon/radeon_irq_kms.c
`-- drivers/i2c/busses/i2c-puv3.c
`-- drivers/scsi/qla4xxx/ql4_nx.c
`-- drivers/usb/misc/uss720.c
`-- include/trace/events/timer.h
`-- sound/pci/mixart/mixart.c
[33mcompile base commit... [0m[33mok (6s)
[0m[33mapply [0m[33mcf2fbdd26f80... [0m[33mok (6s)
[0m[33mcompile target commit... [0m[33mok (8s)
[0mPREPARE:
[33m0s
[0mANALYZE:
COCCIGEN:
