BUILD:
[33mbase commit: d0b63bb3385c^1
[0m[33mtarget commit: d0b63bb3385c
[0m[33mchecking out base commit... [0m[33mok (1s)
[0m[33mformatting diff... [0m[33mok (1s)
[0m9 source file(s) touched in the old version
`-- drivers/gpu/drm/amd/amdgpu/amdgpu_amdkfd.c
`-- drivers/gpu/drm/amd/amdkfd/kfd_device.c
`-- drivers/gpu/drm/amd/amdkfd/kfd_device_queue_manager.c
`-- drivers/gpu/drm/amd/amdkfd/kfd_device_queue_manager.h
`-- drivers/gpu/drm/amd/amdkfd/kfd_device_queue_manager_cik.c
`-- drivers/gpu/drm/amd/amdkfd/kfd_packet_manager.c
`-- drivers/gpu/drm/amd/amdkfd/kfd_process_queue_manager.c
`-- drivers/gpu/drm/amd/include/kgd_kfd_interface.h
`-- drivers/gpu/drm/radeon/radeon_kfd.c
9 source file(s) touched in the new version
`-- drivers/gpu/drm/amd/amdgpu/amdgpu_amdkfd.c
`-- drivers/gpu/drm/amd/amdkfd/kfd_device.c
`-- drivers/gpu/drm/amd/amdkfd/kfd_device_queue_manager.c
`-- drivers/gpu/drm/amd/amdkfd/kfd_device_queue_manager.h
`-- drivers/gpu/drm/amd/amdkfd/kfd_device_queue_manager_cik.c
`-- drivers/gpu/drm/amd/amdkfd/kfd_packet_manager.c
`-- drivers/gpu/drm/amd/amdkfd/kfd_process_queue_manager.c
`-- drivers/gpu/drm/amd/include/kgd_kfd_interface.h
`-- drivers/gpu/drm/radeon/radeon_kfd.c
[33mcompile base commit... [0m[33mok (22s)
[0m[33mapply [0m[33md0b63bb3385c... [0m[33mok (22s)
[0m[33mcompile target commit... [0m[33mok (38s)
[0mPREPARE:
[33mcollect AST for functions: pm_calc_rlib_size@drivers_gpu_drm_amd_amdkfd_kfd_packet_manager.c,init_scheduler@drivers_gpu_drm_amd_amdkfd_kfd_device_queue_manager.c,allocate_hqd@drivers_gpu_drm_amd_amdkfd_kfd_device_queue_manager.c,amdgpu_amdkfd_device_init@drivers_gpu_drm_amd_amdgpu_amdgpu_amdkfd.c,initialize_cpsch@drivers_gpu_drm_amd_amdkfd_kfd_device_queue_manager.c,initialize_cpsch_cik@drivers_gpu_drm_amd_amdkfd_kfd_device_queue_manager_cik.c,init_interrupts@drivers_gpu_drm_amd_amdkfd_kfd_device_queue_manager.c,initialize_nocpsch@drivers_gpu_drm_amd_amdkfd_kfd_device_queue_manager.c,radeon_kfd_device_init@drivers_gpu_drm_radeon_radeon_kfd.c,pqm_create_queue@drivers_gpu_drm_amd_amdkfd_kfd_process_queue_manager.c,kgd2kfd_device_init@drivers_gpu_drm_amd_amdkfd_kfd_device.c,set_sched_resources@drivers_gpu_drm_amd_amdkfd_kfd_device_queue_manager.c
[0m[33mTransforming and linking bitcode files...
[0m[33m3s
[0mANALYZE:
COCCIGEN:
//# pattern-4, witnesses: 4
@@
expression list listE0;
@@
- get_pipes_num(listE0)
+ get_pipes_per_mec(listE0)
