BUILD:
[33mbase commit: d0be9f4ec1c4^1
[0m[33mtarget commit: d0be9f4ec1c4
[0m[33mchecking out base commit... [0m[33mok (3s)
[0m[33mformatting diff... [0m[33mok (3s)
[0m4 source file(s) touched in the old version
`-- drivers/gpu/drm/amd/include/atombios.h
`-- drivers/gpu/drm/radeon/cayman_blit_shaders.c
`-- drivers/gpu/drm/radeon/evergreen_blit_shaders.c
`-- drivers/gpu/drm/radeon/r600_blit_shaders.c
4 source file(s) touched in the new version
`-- drivers/gpu/drm/amd/include/atombios.h
`-- drivers/gpu/drm/radeon/cayman_blit_shaders.c
`-- drivers/gpu/drm/radeon/evergreen_blit_shaders.c
`-- drivers/gpu/drm/radeon/r600_blit_shaders.c
[33mcompile base commit... [0m[33mok (9s)
[0m[33mapply [0m[33md0be9f4ec1c4... [0m[33mok (9s)
[0m[33mcompile target commit... [0m[33mok (13s)
[0mPREPARE:
[33m0s
[0mANALYZE:
COCCIGEN:
