BUILD:
[33mbase commit: d0cef9fa4411^1
[0m[33mtarget commit: d0cef9fa4411
[0m[33mchecking out base commit... [0m[33mok (1s)
[0m[33mformatting diff... [0m[33mok (1s)
[0m21 source file(s) touched in the old version
`-- drivers/gpu/drm/amd/amdgpu/amdgpu_ttm.c
`-- drivers/gpu/drm/ast/ast_ttm.c
`-- drivers/gpu/drm/cirrus/cirrus_ttm.c
`-- drivers/gpu/drm/hisilicon/hibmc/hibmc_ttm.c
`-- drivers/gpu/drm/mgag200/mgag200_ttm.c
`-- drivers/gpu/drm/nouveau/nouveau_bo.c
`-- drivers/gpu/drm/qxl/qxl_ttm.c
`-- drivers/gpu/drm/radeon/radeon_ttm.c
`-- drivers/gpu/drm/ttm/ttm_agp_backend.c
`-- drivers/gpu/drm/ttm/ttm_bo_util.c
`-- drivers/gpu/drm/ttm/ttm_bo_vm.c
`-- drivers/gpu/drm/ttm/ttm_page_alloc.c
`-- drivers/gpu/drm/ttm/ttm_page_alloc_dma.c
`-- drivers/gpu/drm/ttm/ttm_tt.c
`-- drivers/gpu/drm/virtio/virtgpu_object.c
`-- drivers/gpu/drm/virtio/virtgpu_ttm.c
`-- drivers/gpu/drm/vmwgfx/vmwgfx_buffer.c
`-- drivers/gpu/drm/vmwgfx/vmwgfx_mob.c
`-- drivers/staging/vboxvideo/vbox_ttm.c
`-- include/drm/ttm/ttm_bo_driver.h
`-- include/drm/ttm/ttm_page_alloc.h
21 source file(s) touched in the new version
`-- drivers/gpu/drm/amd/amdgpu/amdgpu_ttm.c
`-- drivers/gpu/drm/ast/ast_ttm.c
`-- drivers/gpu/drm/cirrus/cirrus_ttm.c
`-- drivers/gpu/drm/hisilicon/hibmc/hibmc_ttm.c
`-- drivers/gpu/drm/mgag200/mgag200_ttm.c
`-- drivers/gpu/drm/nouveau/nouveau_bo.c
`-- drivers/gpu/drm/qxl/qxl_ttm.c
`-- drivers/gpu/drm/radeon/radeon_ttm.c
`-- drivers/gpu/drm/ttm/ttm_agp_backend.c
`-- drivers/gpu/drm/ttm/ttm_bo_util.c
`-- drivers/gpu/drm/ttm/ttm_bo_vm.c
`-- drivers/gpu/drm/ttm/ttm_page_alloc.c
`-- drivers/gpu/drm/ttm/ttm_page_alloc_dma.c
`-- drivers/gpu/drm/ttm/ttm_tt.c
`-- drivers/gpu/drm/virtio/virtgpu_object.c
`-- drivers/gpu/drm/virtio/virtgpu_ttm.c
`-- drivers/gpu/drm/vmwgfx/vmwgfx_buffer.c
`-- drivers/gpu/drm/vmwgfx/vmwgfx_mob.c
`-- drivers/staging/vboxvideo/vbox_ttm.c
`-- include/drm/ttm/ttm_bo_driver.h
`-- include/drm/ttm/ttm_page_alloc.h
[33mcompile base commit... [0m[33mok (5s)
[0m[33mapply [0m[33md0cef9fa4411... [0m[33mok (5s)
[0m[33mcompile target commit... [0m[33mok (6s)
[0mPREPARE:
[33m0s
[0mANALYZE:
COCCIGEN:
