BUILD:
[33mbase commit: d471ed04b487^1
[0m[33mtarget commit: d471ed04b487
[0m[33mchecking out base commit... [0m[33mok (3s)
[0m[33mformatting diff... [0m[33mok (3s)
[0m14 source file(s) touched in the old version
`-- drivers/gpu/drm/amd/amdgpu/amdgpu_connectors.c
`-- drivers/gpu/drm/bridge/analogix-anx78xx.c
`-- drivers/gpu/drm/bridge/synopsys/dw-hdmi.c
`-- drivers/gpu/drm/i2c/tda998x_drv.c
`-- drivers/gpu/drm/i915/intel_dp.c
`-- drivers/gpu/drm/i915/intel_modes.c
`-- drivers/gpu/drm/mediatek/mtk_hdmi.c
`-- drivers/gpu/drm/nouveau/nv50_display.c
`-- drivers/gpu/drm/radeon/radeon_connectors.c
`-- drivers/gpu/drm/radeon/radeon_dp_mst.c
`-- drivers/gpu/drm/rockchip/cdn-dp-core.c
`-- drivers/gpu/drm/sti/sti_hdmi.c
`-- drivers/gpu/drm/tegra/output.c
`-- drivers/gpu/drm/vc4/vc4_hdmi.c
14 source file(s) touched in the new version
`-- drivers/gpu/drm/amd/amdgpu/amdgpu_connectors.c
`-- drivers/gpu/drm/bridge/analogix-anx78xx.c
`-- drivers/gpu/drm/bridge/synopsys/dw-hdmi.c
`-- drivers/gpu/drm/i2c/tda998x_drv.c
`-- drivers/gpu/drm/i915/intel_dp.c
`-- drivers/gpu/drm/i915/intel_modes.c
`-- drivers/gpu/drm/mediatek/mtk_hdmi.c
`-- drivers/gpu/drm/nouveau/nv50_display.c
`-- drivers/gpu/drm/radeon/radeon_connectors.c
`-- drivers/gpu/drm/radeon/radeon_dp_mst.c
`-- drivers/gpu/drm/rockchip/cdn-dp-core.c
`-- drivers/gpu/drm/sti/sti_hdmi.c
`-- drivers/gpu/drm/tegra/output.c
`-- drivers/gpu/drm/vc4/vc4_hdmi.c
[33mcompile base commit... [0m[33mok (46s)
[0m[33mapply [0m[33md471ed04b487... [0m[33mok (46s)
[0m[33mcompile target commit... [0m[33mok (84s)
[0mPREPARE:
[33mcollect AST for functions: dw_hdmi_connector_get_modes@drivers_gpu_drm_bridge_synopsys_dw-hdmi.c,cdn_dp_connector_get_modes@drivers_gpu_drm_rockchip_cdn-dp-core.c,radeon_dp_mst_get_ddc_modes@drivers_gpu_drm_radeon_radeon_dp_mst.c,intel_edp_init_connector@drivers_gpu_drm_i915_intel_dp.c,vc4_hdmi_connector_get_modes@drivers_gpu_drm_vc4_vc4_hdmi.c,anx78xx_get_modes@drivers_gpu_drm_bridge_analogix-anx78xx.c,intel_connector_update_modes@drivers_gpu_drm_i915_intel_modes.c,nv50_mstc_get_modes@drivers_gpu_drm_nouveau_nv50_display.c,radeon_ddc_get_modes@drivers_gpu_drm_radeon_radeon_connectors.c,tegra_output_connector_get_modes@drivers_gpu_drm_tegra_output.c,amdgpu_connector_ddc_get_modes@drivers_gpu_drm_amd_amdgpu_amdgpu_connectors.c,mtk_hdmi_conn_get_modes@drivers_gpu_drm_mediatek_mtk_hdmi.c,nv50_audio_enable@drivers_gpu_drm_nouveau_nv50_display.c,tda998x_connector_get_modes@drivers_gpu_drm_i2c_tda998x_drv.c,sti_hdmi_connector_get_modes@drivers_gpu_drm_sti_sti_hdmi.c
[0m[33mTransforming and linking bitcode files...
[0m[33m6s
[0mANALYZE:
COCCIGEN:
//# pattern-1, witnesses: 15
@@
expression E0;
expression E1;
@@
- drm_edid_to_eld(E0, E1);
