BUILD:
[33mbase commit: d4edcf0d5695^1
[0m[33mtarget commit: d4edcf0d5695
[0m[33mchecking out base commit... [0m[33mok (1s)
[0m[33mformatting diff... [0m[33mok (1s)
[0m29 source file(s) touched in the old version
`-- arch/cris/arch-v32/drivers/cryptocop.c
`-- arch/ia64/kernel/err_inject.c
`-- arch/mips/mm/gup.c
`-- arch/s390/mm/gup.c
`-- arch/sh/mm/gup.c
`-- arch/sparc/mm/gup.c
`-- arch/x86/mm/gup.c
`-- arch/x86/mm/mpx.c
`-- drivers/gpu/drm/amd/amdgpu/amdgpu_ttm.c
`-- drivers/gpu/drm/radeon/radeon_ttm.c
`-- drivers/gpu/drm/via/via_dmablit.c
`-- drivers/infiniband/core/umem.c
`-- drivers/infiniband/hw/mthca/mthca_memfree.c
`-- drivers/infiniband/hw/qib/qib_user_pages.c
`-- drivers/infiniband/hw/usnic/usnic_uiom.c
`-- drivers/media/pci/ivtv/ivtv-udma.c
`-- drivers/media/pci/ivtv/ivtv-yuv.c
`-- drivers/media/v4l2-core/videobuf-dma-sg.c
`-- drivers/misc/mic/scif/scif_rma.c
`-- drivers/misc/sgi-gru/grufault.c
`-- drivers/scsi/st.c
`-- drivers/video/fbdev/pvr2fb.c
`-- drivers/virt/fsl_hypervisor.c
`-- mm/frame_vector.c
`-- mm/gup.c
`-- mm/ksm.c
`-- mm/mempolicy.c
`-- net/ceph/pagevec.c
`-- virt/kvm/kvm_main.c
29 source file(s) touched in the new version
`-- arch/cris/arch-v32/drivers/cryptocop.c
`-- arch/ia64/kernel/err_inject.c
`-- arch/mips/mm/gup.c
`-- arch/s390/mm/gup.c
`-- arch/sh/mm/gup.c
`-- arch/sparc/mm/gup.c
`-- arch/x86/mm/gup.c
`-- arch/x86/mm/mpx.c
`-- drivers/gpu/drm/amd/amdgpu/amdgpu_ttm.c
`-- drivers/gpu/drm/radeon/radeon_ttm.c
`-- drivers/gpu/drm/via/via_dmablit.c
`-- drivers/infiniband/core/umem.c
`-- drivers/infiniband/hw/mthca/mthca_memfree.c
`-- drivers/infiniband/hw/qib/qib_user_pages.c
`-- drivers/infiniband/hw/usnic/usnic_uiom.c
`-- drivers/media/pci/ivtv/ivtv-udma.c
`-- drivers/media/pci/ivtv/ivtv-yuv.c
`-- drivers/media/v4l2-core/videobuf-dma-sg.c
`-- drivers/misc/mic/scif/scif_rma.c
`-- drivers/misc/sgi-gru/grufault.c
`-- drivers/scsi/st.c
`-- drivers/video/fbdev/pvr2fb.c
`-- drivers/virt/fsl_hypervisor.c
`-- mm/frame_vector.c
`-- mm/gup.c
`-- mm/ksm.c
`-- mm/mempolicy.c
`-- net/ceph/pagevec.c
`-- virt/kvm/kvm_main.c
[33mcompile base commit... [0m[33mok (38s)
[0m[33mapply [0m[33md4edcf0d5695... [0m[33mok (38s)
[0m[33mcompile target commit... [0m[33mok (72s)
[0mPREPARE:
[33mcollect AST for functions: lookup_node@mm_mempolicy.c,mthca_map_user_db@drivers_infiniband_hw_mthca_mthca_memfree.c,ib_umem_get@drivers_infiniband_core_umem.c,videobuf_dma_init_user_locked@drivers_media_v4l2-core_videobuf-dma-sg.c,ceph_get_direct_page_vector@net_ceph_pagevec.c,__qib_get_user_pages@drivers_infiniband_hw_qib_qib_user_pages.c,__scif_pin_pages@drivers_misc_mic_scif_scif_rma.c,do_get_mempolicy@mm_mempolicy.c,ivtv_udma_setup@drivers_media_pci_ivtv_ivtv-udma.c,usnic_uiom_get_pages@drivers_infiniband_hw_usnic_usnic_uiom.c,get_user_pages_fast@arch_x86_mm_gup.c,mpx_resolve_fault@arch_x86_mm_mpx.c,non_atomic_pte_lookup@drivers_misc_sgi-gru_grufault.c,get_vaddr_frames@mm_frame_vector.c,via_lock_all_dma_pages@drivers_gpu_drm_via_via_dmablit.c,ioctl_memcpy@drivers_virt_fsl_hypervisor.c,radeon_ttm_tt_pin_userptr@drivers_gpu_drm_radeon_radeon_ttm.c,sgl_map_user_pages@drivers_scsi_st.c,ivtv_yuv_prep_user_dma@drivers_media_pci_ivtv_ivtv-yuv.c,amdgpu_ttm_tt_pin_userptr@drivers_gpu_drm_amd_amdgpu_amdgpu_ttm.c
[0m[33mTransforming and linking bitcode files...
[0m[33m5s
[0mANALYZE:
COCCIGEN:
//# pattern-4, witnesses: 11
@@
expression E1;
expression E2;
expression E3;
expression E4;
expression E5;
expression E6;
expression E7;
expression list listE0;
@@
- get_user_pages8(get_current(listE0), E1, E2, E3, E4, E5, E6, E7)
+ get_user_pages6(E2, E3, E4, E5, E6, E7)
//# pattern-3, witnesses: 6
@@
expression E1;
expression E2;
expression E3;
expression E4;
expression E6;
expression IL5;
expression list listE0;
@@
- get_user_pages_unlocked7(get_current(listE0), E1, E2, E3, E4, IL5, E6)
+ get_user_pages_unlocked5(E2, E3, E4, IL5, E6)
