BUILD:
[33mbase commit: d673c02c4bdb^1
[0m[33mtarget commit: d673c02c4bdb
[0m[33mchecking out base commit... [0m[33mok (1s)
[0m[33mformatting diff... [0m[33mok (1s)
[0m14 source file(s) touched in the old version
`-- drivers/gpu/drm/amd/amdgpu/amdgpu.h
`-- drivers/gpu/drm/amd/amdgpu/amdgpu_kms.c
`-- drivers/gpu/drm/drm_irq.c
`-- drivers/gpu/drm/i915/i915_irq.c
`-- drivers/gpu/drm/msm/mdp/mdp5/mdp5_kms.c
`-- drivers/gpu/drm/nouveau/nouveau_display.c
`-- drivers/gpu/drm/nouveau/nouveau_display.h
`-- drivers/gpu/drm/radeon/radeon_drv.c
`-- drivers/gpu/drm/radeon/radeon_kms.c
`-- drivers/gpu/drm/vc4/vc4_crtc.c
`-- drivers/gpu/drm/vc4/vc4_drv.h
`-- include/drm/drmP.h
`-- include/drm/drm_drv.h
`-- include/drm/drm_irq.h
14 source file(s) touched in the new version
`-- drivers/gpu/drm/amd/amdgpu/amdgpu.h
`-- drivers/gpu/drm/amd/amdgpu/amdgpu_kms.c
`-- drivers/gpu/drm/drm_irq.c
`-- drivers/gpu/drm/i915/i915_irq.c
`-- drivers/gpu/drm/msm/mdp/mdp5/mdp5_kms.c
`-- drivers/gpu/drm/nouveau/nouveau_display.c
`-- drivers/gpu/drm/nouveau/nouveau_display.h
`-- drivers/gpu/drm/radeon/radeon_drv.c
`-- drivers/gpu/drm/radeon/radeon_kms.c
`-- drivers/gpu/drm/vc4/vc4_crtc.c
`-- drivers/gpu/drm/vc4/vc4_drv.h
`-- include/drm/drmP.h
`-- include/drm/drm_drv.h
`-- include/drm/drm_irq.h
[33mcompile base commit... [0m[33mok (26s)
[0m[33mapply [0m[33md673c02c4bdb... [0m[33mok (26s)
[0m[33mcompile target commit... [0m[33mok (44s)
[0mPREPARE:
[33mcollect AST for functions: i915_get_vblank_timestamp@drivers_gpu_drm_i915_i915_irq.c,drm_get_last_vbltimestamp@drivers_gpu_drm_drm_irq.c,nouveau_display_vblstamp@drivers_gpu_drm_nouveau_nouveau_display.c,radeon_get_vblank_timestamp_kms@drivers_gpu_drm_radeon_radeon_kms.c,drm_calc_vbltimestamp_from_scanoutpos@drivers_gpu_drm_drm_irq.c,amdgpu_get_vblank_timestamp_kms@drivers_gpu_drm_amd_amdgpu_amdgpu_kms.c,vc4_crtc_get_vblank_timestamp@drivers_gpu_drm_vc4_vc4_crtc.c
[0m[33mTransforming and linking bitcode files...
[0m[33m3s
[0mANALYZE:
COCCIGEN:
//# pattern-6, witnesses: 4
@r0@
identifier i, fn;
@@
struct kernel_symbol i = {
    .value = fn,
};
@@
expression IL0;
typedef bool;
identifier dev;
identifier flags;
identifier max_error;
identifier mode;
identifier pipe;
identifier vblank_time;
@@
- int drm_calc_vbltimestamp_from_scanoutpos(struct drm_device * dev, unsigned int pipe, int * max_error, struct timeval * vblank_time, unsigned int flags, const struct drm_display_mode * mode)
+ bool drm_calc_vbltimestamp_from_scanoutpos(struct drm_device * dev, unsigned int pipe, int * max_error, struct timeval * vblank_time, unsigned int flags, const struct drm_display_mode * mode)
 {
     <...
- return -IL0;
+ return false;
     ...>
 }
//# pattern-4, witnesses: 3
@r1@
identifier i, fn;
@@
struct drm_driver i = {
    .get_vblank_timestamp = fn,
};
@@
typedef bool;
identifier dev;
identifier flags;
identifier max_error;
identifier pipe;
identifier r1.fn;
identifier time;
@@
- int fn(struct drm_device * dev, unsigned int pipe, int * max_error, struct timeval * time, unsigned int flags)
+ bool fn(struct drm_device * dev, unsigned int pipe, int * max_error, struct timeval * time, unsigned int flags)
 {
     <...
- return -EINVAL;
+ return false;
     ...>
 }
//# pattern-5, witnesses: 2
@r2@
identifier i, fn;
@@
struct drm_driver i = {
    .get_vblank_timestamp = fn,
};
@@
typedef bool;
identifier crtc;
identifier dev;
identifier flags;
identifier max_error;
identifier vblank_time;
@@
- int radeon_get_vblank_timestamp_kms(struct drm_device * dev, int crtc, int * max_error, struct timeval * vblank_time, unsigned int flags)
+ bool radeon_get_vblank_timestamp_kms(struct drm_device * dev, int crtc, int * max_error, struct timeval * vblank_time, unsigned int flags)
 {
     <...
- return -EINVAL;
+ return false;
     ...>
 }
