BUILD:
[33mbase commit: d9bc3c02e36d^1
[0m[33mtarget commit: d9bc3c02e36d
[0m[33mchecking out base commit... [0m[33mok (0s)
[0m[33mformatting diff... [0m[33mok (1s)
[0m8 source file(s) touched in the old version
`-- drivers/gpu/drm/drm_crtc.c
`-- drivers/gpu/drm/gma500/framebuffer.c
`-- drivers/gpu/drm/gma500/psb_intel_sdvo.c
`-- drivers/gpu/drm/i2c/ch7006_drv.c
`-- drivers/gpu/drm/i915/intel_sdvo.c
`-- drivers/gpu/drm/nouveau/nouveau_display.c
`-- drivers/gpu/drm/radeon/radeon_display.c
`-- include/drm/drm_crtc.h
8 source file(s) touched in the new version
`-- drivers/gpu/drm/drm_crtc.c
`-- drivers/gpu/drm/gma500/framebuffer.c
`-- drivers/gpu/drm/gma500/psb_intel_sdvo.c
`-- drivers/gpu/drm/i2c/ch7006_drv.c
`-- drivers/gpu/drm/i915/intel_sdvo.c
`-- drivers/gpu/drm/nouveau/nouveau_display.c
`-- drivers/gpu/drm/radeon/radeon_display.c
`-- include/drm/drm_crtc.h
[33mcompile base commit... [0m[33mok (5s)
[0m[33mapply [0m[33md9bc3c02e36d... [0m[33mok (5s)
[0m[33mcompile target commit... [0m[33mok (7s)
[0mPREPARE:
[33m0s
[0mANALYZE:
COCCIGEN:
