BUILD:
[33mbase commit: d9fc9413f97f^1
[0m[33mtarget commit: d9fc9413f97f
[0m[33mchecking out base commit... [0m[33mok (1s)
[0m[33mformatting diff... [0m[33mok (1s)
[0m21 source file(s) touched in the old version
`-- drivers/gpu/drm/armada/armada_gem.h
`-- drivers/gpu/drm/ast/ast_drv.h
`-- drivers/gpu/drm/bochs/bochs.h
`-- drivers/gpu/drm/cirrus/cirrus_drv.h
`-- drivers/gpu/drm/drm_gem.c
`-- drivers/gpu/drm/drm_info.c
`-- drivers/gpu/drm/drm_prime.c
`-- drivers/gpu/drm/exynos/exynos_drm_gem.h
`-- drivers/gpu/drm/gma500/gtt.h
`-- drivers/gpu/drm/i915/i915_drv.h
`-- drivers/gpu/drm/mgag200/mgag200_drv.h
`-- drivers/gpu/drm/msm/msm_drv.h
`-- drivers/gpu/drm/nouveau/nouveau_bo.h
`-- drivers/gpu/drm/omapdrm/omap_drv.h
`-- drivers/gpu/drm/qxl/qxl_drv.h
`-- drivers/gpu/drm/radeon/radeon.h
`-- drivers/gpu/drm/radeon/radeon_drv.c
`-- drivers/gpu/drm/tegra/gem.h
`-- drivers/gpu/drm/udl/udl_drv.h
`-- include/drm/drmP.h
`-- include/drm/drm_gem_cma_helper.h
22 source file(s) touched in the new version
`-- drivers/gpu/drm/armada/armada_gem.h
`-- drivers/gpu/drm/ast/ast_drv.h
`-- drivers/gpu/drm/bochs/bochs.h
`-- drivers/gpu/drm/cirrus/cirrus_drv.h
`-- drivers/gpu/drm/drm_gem.c
`-- drivers/gpu/drm/drm_info.c
`-- drivers/gpu/drm/drm_prime.c
`-- drivers/gpu/drm/exynos/exynos_drm_gem.h
`-- drivers/gpu/drm/gma500/gtt.h
`-- drivers/gpu/drm/i915/i915_drv.h
`-- drivers/gpu/drm/mgag200/mgag200_drv.h
`-- drivers/gpu/drm/msm/msm_drv.h
`-- drivers/gpu/drm/nouveau/nouveau_bo.h
`-- drivers/gpu/drm/omapdrm/omap_drv.h
`-- drivers/gpu/drm/qxl/qxl_drv.h
`-- drivers/gpu/drm/radeon/radeon.h
`-- drivers/gpu/drm/radeon/radeon_drv.c
`-- drivers/gpu/drm/tegra/gem.h
`-- drivers/gpu/drm/udl/udl_drv.h
`-- include/drm/drmP.h
`-- include/drm/drm_gem.h
`-- include/drm/drm_gem_cma_helper.h
[33mIgnore files that are created or deleted by the patch.
[0m[33mcompile base commit... [0m[33mok (6s)
[0m[33mapply [0m[33md9fc9413f97f... [0m[33mok (6s)
[0m[33mcompile target commit... [0m[33mok (8s)
[0mPREPARE:
[33m0s
[0mANALYZE:
COCCIGEN:
@@
@@
 #include <drm/drmP.h>
+#include <drm/drm_gem.h>
