BUILD:
[33mbase commit: dac35663cef4^1
[0m[33mtarget commit: dac35663cef4
[0m[33mchecking out base commit... [0m[33mok (0s)
[0m[33mformatting diff... [0m[33mok (0s)
[0m3 source file(s) touched in the old version
`-- drivers/gpu/drm/drm_crtc.c
`-- drivers/gpu/drm/radeon/radeon_cursor.c
`-- drivers/gpu/drm/vmwgfx/vmwgfx_kms.c
3 source file(s) touched in the new version
`-- drivers/gpu/drm/drm_crtc.c
`-- drivers/gpu/drm/radeon/radeon_cursor.c
`-- drivers/gpu/drm/vmwgfx/vmwgfx_kms.c
[33mcompile base commit... [0m[33mok (5s)
[0m[33mapply [0m[33mdac35663cef4... [0m[33mok (5s)
[0m[33mcompile target commit... [0m[33mok (7s)
[0mPREPARE:
[33m0s
[0mANALYZE:
COCCIGEN:
