BUILD:
[33mbase commit: ddd00e33e17a^1
[0m[33mtarget commit: ddd00e33e17a
[0m[33mchecking out base commit... [0m[33mok (1s)
[0m[33mformatting diff... [0m[33mok (1s)
[0m3 source file(s) touched in the old version
`-- drivers/gpu/drm/radeon/radeon_gem.c
`-- drivers/gpu/drm/radeon/radeon_ttm.c
`-- include/uapi/drm/radeon_drm.h
3 source file(s) touched in the new version
`-- drivers/gpu/drm/radeon/radeon_gem.c
`-- drivers/gpu/drm/radeon/radeon_ttm.c
`-- include/uapi/drm/radeon_drm.h
[33mcompile base commit... [0m[33mok (6s)
[0m[33mapply [0m[33mddd00e33e17a... [0m[33mok (6s)
[0m[33mcompile target commit... [0m[33mok (8s)
[0mPREPARE:
[33m1s
[0mANALYZE:
COCCIGEN:
