BUILD:
[33mbase commit: dea7e0ac45fd^1
[0m[33mtarget commit: dea7e0ac45fd
[0m[33mchecking out base commit... [0m[33mok (1s)
[0m[33mformatting diff... [0m[33mok (1s)
[0m5 source file(s) touched in the old version
`-- drivers/gpu/drm/nouveau/nouveau_bo.c
`-- drivers/gpu/drm/radeon/radeon_ttm.c
`-- drivers/gpu/drm/ttm/ttm_agp_backend.c
`-- drivers/gpu/drm/ttm/ttm_tt.c
`-- include/drm/ttm/ttm_bo_driver.h
5 source file(s) touched in the new version
`-- drivers/gpu/drm/nouveau/nouveau_bo.c
`-- drivers/gpu/drm/radeon/radeon_ttm.c
`-- drivers/gpu/drm/ttm/ttm_agp_backend.c
`-- drivers/gpu/drm/ttm/ttm_tt.c
`-- include/drm/ttm/ttm_bo_driver.h
[33mcompile base commit... [0m[33mok (5s)
[0m[33mapply [0m[33mdea7e0ac45fd... [0m[33mok (5s)
[0m[33mcompile target commit... [0m[33mok (6s)
[0mPREPARE:
[33m0s
[0mANALYZE:
COCCIGEN:
@@
@@
 #include <ttm/ttm_bo_driver.h>
+#include <drivers/gpu/drm/ttm/ttm/ttm_page_alloc.h>
