BUILD:
[33mbase commit: dfadbbdb57b3^1
[0m[33mtarget commit: dfadbbdb57b3
[0m[33mchecking out base commit... [0m[33mok (1s)
[0m[33mformatting diff... [0m[33mok (1s)
[0m11 source file(s) touched in the old version
`-- drivers/gpu/drm/nouveau/nouveau_bo.c
`-- drivers/gpu/drm/nouveau/nouveau_gem.c
`-- drivers/gpu/drm/radeon/radeon_cs.c
`-- drivers/gpu/drm/radeon/radeon_object.h
`-- drivers/gpu/drm/ttm/ttm_bo.c
`-- drivers/gpu/drm/ttm/ttm_bo_util.c
`-- drivers/gpu/drm/ttm/ttm_bo_vm.c
`-- drivers/gpu/drm/ttm/ttm_execbuf_util.c
`-- drivers/gpu/drm/vmwgfx/vmwgfx_execbuf.c
`-- include/drm/ttm/ttm_bo_api.h
`-- include/drm/ttm/ttm_execbuf_util.h
11 source file(s) touched in the new version
`-- drivers/gpu/drm/nouveau/nouveau_bo.c
`-- drivers/gpu/drm/nouveau/nouveau_gem.c
`-- drivers/gpu/drm/radeon/radeon_cs.c
`-- drivers/gpu/drm/radeon/radeon_object.h
`-- drivers/gpu/drm/ttm/ttm_bo.c
`-- drivers/gpu/drm/ttm/ttm_bo_util.c
`-- drivers/gpu/drm/ttm/ttm_bo_vm.c
`-- drivers/gpu/drm/ttm/ttm_execbuf_util.c
`-- drivers/gpu/drm/vmwgfx/vmwgfx_execbuf.c
`-- include/drm/ttm/ttm_bo_api.h
`-- include/drm/ttm/ttm_execbuf_util.h
[33mcompile base commit... [0m[33mok (4s)
[0m[33mapply [0m[33mdfadbbdb57b3... [0m[33mok (4s)
[0m[33mcompile target commit... [0m[33mok (8s)
[0mPREPARE:
[33m0s
[0mANALYZE:
COCCIGEN:
