BUILD:
[33mbase commit: dfcf5f36529d^1
[0m[33mtarget commit: dfcf5f36529d
[0m[33mchecking out base commit... [0m[33mok (3s)
[0m[33mformatting diff... [0m[33mok (4s)
[0m4 source file(s) touched in the old version
`-- drivers/gpu/drm/radeon/radeon.h
`-- drivers/gpu/drm/radeon/radeon_cs.c
`-- drivers/gpu/drm/radeon/radeon_ring.c
`-- include/drm/radeon_drm.h
4 source file(s) touched in the new version
`-- drivers/gpu/drm/radeon/radeon.h
`-- drivers/gpu/drm/radeon/radeon_cs.c
`-- drivers/gpu/drm/radeon/radeon_ring.c
`-- include/drm/radeon_drm.h
[33mcompile base commit... [0m[33mok (8s)
[0m[33mapply [0m[33mdfcf5f36529d... [0m[33mok (8s)
[0m[33mcompile target commit... [0m[33mok (10s)
[0mPREPARE:
[33m0s
[0mANALYZE:
COCCIGEN:
