BUILD:
[33mbase commit: dfd5e50ea43c^1
[0m[33mtarget commit: dfd5e50ea43c
[0m[33mchecking out base commit... [0m[33mok (1s)
[0m[33mformatting diff... [0m[33mok (1s)
[0m25 source file(s) touched in the old version
`-- drivers/gpu/drm/amd/amdgpu/amdgpu_object.h
`-- drivers/gpu/drm/ast/ast_drv.h
`-- drivers/gpu/drm/bochs/bochs_fbdev.c
`-- drivers/gpu/drm/bochs/bochs_kms.c
`-- drivers/gpu/drm/cirrus/cirrus_drv.h
`-- drivers/gpu/drm/mgag200/mgag200_drv.h
`-- drivers/gpu/drm/nouveau/nouveau_bo.c
`-- drivers/gpu/drm/nouveau/nouveau_display.c
`-- drivers/gpu/drm/nouveau/nouveau_gem.c
`-- drivers/gpu/drm/qxl/qxl_object.h
`-- drivers/gpu/drm/radeon/radeon_object.c
`-- drivers/gpu/drm/radeon/radeon_object.h
`-- drivers/gpu/drm/ttm/ttm_bo.c
`-- drivers/gpu/drm/ttm/ttm_bo_vm.c
`-- drivers/gpu/drm/ttm/ttm_execbuf_util.c
`-- drivers/gpu/drm/virtio/virtgpu_drv.h
`-- drivers/gpu/drm/virtio/virtgpu_object.c
`-- drivers/gpu/drm/vmwgfx/vmwgfx_cotable.c
`-- drivers/gpu/drm/vmwgfx/vmwgfx_dmabuf.c
`-- drivers/gpu/drm/vmwgfx/vmwgfx_drv.c
`-- drivers/gpu/drm/vmwgfx/vmwgfx_kms.c
`-- drivers/gpu/drm/vmwgfx/vmwgfx_mob.c
`-- drivers/gpu/drm/vmwgfx/vmwgfx_resource.c
`-- drivers/gpu/drm/vmwgfx/vmwgfx_shader.c
`-- include/drm/ttm/ttm_bo_driver.h
25 source file(s) touched in the new version
`-- drivers/gpu/drm/amd/amdgpu/amdgpu_object.h
`-- drivers/gpu/drm/ast/ast_drv.h
`-- drivers/gpu/drm/bochs/bochs_fbdev.c
`-- drivers/gpu/drm/bochs/bochs_kms.c
`-- drivers/gpu/drm/cirrus/cirrus_drv.h
`-- drivers/gpu/drm/mgag200/mgag200_drv.h
`-- drivers/gpu/drm/nouveau/nouveau_bo.c
`-- drivers/gpu/drm/nouveau/nouveau_display.c
`-- drivers/gpu/drm/nouveau/nouveau_gem.c
`-- drivers/gpu/drm/qxl/qxl_object.h
`-- drivers/gpu/drm/radeon/radeon_object.c
`-- drivers/gpu/drm/radeon/radeon_object.h
`-- drivers/gpu/drm/ttm/ttm_bo.c
`-- drivers/gpu/drm/ttm/ttm_bo_vm.c
`-- drivers/gpu/drm/ttm/ttm_execbuf_util.c
`-- drivers/gpu/drm/virtio/virtgpu_drv.h
`-- drivers/gpu/drm/virtio/virtgpu_object.c
`-- drivers/gpu/drm/vmwgfx/vmwgfx_cotable.c
`-- drivers/gpu/drm/vmwgfx/vmwgfx_dmabuf.c
`-- drivers/gpu/drm/vmwgfx/vmwgfx_drv.c
`-- drivers/gpu/drm/vmwgfx/vmwgfx_kms.c
`-- drivers/gpu/drm/vmwgfx/vmwgfx_mob.c
`-- drivers/gpu/drm/vmwgfx/vmwgfx_resource.c
`-- drivers/gpu/drm/vmwgfx/vmwgfx_shader.c
`-- include/drm/ttm/ttm_bo_driver.h
[33mcompile base commit... [0m[33mok (8s)
[0m[33mapply [0m[33mdfd5e50ea43c... [0m[33mok (8s)
[0m[33mcompile target commit... [0m[33mok (11s)
[0mPREPARE:
[33m0s
[0mANALYZE:
COCCIGEN:
