BUILD:
[33mbase commit: e08e96de986c^1
[0m[33mtarget commit: e08e96de986c
[0m[33mchecking out base commit... [0m[33mok (1s)
[0m[33mformatting diff... [0m[33mok (1s)
[0m14 source file(s) touched in the old version
`-- drivers/gpu/drm/drm_fops.c
`-- drivers/gpu/drm/i810/i810_drv.c
`-- drivers/gpu/drm/i915/i915_drv.c
`-- drivers/gpu/drm/mga/mga_drv.c
`-- drivers/gpu/drm/nouveau/nouveau_drv.c
`-- drivers/gpu/drm/r128/r128_drv.c
`-- drivers/gpu/drm/radeon/radeon_drv.c
`-- drivers/gpu/drm/savage/savage_drv.c
`-- drivers/gpu/drm/sis/sis_drv.c
`-- drivers/gpu/drm/tdfx/tdfx_drv.c
`-- drivers/gpu/drm/via/via_drv.c
`-- drivers/gpu/drm/vmwgfx/vmwgfx_drv.c
`-- drivers/staging/gma500/psb_drv.c
`-- include/drm/drmP.h
14 source file(s) touched in the new version
`-- drivers/gpu/drm/drm_fops.c
`-- drivers/gpu/drm/i810/i810_drv.c
`-- drivers/gpu/drm/i915/i915_drv.c
`-- drivers/gpu/drm/mga/mga_drv.c
`-- drivers/gpu/drm/nouveau/nouveau_drv.c
`-- drivers/gpu/drm/r128/r128_drv.c
`-- drivers/gpu/drm/radeon/radeon_drv.c
`-- drivers/gpu/drm/savage/savage_drv.c
`-- drivers/gpu/drm/sis/sis_drv.c
`-- drivers/gpu/drm/tdfx/tdfx_drv.c
`-- drivers/gpu/drm/via/via_drv.c
`-- drivers/gpu/drm/vmwgfx/vmwgfx_drv.c
`-- drivers/staging/gma500/psb_drv.c
`-- include/drm/drmP.h
[33mcompile base commit... [0m[33mok (5s)
[0m[33mapply [0m[33me08e96de986c... [0m[33mok (5s)
[0m[33mcompile target commit... [0m[33mok (6s)
[0mPREPARE:
[33m0s
[0mANALYZE:
COCCIGEN:
