BUILD:
[33mbase commit: e0cd3608135b^1
[0m[33mtarget commit: e0cd3608135b
[0m[33mchecking out base commit... [0m[33mok (2s)
[0m[33mformatting diff... [0m[33mok (2s)
[0m27 source file(s) touched in the old version
`-- drivers/gpu/drm/drm_encoder_slave.c
`-- drivers/gpu/drm/drm_fb_helper.c
`-- drivers/gpu/drm/drm_fops.c
`-- drivers/gpu/drm/i2c/ch7006_drv.c
`-- drivers/gpu/drm/i2c/sil164_drv.c
`-- drivers/gpu/drm/i810/i810_drv.c
`-- drivers/gpu/drm/i915/i915_dma.c
`-- drivers/gpu/drm/i915/i915_drv.c
`-- drivers/gpu/drm/mga/mga_drv.c
`-- drivers/gpu/drm/mga/mga_warp.c
`-- drivers/gpu/drm/nouveau/nouveau_drv.c
`-- drivers/gpu/drm/nouveau/nouveau_i2c.c
`-- drivers/gpu/drm/nouveau/nouveau_temp.c
`-- drivers/gpu/drm/nouveau/nvc0_graph.c
`-- drivers/gpu/drm/r128/r128_cce.c
`-- drivers/gpu/drm/r128/r128_drv.c
`-- drivers/gpu/drm/radeon/ni.c
`-- drivers/gpu/drm/radeon/r100.c
`-- drivers/gpu/drm/radeon/r600.c
`-- drivers/gpu/drm/radeon/r600_cp.c
`-- drivers/gpu/drm/radeon/radeon_cp.c
`-- drivers/gpu/drm/radeon/radeon_drv.c
`-- drivers/gpu/drm/savage/savage_drv.c
`-- drivers/gpu/drm/sis/sis_drv.c
`-- drivers/gpu/drm/tdfx/tdfx_drv.c
`-- drivers/gpu/drm/via/via_drv.c
`-- drivers/gpu/drm/vmwgfx/vmwgfx_drv.c
27 source file(s) touched in the new version
`-- drivers/gpu/drm/drm_encoder_slave.c
`-- drivers/gpu/drm/drm_fb_helper.c
`-- drivers/gpu/drm/drm_fops.c
`-- drivers/gpu/drm/i2c/ch7006_drv.c
`-- drivers/gpu/drm/i2c/sil164_drv.c
`-- drivers/gpu/drm/i810/i810_drv.c
`-- drivers/gpu/drm/i915/i915_dma.c
`-- drivers/gpu/drm/i915/i915_drv.c
`-- drivers/gpu/drm/mga/mga_drv.c
`-- drivers/gpu/drm/mga/mga_warp.c
`-- drivers/gpu/drm/nouveau/nouveau_drv.c
`-- drivers/gpu/drm/nouveau/nouveau_i2c.c
`-- drivers/gpu/drm/nouveau/nouveau_temp.c
`-- drivers/gpu/drm/nouveau/nvc0_graph.c
`-- drivers/gpu/drm/r128/r128_cce.c
`-- drivers/gpu/drm/r128/r128_drv.c
`-- drivers/gpu/drm/radeon/ni.c
`-- drivers/gpu/drm/radeon/r100.c
`-- drivers/gpu/drm/radeon/r600.c
`-- drivers/gpu/drm/radeon/r600_cp.c
`-- drivers/gpu/drm/radeon/radeon_cp.c
`-- drivers/gpu/drm/radeon/radeon_drv.c
`-- drivers/gpu/drm/savage/savage_drv.c
`-- drivers/gpu/drm/sis/sis_drv.c
`-- drivers/gpu/drm/tdfx/tdfx_drv.c
`-- drivers/gpu/drm/via/via_drv.c
`-- drivers/gpu/drm/vmwgfx/vmwgfx_drv.c
[33mcompile base commit... [0m[33mok (6s)
[0m[33mapply [0m[33me0cd3608135b... [0m[33mok (6s)
[0m[33mcompile target commit... [0m[33mok (8s)
[0mPREPARE:
[33m0s
[0mANALYZE:
COCCIGEN:
Traceback (most recent call last):
  File "/home/oslab/Desktop/seda/lib/infer_inclusion.py", line 108, in <module>
    main()
  File "/home/oslab/Desktop/seda/lib/infer_inclusion.py", line 102, in main
    infer(contexts, list(all_added)[0], True)
  File "/home/oslab/Desktop/seda/lib/infer_inclusion.py", line 76, in infer
    max_count = max(counts.values())
ValueError: max() arg is an empty sequence
