BUILD:
[33mbase commit: e1923ab3d01e^1
[0m[33mtarget commit: e1923ab3d01e
[0m[33mchecking out base commit... [0m[33mok (3s)
[0m[33mformatting diff... [0m[33mok (3s)
[0m15 source file(s) touched in the old version
`-- drivers/gpu/drm/amd/amdgpu/amdgpu_fb.c
`-- drivers/gpu/drm/armada/armada_fbdev.c
`-- drivers/gpu/drm/ast/ast_fb.c
`-- drivers/gpu/drm/bochs/bochs_fbdev.c
`-- drivers/gpu/drm/cirrus/cirrus_fbdev.c
`-- drivers/gpu/drm/hisilicon/hibmc/hibmc_drm_fbdev.c
`-- drivers/gpu/drm/i915/intel_fbdev.c
`-- drivers/gpu/drm/mgag200/mgag200_fb.c
`-- drivers/gpu/drm/msm/msm_fbdev.c
`-- drivers/gpu/drm/omapdrm/omap_fbdev.c
`-- drivers/gpu/drm/qxl/qxl_fb.c
`-- drivers/gpu/drm/radeon/radeon_fb.c
`-- drivers/gpu/drm/udl/udl_fb.c
`-- drivers/gpu/drm/virtio/virtgpu_fb.c
`-- drivers/gpu/drm/vmwgfx/vmwgfx_fb.c
15 source file(s) touched in the new version
`-- drivers/gpu/drm/amd/amdgpu/amdgpu_fb.c
`-- drivers/gpu/drm/armada/armada_fbdev.c
`-- drivers/gpu/drm/ast/ast_fb.c
`-- drivers/gpu/drm/bochs/bochs_fbdev.c
`-- drivers/gpu/drm/cirrus/cirrus_fbdev.c
`-- drivers/gpu/drm/hisilicon/hibmc/hibmc_drm_fbdev.c
`-- drivers/gpu/drm/i915/intel_fbdev.c
`-- drivers/gpu/drm/mgag200/mgag200_fb.c
`-- drivers/gpu/drm/msm/msm_fbdev.c
`-- drivers/gpu/drm/omapdrm/omap_fbdev.c
`-- drivers/gpu/drm/qxl/qxl_fb.c
`-- drivers/gpu/drm/radeon/radeon_fb.c
`-- drivers/gpu/drm/udl/udl_fb.c
`-- drivers/gpu/drm/virtio/virtgpu_fb.c
`-- drivers/gpu/drm/vmwgfx/vmwgfx_fb.c
[33mcompile base commit... [0m[33mok (36s)
[0m[33mapply [0m[33me1923ab3d01e... [0m[33mok (36s)
[0m[33mcompile target commit... [0m[33mok (64s)
[0mPREPARE:
[33mcollect AST for functions: vmw_fb_init@drivers_gpu_drm_vmwgfx_vmwgfx_fb.c,intelfb_create@drivers_gpu_drm_i915_intel_fbdev.c,bochsfb_create@drivers_gpu_drm_bochs_bochs_fbdev.c,amdgpufb_create@drivers_gpu_drm_amd_amdgpu_amdgpu_fb.c,radeonfb_create@drivers_gpu_drm_radeon_radeon_fb.c,msm_fbdev_create@drivers_gpu_drm_msm_msm_fbdev.c,virtio_gpufb_create@drivers_gpu_drm_virtio_virtgpu_fb.c,omap_fbdev_create@drivers_gpu_drm_omapdrm_omap_fbdev.c,hibmc_drm_fb_create@drivers_gpu_drm_hisilicon_hibmc_hibmc_drm_fbdev.c,armada_fb_create@drivers_gpu_drm_armada_armada_fbdev.c,mgag200fb_create@drivers_gpu_drm_mgag200_mgag200_fb.c,cirrusfb_create@drivers_gpu_drm_cirrus_cirrus_fbdev.c,udlfb_create@drivers_gpu_drm_udl_udl_fb.c,astfb_create@drivers_gpu_drm_ast_ast_fb.c,qxlfb_create@drivers_gpu_drm_qxl_qxl_fb.c
[0m[33mTransforming and linking bitcode files...
[0m[33m5s
[0mANALYZE:
COCCIGEN:
//# pattern-1, witnesses: 14
@@
expression E1;
expression V0;
@@
- V0->flags = E1;
