BUILD:
[33mbase commit: e28740ece34d^1
[0m[33mtarget commit: e28740ece34d
[0m[33mchecking out base commit... [0m[33mok (4s)
[0m[33mformatting diff... [0m[33mok (4s)
[0m6 source file(s) touched in the old version
`-- drivers/gpu/drm/radeon/cik.c
`-- drivers/gpu/drm/radeon/cik_reg.h
`-- drivers/gpu/drm/radeon/cikd.h
`-- drivers/gpu/drm/radeon/radeon.h
`-- drivers/gpu/drm/radeon/radeon_drv.c
`-- drivers/gpu/drm/radeon/radeon_kms.c
9 source file(s) touched in the new version
`-- drivers/gpu/drm/amd/include/kgd_kfd_interface.h
`-- drivers/gpu/drm/radeon/cik.c
`-- drivers/gpu/drm/radeon/cik_reg.h
`-- drivers/gpu/drm/radeon/cikd.h
`-- drivers/gpu/drm/radeon/radeon.h
`-- drivers/gpu/drm/radeon/radeon_drv.c
`-- drivers/gpu/drm/radeon/radeon_kfd.c
`-- drivers/gpu/drm/radeon/radeon_kfd.h
`-- drivers/gpu/drm/radeon/radeon_kms.c
[33mIgnore files that are created or deleted by the patch.
[0m[33mcompile base commit... [0m[33mok (31s)
[0m[33mapply [0m[33me28740ece34d... [0m[33mok (31s)
[0m[33mcompile target commit... [0m[33mok (46s)
[0mPREPARE:
[33mcollect AST for functions: radeon_driver_unload_kms@drivers_gpu_drm_radeon_radeon_kms.c,cik_startup@drivers_gpu_drm_radeon_cik.c,radeon_init@drivers_gpu_drm_radeon_radeon_drv.c,cik_irq_process@drivers_gpu_drm_radeon_cik.c,radeon_exit@drivers_gpu_drm_radeon_radeon_drv.c,radeon_driver_load_kms@drivers_gpu_drm_radeon_radeon_kms.c,cik_suspend@drivers_gpu_drm_radeon_cik.c
[0m[33mTransforming and linking bitcode files...
[0m[33m4s
[0mANALYZE:
COCCIGEN:
