BUILD:
[33mbase commit: e4563f6ba717^1
[0m[33mtarget commit: e4563f6ba717
[0m[33mchecking out base commit... [0m[33mok (1s)
[0m[33mformatting diff... [0m[33mok (1s)
[0m38 source file(s) touched in the old version
`-- drivers/gpu/drm/amd/amdgpu/amdgpu_fb.c
`-- drivers/gpu/drm/arc/arcpgu_drv.c
`-- drivers/gpu/drm/arm/hdlcd_drv.c
`-- drivers/gpu/drm/arm/malidp_drv.c
`-- drivers/gpu/drm/armada/armada_fbdev.c
`-- drivers/gpu/drm/ast/ast_fb.c
`-- drivers/gpu/drm/atmel-hlcdc/atmel_hlcdc_dc.c
`-- drivers/gpu/drm/bochs/bochs_fbdev.c
`-- drivers/gpu/drm/cirrus/cirrus_fbdev.c
`-- drivers/gpu/drm/drm_fb_cma_helper.c
`-- drivers/gpu/drm/drm_fb_helper.c
`-- drivers/gpu/drm/exynos/exynos_drm_fbdev.c
`-- drivers/gpu/drm/fsl-dcu/fsl_dcu_drm_drv.c
`-- drivers/gpu/drm/gma500/framebuffer.c
`-- drivers/gpu/drm/hisilicon/hibmc/hibmc_drm_fbdev.c
`-- drivers/gpu/drm/hisilicon/kirin/kirin_drm_drv.c
`-- drivers/gpu/drm/i915/intel_fbdev.c
`-- drivers/gpu/drm/imx/imx-drm-core.c
`-- drivers/gpu/drm/meson/meson_drv.c
`-- drivers/gpu/drm/mgag200/mgag200_fb.c
`-- drivers/gpu/drm/msm/msm_fbdev.c
`-- drivers/gpu/drm/mxsfb/mxsfb_drv.c
`-- drivers/gpu/drm/nouveau/nouveau_fbcon.c
`-- drivers/gpu/drm/omapdrm/omap_fbdev.c
`-- drivers/gpu/drm/qxl/qxl_fb.c
`-- drivers/gpu/drm/radeon/radeon_fb.c
`-- drivers/gpu/drm/rcar-du/rcar_du_kms.c
`-- drivers/gpu/drm/rockchip/rockchip_drm_fbdev.c
`-- drivers/gpu/drm/sti/sti_drv.c
`-- drivers/gpu/drm/sun4i/sun4i_framebuffer.c
`-- drivers/gpu/drm/tegra/fb.c
`-- drivers/gpu/drm/tilcdc/tilcdc_drv.c
`-- drivers/gpu/drm/udl/udl_fb.c
`-- drivers/gpu/drm/vc4/vc4_kms.c
`-- drivers/gpu/drm/virtio/virtgpu_fb.c
`-- drivers/gpu/drm/zte/zx_drm_drv.c
`-- include/drm/drm_fb_cma_helper.h
`-- include/drm/drm_fb_helper.h
38 source file(s) touched in the new version
`-- drivers/gpu/drm/amd/amdgpu/amdgpu_fb.c
`-- drivers/gpu/drm/arc/arcpgu_drv.c
`-- drivers/gpu/drm/arm/hdlcd_drv.c
`-- drivers/gpu/drm/arm/malidp_drv.c
`-- drivers/gpu/drm/armada/armada_fbdev.c
`-- drivers/gpu/drm/ast/ast_fb.c
`-- drivers/gpu/drm/atmel-hlcdc/atmel_hlcdc_dc.c
`-- drivers/gpu/drm/bochs/bochs_fbdev.c
`-- drivers/gpu/drm/cirrus/cirrus_fbdev.c
`-- drivers/gpu/drm/drm_fb_cma_helper.c
`-- drivers/gpu/drm/drm_fb_helper.c
`-- drivers/gpu/drm/exynos/exynos_drm_fbdev.c
`-- drivers/gpu/drm/fsl-dcu/fsl_dcu_drm_drv.c
`-- drivers/gpu/drm/gma500/framebuffer.c
`-- drivers/gpu/drm/hisilicon/hibmc/hibmc_drm_fbdev.c
`-- drivers/gpu/drm/hisilicon/kirin/kirin_drm_drv.c
`-- drivers/gpu/drm/i915/intel_fbdev.c
`-- drivers/gpu/drm/imx/imx-drm-core.c
`-- drivers/gpu/drm/meson/meson_drv.c
`-- drivers/gpu/drm/mgag200/mgag200_fb.c
`-- drivers/gpu/drm/msm/msm_fbdev.c
`-- drivers/gpu/drm/mxsfb/mxsfb_drv.c
`-- drivers/gpu/drm/nouveau/nouveau_fbcon.c
`-- drivers/gpu/drm/omapdrm/omap_fbdev.c
`-- drivers/gpu/drm/qxl/qxl_fb.c
`-- drivers/gpu/drm/radeon/radeon_fb.c
`-- drivers/gpu/drm/rcar-du/rcar_du_kms.c
`-- drivers/gpu/drm/rockchip/rockchip_drm_fbdev.c
`-- drivers/gpu/drm/sti/sti_drv.c
`-- drivers/gpu/drm/sun4i/sun4i_framebuffer.c
`-- drivers/gpu/drm/tegra/fb.c
`-- drivers/gpu/drm/tilcdc/tilcdc_drv.c
`-- drivers/gpu/drm/udl/udl_fb.c
`-- drivers/gpu/drm/vc4/vc4_kms.c
`-- drivers/gpu/drm/virtio/virtgpu_fb.c
`-- drivers/gpu/drm/zte/zx_drm_drv.c
`-- include/drm/drm_fb_cma_helper.h
`-- include/drm/drm_fb_helper.h
[33mcompile base commit... [0m[33mok (64s)
[0m[33mapply [0m[33me4563f6ba717... [0m[33mok (64s)
[0m[33mcompile target commit... [0m[33mok (117s)
[0mPREPARE:
[33mcollect AST for functions: exynos_drm_fbdev_init@drivers_gpu_drm_exynos_exynos_drm_fbdev.c,fsl_dcu_load@drivers_gpu_drm_fsl-dcu_fsl_dcu_drm_drv.c,qxl_fbdev_init@drivers_gpu_drm_qxl_qxl_fb.c,kirin_fbdev_output_poll_changed@drivers_gpu_drm_hisilicon_kirin_kirin_drm_drv.c,udl_fbdev_init@drivers_gpu_drm_udl_udl_fb.c,virtio_gpu_fbdev_init@drivers_gpu_drm_virtio_virtgpu_fb.c,bochs_fbdev_init@drivers_gpu_drm_bochs_bochs_fbdev.c,rockchip_drm_fbdev_init@drivers_gpu_drm_rockchip_rockchip_drm_fbdev.c,radeon_fbdev_init@drivers_gpu_drm_radeon_radeon_fb.c,tegra_fbdev_init@drivers_gpu_drm_tegra_fb.c,atmel_hlcdc_dc_load@drivers_gpu_drm_atmel-hlcdc_atmel_hlcdc_dc.c,sun4i_framebuffer_init@drivers_gpu_drm_sun4i_sun4i_framebuffer.c,nouveau_fbcon_init@drivers_gpu_drm_nouveau_nouveau_fbcon.c,omap_fbdev_init@drivers_gpu_drm_omapdrm_omap_fbdev.c,ast_fbdev_init@drivers_gpu_drm_ast_ast_fb.c,malidp_bind@drivers_gpu_drm_arm_malidp_drv.c,intel_fbdev_init@drivers_gpu_drm_i915_intel_fbdev.c,meson_drv_probe@drivers_gpu_drm_meson_meson_drv.c,rcar_du_modeset_init@drivers_gpu_drm_rcar-du_rcar_du_kms.c,armada_fbdev_init@drivers_gpu_drm_armada_armada_fbdev.c,mgag200_fbdev_init@drivers_gpu_drm_mgag200_mgag200_fb.c,tilcdc_init@drivers_gpu_drm_tilcdc_tilcdc_drv.c,imx_drm_bind@drivers_gpu_drm_imx_imx-drm-core.c,hibmc_fbdev_init@drivers_gpu_drm_hisilicon_hibmc_hibmc_drm_fbdev.c,vc4_kms_load@drivers_gpu_drm_vc4_vc4_kms.c,msm_fbdev_init@drivers_gpu_drm_msm_msm_fbdev.c,drm_fbdev_cma_init_with_funcs@drivers_gpu_drm_drm_fb_cma_helper.c,mxsfb_load@drivers_gpu_drm_mxsfb_mxsfb_drv.c,sti_bind@drivers_gpu_drm_sti_sti_drv.c,amdgpu_fbdev_init@drivers_gpu_drm_amd_amdgpu_amdgpu_fb.c,psb_fbdev_init@drivers_gpu_drm_gma500_framebuffer.c,zx_drm_bind@drivers_gpu_drm_zte_zx_drm_drv.c,arcpgu_load@drivers_gpu_drm_arc_arcpgu_drv.c,hdlcd_drm_bind@drivers_gpu_drm_arm_hdlcd_drv.c,cirrus_fbdev_init@drivers_gpu_drm_cirrus_cirrus_fbdev.c,drm_fbdev_cma_init@drivers_gpu_drm_drm_fb_cma_helper.c,drm_fb_helper_init@drivers_gpu_drm_drm_fb_helper.c
[0m[33mTransforming and linking bitcode files...
[0m[33m8s
[0mANALYZE:
COCCIGEN:
//# pattern-3, witnesses: 16
@@
expression E0;
expression E1;
expression E2;
expression E3;
@@
- drm_fb_helper_init(E0, E1, E2, E3)
+ drm_fb_helper_init(E0, E1, E3)
//# pattern-2, witnesses: 14
@@
expression E0;
expression E1;
expression E2;
expression E3;
@@
- drm_fbdev_cma_init(E0, E1, E2, E3)
+ drm_fbdev_cma_init(E0, E1, E3)
//# pattern-4, witnesses: 2
@@
expression IL0;
identifier dev;
identifier fn;
@@
 int fn(struct drm_device * dev)
 {
     <...
- unsigned int num_crtc = num_crtc;
- num_crtc = dev->mode_config.num_crtc;
- ret = drm_fb_helper_init(dev, helper, num_crtc, IL0);
+ ret = drm_fb_helper_init(dev, helper, IL0);
     ...>
 }
