BUILD:
[33mbase commit: e5b9e7503eb1^1
[0m[33mtarget commit: e5b9e7503eb1
[0m[33mchecking out base commit... [0m[33mok (2s)
[0m[33mformatting diff... [0m[33mok (2s)
[0m3 source file(s) touched in the old version
`-- drivers/gpu/drm/radeon/radeon_kms.c
`-- drivers/gpu/drm/radeon/si.c
`-- include/uapi/drm/radeon_drm.h
3 source file(s) touched in the new version
`-- drivers/gpu/drm/radeon/radeon_kms.c
`-- drivers/gpu/drm/radeon/si.c
`-- include/uapi/drm/radeon_drm.h
[33mcompile base commit... [0m[33mok (9s)
[0m[33mapply [0m[33me5b9e7503eb1... [0m[33mok (9s)
[0m[33mcompile target commit... [0m[33mok (11s)
[0mPREPARE:
[33m0s
[0mANALYZE:
COCCIGEN:
