BUILD:
[33mbase commit: e6ecefaadfcd^1
[0m[33mtarget commit: e6ecefaadfcd
[0m[33mchecking out base commit... [0m[33mok (0s)
[0m[33mformatting diff... [0m[33mok (0s)
[0m9 source file(s) touched in the old version
`-- drivers/gpu/drm/exynos/exynos_drm_fb.c
`-- drivers/gpu/drm/gma500/framebuffer.c
`-- drivers/gpu/drm/i915/intel_display.c
`-- drivers/gpu/drm/nouveau/nouveau_display.c
`-- drivers/gpu/drm/radeon/radeon_display.c
`-- drivers/gpu/drm/udl/udl_modeset.c
`-- drivers/gpu/drm/vmwgfx/vmwgfx_kms.c
`-- drivers/staging/omapdrm/omap_drv.c
`-- include/drm/drm_crtc.h
9 source file(s) touched in the new version
`-- drivers/gpu/drm/exynos/exynos_drm_fb.c
`-- drivers/gpu/drm/gma500/framebuffer.c
`-- drivers/gpu/drm/i915/intel_display.c
`-- drivers/gpu/drm/nouveau/nouveau_display.c
`-- drivers/gpu/drm/radeon/radeon_display.c
`-- drivers/gpu/drm/udl/udl_modeset.c
`-- drivers/gpu/drm/vmwgfx/vmwgfx_kms.c
`-- drivers/staging/omapdrm/omap_drv.c
`-- include/drm/drm_crtc.h
[33mcompile base commit... [0m[33mok (4s)
[0m[33mapply [0m[33me6ecefaadfcd... [0m[33mok (4s)
[0m[33mcompile target commit... [0m[33mok (6s)
[0mPREPARE:
[33m0s
[0mANALYZE:
COCCIGEN:
