BUILD:
[33mbase commit: e70f224c1938^1
[0m[33mtarget commit: e70f224c1938
[0m[33mchecking out base commit... [0m[33mok (0s)
[0m[33mformatting diff... [0m[33mok (0s)
[0m7 source file(s) touched in the old version
`-- drivers/gpu/drm/radeon/evergreen_cs.c
`-- drivers/gpu/drm/radeon/r300.c
`-- drivers/gpu/drm/radeon/r600_cs.c
`-- drivers/gpu/drm/radeon/radeon.h
`-- drivers/gpu/drm/radeon/radeon_cs.c
`-- drivers/gpu/drm/radeon/radeon_drv.c
`-- include/drm/radeon_drm.h
7 source file(s) touched in the new version
`-- drivers/gpu/drm/radeon/evergreen_cs.c
`-- drivers/gpu/drm/radeon/r300.c
`-- drivers/gpu/drm/radeon/r600_cs.c
`-- drivers/gpu/drm/radeon/radeon.h
`-- drivers/gpu/drm/radeon/radeon_cs.c
`-- drivers/gpu/drm/radeon/radeon_drv.c
`-- include/drm/radeon_drm.h
[33mcompile base commit... [0m[33mok (4s)
[0m[33mapply [0m[33me70f224c1938... [0m[33mok (4s)
[0m[33mcompile target commit... [0m[33mok (6s)
[0mPREPARE:
[33m0s
[0mANALYZE:
COCCIGEN:
