BUILD:
[33mbase commit: e811f5ae1904^1
[0m[33mtarget commit: e811f5ae1904
[0m[33mchecking out base commit... [0m[33mok (0s)
[0m[33mformatting diff... [0m[33mok (1s)
[0m55 source file(s) touched in the old version
`-- drivers/gpu/drm/ast/ast_mode.c
`-- drivers/gpu/drm/cirrus/cirrus_mode.c
`-- drivers/gpu/drm/exynos/exynos_drm_crtc.c
`-- drivers/gpu/drm/exynos/exynos_drm_drv.h
`-- drivers/gpu/drm/exynos/exynos_drm_encoder.c
`-- drivers/gpu/drm/exynos/exynos_drm_hdmi.c
`-- drivers/gpu/drm/exynos/exynos_drm_hdmi.h
`-- drivers/gpu/drm/exynos/exynos_hdmi.c
`-- drivers/gpu/drm/gma500/cdv_intel_crt.c
`-- drivers/gpu/drm/gma500/cdv_intel_display.c
`-- drivers/gpu/drm/gma500/cdv_intel_hdmi.c
`-- drivers/gpu/drm/gma500/cdv_intel_lvds.c
`-- drivers/gpu/drm/gma500/mdfld_dsi_dpi.c
`-- drivers/gpu/drm/gma500/mdfld_dsi_dpi.h
`-- drivers/gpu/drm/gma500/mdfld_intel_display.c
`-- drivers/gpu/drm/gma500/oaktrail_crtc.c
`-- drivers/gpu/drm/gma500/oaktrail_hdmi.c
`-- drivers/gpu/drm/gma500/psb_intel_display.c
`-- drivers/gpu/drm/gma500/psb_intel_drv.h
`-- drivers/gpu/drm/gma500/psb_intel_lvds.c
`-- drivers/gpu/drm/gma500/psb_intel_sdvo.c
`-- drivers/gpu/drm/i2c/ch7006_drv.c
`-- drivers/gpu/drm/i2c/ch7006_mode.c
`-- drivers/gpu/drm/i2c/ch7006_priv.h
`-- drivers/gpu/drm/i2c/sil164_drv.c
`-- drivers/gpu/drm/i915/dvo.h
`-- drivers/gpu/drm/i915/intel_crt.c
`-- drivers/gpu/drm/i915/intel_dp.c
`-- drivers/gpu/drm/i915/intel_dvo.c
`-- drivers/gpu/drm/i915/intel_hdmi.c
`-- drivers/gpu/drm/i915/intel_lvds.c
`-- drivers/gpu/drm/i915/intel_sdvo.c
`-- drivers/gpu/drm/i915/intel_tv.c
`-- drivers/gpu/drm/mgag200/mgag200_mode.c
`-- drivers/gpu/drm/nouveau/nv04_crtc.c
`-- drivers/gpu/drm/nouveau/nv04_dac.c
`-- drivers/gpu/drm/nouveau/nv04_dfp.c
`-- drivers/gpu/drm/nouveau/nv17_tv.c
`-- drivers/gpu/drm/nouveau/nv50_crtc.c
`-- drivers/gpu/drm/nouveau/nv50_dac.c
`-- drivers/gpu/drm/nouveau/nv50_sor.c
`-- drivers/gpu/drm/nouveau/nvd0_display.c
`-- drivers/gpu/drm/radeon/atombios_crtc.c
`-- drivers/gpu/drm/radeon/atombios_dp.c
`-- drivers/gpu/drm/radeon/atombios_encoders.c
`-- drivers/gpu/drm/radeon/radeon_display.c
`-- drivers/gpu/drm/radeon/radeon_legacy_crtc.c
`-- drivers/gpu/drm/radeon/radeon_legacy_encoders.c
`-- drivers/gpu/drm/radeon/radeon_mode.h
`-- drivers/gpu/drm/udl/udl_encoder.c
`-- drivers/gpu/drm/udl/udl_modeset.c
`-- drivers/staging/omapdrm/omap_crtc.c
`-- drivers/staging/omapdrm/omap_encoder.c
`-- include/drm/drm_crtc_helper.h
`-- include/drm/drm_encoder_slave.h
55 source file(s) touched in the new version
`-- drivers/gpu/drm/ast/ast_mode.c
`-- drivers/gpu/drm/cirrus/cirrus_mode.c
`-- drivers/gpu/drm/exynos/exynos_drm_crtc.c
`-- drivers/gpu/drm/exynos/exynos_drm_drv.h
`-- drivers/gpu/drm/exynos/exynos_drm_encoder.c
`-- drivers/gpu/drm/exynos/exynos_drm_hdmi.c
`-- drivers/gpu/drm/exynos/exynos_drm_hdmi.h
`-- drivers/gpu/drm/exynos/exynos_hdmi.c
`-- drivers/gpu/drm/gma500/cdv_intel_crt.c
`-- drivers/gpu/drm/gma500/cdv_intel_display.c
`-- drivers/gpu/drm/gma500/cdv_intel_hdmi.c
`-- drivers/gpu/drm/gma500/cdv_intel_lvds.c
`-- drivers/gpu/drm/gma500/mdfld_dsi_dpi.c
`-- drivers/gpu/drm/gma500/mdfld_dsi_dpi.h
`-- drivers/gpu/drm/gma500/mdfld_intel_display.c
`-- drivers/gpu/drm/gma500/oaktrail_crtc.c
`-- drivers/gpu/drm/gma500/oaktrail_hdmi.c
`-- drivers/gpu/drm/gma500/psb_intel_display.c
`-- drivers/gpu/drm/gma500/psb_intel_drv.h
`-- drivers/gpu/drm/gma500/psb_intel_lvds.c
`-- drivers/gpu/drm/gma500/psb_intel_sdvo.c
`-- drivers/gpu/drm/i2c/ch7006_drv.c
`-- drivers/gpu/drm/i2c/ch7006_mode.c
`-- drivers/gpu/drm/i2c/ch7006_priv.h
`-- drivers/gpu/drm/i2c/sil164_drv.c
`-- drivers/gpu/drm/i915/dvo.h
`-- drivers/gpu/drm/i915/intel_crt.c
`-- drivers/gpu/drm/i915/intel_dp.c
`-- drivers/gpu/drm/i915/intel_dvo.c
`-- drivers/gpu/drm/i915/intel_hdmi.c
`-- drivers/gpu/drm/i915/intel_lvds.c
`-- drivers/gpu/drm/i915/intel_sdvo.c
`-- drivers/gpu/drm/i915/intel_tv.c
`-- drivers/gpu/drm/mgag200/mgag200_mode.c
`-- drivers/gpu/drm/nouveau/nv04_crtc.c
`-- drivers/gpu/drm/nouveau/nv04_dac.c
`-- drivers/gpu/drm/nouveau/nv04_dfp.c
`-- drivers/gpu/drm/nouveau/nv17_tv.c
`-- drivers/gpu/drm/nouveau/nv50_crtc.c
`-- drivers/gpu/drm/nouveau/nv50_dac.c
`-- drivers/gpu/drm/nouveau/nv50_sor.c
`-- drivers/gpu/drm/nouveau/nvd0_display.c
`-- drivers/gpu/drm/radeon/atombios_crtc.c
`-- drivers/gpu/drm/radeon/atombios_dp.c
`-- drivers/gpu/drm/radeon/atombios_encoders.c
`-- drivers/gpu/drm/radeon/radeon_display.c
`-- drivers/gpu/drm/radeon/radeon_legacy_crtc.c
`-- drivers/gpu/drm/radeon/radeon_legacy_encoders.c
`-- drivers/gpu/drm/radeon/radeon_mode.h
`-- drivers/gpu/drm/udl/udl_encoder.c
`-- drivers/gpu/drm/udl/udl_modeset.c
`-- drivers/staging/omapdrm/omap_crtc.c
`-- drivers/staging/omapdrm/omap_encoder.c
`-- include/drm/drm_crtc_helper.h
`-- include/drm/drm_encoder_slave.h
[33mcompile base commit... [0m[33mok (5s)
[0m[33mapply [0m[33me811f5ae1904... [0m[33mok (5s)
[0m[33mcompile target commit... [0m[33mok (8s)
[0mPREPARE:
[33m0s
[0mANALYZE:
COCCIGEN:
