BUILD:
[33mbase commit: e9f0d76f3bcd^1
[0m[33mtarget commit: e9f0d76f3bcd
[0m[33mchecking out base commit... [0m[33mok (1s)
[0m[33mformatting diff... [0m[33mok (1s)
[0m24 source file(s) touched in the old version
`-- drivers/gpu/drm/cirrus/cirrus_drv.h
`-- drivers/gpu/drm/gma500/psb_drv.h
`-- drivers/gpu/drm/gma500/psb_irq.c
`-- drivers/gpu/drm/gma500/psb_irq.h
`-- drivers/gpu/drm/mga/mga_drv.h
`-- drivers/gpu/drm/mga/mga_irq.c
`-- drivers/gpu/drm/msm/msm_drv.c
`-- drivers/gpu/drm/omapdrm/omap_drv.h
`-- drivers/gpu/drm/omapdrm/omap_irq.c
`-- drivers/gpu/drm/qxl/qxl_drv.h
`-- drivers/gpu/drm/qxl/qxl_irq.c
`-- drivers/gpu/drm/r128/r128_drv.h
`-- drivers/gpu/drm/r128/r128_irq.c
`-- drivers/gpu/drm/radeon/radeon_drv.c
`-- drivers/gpu/drm/radeon/radeon_drv.h
`-- drivers/gpu/drm/radeon/radeon_irq.c
`-- drivers/gpu/drm/radeon/radeon_irq_kms.c
`-- drivers/gpu/drm/tilcdc/tilcdc_drv.c
`-- drivers/gpu/drm/via/via_drv.h
`-- drivers/gpu/drm/via/via_irq.c
`-- drivers/gpu/drm/vmwgfx/vmwgfx_drv.h
`-- drivers/gpu/drm/vmwgfx/vmwgfx_irq.c
`-- include/drm/drmP.h
`-- include/drm/drm_os_linux.h
24 source file(s) touched in the new version
`-- drivers/gpu/drm/cirrus/cirrus_drv.h
`-- drivers/gpu/drm/gma500/psb_drv.h
`-- drivers/gpu/drm/gma500/psb_irq.c
`-- drivers/gpu/drm/gma500/psb_irq.h
`-- drivers/gpu/drm/mga/mga_drv.h
`-- drivers/gpu/drm/mga/mga_irq.c
`-- drivers/gpu/drm/msm/msm_drv.c
`-- drivers/gpu/drm/omapdrm/omap_drv.h
`-- drivers/gpu/drm/omapdrm/omap_irq.c
`-- drivers/gpu/drm/qxl/qxl_drv.h
`-- drivers/gpu/drm/qxl/qxl_irq.c
`-- drivers/gpu/drm/r128/r128_drv.h
`-- drivers/gpu/drm/r128/r128_irq.c
`-- drivers/gpu/drm/radeon/radeon_drv.c
`-- drivers/gpu/drm/radeon/radeon_drv.h
`-- drivers/gpu/drm/radeon/radeon_irq.c
`-- drivers/gpu/drm/radeon/radeon_irq_kms.c
`-- drivers/gpu/drm/tilcdc/tilcdc_drv.c
`-- drivers/gpu/drm/via/via_drv.h
`-- drivers/gpu/drm/via/via_irq.c
`-- drivers/gpu/drm/vmwgfx/vmwgfx_drv.h
`-- drivers/gpu/drm/vmwgfx/vmwgfx_irq.c
`-- include/drm/drmP.h
`-- include/drm/drm_os_linux.h
[33mcompile base commit... [0m[33mok (6s)
[0m[33mapply [0m[33me9f0d76f3bcd... [0m[33mok (6s)
[0m[33mcompile target commit... [0m[33mok (8s)
[0mPREPARE:
[33m0s
[0mANALYZE:
COCCIGEN:
