BUILD:
[33mbase commit: ea642c3216cb^1
[0m[33mtarget commit: ea642c3216cb
[0m[33mchecking out base commit... [0m[33mok (1s)
[0m[33mformatting diff... [0m[33mok (1s)
[0m13 source file(s) touched in the old version
`-- drivers/gpu/drm/amd/amdgpu/amdgpu_ttm.c
`-- drivers/gpu/drm/ast/ast_ttm.c
`-- drivers/gpu/drm/bochs/bochs_mm.c
`-- drivers/gpu/drm/cirrus/cirrus_ttm.c
`-- drivers/gpu/drm/mgag200/mgag200_ttm.c
`-- drivers/gpu/drm/nouveau/nouveau_bo.c
`-- drivers/gpu/drm/qxl/qxl_ttm.c
`-- drivers/gpu/drm/radeon/radeon_ttm.c
`-- drivers/gpu/drm/ttm/ttm_bo_vm.c
`-- drivers/gpu/drm/virtio/virtgpu_ttm.c
`-- drivers/gpu/drm/vmwgfx/vmwgfx_buffer.c
`-- include/drm/ttm/ttm_bo_api.h
`-- include/drm/ttm/ttm_bo_driver.h
13 source file(s) touched in the new version
`-- drivers/gpu/drm/amd/amdgpu/amdgpu_ttm.c
`-- drivers/gpu/drm/ast/ast_ttm.c
`-- drivers/gpu/drm/bochs/bochs_mm.c
`-- drivers/gpu/drm/cirrus/cirrus_ttm.c
`-- drivers/gpu/drm/mgag200/mgag200_ttm.c
`-- drivers/gpu/drm/nouveau/nouveau_bo.c
`-- drivers/gpu/drm/qxl/qxl_ttm.c
`-- drivers/gpu/drm/radeon/radeon_ttm.c
`-- drivers/gpu/drm/ttm/ttm_bo_vm.c
`-- drivers/gpu/drm/virtio/virtgpu_ttm.c
`-- drivers/gpu/drm/vmwgfx/vmwgfx_buffer.c
`-- include/drm/ttm/ttm_bo_api.h
`-- include/drm/ttm/ttm_bo_driver.h
[33mcompile base commit... [0m[33mok (32s)
[0m[33mapply [0m[33mea642c3216cb... [0m[33mok (32s)
[0m[33mcompile target commit... [0m[33mok (55s)
[0mPREPARE:
[33mcollect AST for functions: bochs_bo_driver@drivers_gpu_drm_bochs_bochs_mm.c,vmw_bo_driver@drivers_gpu_drm_vmwgfx_vmwgfx_buffer.c,qxl_bo_driver@drivers_gpu_drm_qxl_qxl_ttm.c,mgag200_bo_driver@drivers_gpu_drm_mgag200_mgag200_ttm.c,ttm_bo_vm_fault@drivers_gpu_drm_ttm_ttm_bo_vm.c,radeon_bo_driver@drivers_gpu_drm_radeon_radeon_ttm.c,amdgpu_bo_driver@drivers_gpu_drm_amd_amdgpu_amdgpu_ttm.c,ast_bo_driver@drivers_gpu_drm_ast_ast_ttm.c,cirrus_bo_driver@drivers_gpu_drm_cirrus_cirrus_ttm.c,nouveau_bo_driver@drivers_gpu_drm_nouveau_nouveau_bo.c,virtio_gpu_bo_driver@drivers_gpu_drm_virtio_virtgpu_ttm.c
[0m[33mTransforming and linking bitcode files...
[0m[33m4s
[0mANALYZE:
COCCIGEN:
//# pattern-1, witnesses: 10
@@
identifier s;
@@
 struct ttm_bo_driver s = {
+    .io_mem_pfn = ttm_bo_default_io_mem_pfn,
 };
