BUILD:
[33mbase commit: eba1f35dfe14^1
[0m[33mtarget commit: eba1f35dfe14
[0m[33mchecking out base commit... [0m[33mok (1s)
[0m[33mformatting diff... [0m[33mok (1s)
[0m7 source file(s) touched in the old version
`-- drivers/gpu/drm/amd/amdgpu/amdgpu_kms.c
`-- drivers/gpu/drm/drm_irq.c
`-- drivers/gpu/drm/i915/i915_irq.c
`-- drivers/gpu/drm/nouveau/nouveau_display.c
`-- drivers/gpu/drm/radeon/radeon_kms.c
`-- include/drm/drmP.h
`-- include/drm/drm_crtc.h
7 source file(s) touched in the new version
`-- drivers/gpu/drm/amd/amdgpu/amdgpu_kms.c
`-- drivers/gpu/drm/drm_irq.c
`-- drivers/gpu/drm/i915/i915_irq.c
`-- drivers/gpu/drm/nouveau/nouveau_display.c
`-- drivers/gpu/drm/radeon/radeon_kms.c
`-- include/drm/drmP.h
`-- include/drm/drm_crtc.h
[33mcompile base commit... [0m[33mok (23s)
[0m[33mapply [0m[33meba1f35dfe14... [0m[33mok (23s)
[0m[33mcompile target commit... [0m[33mok (40s)
[0mPREPARE:
[33mcollect AST for functions: i915_get_vblank_timestamp@drivers_gpu_drm_i915_i915_irq.c,nouveau_display_vblstamp@drivers_gpu_drm_nouveau_nouveau_display.c,nouveau_display_scanoutpos_head@drivers_gpu_drm_nouveau_nouveau_display.c,amdgpu_get_vblank_timestamp_kms@drivers_gpu_drm_amd_amdgpu_amdgpu_kms.c,radeon_get_vblank_timestamp_kms@drivers_gpu_drm_radeon_radeon_kms.c,drm_calc_timestamping_constants@drivers_gpu_drm_drm_irq.c
[0m[33mTransforming and linking bitcode files...
[0m[33m3s
[0mANALYZE:
COCCIGEN:
//# pattern-2, witnesses: 4
@@
expression V0;
expression V1;
identifier crtc;
identifier dev;
identifier flags;
identifier fn;
identifier max_error;
identifier vblank_time;
@@
 int fn(struct drm_device * dev, int crtc, int * max_error, struct timeval * vblank_time, unsigned int flags)
 {
     <...
- drm_calc_vbltimestamp_from_scanoutpos(dev, crtc, max_error, vblank_time, flags, V0, &V1->hwmode)
+ drm_calc_vbltimestamp_from_scanoutpos(dev, crtc, max_error, vblank_time, flags, &V1->hwmode)
     ...>
 }
