BUILD:
[33mbase commit: ed3ba0794663^1
[0m[33mtarget commit: ed3ba0794663
[0m[33mchecking out base commit... [0m[33mok (2s)
[0m[33mformatting diff... [0m[33mok (2s)
[0m8 source file(s) touched in the old version
`-- drivers/gpu/drm/amd/amdgpu/amdgpu_gart.c
`-- drivers/gpu/drm/gma500/gtt.c
`-- drivers/gpu/drm/gma500/psb_drv.c
`-- drivers/gpu/drm/i915/i915_gem_gtt.c
`-- drivers/gpu/drm/radeon/radeon_gart.c
`-- drivers/gpu/drm/ttm/ttm_page_alloc.c
`-- drivers/gpu/drm/ttm/ttm_page_alloc_dma.c
`-- drivers/gpu/drm/ttm/ttm_tt.c
8 source file(s) touched in the new version
`-- drivers/gpu/drm/amd/amdgpu/amdgpu_gart.c
`-- drivers/gpu/drm/gma500/gtt.c
`-- drivers/gpu/drm/gma500/psb_drv.c
`-- drivers/gpu/drm/i915/i915_gem_gtt.c
`-- drivers/gpu/drm/radeon/radeon_gart.c
`-- drivers/gpu/drm/ttm/ttm_page_alloc.c
`-- drivers/gpu/drm/ttm/ttm_page_alloc_dma.c
`-- drivers/gpu/drm/ttm/ttm_tt.c
[33mcompile base commit... [0m[33mok (14s)
[0m[33mapply [0m[33med3ba0794663... [0m[33mok (14s)
[0m[33mcompile target commit... [0m[33mok (23s)
[0mPREPARE:
[33m0s
[0mANALYZE:
COCCIGEN:
Traceback (most recent call last):
  File "/home/oslab/Desktop/seda/lib/infer_inclusion.py", line 108, in <module>
    main()
  File "/home/oslab/Desktop/seda/lib/infer_inclusion.py", line 102, in main
    infer(contexts, list(all_added)[0], True)
  File "/home/oslab/Desktop/seda/lib/infer_inclusion.py", line 76, in infer
    max_count = max(counts.values())
ValueError: max() arg is an empty sequence
