BUILD:
[33mbase commit: ed8d19756e80^1
[0m[33mtarget commit: ed8d19756e80
[0m[33mchecking out base commit... [0m[33mok (1s)
[0m[33mformatting diff... [0m[33mok (1s)
[0m16 source file(s) touched in the old version
`-- drivers/gpu/drm/drm_crtc.c
`-- drivers/gpu/drm/exynos/exynos_drm_crtc.c
`-- drivers/gpu/drm/i915/i915_drv.h
`-- drivers/gpu/drm/i915/intel_display.c
`-- drivers/gpu/drm/msm/mdp4/mdp4_crtc.c
`-- drivers/gpu/drm/nouveau/nouveau_display.c
`-- drivers/gpu/drm/nouveau/nouveau_display.h
`-- drivers/gpu/drm/omapdrm/omap_crtc.c
`-- drivers/gpu/drm/radeon/radeon_display.c
`-- drivers/gpu/drm/rcar-du/rcar_du_crtc.c
`-- drivers/gpu/drm/shmobile/shmob_drm_crtc.c
`-- drivers/gpu/drm/tilcdc/tilcdc_crtc.c
`-- drivers/gpu/drm/vmwgfx/vmwgfx_kms.c
`-- drivers/gpu/drm/vmwgfx/vmwgfx_kms.h
`-- drivers/staging/imx-drm/ipuv3-crtc.c
`-- include/drm/drm_crtc.h
16 source file(s) touched in the new version
`-- drivers/gpu/drm/drm_crtc.c
`-- drivers/gpu/drm/exynos/exynos_drm_crtc.c
`-- drivers/gpu/drm/i915/i915_drv.h
`-- drivers/gpu/drm/i915/intel_display.c
`-- drivers/gpu/drm/msm/mdp4/mdp4_crtc.c
`-- drivers/gpu/drm/nouveau/nouveau_display.c
`-- drivers/gpu/drm/nouveau/nouveau_display.h
`-- drivers/gpu/drm/omapdrm/omap_crtc.c
`-- drivers/gpu/drm/radeon/radeon_display.c
`-- drivers/gpu/drm/rcar-du/rcar_du_crtc.c
`-- drivers/gpu/drm/shmobile/shmob_drm_crtc.c
`-- drivers/gpu/drm/tilcdc/tilcdc_crtc.c
`-- drivers/gpu/drm/vmwgfx/vmwgfx_kms.c
`-- drivers/gpu/drm/vmwgfx/vmwgfx_kms.h
`-- drivers/staging/imx-drm/ipuv3-crtc.c
`-- include/drm/drm_crtc.h
[33mcompile base commit... [0m[33mok (6s)
[0m[33mapply [0m[33med8d19756e80... [0m[33mok (6s)
[0m[33mcompile target commit... [0m[33mok (9s)
[0mPREPARE:
[33m0s
[0mANALYZE:
COCCIGEN:
