BUILD:
[33mbase commit: edf0ac7c67ce^1
[0m[33mtarget commit: edf0ac7c67ce
[0m[33mchecking out base commit... [0m[33mok (1s)
[0m[33mformatting diff... [0m[33mok (1s)
[0m5 source file(s) touched in the old version
`-- drivers/gpu/drm/drm_debugfs.c
`-- drivers/gpu/drm/drm_vm.c
`-- drivers/gpu/drm/radeon/radeon.h
`-- drivers/gpu/drm/radeon/radeon_ring.c
`-- include/drm/drmP.h
5 source file(s) touched in the new version
`-- drivers/gpu/drm/drm_debugfs.c
`-- drivers/gpu/drm/drm_vm.c
`-- drivers/gpu/drm/radeon/radeon.h
`-- drivers/gpu/drm/radeon/radeon_ring.c
`-- include/drm/drmP.h
[33mcompile base commit... [0m[33mok (6s)
[0m[33mapply [0m[33medf0ac7c67ce... [0m[33mok (6s)
[0m[33mcompile target commit... [0m[33mok (9s)
[0mPREPARE:
[33m0s
[0mANALYZE:
COCCIGEN:
