BUILD:
[33mbase commit: eeca2324900e^1
[0m[33mtarget commit: eeca2324900e
[0m[33mchecking out base commit... [0m[33mok (0s)
[0m[33mformatting diff... [0m[33mok (1s)
[0m2 source file(s) touched in the old version
`-- drivers/gpu/drm/amd/amdgpu/amdgpu_dpm.c
`-- drivers/gpu/drm/radeon/r600_dpm.c
2 source file(s) touched in the new version
`-- drivers/gpu/drm/amd/amdgpu/amdgpu_dpm.c
`-- drivers/gpu/drm/radeon/r600_dpm.c
[33mcompile base commit... [0m[33mok (16s)
[0m[33mapply [0m[33meeca2324900e... [0m[33mok (16s)
[0m[33mcompile target commit... [0m[33mok (28s)
[0mPREPARE:
[33mcollect AST for functions: r600_dpm_print_ps_status@drivers_gpu_drm_radeon_r600_dpm.c,r600_dpm_print_cap_info@drivers_gpu_drm_radeon_r600_dpm.c,amdgpu_dpm_print_class_info@drivers_gpu_drm_amd_amdgpu_amdgpu_dpm.c,amdgpu_dpm_print_ps_status@drivers_gpu_drm_amd_amdgpu_amdgpu_dpm.c,r600_dpm_print_class_info@drivers_gpu_drm_radeon_r600_dpm.c,amdgpu_dpm_print_cap_info@drivers_gpu_drm_amd_amdgpu_amdgpu_dpm.c
[0m[33mTransforming and linking bitcode files...
[0m[33m2s
[0mANALYZE:
COCCIGEN:
//# pattern-1, witnesses: 50
@@
expression S0;
@@
- printk(S0)
+ pr_cont
//# pattern-4, witnesses: 2
@@
@@
- printk("\tcaps: ")
+ printk("\tcaps:")
//# pattern-5, witnesses: 2
@@
@@
- printk("\tstatus: ")
+ printk("\tstatus:")
