BUILD:
[33mbase commit: f1217ed09f82^1
[0m[33mtarget commit: f1217ed09f82
[0m[33mchecking out base commit... [0m[33mok (0s)
[0m[33mformatting diff... [0m[33mok (0s)
[0m26 source file(s) touched in the old version
`-- drivers/gpu/drm/ast/ast_drv.h
`-- drivers/gpu/drm/ast/ast_ttm.c
`-- drivers/gpu/drm/bochs/bochs.h
`-- drivers/gpu/drm/bochs/bochs_mm.c
`-- drivers/gpu/drm/cirrus/cirrus_drv.h
`-- drivers/gpu/drm/cirrus/cirrus_ttm.c
`-- drivers/gpu/drm/mgag200/mgag200_drv.h
`-- drivers/gpu/drm/mgag200/mgag200_ttm.c
`-- drivers/gpu/drm/nouveau/nouveau_bo.c
`-- drivers/gpu/drm/nouveau/nouveau_bo.h
`-- drivers/gpu/drm/nouveau/nouveau_ttm.c
`-- drivers/gpu/drm/qxl/qxl_drv.h
`-- drivers/gpu/drm/qxl/qxl_object.c
`-- drivers/gpu/drm/qxl/qxl_ttm.c
`-- drivers/gpu/drm/radeon/radeon.h
`-- drivers/gpu/drm/radeon/radeon_object.c
`-- drivers/gpu/drm/radeon/radeon_ttm.c
`-- drivers/gpu/drm/radeon/radeon_uvd.c
`-- drivers/gpu/drm/ttm/ttm_bo.c
`-- drivers/gpu/drm/ttm/ttm_bo_manager.c
`-- drivers/gpu/drm/vmwgfx/vmwgfx_buffer.c
`-- drivers/gpu/drm/vmwgfx/vmwgfx_dmabuf.c
`-- drivers/gpu/drm/vmwgfx/vmwgfx_fb.c
`-- drivers/gpu/drm/vmwgfx/vmwgfx_gmrid_manager.c
`-- include/drm/ttm/ttm_bo_api.h
`-- include/drm/ttm/ttm_bo_driver.h
26 source file(s) touched in the new version
`-- drivers/gpu/drm/ast/ast_drv.h
`-- drivers/gpu/drm/ast/ast_ttm.c
`-- drivers/gpu/drm/bochs/bochs.h
`-- drivers/gpu/drm/bochs/bochs_mm.c
`-- drivers/gpu/drm/cirrus/cirrus_drv.h
`-- drivers/gpu/drm/cirrus/cirrus_ttm.c
`-- drivers/gpu/drm/mgag200/mgag200_drv.h
`-- drivers/gpu/drm/mgag200/mgag200_ttm.c
`-- drivers/gpu/drm/nouveau/nouveau_bo.c
`-- drivers/gpu/drm/nouveau/nouveau_bo.h
`-- drivers/gpu/drm/nouveau/nouveau_ttm.c
`-- drivers/gpu/drm/qxl/qxl_drv.h
`-- drivers/gpu/drm/qxl/qxl_object.c
`-- drivers/gpu/drm/qxl/qxl_ttm.c
`-- drivers/gpu/drm/radeon/radeon.h
`-- drivers/gpu/drm/radeon/radeon_object.c
`-- drivers/gpu/drm/radeon/radeon_ttm.c
`-- drivers/gpu/drm/radeon/radeon_uvd.c
`-- drivers/gpu/drm/ttm/ttm_bo.c
`-- drivers/gpu/drm/ttm/ttm_bo_manager.c
`-- drivers/gpu/drm/vmwgfx/vmwgfx_buffer.c
`-- drivers/gpu/drm/vmwgfx/vmwgfx_dmabuf.c
`-- drivers/gpu/drm/vmwgfx/vmwgfx_fb.c
`-- drivers/gpu/drm/vmwgfx/vmwgfx_gmrid_manager.c
`-- include/drm/ttm/ttm_bo_api.h
`-- include/drm/ttm/ttm_bo_driver.h
[33mcompile base commit... [0m[33mok (6s)
[0m[33mapply [0m[33mf1217ed09f82... [0m[33mok (6s)
[0m[33mcompile target commit... [0m[33mok (8s)
[0mPREPARE:
[33m0s
[0mANALYZE:
COCCIGEN:
