BUILD:
[33mbase commit: f2c24b83ae90^1
[0m[33mtarget commit: f2c24b83ae90
[0m[33mchecking out base commit... [0m[33mok (1s)
[0m[33mformatting diff... [0m[33mok (1s)
[0m25 source file(s) touched in the old version
`-- drivers/gpu/drm/nouveau/nouveau_bo.c
`-- drivers/gpu/drm/nouveau/nouveau_fence.c
`-- drivers/gpu/drm/nouveau/nouveau_fence.h
`-- drivers/gpu/drm/nouveau/nouveau_gem.c
`-- drivers/gpu/drm/qxl/qxl_debugfs.c
`-- drivers/gpu/drm/qxl/qxl_drv.h
`-- drivers/gpu/drm/qxl/qxl_kms.c
`-- drivers/gpu/drm/qxl/qxl_object.h
`-- drivers/gpu/drm/qxl/qxl_release.c
`-- drivers/gpu/drm/qxl/qxl_ttm.c
`-- drivers/gpu/drm/radeon/radeon_cs.c
`-- drivers/gpu/drm/radeon/radeon_display.c
`-- drivers/gpu/drm/radeon/radeon_mn.c
`-- drivers/gpu/drm/radeon/radeon_object.c
`-- drivers/gpu/drm/radeon/radeon_ttm.c
`-- drivers/gpu/drm/radeon/radeon_uvd.c
`-- drivers/gpu/drm/radeon/radeon_vm.c
`-- drivers/gpu/drm/ttm/ttm_bo.c
`-- drivers/gpu/drm/ttm/ttm_bo_util.c
`-- drivers/gpu/drm/ttm/ttm_execbuf_util.c
`-- drivers/gpu/drm/vmwgfx/vmwgfx_buffer.c
`-- drivers/gpu/drm/vmwgfx/vmwgfx_resource.c
`-- include/drm/ttm/ttm_bo_api.h
`-- include/drm/ttm/ttm_bo_driver.h
`-- include/drm/ttm/ttm_execbuf_util.h
25 source file(s) touched in the new version
`-- drivers/gpu/drm/nouveau/nouveau_bo.c
`-- drivers/gpu/drm/nouveau/nouveau_fence.c
`-- drivers/gpu/drm/nouveau/nouveau_fence.h
`-- drivers/gpu/drm/nouveau/nouveau_gem.c
`-- drivers/gpu/drm/qxl/qxl_debugfs.c
`-- drivers/gpu/drm/qxl/qxl_drv.h
`-- drivers/gpu/drm/qxl/qxl_kms.c
`-- drivers/gpu/drm/qxl/qxl_object.h
`-- drivers/gpu/drm/qxl/qxl_release.c
`-- drivers/gpu/drm/qxl/qxl_ttm.c
`-- drivers/gpu/drm/radeon/radeon_cs.c
`-- drivers/gpu/drm/radeon/radeon_display.c
`-- drivers/gpu/drm/radeon/radeon_mn.c
`-- drivers/gpu/drm/radeon/radeon_object.c
`-- drivers/gpu/drm/radeon/radeon_ttm.c
`-- drivers/gpu/drm/radeon/radeon_uvd.c
`-- drivers/gpu/drm/radeon/radeon_vm.c
`-- drivers/gpu/drm/ttm/ttm_bo.c
`-- drivers/gpu/drm/ttm/ttm_bo_util.c
`-- drivers/gpu/drm/ttm/ttm_execbuf_util.c
`-- drivers/gpu/drm/vmwgfx/vmwgfx_buffer.c
`-- drivers/gpu/drm/vmwgfx/vmwgfx_resource.c
`-- include/drm/ttm/ttm_bo_api.h
`-- include/drm/ttm/ttm_bo_driver.h
`-- include/drm/ttm/ttm_execbuf_util.h
[33mcompile base commit... [0m[33mok (6s)
[0m[33mapply [0m[33mf2c24b83ae90... [0m[33mok (6s)
[0m[33mcompile target commit... [0m[33mok (9s)
[0mPREPARE:
[33m0s
[0mANALYZE:
COCCIGEN:
@@
@@
 #include <drivers/gpu/drm/qxl/qxl_drv.h>
 #include <drm/ttm/ttm_bo_driver.h>
 #include <drivers/gpu/drm/qxl/qxl_object.h>
+#include <linux/reservation.h>
