BUILD:
[33mbase commit: f35119d66813^1
[0m[33mtarget commit: f35119d66813
[0m[33mchecking out base commit... [0m[33mok (1s)
[0m[33mformatting diff... [0m[33mok (1s)
[0m6 source file(s) touched in the old version
`-- drivers/ata/sata_dwc_460ex.c
`-- drivers/gpu/drm/drm_scatter.c
`-- drivers/gpu/drm/radeon/radeon_mem.c
`-- drivers/gpu/drm/vmwgfx/vmwgfx_overlay.c
`-- drivers/gpu/drm/vmwgfx/vmwgfx_resource.c
`-- drivers/gpu/vga/vgaarb.c
6 source file(s) touched in the new version
`-- drivers/ata/sata_dwc_460ex.c
`-- drivers/gpu/drm/drm_scatter.c
`-- drivers/gpu/drm/radeon/radeon_mem.c
`-- drivers/gpu/drm/vmwgfx/vmwgfx_overlay.c
`-- drivers/gpu/drm/vmwgfx/vmwgfx_resource.c
`-- drivers/gpu/vga/vgaarb.c
[33mcompile base commit... [0m[33mok (5s)
[0m[33mapply [0m[33mf35119d66813... [0m[33mok (5s)
[0m[33mcompile target commit... [0m[33mok (7s)
[0mPREPARE:
[33m0s
[0mANALYZE:
COCCIGEN:
