BUILD:
[33mbase commit: f4510a2752b7^1
[0m[33mtarget commit: f4510a2752b7
[0m[33mchecking out base commit... [0m[33mok (3s)
[0m[33mformatting diff... [0m[33mok (3s)
[0m50 source file(s) touched in the old version
`-- drivers/gpu/drm/armada/armada_crtc.c
`-- drivers/gpu/drm/ast/ast_mode.c
`-- drivers/gpu/drm/bochs/bochs_kms.c
`-- drivers/gpu/drm/cirrus/cirrus_mode.c
`-- drivers/gpu/drm/drm_crtc.c
`-- drivers/gpu/drm/drm_crtc_helper.c
`-- drivers/gpu/drm/drm_fb_helper.c
`-- drivers/gpu/drm/exynos/exynos_drm_crtc.c
`-- drivers/gpu/drm/gma500/cdv_intel_display.c
`-- drivers/gpu/drm/gma500/cdv_intel_dp.c
`-- drivers/gpu/drm/gma500/cdv_intel_hdmi.c
`-- drivers/gpu/drm/gma500/cdv_intel_lvds.c
`-- drivers/gpu/drm/gma500/gma_display.c
`-- drivers/gpu/drm/gma500/mdfld_dsi_output.c
`-- drivers/gpu/drm/gma500/mdfld_intel_display.c
`-- drivers/gpu/drm/gma500/oaktrail_crtc.c
`-- drivers/gpu/drm/gma500/psb_intel_display.c
`-- drivers/gpu/drm/gma500/psb_intel_lvds.c
`-- drivers/gpu/drm/gma500/psb_intel_sdvo.c
`-- drivers/gpu/drm/i915/i915_debugfs.c
`-- drivers/gpu/drm/i915/i915_irq.c
`-- drivers/gpu/drm/i915/intel_display.c
`-- drivers/gpu/drm/i915/intel_dp.c
`-- drivers/gpu/drm/i915/intel_overlay.c
`-- drivers/gpu/drm/i915/intel_pm.c
`-- drivers/gpu/drm/mgag200/mgag200_mode.c
`-- drivers/gpu/drm/msm/mdp/mdp4/mdp4_crtc.c
`-- drivers/gpu/drm/msm/mdp/mdp5/mdp5_crtc.c
`-- drivers/gpu/drm/nouveau/dispnv04/crtc.c
`-- drivers/gpu/drm/nouveau/dispnv04/dfp.c
`-- drivers/gpu/drm/nouveau/nouveau_display.c
`-- drivers/gpu/drm/nouveau/nv50_display.c
`-- drivers/gpu/drm/omapdrm/omap_crtc.c
`-- drivers/gpu/drm/omapdrm/omap_fb.c
`-- drivers/gpu/drm/qxl/qxl_display.c
`-- drivers/gpu/drm/radeon/atombios_crtc.c
`-- drivers/gpu/drm/radeon/r100.c
`-- drivers/gpu/drm/radeon/radeon_connectors.c
`-- drivers/gpu/drm/radeon/radeon_device.c
`-- drivers/gpu/drm/radeon/radeon_display.c
`-- drivers/gpu/drm/radeon/radeon_legacy_crtc.c
`-- drivers/gpu/drm/rcar-du/rcar_du_crtc.c
`-- drivers/gpu/drm/shmobile/shmob_drm_crtc.c
`-- drivers/gpu/drm/tegra/dc.c
`-- drivers/gpu/drm/tilcdc/tilcdc_crtc.c
`-- drivers/gpu/drm/udl/udl_modeset.c
`-- drivers/gpu/drm/vmwgfx/vmwgfx_kms.c
`-- drivers/gpu/drm/vmwgfx/vmwgfx_ldu.c
`-- drivers/gpu/drm/vmwgfx/vmwgfx_scrn.c
`-- drivers/staging/imx-drm/ipuv3-crtc.c
50 source file(s) touched in the new version
`-- drivers/gpu/drm/armada/armada_crtc.c
`-- drivers/gpu/drm/ast/ast_mode.c
`-- drivers/gpu/drm/bochs/bochs_kms.c
`-- drivers/gpu/drm/cirrus/cirrus_mode.c
`-- drivers/gpu/drm/drm_crtc.c
`-- drivers/gpu/drm/drm_crtc_helper.c
`-- drivers/gpu/drm/drm_fb_helper.c
`-- drivers/gpu/drm/exynos/exynos_drm_crtc.c
`-- drivers/gpu/drm/gma500/cdv_intel_display.c
`-- drivers/gpu/drm/gma500/cdv_intel_dp.c
`-- drivers/gpu/drm/gma500/cdv_intel_hdmi.c
`-- drivers/gpu/drm/gma500/cdv_intel_lvds.c
`-- drivers/gpu/drm/gma500/gma_display.c
`-- drivers/gpu/drm/gma500/mdfld_dsi_output.c
`-- drivers/gpu/drm/gma500/mdfld_intel_display.c
`-- drivers/gpu/drm/gma500/oaktrail_crtc.c
`-- drivers/gpu/drm/gma500/psb_intel_display.c
`-- drivers/gpu/drm/gma500/psb_intel_lvds.c
`-- drivers/gpu/drm/gma500/psb_intel_sdvo.c
`-- drivers/gpu/drm/i915/i915_debugfs.c
`-- drivers/gpu/drm/i915/i915_irq.c
`-- drivers/gpu/drm/i915/intel_display.c
`-- drivers/gpu/drm/i915/intel_dp.c
`-- drivers/gpu/drm/i915/intel_overlay.c
`-- drivers/gpu/drm/i915/intel_pm.c
`-- drivers/gpu/drm/mgag200/mgag200_mode.c
`-- drivers/gpu/drm/msm/mdp/mdp4/mdp4_crtc.c
`-- drivers/gpu/drm/msm/mdp/mdp5/mdp5_crtc.c
`-- drivers/gpu/drm/nouveau/dispnv04/crtc.c
`-- drivers/gpu/drm/nouveau/dispnv04/dfp.c
`-- drivers/gpu/drm/nouveau/nouveau_display.c
`-- drivers/gpu/drm/nouveau/nv50_display.c
`-- drivers/gpu/drm/omapdrm/omap_crtc.c
`-- drivers/gpu/drm/omapdrm/omap_fb.c
`-- drivers/gpu/drm/qxl/qxl_display.c
`-- drivers/gpu/drm/radeon/atombios_crtc.c
`-- drivers/gpu/drm/radeon/r100.c
`-- drivers/gpu/drm/radeon/radeon_connectors.c
`-- drivers/gpu/drm/radeon/radeon_device.c
`-- drivers/gpu/drm/radeon/radeon_display.c
`-- drivers/gpu/drm/radeon/radeon_legacy_crtc.c
`-- drivers/gpu/drm/rcar-du/rcar_du_crtc.c
`-- drivers/gpu/drm/shmobile/shmob_drm_crtc.c
`-- drivers/gpu/drm/tegra/dc.c
`-- drivers/gpu/drm/tilcdc/tilcdc_crtc.c
`-- drivers/gpu/drm/udl/udl_modeset.c
`-- drivers/gpu/drm/vmwgfx/vmwgfx_kms.c
`-- drivers/gpu/drm/vmwgfx/vmwgfx_ldu.c
`-- drivers/gpu/drm/vmwgfx/vmwgfx_scrn.c
`-- drivers/staging/imx-drm/ipuv3-crtc.c
[33mcompile base commit... [0m[33mok (8s)
[0m[33mapply [0m[33mf4510a2752b7... [0m[33mok (8s)
[0m[33mcompile target commit... [0m[33mok (11s)
[0mPREPARE:
[33m0s
[0mANALYZE:
COCCIGEN:
