BUILD:
[33mbase commit: f4fa88ab28ab^1
[0m[33mtarget commit: f4fa88ab28ab
[0m[33mchecking out base commit... [0m[33mok (1s)
[0m[33mformatting diff... [0m[33mok (1s)
[0m7 source file(s) touched in the old version
`-- drivers/gpu/drm/radeon/cik.c
`-- drivers/gpu/drm/radeon/cikd.h
`-- drivers/gpu/drm/radeon/radeon.h
`-- drivers/gpu/drm/radeon/radeon_drv.c
`-- drivers/gpu/drm/radeon/radeon_kfd.c
`-- drivers/gpu/drm/radeon/radeon_kfd.h
`-- drivers/gpu/drm/radeon/radeon_kms.c
5 source file(s) touched in the new version
`-- drivers/gpu/drm/radeon/cik.c
`-- drivers/gpu/drm/radeon/cikd.h
`-- drivers/gpu/drm/radeon/radeon.h
`-- drivers/gpu/drm/radeon/radeon_drv.c
`-- drivers/gpu/drm/radeon/radeon_kms.c
[33mIgnore files that are created or deleted by the patch.
[0m[33mcompile base commit... [0m[33mok (22s)
[0m[33mapply [0m[33mf4fa88ab28ab... [0m[33mok (22s)
[0m[33mcompile target commit... [0m[33mok (36s)
[0mPREPARE:
[33mcollect AST for functions: cik_vm_init@drivers_gpu_drm_radeon_cik.c,radeon_driver_load_kms@drivers_gpu_drm_radeon_radeon_kms.c,cik_irq_process@drivers_gpu_drm_radeon_cik.c,radeon_pci_probe@drivers_gpu_drm_radeon_radeon_drv.c,radeon_driver_unload_kms@drivers_gpu_drm_radeon_radeon_kms.c,cik_startup@drivers_gpu_drm_radeon_cik.c,radeon_exit@drivers_gpu_drm_radeon_radeon_drv.c,cik_suspend@drivers_gpu_drm_radeon_cik.c
[0m[33mTransforming and linking bitcode files...
[0m[33m3s
[0mANALYZE:
COCCIGEN:
