BUILD:
[33mbase commit: f8c47144bf29^1
[0m[33mtarget commit: f8c47144bf29
[0m[33mchecking out base commit... [0m[33mok (1s)
[0m[33mformatting diff... [0m[33mok (1s)
[0m11 source file(s) touched in the old version
`-- drivers/gpu/drm/amd/amdgpu/amdgpu_kms.c
`-- drivers/gpu/drm/armada/armada_drv.c
`-- drivers/gpu/drm/exynos/exynos_drm_drv.c
`-- drivers/gpu/drm/i915/i915_dma.c
`-- drivers/gpu/drm/msm/msm_drv.c
`-- drivers/gpu/drm/nouveau/nouveau_drm.c
`-- drivers/gpu/drm/omapdrm/omap_drv.c
`-- drivers/gpu/drm/qxl/qxl_ioctl.c
`-- drivers/gpu/drm/radeon/radeon_kms.c
`-- drivers/gpu/drm/tegra/drm.c
`-- drivers/gpu/drm/vmwgfx/vmwgfx_drv.c
11 source file(s) touched in the new version
`-- drivers/gpu/drm/amd/amdgpu/amdgpu_kms.c
`-- drivers/gpu/drm/armada/armada_drv.c
`-- drivers/gpu/drm/exynos/exynos_drm_drv.c
`-- drivers/gpu/drm/i915/i915_dma.c
`-- drivers/gpu/drm/msm/msm_drv.c
`-- drivers/gpu/drm/nouveau/nouveau_drm.c
`-- drivers/gpu/drm/omapdrm/omap_drv.c
`-- drivers/gpu/drm/qxl/qxl_ioctl.c
`-- drivers/gpu/drm/radeon/radeon_kms.c
`-- drivers/gpu/drm/tegra/drm.c
`-- drivers/gpu/drm/vmwgfx/vmwgfx_drv.c
[33mcompile base commit... [0m[33mok (25s)
[0m[33mapply [0m[33mf8c47144bf29... [0m[33mok (25s)
[0m[33mcompile target commit... [0m[33mok (43s)
[0mPREPARE:
[33mcollect AST for functions: i915_ioctls@drivers_gpu_drm_i915_i915_dma.c,nouveau_ioctls@drivers_gpu_drm_nouveau_nouveau_drm.c,armada_ioctls@drivers_gpu_drm_armada_armada_drv.c,msm_ioctls@drivers_gpu_drm_msm_msm_drv.c,vmw_ioctls@drivers_gpu_drm_vmwgfx_vmwgfx_drv.c,exynos_ioctls@drivers_gpu_drm_exynos_exynos_drm_drv.c,ioctls@drivers_gpu_drm_omapdrm_omap_drv.c,tegra_drm_ioctls@drivers_gpu_drm_tegra_drm.c,radeon_ioctls_kms@drivers_gpu_drm_radeon_radeon_kms.c,qxl_ioctls@drivers_gpu_drm_qxl_qxl_ioctl.c,amdgpu_ioctls_kms@drivers_gpu_drm_amd_amdgpu_amdgpu_kms.c
[0m[33m0s
[0mANALYZE:
COCCIGEN:
