BUILD:
[33mbase commit: f95aeb17f57c^1
[0m[33mtarget commit: f95aeb17f57c
[0m[33mchecking out base commit... [0m[33mok (0s)
[0m[33mformatting diff... [0m[33mok (1s)
[0m20 source file(s) touched in the old version
`-- drivers/gpu/drm/armada/armada_drv.c
`-- drivers/gpu/drm/exynos/exynos_drm_drv.c
`-- drivers/gpu/drm/gma500/psb_drv.c
`-- drivers/gpu/drm/i810/i810_dma.c
`-- drivers/gpu/drm/i915/i915_dma.c
`-- drivers/gpu/drm/i915/i915_ioc32.c
`-- drivers/gpu/drm/mga/mga_ioc32.c
`-- drivers/gpu/drm/mga/mga_state.c
`-- drivers/gpu/drm/nouveau/nouveau_ioc32.c
`-- drivers/gpu/drm/qxl/qxl_ioctl.c
`-- drivers/gpu/drm/r128/r128_ioc32.c
`-- drivers/gpu/drm/r128/r128_state.c
`-- drivers/gpu/drm/radeon/radeon_ioc32.c
`-- drivers/gpu/drm/radeon/radeon_kms.c
`-- drivers/gpu/drm/radeon/radeon_state.c
`-- drivers/gpu/drm/savage/savage_bci.c
`-- drivers/gpu/drm/sis/sis_mm.c
`-- drivers/gpu/drm/via/via_dma.c
`-- drivers/gpu/drm/vmwgfx/vmwgfx_drv.c
`-- include/drm/drmP.h
20 source file(s) touched in the new version
`-- drivers/gpu/drm/armada/armada_drv.c
`-- drivers/gpu/drm/exynos/exynos_drm_drv.c
`-- drivers/gpu/drm/gma500/psb_drv.c
`-- drivers/gpu/drm/i810/i810_dma.c
`-- drivers/gpu/drm/i915/i915_dma.c
`-- drivers/gpu/drm/i915/i915_ioc32.c
`-- drivers/gpu/drm/mga/mga_ioc32.c
`-- drivers/gpu/drm/mga/mga_state.c
`-- drivers/gpu/drm/nouveau/nouveau_ioc32.c
`-- drivers/gpu/drm/qxl/qxl_ioctl.c
`-- drivers/gpu/drm/r128/r128_ioc32.c
`-- drivers/gpu/drm/r128/r128_state.c
`-- drivers/gpu/drm/radeon/radeon_ioc32.c
`-- drivers/gpu/drm/radeon/radeon_kms.c
`-- drivers/gpu/drm/radeon/radeon_state.c
`-- drivers/gpu/drm/savage/savage_bci.c
`-- drivers/gpu/drm/sis/sis_mm.c
`-- drivers/gpu/drm/via/via_dma.c
`-- drivers/gpu/drm/vmwgfx/vmwgfx_drv.c
`-- include/drm/drmP.h
[33mcompile base commit... [0m[33mok (6s)
[0m[33mapply [0m[33mf95aeb17f57c... [0m[33mok (6s)
[0m[33mcompile target commit... [0m[33mok (9s)
[0mPREPARE:
[33m0s
[0mANALYZE:
COCCIGEN:
