BUILD:
[33mbase commit: fb2a99e15ff0^1
[0m[33mtarget commit: fb2a99e15ff0
[0m[33mchecking out base commit... [0m[33mok (0s)
[0m[33mformatting diff... [0m[33mok (0s)
[0m5 source file(s) touched in the old version
`-- drivers/gpu/drm/gma500/framebuffer.c
`-- drivers/gpu/drm/i915/intel_fb.c
`-- drivers/gpu/drm/nouveau/nouveau_fbcon.c
`-- drivers/gpu/drm/radeon/radeon_fb.c
`-- drivers/gpu/drm/vmwgfx/vmwgfx_fb.c
5 source file(s) touched in the new version
`-- drivers/gpu/drm/gma500/framebuffer.c
`-- drivers/gpu/drm/i915/intel_fb.c
`-- drivers/gpu/drm/nouveau/nouveau_fbcon.c
`-- drivers/gpu/drm/radeon/radeon_fb.c
`-- drivers/gpu/drm/vmwgfx/vmwgfx_fb.c
[33mcompile base commit... [0m[33mok (4s)
[0m[33mapply [0m[33mfb2a99e15ff0... [0m[33mok (4s)
[0m[33mcompile target commit... [0m[33mok (6s)
[0mPREPARE:
[33m0s
[0mANALYZE:
COCCIGEN:
