BUILD:
[33mbase commit: fc8fd40eb29a^1
[0m[33mtarget commit: fc8fd40eb29a
[0m[33mchecking out base commit... [0m[33mok (0s)
[0m[33mformatting diff... [0m[33mok (0s)
[0m4 source file(s) touched in the old version
`-- drivers/gpu/drm/i915/i915_dma.c
`-- drivers/gpu/drm/nouveau/nouveau_vga.c
`-- drivers/gpu/drm/radeon/radeon_device.c
`-- include/drm/drmP.h
4 source file(s) touched in the new version
`-- drivers/gpu/drm/i915/i915_dma.c
`-- drivers/gpu/drm/nouveau/nouveau_vga.c
`-- drivers/gpu/drm/radeon/radeon_device.c
`-- include/drm/drmP.h
[33mcompile base commit... [0m[33mok (5s)
[0m[33mapply [0m[33mfc8fd40eb29a... [0m[33mok (5s)
[0m[33mcompile target commit... [0m[33mok (8s)
[0mPREPARE:
[33m0s
[0mANALYZE:
COCCIGEN:
