BUILD:
[33mbase commit: fd7e0d719260^1
[0m[33mtarget commit: fd7e0d719260
[0m[33mchecking out base commit... [0m[33mok (1s)
[0m[33mformatting diff... [0m[33mok (1s)
[0m4 source file(s) touched in the old version
`-- drivers/gpu/drm/ati_pcigart.c
`-- drivers/gpu/drm/r128/r128_drv.h
`-- drivers/gpu/drm/radeon/radeon_drv.h
`-- include/drm/drmP.h
5 source file(s) touched in the new version
`-- drivers/gpu/drm/ati_pcigart.c
`-- drivers/gpu/drm/r128/r128_drv.h
`-- drivers/gpu/drm/radeon/radeon_drv.h
`-- include/drm/ati_pcigart.h
`-- include/drm/drmP.h
[33mIgnore files that are created or deleted by the patch.
[0m[33mcompile base commit... [0m[33mok (6s)
[0m[33mapply [0m[33mfd7e0d719260... [0m[33mok (6s)
[0m[33mcompile target commit... [0m[33mok (8s)
[0mPREPARE:
[33m1s
[0mANALYZE:
COCCIGEN:
@@
@@
 #include <drm/drmP.h>
+#include <drm/ati_pcigart.h>
