BUILD:
[33mbase commit: ffbab09bf939^1
[0m[33mtarget commit: ffbab09bf939
[0m[33mchecking out base commit... [0m[33mok (0s)
[0m[33mformatting diff... [0m[33mok (0s)
[0m16 source file(s) touched in the old version
`-- drivers/gpu/drm/drm_pci.c
`-- drivers/gpu/drm/gma500/psb_drv.h
`-- drivers/gpu/drm/i915/i915_dma.c
`-- drivers/gpu/drm/i915/i915_drv.h
`-- drivers/gpu/drm/i915/i915_gpu_error.c
`-- drivers/gpu/drm/i915/intel_tv.c
`-- drivers/gpu/drm/nouveau/dispnv04/arb.c
`-- drivers/gpu/drm/nouveau/dispnv04/dfp.c
`-- drivers/gpu/drm/nouveau/dispnv04/disp.h
`-- drivers/gpu/drm/nouveau/dispnv04/hw.c
`-- drivers/gpu/drm/nouveau/nouveau_abi16.c
`-- drivers/gpu/drm/nouveau/nouveau_bios.c
`-- drivers/gpu/drm/nouveau/nouveau_connector.c
`-- drivers/gpu/drm/radeon/radeon_bios.c
`-- drivers/gpu/drm/radeon/radeon_kms.c
`-- include/drm/drmP.h
16 source file(s) touched in the new version
`-- drivers/gpu/drm/drm_pci.c
`-- drivers/gpu/drm/gma500/psb_drv.h
`-- drivers/gpu/drm/i915/i915_dma.c
`-- drivers/gpu/drm/i915/i915_drv.h
`-- drivers/gpu/drm/i915/i915_gpu_error.c
`-- drivers/gpu/drm/i915/intel_tv.c
`-- drivers/gpu/drm/nouveau/dispnv04/arb.c
`-- drivers/gpu/drm/nouveau/dispnv04/dfp.c
`-- drivers/gpu/drm/nouveau/dispnv04/disp.h
`-- drivers/gpu/drm/nouveau/dispnv04/hw.c
`-- drivers/gpu/drm/nouveau/nouveau_abi16.c
`-- drivers/gpu/drm/nouveau/nouveau_bios.c
`-- drivers/gpu/drm/nouveau/nouveau_connector.c
`-- drivers/gpu/drm/radeon/radeon_bios.c
`-- drivers/gpu/drm/radeon/radeon_kms.c
`-- include/drm/drmP.h
[33mcompile base commit... [0m[33mok (5s)
[0m[33mapply [0m[33mffbab09bf939... [0m[33mok (5s)
[0m[33mcompile target commit... [0m[33mok (7s)
[0mPREPARE:
[33m1s
[0mANALYZE:
COCCIGEN:
