--- /home/oslab/Desktop/common/net/netfilter/xt_qtaguid.c
+++ /tmp/cocci-output-17813-4424f7-xt_qtaguid.c
@@ -772,7 +772,7 @@ static int iface_stat_fmt_proc_show(stru
 	} else {
 		pp_iface_stat_line(m, iface_entry);
 	}
-	return 0;
+	return xt_check_entry_offsets(e, e->target_offset, e->next_offset);
 }
 
 static const struct file_operations read_u64_fops = {
@@ -1489,7 +1489,7 @@ static int proc_iface_stat_fmt_open(stru
 		return -ENOMEM;
 
 	s->fmt = (uintptr_t)PDE_DATA(inode);
-	return 0;
+	return xt_check_entry_offsets(e, e->target_offset, e->next_offset);
 }
 
 static const struct file_operations proc_iface_stat_fmt_fops = {
@@ -1554,7 +1554,7 @@ static int __init iface_stat_init(struct
 		       "failed to register ipv6 dev event handler\n");
 		goto err_unreg_ip4_addr;
 	}
-	return 0;
+	return xt_check_entry_offsets(e, e->target_offset, e->next_offset);
 
 err_unreg_ip4_addr:
 	unregister_inetaddr_notifier(&iface_inetaddr_notifier_blk);
@@ -1979,7 +1979,7 @@ static int qtaguid_ctrl_proc_show(struct
 		prdebug_full_state(0, "proc ctrl");
 	}
 
-	return 0;
+	return xt_check_entry_offsets(e, e->target_offset, e->next_offset);
 }
 
 /*
@@ -2347,7 +2347,7 @@ static int ctrl_cmd_tag(const char *inpu
 	CT_DEBUG("qtaguid: ctrl_tag(%s): done st@%p ...->f_count=%ld\n",
 		 input, sock_tag_entry,
 		 atomic_long_read(&el_socket->file->f_count));
-	return 0;
+	return xt_check_entry_offsets(e, e->target_offset, e->next_offset);
 
 err_tag_unref_put:
 	BUG_ON(tag_ref_entry->num_sock_tags <= 0);
@@ -2445,7 +2445,7 @@ static int ctrl_cmd_untag(const char *in
 	kfree(sock_tag_entry);
 	atomic64_inc(&qtu_events.sockets_untagged);
 
-	return 0;
+	return xt_check_entry_offsets(e, e->target_offset, e->next_offset);
 
 err_put:
 	CT_DEBUG("qtaguid: ctrl_untag(%s): done. socket->...->f_count=%ld\n",
@@ -2555,7 +2555,8 @@ static int pp_stats_line(struct seq_file
 			 get_atag_from_tag(tag), stat_uid,
 			 current->pid, current->tgid, from_kuid(&init_user_ns, current_fsuid()),
 			 from_kgid(&init_user_ns,xt_qtaguid_stats_file->gid));
-		return 0;
+		return xt_check_entry_offsets(e, e->target_offset,
+					      e->next_offset);
 	}
 	ppi->item_index++;
 	cnts = &ts_entry->counters;
@@ -2740,7 +2741,7 @@ static int qtaguid_stats_proc_show(struc
 	else
 		pp_sets(m, ts_entry);
 
-	return 0;
+	return xt_check_entry_offsets(e, e->target_offset, e->next_offset);
 }
 
 /*------------------------------------------*/
@@ -2753,7 +2754,8 @@ static int qtudev_open(struct inode *ino
 	bool utd_entry_found;
 
 	if (unlikely(qtu_proc_handling_passive))
-		return 0;
+		return xt_check_entry_offsets(e, e->target_offset,
+					      e->next_offset);
 
 	DR_DEBUG("qtaguid: qtudev_open(): pid=%u tgid=%u uid=%u\n",
 		 current->pid, current->tgid, from_kuid(&init_user_ns, current_fsuid()));
@@ -2799,7 +2801,7 @@ static int qtudev_open(struct inode *ino
 	DR_DEBUG("qtaguid: tracking data for uid=%u in pqd=%p\n",
 		 from_kuid(&init_user_ns, current_fsuid()), new_pqd_entry);
 	file->private_data = new_pqd_entry;
-	return 0;
+	return xt_check_entry_offsets(e, e->target_offset, e->next_offset);
 
 err_unlock_free_utd:
 	if (!utd_entry_found) {
@@ -2821,7 +2823,8 @@ static int qtudev_release(struct inode *
 	struct tag_ref *tr;
 
 	if (unlikely(qtu_proc_handling_passive))
-		return 0;
+		return xt_check_entry_offsets(e, e->target_offset,
+					      e->next_offset);
 
 	/*
 	 * Do not trust the current->pid, it might just be a kworker cleaning
@@ -2888,7 +2891,7 @@ static int qtudev_release(struct inode *
 
 	prdebug_full_state(0, "%s(): pid=%u tgid=%u", __func__,
 			   current->pid, current->tgid);
-	return 0;
+	return xt_check_entry_offsets(e, e->target_offset, e->next_offset);
 }
 
 /*------------------------------------------*/
@@ -2982,7 +2985,7 @@ static int __init qtaguid_proc_register(
 	 * TODO: add support counter hacking
 	 * xt_qtaguid_stats_file->write_proc = qtaguid_stats_proc_write;
 	 */
-	return 0;
+	return xt_check_entry_offsets(e, e->target_offset, e->next_offset);
 
 no_stats_entry:
 	remove_proc_entry("ctrl", *res_procdir);
@@ -3012,7 +3015,7 @@ static int __init qtaguid_mt_init(void)
 	    || xt_register_match(&qtaguid_mt_reg)
 	    || misc_register(&qtu_device))
 		return -1;
-	return 0;
+	return xt_check_entry_offsets(e, e->target_offset, e->next_offset);
 }
 
 /*
