BUILD:
[33mbase commit: 01789349ee52^1
[0m[33mtarget commit: 01789349ee52
[0m[33mchecking out base commit... [0m[33mok (1s)
[0m[33mformatting diff... [0m[33mok (1s)
[0m17 source file(s) touched in the old version
`-- drivers/net/ethernet/broadcom/bnx2.c
`-- drivers/net/ethernet/broadcom/bnx2x/bnx2x_main.c
`-- drivers/net/ethernet/chelsio/cxgb4/cxgb4_main.c
`-- drivers/net/ethernet/chelsio/cxgb4vf/cxgb4vf_main.c
`-- drivers/net/ethernet/cisco/enic/enic_main.c
`-- drivers/net/ethernet/intel/e1000/e1000_main.c
`-- drivers/net/ethernet/intel/igb/igb_main.c
`-- drivers/net/ethernet/intel/ixgbe/ixgbe_main.c
`-- drivers/net/ethernet/intel/ixgbevf/ixgbevf_main.c
`-- drivers/net/ethernet/marvell/mv643xx_eth.c
`-- drivers/net/ethernet/octeon/octeon_mgmt.c
`-- drivers/net/ethernet/stmicro/stmmac/stmmac_main.c
`-- drivers/net/ethernet/sun/niu.c
`-- drivers/net/virtio_net.c
`-- include/linux/if.h
`-- include/linux/netdevice.h
`-- net/core/dev.c
17 source file(s) touched in the new version
`-- drivers/net/ethernet/broadcom/bnx2.c
`-- drivers/net/ethernet/broadcom/bnx2x/bnx2x_main.c
`-- drivers/net/ethernet/chelsio/cxgb4/cxgb4_main.c
`-- drivers/net/ethernet/chelsio/cxgb4vf/cxgb4vf_main.c
`-- drivers/net/ethernet/cisco/enic/enic_main.c
`-- drivers/net/ethernet/intel/e1000/e1000_main.c
`-- drivers/net/ethernet/intel/igb/igb_main.c
`-- drivers/net/ethernet/intel/ixgbe/ixgbe_main.c
`-- drivers/net/ethernet/intel/ixgbevf/ixgbevf_main.c
`-- drivers/net/ethernet/marvell/mv643xx_eth.c
`-- drivers/net/ethernet/octeon/octeon_mgmt.c
`-- drivers/net/ethernet/stmicro/stmmac/stmmac_main.c
`-- drivers/net/ethernet/sun/niu.c
`-- drivers/net/virtio_net.c
`-- include/linux/if.h
`-- include/linux/netdevice.h
`-- net/core/dev.c
[33mcompile base commit... [0m[33mok (5s)
[0m[33mapply [0m[33m01789349ee52... [0m[33mok (5s)
[0m[33mcompile target commit... [0m[33mok (7s)
[0mPREPARE:
[33m0s
[0mANALYZE:
COCCIGEN:
@@
@@
 #include <linux/netdevice.h>
+#include <linux/if.h>
