BUILD:
[33mbase commit: 0614002bb5f7^1
[0m[33mtarget commit: 0614002bb5f7
[0m[33mchecking out base commit... [0m[33mok (1s)
[0m[33mformatting diff... [0m[33mok (1s)
[0m8 source file(s) touched in the old version
`-- drivers/net/ethernet/chelsio/cxgb4/sge.c
`-- drivers/net/ethernet/chelsio/cxgb4vf/sge.c
`-- drivers/net/ethernet/intel/igb/igb_main.c
`-- drivers/net/ethernet/intel/ixgbe/ixgbe_main.c
`-- drivers/net/ethernet/intel/ixgbevf/ixgbevf_main.c
`-- drivers/net/usb/cdc-phonet.c
`-- drivers/usb/gadget/f_phonet.c
`-- include/linux/skbuff.h
8 source file(s) touched in the new version
`-- drivers/net/ethernet/chelsio/cxgb4/sge.c
`-- drivers/net/ethernet/chelsio/cxgb4vf/sge.c
`-- drivers/net/ethernet/intel/igb/igb_main.c
`-- drivers/net/ethernet/intel/ixgbe/ixgbe_main.c
`-- drivers/net/ethernet/intel/ixgbevf/ixgbevf_main.c
`-- drivers/net/usb/cdc-phonet.c
`-- drivers/usb/gadget/f_phonet.c
`-- include/linux/skbuff.h
[33mcompile base commit... [0m[33mok (6s)
[0m[33mapply [0m[33m0614002bb5f7... [0m[33mok (6s)
[0m[33mcompile target commit... [0m[33mok (8s)
[0mPREPARE:
[33m0s
[0mANALYZE:
COCCIGEN:
