BUILD:
[33mbase commit: 076bb0c82a44^1
[0m[33mtarget commit: 076bb0c82a44
[0m[33mchecking out base commit... [0m[33mok (1s)
[0m[33mformatting diff... [0m[33mok (1s)
[0m15 source file(s) touched in the old version
`-- drivers/net/ethernet/broadcom/bnx2x/bnx2x_cmn.c
`-- drivers/net/ethernet/intel/ixgbe/ixgbe.h
`-- drivers/net/ethernet/mellanox/mlx4/en_netdev.c
`-- drivers/net/ethernet/mellanox/mlx4/en_rx.c
`-- fs/select.c
`-- include/net/ll_poll.h
`-- net/core/datagram.c
`-- net/core/sock.c
`-- net/core/sysctl_net_core.c
`-- net/ipv4/tcp.c
`-- net/ipv4/tcp_ipv4.c
`-- net/ipv4/udp.c
`-- net/ipv6/tcp_ipv6.c
`-- net/ipv6/udp.c
`-- net/socket.c
15 source file(s) touched in the new version
`-- drivers/net/ethernet/broadcom/bnx2x/bnx2x_cmn.c
`-- drivers/net/ethernet/intel/ixgbe/ixgbe.h
`-- drivers/net/ethernet/mellanox/mlx4/en_netdev.c
`-- drivers/net/ethernet/mellanox/mlx4/en_rx.c
`-- fs/select.c
`-- include/net/busy_poll.h
`-- net/core/datagram.c
`-- net/core/sock.c
`-- net/core/sysctl_net_core.c
`-- net/ipv4/tcp.c
`-- net/ipv4/tcp_ipv4.c
`-- net/ipv4/udp.c
`-- net/ipv6/tcp_ipv6.c
`-- net/ipv6/udp.c
`-- net/socket.c
[33mIgnore files that are created or deleted by the patch.
[0m[33mcompile base commit... [0m[33mok (6s)
[0m[33mapply [0m[33m076bb0c82a44... [0m[33mok (6s)
[0m[33mcompile target commit... [0m[33mok (8s)
[0mPREPARE:
[33m0s
[0mANALYZE:
COCCIGEN:
Unable to infer inclusion changes on more than 1 file
added  : set(['net/busy_poll.h'])
deleted: set(['net/ll_poll.h'])
