BUILD:
[33mbase commit: 11393cc9b9be^1
[0m[33mtarget commit: 11393cc9b9be
[0m[33mchecking out base commit... [0m[33mok (1s)
[0m[33mformatting diff... [0m[33mok (1s)
[0m6 source file(s) touched in the old version
`-- drivers/net/ethernet/intel/ixgbe/ixgbe_main.c
`-- include/linux/bpf.h
`-- include/linux/filter.h
`-- include/linux/netdevice.h
`-- kernel/bpf/devmap.c
`-- net/core/filter.c
6 source file(s) touched in the new version
`-- drivers/net/ethernet/intel/ixgbe/ixgbe_main.c
`-- include/linux/bpf.h
`-- include/linux/filter.h
`-- include/linux/netdevice.h
`-- kernel/bpf/devmap.c
`-- net/core/filter.c
[33mcompile base commit... [0m[33mok (21s)
[0m[33mapply [0m[33m11393cc9b9be... [0m[33mok (21s)
[0m[33mcompile target commit... [0m[33mok (37s)
[0mPREPARE:
[33mcollect AST for functions: ixgbe_netdev_ops@drivers_net_ethernet_intel_ixgbe_ixgbe_main.c,xdp_do_redirect_map@net_core_filter.c,ixgbe_xdp_xmit@drivers_net_ethernet_intel_ixgbe_ixgbe_main.c,__dev_map_entry_free@kernel_bpf_devmap.c,xdp_do_redirect@net_core_filter.c,dev_map_alloc@kernel_bpf_devmap.c,ixgbe_clean_rx_irq@drivers_net_ethernet_intel_ixgbe_ixgbe_main.c,__bpf_tx_xdp@net_core_filter.c,dev_map_free@kernel_bpf_devmap.c,ixgbe_down@drivers_net_ethernet_intel_ixgbe_ixgbe_main.c
[0m[33mTransforming and linking bitcode files...
[0m[33m6s
[0mANALYZE:
COCCIGEN:
