BUILD:
[33mbase commit: 124b74c18e0e^1
[0m[33mtarget commit: 124b74c18e0e
[0m[33mchecking out base commit... [0m[33mok (2s)
[0m[33mformatting diff... [0m[33mok (2s)
[0m3 source file(s) touched in the old version
`-- drivers/net/ethernet/intel/fm10k/fm10k_main.c
`-- drivers/net/ethernet/intel/igb/igb_main.c
`-- drivers/net/ethernet/intel/ixgbe/ixgbe_main.c
3 source file(s) touched in the new version
`-- drivers/net/ethernet/intel/fm10k/fm10k_main.c
`-- drivers/net/ethernet/intel/igb/igb_main.c
`-- drivers/net/ethernet/intel/ixgbe/ixgbe_main.c
[33mcompile base commit... [0m[33mok (18s)
[0m[33mapply [0m[33m124b74c18e0e... [0m[33mok (18s)
[0m[33mcompile target commit... [0m[33mok (32s)
[0mPREPARE:
[33mcollect AST for functions: igb_clean_rx_irq@drivers_net_ethernet_intel_igb_igb_main.c,fm10k_clean_rx_irq@drivers_net_ethernet_intel_fm10k_fm10k_main.c,ixgbe_clean_rx_irq@drivers_net_ethernet_intel_ixgbe_ixgbe_main.c
[0m[33mTransforming and linking bitcode files...
[0m[33m4s
[0mANALYZE:
COCCIGEN:
//# pattern-4, witnesses: 3
@@
@@
- rmb;
+ dma_rmb;
