BUILD:
[33mbase commit: 14f8dc49532f^1
[0m[33mtarget commit: 14f8dc49532f
[0m[33mchecking out base commit... [0m[33mok (1s)
[0m[33mformatting diff... [0m[33mok (1s)
[0m20 source file(s) touched in the old version
`-- drivers/net/can/usb/ems_usb.c
`-- drivers/net/ethernet/amd/pcnet32.c
`-- drivers/net/ethernet/freescale/gianfar.c
`-- drivers/net/ethernet/intel/e1000/e1000_main.c
`-- drivers/net/ethernet/intel/ixgb/ixgb_main.c
`-- drivers/net/ethernet/intel/ixgbe/ixgbe_fcoe.c
`-- drivers/net/ethernet/mellanox/mlx4/en_ethtool.c
`-- drivers/net/ethernet/mellanox/mlx4/en_netdev.c
`-- drivers/net/ethernet/mellanox/mlx4/en_rx.c
`-- drivers/net/ethernet/qlogic/qlge/qlge_main.c
`-- drivers/net/ethernet/smsc/smsc9420.c
`-- drivers/net/usb/pegasus.c
`-- drivers/net/wireless/ath/ath9k/htc_drv_txrx.c
`-- drivers/net/wireless/ath/ath9k/hw.c
`-- drivers/net/wireless/ath/ath9k/rc.c
`-- drivers/net/wireless/ath/wil6210/txrx.c
`-- drivers/net/wireless/ath/wil6210/wmi.c
`-- drivers/net/wireless/brcm80211/brcmfmac/dhd_sdio.c
`-- drivers/net/wireless/brcm80211/brcmfmac/usb.c
`-- drivers/net/wireless/mwl8k.c
20 source file(s) touched in the new version
`-- drivers/net/can/usb/ems_usb.c
`-- drivers/net/ethernet/amd/pcnet32.c
`-- drivers/net/ethernet/freescale/gianfar.c
`-- drivers/net/ethernet/intel/e1000/e1000_main.c
`-- drivers/net/ethernet/intel/ixgb/ixgb_main.c
`-- drivers/net/ethernet/intel/ixgbe/ixgbe_fcoe.c
`-- drivers/net/ethernet/mellanox/mlx4/en_ethtool.c
`-- drivers/net/ethernet/mellanox/mlx4/en_netdev.c
`-- drivers/net/ethernet/mellanox/mlx4/en_rx.c
`-- drivers/net/ethernet/qlogic/qlge/qlge_main.c
`-- drivers/net/ethernet/smsc/smsc9420.c
`-- drivers/net/usb/pegasus.c
`-- drivers/net/wireless/ath/ath9k/htc_drv_txrx.c
`-- drivers/net/wireless/ath/ath9k/hw.c
`-- drivers/net/wireless/ath/ath9k/rc.c
`-- drivers/net/wireless/ath/wil6210/txrx.c
`-- drivers/net/wireless/ath/wil6210/wmi.c
`-- drivers/net/wireless/brcm80211/brcmfmac/dhd_sdio.c
`-- drivers/net/wireless/brcm80211/brcmfmac/usb.c
`-- drivers/net/wireless/mwl8k.c
[33mcompile base commit... [0m[33mok (6s)
[0m[33mapply [0m[33m14f8dc49532f... [0m[33mok (6s)
[0m[33mcompile target commit... [0m[33mok (8s)
[0mPREPARE:
[33m0s
[0mANALYZE:
COCCIGEN:
