BUILD:
[33mbase commit: 1d023284c31a^1
[0m[33mtarget commit: 1d023284c31a
[0m[33mchecking out base commit... [0m[33mok (2s)
[0m[33mformatting diff... [0m[33mok (2s)
[0m14 source file(s) touched in the old version
`-- drivers/gpu/drm/drm_hashtab.c
`-- drivers/net/ethernet/intel/i40e/i40e_ethtool.c
`-- drivers/net/ethernet/intel/ixgbe/ixgbe_ethtool.c
`-- drivers/staging/lustre/lustre/libcfs/hash.c
`-- fs/namespace.c
`-- fs/notify/inode_mark.c
`-- fs/notify/vfsmount_mark.c
`-- include/linux/list.h
`-- include/linux/rculist.h
`-- net/batman-adv/fragmentation.c
`-- net/bridge/br_multicast.c
`-- net/ipv4/fib_trie.c
`-- net/ipv6/addrlabel.c
`-- net/xfrm/xfrm_policy.c
14 source file(s) touched in the new version
`-- drivers/gpu/drm/drm_hashtab.c
`-- drivers/net/ethernet/intel/i40e/i40e_ethtool.c
`-- drivers/net/ethernet/intel/ixgbe/ixgbe_ethtool.c
`-- drivers/staging/lustre/lustre/libcfs/hash.c
`-- fs/namespace.c
`-- fs/notify/inode_mark.c
`-- fs/notify/vfsmount_mark.c
`-- include/linux/list.h
`-- include/linux/rculist.h
`-- net/batman-adv/fragmentation.c
`-- net/bridge/br_multicast.c
`-- net/ipv4/fib_trie.c
`-- net/ipv6/addrlabel.c
`-- net/xfrm/xfrm_policy.c
[33mcompile base commit... [0m[33mok (7s)
[0m[33mapply [0m[33m1d023284c31a... [0m[33mok (7s)
[0m[33mcompile target commit... [0m[33mok (10s)
[0mPREPARE:
[33m0s
[0mANALYZE:
COCCIGEN:
