BUILD:
[33mbase commit: 1dd06ae8db71^1
[0m[33mtarget commit: 1dd06ae8db71
[0m[33mchecking out base commit... [0m[33mok (3s)
[0m[33mformatting diff... [0m[33mok (3s)
[0m72 source file(s) touched in the old version
`-- drivers/net/can/mscan/mpc5xxx_can.c
`-- drivers/net/can/sja1000/ems_pcmcia.c
`-- drivers/net/can/sja1000/peak_pci.c
`-- drivers/net/can/softing/softing_cs.c
`-- drivers/net/ethernet/3com/3c509.c
`-- drivers/net/ethernet/3com/3c59x.c
`-- drivers/net/ethernet/8390/zorro8390.c
`-- drivers/net/ethernet/alteon/acenic.c
`-- drivers/net/ethernet/amd/hplance.c
`-- drivers/net/ethernet/atheros/atl1c/atl1c_main.c
`-- drivers/net/ethernet/atheros/atl1e/atl1e_main.c
`-- drivers/net/ethernet/atheros/atlx/atl1.c
`-- drivers/net/ethernet/atheros/atlx/atl2.c
`-- drivers/net/ethernet/broadcom/bnx2x/bnx2x_main.c
`-- drivers/net/ethernet/broadcom/tg3.c
`-- drivers/net/ethernet/chelsio/cxgb/cxgb2.c
`-- drivers/net/ethernet/chelsio/cxgb/sge.c
`-- drivers/net/ethernet/chelsio/cxgb/subr.c
`-- drivers/net/ethernet/chelsio/cxgb3/cxgb3_main.c
`-- drivers/net/ethernet/chelsio/cxgb4/cxgb4_main.c
`-- drivers/net/ethernet/chelsio/cxgb4/t4_hw.c
`-- drivers/net/ethernet/chelsio/cxgb4vf/t4vf_hw.c
`-- drivers/net/ethernet/cisco/enic/enic_main.c
`-- drivers/net/ethernet/dec/tulip/de2104x.c
`-- drivers/net/ethernet/dec/tulip/dmfe.c
`-- drivers/net/ethernet/dec/tulip/tulip_core.c
`-- drivers/net/ethernet/dec/tulip/winbond-840.c
`-- drivers/net/ethernet/emulex/benet/be_main.c
`-- drivers/net/ethernet/freescale/fs_enet/mii-bitbang.c
`-- drivers/net/ethernet/hp/hp100.c
`-- drivers/net/ethernet/ibm/emac/core.c
`-- drivers/net/ethernet/ibm/emac/mal.c
`-- drivers/net/ethernet/ibm/ibmveth.c
`-- drivers/net/ethernet/icplus/ipg.c
`-- drivers/net/ethernet/intel/e100.c
`-- drivers/net/ethernet/intel/e1000/e1000_main.c
`-- drivers/net/ethernet/intel/e1000e/netdev.c
`-- drivers/net/ethernet/intel/igb/igb_main.c
`-- drivers/net/ethernet/intel/igbvf/netdev.c
`-- drivers/net/ethernet/intel/ixgbe/ixgbe_main.c
`-- drivers/net/ethernet/intel/ixgbevf/ixgbevf_main.c
`-- drivers/net/ethernet/marvell/skge.c
`-- drivers/net/ethernet/marvell/sky2.c
`-- drivers/net/ethernet/mellanox/mlx4/main.c
`-- drivers/net/ethernet/micrel/ksz884x.c
`-- drivers/net/ethernet/natsemi/macsonic.c
`-- drivers/net/ethernet/natsemi/natsemi.c
`-- drivers/net/ethernet/neterion/s2io.h
`-- drivers/net/ethernet/neterion/vxge/vxge-main.c
`-- drivers/net/ethernet/qlogic/qlcnic/qlcnic_main.c
`-- drivers/net/ethernet/qlogic/qlge/qlge_main.c
`-- drivers/net/ethernet/rdc/r6040.c
`-- drivers/net/ethernet/sgi/ioc3-eth.c
`-- drivers/net/ethernet/silan/sc92031.c
`-- drivers/net/ethernet/sis/sis190.c
`-- drivers/net/ethernet/smsc/epic100.c
`-- drivers/net/ethernet/smsc/smsc911x.c
`-- drivers/net/ethernet/sun/cassini.c
`-- drivers/net/ethernet/sun/niu.c
`-- drivers/net/ethernet/sun/sungem.c
`-- drivers/net/ethernet/sun/sunvnet.c
`-- drivers/net/ethernet/ti/tlan.c
`-- drivers/net/ethernet/toshiba/ps3_gelic_net.c
`-- drivers/net/ethernet/via/via-rhine.c
`-- drivers/net/ethernet/via/via-velocity.c
`-- drivers/net/fddi/defxx.c
`-- drivers/net/hippi/rrunner.c
`-- drivers/net/irda/via-ircc.c
`-- drivers/net/wan/dscc4.c
`-- drivers/net/wan/hd64570.c
`-- drivers/net/wan/hd64572.c
`-- drivers/net/wan/lmc/lmc_main.c
72 source file(s) touched in the new version
`-- drivers/net/can/mscan/mpc5xxx_can.c
`-- drivers/net/can/sja1000/ems_pcmcia.c
`-- drivers/net/can/sja1000/peak_pci.c
`-- drivers/net/can/softing/softing_cs.c
`-- drivers/net/ethernet/3com/3c509.c
`-- drivers/net/ethernet/3com/3c59x.c
`-- drivers/net/ethernet/8390/zorro8390.c
`-- drivers/net/ethernet/alteon/acenic.c
`-- drivers/net/ethernet/amd/hplance.c
`-- drivers/net/ethernet/atheros/atl1c/atl1c_main.c
`-- drivers/net/ethernet/atheros/atl1e/atl1e_main.c
`-- drivers/net/ethernet/atheros/atlx/atl1.c
`-- drivers/net/ethernet/atheros/atlx/atl2.c
`-- drivers/net/ethernet/broadcom/bnx2x/bnx2x_main.c
`-- drivers/net/ethernet/broadcom/tg3.c
`-- drivers/net/ethernet/chelsio/cxgb/cxgb2.c
`-- drivers/net/ethernet/chelsio/cxgb/sge.c
`-- drivers/net/ethernet/chelsio/cxgb/subr.c
`-- drivers/net/ethernet/chelsio/cxgb3/cxgb3_main.c
`-- drivers/net/ethernet/chelsio/cxgb4/cxgb4_main.c
`-- drivers/net/ethernet/chelsio/cxgb4/t4_hw.c
`-- drivers/net/ethernet/chelsio/cxgb4vf/t4vf_hw.c
`-- drivers/net/ethernet/cisco/enic/enic_main.c
`-- drivers/net/ethernet/dec/tulip/de2104x.c
`-- drivers/net/ethernet/dec/tulip/dmfe.c
`-- drivers/net/ethernet/dec/tulip/tulip_core.c
`-- drivers/net/ethernet/dec/tulip/winbond-840.c
`-- drivers/net/ethernet/emulex/benet/be_main.c
`-- drivers/net/ethernet/freescale/fs_enet/mii-bitbang.c
`-- drivers/net/ethernet/hp/hp100.c
`-- drivers/net/ethernet/ibm/emac/core.c
`-- drivers/net/ethernet/ibm/emac/mal.c
`-- drivers/net/ethernet/ibm/ibmveth.c
`-- drivers/net/ethernet/icplus/ipg.c
`-- drivers/net/ethernet/intel/e100.c
`-- drivers/net/ethernet/intel/e1000/e1000_main.c
`-- drivers/net/ethernet/intel/e1000e/netdev.c
`-- drivers/net/ethernet/intel/igb/igb_main.c
`-- drivers/net/ethernet/intel/igbvf/netdev.c
`-- drivers/net/ethernet/intel/ixgbe/ixgbe_main.c
`-- drivers/net/ethernet/intel/ixgbevf/ixgbevf_main.c
`-- drivers/net/ethernet/marvell/skge.c
`-- drivers/net/ethernet/marvell/sky2.c
`-- drivers/net/ethernet/mellanox/mlx4/main.c
`-- drivers/net/ethernet/micrel/ksz884x.c
`-- drivers/net/ethernet/natsemi/macsonic.c
`-- drivers/net/ethernet/natsemi/natsemi.c
`-- drivers/net/ethernet/neterion/s2io.h
`-- drivers/net/ethernet/neterion/vxge/vxge-main.c
`-- drivers/net/ethernet/qlogic/qlcnic/qlcnic_main.c
`-- drivers/net/ethernet/qlogic/qlge/qlge_main.c
`-- drivers/net/ethernet/rdc/r6040.c
`-- drivers/net/ethernet/sgi/ioc3-eth.c
`-- drivers/net/ethernet/silan/sc92031.c
`-- drivers/net/ethernet/sis/sis190.c
`-- drivers/net/ethernet/smsc/epic100.c
`-- drivers/net/ethernet/smsc/smsc911x.c
`-- drivers/net/ethernet/sun/cassini.c
`-- drivers/net/ethernet/sun/niu.c
`-- drivers/net/ethernet/sun/sungem.c
`-- drivers/net/ethernet/sun/sunvnet.c
`-- drivers/net/ethernet/ti/tlan.c
`-- drivers/net/ethernet/toshiba/ps3_gelic_net.c
`-- drivers/net/ethernet/via/via-rhine.c
`-- drivers/net/ethernet/via/via-velocity.c
`-- drivers/net/fddi/defxx.c
`-- drivers/net/hippi/rrunner.c
`-- drivers/net/irda/via-ircc.c
`-- drivers/net/wan/dscc4.c
`-- drivers/net/wan/hd64570.c
`-- drivers/net/wan/hd64572.c
`-- drivers/net/wan/lmc/lmc_main.c
[33mcompile base commit... [0m[33mok (8s)
[0m[33mapply [0m[33m1dd06ae8db71... [0m[33mok (8s)
[0m[33mcompile target commit... [0m[33mok (11s)
[0mPREPARE:
[33m0s
[0mANALYZE:
COCCIGEN:
