BUILD:
[33mbase commit: 1ef761582c07^1
[0m[33mtarget commit: 1ef761582c07
[0m[33mchecking out base commit... [0m[33mok (1s)
[0m[33mformatting diff... [0m[33mok (1s)
[0m9 source file(s) touched in the old version
`-- drivers/net/ethernet/freescale/gianfar_ptp.c
`-- drivers/net/ethernet/intel/igb/igb_ptp.c
`-- drivers/net/ethernet/intel/ixgbe/ixgbe_ptp.c
`-- drivers/net/ethernet/sfc/ptp.c
`-- drivers/net/phy/dp83640.c
`-- drivers/ptp/ptp_clock.c
`-- drivers/ptp/ptp_ixp46x.c
`-- drivers/ptp/ptp_pch.c
`-- include/linux/ptp_clock_kernel.h
9 source file(s) touched in the new version
`-- drivers/net/ethernet/freescale/gianfar_ptp.c
`-- drivers/net/ethernet/intel/igb/igb_ptp.c
`-- drivers/net/ethernet/intel/ixgbe/ixgbe_ptp.c
`-- drivers/net/ethernet/sfc/ptp.c
`-- drivers/net/phy/dp83640.c
`-- drivers/ptp/ptp_clock.c
`-- drivers/ptp/ptp_ixp46x.c
`-- drivers/ptp/ptp_pch.c
`-- include/linux/ptp_clock_kernel.h
[33mcompile base commit... [0m[33mok (6s)
[0m[33mapply [0m[33m1ef761582c07... [0m[33mok (6s)
[0m[33mcompile target commit... [0m[33mok (8s)
[0mPREPARE:
[33m0s
[0mANALYZE:
COCCIGEN:
