BUILD:
[33mbase commit: 22dc13c837c3^1
[0m[33mtarget commit: 22dc13c837c3
[0m[33mchecking out base commit... [0m[33mok (2s)
[0m[33mformatting diff... [0m[33mok (2s)
[0m7 source file(s) touched in the old version
`-- drivers/net/ethernet/intel/ixgbe/ixgbe_main.c
`-- drivers/net/ethernet/mellanox/mlx5/core/en_tc.c
`-- drivers/net/ethernet/mellanox/mlxsw/spectrum.c
`-- include/net/act_api.h
`-- include/net/pkt_cls.h
`-- net/sched/act_api.c
`-- net/sched/cls_api.c
7 source file(s) touched in the new version
`-- drivers/net/ethernet/intel/ixgbe/ixgbe_main.c
`-- drivers/net/ethernet/mellanox/mlx5/core/en_tc.c
`-- drivers/net/ethernet/mellanox/mlxsw/spectrum.c
`-- include/net/act_api.h
`-- include/net/pkt_cls.h
`-- net/sched/act_api.c
`-- net/sched/cls_api.c
[33mcompile base commit... [0m[33mok (41s)
[0m[33mapply [0m[33m22dc13c837c3... [0m[33mok (41s)
[0m[33mcompile target commit... [0m[33mok (56s)
[0mPREPARE:
[33mcollect AST for functions: tcf_action_exec@net_sched_act_api.c,tcf_exts_dump@net_sched_cls_api.c,tcf_exts_exec@include_net_pkt_cls.h,tcf_exts_validate@net_sched_cls_api.c,tcf_exts_init@include_net_pkt_cls.h,parse_tc_fdb_actions@drivers_net_ethernet_mellanox_mlx5_core_en_tc.c,mlxsw_sp_port_add_cls_matchall@drivers_net_ethernet_mellanox_mlxsw_spectrum.c,tcf_exts_is_predicative@include_net_pkt_cls.h,parse_tc_actions@drivers_net_ethernet_intel_ixgbe_ixgbe_main.c,tcf_exts_change@net_sched_cls_api.c,parse_tc_nic_actions@drivers_net_ethernet_mellanox_mlx5_core_en_tc.c,mlx5e_stats_flower@drivers_net_ethernet_mellanox_mlx5_core_en_tc.c,tcf_exts_destroy@net_sched_cls_api.c
[0m[33mTransforming and linking bitcode files...
[0m[33m8s
[0mANALYZE:
COCCIGEN:
