BUILD:
[33mbase commit: 26566eae8051^1
[0m[33mtarget commit: 26566eae8051
[0m[33mchecking out base commit... [0m[33mok (1s)
[0m[33mformatting diff... [0m[33mok (1s)
[0m10 source file(s) touched in the old version
`-- drivers/net/ethernet/intel/e100.c
`-- drivers/net/ethernet/intel/e1000e/netdev.c
`-- drivers/net/ethernet/intel/fm10k/fm10k_pci.c
`-- drivers/net/ethernet/intel/i40e/i40e_main.c
`-- drivers/net/ethernet/intel/i40evf/i40evf_main.c
`-- drivers/net/ethernet/intel/igb/igb_main.c
`-- drivers/net/ethernet/intel/igbvf/netdev.c
`-- drivers/net/ethernet/intel/ixgb/ixgb_main.c
`-- drivers/net/ethernet/intel/ixgbe/ixgbe_main.c
`-- drivers/net/ethernet/intel/ixgbevf/ixgbevf_main.c
10 source file(s) touched in the new version
`-- drivers/net/ethernet/intel/e100.c
`-- drivers/net/ethernet/intel/e1000e/netdev.c
`-- drivers/net/ethernet/intel/fm10k/fm10k_pci.c
`-- drivers/net/ethernet/intel/i40e/i40e_main.c
`-- drivers/net/ethernet/intel/i40evf/i40evf_main.c
`-- drivers/net/ethernet/intel/igb/igb_main.c
`-- drivers/net/ethernet/intel/igbvf/netdev.c
`-- drivers/net/ethernet/intel/ixgb/ixgb_main.c
`-- drivers/net/ethernet/intel/ixgbe/ixgbe_main.c
`-- drivers/net/ethernet/intel/ixgbevf/ixgbevf_main.c
[33mcompile base commit... [0m[33mok (44s)
[0m[33mapply [0m[33m26566eae8051... [0m[33mok (44s)
[0m[33mcompile target commit... [0m[33mok (77s)
[0mPREPARE:
[33mcollect AST for functions: igbvf_probe@drivers_net_ethernet_intel_igbvf_netdev.c,i40e_probe@drivers_net_ethernet_intel_i40e_i40e_main.c,igb_update_phy_info@drivers_net_ethernet_intel_igb_igb_main.c,ixgb_watchdog@drivers_net_ethernet_intel_ixgb_ixgb_main.c,ixgbevf_probe@drivers_net_ethernet_intel_ixgbevf_ixgbevf_main.c,ixgbe_probe@drivers_net_ethernet_intel_ixgbe_ixgbe_main.c,igbvf_watchdog@drivers_net_ethernet_intel_igbvf_netdev.c,e100_watchdog@drivers_net_ethernet_intel_e100.c,i40e_remove@drivers_net_ethernet_intel_i40e_i40e_main.c,i40evf_init_task@drivers_net_ethernet_intel_i40evf_i40evf_main.c,fm10k_probe@drivers_net_ethernet_intel_fm10k_fm10k_pci.c,i40evf_watchdog_timer@drivers_net_ethernet_intel_i40evf_i40evf_main.c,e100_probe@drivers_net_ethernet_intel_e100.c,e1000_update_phy_info@drivers_net_ethernet_intel_e1000e_netdev.c,i40e_service_timer@drivers_net_ethernet_intel_i40e_i40e_main.c,igb_watchdog@drivers_net_ethernet_intel_igb_igb_main.c,fm10k_service_timer@drivers_net_ethernet_intel_fm10k_fm10k_pci.c,ixgbevf_service_timer@drivers_net_ethernet_intel_ixgbevf_ixgbevf_main.c,e1000_watchdog@drivers_net_ethernet_intel_e1000e_netdev.c,ixgb_probe@drivers_net_ethernet_intel_ixgb_ixgb_main.c,e1000_probe@drivers_net_ethernet_intel_e1000e_netdev.c,ixgbe_service_timer@drivers_net_ethernet_intel_ixgbe_ixgbe_main.c,igb_probe@drivers_net_ethernet_intel_igb_igb_main.c
[0m[33mTransforming and linking bitcode files...
[0m[33m8s
[0mANALYZE:
COCCIGEN:
//# pattern-1, witnesses: 2
@@
expression F1;
expression ME0;
expression V2;
@@
- setup_timer(&ME0, F1, V2);
+ timer_setup(&ME0, F1);
//# pattern-12, witnesses: 2
@@
expression F0;
@@
- setup_timer(&adapter->watchdog_timer, &F0, adapter);
+ timer_setup(&adapter->watchdog_timer, F0);
//# pattern-13, witnesses: 2
@@
expression F0;
expression F1;
@@
- setup_timer(&adapter->watchdog_timer, F0, adapter);
- setup_timer(&adapter->phy_info_timer, F1, adapter);
+ timer_setup(&adapter->watchdog_timer, F0);
+ timer_setup(&adapter->phy_info_timer, F1);
//# pattern-16, witnesses: 2
@@
expression F1;
expression V0;
expression V2;
@@
- setup_timer(&V0->service_timer, &F1, V2);
+ timer_setup(&V0->service_timer, F1);
