BUILD:
[33mbase commit: 2b6ab0d3aae6^1
[0m[33mtarget commit: 2b6ab0d3aae6
[0m[33mchecking out base commit... [0m[33mok (2s)
[0m[33mformatting diff... [0m[33mok (2s)
[0m2 source file(s) touched in the old version
`-- drivers/net/ethernet/intel/ixgbe/ixgbe_main.c
`-- include/net/pkt_cls.h
2 source file(s) touched in the new version
`-- drivers/net/ethernet/intel/ixgbe/ixgbe_main.c
`-- include/net/pkt_cls.h
[33mcompile base commit... [0m[33mok (22s)
[0m[33mapply [0m[33m2b6ab0d3aae6... [0m[33mok (22s)
[0m[33mcompile target commit... [0m[33mok (40s)
[0mPREPARE:
[33mcollect AST for functions: __ixgbe_setup_tc@drivers_net_ethernet_intel_ixgbe_ixgbe_main.c,tc_should_offload@include_net_pkt_cls.h
[0m[33mTransforming and linking bitcode files...
[0m[33m5s
[0mANALYZE:
COCCIGEN:
