BUILD:
[33mbase commit: 3db1cd5c05f3^1
[0m[33mtarget commit: 3db1cd5c05f3
[0m[33mchecking out base commit... [0m[33mok (3s)
[0m[33mformatting diff... [0m[33mok (3s)
[0m60 source file(s) touched in the old version
`-- drivers/net/ethernet/broadcom/tg3.c
`-- drivers/net/ethernet/brocade/bna/bnad.c
`-- drivers/net/ethernet/dec/tulip/de4x5.c
`-- drivers/net/ethernet/intel/e1000/e1000_main.c
`-- drivers/net/ethernet/intel/e1000e/netdev.c
`-- drivers/net/ethernet/intel/ixgb/ixgb_main.c
`-- drivers/net/ethernet/intel/ixgbe/ixgbe_common.c
`-- drivers/net/ethernet/intel/ixgbe/ixgbe_main.c
`-- drivers/net/ethernet/intel/ixgbe/ixgbe_phy.c
`-- drivers/net/ethernet/sfc/falcon.c
`-- drivers/net/ethernet/sfc/mtd.c
`-- drivers/net/ethernet/sfc/siena.c
`-- drivers/net/ethernet/tile/tilepro.c
`-- drivers/net/ethernet/xilinx/xilinx_emaclite.c
`-- drivers/net/wimax/i2400m/tx.c
`-- drivers/net/wireless/ath/ath5k/reset.c
`-- drivers/net/wireless/ath/ath6kl/init.c
`-- drivers/net/wireless/ath/ath9k/eeprom_def.c
`-- drivers/net/wireless/ath/ath9k/xmit.c
`-- drivers/net/wireless/b43/dma.c
`-- drivers/net/wireless/b43/leds.c
`-- drivers/net/wireless/b43/lo.c
`-- drivers/net/wireless/b43/main.c
`-- drivers/net/wireless/b43/phy_common.c
`-- drivers/net/wireless/b43/phy_g.c
`-- drivers/net/wireless/b43/phy_lp.c
`-- drivers/net/wireless/b43/phy_n.c
`-- drivers/net/wireless/b43/pio.c
`-- drivers/net/wireless/b43/xmit.c
`-- drivers/net/wireless/b43legacy/dma.c
`-- drivers/net/wireless/b43legacy/leds.c
`-- drivers/net/wireless/b43legacy/main.c
`-- drivers/net/wireless/b43legacy/radio.c
`-- drivers/net/wireless/brcm80211/brcmfmac/dhd_linux.c
`-- drivers/net/wireless/brcm80211/brcmsmac/dma.c
`-- drivers/net/wireless/brcm80211/brcmsmac/mac80211_if.c
`-- drivers/net/wireless/brcm80211/brcmsmac/phy/phy_lcn.c
`-- drivers/net/wireless/iwmc3200wifi/main.c
`-- drivers/net/wireless/iwmc3200wifi/rx.c
`-- drivers/net/wireless/libertas/if_cs.c
`-- drivers/net/wireless/libertas_tf/main.c
`-- drivers/net/wireless/mac80211_hwsim.c
`-- drivers/net/wireless/mwl8k.c
`-- drivers/net/wireless/rtlwifi/base.c
`-- drivers/net/wireless/rtlwifi/pci.c
`-- drivers/net/wireless/rtlwifi/rtl8192ce/sw.c
`-- drivers/net/wireless/rtlwifi/rtl8192cu/hw.c
`-- drivers/net/wireless/rtlwifi/rtl8192cu/sw.c
`-- drivers/net/wireless/rtlwifi/rtl8192de/sw.c
`-- drivers/net/wireless/rtlwifi/rtl8192se/sw.c
`-- net/caif/caif_usb.c
`-- net/dccp/feat.c
`-- net/dccp/options.c
`-- net/ipv4/tcp_timer.c
`-- net/mac80211/rc80211_pid_algo.c
`-- net/mac80211/scan.c
`-- net/netfilter/ipvs/ip_vs_pe_sip.c
`-- net/rfkill/rfkill-regulator.c
`-- net/rxrpc/ar-ack.c
`-- net/rxrpc/ar-output.c
60 source file(s) touched in the new version
`-- drivers/net/ethernet/broadcom/tg3.c
`-- drivers/net/ethernet/brocade/bna/bnad.c
`-- drivers/net/ethernet/dec/tulip/de4x5.c
`-- drivers/net/ethernet/intel/e1000/e1000_main.c
`-- drivers/net/ethernet/intel/e1000e/netdev.c
`-- drivers/net/ethernet/intel/ixgb/ixgb_main.c
`-- drivers/net/ethernet/intel/ixgbe/ixgbe_common.c
`-- drivers/net/ethernet/intel/ixgbe/ixgbe_main.c
`-- drivers/net/ethernet/intel/ixgbe/ixgbe_phy.c
`-- drivers/net/ethernet/sfc/falcon.c
`-- drivers/net/ethernet/sfc/mtd.c
`-- drivers/net/ethernet/sfc/siena.c
`-- drivers/net/ethernet/tile/tilepro.c
`-- drivers/net/ethernet/xilinx/xilinx_emaclite.c
`-- drivers/net/wimax/i2400m/tx.c
`-- drivers/net/wireless/ath/ath5k/reset.c
`-- drivers/net/wireless/ath/ath6kl/init.c
`-- drivers/net/wireless/ath/ath9k/eeprom_def.c
`-- drivers/net/wireless/ath/ath9k/xmit.c
`-- drivers/net/wireless/b43/dma.c
`-- drivers/net/wireless/b43/leds.c
`-- drivers/net/wireless/b43/lo.c
`-- drivers/net/wireless/b43/main.c
`-- drivers/net/wireless/b43/phy_common.c
`-- drivers/net/wireless/b43/phy_g.c
`-- drivers/net/wireless/b43/phy_lp.c
`-- drivers/net/wireless/b43/phy_n.c
`-- drivers/net/wireless/b43/pio.c
`-- drivers/net/wireless/b43/xmit.c
`-- drivers/net/wireless/b43legacy/dma.c
`-- drivers/net/wireless/b43legacy/leds.c
`-- drivers/net/wireless/b43legacy/main.c
`-- drivers/net/wireless/b43legacy/radio.c
`-- drivers/net/wireless/brcm80211/brcmfmac/dhd_linux.c
`-- drivers/net/wireless/brcm80211/brcmsmac/dma.c
`-- drivers/net/wireless/brcm80211/brcmsmac/mac80211_if.c
`-- drivers/net/wireless/brcm80211/brcmsmac/phy/phy_lcn.c
`-- drivers/net/wireless/iwmc3200wifi/main.c
`-- drivers/net/wireless/iwmc3200wifi/rx.c
`-- drivers/net/wireless/libertas/if_cs.c
`-- drivers/net/wireless/libertas_tf/main.c
`-- drivers/net/wireless/mac80211_hwsim.c
`-- drivers/net/wireless/mwl8k.c
`-- drivers/net/wireless/rtlwifi/base.c
`-- drivers/net/wireless/rtlwifi/pci.c
`-- drivers/net/wireless/rtlwifi/rtl8192ce/sw.c
`-- drivers/net/wireless/rtlwifi/rtl8192cu/hw.c
`-- drivers/net/wireless/rtlwifi/rtl8192cu/sw.c
`-- drivers/net/wireless/rtlwifi/rtl8192de/sw.c
`-- drivers/net/wireless/rtlwifi/rtl8192se/sw.c
`-- net/caif/caif_usb.c
`-- net/dccp/feat.c
`-- net/dccp/options.c
`-- net/ipv4/tcp_timer.c
`-- net/mac80211/rc80211_pid_algo.c
`-- net/mac80211/scan.c
`-- net/netfilter/ipvs/ip_vs_pe_sip.c
`-- net/rfkill/rfkill-regulator.c
`-- net/rxrpc/ar-ack.c
`-- net/rxrpc/ar-output.c
[33mcompile base commit... [0m[33mok (8s)
[0m[33mapply [0m[33m3db1cd5c05f3... [0m[33mok (8s)
[0m[33mcompile target commit... [0m[33mok (11s)
[0mPREPARE:
[33m0s
[0mANALYZE:
COCCIGEN:
