BUILD:
[33mbase commit: 3f207800a998^1
[0m[33mtarget commit: 3f207800a998
[0m[33mchecking out base commit... [0m[33mok (2s)
[0m[33mformatting diff... [0m[33mok (2s)
[0m3 source file(s) touched in the old version
`-- drivers/net/ethernet/intel/ixgbe/ixgbe.h
`-- drivers/net/ethernet/intel/ixgbe/ixgbe_main.c
`-- drivers/net/ethernet/intel/ixgbe/ixgbe_type.h
3 source file(s) touched in the new version
`-- drivers/net/ethernet/intel/ixgbe/ixgbe.h
`-- drivers/net/ethernet/intel/ixgbe/ixgbe_main.c
`-- drivers/net/ethernet/intel/ixgbe/ixgbe_type.h
[33mcompile base commit... [0m[33mok (19s)
[0m[33mapply [0m[33m3f207800a998... [0m[33mok (19s)
[0m[33mcompile target commit... [0m[33mok (36s)
[0mPREPARE:
[33mcollect AST for functions: ixgbe_netdev_ops@drivers_net_ethernet_intel_ixgbe_ixgbe_main.c,ixgbe_open@drivers_net_ethernet_intel_ixgbe_ixgbe_main.c,ixgbe_rx_checksum@drivers_net_ethernet_intel_ixgbe_ixgbe_main.c,ixgbe_probe@drivers_net_ethernet_intel_ixgbe_ixgbe_main.c
[0m[33mTransforming and linking bitcode files...
[0m[33m3s
[0mANALYZE:
COCCIGEN:
