BUILD:
[33mbase commit: 42b17f095501^1
[0m[33mtarget commit: 42b17f095501
[0m[33mchecking out base commit... [0m[33mok (1s)
[0m[33mformatting diff... [0m[33mok (1s)
[0m3 source file(s) touched in the old version
`-- drivers/net/ethernet/intel/fm10k/fm10k_main.c
`-- drivers/net/ethernet/intel/igb/igb_main.c
`-- drivers/net/ethernet/intel/ixgbe/ixgbe_main.c
3 source file(s) touched in the new version
`-- drivers/net/ethernet/intel/fm10k/fm10k_main.c
`-- drivers/net/ethernet/intel/igb/igb_main.c
`-- drivers/net/ethernet/intel/ixgbe/ixgbe_main.c
[33mcompile base commit... [0m[33mok (17s)
[0m[33mapply [0m[33m42b17f095501... [0m[33mok (17s)
[0m[33mcompile target commit... [0m[33mok (30s)
[0mPREPARE:
[33mcollect AST for functions: fm10k_alloc_mapped_page@drivers_net_ethernet_intel_fm10k_fm10k_main.c,ixgbe_alloc_mapped_page@drivers_net_ethernet_intel_ixgbe_ixgbe_main.c,igb_alloc_mapped_page@drivers_net_ethernet_intel_igb_igb_main.c
[0m[33mTransforming and linking bitcode files...
[0m[33m4s
[0mANALYZE:
COCCIGEN:
