BUILD:
[33mbase commit: 46acc460c07b^1
[0m[33mtarget commit: 46acc460c07b
[0m[33mchecking out base commit... [0m[33mok (2s)
[0m[33mformatting diff... [0m[33mok (2s)
[0m6 source file(s) touched in the old version
`-- drivers/net/ethernet/intel/ixgbe/ixgbe_main.c
`-- drivers/net/ethernet/intel/ixgbevf/ixgbevf_main.c
`-- drivers/net/ethernet/intel/ixgbevf/vf.c
`-- include/linux/etherdevice.h
`-- net/bridge/br_input.c
`-- net/bridge/br_sysfs_br.c
6 source file(s) touched in the new version
`-- drivers/net/ethernet/intel/ixgbe/ixgbe_main.c
`-- drivers/net/ethernet/intel/ixgbevf/ixgbevf_main.c
`-- drivers/net/ethernet/intel/ixgbevf/vf.c
`-- include/linux/etherdevice.h
`-- net/bridge/br_input.c
`-- net/bridge/br_sysfs_br.c
[33mcompile base commit... [0m[33mok (7s)
[0m[33mapply [0m[33m46acc460c07b... [0m[33mok (7s)
[0m[33mcompile target commit... [0m[33mok (10s)
[0mPREPARE:
[33m0s
[0mANALYZE:
COCCIGEN:
