BUILD:
[33mbase commit: 473e64ee4603^1
[0m[33mtarget commit: 473e64ee4603
[0m[33mchecking out base commit... [0m[33mok (2s)
[0m[33mformatting diff... [0m[33mok (2s)
[0m4 source file(s) touched in the old version
`-- drivers/net/ethernet/freescale/gianfar_ethtool.c
`-- drivers/net/ethernet/intel/ixgbe/ixgbe_ethtool.c
`-- drivers/net/ethernet/sun/niu.c
`-- include/linux/ethtool.h
4 source file(s) touched in the new version
`-- drivers/net/ethernet/freescale/gianfar_ethtool.c
`-- drivers/net/ethernet/intel/ixgbe/ixgbe_ethtool.c
`-- drivers/net/ethernet/sun/niu.c
`-- include/linux/ethtool.h
[33mcompile base commit... [0m[33mok (5s)
[0m[33mapply [0m[33m473e64ee4603... [0m[33mok (5s)
[0m[33mcompile target commit... [0m[33mok (7s)
[0mPREPARE:
[33m0s
[0mANALYZE:
COCCIGEN:
