BUILD:
[33mbase commit: 47ea0325337b^1
[0m[33mtarget commit: 47ea0325337b
[0m[33mchecking out base commit... [0m[33mok (1s)
[0m[33mformatting diff... [0m[33mok (1s)
[0m50 source file(s) touched in the old version
`-- drivers/infiniband/hw/nes/nes_nic.c
`-- drivers/net/ethernet/aeroflex/greth.c
`-- drivers/net/ethernet/amd/au1000_eth.c
`-- drivers/net/ethernet/amd/xgbe/xgbe-ethtool.c
`-- drivers/net/ethernet/atheros/atl1c/atl1c_ethtool.c
`-- drivers/net/ethernet/atheros/atl1e/atl1e_ethtool.c
`-- drivers/net/ethernet/atheros/atlx/atl1.c
`-- drivers/net/ethernet/atheros/atlx/atl2.c
`-- drivers/net/ethernet/broadcom/bcm63xx_enet.c
`-- drivers/net/ethernet/broadcom/bcmsysport.c
`-- drivers/net/ethernet/broadcom/bnx2x/bnx2x_ethtool.c
`-- drivers/net/ethernet/broadcom/genet/bcmgenet.c
`-- drivers/net/ethernet/cavium/liquidio/lio_ethtool.c
`-- drivers/net/ethernet/dec/tulip/de2104x.c
`-- drivers/net/ethernet/emulex/benet/be_ethtool.c
`-- drivers/net/ethernet/freescale/gianfar_ethtool.c
`-- drivers/net/ethernet/freescale/ucc_geth_ethtool.c
`-- drivers/net/ethernet/hisilicon/hns/hns_ethtool.c
`-- drivers/net/ethernet/ibm/emac/core.c
`-- drivers/net/ethernet/intel/e1000/e1000_ethtool.c
`-- drivers/net/ethernet/intel/e1000e/ethtool.c
`-- drivers/net/ethernet/intel/fm10k/fm10k_ethtool.c
`-- drivers/net/ethernet/intel/i40e/i40e_ethtool.c
`-- drivers/net/ethernet/intel/igb/igb_ethtool.c
`-- drivers/net/ethernet/intel/igbvf/ethtool.c
`-- drivers/net/ethernet/intel/ixgb/ixgb_ethtool.c
`-- drivers/net/ethernet/intel/ixgbe/ixgbe_ethtool.c
`-- drivers/net/ethernet/marvell/mv643xx_eth.c
`-- drivers/net/ethernet/mellanox/mlx4/en_ethtool.c
`-- drivers/net/ethernet/neterion/s2io.c
`-- drivers/net/ethernet/neterion/vxge/vxge-ethtool.c
`-- drivers/net/ethernet/octeon/octeon_mgmt.c
`-- drivers/net/ethernet/oki-semi/pch_gbe/pch_gbe_ethtool.c
`-- drivers/net/ethernet/qlogic/netxen/netxen_nic_ethtool.c
`-- drivers/net/ethernet/qlogic/qla3xxx.c
`-- drivers/net/ethernet/qlogic/qlge/qlge_ethtool.c
`-- drivers/net/ethernet/realtek/8139too.c
`-- drivers/net/ethernet/sun/cassini.c
`-- drivers/net/ethernet/tehuti/tehuti.c
`-- drivers/net/ethernet/ti/cpmac.c
`-- drivers/net/ethernet/ti/cpsw.c
`-- drivers/net/ethernet/ti/tlan.c
`-- drivers/net/ethernet/xilinx/xilinx_axienet_main.c
`-- drivers/net/fjes/fjes_ethtool.c
`-- drivers/net/usb/asix_common.c
`-- drivers/net/usb/dm9601.c
`-- drivers/net/usb/mcs7830.c
`-- drivers/net/usb/sr9800.c
`-- drivers/net/vmxnet3/vmxnet3_ethtool.c
`-- drivers/net/wireless/ipw2x00/ipw2200.c
50 source file(s) touched in the new version
`-- drivers/infiniband/hw/nes/nes_nic.c
`-- drivers/net/ethernet/aeroflex/greth.c
`-- drivers/net/ethernet/amd/au1000_eth.c
`-- drivers/net/ethernet/amd/xgbe/xgbe-ethtool.c
`-- drivers/net/ethernet/atheros/atl1c/atl1c_ethtool.c
`-- drivers/net/ethernet/atheros/atl1e/atl1e_ethtool.c
`-- drivers/net/ethernet/atheros/atlx/atl1.c
`-- drivers/net/ethernet/atheros/atlx/atl2.c
`-- drivers/net/ethernet/broadcom/bcm63xx_enet.c
`-- drivers/net/ethernet/broadcom/bcmsysport.c
`-- drivers/net/ethernet/broadcom/bnx2x/bnx2x_ethtool.c
`-- drivers/net/ethernet/broadcom/genet/bcmgenet.c
`-- drivers/net/ethernet/cavium/liquidio/lio_ethtool.c
`-- drivers/net/ethernet/dec/tulip/de2104x.c
`-- drivers/net/ethernet/emulex/benet/be_ethtool.c
`-- drivers/net/ethernet/freescale/gianfar_ethtool.c
`-- drivers/net/ethernet/freescale/ucc_geth_ethtool.c
`-- drivers/net/ethernet/hisilicon/hns/hns_ethtool.c
`-- drivers/net/ethernet/ibm/emac/core.c
`-- drivers/net/ethernet/intel/e1000/e1000_ethtool.c
`-- drivers/net/ethernet/intel/e1000e/ethtool.c
`-- drivers/net/ethernet/intel/fm10k/fm10k_ethtool.c
`-- drivers/net/ethernet/intel/i40e/i40e_ethtool.c
`-- drivers/net/ethernet/intel/igb/igb_ethtool.c
`-- drivers/net/ethernet/intel/igbvf/ethtool.c
`-- drivers/net/ethernet/intel/ixgb/ixgb_ethtool.c
`-- drivers/net/ethernet/intel/ixgbe/ixgbe_ethtool.c
`-- drivers/net/ethernet/marvell/mv643xx_eth.c
`-- drivers/net/ethernet/mellanox/mlx4/en_ethtool.c
`-- drivers/net/ethernet/neterion/s2io.c
`-- drivers/net/ethernet/neterion/vxge/vxge-ethtool.c
`-- drivers/net/ethernet/octeon/octeon_mgmt.c
`-- drivers/net/ethernet/oki-semi/pch_gbe/pch_gbe_ethtool.c
`-- drivers/net/ethernet/qlogic/netxen/netxen_nic_ethtool.c
`-- drivers/net/ethernet/qlogic/qla3xxx.c
`-- drivers/net/ethernet/qlogic/qlge/qlge_ethtool.c
`-- drivers/net/ethernet/realtek/8139too.c
`-- drivers/net/ethernet/sun/cassini.c
`-- drivers/net/ethernet/tehuti/tehuti.c
`-- drivers/net/ethernet/ti/cpmac.c
`-- drivers/net/ethernet/ti/cpsw.c
`-- drivers/net/ethernet/ti/tlan.c
`-- drivers/net/ethernet/xilinx/xilinx_axienet_main.c
`-- drivers/net/fjes/fjes_ethtool.c
`-- drivers/net/usb/asix_common.c
`-- drivers/net/usb/dm9601.c
`-- drivers/net/usb/mcs7830.c
`-- drivers/net/usb/sr9800.c
`-- drivers/net/vmxnet3/vmxnet3_ethtool.c
`-- drivers/net/wireless/ipw2x00/ipw2200.c
[33mcompile base commit... [0m[33mok (80s)
[0m[33mapply [0m[33m47ea0325337b... [0m[33mok (81s)
[0m[33mcompile target commit... [0m[33mok (153s)
[0mPREPARE:
[33mcollect AST for functions: atl1c_get_drvinfo@drivers_net_ethernet_atheros_atl1c_atl1c_ethtool.c,bnx2x_get_drvinfo@drivers_net_ethernet_broadcom_bnx2x_bnx2x_ethtool.c,e1000_get_drvinfo@drivers_net_ethernet_intel_e1000e_ethtool.c,nes_netdev_get_drvinfo@drivers_infiniband_hw_nes_nes_nic.c,octeon_mgmt_get_drvinfo@drivers_net_ethernet_octeon_octeon_mgmt.c,emac_ethtool_get_drvinfo@drivers_net_ethernet_ibm_emac_core.c,s2io_ethtool_gdrvinfo@drivers_net_ethernet_neterion_s2io.c,atl2_get_drvinfo@drivers_net_ethernet_atheros_atlx_atl2.c,i40e_get_drvinfo@drivers_net_ethernet_intel_i40e_i40e_ethtool.c,bcmgenet_get_drvinfo@drivers_net_ethernet_broadcom_genet_bcmgenet.c,ql_get_drvinfo@drivers_net_ethernet_qlogic_qlge_qlge_ethtool.c,ixgbe_get_drvinfo@drivers_net_ethernet_intel_ixgbe_ixgbe_ethtool.c,atl1_get_drvinfo@drivers_net_ethernet_atheros_atlx_atl1.c,uec_get_drvinfo@drivers_net_ethernet_freescale_ucc_geth_ethtool.c,de_get_drvinfo@drivers_net_ethernet_dec_tulip_de2104x.c,cpmac_get_drvinfo@drivers_net_ethernet_ti_cpmac.c,vxge_ethtool_gdrvinfo@drivers_net_ethernet_neterion_vxge_vxge-ethtool.c,ql_get_drvinfo@drivers_net_ethernet_qlogic_qla3xxx.c,atl1e_get_drvinfo@drivers_net_ethernet_atheros_atl1e_atl1e_ethtool.c,pch_gbe_get_drvinfo@drivers_net_ethernet_oki-semi_pch_gbe_pch_gbe_ethtool.c,bcm_sysport_get_drvinfo@drivers_net_ethernet_broadcom_bcmsysport.c,igb_get_drvinfo@drivers_net_ethernet_intel_igb_igb_ethtool.c,bcm_enet_get_drvinfo@drivers_net_ethernet_broadcom_bcm63xx_enet.c,bdx_get_drvinfo@drivers_net_ethernet_tehuti_tehuti.c,gfar_gdrvinfo@drivers_net_ethernet_freescale_gianfar_ethtool.c,e1000_get_drvinfo@drivers_net_ethernet_intel_e1000_e1000_ethtool.c,greth_get_drvinfo@drivers_net_ethernet_aeroflex_greth.c,rtl8139_get_drvinfo@drivers_net_ethernet_realtek_8139too.c,au1000_get_drvinfo@drivers_net_ethernet_amd_au1000_eth.c,netxen_nic_get_drvinfo@drivers_net_ethernet_qlogic_netxen_netxen_nic_ethtool.c,lio_get_drvinfo@drivers_net_ethernet_cavium_liquidio_lio_ethtool.c,xgbe_get_drvinfo@drivers_net_ethernet_amd_xgbe_xgbe-ethtool.c,hns_nic_get_drvinfo@drivers_net_ethernet_hisilicon_hns_hns_ethtool.c,mlx4_en_get_drvinfo@drivers_net_ethernet_mellanox_mlx4_en_ethtool.c,fm10k_get_drvinfo@drivers_net_ethernet_intel_fm10k_fm10k_ethtool.c,be_get_drvinfo@drivers_net_ethernet_emulex_benet_be_ethtool.c,cas_get_drvinfo@drivers_net_ethernet_sun_cassini.c,bcm_enetsw_get_drvinfo@drivers_net_ethernet_broadcom_bcm63xx_enet.c,mv643xx_eth_get_drvinfo@drivers_net_ethernet_marvell_mv643xx_eth.c,ixgb_get_drvinfo@drivers_net_ethernet_intel_ixgb_ixgb_ethtool.c,igbvf_get_drvinfo@drivers_net_ethernet_intel_igbvf_ethtool.c
[0m[33mTransforming and linking bitcode files...
[0m[33m11s
[0mANALYZE:
COCCIGEN:
//# pattern-1, witnesses: 24
@r0@
identifier i, fn;
@@
struct ethtool_ops i = {
    .get_drvinfo = fn,
};
@@
expression E0;
identifier drvinfo;
identifier netdev;
identifier r0.fn;
@@
 void fn(struct net_device * netdev, struct ethtool_drvinfo * drvinfo)
 {
     <...
- drvinfo->regdump_len = E0;
     ...>
 }
//# pattern-2, witnesses: 21
@@
expression E0;
identifier drvinfo;
identifier fn;
identifier netdev;
@@
 void fn(struct net_device * netdev, struct ethtool_drvinfo * drvinfo)
 {
     <...
- drvinfo->eedump_len = E0;
     ...>
 }
//# pattern-4, witnesses: 17
@@
expression E0;
identifier drvinfo;
identifier fn;
identifier netdev;
@@
 void fn(struct net_device * netdev, struct ethtool_drvinfo * drvinfo)
 {
     <...
- drvinfo->n_stats = E0;
     ...>
 }
//# pattern-3, witnesses: 10
@r1@
identifier i, fn;
@@
struct ethtool_ops i = {
    .get_drvinfo = fn,
};
@@
expression E0;
identifier drvinfo;
identifier netdev;
identifier r1.fn;
@@
 void fn(struct net_device * netdev, struct ethtool_drvinfo * drvinfo)
 {
     <...
- drvinfo->testinfo_len = E0;
     ...>
 }
