BUILD:
[33mbase commit: 4df864c1d9af^1
[0m[33mtarget commit: 4df864c1d9af
[0m[33mchecking out base commit... [0m[33mok (2s)
[0m[33mformatting diff... [0m[33mok (2s)
[0m145 source file(s) touched in the old version
`-- drivers/atm/atmtcp.c
`-- drivers/atm/solos-pci.c
`-- drivers/bluetooth/bluecard_cs.c
`-- drivers/bluetooth/bt3c_cs.c
`-- drivers/bluetooth/btmrvl_main.c
`-- drivers/bluetooth/btuart_cs.c
`-- drivers/bluetooth/btusb.c
`-- drivers/bluetooth/dtl1_cs.c
`-- drivers/bluetooth/hci_bcm.c
`-- drivers/bluetooth/hci_intel.c
`-- drivers/bluetooth/hci_ll.c
`-- drivers/bluetooth/hci_nokia.c
`-- drivers/bluetooth/hci_qca.c
`-- drivers/bluetooth/hci_vhci.c
`-- drivers/crypto/chelsio/chcr_algo.c
`-- drivers/infiniband/core/addr.c
`-- drivers/infiniband/core/sa_query.c
`-- drivers/infiniband/hw/cxgb3/cxio_hal.c
`-- drivers/infiniband/hw/cxgb3/iwch_cm.c
`-- drivers/infiniband/hw/cxgb4/cm.c
`-- drivers/infiniband/hw/cxgb4/cq.c
`-- drivers/infiniband/hw/cxgb4/mem.c
`-- drivers/infiniband/hw/cxgb4/qp.c
`-- drivers/isdn/capi/capi.c
`-- drivers/isdn/gigaset/asyncdata.c
`-- drivers/isdn/gigaset/isocdata.c
`-- drivers/isdn/i4l/isdn_audio.c
`-- drivers/isdn/i4l/isdn_bsdcomp.c
`-- drivers/isdn/i4l/isdn_x25iface.c
`-- drivers/media/dvb-core/dvb_net.c
`-- drivers/media/radio/wl128x/fmdrv_common.c
`-- drivers/net/bonding/bond_3ad.c
`-- drivers/net/can/dev.c
`-- drivers/net/ethernet/allwinner/sun4i-emac.c
`-- drivers/net/ethernet/chelsio/cxgb3/cxgb3_main.c
`-- drivers/net/ethernet/chelsio/cxgb3/cxgb3_offload.c
`-- drivers/net/ethernet/chelsio/cxgb3/l2t.c
`-- drivers/net/ethernet/chelsio/cxgb4/cxgb4_filter.c
`-- drivers/net/ethernet/chelsio/cxgb4/cxgb4_main.c
`-- drivers/net/ethernet/chelsio/cxgb4/l2t.c
`-- drivers/net/ethernet/chelsio/libcxgb/libcxgb_cm.h
`-- drivers/net/ethernet/davicom/dm9000.c
`-- drivers/net/ethernet/dnet.c
`-- drivers/net/ethernet/hp/hp100.c
`-- drivers/net/ethernet/intel/i40e/i40e_fcoe.c
`-- drivers/net/ethernet/intel/ixgbe/ixgbe_fcoe.c
`-- drivers/net/ethernet/mellanox/mlx4/en_selftest.c
`-- drivers/net/ethernet/mellanox/mlx5/core/en_selftest.c
`-- drivers/net/ethernet/micrel/ks8842.c
`-- drivers/net/ethernet/sfc/falcon/selftest.c
`-- drivers/net/ethernet/sfc/selftest.c
`-- drivers/net/hamradio/scc.c
`-- drivers/net/ppp/pppoe.c
`-- drivers/net/usb/cdc_ncm.c
`-- drivers/net/usb/net1080.c
`-- drivers/net/usb/zaurus.c
`-- drivers/net/wan/hdlc_ppp.c
`-- drivers/net/wireless/ath/ath6kl/debug.c
`-- drivers/net/wireless/ath/ath6kl/htc_pipe.c
`-- drivers/net/wireless/ath/ath9k/htc_hst.c
`-- drivers/net/wireless/ath/wil6210/wmi.c
`-- drivers/net/wireless/cisco/airo.c
`-- drivers/net/wireless/intel/ipw2x00/ipw2200.c
`-- drivers/net/wireless/intel/ipw2x00/libipw_tx.c
`-- drivers/net/wireless/intersil/hostap/hostap_ap.c
`-- drivers/net/wireless/intersil/p54/fwio.c
`-- drivers/net/wireless/mac80211_hwsim.c
`-- drivers/net/wireless/marvell/mwifiex/11n_aggr.c
`-- drivers/net/wireless/marvell/mwifiex/tdls.c
`-- drivers/net/wireless/quantenna/qtnfmac/qlink_util.h
`-- drivers/net/wireless/ralink/rt2x00/rt2x00debug.c
`-- drivers/net/wireless/realtek/rtlwifi/rtl8192se/fw.c
`-- drivers/nfc/fdp/i2c.c
`-- drivers/nfc/microread/i2c.c
`-- drivers/nfc/microread/microread.c
`-- drivers/nfc/nfcmrvl/fw_dnld.c
`-- drivers/nfc/pn533/pn533.c
`-- drivers/nfc/pn544/i2c.c
`-- drivers/nfc/port100.c
`-- drivers/nfc/st21nfca/i2c.c
`-- drivers/nfc/st95hf/core.c
`-- drivers/scsi/bnx2fc/bnx2fc_fcoe.c
`-- drivers/scsi/fcoe/fcoe.c
`-- drivers/scsi/qedf/qedf_main.c
`-- drivers/staging/rtl8192e/rtl819x_BAProc.c
`-- drivers/staging/rtl8192e/rtllib_softmac.c
`-- drivers/staging/rtl8192u/ieee80211/ieee80211_softmac.c
`-- drivers/staging/rtl8192u/ieee80211/rtl819x_BAProc.c
`-- drivers/target/iscsi/cxgbit/cxgbit_cm.c
`-- drivers/target/iscsi/cxgbit/cxgbit_ddp.c
`-- drivers/usb/gadget/function/f_ncm.c
`-- include/linux/skbuff.h
`-- lib/nlattr.c
`-- net/802/garp.c
`-- net/802/mrp.c
`-- net/appletalk/ddp.c
`-- net/atm/clip.c
`-- net/batman-adv/icmp_socket.c
`-- net/batman-adv/tp_meter.c
`-- net/bluetooth/hci_request.c
`-- net/bluetooth/hci_sock.c
`-- net/bluetooth/hidp/core.c
`-- net/bluetooth/l2cap_core.c
`-- net/bluetooth/mgmt_util.c
`-- net/bluetooth/rfcomm/core.c
`-- net/core/pktgen.c
`-- net/core/skbuff.c
`-- net/decnet/dn_dev.c
`-- net/decnet/dn_nsp_out.c
`-- net/ipv4/arp.c
`-- net/ipv4/igmp.c
`-- net/ipv4/ipmr.c
`-- net/ipv4/netfilter/ipt_SYNPROXY.c
`-- net/ipv4/netfilter/nf_reject_ipv4.c
`-- net/ipv6/mcast.c
`-- net/ipv6/ndisc.c
`-- net/ipv6/netfilter/ip6t_SYNPROXY.c
`-- net/ipv6/netfilter/nf_reject_ipv6.c
`-- net/irda/irlap_frame.c
`-- net/key/af_key.c
`-- net/mac80211/cfg.c
`-- net/mac80211/ht.c
`-- net/mac80211/mesh.c
`-- net/mac80211/mesh_ps.c
`-- net/mac80211/sta_info.c
`-- net/mac80211/tdls.c
`-- net/mac80211/tx.c
`-- net/mac80211/wpa.c
`-- net/netfilter/nfnetlink_log.c
`-- net/netfilter/nfnetlink_queue.c
`-- net/netlink/af_netlink.c
`-- net/nfc/digital_core.c
`-- net/nfc/digital_dep.c
`-- net/nfc/digital_technology.c
`-- net/nfc/hci/core.c
`-- net/nfc/hci/llc_shdlc.c
`-- net/nfc/nci/core.c
`-- net/nfc/nci/hci.c
`-- net/nfc/nci/spi.c
`-- net/nfc/nci/uart.c
`-- net/psample/psample.c
`-- net/qrtr/qrtr.c
`-- net/sctp/sm_make_chunk.c
`-- net/sctp/ulpevent.c
`-- net/vmw_vsock/virtio_transport_common.c
145 source file(s) touched in the new version
`-- drivers/atm/atmtcp.c
`-- drivers/atm/solos-pci.c
`-- drivers/bluetooth/bluecard_cs.c
`-- drivers/bluetooth/bt3c_cs.c
`-- drivers/bluetooth/btmrvl_main.c
`-- drivers/bluetooth/btuart_cs.c
`-- drivers/bluetooth/btusb.c
`-- drivers/bluetooth/dtl1_cs.c
`-- drivers/bluetooth/hci_bcm.c
`-- drivers/bluetooth/hci_intel.c
`-- drivers/bluetooth/hci_ll.c
`-- drivers/bluetooth/hci_nokia.c
`-- drivers/bluetooth/hci_qca.c
`-- drivers/bluetooth/hci_vhci.c
`-- drivers/crypto/chelsio/chcr_algo.c
`-- drivers/infiniband/core/addr.c
`-- drivers/infiniband/core/sa_query.c
`-- drivers/infiniband/hw/cxgb3/cxio_hal.c
`-- drivers/infiniband/hw/cxgb3/iwch_cm.c
`-- drivers/infiniband/hw/cxgb4/cm.c
`-- drivers/infiniband/hw/cxgb4/cq.c
`-- drivers/infiniband/hw/cxgb4/mem.c
`-- drivers/infiniband/hw/cxgb4/qp.c
`-- drivers/isdn/capi/capi.c
`-- drivers/isdn/gigaset/asyncdata.c
`-- drivers/isdn/gigaset/isocdata.c
`-- drivers/isdn/i4l/isdn_audio.c
`-- drivers/isdn/i4l/isdn_bsdcomp.c
`-- drivers/isdn/i4l/isdn_x25iface.c
`-- drivers/media/dvb-core/dvb_net.c
`-- drivers/media/radio/wl128x/fmdrv_common.c
`-- drivers/net/bonding/bond_3ad.c
`-- drivers/net/can/dev.c
`-- drivers/net/ethernet/allwinner/sun4i-emac.c
`-- drivers/net/ethernet/chelsio/cxgb3/cxgb3_main.c
`-- drivers/net/ethernet/chelsio/cxgb3/cxgb3_offload.c
`-- drivers/net/ethernet/chelsio/cxgb3/l2t.c
`-- drivers/net/ethernet/chelsio/cxgb4/cxgb4_filter.c
`-- drivers/net/ethernet/chelsio/cxgb4/cxgb4_main.c
`-- drivers/net/ethernet/chelsio/cxgb4/l2t.c
`-- drivers/net/ethernet/chelsio/libcxgb/libcxgb_cm.h
`-- drivers/net/ethernet/davicom/dm9000.c
`-- drivers/net/ethernet/dnet.c
`-- drivers/net/ethernet/hp/hp100.c
`-- drivers/net/ethernet/intel/i40e/i40e_fcoe.c
`-- drivers/net/ethernet/intel/ixgbe/ixgbe_fcoe.c
`-- drivers/net/ethernet/mellanox/mlx4/en_selftest.c
`-- drivers/net/ethernet/mellanox/mlx5/core/en_selftest.c
`-- drivers/net/ethernet/micrel/ks8842.c
`-- drivers/net/ethernet/sfc/falcon/selftest.c
`-- drivers/net/ethernet/sfc/selftest.c
`-- drivers/net/hamradio/scc.c
`-- drivers/net/ppp/pppoe.c
`-- drivers/net/usb/cdc_ncm.c
`-- drivers/net/usb/net1080.c
`-- drivers/net/usb/zaurus.c
`-- drivers/net/wan/hdlc_ppp.c
`-- drivers/net/wireless/ath/ath6kl/debug.c
`-- drivers/net/wireless/ath/ath6kl/htc_pipe.c
`-- drivers/net/wireless/ath/ath9k/htc_hst.c
`-- drivers/net/wireless/ath/wil6210/wmi.c
`-- drivers/net/wireless/cisco/airo.c
`-- drivers/net/wireless/intel/ipw2x00/ipw2200.c
`-- drivers/net/wireless/intel/ipw2x00/libipw_tx.c
`-- drivers/net/wireless/intersil/hostap/hostap_ap.c
`-- drivers/net/wireless/intersil/p54/fwio.c
`-- drivers/net/wireless/mac80211_hwsim.c
`-- drivers/net/wireless/marvell/mwifiex/11n_aggr.c
`-- drivers/net/wireless/marvell/mwifiex/tdls.c
`-- drivers/net/wireless/quantenna/qtnfmac/qlink_util.h
`-- drivers/net/wireless/ralink/rt2x00/rt2x00debug.c
`-- drivers/net/wireless/realtek/rtlwifi/rtl8192se/fw.c
`-- drivers/nfc/fdp/i2c.c
`-- drivers/nfc/microread/i2c.c
`-- drivers/nfc/microread/microread.c
`-- drivers/nfc/nfcmrvl/fw_dnld.c
`-- drivers/nfc/pn533/pn533.c
`-- drivers/nfc/pn544/i2c.c
`-- drivers/nfc/port100.c
`-- drivers/nfc/st21nfca/i2c.c
`-- drivers/nfc/st95hf/core.c
`-- drivers/scsi/bnx2fc/bnx2fc_fcoe.c
`-- drivers/scsi/fcoe/fcoe.c
`-- drivers/scsi/qedf/qedf_main.c
`-- drivers/staging/rtl8192e/rtl819x_BAProc.c
`-- drivers/staging/rtl8192e/rtllib_softmac.c
`-- drivers/staging/rtl8192u/ieee80211/ieee80211_softmac.c
`-- drivers/staging/rtl8192u/ieee80211/rtl819x_BAProc.c
`-- drivers/target/iscsi/cxgbit/cxgbit_cm.c
`-- drivers/target/iscsi/cxgbit/cxgbit_ddp.c
`-- drivers/usb/gadget/function/f_ncm.c
`-- include/linux/skbuff.h
`-- lib/nlattr.c
`-- net/802/garp.c
`-- net/802/mrp.c
`-- net/appletalk/ddp.c
`-- net/atm/clip.c
`-- net/batman-adv/icmp_socket.c
`-- net/batman-adv/tp_meter.c
`-- net/bluetooth/hci_request.c
`-- net/bluetooth/hci_sock.c
`-- net/bluetooth/hidp/core.c
`-- net/bluetooth/l2cap_core.c
`-- net/bluetooth/mgmt_util.c
`-- net/bluetooth/rfcomm/core.c
`-- net/core/pktgen.c
`-- net/core/skbuff.c
`-- net/decnet/dn_dev.c
`-- net/decnet/dn_nsp_out.c
`-- net/ipv4/arp.c
`-- net/ipv4/igmp.c
`-- net/ipv4/ipmr.c
`-- net/ipv4/netfilter/ipt_SYNPROXY.c
`-- net/ipv4/netfilter/nf_reject_ipv4.c
`-- net/ipv6/mcast.c
`-- net/ipv6/ndisc.c
`-- net/ipv6/netfilter/ip6t_SYNPROXY.c
`-- net/ipv6/netfilter/nf_reject_ipv6.c
`-- net/irda/irlap_frame.c
`-- net/key/af_key.c
`-- net/mac80211/cfg.c
`-- net/mac80211/ht.c
`-- net/mac80211/mesh.c
`-- net/mac80211/mesh_ps.c
`-- net/mac80211/sta_info.c
`-- net/mac80211/tdls.c
`-- net/mac80211/tx.c
`-- net/mac80211/wpa.c
`-- net/netfilter/nfnetlink_log.c
`-- net/netfilter/nfnetlink_queue.c
`-- net/netlink/af_netlink.c
`-- net/nfc/digital_core.c
`-- net/nfc/digital_dep.c
`-- net/nfc/digital_technology.c
`-- net/nfc/hci/core.c
`-- net/nfc/hci/llc_shdlc.c
`-- net/nfc/nci/core.c
`-- net/nfc/nci/hci.c
`-- net/nfc/nci/spi.c
`-- net/nfc/nci/uart.c
`-- net/psample/psample.c
`-- net/qrtr/qrtr.c
`-- net/sctp/sm_make_chunk.c
`-- net/sctp/ulpevent.c
`-- net/vmw_vsock/virtio_transport_common.c
[33mcompile base commit... [0m[33mok (99s)
[0m[33mapply [0m[33m4df864c1d9af... [0m[33mok (99s)
[0m[33mcompile target commit... [0m[33mok (190s)
[0mPREPARE:
[33mcollect AST for functions: create_hash_wr@drivers_crypto_chelsio_chcr_algo.c,HDLC_Encode@drivers_isdn_gigaset_asyncdata.c,write_l2e@drivers_net_ethernet_chelsio_cxgb4_l2t.c,nokia_send_alive_packet@drivers_bluetooth_hci_nokia.c,ib_nl_set_path_rec_attrs@drivers_infiniband_core_sa_query.c,del_filter_wr@drivers_net_ethernet_chelsio_cxgb4_cxgb4_filter.c,_c4iw_write_mem_inline@drivers_infiniband_hw_cxgb4_mem.c,isdn_audio_put_dle_code@drivers_isdn_i4l_isdn_audio.c,isdn_x25iface_connect_ind@drivers_isdn_i4l_isdn_x25iface.c,post_terminate@drivers_infiniband_hw_cxgb4_qp.c,cxgb_mk_rx_data_ack@drivers_net_ethernet_chelsio_libcxgb_libcxgb_cm.h,setup_l2e_send_pending@drivers_net_ethernet_chelsio_cxgb3_l2t.c,cxgb_mk_close_con_req@drivers_net_ethernet_chelsio_libcxgb_libcxgb_cm.h,listen_stop@drivers_infiniband_hw_cxgb3_iwch_cm.c,ad_marker_send@drivers_net_bonding_bond_3ad.c,rdma_init@drivers_infiniband_hw_cxgb4_qp.c,alloc_canfd_skb@drivers_net_can_dev.c,capinc_tty_put_char@drivers_isdn_capi_capi.c,send_connect@drivers_infiniband_hw_cxgb4_cm.c,iraw_encode@drivers_isdn_gigaset_asyncdata.c,listen_start@drivers_infiniband_hw_cxgb3_iwch_cm.c,update_rx_credits@drivers_infiniband_hw_cxgb3_iwch_cm.c,create_cipher_wr@drivers_crypto_chelsio_chcr_algo.c,atm_init@drivers_atm_solos-pci.c,send_fw_pass_open_req@drivers_infiniband_hw_cxgb4_cm.c,bcm_set_diag@drivers_bluetooth_hci_bcm.c,set_filter_wr@drivers_net_ethernet_chelsio_cxgb4_cxgb4_filter.c,create_authenc_wr@drivers_crypto_chelsio_chcr_algo.c,ad_lacpdu_send@drivers_net_bonding_bond_3ad.c,release_tid@drivers_infiniband_hw_cxgb3_iwch_cm.c,create_gcm_wr@drivers_crypto_chelsio_chcr_algo.c,iwch_resume_tid@drivers_infiniband_hw_cxgb3_iwch_cm.c,popen@drivers_atm_solos-pci.c,cxgb4_create_server@drivers_net_ethernet_chelsio_cxgb4_cxgb4_main.c,atmtcp_v_send@drivers_atm_atmtcp.c,iwch_quiesce_tid@drivers_infiniband_hw_cxgb3_iwch_cm.c,nokia_enqueue@drivers_bluetooth_hci_nokia.c,inject_cmd_complete@drivers_bluetooth_hci_intel.c,create_cq@drivers_infiniband_hw_cxgb4_cq.c,btuart_receive@drivers_bluetooth_btuart_cs.c,create_qp@drivers_infiniband_hw_cxgb4_qp.c,nokia_send_negotiation@drivers_bluetooth_hci_nokia.c,dtl1_receive@drivers_bluetooth_dtl1_cs.c,send_mpa_reject@drivers_infiniband_hw_cxgb3_iwch_cm.c,send_connect@drivers_infiniband_hw_cxgb3_iwch_cm.c,send_pktsched_cmd@drivers_net_ethernet_chelsio_cxgb3_cxgb3_main.c,__skb_put@include_linux_skbuff.h,send_command@drivers_atm_solos-pci.c,atmtcp_send_control@drivers_atm_atmtcp.c,hdlc_putbyte@drivers_isdn_gigaset_isocdata.c,cxio_rdma_init@drivers_infiniband_hw_cxgb3_cxio_hal.c,isdn_x25iface_disconn_ind@drivers_isdn_i4l_isdn_x25iface.c,send_hcill_cmd@drivers_bluetooth_hci_ll.c,cxgb_mk_tid_release@drivers_net_ethernet_chelsio_libcxgb_libcxgb_cm.h,bt3c_receive@drivers_bluetooth_bt3c_cs.c,iraw_loop@drivers_isdn_gigaset_asyncdata.c,write_smt_entry@drivers_net_ethernet_chelsio_cxgb3_cxgb3_main.c,set_l2t_ix@drivers_net_ethernet_chelsio_cxgb3_cxgb3_offload.c,send_hci_ibs_cmd@drivers_bluetooth_hci_qca.c,destroy_cq@drivers_infiniband_hw_cxgb4_cq.c,send_fw_act_open_req@drivers_infiniband_hw_cxgb4_cm.c,dtl1_hci_send_frame@drivers_bluetooth_dtl1_cs.c,ib_nl_ip_send_msg@drivers_infiniband_core_addr.c,send_flowc@drivers_infiniband_hw_cxgb4_cm.c,cxgb_mk_abort_rpl@drivers_net_ethernet_chelsio_libcxgb_libcxgb_cm.h,cxgb_mk_abort_req@drivers_net_ethernet_chelsio_libcxgb_libcxgb_cm.h,create_aead_ccm_wr@drivers_crypto_chelsio_chcr_algo.c,_c4iw_write_mem_dma_aligned@drivers_infiniband_hw_cxgb4_mem.c,mk_tid_release@drivers_net_ethernet_chelsio_cxgb3_cxgb3_offload.c,solos_param_store@drivers_atm_solos-pci.c,bsd_decompress@drivers_isdn_i4l_isdn_bsdcomp.c,pclose@drivers_atm_solos-pci.c,cxgb4_remove_server@drivers_net_ethernet_chelsio_cxgb4_cxgb4_main.c,rdma_fini@drivers_infiniband_hw_cxgb4_qp.c,solos_param_show@drivers_atm_solos-pci.c,hdlc_loop@drivers_isdn_gigaset_asyncdata.c,btmrvl_send_sync_cmd@drivers_bluetooth_btmrvl_main.c,bluecard_receive@drivers_bluetooth_bluecard_cs.c,fm_send_cmd@drivers_media_radio_wl128x_fmdrv_common.c,peer_abort@drivers_infiniband_hw_cxgb3_iwch_cm.c,mk_tid_release@drivers_net_ethernet_chelsio_cxgb4_cxgb4_main.c,__vhci_create_device@drivers_bluetooth_hci_vhci.c,alloc_diag_urb@drivers_bluetooth_btusb.c,isdn_audio_goertzel@drivers_isdn_i4l_isdn_audio.c,emac_rx@drivers_net_ethernet_allwinner_sun4i-emac.c,bsd_compress@drivers_isdn_i4l_isdn_bsdcomp.c,cxgb4_create_server6@drivers_net_ethernet_chelsio_cxgb4_cxgb4_main.c,init_tp_parity@drivers_net_ethernet_chelsio_cxgb3_cxgb3_main.c,send_halfclose@drivers_infiniband_hw_cxgb3_iwch_cm.c,dvb_net_sec@drivers_media_dvb-core_dvb_net.c,inject_cmd_complete@drivers_bluetooth_btusb.c,alloc_can_skb@drivers_net_can_dev.c,send_mpa_reply@drivers_infiniband_hw_cxgb3_iwch_cm.c
[0m[33mTransforming and linking bitcode files...
[0m[33m16s
[0mANALYZE:
COCCIGEN:
