BUILD:
[33mbase commit: 4e833c596ef5^1
[0m[33mtarget commit: 4e833c596ef5
[0m[33mchecking out base commit... [0m[33mok (2s)
[0m[33mformatting diff... [0m[33mok (2s)
[0m3 source file(s) touched in the old version
`-- drivers/net/ethernet/broadcom/bnx2x/bnx2x_main.c
`-- drivers/net/ethernet/intel/ixgbe/ixgbe_ethtool.c
`-- drivers/net/ethernet/xilinx/xilinx_emaclite.c
3 source file(s) touched in the new version
`-- drivers/net/ethernet/broadcom/bnx2x/bnx2x_main.c
`-- drivers/net/ethernet/intel/ixgbe/ixgbe_ethtool.c
`-- drivers/net/ethernet/xilinx/xilinx_emaclite.c
[33mcompile base commit... [0m[33mok (24s)
[0m[33mapply [0m[33m4e833c596ef5... [0m[33mok (24s)
[0m[33mcompile target commit... [0m[33mok (42s)
[0mPREPARE:
[33mcollect AST for functions: get_bool@drivers_net_ethernet_xilinx_xilinx_emaclite.c,reg_set_and_check@drivers_net_ethernet_intel_ixgbe_ixgbe_ethtool.c,reg_pattern_test@drivers_net_ethernet_intel_ixgbe_ixgbe_ethtool.c,bnx2x_get_dropless_info@drivers_net_ethernet_broadcom_bnx2x_bnx2x_main.c
[0m[33mTransforming and linking bitcode files...
[0m[33m7s
[0mANALYZE:
COCCIGEN:
//# pattern-1, witnesses: 2
@@
@@
- return 0;
+ return false;
//# pattern-2, witnesses: 2
@@
@@
- return 1;
+ return true;
