BUILD:
[33mbase commit: 4e857c58efeb^1
[0m[33mtarget commit: 4e857c58efeb
[0m[33mchecking out base commit... [0m[33mok (1s)
[0m[33mformatting diff... [0m[33mok (1s)
[0m106 source file(s) touched in the old version
`-- block/blk-iopoll.c
`-- crypto/chainiv.c
`-- drivers/base/power/domain.c
`-- drivers/block/mtip32xx/mtip32xx.c
`-- drivers/cpuidle/coupled.c
`-- drivers/firewire/ohci.c
`-- drivers/gpu/drm/drm_irq.c
`-- drivers/gpu/drm/i915/i915_irq.c
`-- drivers/md/bcache/bcache.h
`-- drivers/md/bcache/closure.h
`-- drivers/md/dm-bufio.c
`-- drivers/md/dm-snap.c
`-- drivers/md/dm.c
`-- drivers/md/raid5.c
`-- drivers/media/usb/dvb-usb-v2/dvb_usb_core.c
`-- drivers/net/ethernet/broadcom/bnx2x/bnx2x_cmn.c
`-- drivers/net/ethernet/broadcom/bnx2x/bnx2x_main.c
`-- drivers/net/ethernet/broadcom/bnx2x/bnx2x_sp.c
`-- drivers/net/ethernet/broadcom/bnx2x/bnx2x_sriov.c
`-- drivers/net/ethernet/broadcom/cnic.c
`-- drivers/net/ethernet/brocade/bna/bnad.c
`-- drivers/net/ethernet/chelsio/cxgb/cxgb2.c
`-- drivers/net/ethernet/chelsio/cxgb3/sge.c
`-- drivers/net/ethernet/chelsio/cxgb4/sge.c
`-- drivers/net/ethernet/chelsio/cxgb4vf/sge.c
`-- drivers/net/ethernet/freescale/gianfar.c
`-- drivers/net/ethernet/intel/i40e/i40e_main.c
`-- drivers/net/ethernet/intel/ixgbe/ixgbe_main.c
`-- drivers/net/ethernet/intel/ixgbevf/ixgbevf_main.c
`-- drivers/net/wireless/ti/wlcore/main.c
`-- drivers/pci/xen-pcifront.c
`-- drivers/scsi/isci/remote_device.c
`-- drivers/target/loopback/tcm_loop.c
`-- drivers/target/target_core_alua.c
`-- drivers/target/target_core_device.c
`-- drivers/target/target_core_iblock.c
`-- drivers/target/target_core_pr.c
`-- drivers/target/target_core_transport.c
`-- drivers/target/target_core_ua.c
`-- drivers/tty/n_tty.c
`-- drivers/tty/serial/mxs-auart.c
`-- drivers/usb/gadget/tcm_usb_gadget.c
`-- drivers/usb/serial/usb_wwan.c
`-- drivers/vhost/scsi.c
`-- drivers/w1/w1_family.c
`-- drivers/xen/xen-pciback/pciback_ops.c
`-- fs/btrfs/btrfs_inode.h
`-- fs/btrfs/extent_io.c
`-- fs/btrfs/inode.c
`-- fs/btrfs/ioctl.c
`-- fs/buffer.c
`-- fs/ext4/resize.c
`-- fs/gfs2/glock.c
`-- fs/gfs2/glops.c
`-- fs/gfs2/lock_dlm.c
`-- fs/gfs2/recovery.c
`-- fs/gfs2/sys.c
`-- fs/jbd2/commit.c
`-- fs/nfs/dir.c
`-- fs/nfs/inode.c
`-- fs/nfs/nfs4filelayoutdev.c
`-- fs/nfs/nfs4state.c
`-- fs/nfs/pagelist.c
`-- fs/nfs/pnfs.c
`-- fs/nfs/pnfs.h
`-- fs/nfs/write.c
`-- fs/ubifs/lpt_commit.c
`-- fs/ubifs/tnc_commit.c
`-- include/asm-generic/bitops/atomic.h
`-- include/asm-generic/bitops/lock.h
`-- include/linux/buffer_head.h
`-- include/linux/genhd.h
`-- include/linux/interrupt.h
`-- include/linux/netdevice.h
`-- include/linux/sched.h
`-- include/linux/sunrpc/sched.h
`-- include/linux/sunrpc/xprt.h
`-- include/linux/tracehook.h
`-- include/net/ip_vs.h
`-- kernel/debug/debug_core.c
`-- kernel/futex.c
`-- kernel/kmod.c
`-- kernel/rcu/tree.c
`-- kernel/rcu/tree_plugin.h
`-- kernel/sched/cpupri.c
`-- kernel/sched/wait.c
`-- mm/backing-dev.c
`-- mm/filemap.c
`-- net/atm/pppoatm.c
`-- net/bluetooth/hci_event.c
`-- net/core/dev.c
`-- net/core/link_watch.c
`-- net/ipv4/inetpeer.c
`-- net/ipv4/tcp_output.c
`-- net/netfilter/nf_conntrack_core.c
`-- net/rds/ib_recv.c
`-- net/rds/iw_recv.c
`-- net/rds/send.c
`-- net/rds/tcp_send.c
`-- net/sunrpc/auth.c
`-- net/sunrpc/auth_gss/auth_gss.c
`-- net/sunrpc/backchannel_rqst.c
`-- net/sunrpc/xprt.c
`-- net/sunrpc/xprtsock.c
`-- net/unix/af_unix.c
`-- sound/pci/bt87x.c
106 source file(s) touched in the new version
`-- block/blk-iopoll.c
`-- crypto/chainiv.c
`-- drivers/base/power/domain.c
`-- drivers/block/mtip32xx/mtip32xx.c
`-- drivers/cpuidle/coupled.c
`-- drivers/firewire/ohci.c
`-- drivers/gpu/drm/drm_irq.c
`-- drivers/gpu/drm/i915/i915_irq.c
`-- drivers/md/bcache/bcache.h
`-- drivers/md/bcache/closure.h
`-- drivers/md/dm-bufio.c
`-- drivers/md/dm-snap.c
`-- drivers/md/dm.c
`-- drivers/md/raid5.c
`-- drivers/media/usb/dvb-usb-v2/dvb_usb_core.c
`-- drivers/net/ethernet/broadcom/bnx2x/bnx2x_cmn.c
`-- drivers/net/ethernet/broadcom/bnx2x/bnx2x_main.c
`-- drivers/net/ethernet/broadcom/bnx2x/bnx2x_sp.c
`-- drivers/net/ethernet/broadcom/bnx2x/bnx2x_sriov.c
`-- drivers/net/ethernet/broadcom/cnic.c
`-- drivers/net/ethernet/brocade/bna/bnad.c
`-- drivers/net/ethernet/chelsio/cxgb/cxgb2.c
`-- drivers/net/ethernet/chelsio/cxgb3/sge.c
`-- drivers/net/ethernet/chelsio/cxgb4/sge.c
`-- drivers/net/ethernet/chelsio/cxgb4vf/sge.c
`-- drivers/net/ethernet/freescale/gianfar.c
`-- drivers/net/ethernet/intel/i40e/i40e_main.c
`-- drivers/net/ethernet/intel/ixgbe/ixgbe_main.c
`-- drivers/net/ethernet/intel/ixgbevf/ixgbevf_main.c
`-- drivers/net/wireless/ti/wlcore/main.c
`-- drivers/pci/xen-pcifront.c
`-- drivers/scsi/isci/remote_device.c
`-- drivers/target/loopback/tcm_loop.c
`-- drivers/target/target_core_alua.c
`-- drivers/target/target_core_device.c
`-- drivers/target/target_core_iblock.c
`-- drivers/target/target_core_pr.c
`-- drivers/target/target_core_transport.c
`-- drivers/target/target_core_ua.c
`-- drivers/tty/n_tty.c
`-- drivers/tty/serial/mxs-auart.c
`-- drivers/usb/gadget/tcm_usb_gadget.c
`-- drivers/usb/serial/usb_wwan.c
`-- drivers/vhost/scsi.c
`-- drivers/w1/w1_family.c
`-- drivers/xen/xen-pciback/pciback_ops.c
`-- fs/btrfs/btrfs_inode.h
`-- fs/btrfs/extent_io.c
`-- fs/btrfs/inode.c
`-- fs/btrfs/ioctl.c
`-- fs/buffer.c
`-- fs/ext4/resize.c
`-- fs/gfs2/glock.c
`-- fs/gfs2/glops.c
`-- fs/gfs2/lock_dlm.c
`-- fs/gfs2/recovery.c
`-- fs/gfs2/sys.c
`-- fs/jbd2/commit.c
`-- fs/nfs/dir.c
`-- fs/nfs/inode.c
`-- fs/nfs/nfs4filelayoutdev.c
`-- fs/nfs/nfs4state.c
`-- fs/nfs/pagelist.c
`-- fs/nfs/pnfs.c
`-- fs/nfs/pnfs.h
`-- fs/nfs/write.c
`-- fs/ubifs/lpt_commit.c
`-- fs/ubifs/tnc_commit.c
`-- include/asm-generic/bitops/atomic.h
`-- include/asm-generic/bitops/lock.h
`-- include/linux/buffer_head.h
`-- include/linux/genhd.h
`-- include/linux/interrupt.h
`-- include/linux/netdevice.h
`-- include/linux/sched.h
`-- include/linux/sunrpc/sched.h
`-- include/linux/sunrpc/xprt.h
`-- include/linux/tracehook.h
`-- include/net/ip_vs.h
`-- kernel/debug/debug_core.c
`-- kernel/futex.c
`-- kernel/kmod.c
`-- kernel/rcu/tree.c
`-- kernel/rcu/tree_plugin.h
`-- kernel/sched/cpupri.c
`-- kernel/sched/wait.c
`-- mm/backing-dev.c
`-- mm/filemap.c
`-- net/atm/pppoatm.c
`-- net/bluetooth/hci_event.c
`-- net/core/dev.c
`-- net/core/link_watch.c
`-- net/ipv4/inetpeer.c
`-- net/ipv4/tcp_output.c
`-- net/netfilter/nf_conntrack_core.c
`-- net/rds/ib_recv.c
`-- net/rds/iw_recv.c
`-- net/rds/send.c
`-- net/rds/tcp_send.c
`-- net/sunrpc/auth.c
`-- net/sunrpc/auth_gss/auth_gss.c
`-- net/sunrpc/backchannel_rqst.c
`-- net/sunrpc/xprt.c
`-- net/sunrpc/xprtsock.c
`-- net/unix/af_unix.c
`-- sound/pci/bt87x.c
[33mcompile base commit... [0m[33mok (7s)
[0m[33mapply [0m[33m4e857c58efeb... [0m[33mok (7s)
[0m[33mcompile target commit... [0m[33mok (10s)
[0mPREPARE:
[33m0s
[0mANALYZE:
COCCIGEN:
