BUILD:
[33mbase commit: 53692b1de419^1
[0m[33mtarget commit: 53692b1de419
[0m[33mchecking out base commit... [0m[33mok (1s)
[0m[33mformatting diff... [0m[33mok (1s)
[0m10 source file(s) touched in the old version
`-- drivers/net/ethernet/intel/i40e/i40e_main.c
`-- drivers/net/ethernet/intel/i40evf/i40evf_main.c
`-- drivers/net/ethernet/intel/igb/igb_main.c
`-- drivers/net/ethernet/intel/ixgbe/ixgbe_main.c
`-- drivers/net/loopback.c
`-- include/linux/netdev_features.h
`-- net/8021q/vlan_dev.c
`-- net/core/ethtool.c
`-- net/netfilter/ipvs/ip_vs_proto_sctp.c
`-- net/sctp/output.c
10 source file(s) touched in the new version
`-- drivers/net/ethernet/intel/i40e/i40e_main.c
`-- drivers/net/ethernet/intel/i40evf/i40evf_main.c
`-- drivers/net/ethernet/intel/igb/igb_main.c
`-- drivers/net/ethernet/intel/ixgbe/ixgbe_main.c
`-- drivers/net/loopback.c
`-- include/linux/netdev_features.h
`-- net/8021q/vlan_dev.c
`-- net/core/ethtool.c
`-- net/netfilter/ipvs/ip_vs_proto_sctp.c
`-- net/sctp/output.c
[33mcompile base commit... [0m[33mok (34s)
[0m[33mapply [0m[33m53692b1de419... [0m[33mok (34s)
[0m[33mcompile target commit... [0m[33mok (61s)
[0mPREPARE:
[33mcollect AST for functions: netdev_features_strings@net_core_ethtool.c,i40e_config_netdev@drivers_net_ethernet_intel_i40e_i40e_main.c,ethtool_get_feature_mask@net_core_ethtool.c,vlan_dev_init@net_8021q_vlan_dev.c,i40evf_process_config@drivers_net_ethernet_intel_i40evf_i40evf_main.c,sctp_packet_transmit@net_sctp_output.c,loopback_setup@drivers_net_loopback.c,sctp_dnat_handler@net_netfilter_ipvs_ip_vs_proto_sctp.c,igb_probe@drivers_net_ethernet_intel_igb_igb_main.c,ixgbe_probe@drivers_net_ethernet_intel_ixgbe_ixgbe_main.c
[0m[33mTransforming and linking bitcode files...
[0m[33m7s
[0mANALYZE:
COCCIGEN:
//# pattern-2, witnesses: 11
@@
@@
- NETIF_F_SCTP_CSUM
+ NETIF_F_SCTP_CRC
