BUILD:
[33mbase commit: 537fae0101c8^1
[0m[33mtarget commit: 537fae0101c8
[0m[33mchecking out base commit... [0m[33mok (4s)
[0m[33mformatting diff... [0m[33mok (4s)
[0m25 source file(s) touched in the old version
`-- drivers/net/ethernet/atheros/atl1c/atl1c_ethtool.c
`-- drivers/net/ethernet/atheros/atl1e/atl1e_ethtool.c
`-- drivers/net/ethernet/atheros/atlx/atl1.c
`-- drivers/net/ethernet/atheros/atlx/atl2.c
`-- drivers/net/ethernet/broadcom/bnx2.c
`-- drivers/net/ethernet/brocade/bna/bnad_ethtool.c
`-- drivers/net/ethernet/chelsio/cxgb/cxgb2.c
`-- drivers/net/ethernet/chelsio/cxgb3/cxgb3_main.c
`-- drivers/net/ethernet/cisco/enic/enic_ethtool.c
`-- drivers/net/ethernet/dec/tulip/uli526x.c
`-- drivers/net/ethernet/dlink/dl2k.c
`-- drivers/net/ethernet/ibm/ehea/ehea_ethtool.c
`-- drivers/net/ethernet/intel/e1000/e1000_ethtool.c
`-- drivers/net/ethernet/intel/e1000e/ethtool.c
`-- drivers/net/ethernet/intel/igb/igb_ethtool.c
`-- drivers/net/ethernet/intel/igbvf/ethtool.c
`-- drivers/net/ethernet/intel/ixgb/ixgb_ethtool.c
`-- drivers/net/ethernet/intel/ixgbe/ixgbe_ethtool.c
`-- drivers/net/ethernet/intel/ixgbevf/ethtool.c
`-- drivers/net/ethernet/mellanox/mlx4/en_ethtool.c
`-- drivers/net/ethernet/neterion/s2io.c
`-- drivers/net/ethernet/neterion/vxge/vxge-ethtool.c
`-- drivers/net/ethernet/nvidia/forcedeth.c
`-- drivers/net/ethernet/oki-semi/pch_gbe/pch_gbe_ethtool.c
`-- drivers/net/vmxnet3/vmxnet3_ethtool.c
25 source file(s) touched in the new version
`-- drivers/net/ethernet/atheros/atl1c/atl1c_ethtool.c
`-- drivers/net/ethernet/atheros/atl1e/atl1e_ethtool.c
`-- drivers/net/ethernet/atheros/atlx/atl1.c
`-- drivers/net/ethernet/atheros/atlx/atl2.c
`-- drivers/net/ethernet/broadcom/bnx2.c
`-- drivers/net/ethernet/brocade/bna/bnad_ethtool.c
`-- drivers/net/ethernet/chelsio/cxgb/cxgb2.c
`-- drivers/net/ethernet/chelsio/cxgb3/cxgb3_main.c
`-- drivers/net/ethernet/cisco/enic/enic_ethtool.c
`-- drivers/net/ethernet/dec/tulip/uli526x.c
`-- drivers/net/ethernet/dlink/dl2k.c
`-- drivers/net/ethernet/ibm/ehea/ehea_ethtool.c
`-- drivers/net/ethernet/intel/e1000/e1000_ethtool.c
`-- drivers/net/ethernet/intel/e1000e/ethtool.c
`-- drivers/net/ethernet/intel/igb/igb_ethtool.c
`-- drivers/net/ethernet/intel/igbvf/ethtool.c
`-- drivers/net/ethernet/intel/ixgb/ixgb_ethtool.c
`-- drivers/net/ethernet/intel/ixgbe/ixgbe_ethtool.c
`-- drivers/net/ethernet/intel/ixgbevf/ethtool.c
`-- drivers/net/ethernet/mellanox/mlx4/en_ethtool.c
`-- drivers/net/ethernet/neterion/s2io.c
`-- drivers/net/ethernet/neterion/vxge/vxge-ethtool.c
`-- drivers/net/ethernet/nvidia/forcedeth.c
`-- drivers/net/ethernet/oki-semi/pch_gbe/pch_gbe_ethtool.c
`-- drivers/net/vmxnet3/vmxnet3_ethtool.c
[33mcompile base commit... [0m[33mok (9s)
[0m[33mapply [0m[33m537fae0101c8... [0m[33mok (9s)
[0m[33mcompile target commit... [0m[33mok (12s)
[0mPREPARE:
[33m1s
[0mANALYZE:
COCCIGEN:
