BUILD:
[33mbase commit: 5724b8b56947^1
[0m[33mtarget commit: 5724b8b56947
[0m[33mchecking out base commit... [0m[33mok (1s)
[0m[33mformatting diff... [0m[33mok (1s)
[0m6 source file(s) touched in the old version
`-- drivers/net/ethernet/chelsio/cxgb4/cxgb4_tc_u32.c
`-- drivers/net/ethernet/intel/ixgbe/ixgbe_main.c
`-- drivers/net/ethernet/mellanox/mlx5/core/en_tc.c
`-- drivers/net/ethernet/mellanox/mlxsw/spectrum.c
`-- drivers/net/ethernet/netronome/nfp/nfp_net_offload.c
`-- include/net/tc_act/tc_mirred.h
6 source file(s) touched in the new version
`-- drivers/net/ethernet/chelsio/cxgb4/cxgb4_tc_u32.c
`-- drivers/net/ethernet/intel/ixgbe/ixgbe_main.c
`-- drivers/net/ethernet/mellanox/mlx5/core/en_tc.c
`-- drivers/net/ethernet/mellanox/mlxsw/spectrum.c
`-- drivers/net/ethernet/netronome/nfp/nfp_net_offload.c
`-- include/net/tc_act/tc_mirred.h
[33mcompile base commit... [0m[33mok (25s)
[0m[33mapply [0m[33m5724b8b56947... [0m[33mok (25s)
[0m[33mcompile target commit... [0m[33mok (45s)
[0mPREPARE:
[33mcollect AST for functions: fill_action_fields@drivers_net_ethernet_chelsio_cxgb4_cxgb4_tc_u32.c,parse_tc_fdb_actions@drivers_net_ethernet_mellanox_mlx5_core_en_tc.c,mlxsw_sp_port_add_cls_matchall@drivers_net_ethernet_mellanox_mlxsw_spectrum.c,nfp_net_bpf_get_act@drivers_net_ethernet_netronome_nfp_nfp_net_offload.c,parse_tc_actions@drivers_net_ethernet_intel_ixgbe_ixgbe_main.c
[0m[33mTransforming and linking bitcode files...
[0m[33m6s
[0mANALYZE:
COCCIGEN:
//# pattern-1, witnesses: 4
@@
expression list listE0;
@@
- is_tcf_mirred_redirect(listE0)
+ is_tcf_mirred_egress_redirect(listE0)
