BUILD:
[33mbase commit: 5acaee0a8964^1
[0m[33mtarget commit: 5acaee0a8964
[0m[33mchecking out base commit... [0m[33mok (2s)
[0m[33mformatting diff... [0m[33mok (2s)
[0m4 source file(s) touched in the old version
`-- drivers/net/ethernet/intel/ixgbe/ixgbe_main.c
`-- include/linux/filter.h
`-- include/trace/events/xdp.h
`-- net/core/filter.c
4 source file(s) touched in the new version
`-- drivers/net/ethernet/intel/ixgbe/ixgbe_main.c
`-- include/linux/filter.h
`-- include/trace/events/xdp.h
`-- net/core/filter.c
[33mcompile base commit... [0m[33mok (21s)
[0m[33mapply [0m[33m5acaee0a8964... [0m[33mok (21s)
[0m[33mcompile target commit... [0m[33mok (37s)
[0mPREPARE:
[33mcollect AST for functions: ixgbe_run_xdp@drivers_net_ethernet_intel_ixgbe_ixgbe_main.c,xdp_do_redirect@net_core_filter.c
[0m[33mTransforming and linking bitcode files...
[0m[33m5s
[0mANALYZE:
COCCIGEN:
