BUILD:
[33mbase commit: 5ccc921af41a^1
[0m[33mtarget commit: 5ccc921af41a
[0m[33mchecking out base commit... [0m[33mok (1s)
[0m[33mformatting diff... [0m[33mok (1s)
[0m12 source file(s) touched in the old version
`-- drivers/net/ethernet/intel/e1000/e1000.h
`-- drivers/net/ethernet/intel/e1000e/e1000.h
`-- drivers/net/ethernet/intel/igb/e1000_82575.h
`-- drivers/net/ethernet/intel/igb/e1000_hw.h
`-- drivers/net/ethernet/intel/igb/e1000_i210.h
`-- drivers/net/ethernet/intel/igb/e1000_mac.h
`-- drivers/net/ethernet/intel/igb/igb.h
`-- drivers/net/ethernet/intel/igbvf/igbvf.h
`-- drivers/net/ethernet/intel/ixgb/ixgb.h
`-- drivers/net/ethernet/intel/ixgb/ixgb_hw.h
`-- drivers/net/ethernet/intel/ixgbe/ixgbe.h
`-- drivers/net/ethernet/intel/ixgbevf/ixgbevf.h
12 source file(s) touched in the new version
`-- drivers/net/ethernet/intel/e1000/e1000.h
`-- drivers/net/ethernet/intel/e1000e/e1000.h
`-- drivers/net/ethernet/intel/igb/e1000_82575.h
`-- drivers/net/ethernet/intel/igb/e1000_hw.h
`-- drivers/net/ethernet/intel/igb/e1000_i210.h
`-- drivers/net/ethernet/intel/igb/e1000_mac.h
`-- drivers/net/ethernet/intel/igb/igb.h
`-- drivers/net/ethernet/intel/igbvf/igbvf.h
`-- drivers/net/ethernet/intel/ixgb/ixgb.h
`-- drivers/net/ethernet/intel/ixgb/ixgb_hw.h
`-- drivers/net/ethernet/intel/ixgbe/ixgbe.h
`-- drivers/net/ethernet/intel/ixgbevf/ixgbevf.h
[33mcompile base commit... [0m[31mfailed[0m
PREPARE:
[31mLack a successful build
[0m
ANALYZE:
grep: fdiff.txt: No such file or directory
[31mLack a successful preparation
[0m
COCCIGEN:
