BUILD:
[33mbase commit: 612a94d6f24e^1
[0m[33mtarget commit: 612a94d6f24e
[0m[33mchecking out base commit... [0m[33mok (1s)
[0m[33mformatting diff... [0m[33mok (1s)
[0m9 source file(s) touched in the old version
`-- drivers/net/ethernet/cisco/enic/enic_main.c
`-- drivers/net/ethernet/intel/e1000/e1000_ethtool.c
`-- drivers/net/ethernet/intel/e1000e/ethtool.c
`-- drivers/net/ethernet/intel/igb/igb_ethtool.c
`-- drivers/net/ethernet/intel/igbvf/ethtool.c
`-- drivers/net/ethernet/intel/ixgb/ixgb_ethtool.c
`-- drivers/net/ethernet/intel/ixgbe/ixgbe_ethtool.c
`-- drivers/net/ethernet/mellanox/mlx4/en_ethtool.c
`-- drivers/net/ethernet/sun/cassini.c
9 source file(s) touched in the new version
`-- drivers/net/ethernet/cisco/enic/enic_main.c
`-- drivers/net/ethernet/intel/e1000/e1000_ethtool.c
`-- drivers/net/ethernet/intel/e1000e/ethtool.c
`-- drivers/net/ethernet/intel/igb/igb_ethtool.c
`-- drivers/net/ethernet/intel/igbvf/ethtool.c
`-- drivers/net/ethernet/intel/ixgb/ixgb_ethtool.c
`-- drivers/net/ethernet/intel/ixgbe/ixgbe_ethtool.c
`-- drivers/net/ethernet/mellanox/mlx4/en_ethtool.c
`-- drivers/net/ethernet/sun/cassini.c
[33mcompile base commit... [0m[33mok (5s)
[0m[33mapply [0m[33m612a94d6f24e... [0m[33mok (5s)
[0m[33mcompile target commit... [0m[33mok (6s)
[0mPREPARE:
[33m0s
[0mANALYZE:
COCCIGEN:
