BUILD:
[33mbase commit: 62f87c0e31d6^1
[0m[33mtarget commit: 62f87c0e31d6
[0m[33mchecking out base commit... [0m[33mok (1s)
[0m[33mformatting diff... [0m[33mok (1s)
[0m17 source file(s) touched in the old version
`-- arch/powerpc/platforms/powernv/pci-ioda.c
`-- drivers/iommu/intel-iommu.c
`-- drivers/net/ethernet/intel/ixgbe/ixgbe_main.c
`-- drivers/net/ethernet/qlogic/netxen/netxen_nic_main.c
`-- drivers/pci/iov.c
`-- drivers/pci/pci.c
`-- drivers/pci/pcie/aer/aer_inject.c
`-- drivers/pci/pcie/aer/aerdrv.c
`-- drivers/pci/pcie/aer/aerdrv_acpi.c
`-- drivers/pci/pcie/aer/aerdrv_core.c
`-- drivers/pci/pcie/aspm.c
`-- drivers/pci/pcie/pme.c
`-- drivers/pci/pcie/portdrv_bus.c
`-- drivers/pci/pcie/portdrv_core.c
`-- drivers/pci/pcie/portdrv_pci.c
`-- drivers/pci/probe.c
`-- drivers/pci/search.c
17 source file(s) touched in the new version
`-- arch/powerpc/platforms/powernv/pci-ioda.c
`-- drivers/iommu/intel-iommu.c
`-- drivers/net/ethernet/intel/ixgbe/ixgbe_main.c
`-- drivers/net/ethernet/qlogic/netxen/netxen_nic_main.c
`-- drivers/pci/iov.c
`-- drivers/pci/pci.c
`-- drivers/pci/pcie/aer/aer_inject.c
`-- drivers/pci/pcie/aer/aerdrv.c
`-- drivers/pci/pcie/aer/aerdrv_acpi.c
`-- drivers/pci/pcie/aer/aerdrv_core.c
`-- drivers/pci/pcie/aspm.c
`-- drivers/pci/pcie/pme.c
`-- drivers/pci/pcie/portdrv_bus.c
`-- drivers/pci/pcie/portdrv_core.c
`-- drivers/pci/pcie/portdrv_pci.c
`-- drivers/pci/probe.c
`-- drivers/pci/search.c
[33mcompile base commit... [0m[33mok (8s)
[0m[33mapply [0m[33m62f87c0e31d6... [0m[33mok (8s)
[0m[33mcompile target commit... [0m[33mok (10s)
[0mPREPARE:
[33m0s
[0mANALYZE:
COCCIGEN:
