BUILD:
[33mbase commit: 67fd893ee07d^1
[0m[33mtarget commit: 67fd893ee07d
[0m[33mchecking out base commit... [0m[33mok (1s)
[0m[33mformatting diff... [0m[33mok (2s)
[0m6 source file(s) touched in the old version
`-- drivers/net/ethernet/intel/e1000/e1000_main.c
`-- drivers/net/ethernet/intel/e1000e/netdev.c
`-- drivers/net/ethernet/intel/fm10k/fm10k_main.c
`-- drivers/net/ethernet/intel/igb/igb_main.c
`-- drivers/net/ethernet/intel/ixgb/ixgb_main.c
`-- drivers/net/ethernet/intel/ixgbe/ixgbe_main.c
6 source file(s) touched in the new version
`-- drivers/net/ethernet/intel/e1000/e1000_main.c
`-- drivers/net/ethernet/intel/e1000e/netdev.c
`-- drivers/net/ethernet/intel/fm10k/fm10k_main.c
`-- drivers/net/ethernet/intel/igb/igb_main.c
`-- drivers/net/ethernet/intel/ixgb/ixgb_main.c
`-- drivers/net/ethernet/intel/ixgbe/ixgbe_main.c
[33mcompile base commit... [0m[33mok (24s)
[0m[33mapply [0m[33m67fd893ee07d... [0m[33mok (24s)
[0m[33mcompile target commit... [0m[33mok (44s)
[0mPREPARE:
[33mcollect AST for functions: fm10k_fetch_rx_buffer@drivers_net_ethernet_intel_fm10k_fm10k_main.c,e1000_clean_rx_irq@drivers_net_ethernet_intel_e1000e_netdev.c,ixgbe_fetch_rx_buffer@drivers_net_ethernet_intel_ixgbe_ixgbe_main.c,e1000_alloc_rx_skb@drivers_net_ethernet_intel_e1000_e1000_main.c,ixgb_clean_rx_irq@drivers_net_ethernet_intel_ixgb_ixgb_main.c,igb_fetch_rx_buffer@drivers_net_ethernet_intel_igb_igb_main.c,ixgb_check_copybreak@drivers_net_ethernet_intel_ixgb_ixgb_main.c
[0m[33mTransforming and linking bitcode files...
[0m[33m4s
[0mANALYZE:
COCCIGEN:
//# pattern-3, witnesses: 3
@@
@@
- netdev_alloc_skb_ip_align(rx_ring->netdev, 256)
+ napi_alloc_skb(&rx_ring->q_vector->napi, 256)
