BUILD:
[33mbase commit: 6aa7de059173^1
[0m[33mtarget commit: 6aa7de059173
[0m[33mchecking out base commit... [0m[33mok (1s)
[0m[33mformatting diff... [0m[33mok (1s)
[0m180 source file(s) touched in the old version
`-- arch/arc/kernel/smp.c
`-- arch/arm/include/asm/spinlock.h
`-- arch/arm/mach-tegra/cpuidle-tegra20.c
`-- arch/arm/vdso/vgettimeofday.c
`-- arch/ia64/include/asm/spinlock.h
`-- arch/mips/include/asm/vdso.h
`-- arch/mips/kernel/pm-cps.c
`-- arch/mn10300/kernel/mn10300-serial.c
`-- arch/parisc/include/asm/atomic.h
`-- arch/powerpc/platforms/powernv/opal-msglog.c
`-- arch/s390/include/asm/spinlock.h
`-- arch/s390/lib/spinlock.c
`-- arch/sparc/include/asm/atomic_32.h
`-- arch/tile/gxio/dma_queue.c
`-- arch/tile/include/gxio/dma_queue.h
`-- arch/tile/kernel/ptrace.c
`-- arch/x86/entry/common.c
`-- arch/x86/entry/vdso/vclock_gettime.c
`-- arch/x86/events/core.c
`-- arch/x86/include/asm/vgtod.h
`-- arch/x86/kernel/espfix_64.c
`-- arch/x86/kernel/nmi.c
`-- arch/x86/kvm/mmu.c
`-- arch/x86/kvm/page_track.c
`-- arch/x86/xen/p2m.c
`-- arch/xtensa/platforms/xtfpga/lcd.c
`-- block/blk-wbt.c
`-- drivers/base/core.c
`-- drivers/base/power/runtime.c
`-- drivers/char/random.c
`-- drivers/clocksource/bcm2835_timer.c
`-- drivers/crypto/caam/jr.c
`-- drivers/crypto/nx/nx-842-powernv.c
`-- drivers/firewire/ohci.c
`-- drivers/gpu/drm/amd/amdgpu/amdgpu_fence.c
`-- drivers/gpu/drm/amd/amdgpu/amdgpu_gem.c
`-- drivers/gpu/drm/amd/scheduler/gpu_scheduler.c
`-- drivers/gpu/drm/radeon/radeon_gem.c
`-- drivers/gpu/drm/vmwgfx/vmwgfx_surface.c
`-- drivers/infiniband/hw/hfi1/file_ops.c
`-- drivers/infiniband/hw/hfi1/pio.c
`-- drivers/infiniband/hw/hfi1/ruc.c
`-- drivers/infiniband/hw/hfi1/sdma.c
`-- drivers/infiniband/hw/hfi1/sdma.h
`-- drivers/infiniband/hw/hfi1/uc.c
`-- drivers/infiniband/hw/hfi1/ud.c
`-- drivers/infiniband/hw/hfi1/user_sdma.c
`-- drivers/infiniband/hw/qib/qib_ruc.c
`-- drivers/infiniband/hw/qib/qib_uc.c
`-- drivers/infiniband/hw/qib/qib_ud.c
`-- drivers/infiniband/sw/rdmavt/qp.c
`-- drivers/input/misc/regulator-haptic.c
`-- drivers/md/dm-bufio.c
`-- drivers/md/dm-kcopyd.c
`-- drivers/md/dm-stats.c
`-- drivers/md/dm-switch.c
`-- drivers/md/dm-thin.c
`-- drivers/md/dm-verity-target.c
`-- drivers/md/dm.c
`-- drivers/md/md.c
`-- drivers/md/raid5.c
`-- drivers/misc/mic/scif/scif_rb.c
`-- drivers/misc/mic/scif/scif_rma_list.c
`-- drivers/net/bonding/bond_alb.c
`-- drivers/net/bonding/bond_main.c
`-- drivers/net/ethernet/chelsio/cxgb4/sge.c
`-- drivers/net/ethernet/emulex/benet/be_main.c
`-- drivers/net/ethernet/hisilicon/hip04_eth.c
`-- drivers/net/ethernet/intel/i40e/i40e_debugfs.c
`-- drivers/net/ethernet/intel/i40e/i40e_ethtool.c
`-- drivers/net/ethernet/intel/i40e/i40e_main.c
`-- drivers/net/ethernet/intel/i40e/i40e_ptp.c
`-- drivers/net/ethernet/intel/igb/e1000_regs.h
`-- drivers/net/ethernet/intel/igb/igb_main.c
`-- drivers/net/ethernet/intel/ixgbe/ixgbe_common.h
`-- drivers/net/ethernet/intel/ixgbe/ixgbe_main.c
`-- drivers/net/ethernet/intel/ixgbe/ixgbe_ptp.c
`-- drivers/net/ethernet/intel/ixgbevf/ixgbevf_main.c
`-- drivers/net/ethernet/intel/ixgbevf/vf.h
`-- drivers/net/ethernet/mellanox/mlx4/en_tx.c
`-- drivers/net/ethernet/neterion/vxge/vxge-main.c
`-- drivers/net/ethernet/sfc/ef10.c
`-- drivers/net/ethernet/sfc/efx.c
`-- drivers/net/ethernet/sfc/falcon/efx.c
`-- drivers/net/ethernet/sfc/falcon/falcon.c
`-- drivers/net/ethernet/sfc/falcon/farch.c
`-- drivers/net/ethernet/sfc/falcon/nic.h
`-- drivers/net/ethernet/sfc/falcon/tx.c
`-- drivers/net/ethernet/sfc/farch.c
`-- drivers/net/ethernet/sfc/nic.h
`-- drivers/net/ethernet/sfc/ptp.c
`-- drivers/net/ethernet/sfc/tx.c
`-- drivers/net/ethernet/sun/niu.c
`-- drivers/net/tap.c
`-- drivers/net/tun.c
`-- drivers/net/wireless/ath/ath5k/desc.c
`-- drivers/net/wireless/broadcom/brcm80211/brcmfmac/sdio.c
`-- drivers/net/wireless/intel/iwlwifi/mvm/ops.c
`-- drivers/net/wireless/intel/iwlwifi/mvm/tx.c
`-- drivers/net/wireless/intel/iwlwifi/pcie/rx.c
`-- drivers/net/wireless/intel/iwlwifi/pcie/trans.c
`-- drivers/net/wireless/mac80211_hwsim.c
`-- drivers/scsi/qla2xxx/qla_target.c
`-- drivers/target/target_core_user.c
`-- drivers/usb/class/cdc-wdm.c
`-- drivers/usb/core/devio.c
`-- drivers/usb/core/sysfs.c
`-- drivers/usb/gadget/udc/gr_udc.c
`-- drivers/usb/host/ohci-hcd.c
`-- drivers/usb/host/uhci-hcd.h
`-- drivers/vfio/vfio.c
`-- drivers/vhost/scsi.c
`-- fs/aio.c
`-- fs/buffer.c
`-- fs/crypto/keyinfo.c
`-- fs/direct-io.c
`-- fs/exec.c
`-- fs/fcntl.c
`-- fs/fs_pin.c
`-- fs/fuse/dev.c
`-- fs/inode.c
`-- fs/namei.c
`-- fs/namespace.c
`-- fs/nfs/dir.c
`-- fs/proc/array.c
`-- fs/proc_namespace.c
`-- fs/splice.c
`-- fs/userfaultfd.c
`-- fs/xfs/xfs_log_priv.h
`-- include/linux/bitops.h
`-- include/linux/dynamic_queue_limits.h
`-- include/linux/huge_mm.h
`-- include/linux/if_team.h
`-- include/linux/llist.h
`-- include/linux/pm_runtime.h
`-- include/net/ip_vs.h
`-- kernel/acct.c
`-- kernel/events/core.c
`-- kernel/events/ring_buffer.c
`-- kernel/exit.c
`-- kernel/trace/ring_buffer.c
`-- kernel/trace/trace.h
`-- kernel/trace/trace_stack.c
`-- kernel/user_namespace.c
`-- lib/assoc_array.c
`-- lib/dynamic_queue_limits.c
`-- lib/llist.c
`-- lib/vsprintf.c
`-- mm/huge_memory.c
`-- net/core/dev.c
`-- net/core/pktgen.c
`-- net/ipv4/inet_fragment.c
`-- net/ipv4/route.c
`-- net/ipv4/tcp_output.c
`-- net/ipv4/udp.c
`-- net/ipv6/ip6_tunnel.c
`-- net/ipv6/udp.c
`-- net/llc/llc_input.c
`-- net/mac80211/sta_info.c
`-- net/netlabel/netlabel_calipso.c
`-- net/wireless/nl80211.c
`-- sound/firewire/amdtp-am824.c
`-- sound/firewire/amdtp-stream.c
`-- sound/firewire/amdtp-stream.h
`-- sound/firewire/digi00x/amdtp-dot.c
`-- sound/firewire/fireface/amdtp-ff.c
`-- sound/firewire/fireface/ff-midi.c
`-- sound/firewire/fireface/ff-transaction.c
`-- sound/firewire/isight.c
`-- sound/firewire/motu/amdtp-motu.c
`-- sound/firewire/oxfw/oxfw-scs1x.c
`-- sound/firewire/tascam/amdtp-tascam.c
`-- sound/firewire/tascam/tascam-transaction.c
`-- sound/soc/xtensa/xtfpga-i2s.c
`-- sound/usb/bcd2000/bcd2000.c
`-- tools/arch/x86/include/asm/atomic.h
`-- tools/include/asm-generic/atomic-gcc.h
`-- tools/perf/util/auxtrace.h
`-- tools/perf/util/session.h
`-- virt/kvm/kvm_main.c
180 source file(s) touched in the new version
`-- arch/arc/kernel/smp.c
`-- arch/arm/include/asm/spinlock.h
`-- arch/arm/mach-tegra/cpuidle-tegra20.c
`-- arch/arm/vdso/vgettimeofday.c
`-- arch/ia64/include/asm/spinlock.h
`-- arch/mips/include/asm/vdso.h
`-- arch/mips/kernel/pm-cps.c
`-- arch/mn10300/kernel/mn10300-serial.c
`-- arch/parisc/include/asm/atomic.h
`-- arch/powerpc/platforms/powernv/opal-msglog.c
`-- arch/s390/include/asm/spinlock.h
`-- arch/s390/lib/spinlock.c
`-- arch/sparc/include/asm/atomic_32.h
`-- arch/tile/gxio/dma_queue.c
`-- arch/tile/include/gxio/dma_queue.h
`-- arch/tile/kernel/ptrace.c
`-- arch/x86/entry/common.c
`-- arch/x86/entry/vdso/vclock_gettime.c
`-- arch/x86/events/core.c
`-- arch/x86/include/asm/vgtod.h
`-- arch/x86/kernel/espfix_64.c
`-- arch/x86/kernel/nmi.c
`-- arch/x86/kvm/mmu.c
`-- arch/x86/kvm/page_track.c
`-- arch/x86/xen/p2m.c
`-- arch/xtensa/platforms/xtfpga/lcd.c
`-- block/blk-wbt.c
`-- drivers/base/core.c
`-- drivers/base/power/runtime.c
`-- drivers/char/random.c
`-- drivers/clocksource/bcm2835_timer.c
`-- drivers/crypto/caam/jr.c
`-- drivers/crypto/nx/nx-842-powernv.c
`-- drivers/firewire/ohci.c
`-- drivers/gpu/drm/amd/amdgpu/amdgpu_fence.c
`-- drivers/gpu/drm/amd/amdgpu/amdgpu_gem.c
`-- drivers/gpu/drm/amd/scheduler/gpu_scheduler.c
`-- drivers/gpu/drm/radeon/radeon_gem.c
`-- drivers/gpu/drm/vmwgfx/vmwgfx_surface.c
`-- drivers/infiniband/hw/hfi1/file_ops.c
`-- drivers/infiniband/hw/hfi1/pio.c
`-- drivers/infiniband/hw/hfi1/ruc.c
`-- drivers/infiniband/hw/hfi1/sdma.c
`-- drivers/infiniband/hw/hfi1/sdma.h
`-- drivers/infiniband/hw/hfi1/uc.c
`-- drivers/infiniband/hw/hfi1/ud.c
`-- drivers/infiniband/hw/hfi1/user_sdma.c
`-- drivers/infiniband/hw/qib/qib_ruc.c
`-- drivers/infiniband/hw/qib/qib_uc.c
`-- drivers/infiniband/hw/qib/qib_ud.c
`-- drivers/infiniband/sw/rdmavt/qp.c
`-- drivers/input/misc/regulator-haptic.c
`-- drivers/md/dm-bufio.c
`-- drivers/md/dm-kcopyd.c
`-- drivers/md/dm-stats.c
`-- drivers/md/dm-switch.c
`-- drivers/md/dm-thin.c
`-- drivers/md/dm-verity-target.c
`-- drivers/md/dm.c
`-- drivers/md/md.c
`-- drivers/md/raid5.c
`-- drivers/misc/mic/scif/scif_rb.c
`-- drivers/misc/mic/scif/scif_rma_list.c
`-- drivers/net/bonding/bond_alb.c
`-- drivers/net/bonding/bond_main.c
`-- drivers/net/ethernet/chelsio/cxgb4/sge.c
`-- drivers/net/ethernet/emulex/benet/be_main.c
`-- drivers/net/ethernet/hisilicon/hip04_eth.c
`-- drivers/net/ethernet/intel/i40e/i40e_debugfs.c
`-- drivers/net/ethernet/intel/i40e/i40e_ethtool.c
`-- drivers/net/ethernet/intel/i40e/i40e_main.c
`-- drivers/net/ethernet/intel/i40e/i40e_ptp.c
`-- drivers/net/ethernet/intel/igb/e1000_regs.h
`-- drivers/net/ethernet/intel/igb/igb_main.c
`-- drivers/net/ethernet/intel/ixgbe/ixgbe_common.h
`-- drivers/net/ethernet/intel/ixgbe/ixgbe_main.c
`-- drivers/net/ethernet/intel/ixgbe/ixgbe_ptp.c
`-- drivers/net/ethernet/intel/ixgbevf/ixgbevf_main.c
`-- drivers/net/ethernet/intel/ixgbevf/vf.h
`-- drivers/net/ethernet/mellanox/mlx4/en_tx.c
`-- drivers/net/ethernet/neterion/vxge/vxge-main.c
`-- drivers/net/ethernet/sfc/ef10.c
`-- drivers/net/ethernet/sfc/efx.c
`-- drivers/net/ethernet/sfc/falcon/efx.c
`-- drivers/net/ethernet/sfc/falcon/falcon.c
`-- drivers/net/ethernet/sfc/falcon/farch.c
`-- drivers/net/ethernet/sfc/falcon/nic.h
`-- drivers/net/ethernet/sfc/falcon/tx.c
`-- drivers/net/ethernet/sfc/farch.c
`-- drivers/net/ethernet/sfc/nic.h
`-- drivers/net/ethernet/sfc/ptp.c
`-- drivers/net/ethernet/sfc/tx.c
`-- drivers/net/ethernet/sun/niu.c
`-- drivers/net/tap.c
`-- drivers/net/tun.c
`-- drivers/net/wireless/ath/ath5k/desc.c
`-- drivers/net/wireless/broadcom/brcm80211/brcmfmac/sdio.c
`-- drivers/net/wireless/intel/iwlwifi/mvm/ops.c
`-- drivers/net/wireless/intel/iwlwifi/mvm/tx.c
`-- drivers/net/wireless/intel/iwlwifi/pcie/rx.c
`-- drivers/net/wireless/intel/iwlwifi/pcie/trans.c
`-- drivers/net/wireless/mac80211_hwsim.c
`-- drivers/scsi/qla2xxx/qla_target.c
`-- drivers/target/target_core_user.c
`-- drivers/usb/class/cdc-wdm.c
`-- drivers/usb/core/devio.c
`-- drivers/usb/core/sysfs.c
`-- drivers/usb/gadget/udc/gr_udc.c
`-- drivers/usb/host/ohci-hcd.c
`-- drivers/usb/host/uhci-hcd.h
`-- drivers/vfio/vfio.c
`-- drivers/vhost/scsi.c
`-- fs/aio.c
`-- fs/buffer.c
`-- fs/crypto/keyinfo.c
`-- fs/direct-io.c
`-- fs/exec.c
`-- fs/fcntl.c
`-- fs/fs_pin.c
`-- fs/fuse/dev.c
`-- fs/inode.c
`-- fs/namei.c
`-- fs/namespace.c
`-- fs/nfs/dir.c
`-- fs/proc/array.c
`-- fs/proc_namespace.c
`-- fs/splice.c
`-- fs/userfaultfd.c
`-- fs/xfs/xfs_log_priv.h
`-- include/linux/bitops.h
`-- include/linux/dynamic_queue_limits.h
`-- include/linux/huge_mm.h
`-- include/linux/if_team.h
`-- include/linux/llist.h
`-- include/linux/pm_runtime.h
`-- include/net/ip_vs.h
`-- kernel/acct.c
`-- kernel/events/core.c
`-- kernel/events/ring_buffer.c
`-- kernel/exit.c
`-- kernel/trace/ring_buffer.c
`-- kernel/trace/trace.h
`-- kernel/trace/trace_stack.c
`-- kernel/user_namespace.c
`-- lib/assoc_array.c
`-- lib/dynamic_queue_limits.c
`-- lib/llist.c
`-- lib/vsprintf.c
`-- mm/huge_memory.c
`-- net/core/dev.c
`-- net/core/pktgen.c
`-- net/ipv4/inet_fragment.c
`-- net/ipv4/route.c
`-- net/ipv4/tcp_output.c
`-- net/ipv4/udp.c
`-- net/ipv6/ip6_tunnel.c
`-- net/ipv6/udp.c
`-- net/llc/llc_input.c
`-- net/mac80211/sta_info.c
`-- net/netlabel/netlabel_calipso.c
`-- net/wireless/nl80211.c
`-- sound/firewire/amdtp-am824.c
`-- sound/firewire/amdtp-stream.c
`-- sound/firewire/amdtp-stream.h
`-- sound/firewire/digi00x/amdtp-dot.c
`-- sound/firewire/fireface/amdtp-ff.c
`-- sound/firewire/fireface/ff-midi.c
`-- sound/firewire/fireface/ff-transaction.c
`-- sound/firewire/isight.c
`-- sound/firewire/motu/amdtp-motu.c
`-- sound/firewire/oxfw/oxfw-scs1x.c
`-- sound/firewire/tascam/amdtp-tascam.c
`-- sound/firewire/tascam/tascam-transaction.c
`-- sound/soc/xtensa/xtfpga-i2s.c
`-- sound/usb/bcd2000/bcd2000.c
`-- tools/arch/x86/include/asm/atomic.h
`-- tools/include/asm-generic/atomic-gcc.h
`-- tools/perf/util/auxtrace.h
`-- tools/perf/util/session.h
`-- virt/kvm/kvm_main.c
[33mcompile base commit... [0m[33mok (216s)
[0m[33mapply [0m[33m6aa7de059173... [0m[33mok (216s)
[0m[33mcompile target commit... [0m[33mok (428s)
[0mPREPARE:
[33mcollect AST for functions: regulator_haptic_resume@drivers_input_misc_regulator-haptic.c,get_max_age_hz@drivers_md_dm-bufio.c,__get_spte_lockless@arch_x86_kvm_mmu.c,xen_alloc_p2m_entry@arch_x86_xen_p2m.c,syscall_trace_enter@arch_x86_entry_common.c,wait_for_csb@drivers_crypto_nx_nx-842-powernv.c,radeon_gem_busy_ioctl@drivers_gpu_drm_radeon_radeon_gem.c,__dm_stat_init_temporary_percpu_totals@drivers_md_dm-stats.c,sdma_descq_freecnt@drivers_infiniband_hw_hfi1_sdma.h,sc_release_update@drivers_infiniband_hw_hfi1_pio.c,nmi_max_handler@arch_x86_kernel_nmi.c,user_sdma_send_pkts@drivers_infiniband_hw_hfi1_user_sdma.c,__dm_get_module_param@drivers_md_dm.c,kvm_page_track_is_active@arch_x86_kvm_page_track.c,lcd_put_byte@arch_xtensa_platforms_xtfpga_lcd.c,vmw_surface_handle_reference@drivers_gpu_drm_vmwgfx_vmwgfx_surface.c,credit_entropy_bits@drivers_char_random.c,hfi1_file_ioctl@drivers_infiniband_hw_hfi1_file_ops.c,qib_make_ud_req@drivers_infiniband_hw_qib_qib_ud.c,pm_runtime_autosuspend_expiration@drivers_base_power_runtime.c,sdma_seqfile_dump_sde@drivers_infiniband_hw_hfi1_sdma.c,qib_make_uc_req@drivers_infiniband_hw_qib_qib_uc.c,set_pool_mode@drivers_md_dm-thin.c,bcm2835_time_interrupt@drivers_clocksource_bcm2835_timer.c,sdma_make_progress@drivers_infiniband_hw_hfi1_sdma.c,dm_stats_account_io@drivers_md_dm-stats.c,handle_ir_buffer_fill@drivers_firewire_ohci.c,lcd_init@arch_xtensa_platforms_xtfpga_lcd.c,dql_avail@include_linux_dynamic_queue_limits.h,qib_ruc_loopback@drivers_infiniband_hw_qib_qib_ruc.c,sdma_ahg_alloc@drivers_infiniband_hw_hfi1_sdma.c,pm_runtime_mark_last_busy@include_linux_pm_runtime.h,rwb_sync_issue_lat@block_blk-wbt.c,amdgpu_debugfs_gem_bo_info@drivers_gpu_drm_amd_amdgpu_amdgpu_gem.c,hfi1_make_uc_req@drivers_infiniband_hw_hfi1_uc.c,kvm_mmu_pte_write@arch_x86_kvm_mmu.c,sc_buffer_alloc@drivers_infiniband_hw_hfi1_pio.c,hfi1_make_ud_req@drivers_infiniband_hw_hfi1_ud.c,hfi1_user_sdma_process_request@drivers_infiniband_hw_hfi1_user_sdma.c,ruc_loopback@drivers_infiniband_hw_hfi1_ruc.c,init_espfix_ap@arch_x86_kernel_espfix_64.c,rvt_post_send@drivers_infiniband_sw_rdmavt_qp.c,amdgpu_fence_count_emitted@drivers_gpu_drm_amd_amdgpu_amdgpu_fence.c,dev_driver_string@drivers_base_core.c,rvt_error_qp@drivers_infiniband_sw_rdmavt_qp.c,switch_region_table_read@drivers_md_dm-switch.c,gtod_read_begin@arch_x86_include_asm_vgtod.h,llist_empty@include_linux_llist.h,hfi1_user_sdma_free_queues@drivers_infiniband_hw_hfi1_user_sdma.c,is_huge_zero_page@include_linux_huge_mm.h,caam_jr_enqueue@drivers_crypto_caam_jr.c,radeon_gem_wait_idle_ioctl@drivers_gpu_drm_radeon_radeon_gem.c,sdma_gethead@drivers_infiniband_hw_hfi1_sdma.c,amdgpu_fence_wait_empty@drivers_gpu_drm_amd_amdgpu_amdgpu_fence.c,caam_jr_dequeue@drivers_crypto_caam_jr.c,rvt_qp_is_avail@drivers_infiniband_sw_rdmavt_qp.c,io_job_start@drivers_md_dm-kcopyd.c,account@drivers_char_random.c,__cache_size_refresh@drivers_md_dm-bufio.c,user_sdma_txreq_cb@drivers_infiniband_hw_hfi1_user_sdma.c,dm_stats_delete@drivers_md_dm-stats.c,x86_pmu_event_init@arch_x86_events_core.c,ar_search_last_active_buffer@drivers_firewire_ohci.c,dm_bufio_shrink_count@drivers_md_dm-bufio.c,__get_memory_limit@drivers_md_dm-bufio.c,__dm_get_module_param_int@drivers_md_dm.c,get_retain_buffers@drivers_md_dm-bufio.c,io_job_finish@drivers_md_dm-kcopyd.c
[0m[33mTransforming and linking bitcode files...
[0m[33m14s
[0mANALYZE:
COCCIGEN:
//# pattern-1, witnesses: 62
@@
expression E0;
@@
- ACCESS_ONCE(E0)
+ READ_ONCE(E0)
//# pattern-2, witnesses: 4
@@
expression E0;
@@
- E0 == ACCESS_ONCE(qp->s_head)
+ E0 == READ_ONCE(qp->s_head)
