BUILD:
[33mbase commit: 6b6e27255f29^1
[0m[33mtarget commit: 6b6e27255f29
[0m[33mchecking out base commit... [0m[33mok (1s)
[0m[33mformatting diff... [0m[33mok (1s)
[0m6 source file(s) touched in the old version
`-- drivers/net/ethernet/intel/ixgbe/ixgbe_main.c
`-- drivers/net/macvlan.c
`-- include/linux/netdevice.h
`-- net/bridge/br_fdb.c
`-- net/bridge/br_private.h
`-- net/core/dev_addr_lists.c
6 source file(s) touched in the new version
`-- drivers/net/ethernet/intel/ixgbe/ixgbe_main.c
`-- drivers/net/macvlan.c
`-- include/linux/netdevice.h
`-- net/bridge/br_fdb.c
`-- net/bridge/br_private.h
`-- net/core/dev_addr_lists.c
[33mcompile base commit... [0m[33mok (5s)
[0m[33mapply [0m[33m6b6e27255f29... [0m[33mok (5s)
[0m[33mcompile target commit... [0m[33mok (7s)
[0mPREPARE:
[33m0s
[0mANALYZE:
COCCIGEN:
