BUILD:
[33mbase commit: 6cbdceeb1cb1^1
[0m[33mtarget commit: 6cbdceeb1cb1
[0m[33mchecking out base commit... [0m[33mok (0s)
[0m[33mformatting diff... [0m[33mok (0s)
[0m7 source file(s) touched in the old version
`-- drivers/net/ethernet/intel/ixgbe/ixgbe_main.c
`-- include/linux/netdevice.h
`-- include/uapi/linux/rtnetlink.h
`-- net/bridge/br_netlink.c
`-- net/bridge/br_private.h
`-- net/bridge/br_vlan.c
`-- net/core/rtnetlink.c
7 source file(s) touched in the new version
`-- drivers/net/ethernet/intel/ixgbe/ixgbe_main.c
`-- include/linux/netdevice.h
`-- include/uapi/linux/rtnetlink.h
`-- net/bridge/br_netlink.c
`-- net/bridge/br_private.h
`-- net/bridge/br_vlan.c
`-- net/core/rtnetlink.c
[33mcompile base commit... [0m[33mok (5s)
[0m[33mapply [0m[33m6cbdceeb1cb1... [0m[33mok (5s)
[0m[33mcompile target commit... [0m[33mok (8s)
[0mPREPARE:
[33m0s
[0mANALYZE:
COCCIGEN:
