BUILD:
[33mbase commit: 7ad24ea4bf62^1
[0m[33mtarget commit: 7ad24ea4bf62
[0m[33mchecking out base commit... [0m[33mok (1s)
[0m[33mformatting diff... [0m[33mok (1s)
[0m108 source file(s) touched in the old version
`-- drivers/infiniband/ulp/ipoib/ipoib_ethtool.c
`-- drivers/net/ethernet/3com/3c509.c
`-- drivers/net/ethernet/3com/3c589_cs.c
`-- drivers/net/ethernet/3com/typhoon.c
`-- drivers/net/ethernet/adaptec/starfire.c
`-- drivers/net/ethernet/alteon/acenic.c
`-- drivers/net/ethernet/altera/altera_tse_ethtool.c
`-- drivers/net/ethernet/amd/amd8111e.c
`-- drivers/net/ethernet/amd/au1000_eth.c
`-- drivers/net/ethernet/amd/nmclan_cs.c
`-- drivers/net/ethernet/atheros/alx/main.c
`-- drivers/net/ethernet/atheros/atl1c/atl1c_ethtool.c
`-- drivers/net/ethernet/atheros/atl1e/atl1e_ethtool.c
`-- drivers/net/ethernet/atheros/atlx/atl2.c
`-- drivers/net/ethernet/broadcom/b44.c
`-- drivers/net/ethernet/broadcom/bcm63xx_enet.c
`-- drivers/net/ethernet/broadcom/bcmsysport.c
`-- drivers/net/ethernet/broadcom/bgmac.c
`-- drivers/net/ethernet/broadcom/bnx2x/bnx2x_ethtool.c
`-- drivers/net/ethernet/broadcom/genet/bcmgenet.c
`-- drivers/net/ethernet/brocade/bna/bnad_ethtool.c
`-- drivers/net/ethernet/calxeda/xgmac.c
`-- drivers/net/ethernet/chelsio/cxgb/cxgb2.c
`-- drivers/net/ethernet/chelsio/cxgb3/cxgb3_main.c
`-- drivers/net/ethernet/chelsio/cxgb4/cxgb4_main.c
`-- drivers/net/ethernet/chelsio/cxgb4vf/cxgb4vf_main.c
`-- drivers/net/ethernet/cisco/enic/enic_ethtool.c
`-- drivers/net/ethernet/dec/tulip/tulip_core.c
`-- drivers/net/ethernet/dlink/dl2k.c
`-- drivers/net/ethernet/dlink/sundance.c
`-- drivers/net/ethernet/emulex/benet/be_main.c
`-- drivers/net/ethernet/faraday/ftgmac100.c
`-- drivers/net/ethernet/faraday/ftmac100.c
`-- drivers/net/ethernet/freescale/ucc_geth_ethtool.c
`-- drivers/net/ethernet/fujitsu/fmvj18x_cs.c
`-- drivers/net/ethernet/ibm/ehea/ehea_ethtool.c
`-- drivers/net/ethernet/ibm/emac/core.c
`-- drivers/net/ethernet/icplus/ipg.c
`-- drivers/net/ethernet/intel/e100.c
`-- drivers/net/ethernet/intel/e1000/e1000_ethtool.c
`-- drivers/net/ethernet/intel/e1000e/ethtool.c
`-- drivers/net/ethernet/intel/i40e/i40e_ethtool.c
`-- drivers/net/ethernet/intel/i40evf/i40evf_ethtool.c
`-- drivers/net/ethernet/intel/igb/igb_ethtool.c
`-- drivers/net/ethernet/intel/igbvf/ethtool.c
`-- drivers/net/ethernet/intel/ixgb/ixgb_ethtool.c
`-- drivers/net/ethernet/intel/ixgbe/ixgbe_ethtool.c
`-- drivers/net/ethernet/intel/ixgbevf/ethtool.c
`-- drivers/net/ethernet/marvell/mv643xx_eth.c
`-- drivers/net/ethernet/marvell/mvneta.c
`-- drivers/net/ethernet/marvell/pxa168_eth.c
`-- drivers/net/ethernet/marvell/sky2.c
`-- drivers/net/ethernet/mellanox/mlx4/en_netdev.c
`-- drivers/net/ethernet/micrel/ks8695net.c
`-- drivers/net/ethernet/micrel/ks8851.c
`-- drivers/net/ethernet/micrel/ksz884x.c
`-- drivers/net/ethernet/microchip/enc28j60.c
`-- drivers/net/ethernet/myricom/myri10ge/myri10ge.c
`-- drivers/net/ethernet/natsemi/natsemi.c
`-- drivers/net/ethernet/natsemi/ns83820.c
`-- drivers/net/ethernet/neterion/s2io.c
`-- drivers/net/ethernet/neterion/vxge/vxge-ethtool.c
`-- drivers/net/ethernet/nvidia/forcedeth.c
`-- drivers/net/ethernet/oki-semi/pch_gbe/pch_gbe_ethtool.c
`-- drivers/net/ethernet/packetengines/hamachi.c
`-- drivers/net/ethernet/packetengines/yellowfin.c
`-- drivers/net/ethernet/qlogic/netxen/netxen_nic_main.c
`-- drivers/net/ethernet/qlogic/qla3xxx.c
`-- drivers/net/ethernet/qlogic/qlcnic/qlcnic_main.c
`-- drivers/net/ethernet/qlogic/qlge/qlge_main.c
`-- drivers/net/ethernet/realtek/r8169.c
`-- drivers/net/ethernet/renesas/sh_eth.c
`-- drivers/net/ethernet/samsung/sxgbe/sxgbe_ethtool.c
`-- drivers/net/ethernet/sfc/efx.c
`-- drivers/net/ethernet/sis/sis190.c
`-- drivers/net/ethernet/smsc/smc91c92_cs.c
`-- drivers/net/ethernet/stmicro/stmmac/stmmac_ethtool.c
`-- drivers/net/ethernet/tehuti/tehuti.c
`-- drivers/net/ethernet/ti/cpsw.c
`-- drivers/net/ethernet/ti/davinci_emac.c
`-- drivers/net/hyperv/netvsc_drv.c
`-- drivers/net/ntb_netdev.c
`-- drivers/net/rionet.c
`-- drivers/net/usb/catc.c
`-- drivers/net/usb/hso.c
`-- drivers/net/usb/ipheth.c
`-- drivers/net/usb/kaweth.c
`-- drivers/net/usb/pegasus.c
`-- drivers/net/usb/r8152.c
`-- drivers/net/usb/rtl8150.c
`-- drivers/net/virtio_net.c
`-- drivers/net/vmxnet3/vmxnet3_ethtool.c
`-- drivers/net/vxlan.c
`-- drivers/net/wireless/hostap/hostap_main.c
`-- drivers/net/xen-netback/interface.c
`-- drivers/net/xen-netfront.c
`-- drivers/s390/net/qeth_l2_main.c
`-- drivers/s390/net/qeth_l3_main.c
`-- drivers/staging/et131x/et131x.c
`-- drivers/staging/ft1000/ft1000-pcmcia/ft1000_hw.c
`-- drivers/staging/netlogic/xlr_net.c
`-- drivers/staging/octeon/ethernet.c
`-- drivers/usb/gadget/u_ether.c
`-- include/linux/netdevice.h
`-- net/batman-adv/soft-interface.c
`-- net/bridge/br_device.c
`-- net/dsa/slave.c
`-- net/openvswitch/vport-internal_dev.c
108 source file(s) touched in the new version
`-- drivers/infiniband/ulp/ipoib/ipoib_ethtool.c
`-- drivers/net/ethernet/3com/3c509.c
`-- drivers/net/ethernet/3com/3c589_cs.c
`-- drivers/net/ethernet/3com/typhoon.c
`-- drivers/net/ethernet/adaptec/starfire.c
`-- drivers/net/ethernet/alteon/acenic.c
`-- drivers/net/ethernet/altera/altera_tse_ethtool.c
`-- drivers/net/ethernet/amd/amd8111e.c
`-- drivers/net/ethernet/amd/au1000_eth.c
`-- drivers/net/ethernet/amd/nmclan_cs.c
`-- drivers/net/ethernet/atheros/alx/main.c
`-- drivers/net/ethernet/atheros/atl1c/atl1c_ethtool.c
`-- drivers/net/ethernet/atheros/atl1e/atl1e_ethtool.c
`-- drivers/net/ethernet/atheros/atlx/atl2.c
`-- drivers/net/ethernet/broadcom/b44.c
`-- drivers/net/ethernet/broadcom/bcm63xx_enet.c
`-- drivers/net/ethernet/broadcom/bcmsysport.c
`-- drivers/net/ethernet/broadcom/bgmac.c
`-- drivers/net/ethernet/broadcom/bnx2x/bnx2x_ethtool.c
`-- drivers/net/ethernet/broadcom/genet/bcmgenet.c
`-- drivers/net/ethernet/brocade/bna/bnad_ethtool.c
`-- drivers/net/ethernet/calxeda/xgmac.c
`-- drivers/net/ethernet/chelsio/cxgb/cxgb2.c
`-- drivers/net/ethernet/chelsio/cxgb3/cxgb3_main.c
`-- drivers/net/ethernet/chelsio/cxgb4/cxgb4_main.c
`-- drivers/net/ethernet/chelsio/cxgb4vf/cxgb4vf_main.c
`-- drivers/net/ethernet/cisco/enic/enic_ethtool.c
`-- drivers/net/ethernet/dec/tulip/tulip_core.c
`-- drivers/net/ethernet/dlink/dl2k.c
`-- drivers/net/ethernet/dlink/sundance.c
`-- drivers/net/ethernet/emulex/benet/be_main.c
`-- drivers/net/ethernet/faraday/ftgmac100.c
`-- drivers/net/ethernet/faraday/ftmac100.c
`-- drivers/net/ethernet/freescale/ucc_geth_ethtool.c
`-- drivers/net/ethernet/fujitsu/fmvj18x_cs.c
`-- drivers/net/ethernet/ibm/ehea/ehea_ethtool.c
`-- drivers/net/ethernet/ibm/emac/core.c
`-- drivers/net/ethernet/icplus/ipg.c
`-- drivers/net/ethernet/intel/e100.c
`-- drivers/net/ethernet/intel/e1000/e1000_ethtool.c
`-- drivers/net/ethernet/intel/e1000e/ethtool.c
`-- drivers/net/ethernet/intel/i40e/i40e_ethtool.c
`-- drivers/net/ethernet/intel/i40evf/i40evf_ethtool.c
`-- drivers/net/ethernet/intel/igb/igb_ethtool.c
`-- drivers/net/ethernet/intel/igbvf/ethtool.c
`-- drivers/net/ethernet/intel/ixgb/ixgb_ethtool.c
`-- drivers/net/ethernet/intel/ixgbe/ixgbe_ethtool.c
`-- drivers/net/ethernet/intel/ixgbevf/ethtool.c
`-- drivers/net/ethernet/marvell/mv643xx_eth.c
`-- drivers/net/ethernet/marvell/mvneta.c
`-- drivers/net/ethernet/marvell/pxa168_eth.c
`-- drivers/net/ethernet/marvell/sky2.c
`-- drivers/net/ethernet/mellanox/mlx4/en_netdev.c
`-- drivers/net/ethernet/micrel/ks8695net.c
`-- drivers/net/ethernet/micrel/ks8851.c
`-- drivers/net/ethernet/micrel/ksz884x.c
`-- drivers/net/ethernet/microchip/enc28j60.c
`-- drivers/net/ethernet/myricom/myri10ge/myri10ge.c
`-- drivers/net/ethernet/natsemi/natsemi.c
`-- drivers/net/ethernet/natsemi/ns83820.c
`-- drivers/net/ethernet/neterion/s2io.c
`-- drivers/net/ethernet/neterion/vxge/vxge-ethtool.c
`-- drivers/net/ethernet/nvidia/forcedeth.c
`-- drivers/net/ethernet/oki-semi/pch_gbe/pch_gbe_ethtool.c
`-- drivers/net/ethernet/packetengines/hamachi.c
`-- drivers/net/ethernet/packetengines/yellowfin.c
`-- drivers/net/ethernet/qlogic/netxen/netxen_nic_main.c
`-- drivers/net/ethernet/qlogic/qla3xxx.c
`-- drivers/net/ethernet/qlogic/qlcnic/qlcnic_main.c
`-- drivers/net/ethernet/qlogic/qlge/qlge_main.c
`-- drivers/net/ethernet/realtek/r8169.c
`-- drivers/net/ethernet/renesas/sh_eth.c
`-- drivers/net/ethernet/samsung/sxgbe/sxgbe_ethtool.c
`-- drivers/net/ethernet/sfc/efx.c
`-- drivers/net/ethernet/sis/sis190.c
`-- drivers/net/ethernet/smsc/smc91c92_cs.c
`-- drivers/net/ethernet/stmicro/stmmac/stmmac_ethtool.c
`-- drivers/net/ethernet/tehuti/tehuti.c
`-- drivers/net/ethernet/ti/cpsw.c
`-- drivers/net/ethernet/ti/davinci_emac.c
`-- drivers/net/hyperv/netvsc_drv.c
`-- drivers/net/ntb_netdev.c
`-- drivers/net/rionet.c
`-- drivers/net/usb/catc.c
`-- drivers/net/usb/hso.c
`-- drivers/net/usb/ipheth.c
`-- drivers/net/usb/kaweth.c
`-- drivers/net/usb/pegasus.c
`-- drivers/net/usb/r8152.c
`-- drivers/net/usb/rtl8150.c
`-- drivers/net/virtio_net.c
`-- drivers/net/vmxnet3/vmxnet3_ethtool.c
`-- drivers/net/vxlan.c
`-- drivers/net/wireless/hostap/hostap_main.c
`-- drivers/net/xen-netback/interface.c
`-- drivers/net/xen-netfront.c
`-- drivers/s390/net/qeth_l2_main.c
`-- drivers/s390/net/qeth_l3_main.c
`-- drivers/staging/et131x/et131x.c
`-- drivers/staging/ft1000/ft1000-pcmcia/ft1000_hw.c
`-- drivers/staging/netlogic/xlr_net.c
`-- drivers/staging/octeon/ethernet.c
`-- drivers/usb/gadget/u_ether.c
`-- include/linux/netdevice.h
`-- net/batman-adv/soft-interface.c
`-- net/bridge/br_device.c
`-- net/dsa/slave.c
`-- net/openvswitch/vport-internal_dev.c
[33mcompile base commit... [0m[33mok (9s)
[0m[33mapply [0m[33m7ad24ea4bf62... [0m[33mok (10s)
[0m[33mcompile target commit... [0m[33mok (13s)
[0mPREPARE:
[33m0s
[0mANALYZE:
COCCIGEN:
