BUILD:
[33mbase commit: 7d4f8d871ab1^1
[0m[33mtarget commit: 7d4f8d871ab1
[0m[33mchecking out base commit... [0m[33mok (3s)
[0m[33mformatting diff... [0m[33mok (3s)
[0m7 source file(s) touched in the old version
`-- drivers/net/ethernet/emulex/benet/be_main.c
`-- drivers/net/ethernet/intel/i40e/i40e_main.c
`-- drivers/net/ethernet/intel/ixgbe/ixgbe_main.c
`-- drivers/net/ethernet/rocker/rocker.c
`-- include/linux/rtnetlink.h
`-- net/core/rtnetlink.c
`-- net/switchdev/switchdev.c
7 source file(s) touched in the new version
`-- drivers/net/ethernet/emulex/benet/be_main.c
`-- drivers/net/ethernet/intel/i40e/i40e_main.c
`-- drivers/net/ethernet/intel/ixgbe/ixgbe_main.c
`-- drivers/net/ethernet/rocker/rocker.c
`-- include/linux/rtnetlink.h
`-- net/core/rtnetlink.c
`-- net/switchdev/switchdev.c
[33mcompile base commit... [0m[33mok (22s)
[0m[33mapply [0m[33m7d4f8d871ab1... [0m[33mok (22s)
[0m[33mcompile target commit... [0m[33mok (38s)
[0mPREPARE:
[33mcollect AST for functions: ndo_dflt_bridge_getlink@net_core_rtnetlink.c,switchdev_port_bridge_getlink@net_switchdev_switchdev.c,rocker_port_obj_dump@drivers_net_ethernet_rocker_rocker.c,be_ndo_bridge_getlink@drivers_net_ethernet_emulex_benet_be_main.c,ixgbe_ndo_bridge_getlink@drivers_net_ethernet_intel_ixgbe_ixgbe_main.c
[0m[33mTransforming and linking bitcode files...
[0m[33m4s
[0mANALYZE:
COCCIGEN:
//# pattern-4, witnesses: 2
@@
expression E0;
identifier dev;
identifier filter_mask;
identifier fn;
identifier nlflags;
identifier pid;
identifier seq;
identifier skb;
typedef u32;
@@
 int fn(struct sk_buff * skb, u32 pid, u32 seq, struct net_device * dev, u32 filter_mask, int nlflags)
 {
     <...
- ndo_dflt_bridge_getlink(skb, pid, seq, dev, E0, 0, 0, nlflags)
+ ndo_dflt_bridge_getlink(skb, pid, seq, dev, E0, 0, 0, nlflags, filter_mask, NULL)
     ...>
 }
