BUILD:
[33mbase commit: 827da44c6141^1
[0m[33mtarget commit: 827da44c6141
[0m[33mchecking out base commit... [0m[33mok (3s)
[0m[33mformatting diff... [0m[33mok (4s)
[0m34 source file(s) touched in the old version
`-- drivers/net/dummy.c
`-- drivers/net/ethernet/emulex/benet/be_main.c
`-- drivers/net/ethernet/intel/igb/igb_main.c
`-- drivers/net/ethernet/intel/ixgbe/ixgbe_main.c
`-- drivers/net/ethernet/marvell/mvneta.c
`-- drivers/net/ethernet/marvell/sky2.c
`-- drivers/net/ethernet/neterion/vxge/vxge-main.c
`-- drivers/net/ethernet/nvidia/forcedeth.c
`-- drivers/net/ethernet/realtek/8139too.c
`-- drivers/net/ethernet/tile/tilepro.c
`-- drivers/net/ethernet/via/via-rhine.c
`-- drivers/net/ifb.c
`-- drivers/net/loopback.c
`-- drivers/net/macvlan.c
`-- drivers/net/nlmon.c
`-- drivers/net/team/team.c
`-- drivers/net/team/team_mode_loadbalance.c
`-- drivers/net/veth.c
`-- drivers/net/virtio_net.c
`-- drivers/net/vxlan.c
`-- drivers/net/xen-netfront.c
`-- include/linux/u64_stats_sync.h
`-- net/8021q/vlan_dev.c
`-- net/bridge/br_device.c
`-- net/ipv4/af_inet.c
`-- net/ipv4/ip_tunnel.c
`-- net/ipv6/addrconf.c
`-- net/ipv6/af_inet6.c
`-- net/ipv6/ip6_gre.c
`-- net/ipv6/ip6_tunnel.c
`-- net/ipv6/sit.c
`-- net/netfilter/ipvs/ip_vs_ctl.c
`-- net/openvswitch/datapath.c
`-- net/openvswitch/vport.c
34 source file(s) touched in the new version
`-- drivers/net/dummy.c
`-- drivers/net/ethernet/emulex/benet/be_main.c
`-- drivers/net/ethernet/intel/igb/igb_main.c
`-- drivers/net/ethernet/intel/ixgbe/ixgbe_main.c
`-- drivers/net/ethernet/marvell/mvneta.c
`-- drivers/net/ethernet/marvell/sky2.c
`-- drivers/net/ethernet/neterion/vxge/vxge-main.c
`-- drivers/net/ethernet/nvidia/forcedeth.c
`-- drivers/net/ethernet/realtek/8139too.c
`-- drivers/net/ethernet/tile/tilepro.c
`-- drivers/net/ethernet/via/via-rhine.c
`-- drivers/net/ifb.c
`-- drivers/net/loopback.c
`-- drivers/net/macvlan.c
`-- drivers/net/nlmon.c
`-- drivers/net/team/team.c
`-- drivers/net/team/team_mode_loadbalance.c
`-- drivers/net/veth.c
`-- drivers/net/virtio_net.c
`-- drivers/net/vxlan.c
`-- drivers/net/xen-netfront.c
`-- include/linux/u64_stats_sync.h
`-- net/8021q/vlan_dev.c
`-- net/bridge/br_device.c
`-- net/ipv4/af_inet.c
`-- net/ipv4/ip_tunnel.c
`-- net/ipv6/addrconf.c
`-- net/ipv6/af_inet6.c
`-- net/ipv6/ip6_gre.c
`-- net/ipv6/ip6_tunnel.c
`-- net/ipv6/sit.c
`-- net/netfilter/ipvs/ip_vs_ctl.c
`-- net/openvswitch/datapath.c
`-- net/openvswitch/vport.c
[33mcompile base commit... [0m[33mok (9s)
[0m[33mapply [0m[33m827da44c6141... [0m[33mok (9s)
[0m[33mcompile target commit... [0m[33mok (11s)
[0mPREPARE:
[33m0s
[0mANALYZE:
COCCIGEN:
