BUILD:
[33mbase commit: 860e9538a948^1
[0m[33mtarget commit: 860e9538a948
[0m[33mchecking out base commit... [0m[33mok (2s)
[0m[33mformatting diff... [0m[33mok (2s)
[0m156 source file(s) touched in the old version
`-- arch/um/drivers/net_kern.c
`-- arch/xtensa/platforms/iss/network.c
`-- drivers/char/pcmcia/synclink_cs.c
`-- drivers/firewire/net.c
`-- drivers/infiniband/hw/nes/nes_nic.c
`-- drivers/infiniband/ulp/ipoib/ipoib_cm.c
`-- drivers/infiniband/ulp/ipoib/ipoib_ib.c
`-- drivers/isdn/hysdn/hysdn_net.c
`-- drivers/isdn/i4l/isdn_net.c
`-- drivers/isdn/i4l/isdn_x25iface.c
`-- drivers/message/fusion/mptlan.c
`-- drivers/net/appletalk/cops.c
`-- drivers/net/can/mscan/mscan.c
`-- drivers/net/can/usb/ems_usb.c
`-- drivers/net/can/usb/esd_usb2.c
`-- drivers/net/can/usb/peak_usb/pcan_usb_core.c
`-- drivers/net/cris/eth_v10.c
`-- drivers/net/ethernet/3com/3c509.c
`-- drivers/net/ethernet/3com/3c515.c
`-- drivers/net/ethernet/3com/3c574_cs.c
`-- drivers/net/ethernet/3com/3c589_cs.c
`-- drivers/net/ethernet/3com/3c59x.c
`-- drivers/net/ethernet/8390/axnet_cs.c
`-- drivers/net/ethernet/8390/lib8390.c
`-- drivers/net/ethernet/adaptec/starfire.c
`-- drivers/net/ethernet/adi/bfin_mac.c
`-- drivers/net/ethernet/agere/et131x.c
`-- drivers/net/ethernet/allwinner/sun4i-emac.c
`-- drivers/net/ethernet/amd/7990.c
`-- drivers/net/ethernet/amd/a2065.c
`-- drivers/net/ethernet/amd/atarilance.c
`-- drivers/net/ethernet/amd/au1000_eth.c
`-- drivers/net/ethernet/amd/declance.c
`-- drivers/net/ethernet/amd/lance.c
`-- drivers/net/ethernet/amd/ni65.c
`-- drivers/net/ethernet/amd/nmclan_cs.c
`-- drivers/net/ethernet/amd/pcnet32.c
`-- drivers/net/ethernet/amd/sunlance.c
`-- drivers/net/ethernet/atheros/alx/main.c
`-- drivers/net/ethernet/broadcom/bcmsysport.c
`-- drivers/net/ethernet/broadcom/genet/bcmgenet.c
`-- drivers/net/ethernet/broadcom/sb1250-mac.c
`-- drivers/net/ethernet/broadcom/tg3.c
`-- drivers/net/ethernet/cavium/liquidio/lio_main.c
`-- drivers/net/ethernet/cavium/octeon/octeon_mgmt.c
`-- drivers/net/ethernet/cavium/thunder/nicvf_main.c
`-- drivers/net/ethernet/chelsio/cxgb4vf/sge.c
`-- drivers/net/ethernet/davicom/dm9000.c
`-- drivers/net/ethernet/dec/tulip/de4x5.c
`-- drivers/net/ethernet/dec/tulip/dmfe.c
`-- drivers/net/ethernet/dec/tulip/pnic.c
`-- drivers/net/ethernet/dec/tulip/tulip_core.c
`-- drivers/net/ethernet/dec/tulip/uli526x.c
`-- drivers/net/ethernet/dec/tulip/winbond-840.c
`-- drivers/net/ethernet/dlink/dl2k.c
`-- drivers/net/ethernet/dlink/sundance.c
`-- drivers/net/ethernet/fealnx.c
`-- drivers/net/ethernet/freescale/gianfar.c
`-- drivers/net/ethernet/fujitsu/fmvj18x_cs.c
`-- drivers/net/ethernet/hisilicon/hix5hd2_gmac.c
`-- drivers/net/ethernet/hisilicon/hns/hns_enet.c
`-- drivers/net/ethernet/hp/hp100.c
`-- drivers/net/ethernet/i825xx/82596.c
`-- drivers/net/ethernet/i825xx/lib82596.c
`-- drivers/net/ethernet/i825xx/sun3_82586.c
`-- drivers/net/ethernet/ibm/emac/core.c
`-- drivers/net/ethernet/intel/fm10k/fm10k_pci.c
`-- drivers/net/ethernet/intel/ixgbe/ixgbe_main.c
`-- drivers/net/ethernet/korina.c
`-- drivers/net/ethernet/lantiq_etop.c
`-- drivers/net/ethernet/marvell/pxa168_eth.c
`-- drivers/net/ethernet/marvell/sky2.c
`-- drivers/net/ethernet/micrel/ksz884x.c
`-- drivers/net/ethernet/microchip/encx24j600.c
`-- drivers/net/ethernet/moxa/moxart_ether.c
`-- drivers/net/ethernet/natsemi/natsemi.c
`-- drivers/net/ethernet/natsemi/sonic.c
`-- drivers/net/ethernet/nuvoton/w90p910_ether.c
`-- drivers/net/ethernet/packetengines/hamachi.c
`-- drivers/net/ethernet/packetengines/yellowfin.c
`-- drivers/net/ethernet/qlogic/netxen/netxen_nic_main.c
`-- drivers/net/ethernet/qualcomm/qca_spi.c
`-- drivers/net/ethernet/realtek/atp.c
`-- drivers/net/ethernet/seeq/sgiseeq.c
`-- drivers/net/ethernet/sgi/meth.c
`-- drivers/net/ethernet/sis/sis900.c
`-- drivers/net/ethernet/smsc/epic100.c
`-- drivers/net/ethernet/smsc/smc911x.c
`-- drivers/net/ethernet/smsc/smc9194.c
`-- drivers/net/ethernet/smsc/smc91c92_cs.c
`-- drivers/net/ethernet/smsc/smc91x.c
`-- drivers/net/ethernet/sun/niu.c
`-- drivers/net/ethernet/sun/sungem.c
`-- drivers/net/ethernet/synopsys/dwc_eth_qos.c
`-- drivers/net/ethernet/tehuti/tehuti.c
`-- drivers/net/ethernet/ti/cpsw.c
`-- drivers/net/ethernet/ti/netcp_core.c
`-- drivers/net/ethernet/ti/tlan.c
`-- drivers/net/ethernet/tile/tilepro.c
`-- drivers/net/ethernet/toshiba/spider_net.c
`-- drivers/net/ethernet/via/via-rhine.c
`-- drivers/net/ethernet/wiznet/w5100.c
`-- drivers/net/ethernet/wiznet/w5300.c
`-- drivers/net/ethernet/xilinx/ll_temac_main.c
`-- drivers/net/ethernet/xilinx/xilinx_axienet_main.c
`-- drivers/net/ethernet/xilinx/xilinx_emaclite.c
`-- drivers/net/ethernet/xircom/xirc2ps_cs.c
`-- drivers/net/fjes/fjes_main.c
`-- drivers/net/hamradio/mkiss.c
`-- drivers/net/hamradio/scc.c
`-- drivers/net/hamradio/yam.c
`-- drivers/net/irda/ali-ircc.c
`-- drivers/net/irda/bfin_sir.c
`-- drivers/net/irda/irda-usb.c
`-- drivers/net/irda/nsc-ircc.c
`-- drivers/net/irda/smsc-ircc2.c
`-- drivers/net/irda/stir4200.c
`-- drivers/net/irda/via-ircc.c
`-- drivers/net/slip/slip.c
`-- drivers/net/usb/catc.c
`-- drivers/net/usb/kaweth.c
`-- drivers/net/usb/lan78xx.c
`-- drivers/net/usb/pegasus.c
`-- drivers/net/usb/rtl8150.c
`-- drivers/net/usb/usbnet.c
`-- drivers/net/wan/cosa.c
`-- drivers/net/wan/farsync.c
`-- drivers/net/wan/lmc/lmc_main.c
`-- drivers/net/wan/sbni.c
`-- drivers/net/wimax/i2400m/netdev.c
`-- drivers/net/wireless/cisco/airo.c
`-- drivers/net/wireless/intel/ipw2x00/ipw2100.c
`-- drivers/net/wireless/intel/ipw2x00/ipw2200.c
`-- drivers/net/wireless/intersil/hostap/hostap_hw.c
`-- drivers/net/wireless/intersil/orinoco/main.c
`-- drivers/net/wireless/intersil/orinoco/orinoco_usb.c
`-- drivers/net/wireless/marvell/mwifiex/init.c
`-- drivers/net/wireless/wl3501_cs.c
`-- drivers/net/wireless/zydas/zd1201.c
`-- drivers/s390/net/ctcm_main.c
`-- drivers/s390/net/ctcm_mpc.c
`-- drivers/s390/net/netiucv.c
`-- drivers/staging/rtl8192e/rtl8192e/rtl_core.c
`-- drivers/staging/rtl8192u/ieee80211/ieee80211_softmac.c
`-- drivers/staging/rtl8192u/r8192U_core.c
`-- drivers/staging/wlan-ng/p80211netdev.c
`-- drivers/tty/n_gsm.c
`-- drivers/tty/synclink.c
`-- drivers/tty/synclink_gt.c
`-- drivers/tty/synclinkmp.c
`-- drivers/usb/gadget/function/u_ether.c
`-- net/atm/lec.c
`-- net/batman-adv/soft-interface.c
`-- net/bluetooth/bnep/netdev.c
`-- net/irda/irlan/irlan_eth.c
`-- net/sched/sch_generic.c
156 source file(s) touched in the new version
`-- arch/um/drivers/net_kern.c
`-- arch/xtensa/platforms/iss/network.c
`-- drivers/char/pcmcia/synclink_cs.c
`-- drivers/firewire/net.c
`-- drivers/infiniband/hw/nes/nes_nic.c
`-- drivers/infiniband/ulp/ipoib/ipoib_cm.c
`-- drivers/infiniband/ulp/ipoib/ipoib_ib.c
`-- drivers/isdn/hysdn/hysdn_net.c
`-- drivers/isdn/i4l/isdn_net.c
`-- drivers/isdn/i4l/isdn_x25iface.c
`-- drivers/message/fusion/mptlan.c
`-- drivers/net/appletalk/cops.c
`-- drivers/net/can/mscan/mscan.c
`-- drivers/net/can/usb/ems_usb.c
`-- drivers/net/can/usb/esd_usb2.c
`-- drivers/net/can/usb/peak_usb/pcan_usb_core.c
`-- drivers/net/cris/eth_v10.c
`-- drivers/net/ethernet/3com/3c509.c
`-- drivers/net/ethernet/3com/3c515.c
`-- drivers/net/ethernet/3com/3c574_cs.c
`-- drivers/net/ethernet/3com/3c589_cs.c
`-- drivers/net/ethernet/3com/3c59x.c
`-- drivers/net/ethernet/8390/axnet_cs.c
`-- drivers/net/ethernet/8390/lib8390.c
`-- drivers/net/ethernet/adaptec/starfire.c
`-- drivers/net/ethernet/adi/bfin_mac.c
`-- drivers/net/ethernet/agere/et131x.c
`-- drivers/net/ethernet/allwinner/sun4i-emac.c
`-- drivers/net/ethernet/amd/7990.c
`-- drivers/net/ethernet/amd/a2065.c
`-- drivers/net/ethernet/amd/atarilance.c
`-- drivers/net/ethernet/amd/au1000_eth.c
`-- drivers/net/ethernet/amd/declance.c
`-- drivers/net/ethernet/amd/lance.c
`-- drivers/net/ethernet/amd/ni65.c
`-- drivers/net/ethernet/amd/nmclan_cs.c
`-- drivers/net/ethernet/amd/pcnet32.c
`-- drivers/net/ethernet/amd/sunlance.c
`-- drivers/net/ethernet/atheros/alx/main.c
`-- drivers/net/ethernet/broadcom/bcmsysport.c
`-- drivers/net/ethernet/broadcom/genet/bcmgenet.c
`-- drivers/net/ethernet/broadcom/sb1250-mac.c
`-- drivers/net/ethernet/broadcom/tg3.c
`-- drivers/net/ethernet/cavium/liquidio/lio_main.c
`-- drivers/net/ethernet/cavium/octeon/octeon_mgmt.c
`-- drivers/net/ethernet/cavium/thunder/nicvf_main.c
`-- drivers/net/ethernet/chelsio/cxgb4vf/sge.c
`-- drivers/net/ethernet/davicom/dm9000.c
`-- drivers/net/ethernet/dec/tulip/de4x5.c
`-- drivers/net/ethernet/dec/tulip/dmfe.c
`-- drivers/net/ethernet/dec/tulip/pnic.c
`-- drivers/net/ethernet/dec/tulip/tulip_core.c
`-- drivers/net/ethernet/dec/tulip/uli526x.c
`-- drivers/net/ethernet/dec/tulip/winbond-840.c
`-- drivers/net/ethernet/dlink/dl2k.c
`-- drivers/net/ethernet/dlink/sundance.c
`-- drivers/net/ethernet/fealnx.c
`-- drivers/net/ethernet/freescale/gianfar.c
`-- drivers/net/ethernet/fujitsu/fmvj18x_cs.c
`-- drivers/net/ethernet/hisilicon/hix5hd2_gmac.c
`-- drivers/net/ethernet/hisilicon/hns/hns_enet.c
`-- drivers/net/ethernet/hp/hp100.c
`-- drivers/net/ethernet/i825xx/82596.c
`-- drivers/net/ethernet/i825xx/lib82596.c
`-- drivers/net/ethernet/i825xx/sun3_82586.c
`-- drivers/net/ethernet/ibm/emac/core.c
`-- drivers/net/ethernet/intel/fm10k/fm10k_pci.c
`-- drivers/net/ethernet/intel/ixgbe/ixgbe_main.c
`-- drivers/net/ethernet/korina.c
`-- drivers/net/ethernet/lantiq_etop.c
`-- drivers/net/ethernet/marvell/pxa168_eth.c
`-- drivers/net/ethernet/marvell/sky2.c
`-- drivers/net/ethernet/micrel/ksz884x.c
`-- drivers/net/ethernet/microchip/encx24j600.c
`-- drivers/net/ethernet/moxa/moxart_ether.c
`-- drivers/net/ethernet/natsemi/natsemi.c
`-- drivers/net/ethernet/natsemi/sonic.c
`-- drivers/net/ethernet/nuvoton/w90p910_ether.c
`-- drivers/net/ethernet/packetengines/hamachi.c
`-- drivers/net/ethernet/packetengines/yellowfin.c
`-- drivers/net/ethernet/qlogic/netxen/netxen_nic_main.c
`-- drivers/net/ethernet/qualcomm/qca_spi.c
`-- drivers/net/ethernet/realtek/atp.c
`-- drivers/net/ethernet/seeq/sgiseeq.c
`-- drivers/net/ethernet/sgi/meth.c
`-- drivers/net/ethernet/sis/sis900.c
`-- drivers/net/ethernet/smsc/epic100.c
`-- drivers/net/ethernet/smsc/smc911x.c
`-- drivers/net/ethernet/smsc/smc9194.c
`-- drivers/net/ethernet/smsc/smc91c92_cs.c
`-- drivers/net/ethernet/smsc/smc91x.c
`-- drivers/net/ethernet/sun/niu.c
`-- drivers/net/ethernet/sun/sungem.c
`-- drivers/net/ethernet/synopsys/dwc_eth_qos.c
`-- drivers/net/ethernet/tehuti/tehuti.c
`-- drivers/net/ethernet/ti/cpsw.c
`-- drivers/net/ethernet/ti/netcp_core.c
`-- drivers/net/ethernet/ti/tlan.c
`-- drivers/net/ethernet/tile/tilepro.c
`-- drivers/net/ethernet/toshiba/spider_net.c
`-- drivers/net/ethernet/via/via-rhine.c
`-- drivers/net/ethernet/wiznet/w5100.c
`-- drivers/net/ethernet/wiznet/w5300.c
`-- drivers/net/ethernet/xilinx/ll_temac_main.c
`-- drivers/net/ethernet/xilinx/xilinx_axienet_main.c
`-- drivers/net/ethernet/xilinx/xilinx_emaclite.c
`-- drivers/net/ethernet/xircom/xirc2ps_cs.c
`-- drivers/net/fjes/fjes_main.c
`-- drivers/net/hamradio/mkiss.c
`-- drivers/net/hamradio/scc.c
`-- drivers/net/hamradio/yam.c
`-- drivers/net/irda/ali-ircc.c
`-- drivers/net/irda/bfin_sir.c
`-- drivers/net/irda/irda-usb.c
`-- drivers/net/irda/nsc-ircc.c
`-- drivers/net/irda/smsc-ircc2.c
`-- drivers/net/irda/stir4200.c
`-- drivers/net/irda/via-ircc.c
`-- drivers/net/slip/slip.c
`-- drivers/net/usb/catc.c
`-- drivers/net/usb/kaweth.c
`-- drivers/net/usb/lan78xx.c
`-- drivers/net/usb/pegasus.c
`-- drivers/net/usb/rtl8150.c
`-- drivers/net/usb/usbnet.c
`-- drivers/net/wan/cosa.c
`-- drivers/net/wan/farsync.c
`-- drivers/net/wan/lmc/lmc_main.c
`-- drivers/net/wan/sbni.c
`-- drivers/net/wimax/i2400m/netdev.c
`-- drivers/net/wireless/cisco/airo.c
`-- drivers/net/wireless/intel/ipw2x00/ipw2100.c
`-- drivers/net/wireless/intel/ipw2x00/ipw2200.c
`-- drivers/net/wireless/intersil/hostap/hostap_hw.c
`-- drivers/net/wireless/intersil/orinoco/main.c
`-- drivers/net/wireless/intersil/orinoco/orinoco_usb.c
`-- drivers/net/wireless/marvell/mwifiex/init.c
`-- drivers/net/wireless/wl3501_cs.c
`-- drivers/net/wireless/zydas/zd1201.c
`-- drivers/s390/net/ctcm_main.c
`-- drivers/s390/net/ctcm_mpc.c
`-- drivers/s390/net/netiucv.c
`-- drivers/staging/rtl8192e/rtl8192e/rtl_core.c
`-- drivers/staging/rtl8192u/ieee80211/ieee80211_softmac.c
`-- drivers/staging/rtl8192u/r8192U_core.c
`-- drivers/staging/wlan-ng/p80211netdev.c
`-- drivers/tty/n_gsm.c
`-- drivers/tty/synclink.c
`-- drivers/tty/synclink_gt.c
`-- drivers/tty/synclinkmp.c
`-- drivers/usb/gadget/function/u_ether.c
`-- net/atm/lec.c
`-- net/batman-adv/soft-interface.c
`-- net/bluetooth/bnep/netdev.c
`-- net/irda/irlan/irlan_eth.c
`-- net/sched/sch_generic.c
[33mcompile base commit... [0m[33mok (71s)
[0m[33mapply [0m[33m860e9538a948... [0m[33mok (71s)
[0m[33mcompile target commit... [0m[33mok (134s)
[0mPREPARE:
[33mcollect AST for functions: ipoib_cm_send@drivers_infiniband_ulp_ipoib_ipoib_cm.c,tx_timeout@drivers_net_ethernet_adaptec_starfire.c,isdn_x25iface_xmit@drivers_isdn_i4l_isdn_x25iface.c,mace_tx_timeout@drivers_net_ethernet_amd_nmclan_cs.c,emac_timeout@drivers_net_ethernet_allwinner_sun4i-emac.c,peak_usb_ndo_start_xmit@drivers_net_can_usb_peak_usb_pcan_usb_core.c,nes_netdev_start_xmit@drivers_infiniband_hw_nes_nes_nic.c,lance_reset@drivers_net_ethernet_amd_sunlance.c,et131x_tx@drivers_net_ethernet_agere_et131x.c,lance_reset@drivers_net_ethernet_amd_a2065.c,bfin_mac_timeout@drivers_net_ethernet_adi_bfin_mac.c,el3_tx_timeout@drivers_net_ethernet_3com_3c574_cs.c,lance_reset@drivers_net_ethernet_amd_7990.c,hdlcdev_xmit@drivers_char_pcmcia_synclink_cs.c,peak_usb_write_bulk_callback@drivers_net_can_usb_peak_usb_pcan_usb_core.c,ni65_timeout@drivers_net_ethernet_amd_ni65.c,isdn_net_start_xmit@drivers_isdn_i4l_isdn_net.c,mpt_lan_sdu_send@drivers_message_fusion_mptlan.c,hdlcdev_open@drivers_char_pcmcia_synclink_cs.c,bcm_sysport_tx_timeout@drivers_net_ethernet_broadcom_bcmsysport.c,iss_net_start_xmit@arch_xtensa_platforms_iss_network.c,esd_usb2_write_bulk_callback@drivers_net_can_usb_esd_usb2.c,lance_reset@drivers_net_ethernet_amd_declance.c,ei_tx_intr@drivers_net_ethernet_8390_axnet_cs.c,vortex_tx_timeout@drivers_net_ethernet_3com_3c59x.c,ems_usb_start_xmit@drivers_net_can_usb_ems_usb.c,ipoib_send@drivers_infiniband_ulp_ipoib_ipoib_ib.c,e100_send_packet@drivers_net_cris_eth_v10.c,fwnet_send_packet@drivers_firewire_net.c,lance_tx_timeout@drivers_net_ethernet_amd_lance.c,el3_tx_timeout@drivers_net_ethernet_3com_3c589_cs.c,pcnet32_netif_stop@drivers_net_ethernet_amd_pcnet32.c,el3_tx_timeout@drivers_net_ethernet_3com_3c509.c,emac_start_xmit@drivers_net_ethernet_allwinner_sun4i-emac.c,esd_usb2_start_xmit@drivers_net_can_usb_esd_usb2.c,alx_netif_stop@drivers_net_ethernet_atheros_alx_main.c,mscan_isr@drivers_net_can_mscan_mscan.c,et131x_down@drivers_net_ethernet_agere_et131x.c,ni65_stop_start@drivers_net_ethernet_amd_ni65.c,pcnet32_tx_timeout@drivers_net_ethernet_amd_pcnet32.c,corkscrew_timeout@drivers_net_ethernet_3com_3c515.c,cops_timeout@drivers_net_appletalk_cops.c,bcmgenet_timeout@drivers_net_ethernet_broadcom_genet_bcmgenet.c,lance_tx_timeout@drivers_net_ethernet_amd_7990.c,axnet_start_xmit@drivers_net_ethernet_8390_axnet_cs.c,au1000_tx_timeout@drivers_net_ethernet_amd_au1000_eth.c,isdn_net_tx_timeout@drivers_isdn_i4l_isdn_net.c,mscan_start_xmit@drivers_net_can_mscan_mscan.c,lance_tx_timeout@drivers_net_ethernet_amd_atarilance.c,net_send_packet@drivers_isdn_hysdn_hysdn_net.c,ems_usb_write_bulk_callback@drivers_net_can_usb_ems_usb.c
[0m[33mTransforming and linking bitcode files...
[0m[33m9s
[0mANALYZE:
COCCIGEN:
//# pattern-1, witnesses: 38
@@
expression E0;
@@
- E0->trans_start = jiffies;
+ netif_trans_update(E0);
