BUILD:
[33mbase commit: 86a9bad3ab6b^1
[0m[33mtarget commit: 86a9bad3ab6b
[0m[33mchecking out base commit... [0m[33mok (5s)
[0m[33mformatting diff... [0m[33mok (5s)
[0m56 source file(s) touched in the old version
`-- drivers/infiniband/hw/nes/nes_hw.c
`-- drivers/net/bonding/bond_alb.c
`-- drivers/net/ethernet/3com/typhoon.c
`-- drivers/net/ethernet/adaptec/starfire.c
`-- drivers/net/ethernet/alteon/acenic.c
`-- drivers/net/ethernet/amd/amd8111e.c
`-- drivers/net/ethernet/atheros/atl1c/atl1c_main.c
`-- drivers/net/ethernet/atheros/atl1e/atl1e_main.c
`-- drivers/net/ethernet/atheros/atlx/atl1.c
`-- drivers/net/ethernet/atheros/atlx/atl2.c
`-- drivers/net/ethernet/broadcom/bnx2.c
`-- drivers/net/ethernet/broadcom/bnx2x/bnx2x_cmn.c
`-- drivers/net/ethernet/broadcom/tg3.c
`-- drivers/net/ethernet/brocade/bna/bnad.c
`-- drivers/net/ethernet/chelsio/cxgb/sge.c
`-- drivers/net/ethernet/chelsio/cxgb3/sge.c
`-- drivers/net/ethernet/chelsio/cxgb4/sge.c
`-- drivers/net/ethernet/chelsio/cxgb4vf/sge.c
`-- drivers/net/ethernet/cisco/enic/enic_main.c
`-- drivers/net/ethernet/emulex/benet/be_main.c
`-- drivers/net/ethernet/intel/e1000/e1000_main.c
`-- drivers/net/ethernet/intel/e1000e/netdev.c
`-- drivers/net/ethernet/intel/igb/igb_main.c
`-- drivers/net/ethernet/intel/igbvf/netdev.c
`-- drivers/net/ethernet/intel/ixgb/ixgb_main.c
`-- drivers/net/ethernet/intel/ixgbe/ixgbe_main.c
`-- drivers/net/ethernet/intel/ixgbevf/ixgbevf_main.c
`-- drivers/net/ethernet/jme.c
`-- drivers/net/ethernet/marvell/sky2.c
`-- drivers/net/ethernet/mellanox/mlx4/en_rx.c
`-- drivers/net/ethernet/myricom/myri10ge/myri10ge.c
`-- drivers/net/ethernet/natsemi/ns83820.c
`-- drivers/net/ethernet/neterion/s2io.c
`-- drivers/net/ethernet/neterion/vxge/vxge-main.c
`-- drivers/net/ethernet/nvidia/forcedeth.c
`-- drivers/net/ethernet/qlogic/qlcnic/qlcnic_io.c
`-- drivers/net/ethernet/qlogic/qlge/qlge_main.c
`-- drivers/net/ethernet/realtek/8139cp.c
`-- drivers/net/ethernet/realtek/r8169.c
`-- drivers/net/ethernet/tehuti/tehuti.c
`-- drivers/net/ethernet/via/via-rhine.c
`-- drivers/net/ethernet/via/via-velocity.c
`-- drivers/net/usb/cdc_mbim.c
`-- drivers/net/vmxnet3/vmxnet3_drv.c
`-- include/linux/if_vlan.h
`-- include/linux/skbuff.h
`-- net/8021q/vlan_core.c
`-- net/8021q/vlan_dev.c
`-- net/batman-adv/bridge_loop_avoidance.c
`-- net/bridge/br_netfilter.c
`-- net/bridge/br_vlan.c
`-- net/core/dev.c
`-- net/core/netpoll.c
`-- net/core/skbuff.c
`-- net/openvswitch/actions.c
`-- net/openvswitch/datapath.c
56 source file(s) touched in the new version
`-- drivers/infiniband/hw/nes/nes_hw.c
`-- drivers/net/bonding/bond_alb.c
`-- drivers/net/ethernet/3com/typhoon.c
`-- drivers/net/ethernet/adaptec/starfire.c
`-- drivers/net/ethernet/alteon/acenic.c
`-- drivers/net/ethernet/amd/amd8111e.c
`-- drivers/net/ethernet/atheros/atl1c/atl1c_main.c
`-- drivers/net/ethernet/atheros/atl1e/atl1e_main.c
`-- drivers/net/ethernet/atheros/atlx/atl1.c
`-- drivers/net/ethernet/atheros/atlx/atl2.c
`-- drivers/net/ethernet/broadcom/bnx2.c
`-- drivers/net/ethernet/broadcom/bnx2x/bnx2x_cmn.c
`-- drivers/net/ethernet/broadcom/tg3.c
`-- drivers/net/ethernet/brocade/bna/bnad.c
`-- drivers/net/ethernet/chelsio/cxgb/sge.c
`-- drivers/net/ethernet/chelsio/cxgb3/sge.c
`-- drivers/net/ethernet/chelsio/cxgb4/sge.c
`-- drivers/net/ethernet/chelsio/cxgb4vf/sge.c
`-- drivers/net/ethernet/cisco/enic/enic_main.c
`-- drivers/net/ethernet/emulex/benet/be_main.c
`-- drivers/net/ethernet/intel/e1000/e1000_main.c
`-- drivers/net/ethernet/intel/e1000e/netdev.c
`-- drivers/net/ethernet/intel/igb/igb_main.c
`-- drivers/net/ethernet/intel/igbvf/netdev.c
`-- drivers/net/ethernet/intel/ixgb/ixgb_main.c
`-- drivers/net/ethernet/intel/ixgbe/ixgbe_main.c
`-- drivers/net/ethernet/intel/ixgbevf/ixgbevf_main.c
`-- drivers/net/ethernet/jme.c
`-- drivers/net/ethernet/marvell/sky2.c
`-- drivers/net/ethernet/mellanox/mlx4/en_rx.c
`-- drivers/net/ethernet/myricom/myri10ge/myri10ge.c
`-- drivers/net/ethernet/natsemi/ns83820.c
`-- drivers/net/ethernet/neterion/s2io.c
`-- drivers/net/ethernet/neterion/vxge/vxge-main.c
`-- drivers/net/ethernet/nvidia/forcedeth.c
`-- drivers/net/ethernet/qlogic/qlcnic/qlcnic_io.c
`-- drivers/net/ethernet/qlogic/qlge/qlge_main.c
`-- drivers/net/ethernet/realtek/8139cp.c
`-- drivers/net/ethernet/realtek/r8169.c
`-- drivers/net/ethernet/tehuti/tehuti.c
`-- drivers/net/ethernet/via/via-rhine.c
`-- drivers/net/ethernet/via/via-velocity.c
`-- drivers/net/usb/cdc_mbim.c
`-- drivers/net/vmxnet3/vmxnet3_drv.c
`-- include/linux/if_vlan.h
`-- include/linux/skbuff.h
`-- net/8021q/vlan_core.c
`-- net/8021q/vlan_dev.c
`-- net/batman-adv/bridge_loop_avoidance.c
`-- net/bridge/br_netfilter.c
`-- net/bridge/br_vlan.c
`-- net/core/dev.c
`-- net/core/netpoll.c
`-- net/core/skbuff.c
`-- net/openvswitch/actions.c
`-- net/openvswitch/datapath.c
[33mcompile base commit... [0m[33mok (10s)
[0m[33mapply [0m[33m86a9bad3ab6b... [0m[33mok (10s)
[0m[33mcompile target commit... [0m[33mok (13s)
[0mPREPARE:
[33m0s
[0mANALYZE:
COCCIGEN:
