BUILD:
[33mbase commit: 8b80cda536ea^1
[0m[33mtarget commit: 8b80cda536ea
[0m[33mchecking out base commit... [0m[33mok (2s)
[0m[33mformatting diff... [0m[33mok (2s)
[0m11 source file(s) touched in the old version
`-- drivers/net/ethernet/broadcom/bnx2x/bnx2x_cmn.c
`-- drivers/net/ethernet/broadcom/bnx2x/bnx2x_main.c
`-- drivers/net/ethernet/intel/ixgbe/ixgbe_main.c
`-- drivers/net/ethernet/mellanox/mlx4/en_netdev.c
`-- drivers/net/ethernet/mellanox/mlx4/en_rx.c
`-- include/linux/netdevice.h
`-- include/net/busy_poll.h
`-- net/ipv4/tcp_ipv4.c
`-- net/ipv4/udp.c
`-- net/ipv6/tcp_ipv6.c
`-- net/ipv6/udp.c
11 source file(s) touched in the new version
`-- drivers/net/ethernet/broadcom/bnx2x/bnx2x_cmn.c
`-- drivers/net/ethernet/broadcom/bnx2x/bnx2x_main.c
`-- drivers/net/ethernet/intel/ixgbe/ixgbe_main.c
`-- drivers/net/ethernet/mellanox/mlx4/en_netdev.c
`-- drivers/net/ethernet/mellanox/mlx4/en_rx.c
`-- include/linux/netdevice.h
`-- include/net/busy_poll.h
`-- net/ipv4/tcp_ipv4.c
`-- net/ipv4/udp.c
`-- net/ipv6/tcp_ipv6.c
`-- net/ipv6/udp.c
[33mcompile base commit... [0m[33mok (7s)
[0m[33mapply [0m[33m8b80cda536ea... [0m[33mok (7s)
[0m[33mcompile target commit... [0m[33mok (10s)
[0mPREPARE:
[33m0s
[0mANALYZE:
COCCIGEN:
