BUILD:
[33mbase commit: 8d26d5636dff^1
[0m[33mtarget commit: 8d26d5636dff
[0m[33mchecking out base commit... [0m[33mok (2s)
[0m[33mformatting diff... [0m[33mok (2s)
[0m14 source file(s) touched in the old version
`-- drivers/net/ethernet/broadcom/bnxt/bnxt.c
`-- drivers/net/ethernet/broadcom/bnxt/bnxt_vfr.c
`-- drivers/net/ethernet/chelsio/cxgb4/cxgb4_main.c
`-- drivers/net/ethernet/intel/ixgbe/ixgbe_main.c
`-- drivers/net/ethernet/mellanox/mlx5/core/en_main.c
`-- drivers/net/ethernet/mellanox/mlx5/core/en_rep.c
`-- drivers/net/ethernet/mellanox/mlxsw/spectrum.c
`-- drivers/net/ethernet/netronome/nfp/bpf/main.c
`-- drivers/net/ethernet/netronome/nfp/flower/offload.c
`-- net/dsa/slave.c
`-- net/sched/cls_bpf.c
`-- net/sched/cls_flower.c
`-- net/sched/cls_matchall.c
`-- net/sched/cls_u32.c
14 source file(s) touched in the new version
`-- drivers/net/ethernet/broadcom/bnxt/bnxt.c
`-- drivers/net/ethernet/broadcom/bnxt/bnxt_vfr.c
`-- drivers/net/ethernet/chelsio/cxgb4/cxgb4_main.c
`-- drivers/net/ethernet/intel/ixgbe/ixgbe_main.c
`-- drivers/net/ethernet/mellanox/mlx5/core/en_main.c
`-- drivers/net/ethernet/mellanox/mlx5/core/en_rep.c
`-- drivers/net/ethernet/mellanox/mlxsw/spectrum.c
`-- drivers/net/ethernet/netronome/nfp/bpf/main.c
`-- drivers/net/ethernet/netronome/nfp/flower/offload.c
`-- net/dsa/slave.c
`-- net/sched/cls_bpf.c
`-- net/sched/cls_flower.c
`-- net/sched/cls_matchall.c
`-- net/sched/cls_u32.c
[33mcompile base commit... [0m[33mok (53s)
[0m[33mapply [0m[33m8d26d5636dff... [0m[33mok (53s)
[0m[33mcompile target commit... [0m[33mok (93s)
[0mPREPARE:
[33mcollect AST for functions: dsa_slave_setup_tc@net_dsa_slave.c,fl_hw_replace_filter@net_sched_cls_flower.c,fl_hw_destroy_filter@net_sched_cls_flower.c,mlxsw_sp_setup_tc@drivers_net_ethernet_mellanox_mlxsw_spectrum.c,cls_bpf_offload_cmd@net_sched_cls_bpf.c,u32_remove_hw_knode@net_sched_cls_u32.c,nfp_flower_setup_tc@drivers_net_ethernet_netronome_nfp_flower_offload.c,u32_replace_hw_hnode@net_sched_cls_u32.c,u32_replace_hw_knode@net_sched_cls_u32.c,mall_replace_hw_filter@net_sched_cls_matchall.c,mall_destroy_hw_filter@net_sched_cls_matchall.c,nfp_bpf_setup_tc@drivers_net_ethernet_netronome_nfp_bpf_main.c,mlx5e_rep_setup_tc@drivers_net_ethernet_mellanox_mlx5_core_en_rep.c,bnxt_setup_tc@drivers_net_ethernet_broadcom_bnxt_bnxt.c,mlx5e_setup_tc@drivers_net_ethernet_mellanox_mlx5_core_en_main.c,fl_hw_update_stats@net_sched_cls_flower.c,cxgb_setup_tc@drivers_net_ethernet_chelsio_cxgb4_cxgb4_main.c,__ixgbe_setup_tc@drivers_net_ethernet_intel_ixgbe_ixgbe_main.c,u32_clear_hw_hnode@net_sched_cls_u32.c,bnxt_vf_rep_setup_tc@drivers_net_ethernet_broadcom_bnxt_bnxt_vfr.c
[0m[33mTransforming and linking bitcode files...
[0m[33m8s
[0mANALYZE:
COCCIGEN:
unknown kind: CaseStmt
unknown kind: CaseStmt
//# pattern-1, witnesses: 10
@@
@@
- struct net_device * dev = tp->q->dev_queue->dev;
- if (tc_can_offload(dev)) {
- }
