BUILD:
[33mbase commit: 8e586137e6b6^1
[0m[33mtarget commit: 8e586137e6b6
[0m[33mchecking out base commit... [0m[33mok (1s)
[0m[33mformatting diff... [0m[33mok (1s)
[0m28 source file(s) touched in the old version
`-- drivers/net/bonding/bond_main.c
`-- drivers/net/ethernet/adaptec/starfire.c
`-- drivers/net/ethernet/brocade/bna/bnad.c
`-- drivers/net/ethernet/cisco/enic/enic_dev.c
`-- drivers/net/ethernet/cisco/enic/enic_dev.h
`-- drivers/net/ethernet/emulex/benet/be_main.c
`-- drivers/net/ethernet/ibm/ehea/ehea_main.c
`-- drivers/net/ethernet/intel/e1000/e1000_main.c
`-- drivers/net/ethernet/intel/e1000e/netdev.c
`-- drivers/net/ethernet/intel/igb/igb_main.c
`-- drivers/net/ethernet/intel/igbvf/netdev.c
`-- drivers/net/ethernet/intel/ixgb/ixgb_main.c
`-- drivers/net/ethernet/intel/ixgbe/ixgbe_main.c
`-- drivers/net/ethernet/intel/ixgbevf/ixgbevf_main.c
`-- drivers/net/ethernet/mellanox/mlx4/en_netdev.c
`-- drivers/net/ethernet/neterion/vxge/vxge-main.c
`-- drivers/net/ethernet/qlogic/qlcnic/qlcnic_main.c
`-- drivers/net/ethernet/qlogic/qlge/qlge_main.c
`-- drivers/net/ethernet/tehuti/tehuti.c
`-- drivers/net/ethernet/via/via-rhine.c
`-- drivers/net/ethernet/via/via-velocity.c
`-- drivers/net/macvlan.c
`-- drivers/net/team/team.c
`-- drivers/net/virtio_net.c
`-- drivers/net/vmxnet3/vmxnet3_drv.c
`-- drivers/s390/net/qeth_l2_main.c
`-- drivers/s390/net/qeth_l3_main.c
`-- include/linux/netdevice.h
28 source file(s) touched in the new version
`-- drivers/net/bonding/bond_main.c
`-- drivers/net/ethernet/adaptec/starfire.c
`-- drivers/net/ethernet/brocade/bna/bnad.c
`-- drivers/net/ethernet/cisco/enic/enic_dev.c
`-- drivers/net/ethernet/cisco/enic/enic_dev.h
`-- drivers/net/ethernet/emulex/benet/be_main.c
`-- drivers/net/ethernet/ibm/ehea/ehea_main.c
`-- drivers/net/ethernet/intel/e1000/e1000_main.c
`-- drivers/net/ethernet/intel/e1000e/netdev.c
`-- drivers/net/ethernet/intel/igb/igb_main.c
`-- drivers/net/ethernet/intel/igbvf/netdev.c
`-- drivers/net/ethernet/intel/ixgb/ixgb_main.c
`-- drivers/net/ethernet/intel/ixgbe/ixgbe_main.c
`-- drivers/net/ethernet/intel/ixgbevf/ixgbevf_main.c
`-- drivers/net/ethernet/mellanox/mlx4/en_netdev.c
`-- drivers/net/ethernet/neterion/vxge/vxge-main.c
`-- drivers/net/ethernet/qlogic/qlcnic/qlcnic_main.c
`-- drivers/net/ethernet/qlogic/qlge/qlge_main.c
`-- drivers/net/ethernet/tehuti/tehuti.c
`-- drivers/net/ethernet/via/via-rhine.c
`-- drivers/net/ethernet/via/via-velocity.c
`-- drivers/net/macvlan.c
`-- drivers/net/team/team.c
`-- drivers/net/virtio_net.c
`-- drivers/net/vmxnet3/vmxnet3_drv.c
`-- drivers/s390/net/qeth_l2_main.c
`-- drivers/s390/net/qeth_l3_main.c
`-- include/linux/netdevice.h
[33mcompile base commit... [0m[33mok (5s)
[0m[33mapply [0m[33m8e586137e6b6... [0m[33mok (5s)
[0m[33mcompile target commit... [0m[33mok (7s)
[0mPREPARE:
[33m0s
[0mANALYZE:
COCCIGEN:
