BUILD:
[33mbase commit: 91c527a55664^1
[0m[33mtarget commit: 91c527a55664
[0m[33mchecking out base commit... [0m[33mok (4s)
[0m[33mformatting diff... [0m[33mok (4s)
[0m13 source file(s) touched in the old version
`-- drivers/net/ethernet/intel/e100.c
`-- drivers/net/ethernet/intel/e1000/e1000_main.c
`-- drivers/net/ethernet/intel/e1000e/netdev.c
`-- drivers/net/ethernet/intel/fm10k/fm10k_netdev.c
`-- drivers/net/ethernet/intel/i40e/i40e_main.c
`-- drivers/net/ethernet/intel/i40evf/i40evf_main.c
`-- drivers/net/ethernet/intel/igb/e1000_defines.h
`-- drivers/net/ethernet/intel/igb/igb_main.c
`-- drivers/net/ethernet/intel/igbvf/defines.h
`-- drivers/net/ethernet/intel/igbvf/netdev.c
`-- drivers/net/ethernet/intel/ixgb/ixgb_main.c
`-- drivers/net/ethernet/intel/ixgbe/ixgbe_main.c
`-- drivers/net/ethernet/intel/ixgbevf/ixgbevf_main.c
13 source file(s) touched in the new version
`-- drivers/net/ethernet/intel/e100.c
`-- drivers/net/ethernet/intel/e1000/e1000_main.c
`-- drivers/net/ethernet/intel/e1000e/netdev.c
`-- drivers/net/ethernet/intel/fm10k/fm10k_netdev.c
`-- drivers/net/ethernet/intel/i40e/i40e_main.c
`-- drivers/net/ethernet/intel/i40evf/i40evf_main.c
`-- drivers/net/ethernet/intel/igb/e1000_defines.h
`-- drivers/net/ethernet/intel/igb/igb_main.c
`-- drivers/net/ethernet/intel/igbvf/defines.h
`-- drivers/net/ethernet/intel/igbvf/netdev.c
`-- drivers/net/ethernet/intel/ixgb/ixgb_main.c
`-- drivers/net/ethernet/intel/ixgbe/ixgbe_main.c
`-- drivers/net/ethernet/intel/ixgbevf/ixgbevf_main.c
[33mcompile base commit... [0m[33mok (42s)
[0m[33mapply [0m[33m91c527a55664... [0m[33mok (42s)
[0m[33mcompile target commit... [0m[33mok (77s)
[0mPREPARE:
[33mcollect AST for functions: igb_change_mtu@drivers_net_ethernet_intel_igb_igb_main.c,igbvf_probe@drivers_net_ethernet_intel_igbvf_netdev.c,ixgbevf_probe@drivers_net_ethernet_intel_ixgbevf_ixgbevf_main.c,i40e_change_mtu@drivers_net_ethernet_intel_i40e_i40e_main.c,ixgbe_probe@drivers_net_ethernet_intel_ixgbe_ixgbe_main.c,e1000_change_mtu@drivers_net_ethernet_intel_e1000e_netdev.c,e100_netdev_ops@drivers_net_ethernet_intel_e100.c,fm10k_alloc_netdev@drivers_net_ethernet_intel_fm10k_fm10k_netdev.c,ixgb_probe@drivers_net_ethernet_intel_ixgb_ixgb_main.c,ixgb_change_mtu@drivers_net_ethernet_intel_ixgb_ixgb_main.c,fm10k_netdev_ops@drivers_net_ethernet_intel_fm10k_fm10k_netdev.c,ixgbe_change_mtu@drivers_net_ethernet_intel_ixgbe_ixgbe_main.c,i40evf_change_mtu@drivers_net_ethernet_intel_i40evf_i40evf_main.c,igbvf_change_mtu@drivers_net_ethernet_intel_igbvf_netdev.c,i40evf_init_task@drivers_net_ethernet_intel_i40evf_i40evf_main.c,i40e_config_netdev@drivers_net_ethernet_intel_i40e_i40e_main.c,e1000_probe@drivers_net_ethernet_intel_e1000e_netdev.c,e1000_probe@drivers_net_ethernet_intel_e1000_e1000_main.c,igb_probe@drivers_net_ethernet_intel_igb_igb_main.c,ixgbevf_change_mtu@drivers_net_ethernet_intel_ixgbevf_ixgbevf_main.c,e1000_change_mtu@drivers_net_ethernet_intel_e1000_e1000_main.c
[0m[33mTransforming and linking bitcode files...
[0m[33m9s
[0mANALYZE:
COCCIGEN:
//# pattern-10, witnesses: 5
@@
expression BO0;
@@
- if (BO0) {
- return -EINVAL;
- }
//# pattern-2, witnesses: 3
@r0@
identifier i, fn;
@@
struct net_device_ops i = {
    .ndo_change_mtu = fn,
};
@@
expression BO2;
expression E0;
expression E3;
expression IL1;
identifier netdev;
identifier new_mtu;
identifier r0.fn;
@@
 int fn(struct net_device * netdev, int new_mtu)
 {
     <...
- int  = E0 + IL1 + 4;
- if (BO2) {
- return E3;
- }
     ...>
 }
//# pattern-9, witnesses: 2
@@
expression F1;
identifier s;
@@
 const struct net_device_ops s = {
-    .ndo_change_mtu = F1,
 };
