BUILD:
[33mbase commit: 93f93a440415^1
[0m[33mtarget commit: 93f93a440415
[0m[33mchecking out base commit... [0m[33mok (1s)
[0m[33mformatting diff... [0m[33mok (1s)
[0m13 source file(s) touched in the old version
`-- drivers/net/ethernet/amd/xgbe/xgbe-drv.c
`-- drivers/net/ethernet/broadcom/bnx2x/bnx2x_cmn.c
`-- drivers/net/ethernet/chelsio/cxgb4/sge.c
`-- drivers/net/ethernet/emulex/benet/be_main.c
`-- drivers/net/ethernet/intel/i40e/i40e_txrx.c
`-- drivers/net/ethernet/intel/i40evf/i40e_txrx.c
`-- drivers/net/ethernet/intel/ixgbe/ixgbe_main.c
`-- drivers/net/ethernet/mellanox/mlx4/en_rx.c
`-- drivers/net/ethernet/mellanox/mlx5/core/en_rx.c
`-- drivers/net/ethernet/myricom/myri10ge/myri10ge.c
`-- drivers/net/ethernet/sfc/rx.c
`-- drivers/net/virtio_net.c
`-- net/core/dev.c
13 source file(s) touched in the new version
`-- drivers/net/ethernet/amd/xgbe/xgbe-drv.c
`-- drivers/net/ethernet/broadcom/bnx2x/bnx2x_cmn.c
`-- drivers/net/ethernet/chelsio/cxgb4/sge.c
`-- drivers/net/ethernet/emulex/benet/be_main.c
`-- drivers/net/ethernet/intel/i40e/i40e_txrx.c
`-- drivers/net/ethernet/intel/i40evf/i40e_txrx.c
`-- drivers/net/ethernet/intel/ixgbe/ixgbe_main.c
`-- drivers/net/ethernet/mellanox/mlx4/en_rx.c
`-- drivers/net/ethernet/mellanox/mlx5/core/en_rx.c
`-- drivers/net/ethernet/myricom/myri10ge/myri10ge.c
`-- drivers/net/ethernet/sfc/rx.c
`-- drivers/net/virtio_net.c
`-- net/core/dev.c
[33mcompile base commit... [0m[33mok (56s)
[0m[33mapply [0m[33m93f93a440415... [0m[33mok (56s)
[0m[33mcompile target commit... [0m[33mok (94s)
[0mPREPARE:
[33mcollect AST for functions: receive_buf@drivers_net_virtio_net.c,mlx5e_poll_rx_cq@drivers_net_ethernet_mellanox_mlx5_core_en_rx.c,i40e_clean_rx_irq_ps@drivers_net_ethernet_intel_i40e_i40e_txrx.c,be_rx_compl_process_gro@drivers_net_ethernet_emulex_benet_be_main.c,bnx2x_rx_int@drivers_net_ethernet_broadcom_bnx2x_bnx2x_cmn.c,napi_get_frags@net_core_dev.c,ixgbe_clean_rx_irq@drivers_net_ethernet_intel_ixgbe_ixgbe_main.c,myri10ge_rx_done@drivers_net_ethernet_myricom_myri10ge_myri10ge.c,i40e_clean_rx_irq_ps@drivers_net_ethernet_intel_i40evf_i40e_txrx.c,napi_gro_receive@net_core_dev.c,do_gro@drivers_net_ethernet_chelsio_cxgb4_sge.c,ixgbe_rx_skb@drivers_net_ethernet_intel_ixgbe_ixgbe_main.c,mlx4_en_process_rx_cq@drivers_net_ethernet_mellanox_mlx4_en_rx.c,efx_rx_packet_gro@drivers_net_ethernet_sfc_rx.c,xgbe_rx_poll@drivers_net_ethernet_amd_xgbe_xgbe-drv.c
[0m[33mTransforming and linking bitcode files...
[0m[33m11s
[0mANALYZE:
COCCIGEN:
//# pattern-2, witnesses: 12
@@
expression E1;
expression V0;
@@
- skb_mark_napi_id(V0, E1);
