BUILD:
[33mbase commit: 99932d4fc03a^1
[0m[33mtarget commit: 99932d4fc03a
[0m[33mchecking out base commit... [0m[33mok (1s)
[0m[33mformatting diff... [0m[33mok (2s)
[0m17 source file(s) touched in the old version
`-- drivers/net/bonding/bond_main.c
`-- drivers/net/ethernet/broadcom/bnx2x/bnx2x_cmn.c
`-- drivers/net/ethernet/broadcom/bnx2x/bnx2x_cmn.h
`-- drivers/net/ethernet/intel/ixgbe/ixgbe_main.c
`-- drivers/net/ethernet/lantiq_etop.c
`-- drivers/net/ethernet/mellanox/mlx4/en_tx.c
`-- drivers/net/ethernet/mellanox/mlx4/mlx4_en.h
`-- drivers/net/ethernet/tile/tilegx.c
`-- drivers/net/team/team.c
`-- drivers/net/tun.c
`-- drivers/net/wireless/mwifiex/main.c
`-- drivers/staging/bcm/Bcmnet.c
`-- drivers/staging/netlogic/xlr_net.c
`-- drivers/staging/rtl8188eu/os_dep/os_intfs.c
`-- include/linux/netdevice.h
`-- net/core/flow_dissector.c
`-- net/mac80211/iface.c
17 source file(s) touched in the new version
`-- drivers/net/bonding/bond_main.c
`-- drivers/net/ethernet/broadcom/bnx2x/bnx2x_cmn.c
`-- drivers/net/ethernet/broadcom/bnx2x/bnx2x_cmn.h
`-- drivers/net/ethernet/intel/ixgbe/ixgbe_main.c
`-- drivers/net/ethernet/lantiq_etop.c
`-- drivers/net/ethernet/mellanox/mlx4/en_tx.c
`-- drivers/net/ethernet/mellanox/mlx4/mlx4_en.h
`-- drivers/net/ethernet/tile/tilegx.c
`-- drivers/net/team/team.c
`-- drivers/net/tun.c
`-- drivers/net/wireless/mwifiex/main.c
`-- drivers/staging/bcm/Bcmnet.c
`-- drivers/staging/netlogic/xlr_net.c
`-- drivers/staging/rtl8188eu/os_dep/os_intfs.c
`-- include/linux/netdevice.h
`-- net/core/flow_dissector.c
`-- net/mac80211/iface.c
[33mcompile base commit... [0m[33mok (7s)
[0m[33mapply [0m[33m99932d4fc03a... [0m[33mok (7s)
[0m[33mcompile target commit... [0m[33mok (10s)
[0mPREPARE:
[33m0s
[0mANALYZE:
COCCIGEN:
