BUILD:
[33mbase commit: 9baa3c34ac4e^1
[0m[33mtarget commit: 9baa3c34ac4e
[0m[33mchecking out base commit... [0m[33mok (3s)
[0m[33mformatting diff... [0m[33mok (3s)
[0m230 source file(s) touched in the old version
`-- arch/x86/kernel/cpu/perf_event_intel_uncore.c
`-- arch/x86/kernel/iosf_mbi.c
`-- drivers/block/mtip32xx/mtip32xx.c
`-- drivers/block/rsxx/core.c
`-- drivers/block/skd_main.c
`-- drivers/crypto/ccp/ccp-pci.c
`-- drivers/gpu/drm/ast/ast_drv.c
`-- drivers/gpu/drm/bochs/bochs_drv.c
`-- drivers/gpu/drm/cirrus/cirrus_drv.c
`-- drivers/gpu/drm/gma500/oaktrail_hdmi.c
`-- drivers/gpu/drm/gma500/psb_drv.c
`-- drivers/gpu/drm/mgag200/mgag200_drv.c
`-- drivers/gpu/drm/qxl/qxl_drv.c
`-- drivers/infiniband/hw/qib/qib_init.c
`-- drivers/infiniband/hw/usnic/usnic_ib_main.c
`-- drivers/mmc/host/dw_mmc-pci.c
`-- drivers/net/arcnet/com20020-pci.c
`-- drivers/net/can/c_can/c_can_pci.c
`-- drivers/net/can/pch_can.c
`-- drivers/net/can/sja1000/ems_pci.c
`-- drivers/net/can/sja1000/kvaser_pci.c
`-- drivers/net/can/sja1000/peak_pci.c
`-- drivers/net/can/sja1000/plx_pci.c
`-- drivers/net/ethernet/3com/3c59x.c
`-- drivers/net/ethernet/3com/typhoon.c
`-- drivers/net/ethernet/8390/ne2k-pci.c
`-- drivers/net/ethernet/adaptec/starfire.c
`-- drivers/net/ethernet/alteon/acenic.c
`-- drivers/net/ethernet/amd/pcnet32.c
`-- drivers/net/ethernet/atheros/alx/main.c
`-- drivers/net/ethernet/atheros/atl1c/atl1c_main.c
`-- drivers/net/ethernet/atheros/atl1e/atl1e_main.c
`-- drivers/net/ethernet/atheros/atlx/atl1.c
`-- drivers/net/ethernet/atheros/atlx/atl2.c
`-- drivers/net/ethernet/broadcom/b44.c
`-- drivers/net/ethernet/broadcom/bnx2.c
`-- drivers/net/ethernet/broadcom/bnx2x/bnx2x_main.c
`-- drivers/net/ethernet/broadcom/tg3.c
`-- drivers/net/ethernet/brocade/bna/bnad.c
`-- drivers/net/ethernet/chelsio/cxgb/subr.c
`-- drivers/net/ethernet/chelsio/cxgb3/cxgb3_main.c
`-- drivers/net/ethernet/chelsio/cxgb4/cxgb4_main.c
`-- drivers/net/ethernet/chelsio/cxgb4vf/cxgb4vf_main.c
`-- drivers/net/ethernet/cisco/enic/enic_main.c
`-- drivers/net/ethernet/dec/tulip/de2104x.c
`-- drivers/net/ethernet/dec/tulip/de4x5.c
`-- drivers/net/ethernet/dec/tulip/dmfe.c
`-- drivers/net/ethernet/dec/tulip/tulip_core.c
`-- drivers/net/ethernet/dec/tulip/uli526x.c
`-- drivers/net/ethernet/dec/tulip/winbond-840.c
`-- drivers/net/ethernet/dec/tulip/xircom_cb.c
`-- drivers/net/ethernet/dlink/dl2k.h
`-- drivers/net/ethernet/dlink/sundance.c
`-- drivers/net/ethernet/emulex/benet/be_main.c
`-- drivers/net/ethernet/fealnx.c
`-- drivers/net/ethernet/hp/hp100.c
`-- drivers/net/ethernet/icplus/ipg.c
`-- drivers/net/ethernet/intel/e100.c
`-- drivers/net/ethernet/intel/e1000/e1000_main.c
`-- drivers/net/ethernet/intel/i40e/i40e_main.c
`-- drivers/net/ethernet/intel/i40evf/i40evf_main.c
`-- drivers/net/ethernet/intel/igbvf/netdev.c
`-- drivers/net/ethernet/intel/ixgb/ixgb_main.c
`-- drivers/net/ethernet/intel/ixgbe/ixgbe_main.c
`-- drivers/net/ethernet/intel/ixgbevf/ixgbevf_main.c
`-- drivers/net/ethernet/jme.c
`-- drivers/net/ethernet/marvell/skge.c
`-- drivers/net/ethernet/marvell/sky2.c
`-- drivers/net/ethernet/mellanox/mlx4/main.c
`-- drivers/net/ethernet/micrel/ksz884x.c
`-- drivers/net/ethernet/myricom/myri10ge/myri10ge.c
`-- drivers/net/ethernet/natsemi/natsemi.c
`-- drivers/net/ethernet/natsemi/ns83820.c
`-- drivers/net/ethernet/neterion/s2io.c
`-- drivers/net/ethernet/neterion/vxge/vxge-main.c
`-- drivers/net/ethernet/nvidia/forcedeth.c
`-- drivers/net/ethernet/oki-semi/pch_gbe/pch_gbe_main.c
`-- drivers/net/ethernet/packetengines/hamachi.c
`-- drivers/net/ethernet/packetengines/yellowfin.c
`-- drivers/net/ethernet/pasemi/pasemi_mac.c
`-- drivers/net/ethernet/qlogic/netxen/netxen_nic_main.c
`-- drivers/net/ethernet/qlogic/qla3xxx.c
`-- drivers/net/ethernet/qlogic/qlcnic/qlcnic_main.c
`-- drivers/net/ethernet/qlogic/qlge/qlge_main.c
`-- drivers/net/ethernet/rdc/r6040.c
`-- drivers/net/ethernet/realtek/8139too.c
`-- drivers/net/ethernet/realtek/r8169.c
`-- drivers/net/ethernet/sfc/efx.c
`-- drivers/net/ethernet/sgi/ioc3-eth.c
`-- drivers/net/ethernet/silan/sc92031.c
`-- drivers/net/ethernet/sis/sis190.c
`-- drivers/net/ethernet/sis/sis900.c
`-- drivers/net/ethernet/smsc/epic100.c
`-- drivers/net/ethernet/smsc/smsc9420.c
`-- drivers/net/ethernet/stmicro/stmmac/stmmac_pci.c
`-- drivers/net/ethernet/sun/cassini.c
`-- drivers/net/ethernet/sun/niu.c
`-- drivers/net/ethernet/sun/sungem.c
`-- drivers/net/ethernet/sun/sunhme.c
`-- drivers/net/ethernet/tehuti/tehuti.c
`-- drivers/net/ethernet/ti/tlan.c
`-- drivers/net/ethernet/toshiba/spider_net.c
`-- drivers/net/ethernet/toshiba/tc35815.c
`-- drivers/net/ethernet/via/via-rhine.c
`-- drivers/net/ethernet/via/via-velocity.c
`-- drivers/net/fddi/defxx.c
`-- drivers/net/fddi/skfp/skfddi.c
`-- drivers/net/hippi/rrunner.c
`-- drivers/net/irda/donauboe.c
`-- drivers/net/irda/via-ircc.c
`-- drivers/net/irda/vlsi_ir.c
`-- drivers/net/vmxnet3/vmxnet3_drv.c
`-- drivers/net/wan/dscc4.c
`-- drivers/net/wan/farsync.c
`-- drivers/net/wan/lmc/lmc_main.c
`-- drivers/net/wan/pc300too.c
`-- drivers/net/wan/pci200syn.c
`-- drivers/net/wan/wanxl.c
`-- drivers/net/wireless/adm8211.c
`-- drivers/net/wireless/airo.c
`-- drivers/net/wireless/ath/ath10k/pci.c
`-- drivers/net/wireless/ath/ath5k/led.c
`-- drivers/net/wireless/ath/ath5k/pci.c
`-- drivers/net/wireless/ath/ath9k/pci.c
`-- drivers/net/wireless/atmel_pci.c
`-- drivers/net/wireless/hostap/hostap_pci.c
`-- drivers/net/wireless/hostap/hostap_plx.c
`-- drivers/net/wireless/ipw2x00/ipw2100.c
`-- drivers/net/wireless/ipw2x00/ipw2200.c
`-- drivers/net/wireless/iwlegacy/3945.c
`-- drivers/net/wireless/iwlegacy/4965-mac.c
`-- drivers/net/wireless/iwlwifi/pcie/drv.c
`-- drivers/net/wireless/mwifiex/pcie.c
`-- drivers/net/wireless/mwl8k.c
`-- drivers/net/wireless/orinoco/orinoco_nortel.c
`-- drivers/net/wireless/orinoco/orinoco_pci.c
`-- drivers/net/wireless/orinoco/orinoco_plx.c
`-- drivers/net/wireless/orinoco/orinoco_tmd.c
`-- drivers/net/wireless/p54/p54pci.c
`-- drivers/net/wireless/prism54/islpci_hotplug.c
`-- drivers/net/wireless/rt2x00/rt2400pci.c
`-- drivers/net/wireless/rt2x00/rt2500pci.c
`-- drivers/net/wireless/rt2x00/rt2800pci.c
`-- drivers/net/wireless/rt2x00/rt61pci.c
`-- drivers/net/wireless/rtl818x/rtl8180/dev.c
`-- drivers/net/wireless/rtlwifi/rtl8188ee/sw.c
`-- drivers/net/wireless/rtlwifi/rtl8192ce/sw.c
`-- drivers/net/wireless/rtlwifi/rtl8723be/sw.c
`-- drivers/pci/ioapic.c
`-- drivers/platform/x86/intel_ips.c
`-- drivers/platform/x86/intel_scu_ipc.c
`-- drivers/ptp/ptp_pch.c
`-- drivers/rapidio/devices/tsi721.c
`-- drivers/scsi/BusLogic.c
`-- drivers/scsi/be2iscsi/be_main.c
`-- drivers/scsi/csiostor/csio_init.c
`-- drivers/scsi/isci/init.c
`-- drivers/scsi/mpt3sas/mpt3sas_scsih.c
`-- drivers/scsi/mvumi.c
`-- drivers/scsi/ufs/ufshcd-pci.c
`-- drivers/video/fbdev/hyperv_fb.c
`-- drivers/video/fbdev/i740fb.c
`-- drivers/xen/xen-pciback/pci_stub.c
`-- sound/oss/kahlua.c
`-- sound/pci/ad1889.c
`-- sound/pci/ali5451/ali5451.c
`-- sound/pci/als300.c
`-- sound/pci/als4000.c
`-- sound/pci/asihpi/asihpi.c
`-- sound/pci/atiixp.c
`-- sound/pci/atiixp_modem.c
`-- sound/pci/au88x0/au8810.c
`-- sound/pci/au88x0/au8820.c
`-- sound/pci/au88x0/au8830.c
`-- sound/pci/aw2/aw2-alsa.c
`-- sound/pci/azt3328.c
`-- sound/pci/bt87x.c
`-- sound/pci/ca0106/ca0106_main.c
`-- sound/pci/cmipci.c
`-- sound/pci/cs4281.c
`-- sound/pci/cs46xx/cs46xx.c
`-- sound/pci/cs5530.c
`-- sound/pci/cs5535audio/cs5535audio.c
`-- sound/pci/ctxfi/xfi.c
`-- sound/pci/echoaudio/darla20.c
`-- sound/pci/echoaudio/darla24.c
`-- sound/pci/echoaudio/echo3g.c
`-- sound/pci/echoaudio/gina20.c
`-- sound/pci/echoaudio/gina24.c
`-- sound/pci/echoaudio/indigo.c
`-- sound/pci/echoaudio/indigodj.c
`-- sound/pci/echoaudio/indigodjx.c
`-- sound/pci/echoaudio/indigoio.c
`-- sound/pci/echoaudio/indigoiox.c
`-- sound/pci/echoaudio/layla20.c
`-- sound/pci/echoaudio/layla24.c
`-- sound/pci/echoaudio/mia.c
`-- sound/pci/echoaudio/mona.c
`-- sound/pci/emu10k1/emu10k1.c
`-- sound/pci/emu10k1/emu10k1x.c
`-- sound/pci/ens1370.c
`-- sound/pci/es1938.c
`-- sound/pci/es1968.c
`-- sound/pci/fm801.c
`-- sound/pci/ice1712/ice1712.c
`-- sound/pci/ice1712/ice1724.c
`-- sound/pci/intel8x0.c
`-- sound/pci/intel8x0m.c
`-- sound/pci/korg1212/korg1212.c
`-- sound/pci/lola/lola.c
`-- sound/pci/lx6464es/lx6464es.c
`-- sound/pci/maestro3.c
`-- sound/pci/mixart/mixart.c
`-- sound/pci/nm256/nm256.c
`-- sound/pci/oxygen/oxygen.c
`-- sound/pci/oxygen/virtuoso.c
`-- sound/pci/pcxhr/pcxhr.c
`-- sound/pci/riptide/riptide.c
`-- sound/pci/rme32.c
`-- sound/pci/rme96.c
`-- sound/pci/rme9652/hdsp.c
`-- sound/pci/rme9652/hdspm.c
`-- sound/pci/rme9652/rme9652.c
`-- sound/pci/sis7019.c
`-- sound/pci/sonicvibes.c
`-- sound/pci/trident/trident.c
`-- sound/pci/via82xx.c
`-- sound/pci/via82xx_modem.c
`-- sound/pci/vx222/vx222.c
`-- sound/pci/ymfpci/ymfpci.c
230 source file(s) touched in the new version
`-- arch/x86/kernel/cpu/perf_event_intel_uncore.c
`-- arch/x86/kernel/iosf_mbi.c
`-- drivers/block/mtip32xx/mtip32xx.c
`-- drivers/block/rsxx/core.c
`-- drivers/block/skd_main.c
`-- drivers/crypto/ccp/ccp-pci.c
`-- drivers/gpu/drm/ast/ast_drv.c
`-- drivers/gpu/drm/bochs/bochs_drv.c
`-- drivers/gpu/drm/cirrus/cirrus_drv.c
`-- drivers/gpu/drm/gma500/oaktrail_hdmi.c
`-- drivers/gpu/drm/gma500/psb_drv.c
`-- drivers/gpu/drm/mgag200/mgag200_drv.c
`-- drivers/gpu/drm/qxl/qxl_drv.c
`-- drivers/infiniband/hw/qib/qib_init.c
`-- drivers/infiniband/hw/usnic/usnic_ib_main.c
`-- drivers/mmc/host/dw_mmc-pci.c
`-- drivers/net/arcnet/com20020-pci.c
`-- drivers/net/can/c_can/c_can_pci.c
`-- drivers/net/can/pch_can.c
`-- drivers/net/can/sja1000/ems_pci.c
`-- drivers/net/can/sja1000/kvaser_pci.c
`-- drivers/net/can/sja1000/peak_pci.c
`-- drivers/net/can/sja1000/plx_pci.c
`-- drivers/net/ethernet/3com/3c59x.c
`-- drivers/net/ethernet/3com/typhoon.c
`-- drivers/net/ethernet/8390/ne2k-pci.c
`-- drivers/net/ethernet/adaptec/starfire.c
`-- drivers/net/ethernet/alteon/acenic.c
`-- drivers/net/ethernet/amd/pcnet32.c
`-- drivers/net/ethernet/atheros/alx/main.c
`-- drivers/net/ethernet/atheros/atl1c/atl1c_main.c
`-- drivers/net/ethernet/atheros/atl1e/atl1e_main.c
`-- drivers/net/ethernet/atheros/atlx/atl1.c
`-- drivers/net/ethernet/atheros/atlx/atl2.c
`-- drivers/net/ethernet/broadcom/b44.c
`-- drivers/net/ethernet/broadcom/bnx2.c
`-- drivers/net/ethernet/broadcom/bnx2x/bnx2x_main.c
`-- drivers/net/ethernet/broadcom/tg3.c
`-- drivers/net/ethernet/brocade/bna/bnad.c
`-- drivers/net/ethernet/chelsio/cxgb/subr.c
`-- drivers/net/ethernet/chelsio/cxgb3/cxgb3_main.c
`-- drivers/net/ethernet/chelsio/cxgb4/cxgb4_main.c
`-- drivers/net/ethernet/chelsio/cxgb4vf/cxgb4vf_main.c
`-- drivers/net/ethernet/cisco/enic/enic_main.c
`-- drivers/net/ethernet/dec/tulip/de2104x.c
`-- drivers/net/ethernet/dec/tulip/de4x5.c
`-- drivers/net/ethernet/dec/tulip/dmfe.c
`-- drivers/net/ethernet/dec/tulip/tulip_core.c
`-- drivers/net/ethernet/dec/tulip/uli526x.c
`-- drivers/net/ethernet/dec/tulip/winbond-840.c
`-- drivers/net/ethernet/dec/tulip/xircom_cb.c
`-- drivers/net/ethernet/dlink/dl2k.h
`-- drivers/net/ethernet/dlink/sundance.c
`-- drivers/net/ethernet/emulex/benet/be_main.c
`-- drivers/net/ethernet/fealnx.c
`-- drivers/net/ethernet/hp/hp100.c
`-- drivers/net/ethernet/icplus/ipg.c
`-- drivers/net/ethernet/intel/e100.c
`-- drivers/net/ethernet/intel/e1000/e1000_main.c
`-- drivers/net/ethernet/intel/i40e/i40e_main.c
`-- drivers/net/ethernet/intel/i40evf/i40evf_main.c
`-- drivers/net/ethernet/intel/igbvf/netdev.c
`-- drivers/net/ethernet/intel/ixgb/ixgb_main.c
`-- drivers/net/ethernet/intel/ixgbe/ixgbe_main.c
`-- drivers/net/ethernet/intel/ixgbevf/ixgbevf_main.c
`-- drivers/net/ethernet/jme.c
`-- drivers/net/ethernet/marvell/skge.c
`-- drivers/net/ethernet/marvell/sky2.c
`-- drivers/net/ethernet/mellanox/mlx4/main.c
`-- drivers/net/ethernet/micrel/ksz884x.c
`-- drivers/net/ethernet/myricom/myri10ge/myri10ge.c
`-- drivers/net/ethernet/natsemi/natsemi.c
`-- drivers/net/ethernet/natsemi/ns83820.c
`-- drivers/net/ethernet/neterion/s2io.c
`-- drivers/net/ethernet/neterion/vxge/vxge-main.c
`-- drivers/net/ethernet/nvidia/forcedeth.c
`-- drivers/net/ethernet/oki-semi/pch_gbe/pch_gbe_main.c
`-- drivers/net/ethernet/packetengines/hamachi.c
`-- drivers/net/ethernet/packetengines/yellowfin.c
`-- drivers/net/ethernet/pasemi/pasemi_mac.c
`-- drivers/net/ethernet/qlogic/netxen/netxen_nic_main.c
`-- drivers/net/ethernet/qlogic/qla3xxx.c
`-- drivers/net/ethernet/qlogic/qlcnic/qlcnic_main.c
`-- drivers/net/ethernet/qlogic/qlge/qlge_main.c
`-- drivers/net/ethernet/rdc/r6040.c
`-- drivers/net/ethernet/realtek/8139too.c
`-- drivers/net/ethernet/realtek/r8169.c
`-- drivers/net/ethernet/sfc/efx.c
`-- drivers/net/ethernet/sgi/ioc3-eth.c
`-- drivers/net/ethernet/silan/sc92031.c
`-- drivers/net/ethernet/sis/sis190.c
`-- drivers/net/ethernet/sis/sis900.c
`-- drivers/net/ethernet/smsc/epic100.c
`-- drivers/net/ethernet/smsc/smsc9420.c
`-- drivers/net/ethernet/stmicro/stmmac/stmmac_pci.c
`-- drivers/net/ethernet/sun/cassini.c
`-- drivers/net/ethernet/sun/niu.c
`-- drivers/net/ethernet/sun/sungem.c
`-- drivers/net/ethernet/sun/sunhme.c
`-- drivers/net/ethernet/tehuti/tehuti.c
`-- drivers/net/ethernet/ti/tlan.c
`-- drivers/net/ethernet/toshiba/spider_net.c
`-- drivers/net/ethernet/toshiba/tc35815.c
`-- drivers/net/ethernet/via/via-rhine.c
`-- drivers/net/ethernet/via/via-velocity.c
`-- drivers/net/fddi/defxx.c
`-- drivers/net/fddi/skfp/skfddi.c
`-- drivers/net/hippi/rrunner.c
`-- drivers/net/irda/donauboe.c
`-- drivers/net/irda/via-ircc.c
`-- drivers/net/irda/vlsi_ir.c
`-- drivers/net/vmxnet3/vmxnet3_drv.c
`-- drivers/net/wan/dscc4.c
`-- drivers/net/wan/farsync.c
`-- drivers/net/wan/lmc/lmc_main.c
`-- drivers/net/wan/pc300too.c
`-- drivers/net/wan/pci200syn.c
`-- drivers/net/wan/wanxl.c
`-- drivers/net/wireless/adm8211.c
`-- drivers/net/wireless/airo.c
`-- drivers/net/wireless/ath/ath10k/pci.c
`-- drivers/net/wireless/ath/ath5k/led.c
`-- drivers/net/wireless/ath/ath5k/pci.c
`-- drivers/net/wireless/ath/ath9k/pci.c
`-- drivers/net/wireless/atmel_pci.c
`-- drivers/net/wireless/hostap/hostap_pci.c
`-- drivers/net/wireless/hostap/hostap_plx.c
`-- drivers/net/wireless/ipw2x00/ipw2100.c
`-- drivers/net/wireless/ipw2x00/ipw2200.c
`-- drivers/net/wireless/iwlegacy/3945.c
`-- drivers/net/wireless/iwlegacy/4965-mac.c
`-- drivers/net/wireless/iwlwifi/pcie/drv.c
`-- drivers/net/wireless/mwifiex/pcie.c
`-- drivers/net/wireless/mwl8k.c
`-- drivers/net/wireless/orinoco/orinoco_nortel.c
`-- drivers/net/wireless/orinoco/orinoco_pci.c
`-- drivers/net/wireless/orinoco/orinoco_plx.c
`-- drivers/net/wireless/orinoco/orinoco_tmd.c
`-- drivers/net/wireless/p54/p54pci.c
`-- drivers/net/wireless/prism54/islpci_hotplug.c
`-- drivers/net/wireless/rt2x00/rt2400pci.c
`-- drivers/net/wireless/rt2x00/rt2500pci.c
`-- drivers/net/wireless/rt2x00/rt2800pci.c
`-- drivers/net/wireless/rt2x00/rt61pci.c
`-- drivers/net/wireless/rtl818x/rtl8180/dev.c
`-- drivers/net/wireless/rtlwifi/rtl8188ee/sw.c
`-- drivers/net/wireless/rtlwifi/rtl8192ce/sw.c
`-- drivers/net/wireless/rtlwifi/rtl8723be/sw.c
`-- drivers/pci/ioapic.c
`-- drivers/platform/x86/intel_ips.c
`-- drivers/platform/x86/intel_scu_ipc.c
`-- drivers/ptp/ptp_pch.c
`-- drivers/rapidio/devices/tsi721.c
`-- drivers/scsi/BusLogic.c
`-- drivers/scsi/be2iscsi/be_main.c
`-- drivers/scsi/csiostor/csio_init.c
`-- drivers/scsi/isci/init.c
`-- drivers/scsi/mpt3sas/mpt3sas_scsih.c
`-- drivers/scsi/mvumi.c
`-- drivers/scsi/ufs/ufshcd-pci.c
`-- drivers/video/fbdev/hyperv_fb.c
`-- drivers/video/fbdev/i740fb.c
`-- drivers/xen/xen-pciback/pci_stub.c
`-- sound/oss/kahlua.c
`-- sound/pci/ad1889.c
`-- sound/pci/ali5451/ali5451.c
`-- sound/pci/als300.c
`-- sound/pci/als4000.c
`-- sound/pci/asihpi/asihpi.c
`-- sound/pci/atiixp.c
`-- sound/pci/atiixp_modem.c
`-- sound/pci/au88x0/au8810.c
`-- sound/pci/au88x0/au8820.c
`-- sound/pci/au88x0/au8830.c
`-- sound/pci/aw2/aw2-alsa.c
`-- sound/pci/azt3328.c
`-- sound/pci/bt87x.c
`-- sound/pci/ca0106/ca0106_main.c
`-- sound/pci/cmipci.c
`-- sound/pci/cs4281.c
`-- sound/pci/cs46xx/cs46xx.c
`-- sound/pci/cs5530.c
`-- sound/pci/cs5535audio/cs5535audio.c
`-- sound/pci/ctxfi/xfi.c
`-- sound/pci/echoaudio/darla20.c
`-- sound/pci/echoaudio/darla24.c
`-- sound/pci/echoaudio/echo3g.c
`-- sound/pci/echoaudio/gina20.c
`-- sound/pci/echoaudio/gina24.c
`-- sound/pci/echoaudio/indigo.c
`-- sound/pci/echoaudio/indigodj.c
`-- sound/pci/echoaudio/indigodjx.c
`-- sound/pci/echoaudio/indigoio.c
`-- sound/pci/echoaudio/indigoiox.c
`-- sound/pci/echoaudio/layla20.c
`-- sound/pci/echoaudio/layla24.c
`-- sound/pci/echoaudio/mia.c
`-- sound/pci/echoaudio/mona.c
`-- sound/pci/emu10k1/emu10k1.c
`-- sound/pci/emu10k1/emu10k1x.c
`-- sound/pci/ens1370.c
`-- sound/pci/es1938.c
`-- sound/pci/es1968.c
`-- sound/pci/fm801.c
`-- sound/pci/ice1712/ice1712.c
`-- sound/pci/ice1712/ice1724.c
`-- sound/pci/intel8x0.c
`-- sound/pci/intel8x0m.c
`-- sound/pci/korg1212/korg1212.c
`-- sound/pci/lola/lola.c
`-- sound/pci/lx6464es/lx6464es.c
`-- sound/pci/maestro3.c
`-- sound/pci/mixart/mixart.c
`-- sound/pci/nm256/nm256.c
`-- sound/pci/oxygen/oxygen.c
`-- sound/pci/oxygen/virtuoso.c
`-- sound/pci/pcxhr/pcxhr.c
`-- sound/pci/riptide/riptide.c
`-- sound/pci/rme32.c
`-- sound/pci/rme96.c
`-- sound/pci/rme9652/hdsp.c
`-- sound/pci/rme9652/hdspm.c
`-- sound/pci/rme9652/rme9652.c
`-- sound/pci/sis7019.c
`-- sound/pci/sonicvibes.c
`-- sound/pci/trident/trident.c
`-- sound/pci/via82xx.c
`-- sound/pci/via82xx_modem.c
`-- sound/pci/vx222/vx222.c
`-- sound/pci/ymfpci/ymfpci.c
[33mcompile base commit... [0m[33mok (9s)
[0m[33mapply [0m[33m9baa3c34ac4e... [0m[33mok (9s)
[0m[33mcompile target commit... [0m[33mok (13s)
[0mPREPARE:
[33m0s
[0mANALYZE:
COCCIGEN:
