BUILD:
[33mbase commit: 9e903e085262^1
[0m[33mtarget commit: 9e903e085262
[0m[33mchecking out base commit... [0m[33mok (3s)
[0m[33mformatting diff... [0m[33mok (4s)
[0m87 source file(s) touched in the old version
`-- drivers/atm/eni.c
`-- drivers/infiniband/hw/amso1100/c2.c
`-- drivers/infiniband/hw/nes/nes_nic.c
`-- drivers/infiniband/ulp/ipoib/ipoib_cm.c
`-- drivers/infiniband/ulp/ipoib/ipoib_ib.c
`-- drivers/net/ethernet/3com/3c59x.c
`-- drivers/net/ethernet/3com/typhoon.c
`-- drivers/net/ethernet/adaptec/starfire.c
`-- drivers/net/ethernet/aeroflex/greth.c
`-- drivers/net/ethernet/alteon/acenic.c
`-- drivers/net/ethernet/atheros/atl1c/atl1c_main.c
`-- drivers/net/ethernet/atheros/atl1e/atl1e_main.c
`-- drivers/net/ethernet/atheros/atlx/atl1.c
`-- drivers/net/ethernet/broadcom/bnx2.c
`-- drivers/net/ethernet/broadcom/bnx2x/bnx2x_cmn.c
`-- drivers/net/ethernet/broadcom/tg3.c
`-- drivers/net/ethernet/brocade/bna/bnad.c
`-- drivers/net/ethernet/chelsio/cxgb/sge.c
`-- drivers/net/ethernet/chelsio/cxgb3/sge.c
`-- drivers/net/ethernet/chelsio/cxgb4/sge.c
`-- drivers/net/ethernet/chelsio/cxgb4vf/sge.c
`-- drivers/net/ethernet/cisco/enic/enic_main.c
`-- drivers/net/ethernet/emulex/benet/be_main.c
`-- drivers/net/ethernet/ibm/ehea/ehea_main.c
`-- drivers/net/ethernet/ibm/emac/core.c
`-- drivers/net/ethernet/ibm/ibmveth.c
`-- drivers/net/ethernet/intel/e1000/e1000_main.c
`-- drivers/net/ethernet/intel/e1000e/netdev.c
`-- drivers/net/ethernet/intel/igb/igb_main.c
`-- drivers/net/ethernet/intel/igbvf/netdev.c
`-- drivers/net/ethernet/intel/ixgb/ixgb_main.c
`-- drivers/net/ethernet/intel/ixgbe/ixgbe_main.c
`-- drivers/net/ethernet/intel/ixgbevf/ixgbevf_main.c
`-- drivers/net/ethernet/jme.c
`-- drivers/net/ethernet/marvell/mv643xx_eth.c
`-- drivers/net/ethernet/marvell/skge.c
`-- drivers/net/ethernet/marvell/sky2.c
`-- drivers/net/ethernet/mellanox/mlx4/en_rx.c
`-- drivers/net/ethernet/mellanox/mlx4/en_tx.c
`-- drivers/net/ethernet/micrel/ksz884x.c
`-- drivers/net/ethernet/myricom/myri10ge/myri10ge.c
`-- drivers/net/ethernet/natsemi/ns83820.c
`-- drivers/net/ethernet/neterion/s2io.c
`-- drivers/net/ethernet/neterion/vxge/vxge-main.c
`-- drivers/net/ethernet/nvidia/forcedeth.c
`-- drivers/net/ethernet/pasemi/pasemi_mac.c
`-- drivers/net/ethernet/qlogic/netxen/netxen_nic_main.c
`-- drivers/net/ethernet/qlogic/qla3xxx.c
`-- drivers/net/ethernet/qlogic/qlcnic/qlcnic_main.c
`-- drivers/net/ethernet/qlogic/qlge/qlge_main.c
`-- drivers/net/ethernet/realtek/8139cp.c
`-- drivers/net/ethernet/realtek/r8169.c
`-- drivers/net/ethernet/sfc/rx.c
`-- drivers/net/ethernet/sfc/tx.c
`-- drivers/net/ethernet/stmicro/stmmac/stmmac_main.c
`-- drivers/net/ethernet/sun/cassini.c
`-- drivers/net/ethernet/sun/niu.c
`-- drivers/net/ethernet/sun/sungem.c
`-- drivers/net/ethernet/sun/sunhme.c
`-- drivers/net/ethernet/tehuti/tehuti.c
`-- drivers/net/ethernet/tile/tilepro.c
`-- drivers/net/ethernet/tundra/tsi108_eth.c
`-- drivers/net/ethernet/via/via-velocity.c
`-- drivers/net/ethernet/xilinx/ll_temac_main.c
`-- drivers/net/virtio_net.c
`-- drivers/net/vmxnet3/vmxnet3_drv.c
`-- drivers/net/xen-netback/netback.c
`-- drivers/net/xen-netfront.c
`-- drivers/scsi/cxgbi/libcxgbi.c
`-- drivers/scsi/fcoe/fcoe_transport.c
`-- drivers/staging/hv/netvsc_drv.c
`-- include/linux/skbuff.h
`-- net/appletalk/ddp.c
`-- net/core/datagram.c
`-- net/core/dev.c
`-- net/core/pktgen.c
`-- net/core/skbuff.c
`-- net/core/user_dma.c
`-- net/ipv4/inet_lro.c
`-- net/ipv4/ip_fragment.c
`-- net/ipv4/ip_output.c
`-- net/ipv4/tcp.c
`-- net/ipv4/tcp_output.c
`-- net/ipv6/ip6_output.c
`-- net/ipv6/netfilter/nf_conntrack_reasm.c
`-- net/ipv6/reassembly.c
`-- net/xfrm/xfrm_ipcomp.c
87 source file(s) touched in the new version
`-- drivers/atm/eni.c
`-- drivers/infiniband/hw/amso1100/c2.c
`-- drivers/infiniband/hw/nes/nes_nic.c
`-- drivers/infiniband/ulp/ipoib/ipoib_cm.c
`-- drivers/infiniband/ulp/ipoib/ipoib_ib.c
`-- drivers/net/ethernet/3com/3c59x.c
`-- drivers/net/ethernet/3com/typhoon.c
`-- drivers/net/ethernet/adaptec/starfire.c
`-- drivers/net/ethernet/aeroflex/greth.c
`-- drivers/net/ethernet/alteon/acenic.c
`-- drivers/net/ethernet/atheros/atl1c/atl1c_main.c
`-- drivers/net/ethernet/atheros/atl1e/atl1e_main.c
`-- drivers/net/ethernet/atheros/atlx/atl1.c
`-- drivers/net/ethernet/broadcom/bnx2.c
`-- drivers/net/ethernet/broadcom/bnx2x/bnx2x_cmn.c
`-- drivers/net/ethernet/broadcom/tg3.c
`-- drivers/net/ethernet/brocade/bna/bnad.c
`-- drivers/net/ethernet/chelsio/cxgb/sge.c
`-- drivers/net/ethernet/chelsio/cxgb3/sge.c
`-- drivers/net/ethernet/chelsio/cxgb4/sge.c
`-- drivers/net/ethernet/chelsio/cxgb4vf/sge.c
`-- drivers/net/ethernet/cisco/enic/enic_main.c
`-- drivers/net/ethernet/emulex/benet/be_main.c
`-- drivers/net/ethernet/ibm/ehea/ehea_main.c
`-- drivers/net/ethernet/ibm/emac/core.c
`-- drivers/net/ethernet/ibm/ibmveth.c
`-- drivers/net/ethernet/intel/e1000/e1000_main.c
`-- drivers/net/ethernet/intel/e1000e/netdev.c
`-- drivers/net/ethernet/intel/igb/igb_main.c
`-- drivers/net/ethernet/intel/igbvf/netdev.c
`-- drivers/net/ethernet/intel/ixgb/ixgb_main.c
`-- drivers/net/ethernet/intel/ixgbe/ixgbe_main.c
`-- drivers/net/ethernet/intel/ixgbevf/ixgbevf_main.c
`-- drivers/net/ethernet/jme.c
`-- drivers/net/ethernet/marvell/mv643xx_eth.c
`-- drivers/net/ethernet/marvell/skge.c
`-- drivers/net/ethernet/marvell/sky2.c
`-- drivers/net/ethernet/mellanox/mlx4/en_rx.c
`-- drivers/net/ethernet/mellanox/mlx4/en_tx.c
`-- drivers/net/ethernet/micrel/ksz884x.c
`-- drivers/net/ethernet/myricom/myri10ge/myri10ge.c
`-- drivers/net/ethernet/natsemi/ns83820.c
`-- drivers/net/ethernet/neterion/s2io.c
`-- drivers/net/ethernet/neterion/vxge/vxge-main.c
`-- drivers/net/ethernet/nvidia/forcedeth.c
`-- drivers/net/ethernet/pasemi/pasemi_mac.c
`-- drivers/net/ethernet/qlogic/netxen/netxen_nic_main.c
`-- drivers/net/ethernet/qlogic/qla3xxx.c
`-- drivers/net/ethernet/qlogic/qlcnic/qlcnic_main.c
`-- drivers/net/ethernet/qlogic/qlge/qlge_main.c
`-- drivers/net/ethernet/realtek/8139cp.c
`-- drivers/net/ethernet/realtek/r8169.c
`-- drivers/net/ethernet/sfc/rx.c
`-- drivers/net/ethernet/sfc/tx.c
`-- drivers/net/ethernet/stmicro/stmmac/stmmac_main.c
`-- drivers/net/ethernet/sun/cassini.c
`-- drivers/net/ethernet/sun/niu.c
`-- drivers/net/ethernet/sun/sungem.c
`-- drivers/net/ethernet/sun/sunhme.c
`-- drivers/net/ethernet/tehuti/tehuti.c
`-- drivers/net/ethernet/tile/tilepro.c
`-- drivers/net/ethernet/tundra/tsi108_eth.c
`-- drivers/net/ethernet/via/via-velocity.c
`-- drivers/net/ethernet/xilinx/ll_temac_main.c
`-- drivers/net/virtio_net.c
`-- drivers/net/vmxnet3/vmxnet3_drv.c
`-- drivers/net/xen-netback/netback.c
`-- drivers/net/xen-netfront.c
`-- drivers/scsi/cxgbi/libcxgbi.c
`-- drivers/scsi/fcoe/fcoe_transport.c
`-- drivers/staging/hv/netvsc_drv.c
`-- include/linux/skbuff.h
`-- net/appletalk/ddp.c
`-- net/core/datagram.c
`-- net/core/dev.c
`-- net/core/pktgen.c
`-- net/core/skbuff.c
`-- net/core/user_dma.c
`-- net/ipv4/inet_lro.c
`-- net/ipv4/ip_fragment.c
`-- net/ipv4/ip_output.c
`-- net/ipv4/tcp.c
`-- net/ipv4/tcp_output.c
`-- net/ipv6/ip6_output.c
`-- net/ipv6/netfilter/nf_conntrack_reasm.c
`-- net/ipv6/reassembly.c
`-- net/xfrm/xfrm_ipcomp.c
[33mcompile base commit... [0m[33mok (8s)
[0m[33mapply [0m[33m9e903e085262... [0m[33mok (8s)
[0m[33mcompile target commit... [0m[33mok (10s)
[0mPREPARE:
[33m0s
[0mANALYZE:
COCCIGEN:
