BUILD:
[33mbase commit: 9f8a739e72f1^1
[0m[33mtarget commit: 9f8a739e72f1
[0m[33mchecking out base commit... [0m[33mok (2s)
[0m[33mformatting diff... [0m[33mok (2s)
[0m11 source file(s) touched in the old version
`-- drivers/net/ethernet/broadcom/bnxt/bnxt_tc.c
`-- drivers/net/ethernet/chelsio/cxgb4/cxgb4_tc_flower.c
`-- drivers/net/ethernet/chelsio/cxgb4/cxgb4_tc_u32.c
`-- drivers/net/ethernet/intel/ixgbe/ixgbe_main.c
`-- drivers/net/ethernet/mellanox/mlx5/core/en_tc.c
`-- drivers/net/ethernet/mellanox/mlxsw/spectrum.c
`-- drivers/net/ethernet/mellanox/mlxsw/spectrum_flower.c
`-- drivers/net/ethernet/netronome/nfp/flower/action.c
`-- include/net/tc_act/tc_mirred.h
`-- net/dsa/slave.c
`-- net/sched/act_mirred.c
11 source file(s) touched in the new version
`-- drivers/net/ethernet/broadcom/bnxt/bnxt_tc.c
`-- drivers/net/ethernet/chelsio/cxgb4/cxgb4_tc_flower.c
`-- drivers/net/ethernet/chelsio/cxgb4/cxgb4_tc_u32.c
`-- drivers/net/ethernet/intel/ixgbe/ixgbe_main.c
`-- drivers/net/ethernet/mellanox/mlx5/core/en_tc.c
`-- drivers/net/ethernet/mellanox/mlxsw/spectrum.c
`-- drivers/net/ethernet/mellanox/mlxsw/spectrum_flower.c
`-- drivers/net/ethernet/netronome/nfp/flower/action.c
`-- include/net/tc_act/tc_mirred.h
`-- net/dsa/slave.c
`-- net/sched/act_mirred.c
[33mcompile base commit... [0m[33mok (6s)
[0m[33mapply [0m[33m9f8a739e72f1... [0m[33mok (6s)
[0m[33mcompile target commit... [0m[33mok (6s)
[0mPREPARE:
[33m0s
[0mANALYZE:
COCCIGEN:
