BUILD:
[33mbase commit: a188222b6ed2^1
[0m[33mtarget commit: a188222b6ed2
[0m[33mchecking out base commit... [0m[33mok (3s)
[0m[33mformatting diff... [0m[33mok (3s)
[0m25 source file(s) touched in the old version
`-- drivers/net/bonding/bond_main.c
`-- drivers/net/ethernet/emulex/benet/be_main.c
`-- drivers/net/ethernet/ibm/ibmveth.c
`-- drivers/net/ethernet/intel/fm10k/fm10k_netdev.c
`-- drivers/net/ethernet/intel/i40e/i40e_main.c
`-- drivers/net/ethernet/intel/ixgbe/ixgbe_main.c
`-- drivers/net/ethernet/jme.c
`-- drivers/net/ethernet/marvell/sky2.c
`-- drivers/net/ethernet/netronome/nfp/nfp_net_common.c
`-- drivers/net/ethernet/oki-semi/pch_gbe/pch_gbe_param.c
`-- drivers/net/ethernet/sfc/efx.c
`-- drivers/net/ethernet/stmicro/stmmac/stmmac_main.c
`-- drivers/net/ipvlan/ipvlan_main.c
`-- drivers/net/macvlan.c
`-- drivers/net/macvtap.c
`-- drivers/net/team/team.c
`-- drivers/net/usb/r8152.c
`-- drivers/staging/lustre/lnet/klnds/socklnd/socklnd_lib.c
`-- include/linux/netdev_features.h
`-- include/linux/netdevice.h
`-- include/net/vxlan.h
`-- net/8021q/vlan_dev.c
`-- net/core/dev.c
`-- net/core/ethtool.c
`-- net/ipv4/tcp.c
25 source file(s) touched in the new version
`-- drivers/net/bonding/bond_main.c
`-- drivers/net/ethernet/emulex/benet/be_main.c
`-- drivers/net/ethernet/ibm/ibmveth.c
`-- drivers/net/ethernet/intel/fm10k/fm10k_netdev.c
`-- drivers/net/ethernet/intel/i40e/i40e_main.c
`-- drivers/net/ethernet/intel/ixgbe/ixgbe_main.c
`-- drivers/net/ethernet/jme.c
`-- drivers/net/ethernet/marvell/sky2.c
`-- drivers/net/ethernet/netronome/nfp/nfp_net_common.c
`-- drivers/net/ethernet/oki-semi/pch_gbe/pch_gbe_param.c
`-- drivers/net/ethernet/sfc/efx.c
`-- drivers/net/ethernet/stmicro/stmmac/stmmac_main.c
`-- drivers/net/ipvlan/ipvlan_main.c
`-- drivers/net/macvlan.c
`-- drivers/net/macvtap.c
`-- drivers/net/team/team.c
`-- drivers/net/usb/r8152.c
`-- drivers/staging/lustre/lnet/klnds/socklnd/socklnd_lib.c
`-- include/linux/netdev_features.h
`-- include/linux/netdevice.h
`-- include/net/vxlan.h
`-- net/8021q/vlan_dev.c
`-- net/core/dev.c
`-- net/core/ethtool.c
`-- net/ipv4/tcp.c
[33mcompile base commit... [0m[33mok (65s)
[0m[33mapply [0m[33ma188222b6ed2... [0m[33mok (65s)
[0m[33mcompile target commit... [0m[33mok (120s)
[0mPREPARE:
[33mcollect AST for functions: stmmac_fix_features@drivers_net_ethernet_stmicro_stmmac_stmmac_main.c,be_features_check@drivers_net_ethernet_emulex_benet_be_main.c,i40e_features_check@drivers_net_ethernet_intel_i40e_i40e_main.c,ibmveth_set_features@drivers_net_ethernet_ibm_ibmveth.c,ibmveth_fix_features@drivers_net_ethernet_ibm_ibmveth.c,netdev_intersect_features@include_linux_netdevice.h,ksocknal_lib_zc_capable@drivers_staging_lustre_lnet_klnds_socklnd_socklnd_lib.c,bond_setup@drivers_net_bonding_bond_main.c,sky2_fix_features@drivers_net_ethernet_marvell_sky2.c,tcp_sendpage@net_ipv4_tcp.c,netdev_increment_features@net_core_dev.c,validate_xmit_skb@net_core_dev.c,vlan_dev_init@net_8021q_vlan_dev.c,team_setup@drivers_net_team_team.c,fm10k_features_check@drivers_net_ethernet_intel_fm10k_fm10k_netdev.c,efx_pci_probe@drivers_net_ethernet_sfc_efx.c,ethtool_get_feature_mask@net_core_ethtool.c,vxlan_features_check@include_net_vxlan.h,nfp_net_features_check@drivers_net_ethernet_netronome_nfp_nfp_net_common.c,rtl8152_features_check@drivers_net_usb_r8152.c,jme_fix_features@drivers_net_ethernet_jme.c,macvtap_handle_frame@drivers_net_macvtap.c,harmonize_features@net_core_dev.c,tcp_sendmsg@net_ipv4_tcp.c,pch_gbe_check_options@drivers_net_ethernet_oki-semi_pch_gbe_pch_gbe_param.c,ixgbe_features_check@drivers_net_ethernet_intel_ixgbe_ixgbe_main.c
[0m[33mTransforming and linking bitcode files...
[0m[33m13s
[0mANALYZE:
COCCIGEN:
//# pattern-2, witnesses: 22
@@
@@
- NETIF_F_ALL_CSUM
+ NETIF_F_CSUM_MASK
//# pattern-1, witnesses: 2
@r0@
identifier i, fn;
@@
struct rtnl_link_ops i = {
    .setup = fn,
};
@@
identifier dev;
identifier r0.fn;
@@
 void fn(struct net_device * dev)
 {
     <...
- dev->hw_features &= ~NETIF_F_ALL_CSUM & ~NETIF_F_HW_CSUM;
     ...>
 }
//# pattern-3, witnesses: 2
@@
@@
- NETIF_F_ALL_CSUM
+ NETIF_F_HW_CSUM
