BUILD:
[33mbase commit: a24006ed1261^1
[0m[33mtarget commit: a24006ed1261
[0m[33mchecking out base commit... [0m[33mok (0s)
[0m[33mformatting diff... [0m[33mok (0s)
[0m10 source file(s) touched in the old version
`-- drivers/net/ethernet/intel/igb/igb.h
`-- drivers/net/ethernet/intel/igb/igb_ethtool.c
`-- drivers/net/ethernet/intel/igb/igb_main.c
`-- drivers/net/ethernet/intel/ixgbe/ixgbe.h
`-- drivers/net/ethernet/intel/ixgbe/ixgbe_ethtool.c
`-- drivers/net/ethernet/intel/ixgbe/ixgbe_main.c
`-- drivers/net/ethernet/oki-semi/pch_gbe/pch_gbe.h
`-- drivers/net/ethernet/oki-semi/pch_gbe/pch_gbe_main.c
`-- drivers/net/ethernet/sfc/net_driver.h
`-- drivers/net/ethernet/sfc/nic.h
10 source file(s) touched in the new version
`-- drivers/net/ethernet/intel/igb/igb.h
`-- drivers/net/ethernet/intel/igb/igb_ethtool.c
`-- drivers/net/ethernet/intel/igb/igb_main.c
`-- drivers/net/ethernet/intel/ixgbe/ixgbe.h
`-- drivers/net/ethernet/intel/ixgbe/ixgbe_ethtool.c
`-- drivers/net/ethernet/intel/ixgbe/ixgbe_main.c
`-- drivers/net/ethernet/oki-semi/pch_gbe/pch_gbe.h
`-- drivers/net/ethernet/oki-semi/pch_gbe/pch_gbe_main.c
`-- drivers/net/ethernet/sfc/net_driver.h
`-- drivers/net/ethernet/sfc/nic.h
[33mcompile base commit... [0m[33mok (5s)
[0m[33mapply [0m[33ma24006ed1261... [0m[33mok (5s)
[0m[33mcompile target commit... [0m[33mok (10s)
[0mPREPARE:
[33m0s
[0mANALYZE:
COCCIGEN:
