BUILD:
[33mbase commit: a2e8da9378cc^1
[0m[33mtarget commit: a2e8da9378cc
[0m[33mchecking out base commit... [0m[33mok (1s)
[0m[33mformatting diff... [0m[33mok (1s)
[0m8 source file(s) touched in the old version
`-- drivers/net/ethernet/chelsio/cxgb4/cxgb4_main.c
`-- drivers/net/ethernet/intel/ixgbe/ixgbe_main.c
`-- drivers/net/ethernet/mellanox/mlx5/core/en_main.c
`-- drivers/net/ethernet/mellanox/mlx5/core/en_rep.c
`-- drivers/net/ethernet/mellanox/mlxsw/spectrum.c
`-- drivers/net/ethernet/netronome/nfp/bpf/main.c
`-- drivers/net/ethernet/netronome/nfp/flower/offload.c
`-- net/dsa/slave.c
8 source file(s) touched in the new version
`-- drivers/net/ethernet/chelsio/cxgb4/cxgb4_main.c
`-- drivers/net/ethernet/intel/ixgbe/ixgbe_main.c
`-- drivers/net/ethernet/mellanox/mlx5/core/en_main.c
`-- drivers/net/ethernet/mellanox/mlx5/core/en_rep.c
`-- drivers/net/ethernet/mellanox/mlxsw/spectrum.c
`-- drivers/net/ethernet/netronome/nfp/bpf/main.c
`-- drivers/net/ethernet/netronome/nfp/flower/offload.c
`-- net/dsa/slave.c
[33mcompile base commit... [0m[33mok (39s)
[0m[33mapply [0m[33ma2e8da9378cc... [0m[33mok (39s)
[0m[33mcompile target commit... [0m[33mok (64s)
[0mPREPARE:
[33mcollect AST for functions: mlxsw_sp_setup_tc_cls_flower@drivers_net_ethernet_mellanox_mlxsw_spectrum.c,nfp_flower_setup_tc@drivers_net_ethernet_netronome_nfp_flower_offload.c,mlx5e_setup_tc_cls_flower@drivers_net_ethernet_mellanox_mlx5_core_en_main.c,dsa_slave_setup_tc_cls_matchall@net_dsa_slave.c,nfp_bpf_setup_tc@drivers_net_ethernet_netronome_nfp_bpf_main.c,ixgbe_setup_tc_cls_u32@drivers_net_ethernet_intel_ixgbe_ixgbe_main.c,mlxsw_sp_setup_tc_cls_matchall@drivers_net_ethernet_mellanox_mlxsw_spectrum.c,cxgb_setup_tc_cls_u32@drivers_net_ethernet_chelsio_cxgb4_cxgb4_main.c,mlx5e_rep_setup_tc_cls_flower@drivers_net_ethernet_mellanox_mlx5_core_en_rep.c
[0m[33mTransforming and linking bitcode files...
[0m[33m7s
[0mANALYZE:
COCCIGEN:
//# pattern-3, witnesses: 6
@@
expression E0;
expression E1;
@@
- TC_H_MAJ(E0->common.handle) != TC_H_MAJ(TC_H_INGRESS) || E1
+ is_classid_clsact_ingress(E0->common.classid) || E1
//# pattern-4, witnesses: 3
@@
identifier s;
@@
 bool s = {
 };
