BUILD:
[33mbase commit: a5a1d1c2914b^1
[0m[33mtarget commit: a5a1d1c2914b
[0m[33mchecking out base commit... [0m[33mok (2s)
[0m[33mformatting diff... [0m[33mok (2s)
[0m132 source file(s) touched in the old version
`-- arch/alpha/kernel/time.c
`-- arch/arm/mach-davinci/time.c
`-- arch/arm/mach-ep93xx/timer-ep93xx.c
`-- arch/arm/mach-footbridge/dc21285-timer.c
`-- arch/arm/mach-ixp4xx/common.c
`-- arch/arm/mach-mmp/time.c
`-- arch/arm/mach-omap2/timer.c
`-- arch/arm/plat-iop/time.c
`-- arch/avr32/kernel/time.c
`-- arch/blackfin/kernel/time-ts.c
`-- arch/c6x/kernel/time.c
`-- arch/hexagon/kernel/time.c
`-- arch/ia64/kernel/cyclone.c
`-- arch/ia64/kernel/fsyscall_gtod_data.h
`-- arch/ia64/kernel/time.c
`-- arch/ia64/sn/kernel/sn2/timer.c
`-- arch/m68k/68000/timers.c
`-- arch/m68k/coldfire/dma_timer.c
`-- arch/m68k/coldfire/pit.c
`-- arch/m68k/coldfire/sltimers.c
`-- arch/m68k/coldfire/timers.c
`-- arch/microblaze/kernel/timer.c
`-- arch/mips/alchemy/common/time.c
`-- arch/mips/cavium-octeon/csrc-octeon.c
`-- arch/mips/jz4740/time.c
`-- arch/mips/kernel/cevt-txx9.c
`-- arch/mips/kernel/csrc-bcm1480.c
`-- arch/mips/kernel/csrc-ioasic.c
`-- arch/mips/kernel/csrc-r4k.c
`-- arch/mips/kernel/csrc-sb1250.c
`-- arch/mips/loongson32/common/time.c
`-- arch/mips/loongson64/common/cs5536/cs5536_mfgpt.c
`-- arch/mips/loongson64/loongson-3/hpet.c
`-- arch/mips/mti-malta/malta-time.c
`-- arch/mips/netlogic/common/time.c
`-- arch/mips/sgi-ip27/ip27-timer.c
`-- arch/mn10300/kernel/csrc-mn10300.c
`-- arch/nios2/kernel/time.c
`-- arch/openrisc/kernel/time.c
`-- arch/parisc/kernel/time.c
`-- arch/powerpc/kernel/time.c
`-- arch/s390/kernel/time.c
`-- arch/sparc/kernel/time_32.c
`-- arch/sparc/kernel/time_64.c
`-- arch/um/kernel/time.c
`-- arch/unicore32/kernel/time.c
`-- arch/x86/entry/vdso/vclock_gettime.c
`-- arch/x86/include/asm/kvm_host.h
`-- arch/x86/include/asm/pvclock.h
`-- arch/x86/include/asm/tsc.h
`-- arch/x86/include/asm/vgtod.h
`-- arch/x86/kernel/apb_timer.c
`-- arch/x86/kernel/cpu/mshyperv.c
`-- arch/x86/kernel/hpet.c
`-- arch/x86/kernel/kvmclock.c
`-- arch/x86/kernel/pvclock.c
`-- arch/x86/kernel/tsc.c
`-- arch/x86/kvm/x86.c
`-- arch/x86/lguest/boot.c
`-- arch/x86/platform/uv/uv_time.c
`-- arch/x86/xen/time.c
`-- arch/x86/xen/xen-ops.h
`-- arch/xtensa/kernel/time.c
`-- drivers/char/hpet.c
`-- drivers/clocksource/acpi_pm.c
`-- drivers/clocksource/arc_timer.c
`-- drivers/clocksource/arm_arch_timer.c
`-- drivers/clocksource/arm_global_timer.c
`-- drivers/clocksource/cadence_ttc_timer.c
`-- drivers/clocksource/clksrc-dbx500-prcmu.c
`-- drivers/clocksource/dw_apb_timer.c
`-- drivers/clocksource/em_sti.c
`-- drivers/clocksource/exynos_mct.c
`-- drivers/clocksource/h8300_timer16.c
`-- drivers/clocksource/h8300_tpu.c
`-- drivers/clocksource/i8253.c
`-- drivers/clocksource/jcore-pit.c
`-- drivers/clocksource/metag_generic.c
`-- drivers/clocksource/mips-gic-timer.c
`-- drivers/clocksource/mmio.c
`-- drivers/clocksource/mxs_timer.c
`-- drivers/clocksource/qcom-timer.c
`-- drivers/clocksource/samsung_pwm_timer.c
`-- drivers/clocksource/scx200_hrt.c
`-- drivers/clocksource/sh_cmt.c
`-- drivers/clocksource/sh_tmu.c
`-- drivers/clocksource/tcb_clksrc.c
`-- drivers/clocksource/time-pistachio.c
`-- drivers/clocksource/timer-atlas7.c
`-- drivers/clocksource/timer-atmel-pit.c
`-- drivers/clocksource/timer-atmel-st.c
`-- drivers/clocksource/timer-nps.c
`-- drivers/clocksource/timer-prima2.c
`-- drivers/clocksource/timer-sun5i.c
`-- drivers/clocksource/timer-ti-32k.c
`-- drivers/clocksource/vt8500_timer.c
`-- drivers/hv/hv.c
`-- drivers/irqchip/irq-mips-gic.c
`-- drivers/net/ethernet/amd/xgbe/xgbe-ptp.c
`-- drivers/net/ethernet/broadcom/bnx2x/bnx2x_main.c
`-- drivers/net/ethernet/freescale/fec_ptp.c
`-- drivers/net/ethernet/intel/e1000e/netdev.c
`-- drivers/net/ethernet/intel/e1000e/ptp.c
`-- drivers/net/ethernet/intel/igb/igb_ptp.c
`-- drivers/net/ethernet/intel/ixgbe/ixgbe_ptp.c
`-- drivers/net/ethernet/mellanox/mlx4/en_clock.c
`-- drivers/net/ethernet/mellanox/mlx4/main.c
`-- drivers/net/ethernet/mellanox/mlx5/core/en_clock.c
`-- drivers/net/ethernet/mellanox/mlx5/core/main.c
`-- drivers/net/ethernet/mellanox/mlx5/core/mlx5_core.h
`-- drivers/net/ethernet/ti/cpts.c
`-- include/kvm/arm_arch_timer.h
`-- include/linux/clocksource.h
`-- include/linux/dw_apb_timer.h
`-- include/linux/irqchip/mips-gic.h
`-- include/linux/mlx4/device.h
`-- include/linux/timecounter.h
`-- include/linux/timekeeper_internal.h
`-- include/linux/timekeeping.h
`-- include/linux/types.h
`-- kernel/time/clocksource.c
`-- kernel/time/jiffies.c
`-- kernel/time/timecounter.c
`-- kernel/time/timekeeping.c
`-- kernel/time/timekeeping_internal.h
`-- kernel/trace/ftrace.c
`-- kernel/trace/trace.c
`-- kernel/trace/trace.h
`-- kernel/trace/trace_irqsoff.c
`-- kernel/trace/trace_sched_wakeup.c
`-- sound/hda/hdac_stream.c
`-- virt/kvm/arm/arch_timer.c
132 source file(s) touched in the new version
`-- arch/alpha/kernel/time.c
`-- arch/arm/mach-davinci/time.c
`-- arch/arm/mach-ep93xx/timer-ep93xx.c
`-- arch/arm/mach-footbridge/dc21285-timer.c
`-- arch/arm/mach-ixp4xx/common.c
`-- arch/arm/mach-mmp/time.c
`-- arch/arm/mach-omap2/timer.c
`-- arch/arm/plat-iop/time.c
`-- arch/avr32/kernel/time.c
`-- arch/blackfin/kernel/time-ts.c
`-- arch/c6x/kernel/time.c
`-- arch/hexagon/kernel/time.c
`-- arch/ia64/kernel/cyclone.c
`-- arch/ia64/kernel/fsyscall_gtod_data.h
`-- arch/ia64/kernel/time.c
`-- arch/ia64/sn/kernel/sn2/timer.c
`-- arch/m68k/68000/timers.c
`-- arch/m68k/coldfire/dma_timer.c
`-- arch/m68k/coldfire/pit.c
`-- arch/m68k/coldfire/sltimers.c
`-- arch/m68k/coldfire/timers.c
`-- arch/microblaze/kernel/timer.c
`-- arch/mips/alchemy/common/time.c
`-- arch/mips/cavium-octeon/csrc-octeon.c
`-- arch/mips/jz4740/time.c
`-- arch/mips/kernel/cevt-txx9.c
`-- arch/mips/kernel/csrc-bcm1480.c
`-- arch/mips/kernel/csrc-ioasic.c
`-- arch/mips/kernel/csrc-r4k.c
`-- arch/mips/kernel/csrc-sb1250.c
`-- arch/mips/loongson32/common/time.c
`-- arch/mips/loongson64/common/cs5536/cs5536_mfgpt.c
`-- arch/mips/loongson64/loongson-3/hpet.c
`-- arch/mips/mti-malta/malta-time.c
`-- arch/mips/netlogic/common/time.c
`-- arch/mips/sgi-ip27/ip27-timer.c
`-- arch/mn10300/kernel/csrc-mn10300.c
`-- arch/nios2/kernel/time.c
`-- arch/openrisc/kernel/time.c
`-- arch/parisc/kernel/time.c
`-- arch/powerpc/kernel/time.c
`-- arch/s390/kernel/time.c
`-- arch/sparc/kernel/time_32.c
`-- arch/sparc/kernel/time_64.c
`-- arch/um/kernel/time.c
`-- arch/unicore32/kernel/time.c
`-- arch/x86/entry/vdso/vclock_gettime.c
`-- arch/x86/include/asm/kvm_host.h
`-- arch/x86/include/asm/pvclock.h
`-- arch/x86/include/asm/tsc.h
`-- arch/x86/include/asm/vgtod.h
`-- arch/x86/kernel/apb_timer.c
`-- arch/x86/kernel/cpu/mshyperv.c
`-- arch/x86/kernel/hpet.c
`-- arch/x86/kernel/kvmclock.c
`-- arch/x86/kernel/pvclock.c
`-- arch/x86/kernel/tsc.c
`-- arch/x86/kvm/x86.c
`-- arch/x86/lguest/boot.c
`-- arch/x86/platform/uv/uv_time.c
`-- arch/x86/xen/time.c
`-- arch/x86/xen/xen-ops.h
`-- arch/xtensa/kernel/time.c
`-- drivers/char/hpet.c
`-- drivers/clocksource/acpi_pm.c
`-- drivers/clocksource/arc_timer.c
`-- drivers/clocksource/arm_arch_timer.c
`-- drivers/clocksource/arm_global_timer.c
`-- drivers/clocksource/cadence_ttc_timer.c
`-- drivers/clocksource/clksrc-dbx500-prcmu.c
`-- drivers/clocksource/dw_apb_timer.c
`-- drivers/clocksource/em_sti.c
`-- drivers/clocksource/exynos_mct.c
`-- drivers/clocksource/h8300_timer16.c
`-- drivers/clocksource/h8300_tpu.c
`-- drivers/clocksource/i8253.c
`-- drivers/clocksource/jcore-pit.c
`-- drivers/clocksource/metag_generic.c
`-- drivers/clocksource/mips-gic-timer.c
`-- drivers/clocksource/mmio.c
`-- drivers/clocksource/mxs_timer.c
`-- drivers/clocksource/qcom-timer.c
`-- drivers/clocksource/samsung_pwm_timer.c
`-- drivers/clocksource/scx200_hrt.c
`-- drivers/clocksource/sh_cmt.c
`-- drivers/clocksource/sh_tmu.c
`-- drivers/clocksource/tcb_clksrc.c
`-- drivers/clocksource/time-pistachio.c
`-- drivers/clocksource/timer-atlas7.c
`-- drivers/clocksource/timer-atmel-pit.c
`-- drivers/clocksource/timer-atmel-st.c
`-- drivers/clocksource/timer-nps.c
`-- drivers/clocksource/timer-prima2.c
`-- drivers/clocksource/timer-sun5i.c
`-- drivers/clocksource/timer-ti-32k.c
`-- drivers/clocksource/vt8500_timer.c
`-- drivers/hv/hv.c
`-- drivers/irqchip/irq-mips-gic.c
`-- drivers/net/ethernet/amd/xgbe/xgbe-ptp.c
`-- drivers/net/ethernet/broadcom/bnx2x/bnx2x_main.c
`-- drivers/net/ethernet/freescale/fec_ptp.c
`-- drivers/net/ethernet/intel/e1000e/netdev.c
`-- drivers/net/ethernet/intel/e1000e/ptp.c
`-- drivers/net/ethernet/intel/igb/igb_ptp.c
`-- drivers/net/ethernet/intel/ixgbe/ixgbe_ptp.c
`-- drivers/net/ethernet/mellanox/mlx4/en_clock.c
`-- drivers/net/ethernet/mellanox/mlx4/main.c
`-- drivers/net/ethernet/mellanox/mlx5/core/en_clock.c
`-- drivers/net/ethernet/mellanox/mlx5/core/main.c
`-- drivers/net/ethernet/mellanox/mlx5/core/mlx5_core.h
`-- drivers/net/ethernet/ti/cpts.c
`-- include/kvm/arm_arch_timer.h
`-- include/linux/clocksource.h
`-- include/linux/dw_apb_timer.h
`-- include/linux/irqchip/mips-gic.h
`-- include/linux/mlx4/device.h
`-- include/linux/timecounter.h
`-- include/linux/timekeeper_internal.h
`-- include/linux/timekeeping.h
`-- include/linux/types.h
`-- kernel/time/clocksource.c
`-- kernel/time/jiffies.c
`-- kernel/time/timecounter.c
`-- kernel/time/timekeeping.c
`-- kernel/time/timekeeping_internal.h
`-- kernel/trace/ftrace.c
`-- kernel/trace/trace.c
`-- kernel/trace/trace.h
`-- kernel/trace/trace_irqsoff.c
`-- kernel/trace/trace_sched_wakeup.c
`-- sound/hda/hdac_stream.c
`-- virt/kvm/arm/arch_timer.c
[33mcompile base commit... [0m[33mok (70s)
[0m[33mapply [0m[33ma5a1d1c2914b... [0m[33mok (70s)
[0m[33mcompile target commit... [0m[33mok (116s)
[0mPREPARE:
[33mcollect AST for functions: ccount_read@arch_xtensa_kernel_time.c,pistachio_clocksource_read_cycles@drivers_clocksource_time-pistachio.c,gt_clocksource_read@drivers_clocksource_arm_global_timer.c,em_sti_set_next@drivers_clocksource_em_sti.c,read_hpet@arch_x86_kernel_hpet.c,lguest_clock_read@arch_x86_lguest_boot.c,kvm_get_time_and_clockread@arch_x86_kvm_x86.c,tc_get_cycles32@drivers_clocksource_tcb_clksrc.c,convert_art_to_tsc@arch_x86_kernel_tsc.c,arc_read_timer1@drivers_clocksource_arc_timer.c,tpu_clocksource_read@drivers_clocksource_h8300_tpu.c,xen_clocksource_get_cycles@arch_x86_xen_time.c,kvm_clock_get_cycles@arch_x86_kernel_kvmclock.c,exynos4_frc_read@drivers_clocksource_exynos_mct.c,clocksource_mmio_readw_down@drivers_clocksource_mmio.c,sirfsoc_timer_read@drivers_clocksource_timer-atlas7.c,do_monotonic_boot@arch_x86_kvm_x86.c,dw_apb_clocksource_read@drivers_clocksource_dw_apb_timer.c,clksrc_dbx500_prcmu_read@drivers_clocksource_clksrc-dbx500-prcmu.c,clocksource_uv@arch_x86_platform_uv_uv_time.c,acpi_pm_read_slow@drivers_clocksource_acpi_pm.c,clocksource_acpi_pm@drivers_clocksource_acpi_pm.c,init_acpi_pm_clocksource@drivers_clocksource_acpi_pm.c,clocksource_mmio_init@drivers_clocksource_mmio.c,jcore_clocksource_read@drivers_clocksource_jcore-pit.c,gic_hpt_read@drivers_clocksource_mips-gic-timer.c,arch_counter_read@drivers_clocksource_arm_arch_timer.c,em_sti_count@drivers_clocksource_em_sti.c,kvm_clock_read@arch_x86_kernel_kvmclock.c,samsung_clocksource_read@drivers_clocksource_samsung_pwm_timer.c,clocksource_cyc2ns@include_linux_clocksource.h,metag_clocksource_read@drivers_clocksource_metag_generic.c,uv_read_rtc@arch_x86_platform_uv_uv_time.c,em_sti_clocksource_read@drivers_clocksource_em_sti.c,acpi_pm_read@drivers_clocksource_acpi_pm.c,arch_counter_read_cc@drivers_clocksource_arm_arch_timer.c,arc_read_rtc@drivers_clocksource_arc_timer.c,sh_tmu_clocksource_read@drivers_clocksource_sh_tmu.c,pvclock_clocksource_read@arch_x86_kernel_pvclock.c,read_tsc@arch_x86_kvm_x86.c,timer16_clocksource_read@drivers_clocksource_h8300_timer16.c,vgettsc@arch_x86_kvm_x86.c,hpet_clocksource_register@arch_x86_kernel_hpet.c,clocksource_mmio_readw_up@drivers_clocksource_mmio.c,em_sti_clock_event_next@drivers_clocksource_em_sti.c,read_clk32k@drivers_clocksource_timer-atmel-st.c,exynos4_read_count_64@drivers_clocksource_exynos_mct.c,tc_get_cycles@drivers_clocksource_tcb_clksrc.c,read_hv_clock@arch_x86_kernel_cpu_mshyperv.c,read_hrt@drivers_clocksource_scx200_hrt.c,arc_read_gfrc@drivers_clocksource_arc_timer.c,kvm_sched_clock_read@arch_x86_kernel_kvmclock.c,apbt_clocksource_register@arch_x86_kernel_apb_timer.c,sh_cmt_clocksource_read@drivers_clocksource_sh_cmt.c,read_tsc@arch_x86_kernel_tsc.c,timrotv1_get_cycles@drivers_clocksource_mxs_timer.c,exynos4_mct_comp0_start@drivers_clocksource_exynos_mct.c,msm_read_timer_count@drivers_clocksource_qcom-timer.c,__apbt_read_clocksource@drivers_clocksource_dw_apb_timer.c,vread_pvclock@arch_x86_entry_vdso_vclock_gettime.c,apbt_quick_calibrate@arch_x86_kernel_apb_timer.c,read_pit_clk@drivers_clocksource_timer-atmel-pit.c,__pvclock_read_cycles@arch_x86_include_asm_pvclock.h,xen_clocksource_read@arch_x86_xen_time.c,clocksource_mmio_readl_down@drivers_clocksource_mmio.c,__ttc_clocksource_read@drivers_clocksource_cadence_ttc_timer.c,clocksource_mmio_readl_up@drivers_clocksource_mmio.c,cyclecounter_cyc2ns@include_linux_timecounter.h
[0m[33mTransforming and linking bitcode files...
[0m[33m8s
[0mANALYZE:
COCCIGEN:
