BUILD:
[33mbase commit: a6ab4eff19ff^1
[0m[33mtarget commit: a6ab4eff19ff
[0m[33mchecking out base commit... [0m[33mok (2s)
[0m[33mformatting diff... [0m[33mok (2s)
[0m3 source file(s) touched in the old version
`-- drivers/media/v4l2-core/tuner-core.c
`-- drivers/net/ethernet/intel/ixgbe/ixgbe_82599.c
`-- drivers/video/fbdev/aty/radeon_monitor.c
3 source file(s) touched in the new version
`-- drivers/media/v4l2-core/tuner-core.c
`-- drivers/net/ethernet/intel/ixgbe/ixgbe_82599.c
`-- drivers/video/fbdev/aty/radeon_monitor.c
[33mcompile base commit... [0m[33mok (11s)
[0m[33mapply [0m[33ma6ab4eff19ff... [0m[33mok (11s)
[0m[33mcompile target commit... [0m[33mok (17s)
[0mPREPARE:
[33m1s
[0mANALYZE:
COCCIGEN:
