BUILD:
[33mbase commit: a94d9e224e3c^1
[0m[33mtarget commit: a94d9e224e3c
[0m[33mchecking out base commit... [0m[33mok (1s)
[0m[33mformatting diff... [0m[33mok (1s)
[0m7 source file(s) touched in the old version
`-- drivers/net/ethernet/intel/e1000/e1000_main.c
`-- drivers/net/ethernet/intel/e1000e/netdev.c
`-- drivers/net/ethernet/intel/fm10k/fm10k_main.c
`-- drivers/net/ethernet/intel/i40e/i40e_txrx.c
`-- drivers/net/ethernet/intel/igb/igb_main.c
`-- drivers/net/ethernet/intel/ixgbe/ixgbe_main.c
`-- drivers/net/ethernet/intel/ixgbevf/ixgbevf_main.c
7 source file(s) touched in the new version
`-- drivers/net/ethernet/intel/e1000/e1000_main.c
`-- drivers/net/ethernet/intel/e1000e/netdev.c
`-- drivers/net/ethernet/intel/fm10k/fm10k_main.c
`-- drivers/net/ethernet/intel/i40e/i40e_txrx.c
`-- drivers/net/ethernet/intel/igb/igb_main.c
`-- drivers/net/ethernet/intel/ixgbe/ixgbe_main.c
`-- drivers/net/ethernet/intel/ixgbevf/ixgbevf_main.c
[33mcompile base commit... [0m[33mok (28s)
[0m[33mapply [0m[33ma94d9e224e3c... [0m[33mok (28s)
[0m[33mcompile target commit... [0m[33mok (50s)
[0mPREPARE:
[33mcollect AST for functions: __ixgbe_xmit_frame@drivers_net_ethernet_intel_ixgbe_ixgbe_main.c,e1000_xmit_frame@drivers_net_ethernet_intel_e1000e_netdev.c,ixgbe_cleanup_headers@drivers_net_ethernet_intel_ixgbe_ixgbe_main.c,e1000_xmit_frame@drivers_net_ethernet_intel_e1000_e1000_main.c,ixgbevf_cleanup_headers@drivers_net_ethernet_intel_ixgbevf_ixgbevf_main.c,igb_xmit_frame@drivers_net_ethernet_intel_igb_igb_main.c,i40e_lan_xmit_frame@drivers_net_ethernet_intel_i40e_i40e_txrx.c,fm10k_cleanup_headers@drivers_net_ethernet_intel_fm10k_fm10k_main.c,igb_cleanup_headers@drivers_net_ethernet_intel_igb_igb_main.c
[0m[33mTransforming and linking bitcode files...
[0m[33m6s
[0mANALYZE:
COCCIGEN:
//# pattern-4, witnesses: 4
@@
@@
- if (unlikely(skb->len < 60)) {
- int pad_len = 60 - skb->len;
- if (skb_pad(skb, pad_len)) {
- }
- __skb_put(skb, pad_len);
- }
+ if (eth_skb_pad(skb)) {
+ }
//# pattern-1, witnesses: 3
@@
@@
- if (unlikely(skb->len < 17)) {
- if (skb_pad(skb, 17 - skb->len)) {
- }
- skb->len = 17;
- skb_set_tail_pointer(skb, 17);
- }
+ if (skb_put_padto(skb, 17)) {
+ }
