BUILD:
[33mbase commit: aaeb6cdfa5c0^1
[0m[33mtarget commit: aaeb6cdfa5c0
[0m[33mchecking out base commit... [0m[33mok (2s)
[0m[33mformatting diff... [0m[33mok (3s)
[0m51 source file(s) touched in the old version
`-- drivers/infiniband/hw/nes/nes_nic.c
`-- drivers/net/ethernet/3com/3c59x.c
`-- drivers/net/ethernet/8390/ne2k-pci.c
`-- drivers/net/ethernet/amd/pcnet32.c
`-- drivers/net/ethernet/atheros/atl1c/atl1c_main.c
`-- drivers/net/ethernet/atheros/atl1e/atl1e_main.c
`-- drivers/net/ethernet/atheros/atlx/atl2.c
`-- drivers/net/ethernet/broadcom/b44.c
`-- drivers/net/ethernet/broadcom/bnx2.c
`-- drivers/net/ethernet/broadcom/bnx2x/bnx2x_main.c
`-- drivers/net/ethernet/broadcom/tg3.c
`-- drivers/net/ethernet/chelsio/cxgb3/t3_hw.c
`-- drivers/net/ethernet/chelsio/cxgb4/t4_hw.c
`-- drivers/net/ethernet/chelsio/cxgb4vf/adapter.h
`-- drivers/net/ethernet/dlink/sundance.c
`-- drivers/net/ethernet/intel/e100.c
`-- drivers/net/ethernet/intel/e1000/e1000_main.c
`-- drivers/net/ethernet/intel/e1000e/netdev.c
`-- drivers/net/ethernet/intel/igb/igb_main.c
`-- drivers/net/ethernet/intel/igbvf/netdev.c
`-- drivers/net/ethernet/intel/ixgb/ixgb_main.c
`-- drivers/net/ethernet/intel/ixgbe/ixgbe_main.c
`-- drivers/net/ethernet/intel/ixgbevf/ixgbevf_main.c
`-- drivers/net/ethernet/marvell/skge.c
`-- drivers/net/ethernet/marvell/sky2.c
`-- drivers/net/ethernet/mellanox/mlx4/en_netdev.c
`-- drivers/net/ethernet/natsemi/natsemi.c
`-- drivers/net/ethernet/neterion/s2io.c
`-- drivers/net/ethernet/neterion/vxge/vxge-main.c
`-- drivers/net/ethernet/nvidia/forcedeth.c
`-- drivers/net/ethernet/qlogic/netxen/netxen_nic_main.c
`-- drivers/net/ethernet/qlogic/qla3xxx.c
`-- drivers/net/ethernet/qlogic/qlcnic/qlcnic_main.c
`-- drivers/net/ethernet/qlogic/qlge/qlge_main.c
`-- drivers/net/ethernet/rdc/r6040.c
`-- drivers/net/ethernet/realtek/8139cp.c
`-- drivers/net/ethernet/realtek/8139too.c
`-- drivers/net/ethernet/realtek/r8169.c
`-- drivers/net/ethernet/silan/sc92031.c
`-- drivers/net/ethernet/sis/sis900.c
`-- drivers/net/ethernet/sun/niu.c
`-- drivers/net/ethernet/sun/sunvnet.c
`-- drivers/net/ethernet/toshiba/tc35815.c
`-- drivers/net/ethernet/via/via-rhine.c
`-- drivers/net/ieee802154/fakehard.c
`-- drivers/net/usb/kalmia.c
`-- drivers/net/usb/rndis_host.c
`-- drivers/net/wimax/i2400m/fw.c
`-- drivers/net/wireless/ipw2x00/ipw2200.c
`-- drivers/net/wireless/mwifiex/cfg80211.c
`-- drivers/net/wireless/orinoco/main.c
51 source file(s) touched in the new version
`-- drivers/infiniband/hw/nes/nes_nic.c
`-- drivers/net/ethernet/3com/3c59x.c
`-- drivers/net/ethernet/8390/ne2k-pci.c
`-- drivers/net/ethernet/amd/pcnet32.c
`-- drivers/net/ethernet/atheros/atl1c/atl1c_main.c
`-- drivers/net/ethernet/atheros/atl1e/atl1e_main.c
`-- drivers/net/ethernet/atheros/atlx/atl2.c
`-- drivers/net/ethernet/broadcom/b44.c
`-- drivers/net/ethernet/broadcom/bnx2.c
`-- drivers/net/ethernet/broadcom/bnx2x/bnx2x_main.c
`-- drivers/net/ethernet/broadcom/tg3.c
`-- drivers/net/ethernet/chelsio/cxgb3/t3_hw.c
`-- drivers/net/ethernet/chelsio/cxgb4/t4_hw.c
`-- drivers/net/ethernet/chelsio/cxgb4vf/adapter.h
`-- drivers/net/ethernet/dlink/sundance.c
`-- drivers/net/ethernet/intel/e100.c
`-- drivers/net/ethernet/intel/e1000/e1000_main.c
`-- drivers/net/ethernet/intel/e1000e/netdev.c
`-- drivers/net/ethernet/intel/igb/igb_main.c
`-- drivers/net/ethernet/intel/igbvf/netdev.c
`-- drivers/net/ethernet/intel/ixgb/ixgb_main.c
`-- drivers/net/ethernet/intel/ixgbe/ixgbe_main.c
`-- drivers/net/ethernet/intel/ixgbevf/ixgbevf_main.c
`-- drivers/net/ethernet/marvell/skge.c
`-- drivers/net/ethernet/marvell/sky2.c
`-- drivers/net/ethernet/mellanox/mlx4/en_netdev.c
`-- drivers/net/ethernet/natsemi/natsemi.c
`-- drivers/net/ethernet/neterion/s2io.c
`-- drivers/net/ethernet/neterion/vxge/vxge-main.c
`-- drivers/net/ethernet/nvidia/forcedeth.c
`-- drivers/net/ethernet/qlogic/netxen/netxen_nic_main.c
`-- drivers/net/ethernet/qlogic/qla3xxx.c
`-- drivers/net/ethernet/qlogic/qlcnic/qlcnic_main.c
`-- drivers/net/ethernet/qlogic/qlge/qlge_main.c
`-- drivers/net/ethernet/rdc/r6040.c
`-- drivers/net/ethernet/realtek/8139cp.c
`-- drivers/net/ethernet/realtek/8139too.c
`-- drivers/net/ethernet/realtek/r8169.c
`-- drivers/net/ethernet/silan/sc92031.c
`-- drivers/net/ethernet/sis/sis900.c
`-- drivers/net/ethernet/sun/niu.c
`-- drivers/net/ethernet/sun/sunvnet.c
`-- drivers/net/ethernet/toshiba/tc35815.c
`-- drivers/net/ethernet/via/via-rhine.c
`-- drivers/net/ieee802154/fakehard.c
`-- drivers/net/usb/kalmia.c
`-- drivers/net/usb/rndis_host.c
`-- drivers/net/wimax/i2400m/fw.c
`-- drivers/net/wireless/ipw2x00/ipw2200.c
`-- drivers/net/wireless/mwifiex/cfg80211.c
`-- drivers/net/wireless/orinoco/main.c
[33mcompile base commit... [0m[33mok (10s)
[0m[33mapply [0m[33maaeb6cdfa5c0... [0m[33mok (10s)
[0m[33mcompile target commit... [0m[33mok (13s)
[0mPREPARE:
[33m0s
[0mANALYZE:
COCCIGEN:
