BUILD:
[33mbase commit: b3343a2a2c95^1
[0m[33mtarget commit: b3343a2a2c95
[0m[33mchecking out base commit... [0m[33mok (1s)
[0m[33mformatting diff... [0m[33mok (1s)
[0m7 source file(s) touched in the old version
`-- drivers/net/ethernet/intel/ixgbe/ixgbe_main.c
`-- drivers/net/ethernet/intel/ixgbevf/vf.c
`-- include/linux/etherdevice.h
`-- net/bridge/br_device.c
`-- net/bridge/br_input.c
`-- net/bridge/br_private.h
`-- net/bridge/br_sysfs_br.c
7 source file(s) touched in the new version
`-- drivers/net/ethernet/intel/ixgbe/ixgbe_main.c
`-- drivers/net/ethernet/intel/ixgbevf/vf.c
`-- include/linux/etherdevice.h
`-- net/bridge/br_device.c
`-- net/bridge/br_input.c
`-- net/bridge/br_private.h
`-- net/bridge/br_sysfs_br.c
[33mcompile base commit... [0m[33mok (5s)
[0m[33mapply [0m[33mb3343a2a2c95... [0m[33mok (5s)
[0m[33mcompile target commit... [0m[33mok (8s)
[0mPREPARE:
[33m0s
[0mANALYZE:
COCCIGEN:
@@
@@
 #include <net/bridge/br_private.h>
+#include <linux/etherdevice.h>
