BUILD:
[33mbase commit: b67bfe0d42ca^1
[0m[33mtarget commit: b67bfe0d42ca
[0m[33mchecking out base commit... [0m[33mok (2s)
[0m[33mformatting diff... [0m[33mok (3s)
[0m218 source file(s) touched in the old version
`-- arch/arm/kernel/kprobes.c
`-- arch/ia64/kernel/kprobes.c
`-- arch/mips/kernel/kprobes.c
`-- arch/powerpc/kernel/kprobes.c
`-- arch/powerpc/kvm/book3s_mmu_hpte.c
`-- arch/s390/kernel/kprobes.c
`-- arch/s390/pci/pci_msi.c
`-- arch/sh/kernel/kprobes.c
`-- arch/sparc/kernel/kprobes.c
`-- arch/sparc/kernel/ldc.c
`-- arch/x86/kernel/kprobes/core.c
`-- arch/x86/kvm/mmu.c
`-- block/blk-cgroup.c
`-- block/blk-ioc.c
`-- block/bsg.c
`-- block/cfq-iosched.c
`-- block/elevator.c
`-- crypto/algapi.c
`-- drivers/atm/atmtcp.c
`-- drivers/atm/eni.c
`-- drivers/atm/he.c
`-- drivers/atm/solos-pci.c
`-- drivers/clk/clk.c
`-- drivers/gpu/drm/drm_hashtab.c
`-- drivers/infiniband/core/cma.c
`-- drivers/infiniband/core/fmr_pool.c
`-- drivers/isdn/mISDN/socket.c
`-- drivers/isdn/mISDN/stack.c
`-- drivers/md/dm-bio-prison.c
`-- drivers/md/dm-bufio.c
`-- drivers/md/dm-snap.c
`-- drivers/md/persistent-data/dm-transaction-manager.c
`-- drivers/md/raid5.c
`-- drivers/misc/sgi-gru/grutlbpurge.c
`-- drivers/misc/vmw_vmci/vmci_doorbell.c
`-- drivers/misc/vmw_vmci/vmci_resource.c
`-- drivers/net/ethernet/intel/ixgbe/ixgbe_ethtool.c
`-- drivers/net/ethernet/intel/ixgbe/ixgbe_main.c
`-- drivers/net/ethernet/mellanox/mlx4/en_netdev.c
`-- drivers/net/ethernet/mellanox/mlx4/en_rx.c
`-- drivers/net/ethernet/qlogic/qlcnic/qlcnic_hw.c
`-- drivers/net/ethernet/qlogic/qlcnic/qlcnic_io.c
`-- drivers/net/ethernet/sun/sunvnet.c
`-- drivers/net/macvlan.c
`-- drivers/net/tun.c
`-- drivers/net/vxlan.c
`-- drivers/net/wireless/zd1201.c
`-- drivers/pci/pci.c
`-- drivers/staging/android/binder.c
`-- drivers/target/tcm_fc/tfc_sess.c
`-- fs/affs/amigaffs.c
`-- fs/aio.c
`-- fs/cifs/inode.c
`-- fs/dcache.c
`-- fs/dlm/lowcomms.c
`-- fs/ecryptfs/messaging.c
`-- fs/exportfs/expfs.c
`-- fs/fat/inode.c
`-- fs/fat/nfs.c
`-- fs/fscache/cookie.c
`-- fs/inode.c
`-- fs/lockd/host.c
`-- fs/lockd/svcsubs.c
`-- fs/nfs/pnfs_dev.c
`-- fs/nfsd/nfscache.c
`-- fs/notify/fsnotify.c
`-- fs/notify/inode_mark.c
`-- fs/notify/vfsmount_mark.c
`-- fs/ocfs2/dcache.c
`-- fs/ocfs2/dlm/dlmrecovery.c
`-- fs/super.c
`-- fs/sysfs/bin.c
`-- fs/xfs/xfs_log_recover.c
`-- include/linux/hashtable.h
`-- include/linux/if_team.h
`-- include/linux/list.h
`-- include/linux/pid.h
`-- include/linux/rculist.h
`-- include/net/ax25.h
`-- include/net/inet_hashtables.h
`-- include/net/inet_timewait_sock.h
`-- include/net/netrom.h
`-- include/net/sch_generic.h
`-- include/net/sctp/sctp.h
`-- include/net/sock.h
`-- kernel/cgroup.c
`-- kernel/events/core.c
`-- kernel/kprobes.c
`-- kernel/pid.c
`-- kernel/sched/core.c
`-- kernel/smpboot.c
`-- kernel/trace/ftrace.c
`-- kernel/trace/trace_output.c
`-- kernel/tracepoint.c
`-- kernel/user-return-notifier.c
`-- kernel/user.c
`-- kernel/workqueue.c
`-- lib/debugobjects.c
`-- lib/lru_cache.c
`-- mm/huge_memory.c
`-- mm/kmemleak.c
`-- mm/ksm.c
`-- mm/mmu_notifier.c
`-- net/9p/error.c
`-- net/9p/trans_virtio.c
`-- net/appletalk/ddp.c
`-- net/atm/common.c
`-- net/atm/lec.c
`-- net/atm/signaling.c
`-- net/ax25/af_ax25.c
`-- net/ax25/ax25_ds_subr.c
`-- net/ax25/ax25_ds_timer.c
`-- net/ax25/ax25_iface.c
`-- net/ax25/ax25_uid.c
`-- net/batman-adv/bat_iv_ogm.c
`-- net/batman-adv/bridge_loop_avoidance.c
`-- net/batman-adv/distributed-arp-table.c
`-- net/batman-adv/gateway_client.c
`-- net/batman-adv/main.c
`-- net/batman-adv/originator.c
`-- net/batman-adv/originator.h
`-- net/batman-adv/routing.c
`-- net/batman-adv/send.c
`-- net/batman-adv/translation-table.c
`-- net/batman-adv/vis.c
`-- net/bluetooth/hci_sock.c
`-- net/bluetooth/rfcomm/sock.c
`-- net/bluetooth/sco.c
`-- net/bridge/br_fdb.c
`-- net/bridge/br_mdb.c
`-- net/bridge/br_multicast.c
`-- net/can/af_can.c
`-- net/can/gw.c
`-- net/can/proc.c
`-- net/core/dev.c
`-- net/core/flow.c
`-- net/core/net-procfs.c
`-- net/core/rtnetlink.c
`-- net/decnet/af_decnet.c
`-- net/decnet/dn_table.c
`-- net/ieee802154/dgram.c
`-- net/ieee802154/raw.c
`-- net/ipv4/devinet.c
`-- net/ipv4/fib_frontend.c
`-- net/ipv4/fib_semantics.c
`-- net/ipv4/fib_trie.c
`-- net/ipv4/inet_connection_sock.c
`-- net/ipv4/inet_fragment.c
`-- net/ipv4/inet_hashtables.c
`-- net/ipv4/inet_timewait_sock.c
`-- net/ipv4/raw.c
`-- net/ipv4/tcp_ipv4.c
`-- net/ipv6/addrconf.c
`-- net/ipv6/addrlabel.c
`-- net/ipv6/inet6_connection_sock.c
`-- net/ipv6/ip6_fib.c
`-- net/ipv6/raw.c
`-- net/ipv6/xfrm6_tunnel.c
`-- net/ipx/af_ipx.c
`-- net/ipx/ipx_proc.c
`-- net/iucv/af_iucv.c
`-- net/key/af_key.c
`-- net/l2tp/l2tp_core.c
`-- net/l2tp/l2tp_ip.c
`-- net/l2tp/l2tp_ip6.c
`-- net/llc/llc_sap.c
`-- net/mac80211/mesh_pathtbl.c
`-- net/netfilter/ipvs/ip_vs_conn.c
`-- net/netfilter/nf_conntrack_expect.c
`-- net/netfilter/nf_conntrack_helper.c
`-- net/netfilter/nf_conntrack_netlink.c
`-- net/netfilter/nf_conntrack_sip.c
`-- net/netfilter/nf_nat_core.c
`-- net/netfilter/nfnetlink_cthelper.c
`-- net/netfilter/nfnetlink_log.c
`-- net/netfilter/nfnetlink_queue_core.c
`-- net/netfilter/xt_RATEEST.c
`-- net/netfilter/xt_connlimit.c
`-- net/netfilter/xt_hashlimit.c
`-- net/netlink/af_netlink.c
`-- net/netrom/af_netrom.c
`-- net/netrom/nr_route.c
`-- net/nfc/llcp/llcp.c
`-- net/openvswitch/datapath.c
`-- net/openvswitch/flow.c
`-- net/openvswitch/vport.c
`-- net/packet/af_packet.c
`-- net/packet/diag.c
`-- net/phonet/pep.c
`-- net/phonet/socket.c
`-- net/rds/bind.c
`-- net/rds/connection.c
`-- net/rose/af_rose.c
`-- net/sched/sch_api.c
`-- net/sched/sch_cbq.c
`-- net/sched/sch_drr.c
`-- net/sched/sch_hfsc.c
`-- net/sched/sch_htb.c
`-- net/sched/sch_qfq.c
`-- net/sctp/endpointola.c
`-- net/sctp/input.c
`-- net/sctp/proc.c
`-- net/sctp/socket.c
`-- net/sunrpc/auth.c
`-- net/sunrpc/cache.c
`-- net/sunrpc/svcauth.c
`-- net/tipc/name_table.c
`-- net/tipc/node.c
`-- net/unix/af_unix.c
`-- net/unix/diag.c
`-- net/x25/af_x25.c
`-- net/xfrm/xfrm_policy.c
`-- net/xfrm/xfrm_state.c
`-- security/integrity/ima/ima_queue.c
`-- security/selinux/avc.c
`-- tools/perf/util/evlist.c
`-- virt/kvm/eventfd.c
`-- virt/kvm/irq_comm.c
218 source file(s) touched in the new version
`-- arch/arm/kernel/kprobes.c
`-- arch/ia64/kernel/kprobes.c
`-- arch/mips/kernel/kprobes.c
`-- arch/powerpc/kernel/kprobes.c
`-- arch/powerpc/kvm/book3s_mmu_hpte.c
`-- arch/s390/kernel/kprobes.c
`-- arch/s390/pci/pci_msi.c
`-- arch/sh/kernel/kprobes.c
`-- arch/sparc/kernel/kprobes.c
`-- arch/sparc/kernel/ldc.c
`-- arch/x86/kernel/kprobes/core.c
`-- arch/x86/kvm/mmu.c
`-- block/blk-cgroup.c
`-- block/blk-ioc.c
`-- block/bsg.c
`-- block/cfq-iosched.c
`-- block/elevator.c
`-- crypto/algapi.c
`-- drivers/atm/atmtcp.c
`-- drivers/atm/eni.c
`-- drivers/atm/he.c
`-- drivers/atm/solos-pci.c
`-- drivers/clk/clk.c
`-- drivers/gpu/drm/drm_hashtab.c
`-- drivers/infiniband/core/cma.c
`-- drivers/infiniband/core/fmr_pool.c
`-- drivers/isdn/mISDN/socket.c
`-- drivers/isdn/mISDN/stack.c
`-- drivers/md/dm-bio-prison.c
`-- drivers/md/dm-bufio.c
`-- drivers/md/dm-snap.c
`-- drivers/md/persistent-data/dm-transaction-manager.c
`-- drivers/md/raid5.c
`-- drivers/misc/sgi-gru/grutlbpurge.c
`-- drivers/misc/vmw_vmci/vmci_doorbell.c
`-- drivers/misc/vmw_vmci/vmci_resource.c
`-- drivers/net/ethernet/intel/ixgbe/ixgbe_ethtool.c
`-- drivers/net/ethernet/intel/ixgbe/ixgbe_main.c
`-- drivers/net/ethernet/mellanox/mlx4/en_netdev.c
`-- drivers/net/ethernet/mellanox/mlx4/en_rx.c
`-- drivers/net/ethernet/qlogic/qlcnic/qlcnic_hw.c
`-- drivers/net/ethernet/qlogic/qlcnic/qlcnic_io.c
`-- drivers/net/ethernet/sun/sunvnet.c
`-- drivers/net/macvlan.c
`-- drivers/net/tun.c
`-- drivers/net/vxlan.c
`-- drivers/net/wireless/zd1201.c
`-- drivers/pci/pci.c
`-- drivers/staging/android/binder.c
`-- drivers/target/tcm_fc/tfc_sess.c
`-- fs/affs/amigaffs.c
`-- fs/aio.c
`-- fs/cifs/inode.c
`-- fs/dcache.c
`-- fs/dlm/lowcomms.c
`-- fs/ecryptfs/messaging.c
`-- fs/exportfs/expfs.c
`-- fs/fat/inode.c
`-- fs/fat/nfs.c
`-- fs/fscache/cookie.c
`-- fs/inode.c
`-- fs/lockd/host.c
`-- fs/lockd/svcsubs.c
`-- fs/nfs/pnfs_dev.c
`-- fs/nfsd/nfscache.c
`-- fs/notify/fsnotify.c
`-- fs/notify/inode_mark.c
`-- fs/notify/vfsmount_mark.c
`-- fs/ocfs2/dcache.c
`-- fs/ocfs2/dlm/dlmrecovery.c
`-- fs/super.c
`-- fs/sysfs/bin.c
`-- fs/xfs/xfs_log_recover.c
`-- include/linux/hashtable.h
`-- include/linux/if_team.h
`-- include/linux/list.h
`-- include/linux/pid.h
`-- include/linux/rculist.h
`-- include/net/ax25.h
`-- include/net/inet_hashtables.h
`-- include/net/inet_timewait_sock.h
`-- include/net/netrom.h
`-- include/net/sch_generic.h
`-- include/net/sctp/sctp.h
`-- include/net/sock.h
`-- kernel/cgroup.c
`-- kernel/events/core.c
`-- kernel/kprobes.c
`-- kernel/pid.c
`-- kernel/sched/core.c
`-- kernel/smpboot.c
`-- kernel/trace/ftrace.c
`-- kernel/trace/trace_output.c
`-- kernel/tracepoint.c
`-- kernel/user-return-notifier.c
`-- kernel/user.c
`-- kernel/workqueue.c
`-- lib/debugobjects.c
`-- lib/lru_cache.c
`-- mm/huge_memory.c
`-- mm/kmemleak.c
`-- mm/ksm.c
`-- mm/mmu_notifier.c
`-- net/9p/error.c
`-- net/9p/trans_virtio.c
`-- net/appletalk/ddp.c
`-- net/atm/common.c
`-- net/atm/lec.c
`-- net/atm/signaling.c
`-- net/ax25/af_ax25.c
`-- net/ax25/ax25_ds_subr.c
`-- net/ax25/ax25_ds_timer.c
`-- net/ax25/ax25_iface.c
`-- net/ax25/ax25_uid.c
`-- net/batman-adv/bat_iv_ogm.c
`-- net/batman-adv/bridge_loop_avoidance.c
`-- net/batman-adv/distributed-arp-table.c
`-- net/batman-adv/gateway_client.c
`-- net/batman-adv/main.c
`-- net/batman-adv/originator.c
`-- net/batman-adv/originator.h
`-- net/batman-adv/routing.c
`-- net/batman-adv/send.c
`-- net/batman-adv/translation-table.c
`-- net/batman-adv/vis.c
`-- net/bluetooth/hci_sock.c
`-- net/bluetooth/rfcomm/sock.c
`-- net/bluetooth/sco.c
`-- net/bridge/br_fdb.c
`-- net/bridge/br_mdb.c
`-- net/bridge/br_multicast.c
`-- net/can/af_can.c
`-- net/can/gw.c
`-- net/can/proc.c
`-- net/core/dev.c
`-- net/core/flow.c
`-- net/core/net-procfs.c
`-- net/core/rtnetlink.c
`-- net/decnet/af_decnet.c
`-- net/decnet/dn_table.c
`-- net/ieee802154/dgram.c
`-- net/ieee802154/raw.c
`-- net/ipv4/devinet.c
`-- net/ipv4/fib_frontend.c
`-- net/ipv4/fib_semantics.c
`-- net/ipv4/fib_trie.c
`-- net/ipv4/inet_connection_sock.c
`-- net/ipv4/inet_fragment.c
`-- net/ipv4/inet_hashtables.c
`-- net/ipv4/inet_timewait_sock.c
`-- net/ipv4/raw.c
`-- net/ipv4/tcp_ipv4.c
`-- net/ipv6/addrconf.c
`-- net/ipv6/addrlabel.c
`-- net/ipv6/inet6_connection_sock.c
`-- net/ipv6/ip6_fib.c
`-- net/ipv6/raw.c
`-- net/ipv6/xfrm6_tunnel.c
`-- net/ipx/af_ipx.c
`-- net/ipx/ipx_proc.c
`-- net/iucv/af_iucv.c
`-- net/key/af_key.c
`-- net/l2tp/l2tp_core.c
`-- net/l2tp/l2tp_ip.c
`-- net/l2tp/l2tp_ip6.c
`-- net/llc/llc_sap.c
`-- net/mac80211/mesh_pathtbl.c
`-- net/netfilter/ipvs/ip_vs_conn.c
`-- net/netfilter/nf_conntrack_expect.c
`-- net/netfilter/nf_conntrack_helper.c
`-- net/netfilter/nf_conntrack_netlink.c
`-- net/netfilter/nf_conntrack_sip.c
`-- net/netfilter/nf_nat_core.c
`-- net/netfilter/nfnetlink_cthelper.c
`-- net/netfilter/nfnetlink_log.c
`-- net/netfilter/nfnetlink_queue_core.c
`-- net/netfilter/xt_RATEEST.c
`-- net/netfilter/xt_connlimit.c
`-- net/netfilter/xt_hashlimit.c
`-- net/netlink/af_netlink.c
`-- net/netrom/af_netrom.c
`-- net/netrom/nr_route.c
`-- net/nfc/llcp/llcp.c
`-- net/openvswitch/datapath.c
`-- net/openvswitch/flow.c
`-- net/openvswitch/vport.c
`-- net/packet/af_packet.c
`-- net/packet/diag.c
`-- net/phonet/pep.c
`-- net/phonet/socket.c
`-- net/rds/bind.c
`-- net/rds/connection.c
`-- net/rose/af_rose.c
`-- net/sched/sch_api.c
`-- net/sched/sch_cbq.c
`-- net/sched/sch_drr.c
`-- net/sched/sch_hfsc.c
`-- net/sched/sch_htb.c
`-- net/sched/sch_qfq.c
`-- net/sctp/endpointola.c
`-- net/sctp/input.c
`-- net/sctp/proc.c
`-- net/sctp/socket.c
`-- net/sunrpc/auth.c
`-- net/sunrpc/cache.c
`-- net/sunrpc/svcauth.c
`-- net/tipc/name_table.c
`-- net/tipc/node.c
`-- net/unix/af_unix.c
`-- net/unix/diag.c
`-- net/x25/af_x25.c
`-- net/xfrm/xfrm_policy.c
`-- net/xfrm/xfrm_state.c
`-- security/integrity/ima/ima_queue.c
`-- security/selinux/avc.c
`-- tools/perf/util/evlist.c
`-- virt/kvm/eventfd.c
`-- virt/kvm/irq_comm.c
[33mcompile base commit... [0m[33mok (12s)
[0m[33mapply [0m[33mb67bfe0d42ca... [0m[33mok (12s)
[0m[33mcompile target commit... [0m[33mok (16s)
[0mPREPARE:
[33m0s
[0mANALYZE:
COCCIGEN:
@@
@@
 #include <net/sock.h>
+#include <linux/rculist.h>
