BUILD:
[33mbase commit: b7c1a3141127^1
[0m[33mtarget commit: b7c1a3141127
[0m[33mchecking out base commit... [0m[33mok (1s)
[0m[33mformatting diff... [0m[33mok (1s)
[0m2 source file(s) touched in the old version
`-- drivers/net/ethernet/emulex/benet/be_main.c
`-- drivers/net/ethernet/intel/ixgbe/ixgbe_main.c
2 source file(s) touched in the new version
`-- drivers/net/ethernet/emulex/benet/be_main.c
`-- drivers/net/ethernet/intel/ixgbe/ixgbe_main.c
[33mcompile base commit... [0m[33mok (18s)
[0m[33mapply [0m[33mb7c1a3141127... [0m[33mok (18s)
[0m[33mcompile target commit... [0m[33mok (31s)
[0mPREPARE:
[33mcollect AST for functions: ixgbe_ndo_bridge_setlink@drivers_net_ethernet_intel_ixgbe_ixgbe_main.c,be_ndo_bridge_setlink@drivers_net_ethernet_emulex_benet_be_main.c
[0m[33mTransforming and linking bitcode files...
[0m[33m3s
[0mANALYZE:
COCCIGEN:
