BUILD:
[33mbase commit: c43f856cc91c^1
[0m[33mtarget commit: c43f856cc91c
[0m[33mchecking out base commit... [0m[33mok (1s)
[0m[33mformatting diff... [0m[33mok (1s)
[0m3 source file(s) touched in the old version
`-- drivers/net/ethernet/intel/igb/e1000_nvm.c
`-- drivers/net/ethernet/intel/ixgbe/ixgbe_82598.c
`-- drivers/net/ethernet/intel/ixgbe/ixgbe_dcb.c
3 source file(s) touched in the new version
`-- drivers/net/ethernet/intel/igb/e1000_nvm.c
`-- drivers/net/ethernet/intel/ixgbe/ixgbe_82598.c
`-- drivers/net/ethernet/intel/ixgbe/ixgbe_dcb.c
[33mcompile base commit... [0m[33mok (6s)
[0m[33mapply [0m[33mc43f856cc91c... [0m[33mok (6s)
[0m[33mcompile target commit... [0m[33mok (9s)
[0mPREPARE:
[33m0s
[0mANALYZE:
COCCIGEN:
