BUILD:
[33mbase commit: c5ffe7e1f745^1
[0m[33mtarget commit: c5ffe7e1f745
[0m[33mchecking out base commit... [0m[33mok (1s)
[0m[33mformatting diff... [0m[33mok (1s)
[0m10 source file(s) touched in the old version
`-- drivers/net/ethernet/intel/e1000e/netdev.c
`-- drivers/net/ethernet/intel/i40e/i40e_nvm.c
`-- drivers/net/ethernet/intel/i40e/i40e_ptp.c
`-- drivers/net/ethernet/intel/i40e/i40e_txrx.c
`-- drivers/net/ethernet/intel/igb/e1000_i210.c
`-- drivers/net/ethernet/intel/igb/e1000_mac.c
`-- drivers/net/ethernet/intel/igb/igb_ptp.c
`-- drivers/net/ethernet/intel/ixgbe/ixgbe_common.c
`-- drivers/net/ethernet/intel/ixgbe/ixgbe_phy.c
`-- drivers/net/ethernet/intel/ixgbe/ixgbe_ptp.c
10 source file(s) touched in the new version
`-- drivers/net/ethernet/intel/e1000e/netdev.c
`-- drivers/net/ethernet/intel/i40e/i40e_nvm.c
`-- drivers/net/ethernet/intel/i40e/i40e_ptp.c
`-- drivers/net/ethernet/intel/i40e/i40e_txrx.c
`-- drivers/net/ethernet/intel/igb/e1000_i210.c
`-- drivers/net/ethernet/intel/igb/e1000_mac.c
`-- drivers/net/ethernet/intel/igb/igb_ptp.c
`-- drivers/net/ethernet/intel/ixgbe/ixgbe_common.c
`-- drivers/net/ethernet/intel/ixgbe/ixgbe_phy.c
`-- drivers/net/ethernet/intel/ixgbe/ixgbe_ptp.c
[33mcompile base commit... [0m[33mok (7s)
[0m[33mapply [0m[33mc5ffe7e1f745... [0m[33mok (7s)
[0m[33mcompile target commit... [0m[33mok (9s)
[0mPREPARE:
[33m1s
[0mANALYZE:
COCCIGEN:
