BUILD:
[33mbase commit: c7bf716940c6^1
[0m[33mtarget commit: c7bf716940c6
[0m[33mchecking out base commit... [0m[33mok (1s)
[0m[33mformatting diff... [0m[33mok (1s)
[0m17 source file(s) touched in the old version
`-- drivers/net/ethernet/amd/pcnet32.c
`-- drivers/net/ethernet/broadcom/bnx2x/bnx2x_ethtool.c
`-- drivers/net/ethernet/broadcom/bnx2x/bnx2x_main.c
`-- drivers/net/ethernet/broadcom/bnx2x/bnx2x_sriov.c
`-- drivers/net/ethernet/cisco/enic/enic_main.c
`-- drivers/net/ethernet/emulex/benet/be_cmds.c
`-- drivers/net/ethernet/emulex/benet/be_main.c
`-- drivers/net/ethernet/intel/ixgbe/ixgbe_main.c
`-- drivers/net/ethernet/mellanox/mlx4/en_netdev.c
`-- drivers/net/ethernet/mellanox/mlx4/en_selftest.c
`-- drivers/net/ethernet/micrel/ksz884x.c
`-- drivers/net/ethernet/qlogic/netxen/netxen_nic_hw.c
`-- drivers/net/ethernet/qlogic/qlge/qlge_main.c
`-- drivers/net/ethernet/smsc/smsc911x.c
`-- drivers/net/ethernet/ti/netcp_core.c
`-- drivers/net/ethernet/toshiba/ps3_gelic_wireless.c
`-- drivers/net/ethernet/xscale/ixp4xx_eth.c
17 source file(s) touched in the new version
`-- drivers/net/ethernet/amd/pcnet32.c
`-- drivers/net/ethernet/broadcom/bnx2x/bnx2x_ethtool.c
`-- drivers/net/ethernet/broadcom/bnx2x/bnx2x_main.c
`-- drivers/net/ethernet/broadcom/bnx2x/bnx2x_sriov.c
`-- drivers/net/ethernet/cisco/enic/enic_main.c
`-- drivers/net/ethernet/emulex/benet/be_cmds.c
`-- drivers/net/ethernet/emulex/benet/be_main.c
`-- drivers/net/ethernet/intel/ixgbe/ixgbe_main.c
`-- drivers/net/ethernet/mellanox/mlx4/en_netdev.c
`-- drivers/net/ethernet/mellanox/mlx4/en_selftest.c
`-- drivers/net/ethernet/micrel/ksz884x.c
`-- drivers/net/ethernet/qlogic/netxen/netxen_nic_hw.c
`-- drivers/net/ethernet/qlogic/qlge/qlge_main.c
`-- drivers/net/ethernet/smsc/smsc911x.c
`-- drivers/net/ethernet/ti/netcp_core.c
`-- drivers/net/ethernet/toshiba/ps3_gelic_wireless.c
`-- drivers/net/ethernet/xscale/ixp4xx_eth.c
[33mcompile base commit... [0m[33mok (43s)
[0m[33mapply [0m[33mc7bf716940c6... [0m[33mok (43s)
[0m[33mcompile target commit... [0m[33mok (80s)
[0mPREPARE:
[33mcollect AST for functions: eth_set_mcast_list@drivers_net_ethernet_xscale_ixp4xx_eth.c,netxen_p2_nic_set_multi@drivers_net_ethernet_qlogic_netxen_netxen_nic_hw.c,smsc911x_phy_loopbacktest@drivers_net_ethernet_smsc_smsc911x.c,bnx2x_get_cnic_mac_hwinfo@drivers_net_ethernet_broadcom_bnx2x_bnx2x_main.c,gelic_wl_get_ap@drivers_net_ethernet_toshiba_ps3_gelic_wireless.c,ixgbe_flush_sw_mac_table@drivers_net_ethernet_intel_ixgbe_ixgbe_main.c,bnx2x_run_loopback@drivers_net_ethernet_broadcom_bnx2x_bnx2x_ethtool.c,netcp_addr_add@drivers_net_ethernet_ti_netcp_core.c,enic_set_vf_port@drivers_net_ethernet_cisco_enic_enic_main.c,be_cmd_get_perm_mac@drivers_net_ethernet_emulex_benet_be_cmds.c,mlx4_en_stop_port@drivers_net_ethernet_mellanox_mlx4_en_netdev.c,ql_set_mac_addr@drivers_net_ethernet_qlogic_qlge_qlge_main.c,hw_del_addr@drivers_net_ethernet_micrel_ksz884x.c,pcnet32_probe1@drivers_net_ethernet_amd_pcnet32.c,mlx4_en_test_loopback_xmit@drivers_net_ethernet_mellanox_mlx4_en_selftest.c,be_setup_wol@drivers_net_ethernet_emulex_benet_be_main.c,mlx4_en_start_port@drivers_net_ethernet_mellanox_mlx4_en_netdev.c,gelic_wl_set_ap@drivers_net_ethernet_toshiba_ps3_gelic_wireless.c,bnx2x_get_mac_hwinfo@drivers_net_ethernet_broadcom_bnx2x_bnx2x_main.c,bnx2x_get_vf_config@drivers_net_ethernet_broadcom_bnx2x_bnx2x_sriov.c,ixgbe_del_mac_filter@drivers_net_ethernet_intel_ixgbe_ixgbe_main.c
[0m[33mTransforming and linking bitcode files...
[0m[33m10s
[0mANALYZE:
COCCIGEN:
//# pattern-1, witnesses: 18
@@
expression E0;
@@
- memset(E0, 0, ETH_ALEN)
+ eth_zero_addr(E0)
//# pattern-3, witnesses: 3
@@
expression E0;
@@
- memset(E0, 255, ETH_ALEN)
+ eth_broadcast_addr(E0)
