BUILD:
[33mbase commit: c8f44affb724^1
[0m[33mtarget commit: c8f44affb724
[0m[33mchecking out base commit... [0m[33mok (1s)
[0m[33mformatting diff... [0m[33mok (2s)
[0m74 source file(s) touched in the old version
`-- drivers/net/bonding/bond_main.c
`-- drivers/net/ethernet/atheros/atl1c/atl1c_main.c
`-- drivers/net/ethernet/atheros/atl1e/atl1e_main.c
`-- drivers/net/ethernet/atheros/atlx/atl2.c
`-- drivers/net/ethernet/atheros/atlx/atlx.c
`-- drivers/net/ethernet/broadcom/bnx2.c
`-- drivers/net/ethernet/broadcom/bnx2x/bnx2x_cmn.c
`-- drivers/net/ethernet/broadcom/bnx2x/bnx2x_cmn.h
`-- drivers/net/ethernet/broadcom/tg3.c
`-- drivers/net/ethernet/chelsio/cxgb/cxgb2.c
`-- drivers/net/ethernet/chelsio/cxgb/sge.c
`-- drivers/net/ethernet/chelsio/cxgb/sge.h
`-- drivers/net/ethernet/chelsio/cxgb3/cxgb3_main.c
`-- drivers/net/ethernet/chelsio/cxgb4/cxgb4_main.c
`-- drivers/net/ethernet/chelsio/cxgb4vf/cxgb4vf_main.c
`-- drivers/net/ethernet/davicom/dm9000.c
`-- drivers/net/ethernet/freescale/gianfar.c
`-- drivers/net/ethernet/freescale/gianfar.h
`-- drivers/net/ethernet/freescale/gianfar_ethtool.c
`-- drivers/net/ethernet/ibm/ibmveth.c
`-- drivers/net/ethernet/intel/e1000/e1000_main.c
`-- drivers/net/ethernet/intel/e1000e/netdev.c
`-- drivers/net/ethernet/intel/igb/igb_main.c
`-- drivers/net/ethernet/intel/igbvf/netdev.c
`-- drivers/net/ethernet/intel/ixgb/ixgb_main.c
`-- drivers/net/ethernet/intel/ixgbe/ixgbe_main.c
`-- drivers/net/ethernet/intel/ixgbevf/ixgbevf_main.c
`-- drivers/net/ethernet/jme.c
`-- drivers/net/ethernet/marvell/mv643xx_eth.c
`-- drivers/net/ethernet/marvell/sky2.c
`-- drivers/net/ethernet/micrel/ksz884x.c
`-- drivers/net/ethernet/myricom/myri10ge/myri10ge.c
`-- drivers/net/ethernet/neterion/s2io.c
`-- drivers/net/ethernet/neterion/vxge/vxge-main.c
`-- drivers/net/ethernet/nvidia/forcedeth.c
`-- drivers/net/ethernet/oki-semi/pch_gbe/pch_gbe_main.c
`-- drivers/net/ethernet/qlogic/netxen/netxen_nic_main.c
`-- drivers/net/ethernet/qlogic/qlcnic/qlcnic.h
`-- drivers/net/ethernet/qlogic/qlcnic/qlcnic_hw.c
`-- drivers/net/ethernet/qlogic/qlcnic/qlcnic_main.c
`-- drivers/net/ethernet/qlogic/qlge/qlge_main.c
`-- drivers/net/ethernet/realtek/8139cp.c
`-- drivers/net/ethernet/realtek/r8169.c
`-- drivers/net/ethernet/sfc/efx.c
`-- drivers/net/ethernet/sfc/net_driver.h
`-- drivers/net/ethernet/stmicro/stmmac/stmmac_main.c
`-- drivers/net/tun.c
`-- drivers/net/usb/smsc75xx.c
`-- drivers/net/usb/smsc95xx.c
`-- drivers/net/vmxnet3/vmxnet3_ethtool.c
`-- drivers/net/vmxnet3/vmxnet3_int.h
`-- drivers/net/xen-netback/interface.c
`-- drivers/net/xen-netfront.c
`-- drivers/s390/net/qeth_l3_main.c
`-- include/linux/netdev_features.h
`-- include/linux/netdevice.h
`-- include/linux/skbuff.h
`-- include/net/protocol.h
`-- include/net/sock.h
`-- include/net/tcp.h
`-- include/net/udp.h
`-- lib/vsprintf.c
`-- net/8021q/vlan_dev.c
`-- net/bridge/br_device.c
`-- net/bridge/br_if.c
`-- net/bridge/br_private.h
`-- net/core/dev.c
`-- net/core/ethtool.c
`-- net/core/skbuff.c
`-- net/ipv4/af_inet.c
`-- net/ipv4/tcp.c
`-- net/ipv4/udp.c
`-- net/ipv6/af_inet6.c
`-- net/ipv6/udp.c
74 source file(s) touched in the new version
`-- drivers/net/bonding/bond_main.c
`-- drivers/net/ethernet/atheros/atl1c/atl1c_main.c
`-- drivers/net/ethernet/atheros/atl1e/atl1e_main.c
`-- drivers/net/ethernet/atheros/atlx/atl2.c
`-- drivers/net/ethernet/atheros/atlx/atlx.c
`-- drivers/net/ethernet/broadcom/bnx2.c
`-- drivers/net/ethernet/broadcom/bnx2x/bnx2x_cmn.c
`-- drivers/net/ethernet/broadcom/bnx2x/bnx2x_cmn.h
`-- drivers/net/ethernet/broadcom/tg3.c
`-- drivers/net/ethernet/chelsio/cxgb/cxgb2.c
`-- drivers/net/ethernet/chelsio/cxgb/sge.c
`-- drivers/net/ethernet/chelsio/cxgb/sge.h
`-- drivers/net/ethernet/chelsio/cxgb3/cxgb3_main.c
`-- drivers/net/ethernet/chelsio/cxgb4/cxgb4_main.c
`-- drivers/net/ethernet/chelsio/cxgb4vf/cxgb4vf_main.c
`-- drivers/net/ethernet/davicom/dm9000.c
`-- drivers/net/ethernet/freescale/gianfar.c
`-- drivers/net/ethernet/freescale/gianfar.h
`-- drivers/net/ethernet/freescale/gianfar_ethtool.c
`-- drivers/net/ethernet/ibm/ibmveth.c
`-- drivers/net/ethernet/intel/e1000/e1000_main.c
`-- drivers/net/ethernet/intel/e1000e/netdev.c
`-- drivers/net/ethernet/intel/igb/igb_main.c
`-- drivers/net/ethernet/intel/igbvf/netdev.c
`-- drivers/net/ethernet/intel/ixgb/ixgb_main.c
`-- drivers/net/ethernet/intel/ixgbe/ixgbe_main.c
`-- drivers/net/ethernet/intel/ixgbevf/ixgbevf_main.c
`-- drivers/net/ethernet/jme.c
`-- drivers/net/ethernet/marvell/mv643xx_eth.c
`-- drivers/net/ethernet/marvell/sky2.c
`-- drivers/net/ethernet/micrel/ksz884x.c
`-- drivers/net/ethernet/myricom/myri10ge/myri10ge.c
`-- drivers/net/ethernet/neterion/s2io.c
`-- drivers/net/ethernet/neterion/vxge/vxge-main.c
`-- drivers/net/ethernet/nvidia/forcedeth.c
`-- drivers/net/ethernet/oki-semi/pch_gbe/pch_gbe_main.c
`-- drivers/net/ethernet/qlogic/netxen/netxen_nic_main.c
`-- drivers/net/ethernet/qlogic/qlcnic/qlcnic.h
`-- drivers/net/ethernet/qlogic/qlcnic/qlcnic_hw.c
`-- drivers/net/ethernet/qlogic/qlcnic/qlcnic_main.c
`-- drivers/net/ethernet/qlogic/qlge/qlge_main.c
`-- drivers/net/ethernet/realtek/8139cp.c
`-- drivers/net/ethernet/realtek/r8169.c
`-- drivers/net/ethernet/sfc/efx.c
`-- drivers/net/ethernet/sfc/net_driver.h
`-- drivers/net/ethernet/stmicro/stmmac/stmmac_main.c
`-- drivers/net/tun.c
`-- drivers/net/usb/smsc75xx.c
`-- drivers/net/usb/smsc95xx.c
`-- drivers/net/vmxnet3/vmxnet3_ethtool.c
`-- drivers/net/vmxnet3/vmxnet3_int.h
`-- drivers/net/xen-netback/interface.c
`-- drivers/net/xen-netfront.c
`-- drivers/s390/net/qeth_l3_main.c
`-- include/linux/netdev_features.h
`-- include/linux/netdevice.h
`-- include/linux/skbuff.h
`-- include/net/protocol.h
`-- include/net/sock.h
`-- include/net/tcp.h
`-- include/net/udp.h
`-- lib/vsprintf.c
`-- net/8021q/vlan_dev.c
`-- net/bridge/br_device.c
`-- net/bridge/br_if.c
`-- net/bridge/br_private.h
`-- net/core/dev.c
`-- net/core/ethtool.c
`-- net/core/skbuff.c
`-- net/ipv4/af_inet.c
`-- net/ipv4/tcp.c
`-- net/ipv4/udp.c
`-- net/ipv6/af_inet6.c
`-- net/ipv6/udp.c
[33mcompile base commit... [0m[33mok (8s)
[0m[33mapply [0m[33mc8f44affb724... [0m[33mok (8s)
[0m[33mcompile target commit... [0m[33mok (10s)
[0mPREPARE:
[33m0s
[0mANALYZE:
COCCIGEN:
