BUILD:
[33mbase commit: d458cdf712e0^1
[0m[33mtarget commit: d458cdf712e0
[0m[33mchecking out base commit... [0m[33mok (2s)
[0m[33mformatting diff... [0m[33mok (2s)
[0m57 source file(s) touched in the old version
`-- drivers/net/ethernet/8390/ax88796.c
`-- drivers/net/ethernet/amd/atarilance.c
`-- drivers/net/ethernet/amd/au1000_eth.c
`-- drivers/net/ethernet/amd/pcnet32.c
`-- drivers/net/ethernet/apple/bmac.c
`-- drivers/net/ethernet/broadcom/b44.c
`-- drivers/net/ethernet/broadcom/bnx2.c
`-- drivers/net/ethernet/broadcom/cnic.c
`-- drivers/net/ethernet/broadcom/tg3.c
`-- drivers/net/ethernet/chelsio/cxgb/pm3393.c
`-- drivers/net/ethernet/davicom/dm9000.c
`-- drivers/net/ethernet/freescale/fs_enet/fs_enet-main.c
`-- drivers/net/ethernet/freescale/ucc_geth.c
`-- drivers/net/ethernet/i825xx/82596.c
`-- drivers/net/ethernet/i825xx/lib82596.c
`-- drivers/net/ethernet/ibm/emac/core.c
`-- drivers/net/ethernet/ibm/ibmveth.c
`-- drivers/net/ethernet/intel/igb/igb_main.c
`-- drivers/net/ethernet/intel/igbvf/vf.c
`-- drivers/net/ethernet/intel/ixgbe/ixgbe_sriov.c
`-- drivers/net/ethernet/intel/ixgbevf/vf.c
`-- drivers/net/ethernet/jme.c
`-- drivers/net/ethernet/korina.c
`-- drivers/net/ethernet/marvell/mv643xx_eth.c
`-- drivers/net/ethernet/micrel/ks8851_mll.c
`-- drivers/net/ethernet/myricom/myri10ge/myri10ge.c
`-- drivers/net/ethernet/qlogic/netxen/netxen_nic_hw.c
`-- drivers/net/ethernet/qlogic/qlcnic/qlcnic_hw.c
`-- drivers/net/ethernet/renesas/sh_eth.c
`-- drivers/net/ethernet/sgi/meth.c
`-- drivers/net/ethernet/smsc/smsc911x.c
`-- drivers/net/ethernet/sun/cassini.c
`-- drivers/net/ethernet/sun/sungem.c
`-- drivers/net/ethernet/sun/sunhme.c
`-- drivers/net/ethernet/sun/sunqe.c
`-- drivers/net/ethernet/ti/davinci_emac.c
`-- drivers/net/ethernet/tile/tilegx.c
`-- drivers/net/ethernet/xilinx/xilinx_emaclite.c
`-- drivers/net/fddi/skfp/fplustm.c
`-- drivers/net/fddi/skfp/skfddi.c
`-- drivers/net/plip/plip.c
`-- drivers/net/usb/catc.c
`-- drivers/net/wireless/ath/ath10k/wmi.c
`-- drivers/net/wireless/ath/wil6210/cfg80211.c
`-- drivers/net/wireless/atmel.c
`-- drivers/net/wireless/b43/xmit.c
`-- drivers/net/wireless/b43legacy/xmit.c
`-- drivers/net/wireless/brcm80211/brcmsmac/main.c
`-- drivers/net/wireless/hostap/hostap_info.c
`-- drivers/net/wireless/ipw2x00/ipw2200.c
`-- drivers/net/wireless/prism54/isl_ioctl.c
`-- drivers/net/wireless/prism54/islpci_dev.c
`-- drivers/net/wireless/prism54/oid_mgt.c
`-- drivers/net/wireless/rtlwifi/core.c
`-- net/bridge/br_multicast.c
`-- net/bridge/netfilter/ebt_among.c
`-- net/mac80211/trace.h
57 source file(s) touched in the new version
`-- drivers/net/ethernet/8390/ax88796.c
`-- drivers/net/ethernet/amd/atarilance.c
`-- drivers/net/ethernet/amd/au1000_eth.c
`-- drivers/net/ethernet/amd/pcnet32.c
`-- drivers/net/ethernet/apple/bmac.c
`-- drivers/net/ethernet/broadcom/b44.c
`-- drivers/net/ethernet/broadcom/bnx2.c
`-- drivers/net/ethernet/broadcom/cnic.c
`-- drivers/net/ethernet/broadcom/tg3.c
`-- drivers/net/ethernet/chelsio/cxgb/pm3393.c
`-- drivers/net/ethernet/davicom/dm9000.c
`-- drivers/net/ethernet/freescale/fs_enet/fs_enet-main.c
`-- drivers/net/ethernet/freescale/ucc_geth.c
`-- drivers/net/ethernet/i825xx/82596.c
`-- drivers/net/ethernet/i825xx/lib82596.c
`-- drivers/net/ethernet/ibm/emac/core.c
`-- drivers/net/ethernet/ibm/ibmveth.c
`-- drivers/net/ethernet/intel/igb/igb_main.c
`-- drivers/net/ethernet/intel/igbvf/vf.c
`-- drivers/net/ethernet/intel/ixgbe/ixgbe_sriov.c
`-- drivers/net/ethernet/intel/ixgbevf/vf.c
`-- drivers/net/ethernet/jme.c
`-- drivers/net/ethernet/korina.c
`-- drivers/net/ethernet/marvell/mv643xx_eth.c
`-- drivers/net/ethernet/micrel/ks8851_mll.c
`-- drivers/net/ethernet/myricom/myri10ge/myri10ge.c
`-- drivers/net/ethernet/qlogic/netxen/netxen_nic_hw.c
`-- drivers/net/ethernet/qlogic/qlcnic/qlcnic_hw.c
`-- drivers/net/ethernet/renesas/sh_eth.c
`-- drivers/net/ethernet/sgi/meth.c
`-- drivers/net/ethernet/smsc/smsc911x.c
`-- drivers/net/ethernet/sun/cassini.c
`-- drivers/net/ethernet/sun/sungem.c
`-- drivers/net/ethernet/sun/sunhme.c
`-- drivers/net/ethernet/sun/sunqe.c
`-- drivers/net/ethernet/ti/davinci_emac.c
`-- drivers/net/ethernet/tile/tilegx.c
`-- drivers/net/ethernet/xilinx/xilinx_emaclite.c
`-- drivers/net/fddi/skfp/fplustm.c
`-- drivers/net/fddi/skfp/skfddi.c
`-- drivers/net/plip/plip.c
`-- drivers/net/usb/catc.c
`-- drivers/net/wireless/ath/ath10k/wmi.c
`-- drivers/net/wireless/ath/wil6210/cfg80211.c
`-- drivers/net/wireless/atmel.c
`-- drivers/net/wireless/b43/xmit.c
`-- drivers/net/wireless/b43legacy/xmit.c
`-- drivers/net/wireless/brcm80211/brcmsmac/main.c
`-- drivers/net/wireless/hostap/hostap_info.c
`-- drivers/net/wireless/ipw2x00/ipw2200.c
`-- drivers/net/wireless/prism54/isl_ioctl.c
`-- drivers/net/wireless/prism54/islpci_dev.c
`-- drivers/net/wireless/prism54/oid_mgt.c
`-- drivers/net/wireless/rtlwifi/core.c
`-- net/bridge/br_multicast.c
`-- net/bridge/netfilter/ebt_among.c
`-- net/mac80211/trace.h
[33mcompile base commit... [0m[33mok (8s)
[0m[33mapply [0m[33md458cdf712e0... [0m[33mok (8s)
[0m[33mcompile target commit... [0m[33mok (13s)
[0mPREPARE:
[33m0s
[0mANALYZE:
COCCIGEN:
