BUILD:
[33mbase commit: dad8a3b3eaa0^1
[0m[33mtarget commit: dad8a3b3eaa0
[0m[33mchecking out base commit... [0m[33mok (2s)
[0m[33mformatting diff... [0m[33mok (2s)
[0m3 source file(s) touched in the old version
`-- drivers/net/ethernet/intel/igb/igb_main.c
`-- drivers/net/ethernet/intel/ixgbe/ixgbe_ethtool.c
`-- drivers/net/ethernet/intel/ixgbe/ixgbe_main.c
3 source file(s) touched in the new version
`-- drivers/net/ethernet/intel/igb/igb_main.c
`-- drivers/net/ethernet/intel/ixgbe/ixgbe_ethtool.c
`-- drivers/net/ethernet/intel/ixgbe/ixgbe_main.c
[33mcompile base commit... [0m[33mok (6s)
[0m[33mapply [0m[33mdad8a3b3eaa0... [0m[33mok (6s)
[0m[33mcompile target commit... [0m[33mok (9s)
[0mPREPARE:
[33m0s
[0mANALYZE:
COCCIGEN:
