BUILD:
[33mbase commit: de4784ca030f^1
[0m[33mtarget commit: de4784ca030f
[0m[33mchecking out base commit... [0m[33mok (1s)
[0m[33mformatting diff... [0m[33mok (1s)
[0m33 source file(s) touched in the old version
`-- drivers/net/ethernet/amd/xgbe/xgbe-drv.c
`-- drivers/net/ethernet/broadcom/bnx2x/bnx2x_cmn.c
`-- drivers/net/ethernet/broadcom/bnx2x/bnx2x_cmn.h
`-- drivers/net/ethernet/broadcom/bnxt/bnxt.c
`-- drivers/net/ethernet/chelsio/cxgb4/cxgb4_main.c
`-- drivers/net/ethernet/freescale/dpaa/dpaa_eth.c
`-- drivers/net/ethernet/hisilicon/hns3/hns3pf/hns3_enet.c
`-- drivers/net/ethernet/intel/fm10k/fm10k_netdev.c
`-- drivers/net/ethernet/intel/i40e/i40e_main.c
`-- drivers/net/ethernet/intel/ixgbe/ixgbe_main.c
`-- drivers/net/ethernet/mellanox/mlx4/en_netdev.c
`-- drivers/net/ethernet/mellanox/mlx5/core/en_main.c
`-- drivers/net/ethernet/mellanox/mlx5/core/en_rep.c
`-- drivers/net/ethernet/mellanox/mlx5/core/en_tc.h
`-- drivers/net/ethernet/mellanox/mlxsw/spectrum.c
`-- drivers/net/ethernet/netronome/nfp/bpf/main.c
`-- drivers/net/ethernet/netronome/nfp/flower/main.h
`-- drivers/net/ethernet/netronome/nfp/flower/offload.c
`-- drivers/net/ethernet/netronome/nfp/nfp_app.h
`-- drivers/net/ethernet/netronome/nfp/nfp_port.c
`-- drivers/net/ethernet/netronome/nfp/nfp_port.h
`-- drivers/net/ethernet/sfc/efx.h
`-- drivers/net/ethernet/sfc/falcon/efx.h
`-- drivers/net/ethernet/sfc/falcon/tx.c
`-- drivers/net/ethernet/sfc/tx.c
`-- drivers/net/ethernet/ti/netcp_core.c
`-- include/linux/netdevice.h
`-- net/dsa/slave.c
`-- net/sched/cls_bpf.c
`-- net/sched/cls_flower.c
`-- net/sched/cls_matchall.c
`-- net/sched/cls_u32.c
`-- net/sched/sch_mqprio.c
33 source file(s) touched in the new version
`-- drivers/net/ethernet/amd/xgbe/xgbe-drv.c
`-- drivers/net/ethernet/broadcom/bnx2x/bnx2x_cmn.c
`-- drivers/net/ethernet/broadcom/bnx2x/bnx2x_cmn.h
`-- drivers/net/ethernet/broadcom/bnxt/bnxt.c
`-- drivers/net/ethernet/chelsio/cxgb4/cxgb4_main.c
`-- drivers/net/ethernet/freescale/dpaa/dpaa_eth.c
`-- drivers/net/ethernet/hisilicon/hns3/hns3pf/hns3_enet.c
`-- drivers/net/ethernet/intel/fm10k/fm10k_netdev.c
`-- drivers/net/ethernet/intel/i40e/i40e_main.c
`-- drivers/net/ethernet/intel/ixgbe/ixgbe_main.c
`-- drivers/net/ethernet/mellanox/mlx4/en_netdev.c
`-- drivers/net/ethernet/mellanox/mlx5/core/en_main.c
`-- drivers/net/ethernet/mellanox/mlx5/core/en_rep.c
`-- drivers/net/ethernet/mellanox/mlx5/core/en_tc.h
`-- drivers/net/ethernet/mellanox/mlxsw/spectrum.c
`-- drivers/net/ethernet/netronome/nfp/bpf/main.c
`-- drivers/net/ethernet/netronome/nfp/flower/main.h
`-- drivers/net/ethernet/netronome/nfp/flower/offload.c
`-- drivers/net/ethernet/netronome/nfp/nfp_app.h
`-- drivers/net/ethernet/netronome/nfp/nfp_port.c
`-- drivers/net/ethernet/netronome/nfp/nfp_port.h
`-- drivers/net/ethernet/sfc/efx.h
`-- drivers/net/ethernet/sfc/falcon/efx.h
`-- drivers/net/ethernet/sfc/falcon/tx.c
`-- drivers/net/ethernet/sfc/tx.c
`-- drivers/net/ethernet/ti/netcp_core.c
`-- include/linux/netdevice.h
`-- net/dsa/slave.c
`-- net/sched/cls_bpf.c
`-- net/sched/cls_flower.c
`-- net/sched/cls_matchall.c
`-- net/sched/cls_u32.c
`-- net/sched/sch_mqprio.c
[33mcompile base commit... [0m[33mok (82s)
[0m[33mapply [0m[33mde4784ca030f... [0m[33mok (82s)
[0m[33mcompile target commit... [0m[33mok (154s)
[0mPREPARE:
[33mcollect AST for functions: xgbe_setup_tc@drivers_net_ethernet_amd_xgbe_xgbe-drv.c,__mlx4_en_setup_tc@drivers_net_ethernet_mellanox_mlx4_en_netdev.c,u32_clear_hw_hnode@net_sched_cls_u32.c,bnxt_setup_tc@drivers_net_ethernet_broadcom_bnxt_bnxt.c,__bnx2x_setup_tc@drivers_net_ethernet_broadcom_bnx2x_bnx2x_cmn.c,cxgb_setup_tc@drivers_net_ethernet_chelsio_cxgb4_cxgb4_main.c,nfp_flower_setup_tc@drivers_net_ethernet_netronome_nfp_flower_offload.c,efx_setup_tc@drivers_net_ethernet_sfc_tx.c,cls_bpf_offload_cmd@net_sched_cls_bpf.c,__fm10k_setup_tc@drivers_net_ethernet_intel_fm10k_fm10k_netdev.c,u32_remove_hw_knode@net_sched_cls_u32.c,mqprio_destroy@net_sched_sch_mqprio.c,dpaa_setup_tc@drivers_net_ethernet_freescale_dpaa_dpaa_eth.c,mlx5e_rep_setup_tc@drivers_net_ethernet_mellanox_mlx5_core_en_rep.c,ef4_setup_tc@drivers_net_ethernet_sfc_falcon_tx.c,u32_replace_hw_knode@net_sched_cls_u32.c,fl_hw_destroy_filter@net_sched_cls_flower.c,dsa_slave_setup_tc@net_dsa_slave.c,fl_hw_replace_filter@net_sched_cls_flower.c,mqprio_init@net_sched_sch_mqprio.c,nfp_port_setup_tc@drivers_net_ethernet_netronome_nfp_nfp_port.c,mall_replace_hw_filter@net_sched_cls_matchall.c,nfp_bpf_setup_tc@drivers_net_ethernet_netronome_nfp_bpf_main.c,__ixgbe_setup_tc@drivers_net_ethernet_intel_ixgbe_ixgbe_main.c,mall_destroy_hw_filter@net_sched_cls_matchall.c,fl_hw_update_stats@net_sched_cls_flower.c,mlxsw_sp_setup_tc@drivers_net_ethernet_mellanox_mlxsw_spectrum.c,hns3_nic_setup_tc@drivers_net_ethernet_hisilicon_hns3_hns3pf_hns3_enet.c,u32_replace_hw_hnode@net_sched_cls_u32.c,netcp_setup_tc@drivers_net_ethernet_ti_netcp_core.c,nfp_app_setup_tc@drivers_net_ethernet_netronome_nfp_nfp_app.h,mlx5e_setup_tc@drivers_net_ethernet_mellanox_mlx5_core_en_main.c,mlx5e_rep_setup_tc_cls_flower@drivers_net_ethernet_mellanox_mlx5_core_en_rep.c,__i40e_setup_tc@drivers_net_ethernet_intel_i40e_i40e_main.c
[0m[33mTransforming and linking bitcode files...
[0m[33m16s
[0mANALYZE:
COCCIGEN:
//# pattern-16, witnesses: 3
@r0@
identifier i, fn;
@@
struct net_device_ops i = {
    .ndo_setup_tc = fn,
};
@@
identifier net_dev;
identifier ntc;
identifier r0.fn;
identifier type;
@@
- int fn(struct net_device * net_dev, enum tc_setup_type type, struct tc_to_netdev * ntc)
+ int fn(struct net_device * net_dev, enum tc_setup_type type, void * type_data)
 {
     <...
- ntc->mqprio
+ mqprio
     ...>
 }
//# pattern-4, witnesses: 2
@r1@
identifier i, fn;
@@
struct net_device_ops i = {
    .ndo_setup_tc = fn,
};
@@
identifier dev;
identifier r1.fn;
identifier type;
identifier type_data;
@@
 int fn(struct net_device * dev, enum tc_setup_type type, void * type_data)
 {
     <...
- tc->cls_flower
+ type_data
     ...>
 }
//# pattern-5, witnesses: 2
@r2@
identifier i, fn;
@@
struct net_device_ops i = {
    .ndo_setup_tc = fn,
};
@@
identifier dev;
identifier r2.fn;
identifier type;
identifier type_data;
@@
 int fn(struct net_device * dev, enum tc_setup_type type, void * type_data)
 {
     <...
- tc->cls_mall
+ type_data
     ...>
 }
//# pattern-13, witnesses: 2
@r3@
identifier i, fn;
@@
struct net_device_ops i = {
    .ndo_setup_tc = fn,
};
@@
identifier dev;
identifier r3.fn;
identifier type;
identifier type_data;
@@
 int fn(struct net_device * dev, enum tc_setup_type type, void * type_data)
 {
     <...
- tc->cls_u32
+ type_data
     ...>
 }
//# pattern-20, witnesses: 2
@r4@
identifier i, fn;
@@
struct net_device_ops i = {
    .ndo_setup_tc = fn,
};
@@
identifier dev;
identifier r4.fn;
identifier type;
identifier type_data;
@@
 int fn(struct net_device * dev, enum tc_setup_type type, void * type_data)
 {
     <...
- tc->mqprio
+ type_data
     ...>
 }
//# pattern-21, witnesses: 2
@r5@
identifier i, fn;
@@
struct net_device_ops i = {
    .ndo_setup_tc = fn,
};
@@
identifier dev;
identifier r5.fn;
identifier type;
identifier type_data;
@@
 int fn(struct net_device * dev, enum tc_setup_type type, void * type_data)
 {
     <...
- tc->mqprio
+ mqprio
     ...>
 }
