BUILD:
[33mbase commit: dee1ad47f2ee^1
[0m[33mtarget commit: dee1ad47f2ee
[0m[33mchecking out base commit... [0m[33mok (1s)
[0m[33mformatting diff... [0m[33mok (1s)
[0m87 source file(s) touched in the old version
`-- drivers/net/e100.c
`-- drivers/net/e1000/e1000.h
`-- drivers/net/e1000/e1000_ethtool.c
`-- drivers/net/e1000/e1000_hw.c
`-- drivers/net/e1000/e1000_hw.h
`-- drivers/net/e1000/e1000_main.c
`-- drivers/net/e1000/e1000_osdep.h
`-- drivers/net/e1000/e1000_param.c
`-- drivers/net/e1000e/82571.c
`-- drivers/net/e1000e/defines.h
`-- drivers/net/e1000e/e1000.h
`-- drivers/net/e1000e/es2lan.c
`-- drivers/net/e1000e/ethtool.c
`-- drivers/net/e1000e/hw.h
`-- drivers/net/e1000e/ich8lan.c
`-- drivers/net/e1000e/lib.c
`-- drivers/net/e1000e/netdev.c
`-- drivers/net/e1000e/param.c
`-- drivers/net/e1000e/phy.c
`-- drivers/net/igb/e1000_82575.c
`-- drivers/net/igb/e1000_82575.h
`-- drivers/net/igb/e1000_defines.h
`-- drivers/net/igb/e1000_hw.h
`-- drivers/net/igb/e1000_mac.c
`-- drivers/net/igb/e1000_mac.h
`-- drivers/net/igb/e1000_mbx.c
`-- drivers/net/igb/e1000_mbx.h
`-- drivers/net/igb/e1000_nvm.c
`-- drivers/net/igb/e1000_nvm.h
`-- drivers/net/igb/e1000_phy.c
`-- drivers/net/igb/e1000_phy.h
`-- drivers/net/igb/e1000_regs.h
`-- drivers/net/igb/igb.h
`-- drivers/net/igb/igb_ethtool.c
`-- drivers/net/igb/igb_main.c
`-- drivers/net/igbvf/defines.h
`-- drivers/net/igbvf/ethtool.c
`-- drivers/net/igbvf/igbvf.h
`-- drivers/net/igbvf/mbx.c
`-- drivers/net/igbvf/mbx.h
`-- drivers/net/igbvf/netdev.c
`-- drivers/net/igbvf/regs.h
`-- drivers/net/igbvf/vf.c
`-- drivers/net/igbvf/vf.h
`-- drivers/net/ixgb/ixgb.h
`-- drivers/net/ixgb/ixgb_ee.c
`-- drivers/net/ixgb/ixgb_ee.h
`-- drivers/net/ixgb/ixgb_ethtool.c
`-- drivers/net/ixgb/ixgb_hw.c
`-- drivers/net/ixgb/ixgb_hw.h
`-- drivers/net/ixgb/ixgb_ids.h
`-- drivers/net/ixgb/ixgb_main.c
`-- drivers/net/ixgb/ixgb_osdep.h
`-- drivers/net/ixgb/ixgb_param.c
`-- drivers/net/ixgbe/ixgbe.h
`-- drivers/net/ixgbe/ixgbe_82598.c
`-- drivers/net/ixgbe/ixgbe_82599.c
`-- drivers/net/ixgbe/ixgbe_common.c
`-- drivers/net/ixgbe/ixgbe_common.h
`-- drivers/net/ixgbe/ixgbe_dcb.c
`-- drivers/net/ixgbe/ixgbe_dcb.h
`-- drivers/net/ixgbe/ixgbe_dcb_82598.c
`-- drivers/net/ixgbe/ixgbe_dcb_82598.h
`-- drivers/net/ixgbe/ixgbe_dcb_82599.c
`-- drivers/net/ixgbe/ixgbe_dcb_82599.h
`-- drivers/net/ixgbe/ixgbe_dcb_nl.c
`-- drivers/net/ixgbe/ixgbe_ethtool.c
`-- drivers/net/ixgbe/ixgbe_fcoe.c
`-- drivers/net/ixgbe/ixgbe_fcoe.h
`-- drivers/net/ixgbe/ixgbe_main.c
`-- drivers/net/ixgbe/ixgbe_mbx.c
`-- drivers/net/ixgbe/ixgbe_mbx.h
`-- drivers/net/ixgbe/ixgbe_phy.c
`-- drivers/net/ixgbe/ixgbe_phy.h
`-- drivers/net/ixgbe/ixgbe_sriov.c
`-- drivers/net/ixgbe/ixgbe_sriov.h
`-- drivers/net/ixgbe/ixgbe_type.h
`-- drivers/net/ixgbe/ixgbe_x540.c
`-- drivers/net/ixgbevf/defines.h
`-- drivers/net/ixgbevf/ethtool.c
`-- drivers/net/ixgbevf/ixgbevf.h
`-- drivers/net/ixgbevf/ixgbevf_main.c
`-- drivers/net/ixgbevf/mbx.c
`-- drivers/net/ixgbevf/mbx.h
`-- drivers/net/ixgbevf/regs.h
`-- drivers/net/ixgbevf/vf.c
`-- drivers/net/ixgbevf/vf.h
87 source file(s) touched in the new version
`-- drivers/net/ethernet/intel/e100.c
`-- drivers/net/ethernet/intel/e1000/e1000.h
`-- drivers/net/ethernet/intel/e1000/e1000_ethtool.c
`-- drivers/net/ethernet/intel/e1000/e1000_hw.c
`-- drivers/net/ethernet/intel/e1000/e1000_hw.h
`-- drivers/net/ethernet/intel/e1000/e1000_main.c
`-- drivers/net/ethernet/intel/e1000/e1000_osdep.h
`-- drivers/net/ethernet/intel/e1000/e1000_param.c
`-- drivers/net/ethernet/intel/e1000e/80003es2lan.c
`-- drivers/net/ethernet/intel/e1000e/82571.c
`-- drivers/net/ethernet/intel/e1000e/defines.h
`-- drivers/net/ethernet/intel/e1000e/e1000.h
`-- drivers/net/ethernet/intel/e1000e/ethtool.c
`-- drivers/net/ethernet/intel/e1000e/hw.h
`-- drivers/net/ethernet/intel/e1000e/ich8lan.c
`-- drivers/net/ethernet/intel/e1000e/lib.c
`-- drivers/net/ethernet/intel/e1000e/netdev.c
`-- drivers/net/ethernet/intel/e1000e/param.c
`-- drivers/net/ethernet/intel/e1000e/phy.c
`-- drivers/net/ethernet/intel/igb/e1000_82575.c
`-- drivers/net/ethernet/intel/igb/e1000_82575.h
`-- drivers/net/ethernet/intel/igb/e1000_defines.h
`-- drivers/net/ethernet/intel/igb/e1000_hw.h
`-- drivers/net/ethernet/intel/igb/e1000_mac.c
`-- drivers/net/ethernet/intel/igb/e1000_mac.h
`-- drivers/net/ethernet/intel/igb/e1000_mbx.c
`-- drivers/net/ethernet/intel/igb/e1000_mbx.h
`-- drivers/net/ethernet/intel/igb/e1000_nvm.c
`-- drivers/net/ethernet/intel/igb/e1000_nvm.h
`-- drivers/net/ethernet/intel/igb/e1000_phy.c
`-- drivers/net/ethernet/intel/igb/e1000_phy.h
`-- drivers/net/ethernet/intel/igb/e1000_regs.h
`-- drivers/net/ethernet/intel/igb/igb.h
`-- drivers/net/ethernet/intel/igb/igb_ethtool.c
`-- drivers/net/ethernet/intel/igb/igb_main.c
`-- drivers/net/ethernet/intel/igbvf/defines.h
`-- drivers/net/ethernet/intel/igbvf/ethtool.c
`-- drivers/net/ethernet/intel/igbvf/igbvf.h
`-- drivers/net/ethernet/intel/igbvf/mbx.c
`-- drivers/net/ethernet/intel/igbvf/mbx.h
`-- drivers/net/ethernet/intel/igbvf/netdev.c
`-- drivers/net/ethernet/intel/igbvf/regs.h
`-- drivers/net/ethernet/intel/igbvf/vf.c
`-- drivers/net/ethernet/intel/igbvf/vf.h
`-- drivers/net/ethernet/intel/ixgb/ixgb.h
`-- drivers/net/ethernet/intel/ixgb/ixgb_ee.c
`-- drivers/net/ethernet/intel/ixgb/ixgb_ee.h
`-- drivers/net/ethernet/intel/ixgb/ixgb_ethtool.c
`-- drivers/net/ethernet/intel/ixgb/ixgb_hw.c
`-- drivers/net/ethernet/intel/ixgb/ixgb_hw.h
`-- drivers/net/ethernet/intel/ixgb/ixgb_ids.h
`-- drivers/net/ethernet/intel/ixgb/ixgb_main.c
`-- drivers/net/ethernet/intel/ixgb/ixgb_osdep.h
`-- drivers/net/ethernet/intel/ixgb/ixgb_param.c
`-- drivers/net/ethernet/intel/ixgbe/ixgbe.h
`-- drivers/net/ethernet/intel/ixgbe/ixgbe_82598.c
`-- drivers/net/ethernet/intel/ixgbe/ixgbe_82599.c
`-- drivers/net/ethernet/intel/ixgbe/ixgbe_common.c
`-- drivers/net/ethernet/intel/ixgbe/ixgbe_common.h
`-- drivers/net/ethernet/intel/ixgbe/ixgbe_dcb.c
`-- drivers/net/ethernet/intel/ixgbe/ixgbe_dcb.h
`-- drivers/net/ethernet/intel/ixgbe/ixgbe_dcb_82598.c
`-- drivers/net/ethernet/intel/ixgbe/ixgbe_dcb_82598.h
`-- drivers/net/ethernet/intel/ixgbe/ixgbe_dcb_82599.c
`-- drivers/net/ethernet/intel/ixgbe/ixgbe_dcb_82599.h
`-- drivers/net/ethernet/intel/ixgbe/ixgbe_dcb_nl.c
`-- drivers/net/ethernet/intel/ixgbe/ixgbe_ethtool.c
`-- drivers/net/ethernet/intel/ixgbe/ixgbe_fcoe.c
`-- drivers/net/ethernet/intel/ixgbe/ixgbe_fcoe.h
`-- drivers/net/ethernet/intel/ixgbe/ixgbe_main.c
`-- drivers/net/ethernet/intel/ixgbe/ixgbe_mbx.c
`-- drivers/net/ethernet/intel/ixgbe/ixgbe_mbx.h
`-- drivers/net/ethernet/intel/ixgbe/ixgbe_phy.c
`-- drivers/net/ethernet/intel/ixgbe/ixgbe_phy.h
`-- drivers/net/ethernet/intel/ixgbe/ixgbe_sriov.c
`-- drivers/net/ethernet/intel/ixgbe/ixgbe_sriov.h
`-- drivers/net/ethernet/intel/ixgbe/ixgbe_type.h
`-- drivers/net/ethernet/intel/ixgbe/ixgbe_x540.c
`-- drivers/net/ethernet/intel/ixgbevf/defines.h
`-- drivers/net/ethernet/intel/ixgbevf/ethtool.c
`-- drivers/net/ethernet/intel/ixgbevf/ixgbevf.h
`-- drivers/net/ethernet/intel/ixgbevf/ixgbevf_main.c
`-- drivers/net/ethernet/intel/ixgbevf/mbx.c
`-- drivers/net/ethernet/intel/ixgbevf/mbx.h
`-- drivers/net/ethernet/intel/ixgbevf/regs.h
`-- drivers/net/ethernet/intel/ixgbevf/vf.c
`-- drivers/net/ethernet/intel/ixgbevf/vf.h
[33mIgnore files that are created or deleted by the patch.
[0mPREPARE:
[33m0s
[0mANALYZE:
grep: fdiff.txt: No such file or directory
[31mExit with status: 1
[0m
COCCIGEN:
