BUILD:
[33mbase commit: df8a39defad4^1
[0m[33mtarget commit: df8a39defad4
[0m[33mchecking out base commit... [0m[33mok (2s)
[0m[33mformatting diff... [0m[33mok (2s)
[0m76 source file(s) touched in the old version
`-- drivers/infiniband/hw/nes/nes_nic.c
`-- drivers/net/ethernet/3com/typhoon.c
`-- drivers/net/ethernet/alteon/acenic.c
`-- drivers/net/ethernet/amd/amd8111e.c
`-- drivers/net/ethernet/amd/xgbe/xgbe-drv.c
`-- drivers/net/ethernet/atheros/atl1c/atl1c_main.c
`-- drivers/net/ethernet/atheros/atl1e/atl1e_main.c
`-- drivers/net/ethernet/atheros/atlx/atl1.c
`-- drivers/net/ethernet/atheros/atlx/atl2.c
`-- drivers/net/ethernet/broadcom/bnx2.c
`-- drivers/net/ethernet/broadcom/bnx2x/bnx2x_cmn.c
`-- drivers/net/ethernet/broadcom/tg3.c
`-- drivers/net/ethernet/brocade/bna/bnad.c
`-- drivers/net/ethernet/chelsio/cxgb/sge.c
`-- drivers/net/ethernet/chelsio/cxgb3/sge.c
`-- drivers/net/ethernet/chelsio/cxgb4/sge.c
`-- drivers/net/ethernet/chelsio/cxgb4vf/sge.c
`-- drivers/net/ethernet/cisco/enic/enic_main.c
`-- drivers/net/ethernet/emulex/benet/be_main.c
`-- drivers/net/ethernet/freescale/gianfar.c
`-- drivers/net/ethernet/ibm/ehea/ehea_main.c
`-- drivers/net/ethernet/intel/e1000/e1000_main.c
`-- drivers/net/ethernet/intel/e1000e/netdev.c
`-- drivers/net/ethernet/intel/fm10k/fm10k_main.c
`-- drivers/net/ethernet/intel/fm10k/fm10k_netdev.c
`-- drivers/net/ethernet/intel/i40e/i40e_txrx.c
`-- drivers/net/ethernet/intel/i40evf/i40e_txrx.c
`-- drivers/net/ethernet/intel/igb/igb_main.c
`-- drivers/net/ethernet/intel/igbvf/netdev.c
`-- drivers/net/ethernet/intel/ixgb/ixgb_main.c
`-- drivers/net/ethernet/intel/ixgbe/ixgbe_main.c
`-- drivers/net/ethernet/intel/ixgbevf/ixgbevf_main.c
`-- drivers/net/ethernet/jme.c
`-- drivers/net/ethernet/marvell/sky2.c
`-- drivers/net/ethernet/mellanox/mlx4/en_tx.c
`-- drivers/net/ethernet/natsemi/ns83820.c
`-- drivers/net/ethernet/neterion/s2io.c
`-- drivers/net/ethernet/neterion/vxge/vxge-main.c
`-- drivers/net/ethernet/nvidia/forcedeth.c
`-- drivers/net/ethernet/qlogic/netxen/netxen_nic_main.c
`-- drivers/net/ethernet/qlogic/qlcnic/qlcnic_io.c
`-- drivers/net/ethernet/qlogic/qlge/qlge_main.c
`-- drivers/net/ethernet/realtek/8139cp.c
`-- drivers/net/ethernet/realtek/r8169.c
`-- drivers/net/ethernet/samsung/sxgbe/sxgbe_main.c
`-- drivers/net/ethernet/tehuti/tehuti.c
`-- drivers/net/ethernet/via/via-rhine.c
`-- drivers/net/ethernet/via/via-velocity.c
`-- drivers/net/macvtap.c
`-- drivers/net/tun.c
`-- drivers/net/usb/r8152.c
`-- drivers/net/vmxnet3/vmxnet3_drv.c
`-- drivers/net/vxlan.c
`-- drivers/s390/net/qeth_l3_main.c
`-- drivers/vhost/net.c
`-- include/linux/if_vlan.h
`-- include/net/pkt_sched.h
`-- include/trace/events/net.h
`-- net/8021q/vlan_core.c
`-- net/bridge/br_netfilter.c
`-- net/bridge/br_private.h
`-- net/bridge/br_vlan.c
`-- net/bridge/netfilter/ebt_vlan.c
`-- net/bridge/netfilter/ebtables.c
`-- net/core/dev.c
`-- net/core/netpoll.c
`-- net/core/skbuff.c
`-- net/ipv4/geneve.c
`-- net/openvswitch/actions.c
`-- net/openvswitch/datapath.c
`-- net/openvswitch/flow.c
`-- net/openvswitch/vport-gre.c
`-- net/openvswitch/vport.c
`-- net/packet/af_packet.c
`-- net/sched/em_meta.c
`-- net/wireless/util.c
76 source file(s) touched in the new version
`-- drivers/infiniband/hw/nes/nes_nic.c
`-- drivers/net/ethernet/3com/typhoon.c
`-- drivers/net/ethernet/alteon/acenic.c
`-- drivers/net/ethernet/amd/amd8111e.c
`-- drivers/net/ethernet/amd/xgbe/xgbe-drv.c
`-- drivers/net/ethernet/atheros/atl1c/atl1c_main.c
`-- drivers/net/ethernet/atheros/atl1e/atl1e_main.c
`-- drivers/net/ethernet/atheros/atlx/atl1.c
`-- drivers/net/ethernet/atheros/atlx/atl2.c
`-- drivers/net/ethernet/broadcom/bnx2.c
`-- drivers/net/ethernet/broadcom/bnx2x/bnx2x_cmn.c
`-- drivers/net/ethernet/broadcom/tg3.c
`-- drivers/net/ethernet/brocade/bna/bnad.c
`-- drivers/net/ethernet/chelsio/cxgb/sge.c
`-- drivers/net/ethernet/chelsio/cxgb3/sge.c
`-- drivers/net/ethernet/chelsio/cxgb4/sge.c
`-- drivers/net/ethernet/chelsio/cxgb4vf/sge.c
`-- drivers/net/ethernet/cisco/enic/enic_main.c
`-- drivers/net/ethernet/emulex/benet/be_main.c
`-- drivers/net/ethernet/freescale/gianfar.c
`-- drivers/net/ethernet/ibm/ehea/ehea_main.c
`-- drivers/net/ethernet/intel/e1000/e1000_main.c
`-- drivers/net/ethernet/intel/e1000e/netdev.c
`-- drivers/net/ethernet/intel/fm10k/fm10k_main.c
`-- drivers/net/ethernet/intel/fm10k/fm10k_netdev.c
`-- drivers/net/ethernet/intel/i40e/i40e_txrx.c
`-- drivers/net/ethernet/intel/i40evf/i40e_txrx.c
`-- drivers/net/ethernet/intel/igb/igb_main.c
`-- drivers/net/ethernet/intel/igbvf/netdev.c
`-- drivers/net/ethernet/intel/ixgb/ixgb_main.c
`-- drivers/net/ethernet/intel/ixgbe/ixgbe_main.c
`-- drivers/net/ethernet/intel/ixgbevf/ixgbevf_main.c
`-- drivers/net/ethernet/jme.c
`-- drivers/net/ethernet/marvell/sky2.c
`-- drivers/net/ethernet/mellanox/mlx4/en_tx.c
`-- drivers/net/ethernet/natsemi/ns83820.c
`-- drivers/net/ethernet/neterion/s2io.c
`-- drivers/net/ethernet/neterion/vxge/vxge-main.c
`-- drivers/net/ethernet/nvidia/forcedeth.c
`-- drivers/net/ethernet/qlogic/netxen/netxen_nic_main.c
`-- drivers/net/ethernet/qlogic/qlcnic/qlcnic_io.c
`-- drivers/net/ethernet/qlogic/qlge/qlge_main.c
`-- drivers/net/ethernet/realtek/8139cp.c
`-- drivers/net/ethernet/realtek/r8169.c
`-- drivers/net/ethernet/samsung/sxgbe/sxgbe_main.c
`-- drivers/net/ethernet/tehuti/tehuti.c
`-- drivers/net/ethernet/via/via-rhine.c
`-- drivers/net/ethernet/via/via-velocity.c
`-- drivers/net/macvtap.c
`-- drivers/net/tun.c
`-- drivers/net/usb/r8152.c
`-- drivers/net/vmxnet3/vmxnet3_drv.c
`-- drivers/net/vxlan.c
`-- drivers/s390/net/qeth_l3_main.c
`-- drivers/vhost/net.c
`-- include/linux/if_vlan.h
`-- include/net/pkt_sched.h
`-- include/trace/events/net.h
`-- net/8021q/vlan_core.c
`-- net/bridge/br_netfilter.c
`-- net/bridge/br_private.h
`-- net/bridge/br_vlan.c
`-- net/bridge/netfilter/ebt_vlan.c
`-- net/bridge/netfilter/ebtables.c
`-- net/core/dev.c
`-- net/core/netpoll.c
`-- net/core/skbuff.c
`-- net/ipv4/geneve.c
`-- net/openvswitch/actions.c
`-- net/openvswitch/datapath.c
`-- net/openvswitch/flow.c
`-- net/openvswitch/vport-gre.c
`-- net/openvswitch/vport.c
`-- net/packet/af_packet.c
`-- net/sched/em_meta.c
`-- net/wireless/util.c
[33mcompile base commit... [0m[33mok (89s)
[0m[33mapply [0m[33mdf8a39defad4... [0m[33mok (89s)
[0m[33mcompile target commit... [0m[33mok (169s)
[0mPREPARE:
[33mcollect AST for functions: be_insert_vlan_in_pkt@drivers_net_ethernet_emulex_benet_be_main.c,sky2_xmit_frame@drivers_net_ethernet_marvell_sky2.c,igbvf_xmit_frame_ring_adv@drivers_net_ethernet_intel_igbvf_netdev.c,e1000_xmit_frame@drivers_net_ethernet_intel_e1000e_netdev.c,enic_queue_wq_skb@drivers_net_ethernet_cisco_enic_enic_main.c,atl1_xmit_frame@drivers_net_ethernet_atheros_atlx_atl1.c,atl1e_xmit_frame@drivers_net_ethernet_atheros_atl1e_atl1e_main.c,e1000_transfer_dhcp_info@drivers_net_ethernet_intel_e1000e_netdev.c,bnx2_start_xmit@drivers_net_ethernet_broadcom_bnx2.c,__vlan_hwaccel_push_inside@include_linux_if_vlan.h,netxen_tso_check@drivers_net_ethernet_qlogic_netxen_netxen_nic_main.c,nes_netdev_start_xmit@drivers_infiniband_hw_nes_nes_nic.c,bnad_txq_wi_prepare@drivers_net_ethernet_brocade_bna_bnad.c,__vlan_hwaccel_get_tag@include_linux_if_vlan.h,write_tx_pkt_wr@drivers_net_ethernet_chelsio_cxgb3_sge.c,ns83820_hard_start_xmit@drivers_net_ethernet_natsemi_ns83820.c,nes_nic_send@drivers_infiniband_hw_nes_nes_nic.c,fm10k_xmit_frame@drivers_net_ethernet_intel_fm10k_fm10k_netdev.c,be_get_tx_vlan_tag@drivers_net_ethernet_emulex_benet_be_main.c,tc_skb_protocol@include_net_pkt_sched.h,gfar_start_xmit@drivers_net_ethernet_freescale_gianfar.c,xgbe_prep_vlan@drivers_net_ethernet_amd_xgbe_xgbe-drv.c,nv_start_xmit_optimized@drivers_net_ethernet_nvidia_forcedeth.c,vlan_get_protocol@include_linux_if_vlan.h,gfar_tx_vlan@drivers_net_ethernet_freescale_gianfar.c,e1000_xmit_frame@drivers_net_ethernet_intel_e1000_e1000_main.c,t4_eth_xmit@drivers_net_ethernet_chelsio_cxgb4_sge.c,i40e_tx_prepare_vlan_flags@drivers_net_ethernet_intel_i40e_i40e_txrx.c,jme_tx_vlan@drivers_net_ethernet_jme.c,bnx2x_start_xmit@drivers_net_ethernet_broadcom_bnx2x_bnx2x_cmn.c,xgbe_packet_info@drivers_net_ethernet_amd_xgbe_xgbe-drv.c,ixgb_xmit_frame@drivers_net_ethernet_intel_ixgb_ixgb_main.c,i40e_tx_prepare_vlan_flags@drivers_net_ethernet_intel_i40evf_i40e_txrx.c,t1_start_xmit@drivers_net_ethernet_chelsio_cxgb_sge.c,tg3_start_xmit@drivers_net_ethernet_broadcom_tg3.c,amd8111e_start_xmit@drivers_net_ethernet_amd_amd8111e.c,be_lancer_xmit_workarounds@drivers_net_ethernet_emulex_benet_be_main.c,ehea_start_xmit@drivers_net_ethernet_ibm_ehea_ehea_main.c,ixgbevf_xmit_frame@drivers_net_ethernet_intel_ixgbevf_ixgbevf_main.c,ixgbe_xmit_frame_ring@drivers_net_ethernet_intel_ixgbe_ixgbe_main.c,typhoon_start_tx@drivers_net_ethernet_3com_typhoon.c,t3_eth_xmit@drivers_net_ethernet_chelsio_cxgb3_sge.c,fm10k_tx_map@drivers_net_ethernet_intel_fm10k_fm10k_main.c,wrb_fill_hdr@drivers_net_ethernet_emulex_benet_be_main.c,atl2_xmit_frame@drivers_net_ethernet_atheros_atlx_atl2.c,mlx4_en_select_queue@drivers_net_ethernet_mellanox_mlx4_en_tx.c,sky2_receive@drivers_net_ethernet_marvell_sky2.c,t4vf_eth_xmit@drivers_net_ethernet_chelsio_cxgb4vf_sge.c,vxge_xmit@drivers_net_ethernet_neterion_vxge_vxge-main.c,ace_start_xmit@drivers_net_ethernet_alteon_acenic.c,be_vlan_tag_tx_chk@drivers_net_ethernet_emulex_benet_be_main.c,igb_xmit_frame_ring@drivers_net_ethernet_intel_igb_igb_main.c,vlan_hwaccel_push_inside@include_linux_if_vlan.h,atl1c_xmit_frame@drivers_net_ethernet_atheros_atl1c_atl1c_main.c,mlx4_en_xmit@drivers_net_ethernet_mellanox_mlx4_en_tx.c,s2io_xmit@drivers_net_ethernet_neterion_s2io.c
[0m[33mTransforming and linking bitcode files...
[0m[33m20s
[0mANALYZE:
COCCIGEN:
//# pattern-2, witnesses: 50
@@
expression E0;
@@
- vlan_tx_tag_present(E0)
+ skb_vlan_tag_present(E0)
//# pattern-1, witnesses: 28
@@
@@
- vlan_tx_tag_get(skb)
+ skb_vlan_tag_get(skb)
//# pattern-4, witnesses: 6
@@
@@
- vlan_tx_tag_get
+ skb_vlan_tag_get
