BUILD:
[33mbase commit: e0d1095ae340^1
[0m[33mtarget commit: e0d1095ae340
[0m[33mchecking out base commit... [0m[33mok (3s)
[0m[33mformatting diff... [0m[33mok (3s)
[0m16 source file(s) touched in the old version
`-- drivers/net/ethernet/broadcom/bnx2x/bnx2x.h
`-- drivers/net/ethernet/broadcom/bnx2x/bnx2x_cmn.c
`-- drivers/net/ethernet/broadcom/bnx2x/bnx2x_main.c
`-- drivers/net/ethernet/intel/ixgbe/ixgbe.h
`-- drivers/net/ethernet/intel/ixgbe/ixgbe_main.c
`-- drivers/net/ethernet/mellanox/mlx4/en_ethtool.c
`-- drivers/net/ethernet/mellanox/mlx4/en_netdev.c
`-- drivers/net/ethernet/mellanox/mlx4/mlx4_en.h
`-- include/linux/netdevice.h
`-- include/linux/skbuff.h
`-- include/net/busy_poll.h
`-- include/net/sock.h
`-- net/core/skbuff.c
`-- net/core/sock.c
`-- net/core/sysctl_net_core.c
`-- net/socket.c
16 source file(s) touched in the new version
`-- drivers/net/ethernet/broadcom/bnx2x/bnx2x.h
`-- drivers/net/ethernet/broadcom/bnx2x/bnx2x_cmn.c
`-- drivers/net/ethernet/broadcom/bnx2x/bnx2x_main.c
`-- drivers/net/ethernet/intel/ixgbe/ixgbe.h
`-- drivers/net/ethernet/intel/ixgbe/ixgbe_main.c
`-- drivers/net/ethernet/mellanox/mlx4/en_ethtool.c
`-- drivers/net/ethernet/mellanox/mlx4/en_netdev.c
`-- drivers/net/ethernet/mellanox/mlx4/mlx4_en.h
`-- include/linux/netdevice.h
`-- include/linux/skbuff.h
`-- include/net/busy_poll.h
`-- include/net/sock.h
`-- net/core/skbuff.c
`-- net/core/sock.c
`-- net/core/sysctl_net_core.c
`-- net/socket.c
[33mcompile base commit... [0m[33mok (8s)
[0m[33mapply [0m[33me0d1095ae340... [0m[33mok (8s)
[0m[33mcompile target commit... [0m[33mok (12s)
[0mPREPARE:
[33m0s
[0mANALYZE:
COCCIGEN:
