BUILD:
[33mbase commit: e3412575488a^1
[0m[33mtarget commit: e3412575488a
[0m[33mchecking out base commit... [0m[33mok (2s)
[0m[33mformatting diff... [0m[33mok (2s)
[0m18 source file(s) touched in the old version
`-- drivers/net/ethernet/amd/xgbe/xgbe-drv.c
`-- drivers/net/ethernet/broadcom/bnx2x/bnx2x_main.c
`-- drivers/net/ethernet/cavium/liquidio/lio_main.c
`-- drivers/net/ethernet/cavium/liquidio/lio_vf_main.c
`-- drivers/net/ethernet/cavium/octeon/octeon_mgmt.c
`-- drivers/net/ethernet/intel/e1000e/netdev.c
`-- drivers/net/ethernet/intel/i40e/i40e_ptp.c
`-- drivers/net/ethernet/intel/igb/igb_ptp.c
`-- drivers/net/ethernet/intel/ixgbe/ixgbe_ptp.c
`-- drivers/net/ethernet/mellanox/mlx4/en_netdev.c
`-- drivers/net/ethernet/mellanox/mlx5/core/en_clock.c
`-- drivers/net/ethernet/neterion/vxge/vxge-main.c
`-- drivers/net/ethernet/qlogic/qede/qede_ptp.c
`-- drivers/net/ethernet/sfc/ef10.c
`-- drivers/net/ethernet/stmicro/stmmac/stmmac_main.c
`-- drivers/net/ethernet/ti/cpsw.c
`-- drivers/net/ethernet/tile/tilegx.c
`-- net/core/dev_ioctl.c
18 source file(s) touched in the new version
`-- drivers/net/ethernet/amd/xgbe/xgbe-drv.c
`-- drivers/net/ethernet/broadcom/bnx2x/bnx2x_main.c
`-- drivers/net/ethernet/cavium/liquidio/lio_main.c
`-- drivers/net/ethernet/cavium/liquidio/lio_vf_main.c
`-- drivers/net/ethernet/cavium/octeon/octeon_mgmt.c
`-- drivers/net/ethernet/intel/e1000e/netdev.c
`-- drivers/net/ethernet/intel/i40e/i40e_ptp.c
`-- drivers/net/ethernet/intel/igb/igb_ptp.c
`-- drivers/net/ethernet/intel/ixgbe/ixgbe_ptp.c
`-- drivers/net/ethernet/mellanox/mlx4/en_netdev.c
`-- drivers/net/ethernet/mellanox/mlx5/core/en_clock.c
`-- drivers/net/ethernet/neterion/vxge/vxge-main.c
`-- drivers/net/ethernet/qlogic/qede/qede_ptp.c
`-- drivers/net/ethernet/sfc/ef10.c
`-- drivers/net/ethernet/stmicro/stmmac/stmmac_main.c
`-- drivers/net/ethernet/ti/cpsw.c
`-- drivers/net/ethernet/tile/tilegx.c
`-- net/core/dev_ioctl.c
[33mcompile base commit... [0m[33mok (49s)
[0m[33mapply [0m[33me3412575488a... [0m[33mok (49s)
[0m[33mcompile target commit... [0m[33mok (93s)
[0mPREPARE:
[33mcollect AST for functions: qede_ptp_cfg_filters@drivers_net_ethernet_qlogic_qede_qede_ptp.c,i40e_ptp_set_timestamp_mode@drivers_net_ethernet_intel_i40e_i40e_ptp.c,e1000e_config_hwtstamp@drivers_net_ethernet_intel_e1000e_netdev.c,tile_hwtstamp_set@drivers_net_ethernet_tile_tilegx.c,hwtstamp_ioctl@drivers_net_ethernet_cavium_liquidio_lio_vf_main.c,igb_ptp_set_timestamp_mode@drivers_net_ethernet_intel_igb_igb_ptp.c,xgbe_set_hwtstamp_settings@drivers_net_ethernet_amd_xgbe_xgbe-drv.c,mlx4_en_hwtstamp_set@drivers_net_ethernet_mellanox_mlx4_en_netdev.c,mlx5e_hwstamp_set@drivers_net_ethernet_mellanox_mlx5_core_en_clock.c,hwtstamp_ioctl@drivers_net_ethernet_cavium_liquidio_lio_main.c,bnx2x_configure_ptp_filters@drivers_net_ethernet_broadcom_bnx2x_bnx2x_main.c,net_hwtstamp_validate@net_core_dev_ioctl.c,vxge_hwtstamp_set@drivers_net_ethernet_neterion_vxge_vxge-main.c,efx_ef10_ptp_set_ts_config@drivers_net_ethernet_sfc_ef10.c,stmmac_hwtstamp_ioctl@drivers_net_ethernet_stmicro_stmmac_stmmac_main.c,octeon_mgmt_ioctl_hwtstamp@drivers_net_ethernet_cavium_octeon_octeon_mgmt.c,ixgbe_ptp_set_timestamp_mode@drivers_net_ethernet_intel_ixgbe_ixgbe_ptp.c
[0m[33mTransforming and linking bitcode files...
[0m[33m10s
[0mANALYZE:
COCCIGEN:
unknown kind: CaseStmt
unknown kind: CaseStmt
unknown kind: CaseStmt
unknown kind: CaseStmt
