BUILD:
[33mbase commit: ea99d832cce7^1
[0m[33mtarget commit: ea99d832cce7
[0m[33mchecking out base commit... [0m[33mok (1s)
[0m[33mformatting diff... [0m[33mok (1s)
[0m5 source file(s) touched in the old version
`-- drivers/net/ethernet/intel/e1000/e1000_hw.h
`-- drivers/net/ethernet/intel/ixgbe/ixgbe_sriov.c
`-- drivers/net/ethernet/intel/ixgbe/ixgbe_type.h
`-- drivers/net/ethernet/intel/ixgbevf/defines.h
`-- drivers/net/ethernet/intel/ixgbevf/vf.c
5 source file(s) touched in the new version
`-- drivers/net/ethernet/intel/e1000/e1000_hw.h
`-- drivers/net/ethernet/intel/ixgbe/ixgbe_sriov.c
`-- drivers/net/ethernet/intel/ixgbe/ixgbe_type.h
`-- drivers/net/ethernet/intel/ixgbevf/defines.h
`-- drivers/net/ethernet/intel/ixgbevf/vf.c
[33mcompile base commit... [0m[33mok (5s)
[0m[33mapply [0m[33mea99d832cce7... [0m[33mok (5s)
[0m[33mcompile target commit... [0m[33mok (6s)
[0mPREPARE:
[33m0s
[0mANALYZE:
COCCIGEN:
