BUILD:
[33mbase commit: ed616689a3d9^1
[0m[33mtarget commit: ed616689a3d9
[0m[33mchecking out base commit... [0m[33mok (1s)
[0m[33mformatting diff... [0m[33mok (1s)
[0m20 source file(s) touched in the old version
`-- drivers/net/ethernet/broadcom/bnx2x/bnx2x_sriov.c
`-- drivers/net/ethernet/emulex/benet/be_main.c
`-- drivers/net/ethernet/intel/i40e/i40e_main.c
`-- drivers/net/ethernet/intel/i40e/i40e_virtchnl_pf.c
`-- drivers/net/ethernet/intel/i40e/i40e_virtchnl_pf.h
`-- drivers/net/ethernet/intel/igb/igb_main.c
`-- drivers/net/ethernet/intel/ixgbe/ixgbe_main.c
`-- drivers/net/ethernet/intel/ixgbe/ixgbe_sriov.c
`-- drivers/net/ethernet/intel/ixgbe/ixgbe_sriov.h
`-- drivers/net/ethernet/mellanox/mlx4/cmd.c
`-- drivers/net/ethernet/qlogic/qlcnic/qlcnic.h
`-- drivers/net/ethernet/qlogic/qlcnic/qlcnic_main.c
`-- drivers/net/ethernet/qlogic/qlcnic/qlcnic_sriov.h
`-- drivers/net/ethernet/qlogic/qlcnic/qlcnic_sriov_common.c
`-- drivers/net/ethernet/qlogic/qlcnic/qlcnic_sriov_pf.c
`-- drivers/net/ethernet/sfc/siena_sriov.c
`-- include/linux/if_link.h
`-- include/linux/netdevice.h
`-- include/uapi/linux/if_link.h
`-- net/core/rtnetlink.c
20 source file(s) touched in the new version
`-- drivers/net/ethernet/broadcom/bnx2x/bnx2x_sriov.c
`-- drivers/net/ethernet/emulex/benet/be_main.c
`-- drivers/net/ethernet/intel/i40e/i40e_main.c
`-- drivers/net/ethernet/intel/i40e/i40e_virtchnl_pf.c
`-- drivers/net/ethernet/intel/i40e/i40e_virtchnl_pf.h
`-- drivers/net/ethernet/intel/igb/igb_main.c
`-- drivers/net/ethernet/intel/ixgbe/ixgbe_main.c
`-- drivers/net/ethernet/intel/ixgbe/ixgbe_sriov.c
`-- drivers/net/ethernet/intel/ixgbe/ixgbe_sriov.h
`-- drivers/net/ethernet/mellanox/mlx4/cmd.c
`-- drivers/net/ethernet/qlogic/qlcnic/qlcnic.h
`-- drivers/net/ethernet/qlogic/qlcnic/qlcnic_main.c
`-- drivers/net/ethernet/qlogic/qlcnic/qlcnic_sriov.h
`-- drivers/net/ethernet/qlogic/qlcnic/qlcnic_sriov_common.c
`-- drivers/net/ethernet/qlogic/qlcnic/qlcnic_sriov_pf.c
`-- drivers/net/ethernet/sfc/siena_sriov.c
`-- include/linux/if_link.h
`-- include/linux/netdevice.h
`-- include/uapi/linux/if_link.h
`-- net/core/rtnetlink.c
[33mcompile base commit... [0m[33mok (7s)
[0m[33mapply [0m[33med616689a3d9... [0m[33mok (7s)
[0m[33mcompile target commit... [0m[33mok (10s)
[0mPREPARE:
[33m0s
[0mANALYZE:
COCCIGEN:
