BUILD:
[33mbase commit: edc7d57327bd^1
[0m[33mtarget commit: edc7d57327bd
[0m[33mchecking out base commit... [0m[33mok (3s)
[0m[33mformatting diff... [0m[33mok (3s)
[0m6 source file(s) touched in the old version
`-- drivers/net/ethernet/intel/ixgbe/ixgbe_main.c
`-- drivers/net/macvlan.c
`-- include/linux/netdevice.h
`-- net/bridge/br_fdb.c
`-- net/bridge/br_private.h
`-- net/core/rtnetlink.c
6 source file(s) touched in the new version
`-- drivers/net/ethernet/intel/ixgbe/ixgbe_main.c
`-- drivers/net/macvlan.c
`-- include/linux/netdevice.h
`-- net/bridge/br_fdb.c
`-- net/bridge/br_private.h
`-- net/core/rtnetlink.c
[33mcompile base commit... [0m[33mok (8s)
[0m[33mapply [0m[33medc7d57327bd... [0m[33mok (8s)
[0m[33mcompile target commit... [0m[33mok (10s)
[0mPREPARE:
[33m0s
[0mANALYZE:
COCCIGEN:
