BUILD:
[33mbase commit: f4e63525ee35^1
[0m[33mtarget commit: f4e63525ee35
[0m[33mchecking out base commit... [0m[33mok (1s)
[0m[33mformatting diff... [0m[33mok (1s)
[0m17 source file(s) touched in the old version
`-- drivers/net/ethernet/broadcom/bnxt/bnxt.c
`-- drivers/net/ethernet/broadcom/bnxt/bnxt_xdp.c
`-- drivers/net/ethernet/broadcom/bnxt/bnxt_xdp.h
`-- drivers/net/ethernet/cavium/thunder/nicvf_main.c
`-- drivers/net/ethernet/intel/i40e/i40e_main.c
`-- drivers/net/ethernet/intel/ixgbe/ixgbe_main.c
`-- drivers/net/ethernet/mellanox/mlx4/en_netdev.c
`-- drivers/net/ethernet/mellanox/mlx5/core/en_main.c
`-- drivers/net/ethernet/netronome/nfp/nfp_net_common.c
`-- drivers/net/ethernet/qlogic/qede/qede.h
`-- drivers/net/ethernet/qlogic/qede/qede_filter.c
`-- drivers/net/ethernet/qlogic/qede/qede_main.c
`-- drivers/net/tun.c
`-- drivers/net/virtio_net.c
`-- include/linux/netdevice.h
`-- net/core/dev.c
`-- net/core/rtnetlink.c
17 source file(s) touched in the new version
`-- drivers/net/ethernet/broadcom/bnxt/bnxt.c
`-- drivers/net/ethernet/broadcom/bnxt/bnxt_xdp.c
`-- drivers/net/ethernet/broadcom/bnxt/bnxt_xdp.h
`-- drivers/net/ethernet/cavium/thunder/nicvf_main.c
`-- drivers/net/ethernet/intel/i40e/i40e_main.c
`-- drivers/net/ethernet/intel/ixgbe/ixgbe_main.c
`-- drivers/net/ethernet/mellanox/mlx4/en_netdev.c
`-- drivers/net/ethernet/mellanox/mlx5/core/en_main.c
`-- drivers/net/ethernet/netronome/nfp/nfp_net_common.c
`-- drivers/net/ethernet/qlogic/qede/qede.h
`-- drivers/net/ethernet/qlogic/qede/qede_filter.c
`-- drivers/net/ethernet/qlogic/qede/qede_main.c
`-- drivers/net/tun.c
`-- drivers/net/virtio_net.c
`-- include/linux/netdevice.h
`-- net/core/dev.c
`-- net/core/rtnetlink.c
[33mcompile base commit... [0m[33mok (60s)
[0m[33mapply [0m[33mf4e63525ee35... [0m[33mok (60s)
[0m[33mcompile target commit... [0m[33mok (107s)
[0mPREPARE:
[33mcollect AST for functions: tun_xdp@drivers_net_tun.c,bnxt_xdp@drivers_net_ethernet_broadcom_bnxt_bnxt_xdp.c,mlx4_xdp@drivers_net_ethernet_mellanox_mlx4_en_netdev.c,nfp_net_netdev_ops@drivers_net_ethernet_netronome_nfp_nfp_net_common.c,dev_xdp_install@net_core_dev.c,qede_netdev_vf_xdp_ops@drivers_net_ethernet_qlogic_qede_qede_main.c,nicvf_netdev_ops@drivers_net_ethernet_cavium_thunder_nicvf_main.c,mlx4_netdev_ops@drivers_net_ethernet_mellanox_mlx4_en_netdev.c,mlx5e_netdev_ops@drivers_net_ethernet_mellanox_mlx5_core_en_main.c,nfp_net_xdp@drivers_net_ethernet_netronome_nfp_nfp_net_common.c,tap_netdev_ops@drivers_net_tun.c,generic_xdp_install@net_core_dev.c,i40e_xdp@drivers_net_ethernet_intel_i40e_i40e_main.c,qede_xdp@drivers_net_ethernet_qlogic_qede_qede_filter.c,__dev_xdp_attached@net_core_dev.c,mlx5e_xdp@drivers_net_ethernet_mellanox_mlx5_core_en_main.c,ixgbe_netdev_ops@drivers_net_ethernet_intel_ixgbe_ixgbe_main.c,nicvf_xdp@drivers_net_ethernet_cavium_thunder_nicvf_main.c,virtnet_netdev@drivers_net_virtio_net.c,ixgbe_xdp@drivers_net_ethernet_intel_ixgbe_ixgbe_main.c,mlx4_netdev_ops_master@drivers_net_ethernet_mellanox_mlx4_en_netdev.c,bnxt_netdev_ops@drivers_net_ethernet_broadcom_bnxt_bnxt.c,i40e_netdev_ops@drivers_net_ethernet_intel_i40e_i40e_main.c,qede_netdev_ops@drivers_net_ethernet_qlogic_qede_qede_main.c,rtnl_xdp_attached_mode@net_core_rtnetlink.c,dev_change_xdp_fd@net_core_dev.c,virtnet_xdp@drivers_net_virtio_net.c
[0m[33mTransforming and linking bitcode files...
[0m[33m14s
[0mANALYZE:
COCCIGEN:
//# pattern-2, witnesses: 12
@@
identifier s;
@@
 const struct net_device_ops s = {
 };
//# pattern-5, witnesses: 6
@r0@
identifier i, fn;
@@
struct net_device_ops i = {
    .ndo_bpf = fn,
};
@@
identifier dev;
identifier r0.fn;
identifier xdp;
@@
- int fn(struct net_device * dev, struct netdev_xdp * xdp)
+ int fn(struct net_device * dev, struct netdev_bpf * xdp)
 { ... }
//# pattern-1, witnesses: 2
@@
identifier dev;
identifier fn;
identifier xdp;
@@
 int fn(struct net_device * dev, struct netdev_bpf * xdp)
 { ... }
//# pattern-4, witnesses: 2
@@
identifier dev;
identifier fn;
identifier xdp;
@@
 int fn(struct net_device * dev, struct netdev_bpf * xdp)
 { ... }
//# pattern-7, witnesses: 2
@@
expression E0;
@@
- E0->ndo_xdp
+ E0->ndo_bpf
