BUILD:
[33mbase commit: f646968f8f7c^1
[0m[33mtarget commit: f646968f8f7c
[0m[33mchecking out base commit... [0m[33mok (1s)
[0m[33mformatting diff... [0m[33mok (2s)
[0m78 source file(s) touched in the old version
`-- drivers/infiniband/hw/nes/nes_nic.c
`-- drivers/net/bonding/bond_main.c
`-- drivers/net/ethernet/3com/typhoon.c
`-- drivers/net/ethernet/adaptec/starfire.c
`-- drivers/net/ethernet/alteon/acenic.c
`-- drivers/net/ethernet/amd/amd8111e.c
`-- drivers/net/ethernet/atheros/atl1c/atl1c_main.c
`-- drivers/net/ethernet/atheros/atl1e/atl1e_main.c
`-- drivers/net/ethernet/atheros/atlx/atl1.c
`-- drivers/net/ethernet/atheros/atlx/atl2.c
`-- drivers/net/ethernet/atheros/atlx/atlx.c
`-- drivers/net/ethernet/broadcom/bnx2.c
`-- drivers/net/ethernet/broadcom/bnx2x/bnx2x_main.c
`-- drivers/net/ethernet/broadcom/tg3.c
`-- drivers/net/ethernet/brocade/bna/bnad.c
`-- drivers/net/ethernet/chelsio/cxgb/cxgb2.c
`-- drivers/net/ethernet/chelsio/cxgb/sge.c
`-- drivers/net/ethernet/chelsio/cxgb3/cxgb3_main.c
`-- drivers/net/ethernet/chelsio/cxgb4/cxgb4_main.c
`-- drivers/net/ethernet/chelsio/cxgb4vf/cxgb4vf_main.c
`-- drivers/net/ethernet/cisco/enic/enic_main.c
`-- drivers/net/ethernet/emulex/benet/be_main.c
`-- drivers/net/ethernet/freescale/gianfar.c
`-- drivers/net/ethernet/freescale/gianfar_ethtool.c
`-- drivers/net/ethernet/ibm/ehea/ehea_main.c
`-- drivers/net/ethernet/intel/e1000/e1000_main.c
`-- drivers/net/ethernet/intel/e1000e/netdev.c
`-- drivers/net/ethernet/intel/igb/igb_main.c
`-- drivers/net/ethernet/intel/igbvf/netdev.c
`-- drivers/net/ethernet/intel/ixgb/ixgb_main.c
`-- drivers/net/ethernet/intel/ixgbe/ixgbe_main.c
`-- drivers/net/ethernet/intel/ixgbe/ixgbe_sriov.c
`-- drivers/net/ethernet/intel/ixgbevf/ixgbevf_main.c
`-- drivers/net/ethernet/jme.c
`-- drivers/net/ethernet/marvell/sky2.c
`-- drivers/net/ethernet/mellanox/mlx4/en_netdev.c
`-- drivers/net/ethernet/myricom/myri10ge/myri10ge.c
`-- drivers/net/ethernet/natsemi/ns83820.c
`-- drivers/net/ethernet/neterion/s2io.c
`-- drivers/net/ethernet/neterion/vxge/vxge-main.c
`-- drivers/net/ethernet/nvidia/forcedeth.c
`-- drivers/net/ethernet/qlogic/netxen/netxen_nic_main.c
`-- drivers/net/ethernet/qlogic/qlcnic/qlcnic_main.c
`-- drivers/net/ethernet/qlogic/qlge/qlge_main.c
`-- drivers/net/ethernet/realtek/8139cp.c
`-- drivers/net/ethernet/realtek/r8169.c
`-- drivers/net/ethernet/renesas/sh_eth.c
`-- drivers/net/ethernet/stmicro/stmmac/stmmac_main.c
`-- drivers/net/ethernet/tehuti/tehuti.c
`-- drivers/net/ethernet/ti/cpsw.c
`-- drivers/net/ethernet/toshiba/spider_net.c
`-- drivers/net/ethernet/via/via-rhine.c
`-- drivers/net/ethernet/via/via-velocity.c
`-- drivers/net/ethernet/xilinx/ll_temac_main.c
`-- drivers/net/hyperv/netvsc_drv.c
`-- drivers/net/ifb.c
`-- drivers/net/macvlan.c
`-- drivers/net/team/team.c
`-- drivers/net/usb/cdc_mbim.c
`-- drivers/net/veth.c
`-- drivers/net/virtio_net.c
`-- drivers/net/vmxnet3/vmxnet3_drv.c
`-- drivers/net/vmxnet3/vmxnet3_ethtool.c
`-- drivers/s390/net/qeth_l2_main.c
`-- drivers/s390/net/qeth_l3_main.c
`-- drivers/scsi/fcoe/fcoe.c
`-- include/linux/if_vlan.h
`-- include/linux/netdev_features.h
`-- include/linux/netdevice.h
`-- net/8021q/vlan.c
`-- net/8021q/vlan_core.c
`-- net/8021q/vlan_dev.c
`-- net/bridge/br_device.c
`-- net/bridge/br_vlan.c
`-- net/core/dev.c
`-- net/core/ethtool.c
`-- net/core/netpoll.c
`-- net/openvswitch/vport-internal_dev.c
78 source file(s) touched in the new version
`-- drivers/infiniband/hw/nes/nes_nic.c
`-- drivers/net/bonding/bond_main.c
`-- drivers/net/ethernet/3com/typhoon.c
`-- drivers/net/ethernet/adaptec/starfire.c
`-- drivers/net/ethernet/alteon/acenic.c
`-- drivers/net/ethernet/amd/amd8111e.c
`-- drivers/net/ethernet/atheros/atl1c/atl1c_main.c
`-- drivers/net/ethernet/atheros/atl1e/atl1e_main.c
`-- drivers/net/ethernet/atheros/atlx/atl1.c
`-- drivers/net/ethernet/atheros/atlx/atl2.c
`-- drivers/net/ethernet/atheros/atlx/atlx.c
`-- drivers/net/ethernet/broadcom/bnx2.c
`-- drivers/net/ethernet/broadcom/bnx2x/bnx2x_main.c
`-- drivers/net/ethernet/broadcom/tg3.c
`-- drivers/net/ethernet/brocade/bna/bnad.c
`-- drivers/net/ethernet/chelsio/cxgb/cxgb2.c
`-- drivers/net/ethernet/chelsio/cxgb/sge.c
`-- drivers/net/ethernet/chelsio/cxgb3/cxgb3_main.c
`-- drivers/net/ethernet/chelsio/cxgb4/cxgb4_main.c
`-- drivers/net/ethernet/chelsio/cxgb4vf/cxgb4vf_main.c
`-- drivers/net/ethernet/cisco/enic/enic_main.c
`-- drivers/net/ethernet/emulex/benet/be_main.c
`-- drivers/net/ethernet/freescale/gianfar.c
`-- drivers/net/ethernet/freescale/gianfar_ethtool.c
`-- drivers/net/ethernet/ibm/ehea/ehea_main.c
`-- drivers/net/ethernet/intel/e1000/e1000_main.c
`-- drivers/net/ethernet/intel/e1000e/netdev.c
`-- drivers/net/ethernet/intel/igb/igb_main.c
`-- drivers/net/ethernet/intel/igbvf/netdev.c
`-- drivers/net/ethernet/intel/ixgb/ixgb_main.c
`-- drivers/net/ethernet/intel/ixgbe/ixgbe_main.c
`-- drivers/net/ethernet/intel/ixgbe/ixgbe_sriov.c
`-- drivers/net/ethernet/intel/ixgbevf/ixgbevf_main.c
`-- drivers/net/ethernet/jme.c
`-- drivers/net/ethernet/marvell/sky2.c
`-- drivers/net/ethernet/mellanox/mlx4/en_netdev.c
`-- drivers/net/ethernet/myricom/myri10ge/myri10ge.c
`-- drivers/net/ethernet/natsemi/ns83820.c
`-- drivers/net/ethernet/neterion/s2io.c
`-- drivers/net/ethernet/neterion/vxge/vxge-main.c
`-- drivers/net/ethernet/nvidia/forcedeth.c
`-- drivers/net/ethernet/qlogic/netxen/netxen_nic_main.c
`-- drivers/net/ethernet/qlogic/qlcnic/qlcnic_main.c
`-- drivers/net/ethernet/qlogic/qlge/qlge_main.c
`-- drivers/net/ethernet/realtek/8139cp.c
`-- drivers/net/ethernet/realtek/r8169.c
`-- drivers/net/ethernet/renesas/sh_eth.c
`-- drivers/net/ethernet/stmicro/stmmac/stmmac_main.c
`-- drivers/net/ethernet/tehuti/tehuti.c
`-- drivers/net/ethernet/ti/cpsw.c
`-- drivers/net/ethernet/toshiba/spider_net.c
`-- drivers/net/ethernet/via/via-rhine.c
`-- drivers/net/ethernet/via/via-velocity.c
`-- drivers/net/ethernet/xilinx/ll_temac_main.c
`-- drivers/net/hyperv/netvsc_drv.c
`-- drivers/net/ifb.c
`-- drivers/net/macvlan.c
`-- drivers/net/team/team.c
`-- drivers/net/usb/cdc_mbim.c
`-- drivers/net/veth.c
`-- drivers/net/virtio_net.c
`-- drivers/net/vmxnet3/vmxnet3_drv.c
`-- drivers/net/vmxnet3/vmxnet3_ethtool.c
`-- drivers/s390/net/qeth_l2_main.c
`-- drivers/s390/net/qeth_l3_main.c
`-- drivers/scsi/fcoe/fcoe.c
`-- include/linux/if_vlan.h
`-- include/linux/netdev_features.h
`-- include/linux/netdevice.h
`-- net/8021q/vlan.c
`-- net/8021q/vlan_core.c
`-- net/8021q/vlan_dev.c
`-- net/bridge/br_device.c
`-- net/bridge/br_vlan.c
`-- net/core/dev.c
`-- net/core/ethtool.c
`-- net/core/netpoll.c
`-- net/openvswitch/vport-internal_dev.c
[33mcompile base commit... [0m[33mok (6s)
[0m[33mapply [0m[33mf646968f8f7c... [0m[33mok (7s)
[0m[33mcompile target commit... [0m[33mok (9s)
[0mPREPARE:
[33m0s
[0mANALYZE:
COCCIGEN:
