BUILD:
[33mbase commit: f663dd9aaf9e^1
[0m[33mtarget commit: f663dd9aaf9e
[0m[33mchecking out base commit... [0m[33mok (3s)
[0m[33mformatting diff... [0m[33mok (3s)
[0m21 source file(s) touched in the old version
`-- drivers/net/bonding/bond_main.c
`-- drivers/net/ethernet/broadcom/bnx2x/bnx2x_cmn.c
`-- drivers/net/ethernet/broadcom/bnx2x/bnx2x_cmn.h
`-- drivers/net/ethernet/intel/ixgbe/ixgbe_main.c
`-- drivers/net/ethernet/lantiq_etop.c
`-- drivers/net/ethernet/mellanox/mlx4/en_tx.c
`-- drivers/net/ethernet/mellanox/mlx4/mlx4_en.h
`-- drivers/net/ethernet/tile/tilegx.c
`-- drivers/net/macvlan.c
`-- drivers/net/team/team.c
`-- drivers/net/tun.c
`-- drivers/net/wireless/mwifiex/main.c
`-- drivers/staging/bcm/Bcmnet.c
`-- drivers/staging/netlogic/xlr_net.c
`-- drivers/staging/rtl8188eu/os_dep/os_intfs.c
`-- include/linux/netdevice.h
`-- net/core/dev.c
`-- net/core/flow_dissector.c
`-- net/core/netpoll.c
`-- net/mac80211/iface.c
`-- net/sched/sch_generic.c
21 source file(s) touched in the new version
`-- drivers/net/bonding/bond_main.c
`-- drivers/net/ethernet/broadcom/bnx2x/bnx2x_cmn.c
`-- drivers/net/ethernet/broadcom/bnx2x/bnx2x_cmn.h
`-- drivers/net/ethernet/intel/ixgbe/ixgbe_main.c
`-- drivers/net/ethernet/lantiq_etop.c
`-- drivers/net/ethernet/mellanox/mlx4/en_tx.c
`-- drivers/net/ethernet/mellanox/mlx4/mlx4_en.h
`-- drivers/net/ethernet/tile/tilegx.c
`-- drivers/net/macvlan.c
`-- drivers/net/team/team.c
`-- drivers/net/tun.c
`-- drivers/net/wireless/mwifiex/main.c
`-- drivers/staging/bcm/Bcmnet.c
`-- drivers/staging/netlogic/xlr_net.c
`-- drivers/staging/rtl8188eu/os_dep/os_intfs.c
`-- include/linux/netdevice.h
`-- net/core/dev.c
`-- net/core/flow_dissector.c
`-- net/core/netpoll.c
`-- net/mac80211/iface.c
`-- net/sched/sch_generic.c
[33mcompile base commit... [0m[33mok (8s)
[0m[33mapply [0m[33mf663dd9aaf9e... [0m[33mok (8s)
[0m[33mcompile target commit... [0m[33mok (12s)
[0mPREPARE:
[33m0s
[0mANALYZE:
COCCIGEN:
