BUILD:
[33mbase commit: 02b91b55260f^1
[0m[33mtarget commit: 02b91b55260f
[0m[33mchecking out base commit... [0m[33mok (1s)
[0m[33mformatting diff... [0m[33mok (1s)
[0m8 source file(s) touched in the old version
`-- drivers/block/drbd/drbd_int.h
`-- drivers/block/drbd/drbd_main.c
`-- drivers/block/drbd/drbd_nl.c
`-- drivers/block/drbd/drbd_proc.c
`-- drivers/block/drbd/drbd_receiver.c
`-- drivers/block/drbd/drbd_worker.c
`-- include/linux/drbd.h
`-- include/linux/drbd_nl.h
8 source file(s) touched in the new version
`-- drivers/block/drbd/drbd_int.h
`-- drivers/block/drbd/drbd_main.c
`-- drivers/block/drbd/drbd_nl.c
`-- drivers/block/drbd/drbd_proc.c
`-- drivers/block/drbd/drbd_receiver.c
`-- drivers/block/drbd/drbd_worker.c
`-- include/linux/drbd.h
`-- include/linux/drbd_nl.h
[33mcompile base commit... [0m[33mok (6s)
[0m[33mapply [0m[33m02b91b55260f... [0m[33mok (6s)
[0m[33mcompile target commit... [0m[33mok (8s)
[0mPREPARE:
[33m0s
[0mANALYZE:
COCCIGEN:
