BUILD:
[33mbase commit: 02ee8f95fadf^1
[0m[33mtarget commit: 02ee8f95fadf
[0m[33mchecking out base commit... [0m[33mok (0s)
[0m[33mformatting diff... [0m[33mok (0s)
[0m3 source file(s) touched in the old version
`-- drivers/block/drbd/drbd_main.c
`-- drivers/block/drbd/drbd_nl.c
`-- include/linux/drbd_nl.h
3 source file(s) touched in the new version
`-- drivers/block/drbd/drbd_main.c
`-- drivers/block/drbd/drbd_nl.c
`-- include/linux/drbd_nl.h
[33mcompile base commit... [0m[33mok (5s)
[0m[33mapply [0m[33m02ee8f95fadf... [0m[33mok (5s)
[0m[33mcompile target commit... [0m[33mok (7s)
[0mPREPARE:
[33m0s
[0mANALYZE:
COCCIGEN:
