BUILD:
[33mbase commit: 047e95e259e8^1
[0m[33mtarget commit: 047e95e259e8
[0m[33mchecking out base commit... [0m[33mok (0s)
[0m[33mformatting diff... [0m[33mok (0s)
[0m3 source file(s) touched in the old version
`-- drivers/block/drbd/drbd_state.c
`-- drivers/block/drbd/drbd_strings.c
`-- include/linux/drbd.h
3 source file(s) touched in the new version
`-- drivers/block/drbd/drbd_state.c
`-- drivers/block/drbd/drbd_strings.c
`-- include/linux/drbd.h
[33mcompile base commit... [0m[33mok (4s)
[0m[33mapply [0m[33m047e95e259e8... [0m[33mok (4s)
[0m[33mcompile target commit... [0m[33mok (6s)
[0mPREPARE:
[33m0s
[0mANALYZE:
COCCIGEN:
