BUILD:
[33mbase commit: 179e20b8df97^1
[0m[33mtarget commit: 179e20b8df97
[0m[33mchecking out base commit... [0m[33mok (1s)
[0m[33mformatting diff... [0m[33mok (1s)
[0m5 source file(s) touched in the old version
`-- drivers/block/drbd/drbd_actlog.c
`-- drivers/block/drbd/drbd_int.h
`-- drivers/block/drbd/drbd_main.c
`-- drivers/block/drbd/drbd_nl.c
`-- include/linux/drbd.h
5 source file(s) touched in the new version
`-- drivers/block/drbd/drbd_actlog.c
`-- drivers/block/drbd/drbd_int.h
`-- drivers/block/drbd/drbd_main.c
`-- drivers/block/drbd/drbd_nl.c
`-- include/linux/drbd.h
[33mcompile base commit... [0m[33mok (14s)
[0m[33mapply [0m[33m179e20b8df97... [0m[33mok (14s)
[0m[33mcompile target commit... [0m[33mok (25s)
[0mPREPARE:
[33mcollect AST for functions: drbd_adm_new_minor@drivers_block_drbd_drbd_nl.c,check_net_options@drivers_block_drbd_drbd_nl.c,drbd_create_device@drivers_block_drbd_drbd_main.c,drbd_adm_del_resource@drivers_block_drbd_drbd_nl.c,drbd_adm_down@drivers_block_drbd_drbd_nl.c,__drbd_change_sync@drivers_block_drbd_drbd_actlog.c
[0m[33mTransforming and linking bitcode files...
[0m[33m4s
[0mANALYZE:
COCCIGEN:
//# pattern-1, witnesses: 4
@@
@@
- ERR_MINOR_EXISTS
+ ERR_MINOR_OR_VOLUME_EXISTS
