BUILD:
[33mbase commit: 19809c2da28a^1
[0m[33mtarget commit: 19809c2da28a
[0m[33mchecking out base commit... [0m[33mok (2s)
[0m[33mformatting diff... [0m[33mok (2s)
[0m20 source file(s) touched in the old version
`-- arch/parisc/kernel/module.c
`-- arch/x86/kernel/module.c
`-- drivers/block/drbd/drbd_bitmap.c
`-- drivers/gpu/drm/etnaviv/etnaviv_dump.c
`-- drivers/md/dm-bufio.c
`-- fs/btrfs/free-space-tree.c
`-- fs/file.c
`-- fs/xfs/kmem.c
`-- include/drm/drm_mem_util.h
`-- kernel/bpf/core.c
`-- kernel/bpf/syscall.c
`-- kernel/fork.c
`-- kernel/groups.c
`-- kernel/module.c
`-- mm/kasan/kasan.c
`-- mm/nommu.c
`-- mm/util.c
`-- mm/vmalloc.c
`-- net/ceph/ceph_common.c
`-- net/netfilter/x_tables.c
20 source file(s) touched in the new version
`-- arch/parisc/kernel/module.c
`-- arch/x86/kernel/module.c
`-- drivers/block/drbd/drbd_bitmap.c
`-- drivers/gpu/drm/etnaviv/etnaviv_dump.c
`-- drivers/md/dm-bufio.c
`-- fs/btrfs/free-space-tree.c
`-- fs/file.c
`-- fs/xfs/kmem.c
`-- include/drm/drm_mem_util.h
`-- kernel/bpf/core.c
`-- kernel/bpf/syscall.c
`-- kernel/fork.c
`-- kernel/groups.c
`-- kernel/module.c
`-- mm/kasan/kasan.c
`-- mm/nommu.c
`-- mm/util.c
`-- mm/vmalloc.c
`-- net/ceph/ceph_common.c
`-- net/netfilter/x_tables.c
[33mcompile base commit... [0m[33mok (98s)
[0m[33mapply [0m[33m19809c2da28a... [0m[33mok (98s)
[0m[33mcompile target commit... [0m[33mok (169s)
[0mPREPARE:
[33mcollect AST for functions: kmem_zalloc_large@fs_xfs_kmem.c,alloc_fdmem@fs_file.c,vmalloc_node@mm_vmalloc.c,vzalloc_node@mm_vmalloc.c,etnaviv_core_dump@drivers_gpu_drm_etnaviv_etnaviv_dump.c,copy_module_from_user@kernel_module.c,bpf_prog_alloc@kernel_bpf_core.c,groups_alloc@kernel_groups.c,kasan_module_alloc@mm_kasan_kasan.c,vmalloc@mm_vmalloc.c,kvmalloc_node@mm_util.c,vmalloc_exec@mm_vmalloc.c,drm_calloc_large@include_drm_drm_mem_util.h,vzalloc@mm_vmalloc.c,module_alloc@arch_x86_kernel_module.c,xt_alloc_table_info@net_netfilter_x_tables.c,bpf_prog_clone_create@kernel_bpf_core.c,vmalloc_user@mm_vmalloc.c,drm_malloc_gfp@include_drm_drm_mem_util.h,bpf_prog_realloc@kernel_bpf_core.c,alloc_bitmap@fs_btrfs_free-space-tree.c,vmalloc_user@mm_nommu.c,bm_realloc_pages@drivers_block_drbd_drbd_bitmap.c,alloc_buffer_data@drivers_md_dm-bufio.c,drm_malloc_ab@include_drm_drm_mem_util.h,alloc_thread_stack_node@kernel_fork.c,__vmalloc_area_node@mm_vmalloc.c,ceph_kvmalloc@net_ceph_ceph_common.c,bpf_map_area_alloc@kernel_bpf_syscall.c
[0m[33mTransforming and linking bitcode files...
[0m[31mMultiver-link error[0m
ANALYZE:
[31mLack a successful preparation
[0m
COCCIGEN:
