BUILD:
[33mbase commit: 1b57e66384e2^1
[0m[33mtarget commit: 1b57e66384e2
[0m[33mchecking out base commit... [0m[33mok (0s)
[0m[33mformatting diff... [0m[33mok (0s)
[0m2 source file(s) touched in the old version
`-- drivers/block/drbd/drbd_receiver.c
`-- include/linux/drbd.h
2 source file(s) touched in the new version
`-- drivers/block/drbd/drbd_receiver.c
`-- include/linux/drbd.h
[33mcompile base commit... [0m[33mok (18s)
[0m[33mapply [0m[33m1b57e66384e2... [0m[33mok (18s)
[0m[33mcompile target commit... [0m[33mok (33s)
[0mPREPARE:
[33mcollect AST for functions: receive_protocol@drivers_block_drbd_drbd_receiver.c
[0m[33mTransforming and linking bitcode files...
[0m[33m3s
[0mANALYZE:
COCCIGEN:
