BUILD:
[33mbase commit: 1d273b929cad^1
[0m[33mtarget commit: 1d273b929cad
[0m[33mchecking out base commit... [0m[33mok (0s)
[0m[33mformatting diff... [0m[33mok (1s)
[0m3 source file(s) touched in the old version
`-- drivers/block/drbd/drbd_int.h
`-- drivers/block/drbd/drbd_nl.c
`-- include/linux/drbd_tag_magic.h
3 source file(s) touched in the new version
`-- drivers/block/drbd/drbd_int.h
`-- drivers/block/drbd/drbd_nl.c
`-- include/linux/drbd_tag_magic.h
[33mcompile base commit... [0m[33mok (4s)
[0m[33mapply [0m[33m1d273b929cad... [0m[33mok (4s)
[0m[33mcompile target commit... [0m[33mok (6s)
[0mPREPARE:
[33m1s
[0mANALYZE:
COCCIGEN:
Unable to infer inclusion changes on more than 1 file
added  : set(['linux/drbd_nl.h'])
deleted: set([u'drivers/block/drbd/linux/drbd_nl.h'])
