BUILD:
[33mbase commit: 263663cd3c4f^1
[0m[33mtarget commit: 263663cd3c4f
[0m[33mchecking out base commit... [0m[33mok (8s)
[0m[33mformatting diff... [0m[33mok (8s)
[0m8 source file(s) touched in the old version
`-- drivers/block/drbd/drbd_bitmap.c
`-- drivers/block/zram/zram_drv.c
`-- drivers/md/bcache/super.c
`-- fs/btrfs/compression.c
`-- fs/btrfs/inode.c
`-- fs/f2fs/data.c
`-- kernel/power/swap.c
`-- mm/page_io.c
8 source file(s) touched in the new version
`-- drivers/block/drbd/drbd_bitmap.c
`-- drivers/block/zram/zram_drv.c
`-- drivers/md/bcache/super.c
`-- fs/btrfs/compression.c
`-- fs/btrfs/inode.c
`-- fs/f2fs/data.c
`-- kernel/power/swap.c
`-- mm/page_io.c
[33mcompile base commit... [0m[33mok (12s)
[0m[33mapply [0m[33m263663cd3c4f... [0m[33mok (12s)
[0m[33mcompile target commit... [0m[33mok (13s)
[0mPREPARE:
[33m0s
[0mANALYZE:
COCCIGEN:
