BUILD:
[33mbase commit: 28a8f0d317bf^1
[0m[33mtarget commit: 28a8f0d317bf
[0m[33mchecking out base commit... [0m[33mok (0s)
[0m[33mformatting diff... [0m[33mok (1s)
[0m37 source file(s) touched in the old version
`-- block/blk-core.c
`-- block/blk-flush.c
`-- block/blk-mq.c
`-- drivers/block/drbd/drbd_actlog.c
`-- drivers/block/drbd/drbd_main.c
`-- drivers/block/drbd/drbd_protocol.h
`-- drivers/block/drbd/drbd_receiver.c
`-- drivers/block/drbd/drbd_req.c
`-- drivers/md/bcache/journal.c
`-- drivers/md/bcache/request.c
`-- drivers/md/dm-cache-target.c
`-- drivers/md/dm-crypt.c
`-- drivers/md/dm-era-target.c
`-- drivers/md/dm-io.c
`-- drivers/md/dm-log-writes.c
`-- drivers/md/dm-raid1.c
`-- drivers/md/dm-region-hash.c
`-- drivers/md/dm-snap.c
`-- drivers/md/dm-stripe.c
`-- drivers/md/dm-thin.c
`-- drivers/md/dm.c
`-- drivers/md/linear.c
`-- drivers/md/md.c
`-- drivers/md/md.h
`-- drivers/md/multipath.c
`-- drivers/md/raid0.c
`-- drivers/md/raid1.c
`-- drivers/md/raid10.c
`-- drivers/md/raid5-cache.c
`-- drivers/md/raid5.c
`-- fs/btrfs/check-integrity.c
`-- fs/jbd2/journal.c
`-- fs/xfs/xfs_buf.c
`-- include/linux/blk_types.h
`-- include/linux/fs.h
`-- include/trace/events/f2fs.h
`-- kernel/trace/blktrace.c
37 source file(s) touched in the new version
`-- block/blk-core.c
`-- block/blk-flush.c
`-- block/blk-mq.c
`-- drivers/block/drbd/drbd_actlog.c
`-- drivers/block/drbd/drbd_main.c
`-- drivers/block/drbd/drbd_protocol.h
`-- drivers/block/drbd/drbd_receiver.c
`-- drivers/block/drbd/drbd_req.c
`-- drivers/md/bcache/journal.c
`-- drivers/md/bcache/request.c
`-- drivers/md/dm-cache-target.c
`-- drivers/md/dm-crypt.c
`-- drivers/md/dm-era-target.c
`-- drivers/md/dm-io.c
`-- drivers/md/dm-log-writes.c
`-- drivers/md/dm-raid1.c
`-- drivers/md/dm-region-hash.c
`-- drivers/md/dm-snap.c
`-- drivers/md/dm-stripe.c
`-- drivers/md/dm-thin.c
`-- drivers/md/dm.c
`-- drivers/md/linear.c
`-- drivers/md/md.c
`-- drivers/md/md.h
`-- drivers/md/multipath.c
`-- drivers/md/raid0.c
`-- drivers/md/raid1.c
`-- drivers/md/raid10.c
`-- drivers/md/raid5-cache.c
`-- drivers/md/raid5.c
`-- fs/btrfs/check-integrity.c
`-- fs/jbd2/journal.c
`-- fs/xfs/xfs_buf.c
`-- include/linux/blk_types.h
`-- include/linux/fs.h
`-- include/trace/events/f2fs.h
`-- kernel/trace/blktrace.c
[33mcompile base commit... [0m[33mok (66s)
[0m[33mapply [0m[33m28a8f0d317bf... [0m[33mok (66s)
[0m[33mcompile target commit... [0m[33mok (127s)
[0mPREPARE:
[33mcollect AST for functions: blk_flush_plug_list@block_blk-core.c,log_writes_map@drivers_md_dm-log-writes.c,dm_accept_partial_bio@drivers_md_dm.c,era_map@drivers_md_dm-era-target.c,raid5_make_request@drivers_md_raid5.c,raid1_make_request@drivers_md_raid1.c,snapshot_map@drivers_md_dm-snap.c,blk_queue_bio@block_blk-core.c,blk_insert_flush@block_blk-flush.c,stripe_map@drivers_md_dm-stripe.c,_drbd_md_sync_page_io@drivers_block_drbd_drbd_actlog.c,btrfsic_bh_end_io@fs_btrfs_check-integrity.c,__blk_add_trace@kernel_trace_blktrace.c,snapshot_merge_map@drivers_md_dm-snap.c,drbd_process_write_request@drivers_block_drbd_drbd_req.c,dm_rh_inc_pending@drivers_md_dm-region-hash.c,__split_and_process_bio@drivers_md_dm.c,linear_make_request@drivers_md_linear.c,jbd2_write_superblock@fs_jbd2_journal.c,btrfsic_submit_bh@fs_btrfs_check-integrity.c,md_submit_flush_data@drivers_md_md.c,mirror_end_io@drivers_md_dm-raid1.c,bch_data_insert_start@drivers_md_bcache_request.c,process_deferred_bios@drivers_md_dm-cache-target.c,multipath_make_request@drivers_md_multipath.c,blk_fill_rwbs@kernel_trace_blktrace.c,blk_mq_make_request@block_blk-mq.c,_xfs_buf_ioapply@fs_xfs_xfs_buf.c,r5l_handle_flush_request@drivers_md_raid5-cache.c,raid10_make_request@drivers_md_raid10.c,origin_map@drivers_md_dm-snap.c,__remap_and_issue_shared_cell@drivers_md_dm-thin.c,dispatch_io@drivers_md_dm-io.c,discard_or_flush@drivers_md_dm-cache-target.c,bio_triggers_commit@drivers_md_dm-thin.c,generic_make_request_checks@block_blk-core.c,__btrfsic_submit_bio@fs_btrfs_check-integrity.c,bio_flags_to_wire@drivers_block_drbd_drbd_main.c,blk_flush_policy@block_blk-flush.c,search_alloc@drivers_md_bcache_request.c,__inc_remap_and_issue_cell@drivers_md_dm-thin.c,blk_insert_cloned_request@block_blk-core.c,process_flush_bio@drivers_md_dm-cache-target.c,__drbd_change_sync@drivers_block_drbd_drbd_actlog.c,check_if_tick_bio_needed@drivers_md_dm-cache-target.c,journal_write_unlocked@drivers_md_bcache_journal.c,btrfsic_bio_end_io@fs_btrfs_check-integrity.c,crypt_map@drivers_md_dm-crypt.c,thin_bio_map@drivers_md_dm-thin.c,do_writes@drivers_md_dm-raid1.c,wire_flags_to_bio_flags@drivers_block_drbd_drbd_receiver.c,blk_rq_should_init_elevator@block_blk-core.c,dec_pending@drivers_md_dm.c,raid0_make_request@drivers_md_raid0.c,blk_sq_make_request@block_blk-mq.c,dm_rh_mark_nosync@drivers_md_dm-region-hash.c,cached_dev_write@drivers_md_bcache_request.c,bio_triggers_commit@drivers_md_dm-cache-target.c
[0m[33mTransforming and linking bitcode files...
[0m[33m11s
[0mANALYZE:
COCCIGEN:
//# pattern-1, witnesses: 56
@@
@@
- REQ_FLUSH
+ REQ_PREFLUSH
