BUILD:
[33mbase commit: 2c935bc57221^1
[0m[33mtarget commit: 2c935bc57221
[0m[33mchecking out base commit... [0m[33mok (1s)
[0m[33mformatting diff... [0m[33mok (1s)
[0m56 source file(s) touched in the old version
`-- drivers/block/drbd/drbd_req.c
`-- drivers/block/rbd.c
`-- drivers/block/virtio_blk.c
`-- drivers/gpu/drm/drm_gem_cma_helper.c
`-- drivers/gpu/drm/drm_info.c
`-- drivers/gpu/drm/drm_mode_object.c
`-- drivers/gpu/drm/etnaviv/etnaviv_gem.c
`-- drivers/gpu/drm/i915/i915_gem_object.h
`-- drivers/gpu/drm/msm/msm_gem.c
`-- drivers/gpu/drm/nouveau/nouveau_fence.c
`-- drivers/gpu/drm/omapdrm/omap_gem.c
`-- drivers/gpu/drm/ttm/ttm_bo.c
`-- drivers/gpu/drm/ttm/ttm_object.c
`-- drivers/infiniband/hw/cxgb3/iwch_cm.h
`-- drivers/infiniband/hw/cxgb3/iwch_qp.c
`-- drivers/infiniband/hw/cxgb4/iw_cxgb4.h
`-- drivers/infiniband/hw/cxgb4/qp.c
`-- drivers/infiniband/hw/usnic/usnic_ib_sysfs.c
`-- drivers/infiniband/hw/usnic/usnic_ib_verbs.c
`-- drivers/misc/genwqe/card_dev.c
`-- drivers/misc/mei/debugfs.c
`-- drivers/pci/hotplug/pnv_php.c
`-- drivers/pci/slot.c
`-- drivers/scsi/bnx2fc/bnx2fc_io.c
`-- drivers/scsi/cxgbi/libcxgbi.h
`-- drivers/scsi/lpfc/lpfc_debugfs.c
`-- drivers/scsi/lpfc/lpfc_els.c
`-- drivers/scsi/lpfc/lpfc_hbadisc.c
`-- drivers/scsi/lpfc/lpfc_init.c
`-- drivers/scsi/qla2xxx/tcm_qla2xxx.c
`-- drivers/staging/android/ion/ion.c
`-- drivers/staging/comedi/comedi_buf.c
`-- drivers/target/target_core_pr.c
`-- drivers/target/tcm_fc/tfc_sess.c
`-- drivers/usb/gadget/function/f_fs.c
`-- fs/exofs/sys.c
`-- fs/ocfs2/cluster/netdebug.c
`-- fs/ocfs2/cluster/tcp.c
`-- fs/ocfs2/dlm/dlmdebug.c
`-- fs/ocfs2/dlm/dlmdomain.c
`-- fs/ocfs2/dlm/dlmmaster.c
`-- fs/ocfs2/dlm/dlmunlock.c
`-- include/drm/drm_framebuffer.h
`-- include/drm/ttm/ttm_bo_driver.h
`-- include/linux/kref.h
`-- include/linux/sunrpc/cache.h
`-- include/net/bluetooth/hci_core.h
`-- net/bluetooth/6lowpan.c
`-- net/bluetooth/a2mp.c
`-- net/bluetooth/amp.c
`-- net/bluetooth/l2cap_core.c
`-- net/ceph/messenger.c
`-- net/ceph/osd_client.c
`-- net/sunrpc/cache.c
`-- net/sunrpc/svc_xprt.c
`-- net/sunrpc/xprtrdma/svc_rdma_transport.c
56 source file(s) touched in the new version
`-- drivers/block/drbd/drbd_req.c
`-- drivers/block/rbd.c
`-- drivers/block/virtio_blk.c
`-- drivers/gpu/drm/drm_gem_cma_helper.c
`-- drivers/gpu/drm/drm_info.c
`-- drivers/gpu/drm/drm_mode_object.c
`-- drivers/gpu/drm/etnaviv/etnaviv_gem.c
`-- drivers/gpu/drm/i915/i915_gem_object.h
`-- drivers/gpu/drm/msm/msm_gem.c
`-- drivers/gpu/drm/nouveau/nouveau_fence.c
`-- drivers/gpu/drm/omapdrm/omap_gem.c
`-- drivers/gpu/drm/ttm/ttm_bo.c
`-- drivers/gpu/drm/ttm/ttm_object.c
`-- drivers/infiniband/hw/cxgb3/iwch_cm.h
`-- drivers/infiniband/hw/cxgb3/iwch_qp.c
`-- drivers/infiniband/hw/cxgb4/iw_cxgb4.h
`-- drivers/infiniband/hw/cxgb4/qp.c
`-- drivers/infiniband/hw/usnic/usnic_ib_sysfs.c
`-- drivers/infiniband/hw/usnic/usnic_ib_verbs.c
`-- drivers/misc/genwqe/card_dev.c
`-- drivers/misc/mei/debugfs.c
`-- drivers/pci/hotplug/pnv_php.c
`-- drivers/pci/slot.c
`-- drivers/scsi/bnx2fc/bnx2fc_io.c
`-- drivers/scsi/cxgbi/libcxgbi.h
`-- drivers/scsi/lpfc/lpfc_debugfs.c
`-- drivers/scsi/lpfc/lpfc_els.c
`-- drivers/scsi/lpfc/lpfc_hbadisc.c
`-- drivers/scsi/lpfc/lpfc_init.c
`-- drivers/scsi/qla2xxx/tcm_qla2xxx.c
`-- drivers/staging/android/ion/ion.c
`-- drivers/staging/comedi/comedi_buf.c
`-- drivers/target/target_core_pr.c
`-- drivers/target/tcm_fc/tfc_sess.c
`-- drivers/usb/gadget/function/f_fs.c
`-- fs/exofs/sys.c
`-- fs/ocfs2/cluster/netdebug.c
`-- fs/ocfs2/cluster/tcp.c
`-- fs/ocfs2/dlm/dlmdebug.c
`-- fs/ocfs2/dlm/dlmdomain.c
`-- fs/ocfs2/dlm/dlmmaster.c
`-- fs/ocfs2/dlm/dlmunlock.c
`-- include/drm/drm_framebuffer.h
`-- include/drm/ttm/ttm_bo_driver.h
`-- include/linux/kref.h
`-- include/linux/sunrpc/cache.h
`-- include/net/bluetooth/hci_core.h
`-- net/bluetooth/6lowpan.c
`-- net/bluetooth/a2mp.c
`-- net/bluetooth/amp.c
`-- net/bluetooth/l2cap_core.c
`-- net/ceph/messenger.c
`-- net/ceph/osd_client.c
`-- net/sunrpc/cache.c
`-- net/sunrpc/svc_xprt.c
`-- net/sunrpc/xprtrdma/svc_rdma_transport.c
[33mcompile base commit... [0m[33mok (88s)
[0m[33mapply [0m[33m2c935bc57221... [0m[33mok (88s)
[0m[33mcompile target commit... [0m[33mok (167s)
[0mPREPARE:
[33mcollect AST for functions: dump_lock@fs_ocfs2_dlm_dlmdebug.c,amp_mgr_get@net_bluetooth_a2mp.c,rbd_img_request_get@drivers_block_rbd.c,rbd_img_request_put@drivers_block_rbd.c,ffs_closed@drivers_usb_gadget_function_f_fs.c,dlm_alloc_ctxt@fs_ocfs2_dlm_dlmdomain.c,lpfc_mbx_cmpl_fdmi_reg_login@drivers_scsi_lpfc_lpfc_hbadisc.c,drm_framebuffer_read_refcount@include_drm_drm_framebuffer.h,lpfc_nlp_remove@drivers_scsi_lpfc_lpfc_hbadisc.c,ttm_ref_object_exists@drivers_gpu_drm_ttm_ttm_object.c,ttm_bo_reserve_slowpath@include_drm_ttm_ttm_bo_driver.h,lpfc_debugfs_nodelist_data@drivers_scsi_lpfc_lpfc_debugfs.c,msm_gem_describe@drivers_gpu_drm_msm_msm_gem.c,pci_destroy_slot@drivers_pci_slot.c,pnv_php_detach_device_nodes@drivers_pci_hotplug_pnv_php.c,drm_mode_object_unreference@drivers_gpu_drm_drm_mode_object.c,hci_dev_put@include_net_bluetooth_hci_core.h,lpfc_nlp_release@drivers_scsi_lpfc_lpfc_hbadisc.c,core_scsi3_decode_spec_i_port@drivers_target_target_core_pr.c,ttm_bo_reserve@include_drm_ttm_ttm_bo_driver.h,core_scsi3_emulate_pro_register_and_move@drivers_target_target_core_pr.c,debug_state_print@fs_ocfs2_dlm_dlmdebug.c,dlmunlock_common@fs_ocfs2_dlm_dlmunlock.c,bnx2fc_eh_abort@drivers_scsi_bnx2fc_bnx2fc_io.c,ttm_bo_release_list@drivers_gpu_drm_ttm_ttm_bo.c,chan_close_cb@net_bluetooth_6lowpan.c,core_scsi3_lunacl_undepend_item@drivers_target_target_core_pr.c,__core_scsi3_alloc_registration@drivers_target_target_core_pr.c,__dlm_print_lock@fs_ocfs2_dlm_dlmdebug.c,dump_mle@fs_ocfs2_dlm_dlmdebug.c,drm_gem_one_name_info@drivers_gpu_drm_drm_info.c,usnic_ib_show_max_vf@drivers_infiniband_hw_usnic_usnic_ib_sysfs.c,dlm_wait_for_lock_mastery@fs_ocfs2_dlm_dlmmaster.c,dump_lockres@fs_ocfs2_dlm_dlmdebug.c,nouveau_fence_no_signaling@drivers_gpu_drm_nouveau_nouveau_fence.c,etnaviv_gem_describe@drivers_gpu_drm_etnaviv_etnaviv_gem.c,dlm_assert_master_handler@fs_ocfs2_dlm_dlmmaster.c,lpfc_nlp_get@drivers_scsi_lpfc_lpfc_hbadisc.c,lpfc_mbx_cmpl_reg_login@drivers_scsi_lpfc_lpfc_hbadisc.c,core_scsi3_lunacl_depend_item@drivers_target_target_core_pr.c,bnx2fc_process_abts_compl@drivers_scsi_bnx2fc_bnx2fc_io.c,tcm_qla2xxx_write_pending@drivers_scsi_qla2xxx_tcm_qla2xxx.c,bnx2fc_cmd_timeout@drivers_scsi_bnx2fc_bnx2fc_io.c,__dlm_print_one_lock_resource@fs_ocfs2_dlm_dlmdebug.c,lpfc_mbx_cmpl_dflt_rpi@drivers_scsi_lpfc_lpfc_els.c,drm_mode_object_reference@drivers_gpu_drm_drm_mode_object.c,drm_gem_cma_describe@drivers_gpu_drm_drm_gem_cma_helper.c,lpfc_nlp_init@drivers_scsi_lpfc_lpfc_hbadisc.c,rbd_obj_request_put@drivers_block_rbd.c,amp_mgr_put@net_bluetooth_a2mp.c,lpfc_nlp_not_used@drivers_scsi_lpfc_lpfc_hbadisc.c,rbd_obj_request_get@drivers_block_rbd.c,lpfc_nlp_put@drivers_scsi_lpfc_lpfc_hbadisc.c,c4iw_modify_qp@drivers_infiniband_hw_cxgb4_qp.c,ion_debug_heap_show@drivers_staging_android_ion_ion.c,lpfc_cleanup_node@drivers_scsi_lpfc_lpfc_hbadisc.c,mod_rq_state@drivers_block_drbd_drbd_req.c,__dlm_put_mle@fs_ocfs2_dlm_dlmmaster.c,usnic_ib_query_device@drivers_infiniband_hw_usnic_usnic_ib_verbs.c,bnx2fc_process_cleanup_compl@drivers_scsi_bnx2fc_bnx2fc_io.c,lpfc_unreg_rpi@drivers_scsi_lpfc_lpfc_hbadisc.c,exofs_sysfs_dbg_print@fs_exofs_sys.c,comedi_buf_is_mmapped@drivers_staging_comedi_comedi_buf.c,mei_dbgfs_read_meclients@drivers_misc_mei_debugfs.c,iwch_modify_qp@drivers_infiniband_hw_cxgb3_iwch_qp.c,sc_show_sock_container@fs_ocfs2_cluster_netdebug.c,virtblk_remove@drivers_block_virtio_blk.c,lpfc_mbx_cmpl_ns_reg_login@drivers_scsi_lpfc_lpfc_hbadisc.c,ft_sess_put@drivers_target_tcm_fc_tfc_sess.c,hci_dev_hold@include_net_bluetooth_hci_core.h,genwqe_device_remove@drivers_misc_genwqe_card_dev.c,tcm_qla2xxx_queue_data_in@drivers_scsi_qla2xxx_tcm_qla2xxx.c,lpfc_enable_node@drivers_scsi_lpfc_lpfc_hbadisc.c,omap_gem_describe@drivers_gpu_drm_omapdrm_omap_gem.c,lpfc_cleanup@drivers_scsi_lpfc_lpfc_init.c,usnic_ib_show_config@drivers_infiniband_hw_usnic_usnic_ib_sysfs.c
[0m[33mTransforming and linking bitcode files...
[0m[33m15s
[0mANALYZE:
COCCIGEN:
//# pattern-1, witnesses: 70
@@
expression ME0;
@@
- atomic_read(&ME0.refcount)
+ kref_read(&ME0)
//# pattern-2, witnesses: 9
@@
expression ME0;
@@
- ME0.refcount.counter
+ kref_read(&ME0)
