BUILD:
[33mbase commit: 328e0f125bf4^1
[0m[33mtarget commit: 328e0f125bf4
[0m[33mchecking out base commit... [0m[33mok (5s)
[0m[33mformatting diff... [0m[33mok (5s)
[0m4 source file(s) touched in the old version
`-- drivers/block/drbd/drbd_int.h
`-- drivers/block/drbd/drbd_nl.c
`-- drivers/block/drbd/drbd_worker.c
`-- include/linux/drbd.h
4 source file(s) touched in the new version
`-- drivers/block/drbd/drbd_int.h
`-- drivers/block/drbd/drbd_nl.c
`-- drivers/block/drbd/drbd_worker.c
`-- include/linux/drbd.h
[33mcompile base commit... [0m[33mok (9s)
[0m[33mapply [0m[33m328e0f125bf4... [0m[33mok (9s)
[0m[33mcompile target commit... [0m[33mok (11s)
[0mPREPARE:
[33m0s
[0mANALYZE:
COCCIGEN:
