BUILD:
[33mbase commit: 380207d08e7c^1
[0m[33mtarget commit: 380207d08e7c
[0m[33mchecking out base commit... [0m[33mok (1s)
[0m[33mformatting diff... [0m[33mok (1s)
[0m6 source file(s) touched in the old version
`-- drivers/block/drbd/drbd_int.h
`-- drivers/block/drbd/drbd_receiver.c
`-- drivers/block/drbd/drbd_req.c
`-- include/linux/drbd.h
`-- include/linux/drbd_genl.h
`-- include/linux/drbd_limits.h
6 source file(s) touched in the new version
`-- drivers/block/drbd/drbd_int.h
`-- drivers/block/drbd/drbd_receiver.c
`-- drivers/block/drbd/drbd_req.c
`-- include/linux/drbd.h
`-- include/linux/drbd_genl.h
`-- include/linux/drbd_limits.h
[33mcompile base commit... [0m[33mok (5s)
[0m[33mapply [0m[33m380207d08e7c... [0m[33mok (5s)
[0m[33mcompile target commit... [0m[33mok (6s)
[0mPREPARE:
[33m0s
[0mANALYZE:
COCCIGEN:
