BUILD:
[33mbase commit: 38bf1953987c^1
[0m[33mtarget commit: 38bf1953987c
[0m[33mchecking out base commit... [0m[33mok (4s)
[0m[33mformatting diff... [0m[33mok (4s)
[0m3 source file(s) touched in the old version
`-- drivers/block/drbd/drbd_nl.c
`-- drivers/md/dm-log-userspace-transfer.c
`-- drivers/video/uvesafb.c
3 source file(s) touched in the new version
`-- drivers/block/drbd/drbd_nl.c
`-- drivers/md/dm-log-userspace-transfer.c
`-- drivers/video/uvesafb.c
[33mcompile base commit... [0m[33mok (9s)
[0m[33mapply [0m[33m38bf1953987c... [0m[33mok (9s)
[0m[33mcompile target commit... [0m[33mok (11s)
[0mPREPARE:
[33m0s
[0mANALYZE:
COCCIGEN:
