BUILD:
[33mbase commit: 4452226ea276^1
[0m[33mtarget commit: 4452226ea276
[0m[33mchecking out base commit... [0m[33mok (0s)
[0m[33mformatting diff... [0m[33mok (1s)
[0m8 source file(s) touched in the old version
`-- block/blk-core.c
`-- drivers/block/drbd/drbd_main.c
`-- drivers/md/dm.c
`-- drivers/md/raid1.c
`-- drivers/md/raid10.c
`-- fs/fs-writeback.c
`-- include/linux/backing-dev.h
`-- mm/backing-dev.c
8 source file(s) touched in the new version
`-- block/blk-core.c
`-- drivers/block/drbd/drbd_main.c
`-- drivers/md/dm.c
`-- drivers/md/raid1.c
`-- drivers/md/raid10.c
`-- fs/fs-writeback.c
`-- include/linux/backing-dev.h
`-- mm/backing-dev.c
[33mcompile base commit... [0m[33mok (20s)
[0m[33mapply [0m[33m4452226ea276... [0m[33mok (20s)
[0m[33mcompile target commit... [0m[33mok (35s)
[0mPREPARE:
[33mcollect AST for functions: raid10_congested@drivers_md_raid10.c,bdi_writeback_workfn@fs_fs-writeback.c,bdi_wb_shutdown@mm_backing-dev.c,writeback_in_progress@fs_fs-writeback.c,bdi_rw_congested@include_linux_backing-dev.h,bdi_queue_work@fs_fs-writeback.c,dm_any_congested@drivers_md_dm.c,raid1_congested@drivers_md_raid1.c,bdi_wakeup_thread_delayed@mm_backing-dev.c,bdi_congested@include_linux_backing-dev.h,bdi_write_congested@include_linux_backing-dev.h,clear_bdi_congested@mm_backing-dev.c,bdi_debug_stats_show@mm_backing-dev.c,bdi_read_congested@include_linux_backing-dev.h,set_bdi_congested@mm_backing-dev.c,blk_alloc_queue_node@block_blk-core.c,bdi_wakeup_thread@fs_fs-writeback.c,__mark_inode_dirty@fs_fs-writeback.c,drbd_congested@drivers_block_drbd_drbd_main.c,wb_do_writeback@fs_fs-writeback.c,bdi_register@mm_backing-dev.c
[0m[33mTransforming and linking bitcode files...
[0m[33m4s
[0mANALYZE:
COCCIGEN:
//# pattern-2, witnesses: 9
@@
@@
- bdi->state
+ bdi->wb.state
//# pattern-8, witnesses: 7
@@
@@
- BDI_async_congested
+ WB_async_congested
//# pattern-7, witnesses: 5
@@
@@
- BDI_registered
+ WB_registered
//# pattern-4, witnesses: 3
@@
@@
- BDI_sync_congested
+ WB_sync_congested
//# pattern-5, witnesses: 3
@@
@@
- BDI_writeback_running
+ WB_writeback_running
//# pattern-3, witnesses: 2
@r0@
identifier fn;
@@
trace_writeback_pages_written(fn)
@@
identifier wb;
@@
 long wb_do_writeback(struct bdi_writeback * wb)
 {
     <...
- wb->bdi
+ wb
     ...>
 }
