BUILD:
[33mbase commit: 4550dd6c6b06^1
[0m[33mtarget commit: 4550dd6c6b06
[0m[33mchecking out base commit... [0m[33mok (3s)
[0m[33mformatting diff... [0m[33mok (4s)
[0m6 source file(s) touched in the old version
`-- drivers/block/drbd/drbd_main.c
`-- drivers/block/nbd.c
`-- fs/bio.c
`-- include/linux/bio.h
`-- include/linux/blk_types.h
`-- include/linux/blkdev.h
6 source file(s) touched in the new version
`-- drivers/block/drbd/drbd_main.c
`-- drivers/block/nbd.c
`-- fs/bio.c
`-- include/linux/bio.h
`-- include/linux/blk_types.h
`-- include/linux/blkdev.h
[33mcompile base commit... [0m[33mok (10s)
[0m[33mapply [0m[33m4550dd6c6b06... [0m[33mok (10s)
[0m[33mcompile target commit... [0m[33mok (13s)
[0mPREPARE:
[33m0s
[0mANALYZE:
COCCIGEN:
