BUILD:
[33mbase commit: 4738fa16907a^1
[0m[33mtarget commit: 4738fa16907a
[0m[33mchecking out base commit... [0m[33mok (0s)
[0m[33mformatting diff... [0m[33mok (0s)
[0m4 source file(s) touched in the old version
`-- drivers/block/drbd/drbd_bitmap.c
`-- drivers/block/drbd/drbd_main.c
`-- include/linux/lru_cache.h
`-- lib/lru_cache.c
4 source file(s) touched in the new version
`-- drivers/block/drbd/drbd_bitmap.c
`-- drivers/block/drbd/drbd_main.c
`-- include/linux/lru_cache.h
`-- lib/lru_cache.c
[33mcompile base commit... [0m[33mok (7s)
[0m[33mapply [0m[33m4738fa16907a... [0m[33mok (7s)
[0m[33mcompile target commit... [0m[33mok (8s)
[0mPREPARE:
[33m0s
[0mANALYZE:
COCCIGEN:
