BUILD:
[33mbase commit: 47e0fb461fca^1
[0m[33mtarget commit: 47e0fb461fca
[0m[33mchecking out base commit... [0m[33mok (1s)
[0m[33mformatting diff... [0m[33mok (1s)
[0m8 source file(s) touched in the old version
`-- block/bio.c
`-- block/blk-core.c
`-- drivers/block/drbd/drbd_main.c
`-- drivers/md/bcache/super.c
`-- drivers/md/dm-crypt.c
`-- drivers/md/dm-io.c
`-- drivers/md/dm.c
`-- include/linux/bio.h
8 source file(s) touched in the new version
`-- block/bio.c
`-- block/blk-core.c
`-- drivers/block/drbd/drbd_main.c
`-- drivers/md/bcache/super.c
`-- drivers/md/dm-crypt.c
`-- drivers/md/dm-io.c
`-- drivers/md/dm.c
`-- include/linux/bio.h
[33mcompile base commit... [0m[33mok (21s)
[0m[33mapply [0m[33m47e0fb461fca... [0m[33mok (21s)
[0m[33mcompile target commit... [0m[33mok (38s)
[0mPREPARE:
[33mcollect AST for functions: blk_alloc_queue_node@block_blk-core.c,dm_io_client_create@drivers_md_dm-io.c,crypt_ctr@drivers_md_dm-crypt.c,bcache_device_init@drivers_md_bcache_super.c,punt_bios_to_rescuer@block_bio.c,dm_alloc_md_mempools@drivers_md_dm.c,bch_cache_set_alloc@drivers_md_bcache_super.c,bio_alloc_bioset@block_bio.c,bioset_create@block_bio.c,flush_current_bio_list@drivers_md_dm.c,drbd_create_mempools@drivers_block_drbd_drbd_main.c
[0m[33mTransforming and linking bitcode files...
[0m[33m4s
[0mANALYZE:
COCCIGEN:
//# pattern-3, witnesses: 6
@@
@@
- BIOSET_NEED_BVECS
+ BIOSET_NEED_BVECS | BIOSET_NEED_RESCUER
