BUILD:
[33mbase commit: 48920ff2a5a9^1
[0m[33mtarget commit: 48920ff2a5a9
[0m[33mchecking out base commit... [0m[33mok (1s)
[0m[33mformatting diff... [0m[33mok (1s)
[0m21 source file(s) touched in the old version
`-- block/blk-lib.c
`-- block/blk-settings.c
`-- block/blk-sysfs.c
`-- block/compat_ioctl.c
`-- block/ioctl.c
`-- drivers/block/drbd/drbd_main.c
`-- drivers/block/drbd/drbd_nl.c
`-- drivers/block/loop.c
`-- drivers/block/mtip32xx/mtip32xx.c
`-- drivers/block/nbd.c
`-- drivers/md/dm-cache-target.c
`-- drivers/md/dm-crypt.c
`-- drivers/md/dm-raid.c
`-- drivers/md/dm-raid1.c
`-- drivers/md/dm-table.c
`-- drivers/md/dm-thin.c
`-- drivers/md/raid5.c
`-- drivers/scsi/sd.c
`-- drivers/target/target_core_device.c
`-- include/linux/blkdev.h
`-- include/linux/device-mapper.h
21 source file(s) touched in the new version
`-- block/blk-lib.c
`-- block/blk-settings.c
`-- block/blk-sysfs.c
`-- block/compat_ioctl.c
`-- block/ioctl.c
`-- drivers/block/drbd/drbd_main.c
`-- drivers/block/drbd/drbd_nl.c
`-- drivers/block/loop.c
`-- drivers/block/mtip32xx/mtip32xx.c
`-- drivers/block/nbd.c
`-- drivers/md/dm-cache-target.c
`-- drivers/md/dm-crypt.c
`-- drivers/md/dm-raid.c
`-- drivers/md/dm-raid1.c
`-- drivers/md/dm-table.c
`-- drivers/md/dm-thin.c
`-- drivers/md/raid5.c
`-- drivers/scsi/sd.c
`-- drivers/target/target_core_device.c
`-- include/linux/blkdev.h
`-- include/linux/device-mapper.h
[33mcompile base commit... [0m[33mok (46s)
[0m[33mapply [0m[33m48920ff2a5a9... [0m[33mok (46s)
[0m[33mcompile target commit... [0m[33mok (87s)
[0mPREPARE:
[33mcollect AST for functions: sanitize_disk_conf@drivers_block_drbd_drbd_nl.c,sd_config_discard@drivers_scsi_sd.c,mtip_block_initialize@drivers_block_mtip32xx_mtip32xx.c,target_configure_unmap_from_queue@drivers_target_target_core_device.c,__blkdev_issue_discard@block_blk-lib.c,cache_create@drivers_md_dm-cache-target.c,crypt_ctr@drivers_md_dm-crypt.c,configure_discard_support@drivers_md_dm-raid.c,decide_on_discard_support@drivers_block_drbd_drbd_nl.c,loop_config_discard@drivers_block_loop.c,blk_set_stacking_limits@block_blk-settings.c,thin_ctr@drivers_md_dm-thin.c,mirror_ctr@drivers_md_dm-raid1.c,blk_stack_limits@block_blk-settings.c,queue_discard_zeroes_data_show@block_blk-sysfs.c,dm_table_set_restrictions@drivers_md_dm-table.c,blk_set_default_limits@block_blk-settings.c,pool_ctr@drivers_md_dm-thin.c,raid5_run@drivers_md_raid5.c,compat_blkdev_ioctl@block_compat_ioctl.c,blkdev_ioctl@block_ioctl.c,blkdev_issue_discard@block_blk-lib.c,assign_p_sizes_qlim@drivers_block_drbd_drbd_main.c,nbd_dev_add@drivers_block_nbd.c
[0m[33mTransforming and linking bitcode files...
[0m[33m9s
[0mANALYZE:
COCCIGEN:
//# pattern-1, witnesses: 13
@@
expression E0;
expression E1;
@@
- E0->discard_zeroes_data = E1;
//# pattern-5, witnesses: 5
@@
@@
- ti->discard_zeroes_data_unsupported = true;
//# pattern-6, witnesses: 2
@@
@@
- bdev_discard_zeroes_data(bdev)
+ 0
