BUILD:
[33mbase commit: 4f024f3797c4^1
[0m[33mtarget commit: 4f024f3797c4
[0m[33mchecking out base commit... [0m[33mok (0s)
[0m[33mformatting diff... [0m[33mok (1s)
[0m106 source file(s) touched in the old version
`-- arch/m68k/emu/nfblock.c
`-- arch/powerpc/sysdev/axonram.c
`-- block/blk-core.c
`-- block/blk-flush.c
`-- block/blk-lib.c
`-- block/blk-map.c
`-- block/blk-merge.c
`-- block/blk-mq.c
`-- block/blk-throttle.c
`-- block/elevator.c
`-- drivers/block/aoe/aoecmd.c
`-- drivers/block/brd.c
`-- drivers/block/drbd/drbd_actlog.c
`-- drivers/block/drbd/drbd_bitmap.c
`-- drivers/block/drbd/drbd_receiver.c
`-- drivers/block/drbd/drbd_req.c
`-- drivers/block/drbd/drbd_req.h
`-- drivers/block/floppy.c
`-- drivers/block/loop.c
`-- drivers/block/mtip32xx/mtip32xx.c
`-- drivers/block/nvme-core.c
`-- drivers/block/pktcdvd.c
`-- drivers/block/ps3disk.c
`-- drivers/block/ps3vram.c
`-- drivers/block/rbd.c
`-- drivers/block/rsxx/dev.c
`-- drivers/block/rsxx/dma.c
`-- drivers/block/umem.c
`-- drivers/block/xen-blkback/blkback.c
`-- drivers/block/xen-blkfront.c
`-- drivers/md/bcache/btree.c
`-- drivers/md/bcache/debug.c
`-- drivers/md/bcache/io.c
`-- drivers/md/bcache/journal.c
`-- drivers/md/bcache/movinggc.c
`-- drivers/md/bcache/request.c
`-- drivers/md/bcache/super.c
`-- drivers/md/bcache/util.c
`-- drivers/md/bcache/writeback.c
`-- drivers/md/bcache/writeback.h
`-- drivers/md/dm-bio-record.h
`-- drivers/md/dm-bufio.c
`-- drivers/md/dm-cache-policy-mq.c
`-- drivers/md/dm-cache-target.c
`-- drivers/md/dm-crypt.c
`-- drivers/md/dm-delay.c
`-- drivers/md/dm-flakey.c
`-- drivers/md/dm-io.c
`-- drivers/md/dm-linear.c
`-- drivers/md/dm-raid1.c
`-- drivers/md/dm-region-hash.c
`-- drivers/md/dm-snap.c
`-- drivers/md/dm-stripe.c
`-- drivers/md/dm-switch.c
`-- drivers/md/dm-thin.c
`-- drivers/md/dm-verity.c
`-- drivers/md/dm.c
`-- drivers/md/faulty.c
`-- drivers/md/linear.c
`-- drivers/md/md.c
`-- drivers/md/multipath.c
`-- drivers/md/raid0.c
`-- drivers/md/raid1.c
`-- drivers/md/raid10.c
`-- drivers/md/raid5.c
`-- drivers/s390/block/dcssblk.c
`-- drivers/s390/block/xpram.c
`-- drivers/scsi/osd/osd_initiator.c
`-- drivers/staging/lustre/lustre/llite/lloop.c
`-- drivers/staging/zram/zram_drv.c
`-- drivers/target/target_core_iblock.c
`-- fs/bio-integrity.c
`-- fs/bio.c
`-- fs/btrfs/check-integrity.c
`-- fs/btrfs/compression.c
`-- fs/btrfs/extent_io.c
`-- fs/btrfs/file-item.c
`-- fs/btrfs/inode.c
`-- fs/btrfs/raid56.c
`-- fs/btrfs/scrub.c
`-- fs/btrfs/volumes.c
`-- fs/buffer.c
`-- fs/direct-io.c
`-- fs/ext4/page-io.c
`-- fs/f2fs/data.c
`-- fs/f2fs/segment.c
`-- fs/gfs2/lops.c
`-- fs/gfs2/ops_fstype.c
`-- fs/hfsplus/wrapper.c
`-- fs/jfs/jfs_logmgr.c
`-- fs/jfs/jfs_metapage.c
`-- fs/logfs/dev_bdev.c
`-- fs/mpage.c
`-- fs/nfs/blocklayout/blocklayout.c
`-- fs/nilfs2/segbuf.c
`-- fs/ocfs2/cluster/heartbeat.c
`-- fs/xfs/xfs_aops.c
`-- fs/xfs/xfs_buf.c
`-- include/linux/bio.h
`-- include/linux/blk_types.h
`-- include/trace/events/bcache.h
`-- include/trace/events/block.h
`-- include/trace/events/f2fs.h
`-- kernel/power/block_io.c
`-- kernel/trace/blktrace.c
`-- mm/page_io.c
106 source file(s) touched in the new version
`-- arch/m68k/emu/nfblock.c
`-- arch/powerpc/sysdev/axonram.c
`-- block/blk-core.c
`-- block/blk-flush.c
`-- block/blk-lib.c
`-- block/blk-map.c
`-- block/blk-merge.c
`-- block/blk-mq.c
`-- block/blk-throttle.c
`-- block/elevator.c
`-- drivers/block/aoe/aoecmd.c
`-- drivers/block/brd.c
`-- drivers/block/drbd/drbd_actlog.c
`-- drivers/block/drbd/drbd_bitmap.c
`-- drivers/block/drbd/drbd_receiver.c
`-- drivers/block/drbd/drbd_req.c
`-- drivers/block/drbd/drbd_req.h
`-- drivers/block/floppy.c
`-- drivers/block/loop.c
`-- drivers/block/mtip32xx/mtip32xx.c
`-- drivers/block/nvme-core.c
`-- drivers/block/pktcdvd.c
`-- drivers/block/ps3disk.c
`-- drivers/block/ps3vram.c
`-- drivers/block/rbd.c
`-- drivers/block/rsxx/dev.c
`-- drivers/block/rsxx/dma.c
`-- drivers/block/umem.c
`-- drivers/block/xen-blkback/blkback.c
`-- drivers/block/xen-blkfront.c
`-- drivers/md/bcache/btree.c
`-- drivers/md/bcache/debug.c
`-- drivers/md/bcache/io.c
`-- drivers/md/bcache/journal.c
`-- drivers/md/bcache/movinggc.c
`-- drivers/md/bcache/request.c
`-- drivers/md/bcache/super.c
`-- drivers/md/bcache/util.c
`-- drivers/md/bcache/writeback.c
`-- drivers/md/bcache/writeback.h
`-- drivers/md/dm-bio-record.h
`-- drivers/md/dm-bufio.c
`-- drivers/md/dm-cache-policy-mq.c
`-- drivers/md/dm-cache-target.c
`-- drivers/md/dm-crypt.c
`-- drivers/md/dm-delay.c
`-- drivers/md/dm-flakey.c
`-- drivers/md/dm-io.c
`-- drivers/md/dm-linear.c
`-- drivers/md/dm-raid1.c
`-- drivers/md/dm-region-hash.c
`-- drivers/md/dm-snap.c
`-- drivers/md/dm-stripe.c
`-- drivers/md/dm-switch.c
`-- drivers/md/dm-thin.c
`-- drivers/md/dm-verity.c
`-- drivers/md/dm.c
`-- drivers/md/faulty.c
`-- drivers/md/linear.c
`-- drivers/md/md.c
`-- drivers/md/multipath.c
`-- drivers/md/raid0.c
`-- drivers/md/raid1.c
`-- drivers/md/raid10.c
`-- drivers/md/raid5.c
`-- drivers/s390/block/dcssblk.c
`-- drivers/s390/block/xpram.c
`-- drivers/scsi/osd/osd_initiator.c
`-- drivers/staging/lustre/lustre/llite/lloop.c
`-- drivers/staging/zram/zram_drv.c
`-- drivers/target/target_core_iblock.c
`-- fs/bio-integrity.c
`-- fs/bio.c
`-- fs/btrfs/check-integrity.c
`-- fs/btrfs/compression.c
`-- fs/btrfs/extent_io.c
`-- fs/btrfs/file-item.c
`-- fs/btrfs/inode.c
`-- fs/btrfs/raid56.c
`-- fs/btrfs/scrub.c
`-- fs/btrfs/volumes.c
`-- fs/buffer.c
`-- fs/direct-io.c
`-- fs/ext4/page-io.c
`-- fs/f2fs/data.c
`-- fs/f2fs/segment.c
`-- fs/gfs2/lops.c
`-- fs/gfs2/ops_fstype.c
`-- fs/hfsplus/wrapper.c
`-- fs/jfs/jfs_logmgr.c
`-- fs/jfs/jfs_metapage.c
`-- fs/logfs/dev_bdev.c
`-- fs/mpage.c
`-- fs/nfs/blocklayout/blocklayout.c
`-- fs/nilfs2/segbuf.c
`-- fs/ocfs2/cluster/heartbeat.c
`-- fs/xfs/xfs_aops.c
`-- fs/xfs/xfs_buf.c
`-- include/linux/bio.h
`-- include/linux/blk_types.h
`-- include/trace/events/bcache.h
`-- include/trace/events/block.h
`-- include/trace/events/f2fs.h
`-- kernel/power/block_io.c
`-- kernel/trace/blktrace.c
`-- mm/page_io.c
[33mcompile base commit... [0m[33mok (6s)
[0m[33mapply [0m[33m4f024f3797c4... [0m[33mok (6s)
[0m[33mcompile target commit... [0m[33mok (8s)
[0mPREPARE:
[33m0s
[0mANALYZE:
COCCIGEN:
