BUILD:
[33mbase commit: 563e4cf25ec8^1
[0m[33mtarget commit: 563e4cf25ec8
[0m[33mchecking out base commit... [0m[33mok (1s)
[0m[33mformatting diff... [0m[33mok (1s)
[0m3 source file(s) touched in the old version
`-- drivers/block/drbd/drbd_nl.c
`-- include/linux/drbd_genl.h
`-- include/linux/genl_magic_struct.h
3 source file(s) touched in the new version
`-- drivers/block/drbd/drbd_nl.c
`-- include/linux/drbd_genl.h
`-- include/linux/genl_magic_struct.h
[33mcompile base commit... [0m[33mok (5s)
[0m[33mapply [0m[33m563e4cf25ec8... [0m[33mok (5s)
[0m[33mcompile target commit... [0m[33mok (6s)
[0mPREPARE:
[33m0s
[0mANALYZE:
COCCIGEN:
