BUILD:
[33mbase commit: 5a7bbad27a41^1
[0m[33mtarget commit: 5a7bbad27a41
[0m[33mchecking out base commit... [0m[33mok (1s)
[0m[33mformatting diff... [0m[33mok (1s)
[0m25 source file(s) touched in the old version
`-- arch/m68k/emu/nfblock.c
`-- arch/powerpc/sysdev/axonram.c
`-- block/blk-core.c
`-- drivers/block/aoe/aoeblk.c
`-- drivers/block/brd.c
`-- drivers/block/drbd/drbd_int.h
`-- drivers/block/drbd/drbd_req.c
`-- drivers/block/loop.c
`-- drivers/block/pktcdvd.c
`-- drivers/block/ps3vram.c
`-- drivers/block/umem.c
`-- drivers/md/dm.c
`-- drivers/md/faulty.c
`-- drivers/md/linear.c
`-- drivers/md/md.c
`-- drivers/md/md.h
`-- drivers/md/multipath.c
`-- drivers/md/raid0.c
`-- drivers/md/raid1.c
`-- drivers/md/raid10.c
`-- drivers/md/raid5.c
`-- drivers/s390/block/dcssblk.c
`-- drivers/s390/block/xpram.c
`-- drivers/staging/zram/zram_drv.c
`-- include/linux/blkdev.h
25 source file(s) touched in the new version
`-- arch/m68k/emu/nfblock.c
`-- arch/powerpc/sysdev/axonram.c
`-- block/blk-core.c
`-- drivers/block/aoe/aoeblk.c
`-- drivers/block/brd.c
`-- drivers/block/drbd/drbd_int.h
`-- drivers/block/drbd/drbd_req.c
`-- drivers/block/loop.c
`-- drivers/block/pktcdvd.c
`-- drivers/block/ps3vram.c
`-- drivers/block/umem.c
`-- drivers/md/dm.c
`-- drivers/md/faulty.c
`-- drivers/md/linear.c
`-- drivers/md/md.c
`-- drivers/md/md.h
`-- drivers/md/multipath.c
`-- drivers/md/raid0.c
`-- drivers/md/raid1.c
`-- drivers/md/raid10.c
`-- drivers/md/raid5.c
`-- drivers/s390/block/dcssblk.c
`-- drivers/s390/block/xpram.c
`-- drivers/staging/zram/zram_drv.c
`-- include/linux/blkdev.h
[33mcompile base commit... [0m[33mok (5s)
[0m[33mapply [0m[33m5a7bbad27a41... [0m[33mok (5s)
[0m[33mcompile target commit... [0m[33mok (7s)
[0mPREPARE:
[33m0s
[0mANALYZE:
COCCIGEN:
