BUILD:
[33mbase commit: 5d0b17f1a29e^1
[0m[33mtarget commit: 5d0b17f1a29e
[0m[33mchecking out base commit... [0m[33mok (0s)
[0m[33mformatting diff... [0m[33mok (0s)
[0m3 source file(s) touched in the old version
`-- drivers/block/drbd/drbd_receiver.c
`-- include/linux/drbd_genl.h
`-- include/linux/drbd_limits.h
3 source file(s) touched in the new version
`-- drivers/block/drbd/drbd_receiver.c
`-- include/linux/drbd_genl.h
`-- include/linux/drbd_limits.h
[33mcompile base commit... [0m[33mok (5s)
[0m[33mapply [0m[33m5d0b17f1a29e... [0m[33mok (5s)
[0m[33mcompile target commit... [0m[33mok (8s)
[0mPREPARE:
[33m0s
[0mANALYZE:
COCCIGEN:
