BUILD:
[33mbase commit: 66114cad64bf^1
[0m[33mtarget commit: 66114cad64bf
[0m[33mchecking out base commit... [0m[33mok (1s)
[0m[33mformatting diff... [0m[33mok (1s)
[0m28 source file(s) touched in the old version
`-- block/blk-integrity.c
`-- block/blk-sysfs.c
`-- block/bounce.c
`-- block/genhd.c
`-- drivers/block/drbd/drbd_int.h
`-- drivers/block/pktcdvd.c
`-- drivers/char/raw.c
`-- drivers/md/bcache/request.c
`-- drivers/md/dm.h
`-- drivers/md/md.h
`-- drivers/mtd/devices/block2mtd.c
`-- fs/block_dev.c
`-- fs/ext4/extents.c
`-- fs/ext4/mballoc.c
`-- fs/ext4/super.c
`-- fs/f2fs/segment.h
`-- fs/fat/file.c
`-- fs/fat/inode.c
`-- fs/hfs/super.c
`-- fs/hfsplus/super.c
`-- fs/nfs/filelayout/filelayout.c
`-- fs/ocfs2/file.c
`-- fs/reiserfs/super.c
`-- fs/ufs/super.c
`-- fs/xfs/xfs_file.c
`-- include/linux/backing-dev.h
`-- include/linux/blkdev.h
`-- mm/madvise.c
29 source file(s) touched in the new version
`-- block/blk-integrity.c
`-- block/blk-sysfs.c
`-- block/bounce.c
`-- block/genhd.c
`-- drivers/block/drbd/drbd_int.h
`-- drivers/block/pktcdvd.c
`-- drivers/char/raw.c
`-- drivers/md/bcache/request.c
`-- drivers/md/dm.h
`-- drivers/md/md.h
`-- drivers/mtd/devices/block2mtd.c
`-- fs/block_dev.c
`-- fs/ext4/extents.c
`-- fs/ext4/mballoc.c
`-- fs/ext4/super.c
`-- fs/f2fs/segment.h
`-- fs/fat/file.c
`-- fs/fat/inode.c
`-- fs/hfs/super.c
`-- fs/hfsplus/super.c
`-- fs/nfs/filelayout/filelayout.c
`-- fs/ocfs2/file.c
`-- fs/reiserfs/super.c
`-- fs/ufs/super.c
`-- fs/xfs/xfs_file.c
`-- include/linux/backing-dev-defs.h
`-- include/linux/backing-dev.h
`-- include/linux/blkdev.h
`-- mm/madvise.c
[33mIgnore files that are created or deleted by the patch.
[0m[33mcompile base commit... [0m[33mok (19s)
[0m[33mapply [0m[33m66114cad64bf... [0m[33mok (19s)
[0m[33mcompile target commit... [0m[33mok (33s)
[0mPREPARE:
[33m1s
[0mANALYZE:
COCCIGEN:
@@
@@
 #include <linux/blkdev.h>
+#include <linux/backing-dev.h>
