BUILD:
[33mbase commit: 70246286e94c^1
[0m[33mtarget commit: 70246286e94c
[0m[33mchecking out base commit... [0m[33mok (3s)
[0m[33mformatting diff... [0m[33mok (3s)
[0m26 source file(s) touched in the old version
`-- drivers/block/brd.c
`-- drivers/block/drbd/drbd_req.c
`-- drivers/block/drbd/drbd_worker.c
`-- drivers/block/null_blk.c
`-- drivers/block/umem.c
`-- drivers/lightnvm/rrpc.c
`-- drivers/md/dm-raid1.c
`-- drivers/md/dm-snap.c
`-- drivers/md/dm-zero.c
`-- drivers/md/dm.c
`-- drivers/md/raid1.c
`-- drivers/md/raid5.c
`-- drivers/nvme/host/lightnvm.c
`-- drivers/staging/lustre/lustre/llite/lloop.c
`-- fs/buffer.c
`-- fs/f2fs/checkpoint.c
`-- fs/f2fs/gc.c
`-- fs/f2fs/node.c
`-- fs/gfs2/bmap.c
`-- fs/gfs2/dir.c
`-- fs/gfs2/meta_io.c
`-- fs/reiserfs/stree.c
`-- fs/udf/dir.c
`-- fs/udf/directory.c
`-- include/linux/fs.h
`-- include/trace/events/f2fs.h
26 source file(s) touched in the new version
`-- drivers/block/brd.c
`-- drivers/block/drbd/drbd_req.c
`-- drivers/block/drbd/drbd_worker.c
`-- drivers/block/null_blk.c
`-- drivers/block/umem.c
`-- drivers/lightnvm/rrpc.c
`-- drivers/md/dm-raid1.c
`-- drivers/md/dm-snap.c
`-- drivers/md/dm-zero.c
`-- drivers/md/dm.c
`-- drivers/md/raid1.c
`-- drivers/md/raid5.c
`-- drivers/nvme/host/lightnvm.c
`-- drivers/staging/lustre/lustre/llite/lloop.c
`-- fs/buffer.c
`-- fs/f2fs/checkpoint.c
`-- fs/f2fs/gc.c
`-- fs/f2fs/node.c
`-- fs/gfs2/bmap.c
`-- fs/gfs2/dir.c
`-- fs/gfs2/meta_io.c
`-- fs/reiserfs/stree.c
`-- fs/udf/dir.c
`-- fs/udf/directory.c
`-- include/linux/fs.h
`-- include/trace/events/f2fs.h
[33mcompile base commit... [0m[33mok (50s)
[0m[33mapply [0m[33m70246286e94c... [0m[33mok (50s)
[0m[33mcompile target commit... [0m[33mok (90s)
[0mPREPARE:
[33mcollect AST for functions: snapshot_map@drivers_md_dm-snap.c,nvme_nvm_submit_io@drivers_nvme_host_lightnvm.c,gc_data_segment@fs_f2fs_gc.c,drbd_send_and_submit@drivers_block_drbd_drbd_req.c,ra_node_page@fs_f2fs_node.c,gfs2_meta_ra@fs_gfs2_meta_io.c,gfs2_metapath_ra@fs_gfs2_bmap.c,read_callback@drivers_md_dm-raid1.c,snapshot_merge_map@drivers_md_dm-snap.c,search_by_key_reada@fs_reiserfs_stree.c,add_bio@drivers_block_umem.c,brd_make_request@drivers_block_brd.c,udf_readdir@fs_udf_dir.c,mirror_end_io@drivers_md_dm-raid1.c,raid5_make_request@drivers_md_raid5.c,origin_map@drivers_md_dm-snap.c,__req_mod@drivers_block_drbd_drbd_req.c,raid1_make_request@drivers_md_raid1.c,udf_fileident_read@fs_udf_directory.c,null_lnvm_submit_io@drivers_block_null_blk.c,rrpc_setup_rq@drivers_lightnvm_rrpc.c,gfs2_dir_readahead@fs_gfs2_dir.c,ra_meta_pages@fs_f2fs_checkpoint.c,drbd_request_endio@drivers_block_drbd_drbd_worker.c,zero_map@drivers_md_dm-zero.c,drbd_req_complete@drivers_block_drbd_drbd_req.c,__end_buffer_read_notouch@fs_buffer.c,__breadahead@fs_buffer.c,drbd_submit_req_private_bio@drivers_block_drbd_drbd_req.c,loop_make_request@drivers_staging_lustre_lustre_llite_lloop.c,dm_make_request@drivers_md_dm.c,mirror_map@drivers_md_dm-raid1.c
[0m[33mTransforming and linking bitcode files...
[0m[33m7s
[0mANALYZE:
COCCIGEN:
//# pattern-3, witnesses: 11
@@
expression list listE0;
@@
- bio_rw(listE0)
+ bio_data_dir(listE0)
//# pattern-5, witnesses: 10
@@
@@
- READA
+ REQ_RAHEAD
//# pattern-6, witnesses: 2
@@
identifier bio;
identifier flags;
identifier npages;
identifier rqd;
identifier rrpc;
typedef uint8_t;
@@
 int rrpc_setup_rq(struct rrpc * rrpc, struct bio * bio, struct nvm_rq * rqd, unsigned long flags, uint8_t npages)
 {
     <...
- bio_rw(bio) == WRITE
+ bio_op(bio) == REQ_OP_WRITE
     ...>
 }
