BUILD:
[33mbase commit: 75c3cfa855dc^1
[0m[33mtarget commit: 75c3cfa855dc
[0m[33mchecking out base commit... [0m[33mok (3s)
[0m[33mformatting diff... [0m[33mok (3s)
[0m15 source file(s) touched in the old version
`-- arch/ia64/kernel/perfmon.c
`-- arch/powerpc/platforms/cell/spufs/inode.c
`-- arch/s390/hypfs/inode.c
`-- drivers/base/devtmpfs.c
`-- drivers/block/drbd/drbd_debugfs.c
`-- drivers/infiniband/hw/ipath/ipath_fs.c
`-- drivers/infiniband/hw/qib/qib_fs.c
`-- drivers/oprofile/oprofilefs.c
`-- drivers/usb/gadget/legacy/inode.c
`-- fs/binfmt_misc.c
`-- fs/nsfs.c
`-- fs/pipe.c
`-- ipc/mqueue.c
`-- ipc/shm.c
`-- mm/shmem.c
15 source file(s) touched in the new version
`-- arch/ia64/kernel/perfmon.c
`-- arch/powerpc/platforms/cell/spufs/inode.c
`-- arch/s390/hypfs/inode.c
`-- drivers/base/devtmpfs.c
`-- drivers/block/drbd/drbd_debugfs.c
`-- drivers/infiniband/hw/ipath/ipath_fs.c
`-- drivers/infiniband/hw/qib/qib_fs.c
`-- drivers/oprofile/oprofilefs.c
`-- drivers/usb/gadget/legacy/inode.c
`-- fs/binfmt_misc.c
`-- fs/nsfs.c
`-- fs/pipe.c
`-- ipc/mqueue.c
`-- ipc/shm.c
`-- mm/shmem.c
[33mcompile base commit... [0m[33mok (25s)
[0m[33mapply [0m[33m75c3cfa855dc... [0m[33mok (25s)
[0m[33mcompile target commit... [0m[33mok (44s)
[0mPREPARE:
[33mcollect AST for functions: shmem_getxattr@mm_shmem.c,shmem_exchange@mm_shmem.c,shmem_setattr@mm_shmem.c,ns_prune_dentry@fs_nsfs.c,shmem_rename2@mm_shmem.c,ns_dname@fs_nsfs.c,dev_rmdir@drivers_base_devtmpfs.c,shmem_listxattr@mm_shmem.c,bm_status_write@fs_binfmt_misc.c,debugfs_positive@drivers_block_drbd_drbd_debugfs.c,dev_mkdir@drivers_base_devtmpfs.c,shmem_setxattr@mm_shmem.c,shmem_follow_short_symlink@mm_shmem.c,handle_remove@drivers_base_devtmpfs.c,shmem_rmdir@mm_shmem.c,remove_device_files@drivers_infiniband_hw_ipath_ipath_fs.c,bm_entry_write@fs_binfmt_misc.c,mqueue_unlink@ipc_mqueue.c,drbd_single_open@drivers_block_drbd_drbd_debugfs.c,do_open@ipc_mqueue.c,kill_node@fs_binfmt_misc.c,create_file@drivers_infiniband_hw_ipath_ipath_fs.c,remove_device_files@drivers_infiniband_hw_qib_qib_fs.c,shmem_unlink@mm_shmem.c,remove_file@drivers_infiniband_hw_ipath_ipath_fs.c,shmem_removexattr@mm_shmem.c,pipefs_dname@fs_pipe.c,create_file@drivers_infiniband_hw_qib_qib_fs.c,handle_create@drivers_base_devtmpfs.c,do_shmat@ipc_shm.c,remove_file@drivers_infiniband_hw_qib_qib_fs.c,bm_register_write@fs_binfmt_misc.c,destroy_ep_files@drivers_usb_gadget_legacy_inode.c,shmem_link@mm_shmem.c,shmem_follow_link@mm_shmem.c
[0m[33mTransforming and linking bitcode files...
[0m[33m4s
[0mANALYZE:
COCCIGEN:
//# pattern-1, witnesses: 53
@@
expression E0;
@@
- E0->d_inode
+ d_inode(E0)
//# pattern-2, witnesses: 6
@@
expression E0;
@@
- E0->d_inode
+ d_really_is_positive(E0)
