BUILD:
[33mbase commit: 774b305518a6^1
[0m[33mtarget commit: 774b305518a6
[0m[33mchecking out base commit... [0m[33mok (4s)
[0m[33mformatting diff... [0m[33mok (4s)
[0m5 source file(s) touched in the old version
`-- drivers/block/drbd/drbd_int.h
`-- drivers/block/drbd/drbd_main.c
`-- drivers/block/drbd/drbd_nl.c
`-- include/linux/drbd.h
`-- include/linux/drbd_nl.h
5 source file(s) touched in the new version
`-- drivers/block/drbd/drbd_int.h
`-- drivers/block/drbd/drbd_main.c
`-- drivers/block/drbd/drbd_nl.c
`-- include/linux/drbd.h
`-- include/linux/drbd_nl.h
[33mcompile base commit... [0m[33mok (8s)
[0m[33mapply [0m[33m774b305518a6... [0m[33mok (8s)
[0m[33mcompile target commit... [0m[33mok (10s)
[0mPREPARE:
[33m0s
[0mANALYZE:
COCCIGEN:
