BUILD:
[33mbase commit: 7c3063cc6f0e^1
[0m[33mtarget commit: 7c3063cc6f0e
[0m[33mchecking out base commit... [0m[33mok (0s)
[0m[33mformatting diff... [0m[33mok (0s)
[0m4 source file(s) touched in the old version
`-- drivers/block/drbd/drbd_int.h
`-- drivers/block/drbd/drbd_nl.c
`-- include/linux/drbd_genl.h
`-- include/linux/genl_magic_func.h
4 source file(s) touched in the new version
`-- drivers/block/drbd/drbd_int.h
`-- drivers/block/drbd/drbd_nl.c
`-- include/linux/drbd_genl.h
`-- include/linux/genl_magic_func.h
[33mcompile base commit... [0m[33mok (4s)
[0m[33mapply [0m[33m7c3063cc6f0e... [0m[33mok (4s)
[0m[33mcompile target commit... [0m[33mok (6s)
[0mPREPARE:
[33m0s
[0mANALYZE:
COCCIGEN:
