BUILD:
[33mbase commit: 7e5fec31685a^1
[0m[33mtarget commit: 7e5fec31685a
[0m[33mchecking out base commit... [0m[33mok (0s)
[0m[33mformatting diff... [0m[33mok (1s)
[0m14 source file(s) touched in the old version
`-- drivers/block/drbd/drbd_bitmap.c
`-- drivers/block/drbd/drbd_debugfs.c
`-- drivers/block/drbd/drbd_int.h
`-- drivers/block/drbd/drbd_interval.h
`-- drivers/block/drbd/drbd_main.c
`-- drivers/block/drbd/drbd_nl.c
`-- drivers/block/drbd/drbd_proc.c
`-- drivers/block/drbd/drbd_receiver.c
`-- drivers/block/drbd/drbd_req.c
`-- drivers/block/drbd/drbd_state.c
`-- drivers/block/drbd/drbd_state.h
`-- drivers/block/drbd/drbd_strings.c
`-- drivers/block/drbd/drbd_worker.c
`-- include/linux/drbd.h
14 source file(s) touched in the new version
`-- drivers/block/drbd/drbd_bitmap.c
`-- drivers/block/drbd/drbd_debugfs.c
`-- drivers/block/drbd/drbd_int.h
`-- drivers/block/drbd/drbd_interval.h
`-- drivers/block/drbd/drbd_main.c
`-- drivers/block/drbd/drbd_nl.c
`-- drivers/block/drbd/drbd_proc.c
`-- drivers/block/drbd/drbd_receiver.c
`-- drivers/block/drbd/drbd_req.c
`-- drivers/block/drbd/drbd_state.c
`-- drivers/block/drbd/drbd_state.h
`-- drivers/block/drbd/drbd_strings.c
`-- drivers/block/drbd/drbd_worker.c
`-- include/linux/drbd.h
[33mcompile base commit... [0m[33mok (30s)
[0m[33mapply [0m[33m7e5fec31685a... [0m[33mok (30s)
[0m[33mcompile target commit... [0m[33mok (56s)
[0mPREPARE:
[33mcollect AST for functions: drbd_conn_s_names@drivers_block_drbd_drbd_strings.c,conn_khelper@drivers_block_drbd_drbd_nl.c,receive_Data@drivers_block_drbd_drbd_receiver.c,drbd_version_fops@drivers_block_drbd_drbd_debugfs.c,conn_try_outdate_peer@drivers_block_drbd_drbd_nl.c,drbd_disk_s_names@drivers_block_drbd_drbd_strings.c,conn_set_state@drivers_block_drbd_drbd_state.c,drbd_peer_request_endio@drivers_block_drbd_drbd_worker.c,drbd_syncer_progress@drivers_block_drbd_drbd_proc.c,use_checksum_based_resync@drivers_block_drbd_drbd_worker.c,drbd_start_resync@drivers_block_drbd_drbd_worker.c,drbd_bm_resize@drivers_block_drbd_drbd_bitmap.c,overlapping_resync_write@drivers_block_drbd_drbd_receiver.c,drbd_role_s_names@drivers_block_drbd_drbd_strings.c,drbd_state_sw_errors@drivers_block_drbd_drbd_strings.c,drbd_seq_show@drivers_block_drbd_drbd_proc.c
[0m[33mTransforming and linking bitcode files...
[0m[33m7s
[0mANALYZE:
COCCIGEN:
unknown kind: CharacterLiteral
//# pattern-11, witnesses: 9
@@
expression list listE0;
@@
- seq_printf(listE0)
+ seq_puts(listE0)
//# pattern-3, witnesses: 2
@@
@@
- seq_printf(seq, "\n")
+ seq_putc(seq, )
