BUILD:
[33mbase commit: 85f75dd76304^1
[0m[33mtarget commit: 85f75dd76304
[0m[33mchecking out base commit... [0m[33mok (0s)
[0m[33mformatting diff... [0m[33mok (0s)
[0m3 source file(s) touched in the old version
`-- drivers/block/drbd/drbd_main.c
`-- drivers/block/drbd/drbd_nl.c
`-- include/linux/drbd_genl.h
3 source file(s) touched in the new version
`-- drivers/block/drbd/drbd_main.c
`-- drivers/block/drbd/drbd_nl.c
`-- include/linux/drbd_genl.h
[33mcompile base commit... [0m[33mok (4s)
[0m[33mapply [0m[33m85f75dd76304... [0m[33mok (4s)
[0m[33mcompile target commit... [0m[33mok (5s)
[0mPREPARE:
[33m1s
[0mANALYZE:
COCCIGEN:
