BUILD:
[33mbase commit: 8ce953aa39e2^1
[0m[33mtarget commit: 8ce953aa39e2
[0m[33mchecking out base commit... [0m[33mok (1s)
[0m[33mformatting diff... [0m[33mok (1s)
[0m6 source file(s) touched in the old version
`-- drivers/block/drbd/drbd_main.c
`-- drivers/block/drbd/drbd_nl.c
`-- drivers/block/drbd/drbd_receiver.c
`-- drivers/block/drbd/drbd_req.h
`-- drivers/block/drbd/drbd_state.c
`-- lib/lru_cache.c
6 source file(s) touched in the new version
`-- drivers/block/drbd/drbd_main.c
`-- drivers/block/drbd/drbd_nl.c
`-- drivers/block/drbd/drbd_receiver.c
`-- drivers/block/drbd/drbd_req.h
`-- drivers/block/drbd/drbd_state.c
`-- lib/lru_cache.c
[33mcompile base commit... [0m[33mok (7s)
[0m[33mapply [0m[33m8ce953aa39e2... [0m[33mok (7s)
[0m[33mcompile target commit... [0m[33mok (9s)
[0mPREPARE:
[33m0s
[0mANALYZE:
COCCIGEN:
