BUILD:
[33mbase commit: 9a51ab1c1b3c^1
[0m[33mtarget commit: 9a51ab1c1b3c
[0m[33mchecking out base commit... [0m[33mok (1s)
[0m[33mformatting diff... [0m[33mok (1s)
[0m5 source file(s) touched in the old version
`-- drivers/block/drbd/drbd_actlog.c
`-- drivers/block/drbd/drbd_nl.c
`-- include/linux/drbd.h
`-- include/linux/drbd_genl.h
`-- include/linux/drbd_limits.h
5 source file(s) touched in the new version
`-- drivers/block/drbd/drbd_actlog.c
`-- drivers/block/drbd/drbd_nl.c
`-- include/linux/drbd.h
`-- include/linux/drbd_genl.h
`-- include/linux/drbd_limits.h
[33mcompile base commit... [0m[33mok (5s)
[0m[33mapply [0m[33m9a51ab1c1b3c... [0m[33mok (5s)
[0m[33mcompile target commit... [0m[33mok (9s)
[0mPREPARE:
[33m0s
[0mANALYZE:
COCCIGEN:
