BUILD:
[33mbase commit: 9d5059c959ac^1
[0m[33mtarget commit: 9d5059c959ac
[0m[33mchecking out base commit... [0m[33mok (2s)
[0m[33mformatting diff... [0m[33mok (2s)
[0m5 source file(s) touched in the old version
`-- drivers/block/drbd/drbd_actlog.c
`-- drivers/block/drbd/drbd_int.h
`-- include/linux/kernel.h
`-- include/linux/printk.h
`-- kernel/module.c
5 source file(s) touched in the new version
`-- drivers/block/drbd/drbd_actlog.c
`-- drivers/block/drbd/drbd_int.h
`-- include/linux/kernel.h
`-- include/linux/printk.h
`-- kernel/module.c
[33mcompile base commit... [0m[33mok (11s)
[0m[33mapply [0m[33m9d5059c959ac... [0m[33mok (11s)
[0m[33mcompile target commit... [0m[33mok (18s)
[0mPREPARE:
[33m0s
[0mANALYZE:
COCCIGEN:
Unable to infer inclusion changes on more than 1 file
added  : set(['linux/dynamic_debug.h'])
deleted: set(['linux/dynamic_debug.h'])
