BUILD:
[33mbase commit: 9de7e14a1a9c^1
[0m[33mtarget commit: 9de7e14a1a9c
[0m[33mchecking out base commit... [0m[33mok (1s)
[0m[33mformatting diff... [0m[33mok (1s)
[0m3 source file(s) touched in the old version
`-- drivers/block/drbd/drbd_nl.c
`-- include/linux/drbd_genl.h
`-- include/linux/drbd_limits.h
3 source file(s) touched in the new version
`-- drivers/block/drbd/drbd_nl.c
`-- include/linux/drbd_genl.h
`-- include/linux/drbd_limits.h
[33mcompile base commit... [0m[33mok (21s)
[0m[33mapply [0m[33m9de7e14a1a9c... [0m[33mok (21s)
[0m[33mcompile target commit... [0m[33mok (37s)
[0mPREPARE:
[33mcollect AST for functions: drbd_setup_queue_param@drivers_block_drbd_drbd_nl.c,decide_on_write_same_support@drivers_block_drbd_drbd_nl.c,drbd_adm_disk_opts@drivers_block_drbd_drbd_nl.c
[0m[33mTransforming and linking bitcode files...
[0m[33m6s
[0mANALYZE:
COCCIGEN:
