BUILD:
[33mbase commit: a29728463b25^1
[0m[33mtarget commit: a29728463b25
[0m[33mchecking out base commit... [0m[33mok (1s)
[0m[33mformatting diff... [0m[33mok (1s)
[0m6 source file(s) touched in the old version
`-- drivers/block/drbd/drbd_int.h
`-- drivers/block/drbd/drbd_nl.c
`-- drivers/block/drbd/drbd_receiver.c
`-- drivers/block/drbd/drbd_state.c
`-- include/linux/drbd.h
`-- include/linux/drbd_genl.h
7 source file(s) touched in the new version
`-- drivers/block/drbd/drbd_int.h
`-- drivers/block/drbd/drbd_nl.c
`-- drivers/block/drbd/drbd_receiver.c
`-- drivers/block/drbd/drbd_state.c
`-- drivers/block/drbd/drbd_state_change.h
`-- include/linux/drbd.h
`-- include/linux/drbd_genl.h
[33mIgnore files that are created or deleted by the patch.
[0m[33mcompile base commit... [0m[33mok (19s)
[0m[33mapply [0m[33ma29728463b25... [0m[33mok (19s)
[0m[33mcompile target commit... [0m[33mok (34s)
[0mPREPARE:
[33mcollect AST for functions: w_after_conn_state_ch@drivers_block_drbd_drbd_state.c,w_after_state_ch@drivers_block_drbd_drbd_state.c,drbd_adm_connect@drivers_block_drbd_drbd_nl.c,adm_del_minor@drivers_block_drbd_drbd_nl.c,after_state_ch@drivers_block_drbd_drbd_state.c,notify_genl_seq@drivers_block_drbd_drbd_nl.c,conn_try_disconnect@drivers_block_drbd_drbd_nl.c,drbd_adm_new_resource@drivers_block_drbd_drbd_nl.c,conn_khelper@drivers_block_drbd_drbd_nl.c,drbd_adm_new_minor@drivers_block_drbd_drbd_nl.c,_drbd_set_state@drivers_block_drbd_drbd_state.c,drbd_khelper@drivers_block_drbd_drbd_nl.c,_conn_request_state@drivers_block_drbd_drbd_state.c,drbd_bcast_event@drivers_block_drbd_drbd_nl.c,adm_del_resource@drivers_block_drbd_drbd_nl.c,drbd_genl_seq@drivers_block_drbd_drbd_nl.c
[0m[33mTransforming and linking bitcode files...
[0m[33m6s
[0mANALYZE:
COCCIGEN:
