BUILD:
[33mbase commit: a2b809672ee6^1
[0m[33mtarget commit: a2b809672ee6
[0m[33mchecking out base commit... [0m[33mok (1s)
[0m[33mformatting diff... [0m[33mok (1s)
[0m5 source file(s) touched in the old version
`-- block/cfq-iosched.c
`-- drivers/block/drbd/drbd_actlog.c
`-- include/linux/blk_types.h
`-- include/linux/fs.h
`-- include/trace/events/f2fs.h
5 source file(s) touched in the new version
`-- block/cfq-iosched.c
`-- drivers/block/drbd/drbd_actlog.c
`-- include/linux/blk_types.h
`-- include/linux/fs.h
`-- include/trace/events/f2fs.h
[33mcompile base commit... [0m[33mok (17s)
[0m[33mapply [0m[33ma2b809672ee6... [0m[33mok (17s)
[0m[33mcompile target commit... [0m[33mok (30s)
[0mPREPARE:
[33mcollect AST for functions: cfq_update_idle_window@block_cfq-iosched.c,cfq_completed_request@block_cfq-iosched.c,_drbd_md_sync_page_io@drivers_block_drbd_drbd_actlog.c
[0m[33mTransforming and linking bitcode files...
[0m[33m2s
[0mANALYZE:
COCCIGEN:
