BUILD:
[33mbase commit: aaaba3457640^1
[0m[33mtarget commit: aaaba3457640
[0m[33mchecking out base commit... [0m[33mok (1s)
[0m[33mformatting diff... [0m[33mok (1s)
[0m5 source file(s) touched in the old version
`-- drivers/block/drbd/drbd_int.h
`-- drivers/block/drbd/drbd_receiver.c
`-- drivers/block/drbd/drbd_worker.c
`-- include/linux/drbd_genl.h
`-- include/linux/drbd_limits.h
5 source file(s) touched in the new version
`-- drivers/block/drbd/drbd_int.h
`-- drivers/block/drbd/drbd_receiver.c
`-- drivers/block/drbd/drbd_worker.c
`-- include/linux/drbd_genl.h
`-- include/linux/drbd_limits.h
[33mcompile base commit... [0m[33mok (6s)
[0m[33mapply [0m[33maaaba3457640... [0m[33mok (6s)
[0m[33mcompile target commit... [0m[33mok (13s)
[0mPREPARE:
[33m0s
[0mANALYZE:
COCCIGEN:
