BUILD:
[33mbase commit: af67c31fba3b^1
[0m[33mtarget commit: af67c31fba3b
[0m[33mchecking out base commit... [0m[33mok (0s)
[0m[33mformatting diff... [0m[33mok (1s)
[0m14 source file(s) touched in the old version
`-- block/blk-core.c
`-- block/blk-merge.c
`-- block/blk-mq.c
`-- drivers/block/drbd/drbd_req.c
`-- drivers/block/pktcdvd.c
`-- drivers/block/ps3vram.c
`-- drivers/block/rsxx/dev.c
`-- drivers/block/umem.c
`-- drivers/lightnvm/pblk-init.c
`-- drivers/lightnvm/rrpc.c
`-- drivers/md/md.c
`-- drivers/s390/block/dcssblk.c
`-- drivers/s390/block/xpram.c
`-- include/linux/blkdev.h
14 source file(s) touched in the new version
`-- block/blk-core.c
`-- block/blk-merge.c
`-- block/blk-mq.c
`-- drivers/block/drbd/drbd_req.c
`-- drivers/block/pktcdvd.c
`-- drivers/block/ps3vram.c
`-- drivers/block/rsxx/dev.c
`-- drivers/block/umem.c
`-- drivers/lightnvm/pblk-init.c
`-- drivers/lightnvm/rrpc.c
`-- drivers/md/md.c
`-- drivers/s390/block/dcssblk.c
`-- drivers/s390/block/xpram.c
`-- include/linux/blkdev.h
[33mcompile base commit... [0m[33mok (29s)
[0m[33mapply [0m[33maf67c31fba3b... [0m[33mok (29s)
[0m[33mcompile target commit... [0m[33mok (54s)
[0mPREPARE:
[33mcollect AST for functions: pblk_rw_io@drivers_lightnvm_pblk-init.c,pkt_make_request@drivers_block_pktcdvd.c,mm_make_request@drivers_block_umem.c,rsxx_make_request@drivers_block_rsxx_dev.c,dcssblk_make_request@drivers_s390_block_dcssblk.c,blk_queue_bio@block_blk-core.c,rrpc_make_rq@drivers_lightnvm_rrpc.c,drbd_make_request@drivers_block_drbd_drbd_req.c,blk_mq_make_request@block_blk-mq.c,xpram_make_request@drivers_s390_block_xpram.c,ps3vram_make_request@drivers_block_ps3vram.c,blk_queue_split@block_blk-merge.c,md_make_request@drivers_md_md.c
[0m[33mTransforming and linking bitcode files...
[0m[33m5s
[0mANALYZE:
COCCIGEN:
//# pattern-1, witnesses: 10
@@
@@
- blk_queue_split(q, &bio, q->bio_split)
+ blk_queue_split(q, &bio)
