BUILD:
[33mbase commit: b583043e99bc^1
[0m[33mtarget commit: b583043e99bc
[0m[33mchecking out base commit... [0m[33mok (7s)
[0m[33mformatting diff... [0m[33mok (7s)
[0m19 source file(s) touched in the old version
`-- drivers/block/drbd/drbd_debugfs.c
`-- drivers/scsi/lpfc/lpfc_debugfs.c
`-- drivers/staging/lustre/lustre/llite/file.c
`-- fs/ceph/dir.c
`-- fs/ceph/file.c
`-- fs/cifs/readdir.c
`-- fs/ecryptfs/crypto.c
`-- fs/ecryptfs/mmap.c
`-- fs/efivarfs/file.c
`-- fs/sync.c
`-- include/linux/cgroup.h
`-- kernel/auditsc.c
`-- kernel/events/core.c
`-- kernel/taskstats.c
`-- mm/memcontrol.c
`-- security/commoncap.c
`-- security/integrity/ima/ima_api.c
`-- security/integrity/ima/ima_appraise.c
`-- security/integrity/ima/ima_template_lib.c
19 source file(s) touched in the new version
`-- drivers/block/drbd/drbd_debugfs.c
`-- drivers/scsi/lpfc/lpfc_debugfs.c
`-- drivers/staging/lustre/lustre/llite/file.c
`-- fs/ceph/dir.c
`-- fs/ceph/file.c
`-- fs/cifs/readdir.c
`-- fs/ecryptfs/crypto.c
`-- fs/ecryptfs/mmap.c
`-- fs/efivarfs/file.c
`-- fs/sync.c
`-- include/linux/cgroup.h
`-- kernel/auditsc.c
`-- kernel/events/core.c
`-- kernel/taskstats.c
`-- mm/memcontrol.c
`-- security/commoncap.c
`-- security/integrity/ima/ima_api.c
`-- security/integrity/ima/ima_appraise.c
`-- security/integrity/ima/ima_template_lib.c
[33mcompile base commit... [0m[33mok (41s)
[0m[33mapply [0m[33mb583043e99bc... [0m[33mok (41s)
[0m[33mcompile target commit... [0m[33mok (70s)
[0mPREPARE:
[33mcollect AST for functions: perf_cgroup_connect@kernel_events_core.c,ecryptfs_write_inode_size_to_xattr@fs_ecryptfs_mmap.c,ll_hsm_import@drivers_staging_lustre_lustre_llite_file.c,cgroupstats_user_cmd@kernel_taskstats.c,drbd_single_open@drivers_block_drbd_drbd_debugfs.c,ll_swap_layouts@drivers_staging_lustre_lustre_llite_file.c,ima_appraise_measurement@security_integrity_ima_ima_appraise.c,memcg_write_event_control@mm_memcontrol.c,lpfc_debugfs_dif_err_write@drivers_scsi_lpfc_lpfc_debugfs.c,ima_eventname_init_common@security_integrity_ima_ima_template_lib.c,efivarfs_file_write@fs_efivarfs_file.c,cifs_filldir@fs_cifs_readdir.c,ceph_readdir@fs_ceph_dir.c,ima_collect_measurement@security_integrity_ima_ima_api.c,ima_update_xattr@security_integrity_ima_ima_appraise.c,__dcache_readdir@fs_ceph_dir.c,ecryptfs_read_xattr_region@fs_ecryptfs_crypto.c,lpfc_debugfs_dif_err_read@drivers_scsi_lpfc_lpfc_debugfs.c,ceph_open@fs_ceph_file.c,get_file_caps@security_commoncap.c,__audit_log_bprm_fcaps@kernel_auditsc.c
[0m[33mTransforming and linking bitcode files...
[0m[33m6s
[0mANALYZE:
COCCIGEN:
