BUILD:
[33mbase commit: b966b5dd8e17^1
[0m[33mtarget commit: b966b5dd8e17
[0m[33mchecking out base commit... [0m[33mok (1s)
[0m[33mformatting diff... [0m[33mok (1s)
[0m6 source file(s) touched in the old version
`-- drivers/block/drbd/drbd_int.h
`-- drivers/block/drbd/drbd_main.c
`-- drivers/block/drbd/drbd_nl.c
`-- include/linux/drbd_genl.h
`-- include/linux/genl_magic_func.h
`-- include/linux/genl_magic_struct.h
6 source file(s) touched in the new version
`-- drivers/block/drbd/drbd_int.h
`-- drivers/block/drbd/drbd_main.c
`-- drivers/block/drbd/drbd_nl.c
`-- include/linux/drbd_genl.h
`-- include/linux/genl_magic_func.h
`-- include/linux/genl_magic_struct.h
[33mcompile base commit... [0m[33mok (5s)
[0m[33mapply [0m[33mb966b5dd8e17... [0m[33mok (5s)
[0m[33mcompile target commit... [0m[33mok (6s)
[0mPREPARE:
[33m0s
[0mANALYZE:
COCCIGEN:
