BUILD:
[33mbase commit: cb703454a283^1
[0m[33mtarget commit: cb703454a283
[0m[33mchecking out base commit... [0m[33mok (0s)
[0m[33mformatting diff... [0m[33mok (0s)
[0m6 source file(s) touched in the old version
`-- drivers/block/drbd/drbd_int.h
`-- drivers/block/drbd/drbd_nl.c
`-- drivers/block/drbd/drbd_receiver.c
`-- drivers/block/drbd/drbd_state.c
`-- drivers/block/drbd/drbd_state.h
`-- include/linux/drbd.h
6 source file(s) touched in the new version
`-- drivers/block/drbd/drbd_int.h
`-- drivers/block/drbd/drbd_nl.c
`-- drivers/block/drbd/drbd_receiver.c
`-- drivers/block/drbd/drbd_state.c
`-- drivers/block/drbd/drbd_state.h
`-- include/linux/drbd.h
[33mcompile base commit... [0m[33mok (4s)
[0m[33mapply [0m[33mcb703454a283... [0m[33mok (4s)
[0m[33mcompile target commit... [0m[33mok (6s)
[0mPREPARE:
[33m0s
[0mANALYZE:
COCCIGEN:
