BUILD:
[33mbase commit: cfd8005c99c6^1
[0m[33mtarget commit: cfd8005c99c6
[0m[33mchecking out base commit... [0m[33mok (3s)
[0m[33mformatting diff... [0m[33mok (3s)
[0m5 source file(s) touched in the old version
`-- drivers/block/brd.c
`-- drivers/block/drbd/drbd_bitmap.c
`-- drivers/block/drbd/drbd_nl.c
`-- drivers/block/loop.c
`-- drivers/block/pktcdvd.c
5 source file(s) touched in the new version
`-- drivers/block/brd.c
`-- drivers/block/drbd/drbd_bitmap.c
`-- drivers/block/drbd/drbd_nl.c
`-- drivers/block/loop.c
`-- drivers/block/pktcdvd.c
[33mcompile base commit... [0m[33mok (7s)
[0m[33mapply [0m[33mcfd8005c99c6... [0m[33mok (7s)
[0m[33mcompile target commit... [0m[33mok (9s)
[0mPREPARE:
[33m0s
[0mANALYZE:
COCCIGEN:
