BUILD:
[33mbase commit: d3e709e63e97^1
[0m[33mtarget commit: d3e709e63e97
[0m[33mchecking out base commit... [0m[33mok (3s)
[0m[33mformatting diff... [0m[33mok (3s)
[0m9 source file(s) touched in the old version
`-- drivers/atm/nicstar.c
`-- drivers/block/drbd/drbd_main.c
`-- drivers/firewire/core-cdev.c
`-- drivers/gpu/drm/amd/amdgpu/amdgpu_bo_list.c
`-- drivers/gpu/drm/amd/amdgpu/amdgpu_ctx.c
`-- drivers/net/wireless/marvell/mwifiex/txrx.c
`-- drivers/target/target_core_user.c
`-- include/linux/idr.h
`-- net/mac80211/status.c
9 source file(s) touched in the new version
`-- drivers/atm/nicstar.c
`-- drivers/block/drbd/drbd_main.c
`-- drivers/firewire/core-cdev.c
`-- drivers/gpu/drm/amd/amdgpu/amdgpu_bo_list.c
`-- drivers/gpu/drm/amd/amdgpu/amdgpu_ctx.c
`-- drivers/net/wireless/marvell/mwifiex/txrx.c
`-- drivers/target/target_core_user.c
`-- include/linux/idr.h
`-- net/mac80211/status.c
[33mcompile base commit... [0m[33mok (32s)
[0m[33mapply [0m[33md3e709e63e97... [0m[33mok (32s)
[0m[33mcompile target commit... [0m[33mok (58s)
[0mPREPARE:
[33mcollect AST for functions: dequeue_rx@drivers_atm_nicstar.c,tcmu_handle_completions@drivers_target_target_core_user.c,mwifiex_parse_tx_status_event@drivers_net_wireless_marvell_mwifiex_txrx.c,ieee80211_report_ack_skb@net_mac80211_status.c,drbd_create_device@drivers_block_drbd_drbd_main.c,idr_remove@include_linux_idr.h,iso_resource_work@drivers_firewire_core-cdev.c,amdgpu_bo_list_destroy@drivers_gpu_drm_amd_amdgpu_amdgpu_bo_list.c,amdgpu_ctx_free@drivers_gpu_drm_amd_amdgpu_amdgpu_ctx.c
[0m[33mTransforming and linking bitcode files...
[0m[33m5s
[0mANALYZE:
COCCIGEN:
//# pattern-2, witnesses: 2
@@
expression E2;
expression E5;
expression ME1;
expression ME4;
expression V0;
expression V3;
@@
- V0 = idr_find(&ME1, E2);
- if (V3) {
- idr_remove(&ME4, E5);
- }
+ V0 = idr_remove(&ME4, E5);
+ if (V3) {
+ }
//# pattern-5, witnesses: 2
@@
expression ME2;
expression ME5;
identifier PV1;
identifier PV4;
expression V0;
expression V3;
@@
- V0 = idr_find(&PV1->ack_status_frames, ME2);
- if (V3) {
- idr_remove(&PV4->ack_status_frames, ME5);
- }
+ V0 = idr_remove(&PV4->ack_status_frames, ME5);
