BUILD:
[33mbase commit: d5d7ebd42250^1
[0m[33mtarget commit: d5d7ebd42250
[0m[33mchecking out base commit... [0m[33mok (1s)
[0m[33mformatting diff... [0m[33mok (1s)
[0m6 source file(s) touched in the old version
`-- drivers/block/drbd/drbd_actlog.c
`-- drivers/block/drbd/drbd_int.h
`-- drivers/block/drbd/drbd_main.c
`-- drivers/block/drbd/drbd_nl.c
`-- drivers/block/drbd/drbd_state.c
`-- include/linux/drbd.h
6 source file(s) touched in the new version
`-- drivers/block/drbd/drbd_actlog.c
`-- drivers/block/drbd/drbd_int.h
`-- drivers/block/drbd/drbd_main.c
`-- drivers/block/drbd/drbd_nl.c
`-- drivers/block/drbd/drbd_state.c
`-- include/linux/drbd.h
[33mcompile base commit... [0m[33mok (5s)
[0m[33mapply [0m[33md5d7ebd42250... [0m[33mok (5s)
[0m[33mcompile target commit... [0m[33mok (6s)
[0mPREPARE:
[33m0s
[0mANALYZE:
COCCIGEN:
