BUILD:
[33mbase commit: d62e26b3ffd2^1
[0m[33mtarget commit: d62e26b3ffd2
[0m[33mchecking out base commit... [0m[33mok (0s)
[0m[33mformatting diff... [0m[33mok (1s)
[0m13 source file(s) touched in the old version
`-- block/bio.c
`-- block/blk-core.c
`-- block/blk-merge.c
`-- block/genhd.c
`-- block/partition-generic.c
`-- drivers/block/drbd/drbd_req.c
`-- drivers/block/rsxx/dev.c
`-- drivers/block/zram/zram_drv.c
`-- drivers/md/bcache/request.c
`-- drivers/md/dm.c
`-- drivers/nvdimm/nd.h
`-- include/linux/bio.h
`-- include/linux/genhd.h
13 source file(s) touched in the new version
`-- block/bio.c
`-- block/blk-core.c
`-- block/blk-merge.c
`-- block/genhd.c
`-- block/partition-generic.c
`-- drivers/block/drbd/drbd_req.c
`-- drivers/block/rsxx/dev.c
`-- drivers/block/zram/zram_drv.c
`-- drivers/md/bcache/request.c
`-- drivers/md/dm.c
`-- drivers/nvdimm/nd.h
`-- include/linux/bio.h
`-- include/linux/genhd.h
[33mcompile base commit... [0m[33mok (25s)
[0m[33mapply [0m[33md62e26b3ffd2... [0m[33mok (25s)
[0m[33mcompile target commit... [0m[33mok (46s)
[0mPREPARE:
[33mcollect AST for functions: part_inc_in_flight@include_linux_genhd.h,_drbd_start_io_acct@drivers_block_drbd_drbd_req.c,generic_start_io_acct@block_bio.c,cached_dev_make_request@drivers_md_bcache_request.c,blk_account_io_merge@block_blk-merge.c,part_dec_in_flight@include_linux_genhd.h,end_io_acct@drivers_md_dm.c,bio_complete@drivers_md_bcache_request.c,blk_account_io_done@block_blk-core.c,part_stat_show@block_partition-generic.c,disk_stats_start@drivers_block_rsxx_dev.c,flash_dev_make_request@drivers_md_bcache_request.c,part_round_stats@block_blk-core.c,blk_account_io_start@block_blk-core.c,diskstats_show@block_genhd.c,zram_bvec_rw@drivers_block_zram_zram_drv.c,disk_stats_complete@drivers_block_rsxx_dev.c,_drbd_end_io_acct@drivers_block_drbd_drbd_req.c,part_round_stats_single@block_blk-core.c,generic_end_io_acct@block_bio.c,dm_make_request@drivers_md_dm.c,part_in_flight@include_linux_genhd.h,start_io_acct@drivers_md_dm.c
[0m[33mTransforming and linking bitcode files...
[0m[33m4s
[0mANALYZE:
COCCIGEN:
//# pattern-6, witnesses: 3
@@
expression E0;
identifier bio;
typedef blk_qc_t;
identifier fn;
identifier q;
@@
 blk_qc_t fn(struct request_queue * q, struct bio * bio)
 {
     <...
- generic_start_io_acct(rw, bio_sectors(bio), &E0->part0)
+ generic_start_io_acct(q, rw, bio_sectors(bio), &E0->part0)
     ...>
 }
//# pattern-5, witnesses: 2
@@
expression E0;
identifier fn;
identifier req;
@@
 void fn(struct request * req)
 {
     <...
- part_dec_in_flight(part, E0)
+ part_dec_in_flight(req->q, part, E0)
     ...>
 }
//# pattern-13, witnesses: 2
@@
identifier fn;
identifier req;
@@
 void fn(struct request * req)
 {
     <...
- part_round_stats(cpu, part)
+ part_round_stats(req->q, cpu, part)
     ...>
 }
//# pattern-15, witnesses: 2
@r0@
identifier i, fn;
@@
struct kernel_symbol i = {
    .value = fn,
};
@@
expression E0;
identifier cpu;
identifier part;
@@
- void part_round_stats(int cpu, struct hd_struct * part)
+ void part_round_stats(struct request_queue * q, int cpu, struct hd_struct * part)
 {
     <...
- part_round_stats_single(cpu, E0, now)
+ part_round_stats_single(q, cpu, E0, now)
     ...>
 }
