BUILD:
[33mbase commit: d752b2696072^1
[0m[33mtarget commit: d752b2696072
[0m[33mchecking out base commit... [0m[33mok (3s)
[0m[33mformatting diff... [0m[33mok (3s)
[0m8 source file(s) touched in the old version
`-- drivers/block/drbd/drbd_actlog.c
`-- drivers/block/drbd/drbd_int.h
`-- drivers/block/drbd/drbd_main.c
`-- drivers/block/drbd/drbd_nl.c
`-- drivers/block/drbd/drbd_receiver.c
`-- include/linux/drbd.h
`-- include/linux/drbd_genl.h
`-- include/linux/drbd_limits.h
8 source file(s) touched in the new version
`-- drivers/block/drbd/drbd_actlog.c
`-- drivers/block/drbd/drbd_int.h
`-- drivers/block/drbd/drbd_main.c
`-- drivers/block/drbd/drbd_nl.c
`-- drivers/block/drbd/drbd_receiver.c
`-- include/linux/drbd.h
`-- include/linux/drbd_genl.h
`-- include/linux/drbd_limits.h
[33mcompile base commit... [0m[33mok (8s)
[0m[33mapply [0m[33md752b2696072... [0m[33mok (8s)
[0m[33mcompile target commit... [0m[33mok (11s)
[0mPREPARE:
[33m0s
[0mANALYZE:
COCCIGEN:
