BUILD:
[33mbase commit: d93ba7a5a97c^1
[0m[33mtarget commit: d93ba7a5a97c
[0m[33mchecking out base commit... [0m[33mok (3s)
[0m[33mformatting diff... [0m[33mok (3s)
[0m4 source file(s) touched in the old version
`-- block/blk-lib.c
`-- block/ioctl.c
`-- drivers/block/drbd/drbd_receiver.c
`-- include/linux/blkdev.h
4 source file(s) touched in the new version
`-- block/blk-lib.c
`-- block/ioctl.c
`-- drivers/block/drbd/drbd_receiver.c
`-- include/linux/blkdev.h
[33mcompile base commit... [0m[33mok (17s)
[0m[33mapply [0m[33md93ba7a5a97c... [0m[33mok (17s)
[0m[33mcompile target commit... [0m[33mok (28s)
[0mPREPARE:
[33mcollect AST for functions: blkdev_issue_zeroout@block_blk-lib.c,blk_ioctl_zeroout@block_ioctl.c,drbd_submit_peer_request@drivers_block_drbd_drbd_receiver.c,sb_issue_zeroout@include_linux_blkdev.h
[0m[33mTransforming and linking bitcode files...
[0m[33m3s
[0mANALYZE:
COCCIGEN:
//# pattern-2, witnesses: 2
@@
expression E0;
expression E1;
expression E2;
expression E3;
@@
- blkdev_issue_zeroout(E0, E1, E2, E3)
+ blkdev_issue_zeroout(E0, E1, E2, E3, false)
