BUILD:
[33mbase commit: d942ae445376^1
[0m[33mtarget commit: d942ae445376
[0m[33mchecking out base commit... [0m[33mok (1s)
[0m[33mformatting diff... [0m[33mok (1s)
[0m3 source file(s) touched in the old version
`-- drivers/block/drbd/drbd_int.h
`-- drivers/block/drbd/drbd_state.c
`-- include/linux/drbd_limits.h
3 source file(s) touched in the new version
`-- drivers/block/drbd/drbd_int.h
`-- drivers/block/drbd/drbd_state.c
`-- include/linux/drbd_limits.h
[33mcompile base commit... [0m[33mok (5s)
[0m[33mapply [0m[33md942ae445376... [0m[33mok (5s)
[0m[33mcompile target commit... [0m[33mok (6s)
[0mPREPARE:
[33m0s
[0mANALYZE:
COCCIGEN:
