BUILD:
[33mbase commit: db2a144bedd5^1
[0m[33mtarget commit: db2a144bedd5
[0m[33mchecking out base commit... [0m[33mok (2s)
[0m[33mformatting diff... [0m[33mok (2s)
[0m37 source file(s) touched in the old version
`-- arch/um/drivers/ubd_kern.c
`-- arch/xtensa/platforms/iss/simdisk.c
`-- drivers/block/amiflop.c
`-- drivers/block/aoe/aoeblk.c
`-- drivers/block/ataflop.c
`-- drivers/block/cciss.c
`-- drivers/block/cpqarray.c
`-- drivers/block/drbd/drbd_main.c
`-- drivers/block/floppy.c
`-- drivers/block/loop.c
`-- drivers/block/paride/pcd.c
`-- drivers/block/paride/pd.c
`-- drivers/block/paride/pf.c
`-- drivers/block/pktcdvd.c
`-- drivers/block/rbd.c
`-- drivers/block/swim.c
`-- drivers/block/swim3.c
`-- drivers/block/xen-blkfront.c
`-- drivers/block/xsysace.c
`-- drivers/block/z2ram.c
`-- drivers/cdrom/gdrom.c
`-- drivers/ide/ide-cd.c
`-- drivers/ide/ide-gd.c
`-- drivers/ide/ide-tape.c
`-- drivers/md/dm.c
`-- drivers/md/md.c
`-- drivers/memstick/core/mspro_block.c
`-- drivers/message/i2o/i2o_block.c
`-- drivers/mmc/card/block.c
`-- drivers/mtd/mtd_blkdevs.c
`-- drivers/s390/block/dasd.c
`-- drivers/s390/block/dcssblk.c
`-- drivers/s390/block/scm_blk.c
`-- drivers/scsi/sd.c
`-- drivers/scsi/sr.c
`-- fs/block_dev.c
`-- include/linux/blkdev.h
37 source file(s) touched in the new version
`-- arch/um/drivers/ubd_kern.c
`-- arch/xtensa/platforms/iss/simdisk.c
`-- drivers/block/amiflop.c
`-- drivers/block/aoe/aoeblk.c
`-- drivers/block/ataflop.c
`-- drivers/block/cciss.c
`-- drivers/block/cpqarray.c
`-- drivers/block/drbd/drbd_main.c
`-- drivers/block/floppy.c
`-- drivers/block/loop.c
`-- drivers/block/paride/pcd.c
`-- drivers/block/paride/pd.c
`-- drivers/block/paride/pf.c
`-- drivers/block/pktcdvd.c
`-- drivers/block/rbd.c
`-- drivers/block/swim.c
`-- drivers/block/swim3.c
`-- drivers/block/xen-blkfront.c
`-- drivers/block/xsysace.c
`-- drivers/block/z2ram.c
`-- drivers/cdrom/gdrom.c
`-- drivers/ide/ide-cd.c
`-- drivers/ide/ide-gd.c
`-- drivers/ide/ide-tape.c
`-- drivers/md/dm.c
`-- drivers/md/md.c
`-- drivers/memstick/core/mspro_block.c
`-- drivers/message/i2o/i2o_block.c
`-- drivers/mmc/card/block.c
`-- drivers/mtd/mtd_blkdevs.c
`-- drivers/s390/block/dasd.c
`-- drivers/s390/block/dcssblk.c
`-- drivers/s390/block/scm_blk.c
`-- drivers/scsi/sd.c
`-- drivers/scsi/sr.c
`-- fs/block_dev.c
`-- include/linux/blkdev.h
[33mcompile base commit... [0m[33mok (7s)
[0m[33mapply [0m[33mdb2a144bedd5... [0m[33mok (7s)
[0m[33mcompile target commit... [0m[33mok (9s)
[0mPREPARE:
[33m0s
[0mANALYZE:
COCCIGEN:
