BUILD:
[33mbase commit: dc3f4198eac1^1
[0m[33mtarget commit: dc3f4198eac1
[0m[33mchecking out base commit... [0m[33mok (3s)
[0m[33mformatting diff... [0m[33mok (3s)
[0m14 source file(s) touched in the old version
`-- arch/powerpc/platforms/cell/spufs/inode.c
`-- arch/s390/hypfs/inode.c
`-- drivers/block/drbd/drbd_debugfs.c
`-- drivers/infiniband/hw/ipath/ipath_fs.c
`-- drivers/infiniband/hw/qib/qib_fs.c
`-- fs/autofs4/autofs_i.h
`-- fs/ceph/dir.c
`-- fs/configfs/inode.c
`-- fs/debugfs/inode.c
`-- fs/libfs.c
`-- fs/nfs/dir.c
`-- fs/tracefs/inode.c
`-- include/linux/dcache.h
`-- security/inode.c
14 source file(s) touched in the new version
`-- arch/powerpc/platforms/cell/spufs/inode.c
`-- arch/s390/hypfs/inode.c
`-- drivers/block/drbd/drbd_debugfs.c
`-- drivers/infiniband/hw/ipath/ipath_fs.c
`-- drivers/infiniband/hw/qib/qib_fs.c
`-- fs/autofs4/autofs_i.h
`-- fs/ceph/dir.c
`-- fs/configfs/inode.c
`-- fs/debugfs/inode.c
`-- fs/libfs.c
`-- fs/nfs/dir.c
`-- fs/tracefs/inode.c
`-- include/linux/dcache.h
`-- security/inode.c
[33mcompile base commit... [0m[33mok (40s)
[0m[33mapply [0m[33mdc3f4198eac1... [0m[33mok (40s)
[0m[33mcompile target commit... [0m[33mok (57s)
[0mPREPARE:
[33mcollect AST for functions: nfs_dentry_handle_enoent@fs_nfs_dir.c,drbd_single_open@drivers_block_drbd_drbd_debugfs.c,configfs_drop_dentry@fs_configfs_inode.c,securityfs_remove@security_inode.c,debugfs_remove_recursive@fs_debugfs_inode.c,tracefs_remove_recursive@fs_tracefs_inode.c,__tracefs_remove@fs_tracefs_inode.c,__dcache_readdir@fs_ceph_dir.c,__debugfs_remove@fs_debugfs_inode.c,remove_file@drivers_infiniband_hw_ipath_ipath_fs.c,remove_file@drivers_infiniband_hw_qib_qib_fs.c
[0m[33mTransforming and linking bitcode files...
[0m[33m3s
[0mANALYZE:
COCCIGEN:
//# pattern-2, witnesses: 3
@@
expression list listE0;
@@
- debugfs_positive(listE0)
+ simple_positive(listE0)
//# pattern-4, witnesses: 2
@@
statement S2;
expression V0;
expression V1;
@@
- if (!d_unhashed(V0) && d_really_is_positive(V1)) { S2 }
+ if (simple_positive(V1)) { S2 }
//# pattern-5, witnesses: 2
@@
expression list listE0;
@@
- tracefs_positive(listE0)
+ simple_positive(listE0)
