BUILD:
[33mbase commit: dd4f699da674^1
[0m[33mtarget commit: dd4f699da674
[0m[33mchecking out base commit... [0m[33mok (1s)
[0m[33mformatting diff... [0m[33mok (1s)
[0m5 source file(s) touched in the old version
`-- drivers/block/drbd/drbd_int.h
`-- drivers/block/drbd/drbd_nl.c
`-- drivers/block/drbd/drbd_receiver.c
`-- include/linux/drbd_genl.h
`-- include/linux/drbd_limits.h
5 source file(s) touched in the new version
`-- drivers/block/drbd/drbd_int.h
`-- drivers/block/drbd/drbd_nl.c
`-- drivers/block/drbd/drbd_receiver.c
`-- include/linux/drbd_genl.h
`-- include/linux/drbd_limits.h
[33mcompile base commit... [0m[33mok (20s)
[0m[33mapply [0m[33mdd4f699da674... [0m[33mok (20s)
[0m[33mcompile target commit... [0m[33mok (36s)
[0mPREPARE:
[33mcollect AST for functions: drbd_setup_queue_param@drivers_block_drbd_drbd_nl.c,receive_sizes@drivers_block_drbd_drbd_receiver.c,receive_Data@drivers_block_drbd_drbd_receiver.c,drbd_submit_peer_request@drivers_block_drbd_drbd_receiver.c,drbd_adm_attach@drivers_block_drbd_drbd_nl.c,drbd_adm_disk_opts@drivers_block_drbd_drbd_nl.c
[0m[33mTransforming and linking bitcode files...
[0m[33m6s
[0mANALYZE:
COCCIGEN:
//# pattern-3, witnesses: 3
@@
expression list listE0;
@@
- drbd_reconsider_max_bio_size(listE0)
+ drbd_reconsider_queue_parameters(listE0)
