BUILD:
[33mbase commit: dfa8bedbfe88^1
[0m[33mtarget commit: dfa8bedbfe88
[0m[33mchecking out base commit... [0m[33mok (1s)
[0m[33mformatting diff... [0m[33mok (1s)
[0m5 source file(s) touched in the old version
`-- drivers/block/drbd/drbd_main.c
`-- drivers/block/drbd/drbd_receiver.c
`-- drivers/block/drbd/drbd_req.c
`-- include/linux/drbd_limits.h
`-- include/linux/drbd_nl.h
5 source file(s) touched in the new version
`-- drivers/block/drbd/drbd_main.c
`-- drivers/block/drbd/drbd_receiver.c
`-- drivers/block/drbd/drbd_req.c
`-- include/linux/drbd_limits.h
`-- include/linux/drbd_nl.h
[33mcompile base commit... [0m[33mok (5s)
[0m[33mapply [0m[33mdfa8bedbfe88... [0m[33mok (5s)
[0m[33mcompile target commit... [0m[33mok (7s)
[0mPREPARE:
[33m0s
[0mANALYZE:
COCCIGEN:
