BUILD:
[33mbase commit: f399002e68e6^1
[0m[33mtarget commit: f399002e68e6
[0m[33mchecking out base commit... [0m[33mok (0s)
[0m[33mformatting diff... [0m[33mok (0s)
[0m10 source file(s) touched in the old version
`-- drivers/block/drbd/drbd_int.h
`-- drivers/block/drbd/drbd_main.c
`-- drivers/block/drbd/drbd_nl.c
`-- drivers/block/drbd/drbd_receiver.c
`-- drivers/block/drbd/drbd_state.c
`-- drivers/block/drbd/drbd_worker.c
`-- include/linux/drbd_genl.h
`-- include/linux/drbd_limits.h
`-- include/linux/genl_magic_func.h
`-- include/linux/genl_magic_struct.h
10 source file(s) touched in the new version
`-- drivers/block/drbd/drbd_int.h
`-- drivers/block/drbd/drbd_main.c
`-- drivers/block/drbd/drbd_nl.c
`-- drivers/block/drbd/drbd_receiver.c
`-- drivers/block/drbd/drbd_state.c
`-- drivers/block/drbd/drbd_worker.c
`-- include/linux/drbd_genl.h
`-- include/linux/drbd_limits.h
`-- include/linux/genl_magic_func.h
`-- include/linux/genl_magic_struct.h
[33mcompile base commit... [0m[33mok (4s)
[0m[33mapply [0m[33mf399002e68e6... [0m[33mok (4s)
[0m[33mcompile target commit... [0m[33mok (6s)
[0mPREPARE:
[33m0s
[0mANALYZE:
COCCIGEN:
