BUILD:
[33mbase commit: f44d0436db1e^1
[0m[33mtarget commit: f44d0436db1e
[0m[33mchecking out base commit... [0m[33mok (1s)
[0m[33mformatting diff... [0m[33mok (1s)
[0m3 source file(s) touched in the old version
`-- drivers/block/drbd/drbd_main.c
`-- include/linux/drbd.h
`-- include/linux/drbd_genl.h
3 source file(s) touched in the new version
`-- drivers/block/drbd/drbd_main.c
`-- include/linux/drbd.h
`-- include/linux/drbd_genl.h
[33mcompile base commit... [0m[33mok (8s)
[0m[33mapply [0m[33mf44d0436db1e... [0m[33mok (8s)
[0m[33mcompile target commit... [0m[33mok (10s)
[0mPREPARE:
[33m0s
[0mANALYZE:
COCCIGEN:
