BUILD:
[33mbase commit: f6ba86363908^1
[0m[33mtarget commit: f6ba86363908
[0m[33mchecking out base commit... [0m[33mok (1s)
[0m[33mformatting diff... [0m[33mok (1s)
[0m6 source file(s) touched in the old version
`-- drivers/block/drbd/drbd_int.h
`-- drivers/block/drbd/drbd_main.c
`-- drivers/block/drbd/drbd_nl.c
`-- drivers/block/drbd/drbd_proc.c
`-- drivers/block/drbd/drbd_receiver.c
`-- include/linux/drbd.h
6 source file(s) touched in the new version
`-- drivers/block/drbd/drbd_int.h
`-- drivers/block/drbd/drbd_main.c
`-- drivers/block/drbd/drbd_nl.c
`-- drivers/block/drbd/drbd_proc.c
`-- drivers/block/drbd/drbd_receiver.c
`-- include/linux/drbd.h
[33mcompile base commit... [0m[33mok (22s)
[0m[33mapply [0m[33mf6ba86363908... [0m[33mok (22s)
[0m[33mcompile target commit... [0m[33mok (36s)
[0mPREPARE:
[33mcollect AST for functions: max_allowed_wo@drivers_block_drbd_drbd_receiver.c,drbd_seq_show@drivers_block_drbd_drbd_proc.c,drbd_adm_attach@drivers_block_drbd_drbd_nl.c,drbd_adm_disk_opts@drivers_block_drbd_drbd_nl.c,drbd_create_resource@drivers_block_drbd_drbd_main.c,drbd_bump_write_ordering@drivers_block_drbd_drbd_receiver.c,drbd_flush@drivers_block_drbd_drbd_receiver.c,receive_Barrier@drivers_block_drbd_drbd_receiver.c
[0m[33mTransforming and linking bitcode files...
[0m[33m4s
[0mANALYZE:
COCCIGEN:
//# pattern-3, witnesses: 8
@@
@@
- WO_bdev_flush
+ WO_BDEV_FLUSH
//# pattern-1, witnesses: 4
@@
@@
- WO_drain_io
+ WO_DRAIN_IO
//# pattern-2, witnesses: 2
@@
@@
- WO_none
+ WO_NONE
