BUILD:
[33mbase commit: fceb6435e852^1
[0m[33mtarget commit: fceb6435e852
[0m[33mchecking out base commit... [0m[33mok (3s)
[0m[33mformatting diff... [0m[33mok (3s)
[0m129 source file(s) touched in the old version
`-- crypto/crypto_user.c
`-- drivers/block/drbd/drbd_nla.c
`-- drivers/infiniband/core/addr.c
`-- drivers/infiniband/core/iwpm_util.c
`-- drivers/infiniband/core/sa_query.c
`-- drivers/net/macsec.c
`-- drivers/net/team/team.c
`-- drivers/net/veth.c
`-- drivers/net/wireless/ath/ath10k/testmode.c
`-- drivers/net/wireless/ath/ath6kl/testmode.c
`-- drivers/net/wireless/intel/iwlwifi/mvm/mac80211.c
`-- drivers/net/wireless/mac80211_hwsim.c
`-- drivers/net/wireless/marvell/mwifiex/cfg80211.c
`-- drivers/net/wireless/ti/wlcore/testmode.c
`-- drivers/net/wireless/ti/wlcore/vendor_cmd.c
`-- include/net/genetlink.h
`-- include/net/netlink.h
`-- include/net/rtnetlink.h
`-- lib/nlattr.c
`-- net/8021q/vlan_netlink.c
`-- net/bridge/br_mdb.c
`-- net/bridge/br_netlink.c
`-- net/bridge/br_netlink_tunnel.c
`-- net/can/gw.c
`-- net/core/fib_rules.c
`-- net/core/lwt_bpf.c
`-- net/core/neighbour.c
`-- net/core/net_namespace.c
`-- net/core/rtnetlink.c
`-- net/dcb/dcbnl.c
`-- net/decnet/dn_dev.c
`-- net/decnet/dn_fib.c
`-- net/decnet/dn_route.c
`-- net/ieee802154/nl802154.c
`-- net/ipv4/devinet.c
`-- net/ipv4/fib_frontend.c
`-- net/ipv4/ip_tunnel_core.c
`-- net/ipv4/ipmr.c
`-- net/ipv4/route.c
`-- net/ipv6/addrconf.c
`-- net/ipv6/addrlabel.c
`-- net/ipv6/ila/ila_lwt.c
`-- net/ipv6/route.c
`-- net/ipv6/seg6_iptunnel.c
`-- net/mpls/af_mpls.c
`-- net/mpls/mpls_iptunnel.c
`-- net/netfilter/ipset/ip_set_core.c
`-- net/netfilter/ipvs/ip_vs_ctl.c
`-- net/netfilter/nf_conntrack_netlink.c
`-- net/netfilter/nf_conntrack_proto_dccp.c
`-- net/netfilter/nf_conntrack_proto_sctp.c
`-- net/netfilter/nf_conntrack_proto_tcp.c
`-- net/netfilter/nf_nat_core.c
`-- net/netfilter/nf_tables_api.c
`-- net/netfilter/nfnetlink.c
`-- net/netfilter/nfnetlink_acct.c
`-- net/netfilter/nfnetlink_cthelper.c
`-- net/netfilter/nfnetlink_cttimeout.c
`-- net/netfilter/nfnetlink_queue.c
`-- net/netfilter/nft_compat.c
`-- net/netlabel/netlabel_cipso_v4.c
`-- net/netlink/genetlink.c
`-- net/nfc/netlink.c
`-- net/openvswitch/datapath.c
`-- net/openvswitch/flow_netlink.c
`-- net/openvswitch/vport-vxlan.c
`-- net/phonet/pn_netlink.c
`-- net/qrtr/qrtr.c
`-- net/sched/act_api.c
`-- net/sched/act_bpf.c
`-- net/sched/act_connmark.c
`-- net/sched/act_csum.c
`-- net/sched/act_gact.c
`-- net/sched/act_ife.c
`-- net/sched/act_ipt.c
`-- net/sched/act_mirred.c
`-- net/sched/act_nat.c
`-- net/sched/act_pedit.c
`-- net/sched/act_police.c
`-- net/sched/act_sample.c
`-- net/sched/act_simple.c
`-- net/sched/act_skbedit.c
`-- net/sched/act_skbmod.c
`-- net/sched/act_tunnel_key.c
`-- net/sched/act_vlan.c
`-- net/sched/cls_api.c
`-- net/sched/cls_basic.c
`-- net/sched/cls_bpf.c
`-- net/sched/cls_cgroup.c
`-- net/sched/cls_flow.c
`-- net/sched/cls_flower.c
`-- net/sched/cls_fw.c
`-- net/sched/cls_matchall.c
`-- net/sched/cls_route.c
`-- net/sched/cls_rsvp.h
`-- net/sched/cls_tcindex.c
`-- net/sched/cls_u32.c
`-- net/sched/em_meta.c
`-- net/sched/ematch.c
`-- net/sched/sch_api.c
`-- net/sched/sch_atm.c
`-- net/sched/sch_cbq.c
`-- net/sched/sch_choke.c
`-- net/sched/sch_codel.c
`-- net/sched/sch_drr.c
`-- net/sched/sch_dsmark.c
`-- net/sched/sch_fq.c
`-- net/sched/sch_fq_codel.c
`-- net/sched/sch_gred.c
`-- net/sched/sch_hfsc.c
`-- net/sched/sch_hhf.c
`-- net/sched/sch_htb.c
`-- net/sched/sch_netem.c
`-- net/sched/sch_pie.c
`-- net/sched/sch_qfq.c
`-- net/sched/sch_red.c
`-- net/sched/sch_sfb.c
`-- net/sched/sch_tbf.c
`-- net/switchdev/switchdev.c
`-- net/tipc/bearer.c
`-- net/tipc/link.c
`-- net/tipc/net.c
`-- net/tipc/netlink.c
`-- net/tipc/netlink_compat.c
`-- net/tipc/node.c
`-- net/tipc/socket.c
`-- net/tipc/udp_media.c
`-- net/wireless/nl80211.c
`-- net/xfrm/xfrm_user.c
129 source file(s) touched in the new version
`-- crypto/crypto_user.c
`-- drivers/block/drbd/drbd_nla.c
`-- drivers/infiniband/core/addr.c
`-- drivers/infiniband/core/iwpm_util.c
`-- drivers/infiniband/core/sa_query.c
`-- drivers/net/macsec.c
`-- drivers/net/team/team.c
`-- drivers/net/veth.c
`-- drivers/net/wireless/ath/ath10k/testmode.c
`-- drivers/net/wireless/ath/ath6kl/testmode.c
`-- drivers/net/wireless/intel/iwlwifi/mvm/mac80211.c
`-- drivers/net/wireless/mac80211_hwsim.c
`-- drivers/net/wireless/marvell/mwifiex/cfg80211.c
`-- drivers/net/wireless/ti/wlcore/testmode.c
`-- drivers/net/wireless/ti/wlcore/vendor_cmd.c
`-- include/net/genetlink.h
`-- include/net/netlink.h
`-- include/net/rtnetlink.h
`-- lib/nlattr.c
`-- net/8021q/vlan_netlink.c
`-- net/bridge/br_mdb.c
`-- net/bridge/br_netlink.c
`-- net/bridge/br_netlink_tunnel.c
`-- net/can/gw.c
`-- net/core/fib_rules.c
`-- net/core/lwt_bpf.c
`-- net/core/neighbour.c
`-- net/core/net_namespace.c
`-- net/core/rtnetlink.c
`-- net/dcb/dcbnl.c
`-- net/decnet/dn_dev.c
`-- net/decnet/dn_fib.c
`-- net/decnet/dn_route.c
`-- net/ieee802154/nl802154.c
`-- net/ipv4/devinet.c
`-- net/ipv4/fib_frontend.c
`-- net/ipv4/ip_tunnel_core.c
`-- net/ipv4/ipmr.c
`-- net/ipv4/route.c
`-- net/ipv6/addrconf.c
`-- net/ipv6/addrlabel.c
`-- net/ipv6/ila/ila_lwt.c
`-- net/ipv6/route.c
`-- net/ipv6/seg6_iptunnel.c
`-- net/mpls/af_mpls.c
`-- net/mpls/mpls_iptunnel.c
`-- net/netfilter/ipset/ip_set_core.c
`-- net/netfilter/ipvs/ip_vs_ctl.c
`-- net/netfilter/nf_conntrack_netlink.c
`-- net/netfilter/nf_conntrack_proto_dccp.c
`-- net/netfilter/nf_conntrack_proto_sctp.c
`-- net/netfilter/nf_conntrack_proto_tcp.c
`-- net/netfilter/nf_nat_core.c
`-- net/netfilter/nf_tables_api.c
`-- net/netfilter/nfnetlink.c
`-- net/netfilter/nfnetlink_acct.c
`-- net/netfilter/nfnetlink_cthelper.c
`-- net/netfilter/nfnetlink_cttimeout.c
`-- net/netfilter/nfnetlink_queue.c
`-- net/netfilter/nft_compat.c
`-- net/netlabel/netlabel_cipso_v4.c
`-- net/netlink/genetlink.c
`-- net/nfc/netlink.c
`-- net/openvswitch/datapath.c
`-- net/openvswitch/flow_netlink.c
`-- net/openvswitch/vport-vxlan.c
`-- net/phonet/pn_netlink.c
`-- net/qrtr/qrtr.c
`-- net/sched/act_api.c
`-- net/sched/act_bpf.c
`-- net/sched/act_connmark.c
`-- net/sched/act_csum.c
`-- net/sched/act_gact.c
`-- net/sched/act_ife.c
`-- net/sched/act_ipt.c
`-- net/sched/act_mirred.c
`-- net/sched/act_nat.c
`-- net/sched/act_pedit.c
`-- net/sched/act_police.c
`-- net/sched/act_sample.c
`-- net/sched/act_simple.c
`-- net/sched/act_skbedit.c
`-- net/sched/act_skbmod.c
`-- net/sched/act_tunnel_key.c
`-- net/sched/act_vlan.c
`-- net/sched/cls_api.c
`-- net/sched/cls_basic.c
`-- net/sched/cls_bpf.c
`-- net/sched/cls_cgroup.c
`-- net/sched/cls_flow.c
`-- net/sched/cls_flower.c
`-- net/sched/cls_fw.c
`-- net/sched/cls_matchall.c
`-- net/sched/cls_route.c
`-- net/sched/cls_rsvp.h
`-- net/sched/cls_tcindex.c
`-- net/sched/cls_u32.c
`-- net/sched/em_meta.c
`-- net/sched/ematch.c
`-- net/sched/sch_api.c
`-- net/sched/sch_atm.c
`-- net/sched/sch_cbq.c
`-- net/sched/sch_choke.c
`-- net/sched/sch_codel.c
`-- net/sched/sch_drr.c
`-- net/sched/sch_dsmark.c
`-- net/sched/sch_fq.c
`-- net/sched/sch_fq_codel.c
`-- net/sched/sch_gred.c
`-- net/sched/sch_hfsc.c
`-- net/sched/sch_hhf.c
`-- net/sched/sch_htb.c
`-- net/sched/sch_netem.c
`-- net/sched/sch_pie.c
`-- net/sched/sch_qfq.c
`-- net/sched/sch_red.c
`-- net/sched/sch_sfb.c
`-- net/sched/sch_tbf.c
`-- net/switchdev/switchdev.c
`-- net/tipc/bearer.c
`-- net/tipc/link.c
`-- net/tipc/net.c
`-- net/tipc/netlink.c
`-- net/tipc/netlink_compat.c
`-- net/tipc/node.c
`-- net/tipc/socket.c
`-- net/tipc/udp_media.c
`-- net/wireless/nl80211.c
`-- net/xfrm/xfrm_user.c
[33mcompile base commit... [0m[33mok (97s)
[0m[33mapply [0m[33mfceb6435e852... [0m[33mok (97s)
[0m[33mcompile target commit... [0m[33mok (184s)
[0mPREPARE:
[33mcollect AST for functions: __iwl_mvm_mac_testmode_cmd@drivers_net_wireless_intel_iwlwifi_mvm_mac80211.c,ip6addrlbl_newdel@net_ipv6_addrlabel.c,bpf_parse_prog@net_core_lwt_bpf.c,dcbnl_setfeatcfg@net_dcb_dcbnl.c,rtnl_dump_ifinfo@net_core_rtnetlink.c,rtnl_dellink@net_core_rtnetlink.c,inet_rtm_deladdr@net_ipv4_devinet.c,ieee802154_llsec_parse_dev_addr@net_ieee802154_nl802154.c,inet_validate_link_af@net_ipv4_devinet.c,dn_nl_deladdr@net_decnet_dn_dev.c,rtnl_nla_parse_ifla@net_core_rtnetlink.c,rtnl_newlink@net_core_rtnetlink.c,wl1271_tm_cmd@drivers_net_wireless_ti_wlcore_testmode.c,rtm_to_ipmr_mfcc@net_ipv4_ipmr.c,drbd_nla_parse_nested@drivers_block_drbd_drbd_nla.c,dcbnl_bcn_setcfg@net_dcb_dcbnl.c,veth_newlink@drivers_net_veth.c,ip_tun_build_state@net_ipv4_ip_tunnel_core.c,ath10k_tm_cmd@drivers_net_wireless_ath_ath10k_testmode.c,br_parse_vlan_tunnel_info@net_bridge_br_netlink_tunnel.c,nl802154_prepare_wpan_dev_dump@net_ieee802154_nl802154.c,dn_nl_newaddr@net_decnet_dn_dev.c,nla_parse@lib_nlattr.c,dcbnl_setapp@net_dcb_dcbnl.c,ib_nl_is_good_resolve_resp@drivers_infiniband_core_sa_query.c,dcbnl_getcap@net_dcb_dcbnl.c,crypto_user_rcv_msg@crypto_crypto_user.c,rtnl_getlink@net_core_rtnetlink.c,rtm_to_fib6_config@net_ipv6_route.c,nl802154_dump_wpan_phy_parse@net_ieee802154_nl802154.c,dcbnl_ieee_del@net_dcb_dcbnl.c,dcbnl_bcn_getcfg@net_dcb_dcbnl.c,fib_nl_newrule@net_core_fib_rules.c,team_nl_cmd_options_set@drivers_net_team_team.c,inet_rtm_getroute@net_ipv4_route.c,rtnl_fdb_del@net_core_rtnetlink.c,wlcore_vendor_cmd_smart_config_set_group_key@drivers_net_wireless_ti_wlcore_vendor_cmd.c,ath6kl_tm_cmd@drivers_net_wireless_ath_ath6kl_testmode.c,nl802154_del_llsec_dev@net_ieee802154_nl802154.c,__dcbnl_pg_setcfg@net_dcb_dcbnl.c,ieee802154_llsec_parse_device@net_ieee802154_nl802154.c,nla_validate@lib_nlattr.c,neigh_add@net_core_neighbour.c,parse_rxsc_config@drivers_net_macsec.c,inet6_rtm_getroute@net_ipv6_route.c,nla_validate_nested@include_net_netlink.h,inet6_set_link_af@net_ipv6_addrconf.c,rtnl_net_newid@net_core_net_namespace.c,do_setlink@net_core_rtnetlink.c,inet6_validate_link_af@net_ipv6_addrconf.c,nlmsg_parse@include_net_netlink.h,dn_fib_rtm_delroute@net_decnet_dn_fib.c,dcbnl_setnumtcs@net_dcb_dcbnl.c,inet_set_link_af@net_ipv4_devinet.c,ib_nl_is_good_ip_resp@drivers_infiniband_core_addr.c,rtnl_fdb_dump@net_core_rtnetlink.c,br_mdb_parse@net_bridge_br_mdb.c,dcbnl_getpfccfg@net_dcb_dcbnl.c,rtnl_fdb_add@net_core_rtnetlink.c,ila_build_state@net_ipv6_ila_ila_lwt.c,llsec_parse_seclevel@net_ieee802154_nl802154.c,mac80211_hwsim_vendor_cmd_test@drivers_net_wireless_mac80211_hwsim.c,dcbnl_getfeatcfg@net_dcb_dcbnl.c,cgw_parse_attr@net_can_gw.c,dcbnl_ieee_set@net_dcb_dcbnl.c,nl802154_del_llsec_key@net_ieee802154_nl802154.c,dn_cache_getroute@net_decnet_dn_route.c,bpf_build_state@net_core_lwt_bpf.c,rtnl_setlink@net_core_rtnetlink.c,dcb_doit@net_dcb_dcbnl.c,rtm_to_ifaddr@net_ipv4_devinet.c,__dcbnl_pg_getcfg@net_dcb_dcbnl.c,mwifiex_tm_cmd@drivers_net_wireless_marvell_mwifiex_cfg80211.c,ib_nl_handle_set_timeout@drivers_infiniband_core_sa_query.c,dn_fib_rtm_newroute@net_decnet_dn_fib.c,inet6_netconf_get_devconf@net_ipv6_addrconf.c,rtnl_calcit@net_core_rtnetlink.c,nl802154_del_llsec_devkey@net_ieee802154_nl802154.c,inet6_rtm_getaddr@net_ipv6_addrconf.c,inet_netconf_get_devconf@net_ipv4_devinet.c,wlcore_vendor_cmd_smart_config_start@drivers_net_wireless_ti_wlcore_vendor_cmd.c,linkinfo_to_kind_ops@net_core_rtnetlink.c,inet6_rtm_deladdr@net_ipv6_addrconf.c,ieee802154_llsec_parse_key_id@net_ieee802154_nl802154.c,dcbnl_getnumtcs@net_dcb_dcbnl.c,parse_sa_config@drivers_net_macsec.c,fib_nl_delrule@net_core_fib_rules.c,dcbnl_setpfccfg@net_dcb_dcbnl.c,iwpm_parse_nlmsg@drivers_infiniband_core_iwpm_util.c,ip6addrlbl_get@net_ipv6_addrlabel.c,rtnl_net_getid@net_core_net_namespace.c,nl802154_add_llsec_key@net_ieee802154_nl802154.c,rtm_to_fib_config@net_ipv4_fib_frontend.c,mac80211_hwsim_testmode_cmd@drivers_net_wireless_mac80211_hwsim.c,neigh_dump_table@net_core_neighbour.c,genlmsg_parse@include_net_genetlink.h,nla_parse_nested@include_net_netlink.h,neightbl_set@net_core_neighbour.c,inet6_rtm_newaddr@net_ipv6_addrconf.c,br_setlink@net_bridge_br_netlink.c,ip6_tun_build_state@net_ipv4_ip_tunnel_core.c,dcbnl_getapp@net_dcb_dcbnl.c,nlmsg_validate@include_net_netlink.h,nl802154_add_llsec_devkey@net_ieee802154_nl802154.c,vlan_validate_qos_map@net_8021q_vlan_netlink.c
[0m[33mTransforming and linking bitcode files...
[0m[33m17s
[0mANALYZE:
COCCIGEN:
//# pattern-1, witnesses: 50
@@
expression E0;
expression E1;
expression E2;
expression E3;
@@
- nla_parse_nested(E0, E1, E2, E3)
+ nla_parse_nested(E0, E1, E2, E3, NULL)
//# pattern-5, witnesses: 40
@@
expression E0;
expression E1;
expression E2;
expression E3;
expression E4;
@@
- nlmsg_parse(E0, E1, E2, E3, E4)
+ nlmsg_parse(E0, E1, E2, E3, E4, NULL)
//# pattern-2, witnesses: 12
@@
expression E0;
expression E1;
expression E2;
expression V3;
@@
- nla_parse(tb, E0, E1, E2, V3)
+ nla_parse(tb, E0, E1, E2, V3, NULL)
//# pattern-6, witnesses: 3
@@
expression E0;
expression E1;
expression E2;
expression E3;
@@
- nlmsg_validate(E0, E1, E2, E3)
+ nlmsg_validate(E0, E1, E2, E3, NULL)
