--- /home/oslab/Desktop/common/net/netfilter/xt_qtaguid.c
+++ /tmp/cocci-output-18134-bcafea-xt_qtaguid.c
@@ -773,7 +773,7 @@ static int iface_stat_fmt_proc_show(stru
 	} else {
 		pp_iface_stat_line(m, iface_entry);
 	}
-	return 0;
+	return xt_check_entry_offsets(e, e->target_offset, e->next_offset);
 }
 
 static const struct file_operations read_u64_fops = {
@@ -1491,7 +1491,7 @@ static int proc_iface_stat_fmt_open(stru
 		return -ENOMEM;
 
 	s->fmt = (uintptr_t)PDE_DATA(inode);
-	return 0;
+	return xt_check_entry_offsets(e, e->target_offset, e->next_offset);
 }
 
 static const struct file_operations proc_iface_stat_fmt_fops = {
@@ -1556,7 +1556,7 @@ static int __init iface_stat_init(struct
 		       "failed to register ipv6 dev event handler\n");
 		goto err_unreg_ip4_addr;
 	}
-	return 0;
+	return xt_check_entry_offsets(e, e->target_offset, e->next_offset);
 
 err_unreg_ip4_addr:
 	unregister_inetaddr_notifier(&iface_inetaddr_notifier_blk);
@@ -1983,7 +1983,7 @@ static int qtaguid_ctrl_proc_show(struct
 		prdebug_full_state_locked(0, "proc ctrl");
 	}
 
-	return 0;
+	return xt_check_entry_offsets(e, e->target_offset, e->next_offset);
 }
 
 /*
@@ -2351,7 +2351,7 @@ static int ctrl_cmd_tag(const char *inpu
 	CT_DEBUG("qtaguid: ctrl_tag(%s): done st@%p ...->f_count=%ld\n",
 		 input, sock_tag_entry,
 		 atomic_long_read(&el_socket->file->f_count));
-	return 0;
+	return xt_check_entry_offsets(e, e->target_offset, e->next_offset);
 
 err_tag_unref_put:
 	BUG_ON(tag_ref_entry->num_sock_tags <= 0);
@@ -2449,7 +2449,7 @@ static int ctrl_cmd_untag(const char *in
 	kfree(sock_tag_entry);
 	atomic64_inc(&qtu_events.sockets_untagged);
 
-	return 0;
+	return xt_check_entry_offsets(e, e->target_offset, e->next_offset);
 
 err_put:
 	CT_DEBUG("qtaguid: ctrl_untag(%s): done. socket->...->f_count=%ld\n",
@@ -2559,7 +2559,8 @@ static int pp_stats_line(struct seq_file
 			 get_atag_from_tag(tag), stat_uid,
 			 current->pid, current->tgid, from_kuid(&init_user_ns, current_fsuid()),
 			 from_kgid(&init_user_ns,xt_qtaguid_stats_file->gid));
-		return 0;
+		return xt_check_entry_offsets(e, e->target_offset,
+					      e->next_offset);
 	}
 	ppi->item_index++;
 	cnts = &ts_entry->counters;
@@ -2744,7 +2745,7 @@ static int qtaguid_stats_proc_show(struc
 	else
 		pp_sets(m, ts_entry);
 
-	return 0;
+	return xt_check_entry_offsets(e, e->target_offset, e->next_offset);
 }
 
 /*------------------------------------------*/
@@ -2757,7 +2758,8 @@ static int qtudev_open(struct inode *ino
 	bool utd_entry_found;
 
 	if (unlikely(qtu_proc_handling_passive))
-		return 0;
+		return xt_check_entry_offsets(e, e->target_offset,
+					      e->next_offset);
 
 	DR_DEBUG("qtaguid: qtudev_open(): pid=%u tgid=%u uid=%u\n",
 		 current->pid, current->tgid, from_kuid(&init_user_ns, current_fsuid()));
@@ -2803,7 +2805,7 @@ static int qtudev_open(struct inode *ino
 	DR_DEBUG("qtaguid: tracking data for uid=%u in pqd=%p\n",
 		 from_kuid(&init_user_ns, current_fsuid()), new_pqd_entry);
 	file->private_data = new_pqd_entry;
-	return 0;
+	return xt_check_entry_offsets(e, e->target_offset, e->next_offset);
 
 err_unlock_free_utd:
 	if (!utd_entry_found) {
@@ -2825,7 +2827,8 @@ static int qtudev_release(struct inode *
 	struct tag_ref *tr;
 
 	if (unlikely(qtu_proc_handling_passive))
-		return 0;
+		return xt_check_entry_offsets(e, e->target_offset,
+					      e->next_offset);
 
 	/*
 	 * Do not trust the current->pid, it might just be a kworker cleaning
@@ -2894,7 +2897,7 @@ static int qtudev_release(struct inode *
 	prdebug_full_state_locked(0, "%s(): pid=%u tgid=%u", __func__,
 			   current->pid, current->tgid);
 	spin_unlock_bh(&sock_tag_list_lock);
-	return 0;
+	return xt_check_entry_offsets(e, e->target_offset, e->next_offset);
 }
 
 /*------------------------------------------*/
@@ -2988,7 +2991,7 @@ static int __init qtaguid_proc_register(
 	 * TODO: add support counter hacking
 	 * xt_qtaguid_stats_file->write_proc = qtaguid_stats_proc_write;
 	 */
-	return 0;
+	return xt_check_entry_offsets(e, e->target_offset, e->next_offset);
 
 no_stats_entry:
 	remove_proc_entry("ctrl", *res_procdir);
@@ -3018,7 +3021,7 @@ static int __init qtaguid_mt_init(void)
 	    || xt_register_match(&qtaguid_mt_reg)
 	    || misc_register(&qtu_device))
 		return -1;
-	return 0;
+	return xt_check_entry_offsets(e, e->target_offset, e->next_offset);
 }
 
 /*
