BUILD:
[33mbase commit: 00142756e1f8^1
[0m[33mtarget commit: 00142756e1f8
[0m[33mchecking out base commit... [0m[33mok (1s)
[0m[33mformatting diff... [0m[33mok (1s)
[0m4 source file(s) touched in the old version
`-- fs/btrfs/backref.c
`-- fs/btrfs/backref.h
`-- fs/btrfs/super.c
`-- include/trace/events/btrfs.h
4 source file(s) touched in the new version
`-- fs/btrfs/backref.c
`-- fs/btrfs/backref.h
`-- fs/btrfs/super.c
`-- include/trace/events/btrfs.h
[33mcompile base commit... [0m[33mok (17s)
[0m[33mapply [0m[33m00142756e1f8... [0m[33mok (17s)
[0m[33mcompile target commit... [0m[33mok (27s)
[0mPREPARE:
[33mcollect AST for functions: add_prelim_ref@fs_btrfs_backref.c,add_indirect_ref@fs_btrfs_backref.c,resolve_indirect_refs@fs_btrfs_backref.c,prelim_ref_insert@fs_btrfs_backref.c,add_keyed_refs@fs_btrfs_backref.c,add_missing_keys@fs_btrfs_backref.c,add_delayed_refs@fs_btrfs_backref.c,add_inline_refs@fs_btrfs_backref.c,add_direct_ref@fs_btrfs_backref.c,find_parent_nodes@fs_btrfs_backref.c
[0m[33mTransforming and linking bitcode files...
[0m[33m3s
[0mANALYZE:
COCCIGEN:
//# pattern-4, witnesses: 2
@@
expression ME0;
@@
- prelim_ref_insert(&ME0, ref)
+ prelim_ref_insert(fs_info, &ME0, ref)
