BUILD:
[33mbase commit: 002354112f1e^1
[0m[33mtarget commit: 002354112f1e
[0m[33mchecking out base commit... [0m[33mok (1s)
[0m[33mformatting diff... [0m[33mok (1s)
[0m3 source file(s) touched in the old version
`-- fs/btrfs/ioctl.c
`-- fs/overlayfs/readdir.c
`-- fs/readdir.c
3 source file(s) touched in the new version
`-- fs/btrfs/ioctl.c
`-- fs/overlayfs/readdir.c
`-- fs/readdir.c
[33mcompile base commit... [0m[33mok (15s)
[0m[33mapply [0m[33m002354112f1e... [0m[33mok (15s)
[0m[33mcompile target commit... [0m[33mok (27s)
[0mPREPARE:
[33mcollect AST for functions: btrfs_ioctl_snap_destroy@fs_btrfs_ioctl.c,ovl_check_whiteouts@fs_overlayfs_readdir.c,btrfs_mksubvol@fs_btrfs_ioctl.c,iterate_dir@fs_readdir.c
[0m[33mTransforming and linking bitcode files...
[0m[33m3s
[0mANALYZE:
COCCIGEN:
