BUILD:
[33mbase commit: 00cd8dd3bf95^1
[0m[33mtarget commit: 00cd8dd3bf95
[0m[33mchecking out base commit... [0m[33mok (1s)
[0m[33mformatting diff... [0m[33mok (1s)
[0m76 source file(s) touched in the old version
`-- fs/9p/v9fs.h
`-- fs/9p/vfs_inode.c
`-- fs/9p/vfs_inode_dotl.c
`-- fs/adfs/dir.c
`-- fs/affs/affs.h
`-- fs/affs/namei.c
`-- fs/afs/dir.c
`-- fs/afs/mntpt.c
`-- fs/autofs4/root.c
`-- fs/bad_inode.c
`-- fs/befs/linuxvfs.c
`-- fs/bfs/dir.c
`-- fs/btrfs/inode.c
`-- fs/ceph/dir.c
`-- fs/cifs/cifsfs.h
`-- fs/cifs/dir.c
`-- fs/coda/dir.c
`-- fs/configfs/dir.c
`-- fs/cramfs/inode.c
`-- fs/ecryptfs/inode.c
`-- fs/efs/efs.h
`-- fs/efs/namei.c
`-- fs/exofs/namei.c
`-- fs/ext2/namei.c
`-- fs/ext3/namei.c
`-- fs/ext4/namei.c
`-- fs/fat/namei_msdos.c
`-- fs/fat/namei_vfat.c
`-- fs/freevxfs/vxfs_lookup.c
`-- fs/fuse/dir.c
`-- fs/gfs2/inode.c
`-- fs/hfs/dir.c
`-- fs/hfs/inode.c
`-- fs/hfsplus/dir.c
`-- fs/hfsplus/inode.c
`-- fs/hostfs/hostfs_kern.c
`-- fs/hpfs/dir.c
`-- fs/hpfs/hpfs_fn.h
`-- fs/hppfs/hppfs.c
`-- fs/isofs/isofs.h
`-- fs/isofs/namei.c
`-- fs/jffs2/dir.c
`-- fs/jfs/namei.c
`-- fs/libfs.c
`-- fs/logfs/dir.c
`-- fs/minix/namei.c
`-- fs/namei.c
`-- fs/ncpfs/dir.c
`-- fs/nfs/dir.c
`-- fs/nilfs2/namei.c
`-- fs/ntfs/namei.c
`-- fs/ocfs2/namei.c
`-- fs/omfs/dir.c
`-- fs/openpromfs/inode.c
`-- fs/proc/base.c
`-- fs/proc/generic.c
`-- fs/proc/internal.h
`-- fs/proc/namespaces.c
`-- fs/proc/proc_net.c
`-- fs/proc/proc_sysctl.c
`-- fs/proc/root.c
`-- fs/qnx4/namei.c
`-- fs/qnx4/qnx4.h
`-- fs/qnx6/namei.c
`-- fs/qnx6/qnx6.h
`-- fs/reiserfs/namei.c
`-- fs/romfs/super.c
`-- fs/squashfs/namei.c
`-- fs/sysfs/dir.c
`-- fs/sysv/namei.c
`-- fs/ubifs/dir.c
`-- fs/udf/namei.c
`-- fs/ufs/namei.c
`-- fs/xfs/xfs_iops.c
`-- include/linux/fs.h
`-- kernel/cgroup.c
76 source file(s) touched in the new version
`-- fs/9p/v9fs.h
`-- fs/9p/vfs_inode.c
`-- fs/9p/vfs_inode_dotl.c
`-- fs/adfs/dir.c
`-- fs/affs/affs.h
`-- fs/affs/namei.c
`-- fs/afs/dir.c
`-- fs/afs/mntpt.c
`-- fs/autofs4/root.c
`-- fs/bad_inode.c
`-- fs/befs/linuxvfs.c
`-- fs/bfs/dir.c
`-- fs/btrfs/inode.c
`-- fs/ceph/dir.c
`-- fs/cifs/cifsfs.h
`-- fs/cifs/dir.c
`-- fs/coda/dir.c
`-- fs/configfs/dir.c
`-- fs/cramfs/inode.c
`-- fs/ecryptfs/inode.c
`-- fs/efs/efs.h
`-- fs/efs/namei.c
`-- fs/exofs/namei.c
`-- fs/ext2/namei.c
`-- fs/ext3/namei.c
`-- fs/ext4/namei.c
`-- fs/fat/namei_msdos.c
`-- fs/fat/namei_vfat.c
`-- fs/freevxfs/vxfs_lookup.c
`-- fs/fuse/dir.c
`-- fs/gfs2/inode.c
`-- fs/hfs/dir.c
`-- fs/hfs/inode.c
`-- fs/hfsplus/dir.c
`-- fs/hfsplus/inode.c
`-- fs/hostfs/hostfs_kern.c
`-- fs/hpfs/dir.c
`-- fs/hpfs/hpfs_fn.h
`-- fs/hppfs/hppfs.c
`-- fs/isofs/isofs.h
`-- fs/isofs/namei.c
`-- fs/jffs2/dir.c
`-- fs/jfs/namei.c
`-- fs/libfs.c
`-- fs/logfs/dir.c
`-- fs/minix/namei.c
`-- fs/namei.c
`-- fs/ncpfs/dir.c
`-- fs/nfs/dir.c
`-- fs/nilfs2/namei.c
`-- fs/ntfs/namei.c
`-- fs/ocfs2/namei.c
`-- fs/omfs/dir.c
`-- fs/openpromfs/inode.c
`-- fs/proc/base.c
`-- fs/proc/generic.c
`-- fs/proc/internal.h
`-- fs/proc/namespaces.c
`-- fs/proc/proc_net.c
`-- fs/proc/proc_sysctl.c
`-- fs/proc/root.c
`-- fs/qnx4/namei.c
`-- fs/qnx4/qnx4.h
`-- fs/qnx6/namei.c
`-- fs/qnx6/qnx6.h
`-- fs/reiserfs/namei.c
`-- fs/romfs/super.c
`-- fs/squashfs/namei.c
`-- fs/sysfs/dir.c
`-- fs/sysv/namei.c
`-- fs/ubifs/dir.c
`-- fs/udf/namei.c
`-- fs/ufs/namei.c
`-- fs/xfs/xfs_iops.c
`-- include/linux/fs.h
`-- kernel/cgroup.c
[33mcompile base commit... [0m[33mok (6s)
[0m[33mapply [0m[33m00cd8dd3bf95... [0m[33mok (6s)
[0m[33mcompile target commit... [0m[33mok (11s)
[0mPREPARE:
[33m0s
[0mANALYZE:
COCCIGEN:
