BUILD:
[33mbase commit: 02afc27faec9^1
[0m[33mtarget commit: 02afc27faec9
[0m[33mchecking out base commit... [0m[33mok (2s)
[0m[33mformatting diff... [0m[33mok (2s)
[0m6 source file(s) touched in the old version
`-- fs/block_dev.c
`-- fs/btrfs/file.c
`-- fs/cifs/file.c
`-- fs/direct-io.c
`-- fs/ext4/file.c
`-- mm/filemap.c
6 source file(s) touched in the new version
`-- fs/block_dev.c
`-- fs/btrfs/file.c
`-- fs/cifs/file.c
`-- fs/direct-io.c
`-- fs/ext4/file.c
`-- mm/filemap.c
[33mcompile base commit... [0m[33mok (7s)
[0m[33mapply [0m[33m02afc27faec9... [0m[33mok (7s)
[0m[33mcompile target commit... [0m[33mok (10s)
[0mPREPARE:
[33m0s
[0mANALYZE:
COCCIGEN:
