BUILD:
[33mbase commit: 02b9984d6408^1
[0m[33mtarget commit: 02b9984d6408
[0m[33mchecking out base commit... [0m[33mok (3s)
[0m[33mformatting diff... [0m[33mok (3s)
[0m44 source file(s) touched in the old version
`-- fs/adfs/super.c
`-- fs/affs/super.c
`-- fs/befs/linuxvfs.c
`-- fs/btrfs/super.c
`-- fs/cifs/cifsfs.c
`-- fs/coda/inode.c
`-- fs/cramfs/inode.c
`-- fs/debugfs/inode.c
`-- fs/devpts/inode.c
`-- fs/efs/super.c
`-- fs/ext2/super.c
`-- fs/ext3/super.c
`-- fs/ext4/super.c
`-- fs/f2fs/super.c
`-- fs/fat/inode.c
`-- fs/freevxfs/vxfs_super.c
`-- fs/fuse/inode.c
`-- fs/gfs2/super.c
`-- fs/hfs/super.c
`-- fs/hfsplus/super.c
`-- fs/hpfs/super.c
`-- fs/isofs/inode.c
`-- fs/jffs2/super.c
`-- fs/jfs/super.c
`-- fs/minix/inode.c
`-- fs/ncpfs/inode.c
`-- fs/nfs/super.c
`-- fs/nilfs2/super.c
`-- fs/ntfs/super.c
`-- fs/ocfs2/super.c
`-- fs/openpromfs/inode.c
`-- fs/proc/root.c
`-- fs/pstore/inode.c
`-- fs/qnx4/inode.c
`-- fs/qnx6/inode.c
`-- fs/reiserfs/super.c
`-- fs/romfs/super.c
`-- fs/squashfs/super.c
`-- fs/super.c
`-- fs/sysv/inode.c
`-- fs/ubifs/super.c
`-- fs/udf/super.c
`-- fs/ufs/super.c
`-- fs/xfs/xfs_super.c
44 source file(s) touched in the new version
`-- fs/adfs/super.c
`-- fs/affs/super.c
`-- fs/befs/linuxvfs.c
`-- fs/btrfs/super.c
`-- fs/cifs/cifsfs.c
`-- fs/coda/inode.c
`-- fs/cramfs/inode.c
`-- fs/debugfs/inode.c
`-- fs/devpts/inode.c
`-- fs/efs/super.c
`-- fs/ext2/super.c
`-- fs/ext3/super.c
`-- fs/ext4/super.c
`-- fs/f2fs/super.c
`-- fs/fat/inode.c
`-- fs/freevxfs/vxfs_super.c
`-- fs/fuse/inode.c
`-- fs/gfs2/super.c
`-- fs/hfs/super.c
`-- fs/hfsplus/super.c
`-- fs/hpfs/super.c
`-- fs/isofs/inode.c
`-- fs/jffs2/super.c
`-- fs/jfs/super.c
`-- fs/minix/inode.c
`-- fs/ncpfs/inode.c
`-- fs/nfs/super.c
`-- fs/nilfs2/super.c
`-- fs/ntfs/super.c
`-- fs/ocfs2/super.c
`-- fs/openpromfs/inode.c
`-- fs/proc/root.c
`-- fs/pstore/inode.c
`-- fs/qnx4/inode.c
`-- fs/qnx6/inode.c
`-- fs/reiserfs/super.c
`-- fs/romfs/super.c
`-- fs/squashfs/super.c
`-- fs/super.c
`-- fs/sysv/inode.c
`-- fs/ubifs/super.c
`-- fs/udf/super.c
`-- fs/ufs/super.c
`-- fs/xfs/xfs_super.c
[33mcompile base commit... [0m[33mok (11s)
[0m[33mapply [0m[33m02b9984d6408... [0m[33mok (11s)
[0m[33mcompile target commit... [0m[33mok (13s)
[0mPREPARE:
[33m0s
[0mANALYZE:
COCCIGEN:
