BUILD:
[33mbase commit: 02c24a82187d^1
[0m[33mtarget commit: 02c24a82187d
[0m[33mchecking out base commit... [0m[33mok (2s)
[0m[33mformatting diff... [0m[33mok (2s)
[0m68 source file(s) touched in the old version
`-- arch/powerpc/platforms/cell/spufs/file.c
`-- drivers/char/ps3flash.c
`-- drivers/mtd/ubi/cdev.c
`-- drivers/staging/pohmelfs/inode.c
`-- drivers/usb/gadget/printer.c
`-- drivers/video/fb_defio.c
`-- fs/9p/v9fs_vfs.h
`-- fs/9p/vfs_file.c
`-- fs/affs/affs.h
`-- fs/affs/file.c
`-- fs/afs/internal.h
`-- fs/afs/write.c
`-- fs/bad_inode.c
`-- fs/block_dev.c
`-- fs/btrfs/ctree.h
`-- fs/btrfs/file.c
`-- fs/ceph/caps.c
`-- fs/ceph/dir.c
`-- fs/ceph/super.h
`-- fs/cifs/cifsfs.h
`-- fs/cifs/file.c
`-- fs/coda/coda_int.h
`-- fs/coda/file.c
`-- fs/ecryptfs/file.c
`-- fs/exofs/file.c
`-- fs/ext2/ext2.h
`-- fs/ext2/file.c
`-- fs/ext3/fsync.c
`-- fs/ext4/ext4.h
`-- fs/ext4/fsync.c
`-- fs/fat/fat.h
`-- fs/fat/file.c
`-- fs/fuse/dir.c
`-- fs/fuse/file.c
`-- fs/fuse/fuse_i.h
`-- fs/gfs2/file.c
`-- fs/hfs/inode.c
`-- fs/hfsplus/hfsplus_fs.h
`-- fs/hfsplus/inode.c
`-- fs/hostfs/hostfs_kern.c
`-- fs/hpfs/file.c
`-- fs/hpfs/hpfs_fn.h
`-- fs/hppfs/hppfs.c
`-- fs/jffs2/file.c
`-- fs/jffs2/os-linux.h
`-- fs/jfs/file.c
`-- fs/jfs/jfs_inode.h
`-- fs/libfs.c
`-- fs/logfs/file.c
`-- fs/logfs/logfs.h
`-- fs/ncpfs/file.c
`-- fs/nfs/dir.c
`-- fs/nfs/file.c
`-- fs/nilfs2/file.c
`-- fs/nilfs2/nilfs.h
`-- fs/ntfs/dir.c
`-- fs/ntfs/file.c
`-- fs/ocfs2/file.c
`-- fs/reiserfs/dir.c
`-- fs/reiserfs/file.c
`-- fs/sync.c
`-- fs/ubifs/file.c
`-- fs/ubifs/ubifs.h
`-- fs/xfs/linux-2.6/xfs_file.c
`-- include/linux/ext3_fs.h
`-- include/linux/fb.h
`-- include/linux/fs.h
`-- ipc/shm.c
68 source file(s) touched in the new version
`-- arch/powerpc/platforms/cell/spufs/file.c
`-- drivers/char/ps3flash.c
`-- drivers/mtd/ubi/cdev.c
`-- drivers/staging/pohmelfs/inode.c
`-- drivers/usb/gadget/printer.c
`-- drivers/video/fb_defio.c
`-- fs/9p/v9fs_vfs.h
`-- fs/9p/vfs_file.c
`-- fs/affs/affs.h
`-- fs/affs/file.c
`-- fs/afs/internal.h
`-- fs/afs/write.c
`-- fs/bad_inode.c
`-- fs/block_dev.c
`-- fs/btrfs/ctree.h
`-- fs/btrfs/file.c
`-- fs/ceph/caps.c
`-- fs/ceph/dir.c
`-- fs/ceph/super.h
`-- fs/cifs/cifsfs.h
`-- fs/cifs/file.c
`-- fs/coda/coda_int.h
`-- fs/coda/file.c
`-- fs/ecryptfs/file.c
`-- fs/exofs/file.c
`-- fs/ext2/ext2.h
`-- fs/ext2/file.c
`-- fs/ext3/fsync.c
`-- fs/ext4/ext4.h
`-- fs/ext4/fsync.c
`-- fs/fat/fat.h
`-- fs/fat/file.c
`-- fs/fuse/dir.c
`-- fs/fuse/file.c
`-- fs/fuse/fuse_i.h
`-- fs/gfs2/file.c
`-- fs/hfs/inode.c
`-- fs/hfsplus/hfsplus_fs.h
`-- fs/hfsplus/inode.c
`-- fs/hostfs/hostfs_kern.c
`-- fs/hpfs/file.c
`-- fs/hpfs/hpfs_fn.h
`-- fs/hppfs/hppfs.c
`-- fs/jffs2/file.c
`-- fs/jffs2/os-linux.h
`-- fs/jfs/file.c
`-- fs/jfs/jfs_inode.h
`-- fs/libfs.c
`-- fs/logfs/file.c
`-- fs/logfs/logfs.h
`-- fs/ncpfs/file.c
`-- fs/nfs/dir.c
`-- fs/nfs/file.c
`-- fs/nilfs2/file.c
`-- fs/nilfs2/nilfs.h
`-- fs/ntfs/dir.c
`-- fs/ntfs/file.c
`-- fs/ocfs2/file.c
`-- fs/reiserfs/dir.c
`-- fs/reiserfs/file.c
`-- fs/sync.c
`-- fs/ubifs/file.c
`-- fs/ubifs/ubifs.h
`-- fs/xfs/linux-2.6/xfs_file.c
`-- include/linux/ext3_fs.h
`-- include/linux/fb.h
`-- include/linux/fs.h
`-- ipc/shm.c
[33mcompile base commit... [0m[33mok (6s)
[0m[33mapply [0m[33m02c24a82187d... [0m[33mok (6s)
[0m[33mcompile target commit... [0m[33mok (10s)
[0mPREPARE:
[33m0s
[0mANALYZE:
COCCIGEN:
