BUILD:
[33mbase commit: 04b38d601239^1
[0m[33mtarget commit: 04b38d601239
[0m[33mchecking out base commit... [0m[33mok (0s)
[0m[33mformatting diff... [0m[33mok (0s)
[0m11 source file(s) touched in the old version
`-- fs/btrfs/ctree.h
`-- fs/btrfs/file.c
`-- fs/btrfs/ioctl.c
`-- fs/cifs/cifsfs.c
`-- fs/cifs/cifsfs.h
`-- fs/cifs/ioctl.c
`-- fs/ioctl.c
`-- fs/nfs/nfs4file.c
`-- fs/read_write.c
`-- include/linux/fs.h
`-- include/uapi/linux/fs.h
11 source file(s) touched in the new version
`-- fs/btrfs/ctree.h
`-- fs/btrfs/file.c
`-- fs/btrfs/ioctl.c
`-- fs/cifs/cifsfs.c
`-- fs/cifs/cifsfs.h
`-- fs/cifs/ioctl.c
`-- fs/ioctl.c
`-- fs/nfs/nfs4file.c
`-- fs/read_write.c
`-- include/linux/fs.h
`-- include/uapi/linux/fs.h
[33mcompile base commit... [0m[33mok (29s)
[0m[33mapply [0m[33m04b38d601239... [0m[33mok (29s)
[0m[33mcompile target commit... [0m[33mok (48s)
[0mPREPARE:
[33mcollect AST for functions: cifs_file_direct_nobrl_ops@fs_cifs_cifsfs.c,cifs_file_direct_ops@fs_cifs_cifsfs.c,cifs_ioctl_clone@fs_cifs_ioctl.c,cifs_file_strict_nobrl_ops@fs_cifs_cifsfs.c,nfs4_file_operations@fs_nfs_nfs4file.c,cifs_file_strict_ops@fs_cifs_cifsfs.c,cifs_ioctl@fs_cifs_ioctl.c,cifs_dir_ops@fs_cifs_cifsfs.c,cifs_file_ops@fs_cifs_cifsfs.c,cifs_file_nobrl_ops@fs_cifs_cifsfs.c,btrfs_file_operations@fs_btrfs_file.c,do_vfs_ioctl@fs_ioctl.c,btrfs_ioctl@fs_btrfs_ioctl.c
[0m[33mTransforming and linking bitcode files...
[0m[33m8s
[0mANALYZE:
COCCIGEN:
//# pattern-3, witnesses: 7
@@
identifier s;
@@
 const struct file_operations s = {
+    .clone_file_range = cifs_clone_file_range,
 };
//# pattern-1, witnesses: 2
@r0@
identifier i, fn;
@@
struct file_operations i = {
    .unlocked_ioctl = fn,
};
@@
identifier arg;
identifier cmd;
identifier file;
@@
 long btrfs_ioctl(struct file * file, unsigned int cmd, unsigned long arg)
 { ... }
