BUILD:
[33mbase commit: 073931017b49^1
[0m[33mtarget commit: 073931017b49
[0m[33mchecking out base commit... [0m[33mok (1s)
[0m[33mformatting diff... [0m[33mok (1s)
[0m16 source file(s) touched in the old version
`-- fs/9p/acl.c
`-- fs/btrfs/acl.c
`-- fs/ceph/acl.c
`-- fs/ext2/acl.c
`-- fs/ext4/acl.c
`-- fs/f2fs/acl.c
`-- fs/gfs2/acl.c
`-- fs/hfsplus/posix_acl.c
`-- fs/jffs2/acl.c
`-- fs/jfs/acl.c
`-- fs/ocfs2/acl.c
`-- fs/orangefs/acl.c
`-- fs/posix_acl.c
`-- fs/reiserfs/xattr_acl.c
`-- fs/xfs/xfs_acl.c
`-- include/linux/posix_acl.h
16 source file(s) touched in the new version
`-- fs/9p/acl.c
`-- fs/btrfs/acl.c
`-- fs/ceph/acl.c
`-- fs/ext2/acl.c
`-- fs/ext4/acl.c
`-- fs/f2fs/acl.c
`-- fs/gfs2/acl.c
`-- fs/hfsplus/posix_acl.c
`-- fs/jffs2/acl.c
`-- fs/jfs/acl.c
`-- fs/ocfs2/acl.c
`-- fs/orangefs/acl.c
`-- fs/posix_acl.c
`-- fs/reiserfs/xattr_acl.c
`-- fs/xfs/xfs_acl.c
`-- include/linux/posix_acl.h
[33mcompile base commit... [0m[33mok (41s)
[0m[33mapply [0m[33m073931017b49... [0m[33mok (41s)
[0m[33mcompile target commit... [0m[33mok (71s)
[0mPREPARE:
[33mcollect AST for functions: ocfs2_set_acl@fs_ocfs2_acl.c,__gfs2_set_acl@fs_gfs2_acl.c,hfsplus_set_posix_acl@fs_hfsplus_posix_acl.c,__jfs_set_acl@fs_jfs_acl.c,__reiserfs_set_acl@fs_reiserfs_xattr_acl.c,__ext4_set_acl@fs_ext4_acl.c,__f2fs_set_acl@fs_f2fs_acl.c,xfs_set_acl@fs_xfs_xfs_acl.c,orangefs_set_acl@fs_orangefs_acl.c,__btrfs_set_acl@fs_btrfs_acl.c,ceph_set_acl@fs_ceph_acl.c,jffs2_set_acl@fs_jffs2_acl.c,ext2_set_acl@fs_ext2_acl.c,v9fs_xattr_set_acl@fs_9p_acl.c
[0m[33mTransforming and linking bitcode files...
[0m[33m4s
[0mANALYZE:
COCCIGEN:
//# pattern-4, witnesses: 4
@@
identifier s;
@@
 umode_t s = {
 };
