BUILD:
[33mbase commit: 09ed2f165cb3^1
[0m[33mtarget commit: 09ed2f165cb3
[0m[33mchecking out base commit... [0m[33mok (2s)
[0m[33mformatting diff... [0m[33mok (2s)
[0m2 source file(s) touched in the old version
`-- fs/btrfs/inode.c
`-- include/trace/events/btrfs.h
2 source file(s) touched in the new version
`-- fs/btrfs/inode.c
`-- include/trace/events/btrfs.h
[33mcompile base commit... [0m[33mok (24s)
[0m[33mapply [0m[33m09ed2f165cb3... [0m[33mok (24s)
[0m[33mcompile target commit... [0m[33mok (37s)
[0mPREPARE:
[33mcollect AST for functions: btrfs_get_extent@fs_btrfs_inode.c,btrfs_truncate_inode_items@fs_btrfs_inode.c
[0m[33mTransforming and linking bitcode files...
[0m[33m4s
[0mANALYZE:
COCCIGEN:
