BUILD:
[33mbase commit: 0b173bc4daa8^1
[0m[33mtarget commit: 0b173bc4daa8
[0m[33mchecking out base commit... [0m[33mok (1s)
[0m[33mformatting diff... [0m[33mok (1s)
[0m21 source file(s) touched in the old version
`-- drivers/staging/android/ashmem.c
`-- fs/9p/vfs_file.c
`-- fs/btrfs/file.c
`-- fs/ceph/addr.c
`-- fs/cifs/file.c
`-- fs/ext4/file.c
`-- fs/fuse/file.c
`-- fs/gfs2/file.c
`-- fs/nfs/file.c
`-- fs/nilfs2/file.c
`-- fs/ocfs2/mmap.c
`-- fs/ubifs/file.c
`-- fs/xfs/xfs_file.c
`-- include/linux/fs.h
`-- include/linux/mm.h
`-- mm/filemap.c
`-- mm/filemap_xip.c
`-- mm/fremap.c
`-- mm/mmap.c
`-- mm/nommu.c
`-- mm/shmem.c
21 source file(s) touched in the new version
`-- drivers/staging/android/ashmem.c
`-- fs/9p/vfs_file.c
`-- fs/btrfs/file.c
`-- fs/ceph/addr.c
`-- fs/cifs/file.c
`-- fs/ext4/file.c
`-- fs/fuse/file.c
`-- fs/gfs2/file.c
`-- fs/nfs/file.c
`-- fs/nilfs2/file.c
`-- fs/ocfs2/mmap.c
`-- fs/ubifs/file.c
`-- fs/xfs/xfs_file.c
`-- include/linux/fs.h
`-- include/linux/mm.h
`-- mm/filemap.c
`-- mm/filemap_xip.c
`-- mm/fremap.c
`-- mm/mmap.c
`-- mm/nommu.c
`-- mm/shmem.c
[33mcompile base commit... [0m[33mok (6s)
[0m[33mapply [0m[33m0b173bc4daa8... [0m[33mok (6s)
[0m[33mcompile target commit... [0m[33mok (8s)
[0mPREPARE:
[33m0s
[0mANALYZE:
COCCIGEN:
@@
@@
 #include <linux/fs.h>
+#include <linux/export.h>
