BUILD:
[33mbase commit: 0c949334a9e2^1
[0m[33mtarget commit: 0c949334a9e2
[0m[33mchecking out base commit... [0m[33mok (1s)
[0m[33mformatting diff... [0m[33mok (1s)
[0m7 source file(s) touched in the old version
`-- fs/btrfs/file.c
`-- fs/fuse/file.c
`-- fs/ocfs2/file.c
`-- fs/xfs/xfs_file.c
`-- include/linux/fs.h
`-- include/linux/uio.h
`-- mm/filemap.c
7 source file(s) touched in the new version
`-- fs/btrfs/file.c
`-- fs/fuse/file.c
`-- fs/ocfs2/file.c
`-- fs/xfs/xfs_file.c
`-- include/linux/fs.h
`-- include/linux/uio.h
`-- mm/filemap.c
[33mcompile base commit... [0m[33mok (6s)
[0m[33mapply [0m[33m0c949334a9e2... [0m[33mok (6s)
[0m[33mcompile target commit... [0m[33mok (9s)
[0mPREPARE:
[33m0s
[0mANALYZE:
COCCIGEN:
