BUILD:
[33mbase commit: 0cd6144aadd2^1
[0m[33mtarget commit: 0cd6144aadd2
[0m[33mchecking out base commit... [0m[33mok (1s)
[0m[33mformatting diff... [0m[33mok (1s)
[0m11 source file(s) touched in the old version
`-- fs/btrfs/compression.c
`-- include/linux/mm.h
`-- include/linux/pagemap.h
`-- include/linux/pagevec.h
`-- include/linux/shmem_fs.h
`-- mm/filemap.c
`-- mm/mincore.c
`-- mm/readahead.c
`-- mm/shmem.c
`-- mm/swap.c
`-- mm/truncate.c
11 source file(s) touched in the new version
`-- fs/btrfs/compression.c
`-- include/linux/mm.h
`-- include/linux/pagemap.h
`-- include/linux/pagevec.h
`-- include/linux/shmem_fs.h
`-- mm/filemap.c
`-- mm/mincore.c
`-- mm/readahead.c
`-- mm/shmem.c
`-- mm/swap.c
`-- mm/truncate.c
[33mcompile base commit... [0m[33mok (6s)
[0m[33mapply [0m[33m0cd6144aadd2... [0m[33mok (6s)
[0m[33mcompile target commit... [0m[33mok (9s)
[0mPREPARE:
[33m0s
[0mANALYZE:
COCCIGEN:
