BUILD:
[33mbase commit: 0ee5dc676a5f^1
[0m[33mtarget commit: 0ee5dc676a5f
[0m[33mchecking out base commit... [0m[33mok (1s)
[0m[33mformatting diff... [0m[33mok (1s)
[0m5 source file(s) touched in the old version
`-- fs/btrfs/ctree.h
`-- fs/btrfs/disk-io.c
`-- fs/btrfs/inode.c
`-- fs/super.c
`-- include/linux/fs.h
5 source file(s) touched in the new version
`-- fs/btrfs/ctree.h
`-- fs/btrfs/disk-io.c
`-- fs/btrfs/inode.c
`-- fs/super.c
`-- include/linux/fs.h
[33mcompile base commit... [0m[33mok (5s)
[0m[33mapply [0m[33m0ee5dc676a5f... [0m[33mok (5s)
[0m[33mcompile target commit... [0m[33mok (6s)
[0mPREPARE:
[33m0s
[0mANALYZE:
COCCIGEN:
