BUILD:
[33mbase commit: 0fa6b005afdb^1
[0m[33mtarget commit: 0fa6b005afdb
[0m[33mchecking out base commit... [0m[33mok (1s)
[0m[33mformatting diff... [0m[33mok (1s)
[0m14 source file(s) touched in the old version
`-- fs/9p/vfs_file.c
`-- fs/btrfs/file.c
`-- fs/ceph/file.c
`-- fs/cifs/file.c
`-- fs/ext4/file.c
`-- fs/fuse/file.c
`-- fs/ncpfs/file.c
`-- fs/nfs/direct.c
`-- fs/ntfs/file.c
`-- fs/ocfs2/file.c
`-- fs/udf/file.c
`-- fs/xfs/xfs_file.c
`-- include/linux/fs.h
`-- mm/filemap.c
14 source file(s) touched in the new version
`-- fs/9p/vfs_file.c
`-- fs/btrfs/file.c
`-- fs/ceph/file.c
`-- fs/cifs/file.c
`-- fs/ext4/file.c
`-- fs/fuse/file.c
`-- fs/ncpfs/file.c
`-- fs/nfs/direct.c
`-- fs/ntfs/file.c
`-- fs/ocfs2/file.c
`-- fs/udf/file.c
`-- fs/xfs/xfs_file.c
`-- include/linux/fs.h
`-- mm/filemap.c
[33mcompile base commit... [0m[33mok (30s)
[0m[33mapply [0m[33m0fa6b005afdb... [0m[33mok (30s)
[0m[33mcompile target commit... [0m[33mok (53s)
[0mPREPARE:
[33mcollect AST for functions: ncp_file_write_iter@fs_ncpfs_file.c,btrfs_file_write_iter@fs_btrfs_file.c,cifs_writev@fs_cifs_file.c,cifs_user_writev@fs_cifs_file.c,ocfs2_file_write_iter@fs_ocfs2_file.c,ntfs_prepare_file_for_write@fs_ntfs_file.c,v9fs_file_write_iter@fs_9p_vfs_file.c,ext4_file_write_iter@fs_ext4_file.c,generic_file_write_iter@mm_filemap.c,fuse_direct_write_iter@fs_fuse_file.c,xfs_file_aio_write_checks@fs_xfs_xfs_file.c,fuse_direct_IO@fs_fuse_file.c,fuse_file_write_iter@fs_fuse_file.c,nfs_file_direct_write@fs_nfs_direct.c,ceph_write_iter@fs_ceph_file.c,udf_file_write_iter@fs_udf_file.c
[0m[33mTransforming and linking bitcode files...
[0m[33m6s
[0mANALYZE:
COCCIGEN:
//# pattern-1, witnesses: 16
@@
expression E0;
expression E1;
expression E2;
@@
- generic_write_checks(file, E0, E1, E2)
+ generic_write_checks(file, E0, E1)
