BUILD:
[33mbase commit: 10556cb21a0d^1
[0m[33mtarget commit: 10556cb21a0d
[0m[33mchecking out base commit... [0m[33mok (1s)
[0m[33mformatting diff... [0m[33mok (1s)
[0m30 source file(s) touched in the old version
`-- fs/afs/internal.h
`-- fs/afs/security.c
`-- fs/bad_inode.c
`-- fs/btrfs/inode.c
`-- fs/ceph/inode.c
`-- fs/ceph/super.h
`-- fs/cifs/cifsfs.c
`-- fs/coda/coda_linux.h
`-- fs/coda/dir.c
`-- fs/coda/pioctl.c
`-- fs/ecryptfs/inode.c
`-- fs/fuse/dir.c
`-- fs/gfs2/file.c
`-- fs/gfs2/inode.c
`-- fs/gfs2/inode.h
`-- fs/hostfs/hostfs_kern.c
`-- fs/namei.c
`-- fs/nfs/dir.c
`-- fs/nilfs2/inode.c
`-- fs/nilfs2/nilfs.h
`-- fs/ocfs2/file.c
`-- fs/ocfs2/file.h
`-- fs/proc/base.c
`-- fs/proc/proc_sysctl.c
`-- fs/reiserfs/xattr.c
`-- fs/sysfs/inode.c
`-- fs/sysfs/sysfs.h
`-- include/linux/fs.h
`-- include/linux/nfs_fs.h
`-- include/linux/reiserfs_xattr.h
30 source file(s) touched in the new version
`-- fs/afs/internal.h
`-- fs/afs/security.c
`-- fs/bad_inode.c
`-- fs/btrfs/inode.c
`-- fs/ceph/inode.c
`-- fs/ceph/super.h
`-- fs/cifs/cifsfs.c
`-- fs/coda/coda_linux.h
`-- fs/coda/dir.c
`-- fs/coda/pioctl.c
`-- fs/ecryptfs/inode.c
`-- fs/fuse/dir.c
`-- fs/gfs2/file.c
`-- fs/gfs2/inode.c
`-- fs/gfs2/inode.h
`-- fs/hostfs/hostfs_kern.c
`-- fs/namei.c
`-- fs/nfs/dir.c
`-- fs/nilfs2/inode.c
`-- fs/nilfs2/nilfs.h
`-- fs/ocfs2/file.c
`-- fs/ocfs2/file.h
`-- fs/proc/base.c
`-- fs/proc/proc_sysctl.c
`-- fs/reiserfs/xattr.c
`-- fs/sysfs/inode.c
`-- fs/sysfs/sysfs.h
`-- include/linux/fs.h
`-- include/linux/nfs_fs.h
`-- include/linux/reiserfs_xattr.h
[33mcompile base commit... [0m[33mok (5s)
[0m[33mapply [0m[33m10556cb21a0d... [0m[33mok (5s)
[0m[33mcompile target commit... [0m[33mok (7s)
[0mPREPARE:
[33m0s
[0mANALYZE:
COCCIGEN:
