BUILD:
[33mbase commit: 143bede527b0^1
[0m[33mtarget commit: 143bede527b0
[0m[33mchecking out base commit... [0m[33mok (4s)
[0m[33mformatting diff... [0m[33mok (4s)
[0m29 source file(s) touched in the old version
`-- fs/btrfs/async-thread.c
`-- fs/btrfs/async-thread.h
`-- fs/btrfs/compression.c
`-- fs/btrfs/compression.h
`-- fs/btrfs/ctree.c
`-- fs/btrfs/ctree.h
`-- fs/btrfs/delayed-inode.c
`-- fs/btrfs/delayed-ref.c
`-- fs/btrfs/dir-item.c
`-- fs/btrfs/disk-io.c
`-- fs/btrfs/disk-io.h
`-- fs/btrfs/extent-tree.c
`-- fs/btrfs/extent_io.c
`-- fs/btrfs/extent_io.h
`-- fs/btrfs/file-item.c
`-- fs/btrfs/inode-item.c
`-- fs/btrfs/inode.c
`-- fs/btrfs/locking.c
`-- fs/btrfs/locking.h
`-- fs/btrfs/ordered-data.c
`-- fs/btrfs/ordered-data.h
`-- fs/btrfs/scrub.c
`-- fs/btrfs/super.c
`-- fs/btrfs/transaction.c
`-- fs/btrfs/tree-log.c
`-- fs/btrfs/tree-log.h
`-- fs/btrfs/volumes.c
`-- fs/btrfs/volumes.h
`-- include/trace/events/btrfs.h
29 source file(s) touched in the new version
`-- fs/btrfs/async-thread.c
`-- fs/btrfs/async-thread.h
`-- fs/btrfs/compression.c
`-- fs/btrfs/compression.h
`-- fs/btrfs/ctree.c
`-- fs/btrfs/ctree.h
`-- fs/btrfs/delayed-inode.c
`-- fs/btrfs/delayed-ref.c
`-- fs/btrfs/dir-item.c
`-- fs/btrfs/disk-io.c
`-- fs/btrfs/disk-io.h
`-- fs/btrfs/extent-tree.c
`-- fs/btrfs/extent_io.c
`-- fs/btrfs/extent_io.h
`-- fs/btrfs/file-item.c
`-- fs/btrfs/inode-item.c
`-- fs/btrfs/inode.c
`-- fs/btrfs/locking.c
`-- fs/btrfs/locking.h
`-- fs/btrfs/ordered-data.c
`-- fs/btrfs/ordered-data.h
`-- fs/btrfs/scrub.c
`-- fs/btrfs/super.c
`-- fs/btrfs/transaction.c
`-- fs/btrfs/tree-log.c
`-- fs/btrfs/tree-log.h
`-- fs/btrfs/volumes.c
`-- fs/btrfs/volumes.h
`-- include/trace/events/btrfs.h
[33mcompile base commit... [0m[33mok (8s)
[0m[33mapply [0m[33m143bede527b0... [0m[33mok (8s)
[0m[33mcompile target commit... [0m[33mok (10s)
[0mPREPARE:
[33m0s
[0mANALYZE:
COCCIGEN:
