BUILD:
[33mbase commit: 174cd4b1e5fb^1
[0m[33mtarget commit: 174cd4b1e5fb
[0m[33mchecking out base commit... [0m[33mok (1s)
[0m[33mformatting diff... [0m[33mok (2s)
[0m265 source file(s) touched in the old version
`-- arch/arm/common/bL_switcher.c
`-- arch/cris/arch-v10/drivers/sync_serial.c
`-- arch/cris/arch-v32/drivers/sync_serial.c
`-- arch/mips/kernel/rtlx.c
`-- arch/mips/kvm/mips.c
`-- arch/powerpc/kvm/book3s_hv.c
`-- arch/powerpc/kvm/powerpc.c
`-- arch/powerpc/platforms/83xx/suspend.c
`-- arch/powerpc/platforms/cell/spufs/sched.c
`-- arch/powerpc/platforms/cell/spufs/spufs.h
`-- arch/s390/crypto/prng.c
`-- arch/s390/kvm/kvm-s390.c
`-- arch/s390/kvm/vsie.c
`-- arch/sh/kernel/cpu/fpu.c
`-- arch/sh/kernel/disassemble.c
`-- arch/sh/kernel/process.c
`-- arch/um/drivers/random.c
`-- arch/x86/kernel/apm_32.c
`-- block/blk-cgroup.c
`-- block/blk-mq.c
`-- crypto/algboss.c
`-- crypto/algif_aead.c
`-- crypto/algif_skcipher.c
`-- crypto/api.c
`-- drivers/atm/horizon.c
`-- drivers/base/core.c
`-- drivers/base/power/wakeup.c
`-- drivers/block/drbd/drbd_main.c
`-- drivers/block/drbd/drbd_receiver.c
`-- drivers/block/drbd/drbd_worker.c
`-- drivers/block/swim3.c
`-- drivers/char/applicom.c
`-- drivers/char/hpet.c
`-- drivers/char/hw_random/core.c
`-- drivers/char/ipmi/ipmi_watchdog.c
`-- drivers/char/lp.c
`-- drivers/char/ppdev.c
`-- drivers/char/rtc.c
`-- drivers/char/snsc.c
`-- drivers/dma-buf/dma-fence.c
`-- drivers/gpu/drm/omapdrm/displays/panel-dsi-cm.c
`-- drivers/gpu/drm/vc4/vc4_gem.c
`-- drivers/gpu/vga/vgaarb.c
`-- drivers/hid/hid-debug.c
`-- drivers/hid/hid-roccat.c
`-- drivers/hid/hidraw.c
`-- drivers/hid/usbhid/hiddev.c
`-- drivers/hsi/clients/cmt_speech.c
`-- drivers/i2c/busses/i2c-ibm_iic.c
`-- drivers/i2c/busses/i2c-mpc.c
`-- drivers/iio/industrialio-buffer.c
`-- drivers/infiniband/ulp/ipoib/ipoib_cm.c
`-- drivers/infiniband/ulp/ipoib/ipoib_vlan.c
`-- drivers/isdn/capi/kcapi.c
`-- drivers/isdn/mISDN/timerdev.c
`-- drivers/lguest/core.c
`-- drivers/macintosh/adb.c
`-- drivers/macintosh/smu.c
`-- drivers/macintosh/via-pmu.c
`-- drivers/mailbox/mailbox-test.c
`-- drivers/md/dm.c
`-- drivers/media/dvb-core/dvb_ca_en50221.c
`-- drivers/media/dvb-core/dvb_demux.c
`-- drivers/media/dvb-core/dvb_frontend.c
`-- drivers/media/pci/cx18/cx18-driver.h
`-- drivers/media/pci/ivtv/ivtv-driver.h
`-- drivers/media/pci/pt1/pt1.c
`-- drivers/media/pci/pt3/pt3.c
`-- drivers/media/pci/solo6x10/solo6x10-i2c.c
`-- drivers/media/pci/zoran/zoran_device.c
`-- drivers/media/platform/vivid/vivid-radio-rx.c
`-- drivers/media/platform/vivid/vivid-radio-tx.c
`-- drivers/media/rc/lirc_dev.c
`-- drivers/media/usb/cpia2/cpia2_core.c
`-- drivers/media/usb/gspca/cpia1.c
`-- drivers/misc/cxl/fault.c
`-- drivers/misc/cxl/file.c
`-- drivers/misc/ibmasm/r_heartbeat.c
`-- drivers/misc/lis3lv02d/lis3lv02d.c
`-- drivers/misc/mei/bus.c
`-- drivers/misc/mei/client.c
`-- drivers/misc/mei/main.c
`-- drivers/misc/mic/scif/scif_main.h
`-- drivers/misc/vexpress-syscfg.c
`-- drivers/mtd/tests/mtd_test.h
`-- drivers/net/bonding/bond_options.c
`-- drivers/net/bonding/bond_sysfs.c
`-- drivers/net/can/softing/softing_fw.c
`-- drivers/net/ethernet/broadcom/tg3.c
`-- drivers/net/ethernet/cavium/liquidio/octeon_main.h
`-- drivers/net/ethernet/sfc/falcon/falcon.c
`-- drivers/net/irda/stir4200.c
`-- drivers/net/macvtap.c
`-- drivers/net/ppp/ppp_generic.c
`-- drivers/net/tun.c
`-- drivers/net/usb/hso.c
`-- drivers/net/usb/qmi_wwan.c
`-- drivers/net/wan/cosa.c
`-- drivers/net/wireless/ath/ath6kl/cfg80211.c
`-- drivers/net/wireless/broadcom/b43legacy/main.c
`-- drivers/net/wireless/intersil/hostap/hostap_hw.c
`-- drivers/net/wireless/intersil/hostap/hostap_ioctl.c
`-- drivers/oprofile/event_buffer.c
`-- drivers/parport/daisy.c
`-- drivers/parport/ieee1284.c
`-- drivers/parport/ieee1284_ops.c
`-- drivers/parport/parport_ip32.c
`-- drivers/parport/parport_pc.c
`-- drivers/parport/share.c
`-- drivers/pci/access.c
`-- drivers/pci/hotplug/cpci_hotplug_core.c
`-- drivers/pci/hotplug/cpqphp.h
`-- drivers/pci/hotplug/pciehp.h
`-- drivers/pci/hotplug/shpchp.h
`-- drivers/rtc/rtc-dev.c
`-- drivers/s390/cio/device.c
`-- drivers/scsi/lpfc/lpfc_vport.c
`-- drivers/scsi/osst.c
`-- drivers/scsi/st.c
`-- drivers/soc/fsl/qbman/dpaa_sys.h
`-- drivers/staging/comedi/comedi_fops.c
`-- drivers/staging/dgnc/dgnc_tty.c
`-- drivers/staging/dgnc/dgnc_utils.c
`-- drivers/staging/greybus/uart.c
`-- drivers/staging/lustre/lustre/include/lustre/lustre_user.h
`-- drivers/staging/lustre/lustre/include/lustre_lib.h
`-- drivers/staging/lustre/lustre/include/obd_support.h
`-- drivers/staging/media/lirc/lirc_sir.c
`-- drivers/staging/media/lirc/lirc_zilog.c
`-- drivers/staging/speakup/speakup_soft.c
`-- drivers/target/iscsi/cxgbit/cxgbit_target.c
`-- drivers/tty/n_gsm.c
`-- drivers/tty/serial/crisv10.c
`-- drivers/tty/serial/serial_core.c
`-- drivers/tty/tty_ioctl.c
`-- drivers/tty/tty_port.c
`-- drivers/uio/uio.c
`-- drivers/usb/class/cdc-acm.c
`-- drivers/usb/class/usblp.c
`-- drivers/usb/gadget/function/f_fs.c
`-- drivers/usb/image/mdc800.c
`-- drivers/usb/misc/adutux.c
`-- drivers/usb/misc/idmouse.c
`-- drivers/usb/misc/rio500.c
`-- drivers/usb/misc/uss720.c
`-- drivers/usb/mon/mon_bin.c
`-- drivers/usb/mon/mon_text.c
`-- drivers/usb/serial/digi_acceleport.c
`-- drivers/usb/serial/generic.c
`-- drivers/vhost/net.c
`-- drivers/vhost/vhost.c
`-- drivers/video/fbdev/cobalt_lcdfb.c
`-- drivers/video/fbdev/omap2/omapfb/displays/panel-dsi-cm.c
`-- fs/afs/rxrpc.c
`-- fs/aio.c
`-- fs/btrfs/ctree.h
`-- fs/ceph/caps.c
`-- fs/cifs/inode.c
`-- fs/coda/psdev.c
`-- fs/dlm/user.c
`-- fs/ecryptfs/read_write.c
`-- fs/eventfd.c
`-- fs/eventpoll.c
`-- fs/ext4/ext4.h
`-- fs/f2fs/data.c
`-- fs/fuse/dev.c
`-- fs/gfs2/lock_dlm.c
`-- fs/gfs2/super.c
`-- fs/hpfs/hpfs_fn.h
`-- fs/hugetlbfs/inode.c
`-- fs/jffs2/nodemgmt.c
`-- fs/nfs/inode.c
`-- fs/nilfs2/segment.c
`-- fs/notify/fanotify/fanotify_user.c
`-- fs/notify/inotify/inotify_user.c
`-- fs/ntfs/file.c
`-- fs/ocfs2/alloc.c
`-- fs/ocfs2/dlm/dlmdomain.c
`-- fs/ocfs2/dlmfs/userdlm.c
`-- fs/ocfs2/dlmglue.c
`-- fs/orangefs/orangefs-kernel.h
`-- fs/overlayfs/copy_up.c
`-- fs/splice.c
`-- fs/userfaultfd.c
`-- fs/xfs/xfs_linux.h
`-- include/drm/drm_os_linux.h
`-- include/linux/sunrpc/types.h
`-- include/media/v4l2-ioctl.h
`-- include/net/busy_poll.h
`-- kernel/locking/mutex.c
`-- kernel/locking/rtmutex.c
`-- kernel/locking/rwsem-spinlock.c
`-- kernel/locking/rwsem-xadd.c
`-- kernel/rcu/rcutorture.c
`-- kernel/sched/completion.c
`-- kernel/sched/swait.c
`-- kernel/sched/wait.c
`-- kernel/time/alarmtimer.c
`-- kernel/time/hrtimer.c
`-- kernel/time/timer.c
`-- lib/percpu_ida.c
`-- mm/compaction.c
`-- mm/gup.c
`-- mm/hugetlb.c
`-- mm/memory_hotplug.c
`-- mm/shmem.c
`-- mm/userfaultfd.c
`-- net/atm/svc.c
`-- net/bluetooth/af_bluetooth.c
`-- net/bluetooth/cmtp/capi.c
`-- net/bluetooth/hci_request.c
`-- net/bluetooth/l2cap_sock.c
`-- net/bluetooth/rfcomm/sock.c
`-- net/bluetooth/sco.c
`-- net/bridge/br_sysfs_br.c
`-- net/bridge/br_sysfs_if.c
`-- net/core/ethtool.c
`-- net/core/net-sysfs.c
`-- net/dccp/output.c
`-- net/ipv4/devinet.c
`-- net/ipv6/addrconf.c
`-- net/irda/ircomm/ircomm_tty.c
`-- net/irda/irnet/irnet_ppp.c
`-- net/iucv/af_iucv.c
`-- net/kcm/kcmsock.c
`-- net/llc/af_llc.c
`-- net/nfc/llcp_sock.c
`-- net/phonet/pep.c
`-- net/phonet/socket.c
`-- net/rxrpc/conn_client.c
`-- net/rxrpc/recvmsg.c
`-- net/rxrpc/sendmsg.c
`-- net/tipc/socket.c
`-- net/vmw_vsock/af_vsock.c
`-- net/vmw_vsock/virtio_transport_common.c
`-- sound/core/control.c
`-- sound/core/hwdep.c
`-- sound/core/oss/pcm_oss.c
`-- sound/core/pcm_lib.c
`-- sound/core/pcm_native.c
`-- sound/core/rawmidi.c
`-- sound/core/seq/oss/seq_oss_device.h
`-- sound/core/seq/oss/seq_oss_writeq.c
`-- sound/core/seq/seq_fifo.c
`-- sound/core/seq/seq_memory.c
`-- sound/core/timer.c
`-- sound/firewire/bebob/bebob.h
`-- sound/firewire/dice/dice.h
`-- sound/firewire/digi00x/digi00x.h
`-- sound/firewire/fireworks/fireworks.h
`-- sound/firewire/oxfw/oxfw.h
`-- sound/firewire/tascam/tascam.h
`-- sound/isa/gus/gus_pcm.c
`-- sound/isa/msnd/msnd.c
`-- sound/isa/sb/emu8000.c
`-- sound/isa/sb/emu8000_patch.c
`-- sound/isa/sb/emu8000_pcm.c
`-- sound/isa/wavefront/wavefront_synth.c
`-- sound/oss/dmabuf.c
`-- sound/oss/dmasound/dmasound_core.c
`-- sound/oss/midibuf.c
`-- sound/oss/msnd_pinnacle.c
`-- sound/oss/sound_config.h
`-- sound/oss/swarm_cs4297a.c
`-- virt/kvm/kvm_main.c
265 source file(s) touched in the new version
`-- arch/arm/common/bL_switcher.c
`-- arch/cris/arch-v10/drivers/sync_serial.c
`-- arch/cris/arch-v32/drivers/sync_serial.c
`-- arch/mips/kernel/rtlx.c
`-- arch/mips/kvm/mips.c
`-- arch/powerpc/kvm/book3s_hv.c
`-- arch/powerpc/kvm/powerpc.c
`-- arch/powerpc/platforms/83xx/suspend.c
`-- arch/powerpc/platforms/cell/spufs/sched.c
`-- arch/powerpc/platforms/cell/spufs/spufs.h
`-- arch/s390/crypto/prng.c
`-- arch/s390/kvm/kvm-s390.c
`-- arch/s390/kvm/vsie.c
`-- arch/sh/kernel/cpu/fpu.c
`-- arch/sh/kernel/disassemble.c
`-- arch/sh/kernel/process.c
`-- arch/um/drivers/random.c
`-- arch/x86/kernel/apm_32.c
`-- block/blk-cgroup.c
`-- block/blk-mq.c
`-- crypto/algboss.c
`-- crypto/algif_aead.c
`-- crypto/algif_skcipher.c
`-- crypto/api.c
`-- drivers/atm/horizon.c
`-- drivers/base/core.c
`-- drivers/base/power/wakeup.c
`-- drivers/block/drbd/drbd_main.c
`-- drivers/block/drbd/drbd_receiver.c
`-- drivers/block/drbd/drbd_worker.c
`-- drivers/block/swim3.c
`-- drivers/char/applicom.c
`-- drivers/char/hpet.c
`-- drivers/char/hw_random/core.c
`-- drivers/char/ipmi/ipmi_watchdog.c
`-- drivers/char/lp.c
`-- drivers/char/ppdev.c
`-- drivers/char/rtc.c
`-- drivers/char/snsc.c
`-- drivers/dma-buf/dma-fence.c
`-- drivers/gpu/drm/omapdrm/displays/panel-dsi-cm.c
`-- drivers/gpu/drm/vc4/vc4_gem.c
`-- drivers/gpu/vga/vgaarb.c
`-- drivers/hid/hid-debug.c
`-- drivers/hid/hid-roccat.c
`-- drivers/hid/hidraw.c
`-- drivers/hid/usbhid/hiddev.c
`-- drivers/hsi/clients/cmt_speech.c
`-- drivers/i2c/busses/i2c-ibm_iic.c
`-- drivers/i2c/busses/i2c-mpc.c
`-- drivers/iio/industrialio-buffer.c
`-- drivers/infiniband/ulp/ipoib/ipoib_cm.c
`-- drivers/infiniband/ulp/ipoib/ipoib_vlan.c
`-- drivers/isdn/capi/kcapi.c
`-- drivers/isdn/mISDN/timerdev.c
`-- drivers/lguest/core.c
`-- drivers/macintosh/adb.c
`-- drivers/macintosh/smu.c
`-- drivers/macintosh/via-pmu.c
`-- drivers/mailbox/mailbox-test.c
`-- drivers/md/dm.c
`-- drivers/media/dvb-core/dvb_ca_en50221.c
`-- drivers/media/dvb-core/dvb_demux.c
`-- drivers/media/dvb-core/dvb_frontend.c
`-- drivers/media/pci/cx18/cx18-driver.h
`-- drivers/media/pci/ivtv/ivtv-driver.h
`-- drivers/media/pci/pt1/pt1.c
`-- drivers/media/pci/pt3/pt3.c
`-- drivers/media/pci/solo6x10/solo6x10-i2c.c
`-- drivers/media/pci/zoran/zoran_device.c
`-- drivers/media/platform/vivid/vivid-radio-rx.c
`-- drivers/media/platform/vivid/vivid-radio-tx.c
`-- drivers/media/rc/lirc_dev.c
`-- drivers/media/usb/cpia2/cpia2_core.c
`-- drivers/media/usb/gspca/cpia1.c
`-- drivers/misc/cxl/fault.c
`-- drivers/misc/cxl/file.c
`-- drivers/misc/ibmasm/r_heartbeat.c
`-- drivers/misc/lis3lv02d/lis3lv02d.c
`-- drivers/misc/mei/bus.c
`-- drivers/misc/mei/client.c
`-- drivers/misc/mei/main.c
`-- drivers/misc/mic/scif/scif_main.h
`-- drivers/misc/vexpress-syscfg.c
`-- drivers/mtd/tests/mtd_test.h
`-- drivers/net/bonding/bond_options.c
`-- drivers/net/bonding/bond_sysfs.c
`-- drivers/net/can/softing/softing_fw.c
`-- drivers/net/ethernet/broadcom/tg3.c
`-- drivers/net/ethernet/cavium/liquidio/octeon_main.h
`-- drivers/net/ethernet/sfc/falcon/falcon.c
`-- drivers/net/irda/stir4200.c
`-- drivers/net/macvtap.c
`-- drivers/net/ppp/ppp_generic.c
`-- drivers/net/tun.c
`-- drivers/net/usb/hso.c
`-- drivers/net/usb/qmi_wwan.c
`-- drivers/net/wan/cosa.c
`-- drivers/net/wireless/ath/ath6kl/cfg80211.c
`-- drivers/net/wireless/broadcom/b43legacy/main.c
`-- drivers/net/wireless/intersil/hostap/hostap_hw.c
`-- drivers/net/wireless/intersil/hostap/hostap_ioctl.c
`-- drivers/oprofile/event_buffer.c
`-- drivers/parport/daisy.c
`-- drivers/parport/ieee1284.c
`-- drivers/parport/ieee1284_ops.c
`-- drivers/parport/parport_ip32.c
`-- drivers/parport/parport_pc.c
`-- drivers/parport/share.c
`-- drivers/pci/access.c
`-- drivers/pci/hotplug/cpci_hotplug_core.c
`-- drivers/pci/hotplug/cpqphp.h
`-- drivers/pci/hotplug/pciehp.h
`-- drivers/pci/hotplug/shpchp.h
`-- drivers/rtc/rtc-dev.c
`-- drivers/s390/cio/device.c
`-- drivers/scsi/lpfc/lpfc_vport.c
`-- drivers/scsi/osst.c
`-- drivers/scsi/st.c
`-- drivers/soc/fsl/qbman/dpaa_sys.h
`-- drivers/staging/comedi/comedi_fops.c
`-- drivers/staging/dgnc/dgnc_tty.c
`-- drivers/staging/dgnc/dgnc_utils.c
`-- drivers/staging/greybus/uart.c
`-- drivers/staging/lustre/lustre/include/lustre/lustre_user.h
`-- drivers/staging/lustre/lustre/include/lustre_lib.h
`-- drivers/staging/lustre/lustre/include/obd_support.h
`-- drivers/staging/media/lirc/lirc_sir.c
`-- drivers/staging/media/lirc/lirc_zilog.c
`-- drivers/staging/speakup/speakup_soft.c
`-- drivers/target/iscsi/cxgbit/cxgbit_target.c
`-- drivers/tty/n_gsm.c
`-- drivers/tty/serial/crisv10.c
`-- drivers/tty/serial/serial_core.c
`-- drivers/tty/tty_ioctl.c
`-- drivers/tty/tty_port.c
`-- drivers/uio/uio.c
`-- drivers/usb/class/cdc-acm.c
`-- drivers/usb/class/usblp.c
`-- drivers/usb/gadget/function/f_fs.c
`-- drivers/usb/image/mdc800.c
`-- drivers/usb/misc/adutux.c
`-- drivers/usb/misc/idmouse.c
`-- drivers/usb/misc/rio500.c
`-- drivers/usb/misc/uss720.c
`-- drivers/usb/mon/mon_bin.c
`-- drivers/usb/mon/mon_text.c
`-- drivers/usb/serial/digi_acceleport.c
`-- drivers/usb/serial/generic.c
`-- drivers/vhost/net.c
`-- drivers/vhost/vhost.c
`-- drivers/video/fbdev/cobalt_lcdfb.c
`-- drivers/video/fbdev/omap2/omapfb/displays/panel-dsi-cm.c
`-- fs/afs/rxrpc.c
`-- fs/aio.c
`-- fs/btrfs/ctree.h
`-- fs/ceph/caps.c
`-- fs/cifs/inode.c
`-- fs/coda/psdev.c
`-- fs/dlm/user.c
`-- fs/ecryptfs/read_write.c
`-- fs/eventfd.c
`-- fs/eventpoll.c
`-- fs/ext4/ext4.h
`-- fs/f2fs/data.c
`-- fs/fuse/dev.c
`-- fs/gfs2/lock_dlm.c
`-- fs/gfs2/super.c
`-- fs/hpfs/hpfs_fn.h
`-- fs/hugetlbfs/inode.c
`-- fs/jffs2/nodemgmt.c
`-- fs/nfs/inode.c
`-- fs/nilfs2/segment.c
`-- fs/notify/fanotify/fanotify_user.c
`-- fs/notify/inotify/inotify_user.c
`-- fs/ntfs/file.c
`-- fs/ocfs2/alloc.c
`-- fs/ocfs2/dlm/dlmdomain.c
`-- fs/ocfs2/dlmfs/userdlm.c
`-- fs/ocfs2/dlmglue.c
`-- fs/orangefs/orangefs-kernel.h
`-- fs/overlayfs/copy_up.c
`-- fs/splice.c
`-- fs/userfaultfd.c
`-- fs/xfs/xfs_linux.h
`-- include/drm/drm_os_linux.h
`-- include/linux/sunrpc/types.h
`-- include/media/v4l2-ioctl.h
`-- include/net/busy_poll.h
`-- kernel/locking/mutex.c
`-- kernel/locking/rtmutex.c
`-- kernel/locking/rwsem-spinlock.c
`-- kernel/locking/rwsem-xadd.c
`-- kernel/rcu/rcutorture.c
`-- kernel/sched/completion.c
`-- kernel/sched/swait.c
`-- kernel/sched/wait.c
`-- kernel/time/alarmtimer.c
`-- kernel/time/hrtimer.c
`-- kernel/time/timer.c
`-- lib/percpu_ida.c
`-- mm/compaction.c
`-- mm/gup.c
`-- mm/hugetlb.c
`-- mm/memory_hotplug.c
`-- mm/shmem.c
`-- mm/userfaultfd.c
`-- net/atm/svc.c
`-- net/bluetooth/af_bluetooth.c
`-- net/bluetooth/cmtp/capi.c
`-- net/bluetooth/hci_request.c
`-- net/bluetooth/l2cap_sock.c
`-- net/bluetooth/rfcomm/sock.c
`-- net/bluetooth/sco.c
`-- net/bridge/br_sysfs_br.c
`-- net/bridge/br_sysfs_if.c
`-- net/core/ethtool.c
`-- net/core/net-sysfs.c
`-- net/dccp/output.c
`-- net/ipv4/devinet.c
`-- net/ipv6/addrconf.c
`-- net/irda/ircomm/ircomm_tty.c
`-- net/irda/irnet/irnet_ppp.c
`-- net/iucv/af_iucv.c
`-- net/kcm/kcmsock.c
`-- net/llc/af_llc.c
`-- net/nfc/llcp_sock.c
`-- net/phonet/pep.c
`-- net/phonet/socket.c
`-- net/rxrpc/conn_client.c
`-- net/rxrpc/recvmsg.c
`-- net/rxrpc/sendmsg.c
`-- net/tipc/socket.c
`-- net/vmw_vsock/af_vsock.c
`-- net/vmw_vsock/virtio_transport_common.c
`-- sound/core/control.c
`-- sound/core/hwdep.c
`-- sound/core/oss/pcm_oss.c
`-- sound/core/pcm_lib.c
`-- sound/core/pcm_native.c
`-- sound/core/rawmidi.c
`-- sound/core/seq/oss/seq_oss_device.h
`-- sound/core/seq/oss/seq_oss_writeq.c
`-- sound/core/seq/seq_fifo.c
`-- sound/core/seq/seq_memory.c
`-- sound/core/timer.c
`-- sound/firewire/bebob/bebob.h
`-- sound/firewire/dice/dice.h
`-- sound/firewire/digi00x/digi00x.h
`-- sound/firewire/fireworks/fireworks.h
`-- sound/firewire/oxfw/oxfw.h
`-- sound/firewire/tascam/tascam.h
`-- sound/isa/gus/gus_pcm.c
`-- sound/isa/msnd/msnd.c
`-- sound/isa/sb/emu8000.c
`-- sound/isa/sb/emu8000_patch.c
`-- sound/isa/sb/emu8000_pcm.c
`-- sound/isa/wavefront/wavefront_synth.c
`-- sound/oss/dmabuf.c
`-- sound/oss/dmasound/dmasound_core.c
`-- sound/oss/midibuf.c
`-- sound/oss/msnd_pinnacle.c
`-- sound/oss/sound_config.h
`-- sound/oss/swarm_cs4297a.c
`-- virt/kvm/kvm_main.c
[33mcompile base commit... [0m[33mok (29s)
[0m[33mapply [0m[33m174cd4b1e5fb... [0m[33mok (29s)
[0m[33mcompile target commit... [0m[33mok (53s)
[0mPREPARE:
[33m0s
[0mANALYZE:
COCCIGEN:
Unable to infer inclusion changes on more than 1 file
added  : set(['asm/ptrace.h', 'linux/sched/signal.h'])
deleted: set(['linux/sched.h'])
