BUILD:
[33mbase commit: 1751e8a6cb93^1
[0m[33mtarget commit: 1751e8a6cb93
[0m[33mchecking out base commit... [0m[33mok (2s)
[0m[33mformatting diff... [0m[33mok (2s)
[0m110 source file(s) touched in the old version
`-- drivers/mtd/mtdsuper.c
`-- drivers/staging/lustre/lustre/llite/file.c
`-- drivers/staging/lustre/lustre/llite/llite_lib.c
`-- fs/9p/vfs_super.c
`-- fs/adfs/super.c
`-- fs/affs/amigaffs.c
`-- fs/affs/bitmap.c
`-- fs/affs/super.c
`-- fs/afs/super.c
`-- fs/befs/linuxvfs.c
`-- fs/btrfs/ctree.h
`-- fs/btrfs/extent_io.c
`-- fs/btrfs/ioctl.c
`-- fs/btrfs/super.c
`-- fs/btrfs/volumes.c
`-- fs/ceph/super.c
`-- fs/cifs/cifs_fs_sb.h
`-- fs/cifs/cifsfs.c
`-- fs/cifs/cifsglob.h
`-- fs/cifs/inode.c
`-- fs/cifs/xattr.c
`-- fs/coda/inode.c
`-- fs/cramfs/inode.c
`-- fs/ecryptfs/main.c
`-- fs/efs/super.c
`-- fs/ext2/balloc.c
`-- fs/ext2/ialloc.c
`-- fs/ext2/super.c
`-- fs/ext4/inode.c
`-- fs/ext4/super.c
`-- fs/f2fs/checkpoint.c
`-- fs/f2fs/f2fs.h
`-- fs/f2fs/gc.c
`-- fs/f2fs/recovery.c
`-- fs/f2fs/super.c
`-- fs/fat/fatent.c
`-- fs/fat/inode.c
`-- fs/fat/misc.c
`-- fs/fat/namei_msdos.c
`-- fs/freevxfs/vxfs_super.c
`-- fs/fs-writeback.c
`-- fs/fuse/inode.c
`-- fs/gfs2/ops_fstype.c
`-- fs/gfs2/super.c
`-- fs/gfs2/trans.c
`-- fs/hfs/mdb.c
`-- fs/hfs/super.c
`-- fs/hfsplus/super.c
`-- fs/hpfs/map.c
`-- fs/hpfs/super.c
`-- fs/inode.c
`-- fs/isofs/inode.c
`-- fs/jffs2/fs.c
`-- fs/jffs2/os-linux.h
`-- fs/jffs2/super.c
`-- fs/jfs/super.c
`-- fs/kernfs/mount.c
`-- fs/libfs.c
`-- fs/locks.c
`-- fs/minix/inode.c
`-- fs/ncpfs/inode.c
`-- fs/nfs/dir.c
`-- fs/nfs/inode.c
`-- fs/nfs/internal.h
`-- fs/nfs/super.c
`-- fs/nilfs2/segment.c
`-- fs/nilfs2/super.c
`-- fs/nilfs2/the_nilfs.c
`-- fs/notify/fsnotify.c
`-- fs/nsfs.c
`-- fs/ntfs/super.c
`-- fs/ocfs2/file.c
`-- fs/ocfs2/super.c
`-- fs/ocfs2/xattr.c
`-- fs/openpromfs/inode.c
`-- fs/orangefs/super.c
`-- fs/overlayfs/super.c
`-- fs/proc/inode.c
`-- fs/proc/root.c
`-- fs/proc_namespace.c
`-- fs/qnx4/inode.c
`-- fs/qnx6/inode.c
`-- fs/reiserfs/inode.c
`-- fs/reiserfs/journal.c
`-- fs/reiserfs/prints.c
`-- fs/reiserfs/super.c
`-- fs/reiserfs/xattr.c
`-- fs/romfs/super.c
`-- fs/squashfs/super.c
`-- fs/statfs.c
`-- fs/sysfs/mount.c
`-- fs/sysv/inode.c
`-- fs/sysv/super.c
`-- fs/ubifs/file.c
`-- fs/ubifs/io.c
`-- fs/ubifs/super.c
`-- fs/ubifs/ubifs.h
`-- fs/udf/super.c
`-- fs/ufs/balloc.c
`-- fs/ufs/ialloc.c
`-- fs/ufs/super.c
`-- fs/xfs/xfs_log.c
`-- fs/xfs/xfs_super.c
`-- fs/xfs/xfs_super.h
`-- include/linux/fs.h
`-- include/uapi/linux/bfs_fs.h
`-- ipc/mqueue.c
`-- mm/shmem.c
`-- security/apparmor/apparmorfs.c
`-- security/apparmor/include/lib.h
110 source file(s) touched in the new version
`-- drivers/mtd/mtdsuper.c
`-- drivers/staging/lustre/lustre/llite/file.c
`-- drivers/staging/lustre/lustre/llite/llite_lib.c
`-- fs/9p/vfs_super.c
`-- fs/adfs/super.c
`-- fs/affs/amigaffs.c
`-- fs/affs/bitmap.c
`-- fs/affs/super.c
`-- fs/afs/super.c
`-- fs/befs/linuxvfs.c
`-- fs/btrfs/ctree.h
`-- fs/btrfs/extent_io.c
`-- fs/btrfs/ioctl.c
`-- fs/btrfs/super.c
`-- fs/btrfs/volumes.c
`-- fs/ceph/super.c
`-- fs/cifs/cifs_fs_sb.h
`-- fs/cifs/cifsfs.c
`-- fs/cifs/cifsglob.h
`-- fs/cifs/inode.c
`-- fs/cifs/xattr.c
`-- fs/coda/inode.c
`-- fs/cramfs/inode.c
`-- fs/ecryptfs/main.c
`-- fs/efs/super.c
`-- fs/ext2/balloc.c
`-- fs/ext2/ialloc.c
`-- fs/ext2/super.c
`-- fs/ext4/inode.c
`-- fs/ext4/super.c
`-- fs/f2fs/checkpoint.c
`-- fs/f2fs/f2fs.h
`-- fs/f2fs/gc.c
`-- fs/f2fs/recovery.c
`-- fs/f2fs/super.c
`-- fs/fat/fatent.c
`-- fs/fat/inode.c
`-- fs/fat/misc.c
`-- fs/fat/namei_msdos.c
`-- fs/freevxfs/vxfs_super.c
`-- fs/fs-writeback.c
`-- fs/fuse/inode.c
`-- fs/gfs2/ops_fstype.c
`-- fs/gfs2/super.c
`-- fs/gfs2/trans.c
`-- fs/hfs/mdb.c
`-- fs/hfs/super.c
`-- fs/hfsplus/super.c
`-- fs/hpfs/map.c
`-- fs/hpfs/super.c
`-- fs/inode.c
`-- fs/isofs/inode.c
`-- fs/jffs2/fs.c
`-- fs/jffs2/os-linux.h
`-- fs/jffs2/super.c
`-- fs/jfs/super.c
`-- fs/kernfs/mount.c
`-- fs/libfs.c
`-- fs/locks.c
`-- fs/minix/inode.c
`-- fs/ncpfs/inode.c
`-- fs/nfs/dir.c
`-- fs/nfs/inode.c
`-- fs/nfs/internal.h
`-- fs/nfs/super.c
`-- fs/nilfs2/segment.c
`-- fs/nilfs2/super.c
`-- fs/nilfs2/the_nilfs.c
`-- fs/notify/fsnotify.c
`-- fs/nsfs.c
`-- fs/ntfs/super.c
`-- fs/ocfs2/file.c
`-- fs/ocfs2/super.c
`-- fs/ocfs2/xattr.c
`-- fs/openpromfs/inode.c
`-- fs/orangefs/super.c
`-- fs/overlayfs/super.c
`-- fs/proc/inode.c
`-- fs/proc/root.c
`-- fs/proc_namespace.c
`-- fs/qnx4/inode.c
`-- fs/qnx6/inode.c
`-- fs/reiserfs/inode.c
`-- fs/reiserfs/journal.c
`-- fs/reiserfs/prints.c
`-- fs/reiserfs/super.c
`-- fs/reiserfs/xattr.c
`-- fs/romfs/super.c
`-- fs/squashfs/super.c
`-- fs/statfs.c
`-- fs/sysfs/mount.c
`-- fs/sysv/inode.c
`-- fs/sysv/super.c
`-- fs/ubifs/file.c
`-- fs/ubifs/io.c
`-- fs/ubifs/super.c
`-- fs/ubifs/ubifs.h
`-- fs/udf/super.c
`-- fs/ufs/balloc.c
`-- fs/ufs/ialloc.c
`-- fs/ufs/super.c
`-- fs/xfs/xfs_log.c
`-- fs/xfs/xfs_super.c
`-- fs/xfs/xfs_super.h
`-- include/linux/fs.h
`-- include/uapi/linux/bfs_fs.h
`-- ipc/mqueue.c
`-- mm/shmem.c
`-- security/apparmor/apparmorfs.c
`-- security/apparmor/include/lib.h
[33mcompile base commit... [0m[33mok (6s)
[0m[33mapply [0m[33m1751e8a6cb93... [0m[33mok (6s)
[0m[33mcompile target commit... [0m[33mok (7s)
[0mPREPARE:
[33m0s
[0mANALYZE:
COCCIGEN:
