BUILD:
[33mbase commit: 178ea73521d6^1
[0m[33mtarget commit: 178ea73521d6
[0m[33mchecking out base commit... [0m[33mok (0s)
[0m[33mformatting diff... [0m[33mok (1s)
[0m20 source file(s) touched in the old version
`-- fs/afs/security.c
`-- fs/btrfs/inode.c
`-- fs/ceph/inode.c
`-- fs/cifs/cifsfs.c
`-- fs/fuse/dir.c
`-- fs/gfs2/inode.c
`-- fs/hostfs/hostfs_kern.c
`-- fs/hpfs/namei.c
`-- fs/namei.c
`-- fs/nfs/dir.c
`-- fs/nilfs2/inode.c
`-- fs/ocfs2/file.c
`-- fs/ocfs2/namei.c
`-- fs/proc/base.c
`-- fs/reiserfs/file.c
`-- fs/reiserfs/namei.c
`-- fs/reiserfs/xattr.c
`-- fs/sysfs/inode.c
`-- include/linux/fs.h
`-- include/linux/reiserfs_xattr.h
20 source file(s) touched in the new version
`-- fs/afs/security.c
`-- fs/btrfs/inode.c
`-- fs/ceph/inode.c
`-- fs/cifs/cifsfs.c
`-- fs/fuse/dir.c
`-- fs/gfs2/inode.c
`-- fs/hostfs/hostfs_kern.c
`-- fs/hpfs/namei.c
`-- fs/namei.c
`-- fs/nfs/dir.c
`-- fs/nilfs2/inode.c
`-- fs/ocfs2/file.c
`-- fs/ocfs2/namei.c
`-- fs/proc/base.c
`-- fs/reiserfs/file.c
`-- fs/reiserfs/namei.c
`-- fs/reiserfs/xattr.c
`-- fs/sysfs/inode.c
`-- include/linux/fs.h
`-- include/linux/reiserfs_xattr.h
[33mcompile base commit... [0m[33mok (4s)
[0m[33mapply [0m[33m178ea73521d6... [0m[33mok (4s)
[0m[33mcompile target commit... [0m[33mok (6s)
[0mPREPARE:
[33m0s
[0mANALYZE:
COCCIGEN:
