BUILD:
[33mbase commit: 17f8c842d24a^1
[0m[33mtarget commit: 17f8c842d24a
[0m[33mchecking out base commit... [0m[33mok (1s)
[0m[33mformatting diff... [0m[33mok (1s)
[0m20 source file(s) touched in the old version
`-- fs/affs/file.c
`-- fs/block_dev.c
`-- fs/btrfs/inode.c
`-- fs/direct-io.c
`-- fs/ext2/inode.c
`-- fs/ext3/inode.c
`-- fs/ext4/indirect.c
`-- fs/ext4/inode.c
`-- fs/f2fs/data.c
`-- fs/fat/inode.c
`-- fs/gfs2/aops.c
`-- fs/hfs/inode.c
`-- fs/hfsplus/inode.c
`-- fs/jfs/inode.c
`-- fs/nilfs2/inode.c
`-- fs/ocfs2/aops.c
`-- fs/reiserfs/inode.c
`-- fs/udf/inode.c
`-- fs/xfs/xfs_aops.c
`-- include/linux/fs.h
20 source file(s) touched in the new version
`-- fs/affs/file.c
`-- fs/block_dev.c
`-- fs/btrfs/inode.c
`-- fs/direct-io.c
`-- fs/ext2/inode.c
`-- fs/ext3/inode.c
`-- fs/ext4/indirect.c
`-- fs/ext4/inode.c
`-- fs/f2fs/data.c
`-- fs/fat/inode.c
`-- fs/gfs2/aops.c
`-- fs/hfs/inode.c
`-- fs/hfsplus/inode.c
`-- fs/jfs/inode.c
`-- fs/nilfs2/inode.c
`-- fs/ocfs2/aops.c
`-- fs/reiserfs/inode.c
`-- fs/udf/inode.c
`-- fs/xfs/xfs_aops.c
`-- include/linux/fs.h
[33mcompile base commit... [0m[33mok (36s)
[0m[33mapply [0m[33m17f8c842d24a... [0m[33mok (36s)
[0m[33mcompile target commit... [0m[33mok (67s)
[0mPREPARE:
[33mcollect AST for functions: __blockdev_direct_IO@fs_direct-io.c,reiserfs_direct_IO@fs_reiserfs_inode.c,nilfs_direct_IO@fs_nilfs2_inode.c,blkdev_direct_IO@fs_block_dev.c,ocfs2_direct_IO_write@fs_ocfs2_aops.c,jfs_direct_IO@fs_jfs_inode.c,hfsplus_direct_IO@fs_hfsplus_inode.c,affs_direct_IO@fs_affs_file.c,btrfs_direct_IO@fs_btrfs_inode.c,gfs2_direct_IO@fs_gfs2_aops.c,f2fs_direct_IO@fs_f2fs_data.c,xfs_vm_direct_IO@fs_xfs_xfs_aops.c,udf_direct_IO@fs_udf_inode.c,ocfs2_direct_IO@fs_ocfs2_aops.c,ext4_ext_direct_IO@fs_ext4_inode.c,fat_direct_IO@fs_fat_inode.c,ext2_direct_IO@fs_ext2_inode.c,hfs_direct_IO@fs_hfs_inode.c,ext4_ind_direct_IO@fs_ext4_indirect.c,blockdev_direct_IO@include_linux_fs.h,do_blockdev_direct_IO@fs_direct-io.c,ext3_direct_IO@fs_ext3_inode.c
[0m[33mTransforming and linking bitcode files...
[0m[33m6s
[0mANALYZE:
COCCIGEN:
//# pattern-1, witnesses: 12
@@
expression F0;
identifier fn;
identifier iocb;
identifier iter;
typedef loff_t;
identifier offset;
identifier rw;
@@
 ssize_t fn(int rw, struct kiocb * iocb, struct iov_iter * iter, loff_t offset)
 {
     <...
- blockdev_direct_IO(rw, iocb, inode, iter, offset, F0)
+ blockdev_direct_IO(iocb, inode, iter, offset, F0)
     ...>
 }
//# pattern-2, witnesses: 9
@@
expression E0;
expression E1;
expression E2;
expression E3;
expression E4;
expression E5;
@@
- __blockdev_direct_IO(E0, iocb, inode, E1, iter, offset, E2, E3, E4, E5)
+ __blockdev_direct_IO(iocb, inode, E1, iter, offset, E2, E3, E4, E5)
