BUILD:
[33mbase commit: 183860f6a064^1
[0m[33mtarget commit: 183860f6a064
[0m[33mchecking out base commit... [0m[33mok (4s)
[0m[33mformatting diff... [0m[33mok (4s)
[0m3 source file(s) touched in the old version
`-- fs/btrfs/ioctl.c
`-- fs/btrfs/volumes.c
`-- include/uapi/linux/btrfs.h
3 source file(s) touched in the new version
`-- fs/btrfs/ioctl.c
`-- fs/btrfs/volumes.c
`-- include/uapi/linux/btrfs.h
[33mcompile base commit... [0m[33mok (8s)
[0m[33mapply [0m[33m183860f6a064... [0m[33mok (8s)
[0m[33mcompile target commit... [0m[33mok (10s)
[0mPREPARE:
[33m0s
[0mANALYZE:
COCCIGEN:
