BUILD:
[33mbase commit: 1a0a397e41cb^1
[0m[33mtarget commit: 1a0a397e41cb
[0m[33mchecking out base commit... [0m[33mok (3s)
[0m[33mformatting diff... [0m[33mok (3s)
[0m6 source file(s) touched in the old version
`-- fs/btrfs/super.c
`-- fs/ceph/super.c
`-- fs/dcache.c
`-- fs/nfs/getroot.c
`-- fs/nilfs2/super.c
`-- include/linux/dcache.h
6 source file(s) touched in the new version
`-- fs/btrfs/super.c
`-- fs/ceph/super.c
`-- fs/dcache.c
`-- fs/nfs/getroot.c
`-- fs/nilfs2/super.c
`-- include/linux/dcache.h
[33mcompile base commit... [0m[33mok (8s)
[0m[33mapply [0m[33m1a0a397e41cb... [0m[33mok (8s)
[0m[33mcompile target commit... [0m[33mok (11s)
[0mPREPARE:
[33m0s
[0mANALYZE:
COCCIGEN:
