BUILD:
[33mbase commit: 1af5bb491fbb^1
[0m[33mtarget commit: 1af5bb491fbb
[0m[33mchecking out base commit... [0m[33mok (1s)
[0m[33mformatting diff... [0m[33mok (1s)
[0m4 source file(s) touched in the old version
`-- fs/btrfs/file.c
`-- fs/fuse/file.c
`-- include/linux/fs.h
`-- mm/filemap.c
4 source file(s) touched in the new version
`-- fs/btrfs/file.c
`-- fs/fuse/file.c
`-- include/linux/fs.h
`-- mm/filemap.c
[33mcompile base commit... [0m[33mok (8s)
[0m[33mapply [0m[33m1af5bb491fbb... [0m[33mok (8s)
[0m[33mcompile target commit... [0m[33mok (11s)
[0mPREPARE:
[33m0s
[0mANALYZE:
COCCIGEN:
