BUILD:
[33mbase commit: 1eff9d322a44^1
[0m[33mtarget commit: 1eff9d322a44
[0m[33mchecking out base commit... [0m[33mok (1s)
[0m[33mformatting diff... [0m[33mok (1s)
[0m49 source file(s) touched in the old version
`-- block/bio-integrity.c
`-- block/bio.c
`-- block/blk-core.c
`-- block/blk-merge.c
`-- block/blk-mq.c
`-- block/blk-throttle.c
`-- block/cfq-iosched.c
`-- drivers/block/drbd/drbd_main.c
`-- drivers/block/drbd/drbd_receiver.c
`-- drivers/block/drbd/drbd_req.c
`-- drivers/block/drbd/drbd_worker.c
`-- drivers/block/pktcdvd.c
`-- drivers/block/umem.c
`-- drivers/md/bcache/request.c
`-- drivers/md/bcache/super.c
`-- drivers/md/bcache/writeback.h
`-- drivers/md/dm-cache-target.c
`-- drivers/md/dm-crypt.c
`-- drivers/md/dm-era-target.c
`-- drivers/md/dm-flakey.c
`-- drivers/md/dm-io.c
`-- drivers/md/dm-log-writes.c
`-- drivers/md/dm-mpath.c
`-- drivers/md/dm-raid1.c
`-- drivers/md/dm-region-hash.c
`-- drivers/md/dm-snap.c
`-- drivers/md/dm-stripe.c
`-- drivers/md/dm-thin.c
`-- drivers/md/dm-zero.c
`-- drivers/md/dm.c
`-- drivers/md/linear.c
`-- drivers/md/md.c
`-- drivers/md/multipath.c
`-- drivers/md/raid0.c
`-- drivers/md/raid1.c
`-- drivers/md/raid10.c
`-- drivers/md/raid5-cache.c
`-- drivers/md/raid5.c
`-- drivers/nvdimm/pmem.c
`-- fs/btrfs/check-integrity.c
`-- fs/btrfs/disk-io.c
`-- fs/btrfs/inode.c
`-- fs/btrfs/volumes.c
`-- include/linux/bio.h
`-- include/linux/blk-cgroup.h
`-- include/linux/blk_types.h
`-- include/trace/events/bcache.h
`-- include/trace/events/block.h
`-- kernel/trace/blktrace.c
49 source file(s) touched in the new version
`-- block/bio-integrity.c
`-- block/bio.c
`-- block/blk-core.c
`-- block/blk-merge.c
`-- block/blk-mq.c
`-- block/blk-throttle.c
`-- block/cfq-iosched.c
`-- drivers/block/drbd/drbd_main.c
`-- drivers/block/drbd/drbd_receiver.c
`-- drivers/block/drbd/drbd_req.c
`-- drivers/block/drbd/drbd_worker.c
`-- drivers/block/pktcdvd.c
`-- drivers/block/umem.c
`-- drivers/md/bcache/request.c
`-- drivers/md/bcache/super.c
`-- drivers/md/bcache/writeback.h
`-- drivers/md/dm-cache-target.c
`-- drivers/md/dm-crypt.c
`-- drivers/md/dm-era-target.c
`-- drivers/md/dm-flakey.c
`-- drivers/md/dm-io.c
`-- drivers/md/dm-log-writes.c
`-- drivers/md/dm-mpath.c
`-- drivers/md/dm-raid1.c
`-- drivers/md/dm-region-hash.c
`-- drivers/md/dm-snap.c
`-- drivers/md/dm-stripe.c
`-- drivers/md/dm-thin.c
`-- drivers/md/dm-zero.c
`-- drivers/md/dm.c
`-- drivers/md/linear.c
`-- drivers/md/md.c
`-- drivers/md/multipath.c
`-- drivers/md/raid0.c
`-- drivers/md/raid1.c
`-- drivers/md/raid10.c
`-- drivers/md/raid5-cache.c
`-- drivers/md/raid5.c
`-- drivers/nvdimm/pmem.c
`-- fs/btrfs/check-integrity.c
`-- fs/btrfs/disk-io.c
`-- fs/btrfs/inode.c
`-- fs/btrfs/volumes.c
`-- include/linux/bio.h
`-- include/linux/blk-cgroup.h
`-- include/linux/blk_types.h
`-- include/trace/events/bcache.h
`-- include/trace/events/block.h
`-- kernel/trace/blktrace.c
[33mcompile base commit... [0m[33mok (72s)
[0m[33mapply [0m[33m1eff9d322a44... [0m[33mok (72s)
[0m[33mcompile target commit... [0m[33mok (137s)
[0mPREPARE:
[33mcollect AST for functions: log_writes_map@drivers_md_dm-log-writes.c,stripe_end_io@drivers_md_dm-stripe.c,blk_throtl_bio@block_blk-throttle.c,dm_rh_mark_nosync@drivers_md_dm-region-hash.c,raid10_make_request@drivers_md_raid10.c,r5l_handle_flush_request@drivers_md_raid5-cache.c,bio_attempt_front_merge@block_blk-core.c,md_submit_flush_data@drivers_md_md.c,bch_data_insert_start@drivers_md_bcache_request.c,raid5_make_request@drivers_md_raid5.c,blkcg_bio_issue_check@include_linux_blk-cgroup.h,blk_mq_make_request@block_blk-mq.c,blk_update_request@block_blk-core.c,__inc_remap_and_issue_cell@drivers_md_dm-thin.c,bio_integrity_alloc@block_bio-integrity.c,mm_make_request@drivers_block_umem.c,drbd_submit_req_private_bio@drivers_block_drbd_drbd_req.c,check_if_tick_bio_needed@drivers_md_dm-cache-target.c,crypt_map@drivers_md_dm-crypt.c,multipathd@drivers_md_multipath.c,ops_run_io@drivers_md_raid5.c,thin_bio_map@drivers_md_dm-thin.c,mirror_map@drivers_md_dm-raid1.c,bio_integrity@include_linux_bio.h,snapshot_map@drivers_md_dm-snap.c,handle_bad_sector@block_blk-core.c,discard_or_flush@drivers_md_dm-cache-target.c,drbd_process_write_request@drivers_block_drbd_drbd_req.c,__split_and_process_bio@drivers_md_dm.c,init_request_from_bio@block_blk-core.c,blk_rq_set_mixed_merge@block_blk-merge.c,process_deferred_bios@drivers_md_dm-cache-target.c,multipath_make_request@drivers_md_multipath.c,blk_rq_should_init_elevator@block_blk-core.c,__remap_and_issue_shared_cell@drivers_md_dm-thin.c,ops_run_biodrain@drivers_md_raid5.c,search_alloc@drivers_md_bcache_request.c,check_should_bypass@drivers_md_bcache_request.c,__make_request@drivers_md_raid10.c,cfq_bio_sync@block_cfq-iosched.c,dec_pending@drivers_md_dm.c,raid0_make_request@drivers_md_raid0.c,blk_rq_err_bytes@block_blk-core.c,blk_sq_make_request@block_blk-mq.c,cfq_bio_merged@block_cfq-iosched.c,cached_dev_write@drivers_md_bcache_request.c,do_write@drivers_md_dm-raid1.c,bio_mergeable@include_linux_bio.h,md_make_request@drivers_md_md.c,do_writes@drivers_md_dm-raid1.c,dm_rh_inc_pending@drivers_md_dm-region-hash.c,submit_bio_wait@block_bio.c,bio_attempt_back_merge@block_blk-core.c,stripe_add_to_batch_list@drivers_md_raid5.c,__multipath_map_bio@drivers_md_dm-mpath.c,mirror_end_io@drivers_md_dm-raid1.c,dm_accept_partial_bio@drivers_md_dm.c,btrfs_wq_submit_bio@fs_btrfs_disk-io.c,origin_map@drivers_md_dm-snap.c,should_writeback@drivers_md_bcache_writeback.h,cached_dev_cache_miss@drivers_md_bcache_request.c,raid1_make_request@drivers_md_raid1.c,linear_make_request@drivers_md_linear.c,generic_make_request_checks@block_blk-core.c,bio_flags_to_wire@drivers_block_drbd_drbd_main.c,drbd_request_endio@drivers_block_drbd_drbd_worker.c,pkt_start_recovery@drivers_block_pktcdvd.c,throtl_charge_bio@block_blk-throttle.c,uuid_io@drivers_md_bcache_super.c,clone_init@drivers_md_dm-crypt.c,corrupt_bio_data@drivers_md_dm-flakey.c,bio_triggers_commit@drivers_md_dm-cache-target.c,handle_read_error@drivers_md_raid10.c,era_map@drivers_md_dm-era-target.c,__bio_clone_fast@block_bio.c,blk_queue_bio@block_blk-core.c,snapshot_merge_map@drivers_md_dm-snap.c,bio_clone_bioset@block_bio.c,handle_read_error@drivers_md_raid1.c,pmem_make_request@drivers_nvdimm_pmem.c,blk_mq_map_request@block_blk-mq.c,stripe_map@drivers_md_dm-stripe.c,zero_map@drivers_md_dm-zero.c,drbd_req_complete@drivers_block_drbd_drbd_req.c,dm_make_request@drivers_md_dm.c,blk_queue_split@block_blk-merge.c,multipath_end_request@drivers_md_multipath.c,bio_triggers_commit@drivers_md_dm-thin.c,__btrfsic_submit_bio@fs_btrfs_check-integrity.c
[0m[33mTransforming and linking bitcode files...
[0m[33m12s
[0mANALYZE:
COCCIGEN:
//# pattern-1, witnesses: 114
@@
expression E0;
@@
- E0->bi_rw
+ E0->bi_opf
