BUILD:
[33mbase commit: 20bd723ec6a3^1
[0m[33mtarget commit: 20bd723ec6a3
[0m[33mchecking out base commit... [0m[33mok (1s)
[0m[33mformatting diff... [0m[33mok (1s)
[0m3 source file(s) touched in the old version
`-- block/bio.c
`-- fs/btrfs/extent_io.c
`-- include/linux/bio.h
3 source file(s) touched in the new version
`-- block/bio.c
`-- fs/btrfs/extent_io.c
`-- include/linux/bio.h
[33mcompile base commit... [0m[33mok (15s)
[0m[33mapply [0m[33m20bd723ec6a3... [0m[33mok (15s)
[0m[33mcompile target commit... [0m[33mok (26s)
[0mPREPARE:
[33mcollect AST for functions: bio_clone_bioset@block_bio.c,btrfs_bio_clone@fs_btrfs_extent_io.c,__bio_clone_fast@block_bio.c
[0m[33mTransforming and linking bitcode files...
[0m[33m3s
[0mANALYZE:
COCCIGEN:
