BUILD:
[33mbase commit: 2457aec63745^1
[0m[33mtarget commit: 2457aec63745
[0m[33mchecking out base commit... [0m[33mok (1s)
[0m[33mformatting diff... [0m[33mok (1s)
[0m17 source file(s) touched in the old version
`-- fs/btrfs/extent_io.c
`-- fs/btrfs/file.c
`-- fs/buffer.c
`-- fs/ext4/mballoc.c
`-- fs/f2fs/checkpoint.c
`-- fs/f2fs/node.c
`-- fs/fuse/file.c
`-- fs/gfs2/aops.c
`-- fs/gfs2/meta_io.c
`-- fs/ntfs/attrib.c
`-- fs/ntfs/file.c
`-- include/linux/page-flags.h
`-- include/linux/pagemap.h
`-- include/linux/swap.h
`-- mm/filemap.c
`-- mm/shmem.c
`-- mm/swap.c
17 source file(s) touched in the new version
`-- fs/btrfs/extent_io.c
`-- fs/btrfs/file.c
`-- fs/buffer.c
`-- fs/ext4/mballoc.c
`-- fs/f2fs/checkpoint.c
`-- fs/f2fs/node.c
`-- fs/fuse/file.c
`-- fs/gfs2/aops.c
`-- fs/gfs2/meta_io.c
`-- fs/ntfs/attrib.c
`-- fs/ntfs/file.c
`-- include/linux/page-flags.h
`-- include/linux/pagemap.h
`-- include/linux/swap.h
`-- mm/filemap.c
`-- mm/shmem.c
`-- mm/swap.c
[33mcompile base commit... [0m[33mok (7s)
[0m[33mapply [0m[33m2457aec63745... [0m[33mok (7s)
[0m[33mcompile target commit... [0m[33mok (10s)
[0mPREPARE:
[33m0s
[0mANALYZE:
COCCIGEN:
