BUILD:
[33mbase commit: 2773bf00aeb9^1
[0m[33mtarget commit: 2773bf00aeb9
[0m[33mchecking out base commit... [0m[33mok (1s)
[0m[33mformatting diff... [0m[33mok (1s)
[0m53 source file(s) touched in the old version
`-- drivers/staging/lustre/lustre/llite/namei.c
`-- fs/9p/vfs_inode.c
`-- fs/9p/vfs_inode_dotl.c
`-- fs/affs/dir.c
`-- fs/afs/dir.c
`-- fs/bad_inode.c
`-- fs/bfs/dir.c
`-- fs/btrfs/inode.c
`-- fs/cachefiles/namei.c
`-- fs/ceph/dir.c
`-- fs/cifs/cifsfs.c
`-- fs/coda/dir.c
`-- fs/ecryptfs/inode.c
`-- fs/exofs/namei.c
`-- fs/ext2/namei.c
`-- fs/ext4/namei.c
`-- fs/f2fs/namei.c
`-- fs/fat/namei_msdos.c
`-- fs/fat/namei_vfat.c
`-- fs/fuse/dir.c
`-- fs/gfs2/inode.c
`-- fs/hfs/dir.c
`-- fs/hfsplus/dir.c
`-- fs/hostfs/hostfs_kern.c
`-- fs/hpfs/namei.c
`-- fs/hugetlbfs/inode.c
`-- fs/jffs2/dir.c
`-- fs/jfs/namei.c
`-- fs/kernfs/dir.c
`-- fs/logfs/dir.c
`-- fs/minix/namei.c
`-- fs/namei.c
`-- fs/ncpfs/dir.c
`-- fs/nfs/nfs3proc.c
`-- fs/nfs/nfs4proc.c
`-- fs/nfs/proc.c
`-- fs/nilfs2/namei.c
`-- fs/ocfs2/namei.c
`-- fs/omfs/dir.c
`-- fs/orangefs/namei.c
`-- fs/overlayfs/dir.c
`-- fs/overlayfs/overlayfs.h
`-- fs/ramfs/inode.c
`-- fs/reiserfs/namei.c
`-- fs/sysv/namei.c
`-- fs/ubifs/dir.c
`-- fs/udf/namei.c
`-- fs/ufs/namei.c
`-- fs/xfs/xfs_iops.c
`-- include/linux/fs.h
`-- kernel/bpf/inode.c
`-- mm/shmem.c
`-- security/tomoyo/realpath.c
53 source file(s) touched in the new version
`-- drivers/staging/lustre/lustre/llite/namei.c
`-- fs/9p/vfs_inode.c
`-- fs/9p/vfs_inode_dotl.c
`-- fs/affs/dir.c
`-- fs/afs/dir.c
`-- fs/bad_inode.c
`-- fs/bfs/dir.c
`-- fs/btrfs/inode.c
`-- fs/cachefiles/namei.c
`-- fs/ceph/dir.c
`-- fs/cifs/cifsfs.c
`-- fs/coda/dir.c
`-- fs/ecryptfs/inode.c
`-- fs/exofs/namei.c
`-- fs/ext2/namei.c
`-- fs/ext4/namei.c
`-- fs/f2fs/namei.c
`-- fs/fat/namei_msdos.c
`-- fs/fat/namei_vfat.c
`-- fs/fuse/dir.c
`-- fs/gfs2/inode.c
`-- fs/hfs/dir.c
`-- fs/hfsplus/dir.c
`-- fs/hostfs/hostfs_kern.c
`-- fs/hpfs/namei.c
`-- fs/hugetlbfs/inode.c
`-- fs/jffs2/dir.c
`-- fs/jfs/namei.c
`-- fs/kernfs/dir.c
`-- fs/logfs/dir.c
`-- fs/minix/namei.c
`-- fs/namei.c
`-- fs/ncpfs/dir.c
`-- fs/nfs/nfs3proc.c
`-- fs/nfs/nfs4proc.c
`-- fs/nfs/proc.c
`-- fs/nilfs2/namei.c
`-- fs/ocfs2/namei.c
`-- fs/omfs/dir.c
`-- fs/orangefs/namei.c
`-- fs/overlayfs/dir.c
`-- fs/overlayfs/overlayfs.h
`-- fs/ramfs/inode.c
`-- fs/reiserfs/namei.c
`-- fs/sysv/namei.c
`-- fs/ubifs/dir.c
`-- fs/udf/namei.c
`-- fs/ufs/namei.c
`-- fs/xfs/xfs_iops.c
`-- include/linux/fs.h
`-- kernel/bpf/inode.c
`-- mm/shmem.c
`-- security/tomoyo/realpath.c
[33mcompile base commit... [0m[33mok (84s)
[0m[33mapply [0m[33m2773bf00aeb9... [0m[33mok (84s)
[0m[33mcompile target commit... [0m[33mok (152s)
[0mPREPARE:
[33mcollect AST for functions: v9fs_dir_inode_operations_dotu@fs_9p_vfs_inode.c,fuse_dir_inode_operations@fs_fuse_dir.c,nilfs_dir_inode_operations@fs_nilfs2_namei.c,hugetlbfs_dir_inode_operations@fs_hugetlbfs_inode.c,vfat_dir_inode_operations@fs_fat_namei_vfat.c,afs_dir_inode_operations@fs_afs_dir.c,coda_dir_inode_operations@fs_coda_dir.c,exofs_dir_inode_operations@fs_exofs_namei.c,hfsplus_dir_inode_operations@fs_hfsplus_dir.c,ncp_dir_inode_operations@fs_ncpfs_dir.c,minix_dir_inode_operations@fs_minix_namei.c,ocfs2_dir_iops@fs_ocfs2_namei.c,ext2_dir_inode_operations@fs_ext2_namei.c,jffs2_dir_inode_operations@fs_jffs2_dir.c,gfs2_dir_iops@fs_gfs2_inode.c,nfs3_dir_inode_operations@fs_nfs_nfs3proc.c,affs_dir_inode_operations@fs_affs_dir.c,logfs_dir_iops@fs_logfs_dir.c,btrfs_dir_inode_operations@fs_btrfs_inode.c,ceph_dir_iops@fs_ceph_dir.c,omfs_dir_inops@fs_omfs_dir.c,ext4_dir_inode_operations@fs_ext4_namei.c,msdos_dir_inode_operations@fs_fat_namei_msdos.c,ll_dir_inode_operations@drivers_staging_lustre_lustre_llite_namei.c,kernfs_dir_iops@fs_kernfs_dir.c,bfs_dir_inops@fs_bfs_dir.c,cachefiles_get_directory@fs_cachefiles_namei.c,nfs_dir_inode_operations@fs_nfs_proc.c,hfs_dir_inode_operations@fs_hfs_dir.c,f2fs_dir_inode_operations@fs_f2fs_namei.c,v9fs_dir_inode_operations@fs_9p_vfs_inode.c,hostfs_dir_iops@fs_hostfs_hostfs_kern.c,ceph_snapdir_iops@fs_ceph_dir.c,v9fs_dir_inode_operations_dotl@fs_9p_vfs_inode_dotl.c,cifs_dir_inode_ops@fs_cifs_cifsfs.c,ecryptfs_dir_iops@fs_ecryptfs_inode.c,hpfs_dir_iops@fs_hpfs_namei.c,nfs4_dir_inode_operations@fs_nfs_nfs4proc.c,bad_inode_ops@fs_bad_inode.c,jfs_dir_inode_operations@fs_jfs_namei.c
[0m[33mTransforming and linking bitcode files...
[0m[33m13s
[0mANALYZE:
COCCIGEN:
//# pattern-1, witnesses: 38
@@
identifier s;
@@
 const struct inode_operations s = {
 };
