BUILD:
[33mbase commit: 294e30fee35d^1
[0m[33mtarget commit: 294e30fee35d
[0m[33mchecking out base commit... [0m[33mok (1s)
[0m[33mformatting diff... [0m[33mok (1s)
[0m6 source file(s) touched in the old version
`-- fs/btrfs/ctree.h
`-- fs/btrfs/extent_io.c
`-- fs/btrfs/extent_io.h
`-- fs/btrfs/super.c
`-- fs/btrfs/tests/btrfs-tests.h
`-- include/uapi/linux/magic.h
8 source file(s) touched in the new version
`-- fs/btrfs/ctree.h
`-- fs/btrfs/extent_io.c
`-- fs/btrfs/extent_io.h
`-- fs/btrfs/super.c
`-- fs/btrfs/tests/btrfs-tests.c
`-- fs/btrfs/tests/btrfs-tests.h
`-- fs/btrfs/tests/extent-io-tests.c
`-- include/uapi/linux/magic.h
[33mIgnore files that are created or deleted by the patch.
[0m[33mcompile base commit... [0m[33mok (6s)
[0m[33mapply [0m[33m294e30fee35d... [0m[33mok (6s)
[0m[33mcompile target commit... [0m[33mok (8s)
[0mPREPARE:
[33m0s
[0mANALYZE:
COCCIGEN:
