BUILD:
[33mbase commit: 2b0143b5c986^1
[0m[33mtarget commit: 2b0143b5c986
[0m[33mchecking out base commit... [0m[33mok (1s)
[0m[33mformatting diff... [0m[33mok (1s)
[0m278 source file(s) touched in the old version
`-- drivers/staging/lustre/lustre/llite/dcache.c
`-- drivers/staging/lustre/lustre/llite/file.c
`-- drivers/staging/lustre/lustre/llite/llite_internal.h
`-- drivers/staging/lustre/lustre/llite/llite_lib.c
`-- drivers/staging/lustre/lustre/llite/llite_nfs.c
`-- drivers/staging/lustre/lustre/llite/namei.c
`-- drivers/staging/lustre/lustre/llite/statahead.c
`-- drivers/staging/lustre/lustre/llite/symlink.c
`-- drivers/staging/lustre/lustre/llite/xattr.c
`-- fs/9p/acl.c
`-- fs/9p/vfs_dentry.c
`-- fs/9p/vfs_inode.c
`-- fs/9p/vfs_inode_dotl.c
`-- fs/9p/vfs_super.c
`-- fs/adfs/inode.c
`-- fs/affs/amigaffs.c
`-- fs/affs/inode.c
`-- fs/affs/namei.c
`-- fs/afs/dir.c
`-- fs/afs/inode.c
`-- fs/afs/mntpt.c
`-- fs/afs/super.c
`-- fs/autofs4/autofs_i.h
`-- fs/autofs4/expire.c
`-- fs/autofs4/inode.c
`-- fs/autofs4/root.c
`-- fs/autofs4/symlink.c
`-- fs/autofs4/waitq.c
`-- fs/befs/linuxvfs.c
`-- fs/bfs/dir.c
`-- fs/btrfs/export.c
`-- fs/btrfs/file.c
`-- fs/btrfs/inode.c
`-- fs/btrfs/ioctl.c
`-- fs/btrfs/super.c
`-- fs/btrfs/tree-log.c
`-- fs/btrfs/xattr.c
`-- fs/ceph/caps.c
`-- fs/ceph/debugfs.c
`-- fs/ceph/dir.c
`-- fs/ceph/export.c
`-- fs/ceph/file.c
`-- fs/ceph/inode.c
`-- fs/ceph/mds_client.c
`-- fs/ceph/super.c
`-- fs/ceph/xattr.c
`-- fs/cifs/cifs_dfs_ref.c
`-- fs/cifs/cifsfs.c
`-- fs/cifs/cifssmb.c
`-- fs/cifs/dir.c
`-- fs/cifs/file.c
`-- fs/cifs/inode.c
`-- fs/cifs/link.c
`-- fs/cifs/misc.c
`-- fs/cifs/readdir.c
`-- fs/cifs/smb1ops.c
`-- fs/cifs/smb2file.c
`-- fs/cifs/smb2misc.c
`-- fs/cifs/smb2ops.c
`-- fs/cifs/xattr.c
`-- fs/coda/cache.c
`-- fs/coda/dir.c
`-- fs/coda/inode.c
`-- fs/coda/pioctl.c
`-- fs/coda/upcall.c
`-- fs/configfs/dir.c
`-- fs/configfs/file.c
`-- fs/configfs/inode.c
`-- fs/debugfs/file.c
`-- fs/debugfs/inode.c
`-- fs/devpts/inode.c
`-- fs/ecryptfs/crypto.c
`-- fs/ecryptfs/dentry.c
`-- fs/ecryptfs/file.c
`-- fs/ecryptfs/inode.c
`-- fs/ecryptfs/kthread.c
`-- fs/ecryptfs/main.c
`-- fs/ecryptfs/mmap.c
`-- fs/efivarfs/inode.c
`-- fs/efivarfs/super.c
`-- fs/efs/namei.c
`-- fs/exofs/dir.c
`-- fs/exofs/inode.c
`-- fs/exofs/namei.c
`-- fs/exofs/super.c
`-- fs/exofs/symlink.c
`-- fs/ext2/dir.c
`-- fs/ext2/ialloc.c
`-- fs/ext2/inode.c
`-- fs/ext2/namei.c
`-- fs/ext2/symlink.c
`-- fs/ext2/xattr.c
`-- fs/ext2/xattr_security.c
`-- fs/ext2/xattr_trusted.c
`-- fs/ext2/xattr_user.c
`-- fs/ext3/ialloc.c
`-- fs/ext3/inode.c
`-- fs/ext3/namei.c
`-- fs/ext3/super.c
`-- fs/ext3/symlink.c
`-- fs/ext3/xattr.c
`-- fs/ext3/xattr_security.c
`-- fs/ext3/xattr_trusted.c
`-- fs/ext3/xattr_user.c
`-- fs/ext4/fsync.c
`-- fs/ext4/ialloc.c
`-- fs/ext4/inline.c
`-- fs/ext4/inode.c
`-- fs/ext4/migrate.c
`-- fs/ext4/namei.c
`-- fs/ext4/super.c
`-- fs/ext4/symlink.c
`-- fs/ext4/xattr.c
`-- fs/ext4/xattr_security.c
`-- fs/ext4/xattr_trusted.c
`-- fs/ext4/xattr_user.c
`-- fs/f2fs/f2fs.h
`-- fs/f2fs/file.c
`-- fs/f2fs/namei.c
`-- fs/f2fs/xattr.c
`-- fs/fat/file.c
`-- fs/fat/namei_msdos.c
`-- fs/fat/namei_vfat.c
`-- fs/fat/nfs.c
`-- fs/freevxfs/vxfs_immed.c
`-- fs/fuse/control.c
`-- fs/fuse/dir.c
`-- fs/fuse/inode.c
`-- fs/gfs2/dentry.c
`-- fs/gfs2/export.c
`-- fs/gfs2/inode.c
`-- fs/gfs2/ops_fstype.c
`-- fs/gfs2/super.c
`-- fs/gfs2/xattr.c
`-- fs/hfs/attr.c
`-- fs/hfs/dir.c
`-- fs/hfs/inode.c
`-- fs/hfs/sysdep.c
`-- fs/hfsplus/dir.c
`-- fs/hfsplus/inode.c
`-- fs/hfsplus/ioctl.c
`-- fs/hfsplus/xattr.c
`-- fs/hfsplus/xattr.h
`-- fs/hostfs/hostfs_kern.c
`-- fs/hpfs/inode.c
`-- fs/hpfs/namei.c
`-- fs/hppfs/hppfs.c
`-- fs/hugetlbfs/inode.c
`-- fs/isofs/export.c
`-- fs/jffs2/dir.c
`-- fs/jffs2/fs.c
`-- fs/jffs2/security.c
`-- fs/jffs2/super.c
`-- fs/jffs2/symlink.c
`-- fs/jffs2/xattr.c
`-- fs/jffs2/xattr_trusted.c
`-- fs/jffs2/xattr_user.c
`-- fs/jfs/file.c
`-- fs/jfs/namei.c
`-- fs/jfs/symlink.c
`-- fs/jfs/xattr.c
`-- fs/kernfs/dir.c
`-- fs/kernfs/inode.c
`-- fs/logfs/dir.c
`-- fs/logfs/file.c
`-- fs/minix/dir.c
`-- fs/minix/file.c
`-- fs/minix/inode.c
`-- fs/minix/namei.c
`-- fs/ncpfs/dir.c
`-- fs/ncpfs/inode.c
`-- fs/ncpfs/ioctl.c
`-- fs/ncpfs/ncplib_kernel.c
`-- fs/ncpfs/symlink.c
`-- fs/nfs/dir.c
`-- fs/nfs/direct.c
`-- fs/nfs/getroot.c
`-- fs/nfs/inode.c
`-- fs/nfs/namespace.c
`-- fs/nfs/nfs3acl.c
`-- fs/nfs/nfs3proc.c
`-- fs/nfs/nfs4client.c
`-- fs/nfs/nfs4file.c
`-- fs/nfs/nfs4namespace.c
`-- fs/nfs/nfs4proc.c
`-- fs/nfs/nfs4state.c
`-- fs/nfs/nfs4trace.h
`-- fs/nfs/pagelist.c
`-- fs/nfs/pnfs.h
`-- fs/nfs/proc.c
`-- fs/nfs/read.c
`-- fs/nfs/super.c
`-- fs/nfs/symlink.c
`-- fs/nfs/unlink.c
`-- fs/nfs/write.c
`-- fs/nfsd/export.c
`-- fs/nfsd/nfs2acl.c
`-- fs/nfsd/nfs3acl.c
`-- fs/nfsd/nfs3proc.c
`-- fs/nfsd/nfs3xdr.c
`-- fs/nfsd/nfs4acl.c
`-- fs/nfsd/nfs4proc.c
`-- fs/nfsd/nfs4recover.c
`-- fs/nfsd/nfs4state.c
`-- fs/nfsd/nfs4xdr.c
`-- fs/nfsd/nfsfh.c
`-- fs/nfsd/nfsfh.h
`-- fs/nfsd/nfsproc.c
`-- fs/nfsd/nfsxdr.c
`-- fs/nfsd/vfs.c
`-- fs/nfsd/xdr4.h
`-- fs/nilfs2/dir.c
`-- fs/nilfs2/inode.c
`-- fs/nilfs2/namei.c
`-- fs/nilfs2/super.c
`-- fs/ntfs/inode.c
`-- fs/ntfs/namei.c
`-- fs/ocfs2/dcache.c
`-- fs/ocfs2/dir.h
`-- fs/ocfs2/dlmfs/dlmfs.c
`-- fs/ocfs2/export.c
`-- fs/ocfs2/file.c
`-- fs/ocfs2/inode.c
`-- fs/ocfs2/namei.c
`-- fs/ocfs2/refcounttree.c
`-- fs/ocfs2/xattr.c
`-- fs/omfs/dir.c
`-- fs/omfs/file.c
`-- fs/proc/base.c
`-- fs/proc/fd.c
`-- fs/proc/generic.c
`-- fs/proc/inode.c
`-- fs/proc/namespaces.c
`-- fs/proc/proc_net.c
`-- fs/proc/proc_sysctl.c
`-- fs/proc/root.c
`-- fs/proc/self.c
`-- fs/proc/thread_self.c
`-- fs/pstore/inode.c
`-- fs/qnx6/inode.c
`-- fs/ramfs/file-nommu.c
`-- fs/reiserfs/dir.c
`-- fs/reiserfs/inode.c
`-- fs/reiserfs/namei.c
`-- fs/reiserfs/super.c
`-- fs/reiserfs/xattr.c
`-- fs/reiserfs/xattr.h
`-- fs/reiserfs/xattr_security.c
`-- fs/reiserfs/xattr_trusted.c
`-- fs/reiserfs/xattr_user.c
`-- fs/squashfs/export.c
`-- fs/squashfs/xattr.c
`-- fs/sysv/dir.c
`-- fs/sysv/file.c
`-- fs/sysv/itree.c
`-- fs/sysv/namei.c
`-- fs/sysv/symlink.c
`-- fs/ubifs/dir.c
`-- fs/ubifs/file.c
`-- fs/ubifs/journal.c
`-- fs/ubifs/xattr.c
`-- fs/udf/file.c
`-- fs/udf/namei.c
`-- fs/ufs/dir.c
`-- fs/ufs/namei.c
`-- fs/ufs/super.c
`-- fs/ufs/symlink.c
`-- fs/ufs/truncate.c
`-- fs/xfs/xfs_export.c
`-- fs/xfs/xfs_filestream.c
`-- fs/xfs/xfs_ioctl.c
`-- fs/xfs/xfs_ioctl32.c
`-- fs/xfs/xfs_iops.c
`-- fs/xfs/xfs_super.c
`-- fs/xfs/xfs_xattr.c
`-- include/trace/events/btrfs.h
`-- include/trace/events/ext3.h
`-- include/trace/events/ext4.h
278 source file(s) touched in the new version
`-- drivers/staging/lustre/lustre/llite/dcache.c
`-- drivers/staging/lustre/lustre/llite/file.c
`-- drivers/staging/lustre/lustre/llite/llite_internal.h
`-- drivers/staging/lustre/lustre/llite/llite_lib.c
`-- drivers/staging/lustre/lustre/llite/llite_nfs.c
`-- drivers/staging/lustre/lustre/llite/namei.c
`-- drivers/staging/lustre/lustre/llite/statahead.c
`-- drivers/staging/lustre/lustre/llite/symlink.c
`-- drivers/staging/lustre/lustre/llite/xattr.c
`-- fs/9p/acl.c
`-- fs/9p/vfs_dentry.c
`-- fs/9p/vfs_inode.c
`-- fs/9p/vfs_inode_dotl.c
`-- fs/9p/vfs_super.c
`-- fs/adfs/inode.c
`-- fs/affs/amigaffs.c
`-- fs/affs/inode.c
`-- fs/affs/namei.c
`-- fs/afs/dir.c
`-- fs/afs/inode.c
`-- fs/afs/mntpt.c
`-- fs/afs/super.c
`-- fs/autofs4/autofs_i.h
`-- fs/autofs4/expire.c
`-- fs/autofs4/inode.c
`-- fs/autofs4/root.c
`-- fs/autofs4/symlink.c
`-- fs/autofs4/waitq.c
`-- fs/befs/linuxvfs.c
`-- fs/bfs/dir.c
`-- fs/btrfs/export.c
`-- fs/btrfs/file.c
`-- fs/btrfs/inode.c
`-- fs/btrfs/ioctl.c
`-- fs/btrfs/super.c
`-- fs/btrfs/tree-log.c
`-- fs/btrfs/xattr.c
`-- fs/ceph/caps.c
`-- fs/ceph/debugfs.c
`-- fs/ceph/dir.c
`-- fs/ceph/export.c
`-- fs/ceph/file.c
`-- fs/ceph/inode.c
`-- fs/ceph/mds_client.c
`-- fs/ceph/super.c
`-- fs/ceph/xattr.c
`-- fs/cifs/cifs_dfs_ref.c
`-- fs/cifs/cifsfs.c
`-- fs/cifs/cifssmb.c
`-- fs/cifs/dir.c
`-- fs/cifs/file.c
`-- fs/cifs/inode.c
`-- fs/cifs/link.c
`-- fs/cifs/misc.c
`-- fs/cifs/readdir.c
`-- fs/cifs/smb1ops.c
`-- fs/cifs/smb2file.c
`-- fs/cifs/smb2misc.c
`-- fs/cifs/smb2ops.c
`-- fs/cifs/xattr.c
`-- fs/coda/cache.c
`-- fs/coda/dir.c
`-- fs/coda/inode.c
`-- fs/coda/pioctl.c
`-- fs/coda/upcall.c
`-- fs/configfs/dir.c
`-- fs/configfs/file.c
`-- fs/configfs/inode.c
`-- fs/debugfs/file.c
`-- fs/debugfs/inode.c
`-- fs/devpts/inode.c
`-- fs/ecryptfs/crypto.c
`-- fs/ecryptfs/dentry.c
`-- fs/ecryptfs/file.c
`-- fs/ecryptfs/inode.c
`-- fs/ecryptfs/kthread.c
`-- fs/ecryptfs/main.c
`-- fs/ecryptfs/mmap.c
`-- fs/efivarfs/inode.c
`-- fs/efivarfs/super.c
`-- fs/efs/namei.c
`-- fs/exofs/dir.c
`-- fs/exofs/inode.c
`-- fs/exofs/namei.c
`-- fs/exofs/super.c
`-- fs/exofs/symlink.c
`-- fs/ext2/dir.c
`-- fs/ext2/ialloc.c
`-- fs/ext2/inode.c
`-- fs/ext2/namei.c
`-- fs/ext2/symlink.c
`-- fs/ext2/xattr.c
`-- fs/ext2/xattr_security.c
`-- fs/ext2/xattr_trusted.c
`-- fs/ext2/xattr_user.c
`-- fs/ext3/ialloc.c
`-- fs/ext3/inode.c
`-- fs/ext3/namei.c
`-- fs/ext3/super.c
`-- fs/ext3/symlink.c
`-- fs/ext3/xattr.c
`-- fs/ext3/xattr_security.c
`-- fs/ext3/xattr_trusted.c
`-- fs/ext3/xattr_user.c
`-- fs/ext4/fsync.c
`-- fs/ext4/ialloc.c
`-- fs/ext4/inline.c
`-- fs/ext4/inode.c
`-- fs/ext4/migrate.c
`-- fs/ext4/namei.c
`-- fs/ext4/super.c
`-- fs/ext4/symlink.c
`-- fs/ext4/xattr.c
`-- fs/ext4/xattr_security.c
`-- fs/ext4/xattr_trusted.c
`-- fs/ext4/xattr_user.c
`-- fs/f2fs/f2fs.h
`-- fs/f2fs/file.c
`-- fs/f2fs/namei.c
`-- fs/f2fs/xattr.c
`-- fs/fat/file.c
`-- fs/fat/namei_msdos.c
`-- fs/fat/namei_vfat.c
`-- fs/fat/nfs.c
`-- fs/freevxfs/vxfs_immed.c
`-- fs/fuse/control.c
`-- fs/fuse/dir.c
`-- fs/fuse/inode.c
`-- fs/gfs2/dentry.c
`-- fs/gfs2/export.c
`-- fs/gfs2/inode.c
`-- fs/gfs2/ops_fstype.c
`-- fs/gfs2/super.c
`-- fs/gfs2/xattr.c
`-- fs/hfs/attr.c
`-- fs/hfs/dir.c
`-- fs/hfs/inode.c
`-- fs/hfs/sysdep.c
`-- fs/hfsplus/dir.c
`-- fs/hfsplus/inode.c
`-- fs/hfsplus/ioctl.c
`-- fs/hfsplus/xattr.c
`-- fs/hfsplus/xattr.h
`-- fs/hostfs/hostfs_kern.c
`-- fs/hpfs/inode.c
`-- fs/hpfs/namei.c
`-- fs/hppfs/hppfs.c
`-- fs/hugetlbfs/inode.c
`-- fs/isofs/export.c
`-- fs/jffs2/dir.c
`-- fs/jffs2/fs.c
`-- fs/jffs2/security.c
`-- fs/jffs2/super.c
`-- fs/jffs2/symlink.c
`-- fs/jffs2/xattr.c
`-- fs/jffs2/xattr_trusted.c
`-- fs/jffs2/xattr_user.c
`-- fs/jfs/file.c
`-- fs/jfs/namei.c
`-- fs/jfs/symlink.c
`-- fs/jfs/xattr.c
`-- fs/kernfs/dir.c
`-- fs/kernfs/inode.c
`-- fs/logfs/dir.c
`-- fs/logfs/file.c
`-- fs/minix/dir.c
`-- fs/minix/file.c
`-- fs/minix/inode.c
`-- fs/minix/namei.c
`-- fs/ncpfs/dir.c
`-- fs/ncpfs/inode.c
`-- fs/ncpfs/ioctl.c
`-- fs/ncpfs/ncplib_kernel.c
`-- fs/ncpfs/symlink.c
`-- fs/nfs/dir.c
`-- fs/nfs/direct.c
`-- fs/nfs/getroot.c
`-- fs/nfs/inode.c
`-- fs/nfs/namespace.c
`-- fs/nfs/nfs3acl.c
`-- fs/nfs/nfs3proc.c
`-- fs/nfs/nfs4client.c
`-- fs/nfs/nfs4file.c
`-- fs/nfs/nfs4namespace.c
`-- fs/nfs/nfs4proc.c
`-- fs/nfs/nfs4state.c
`-- fs/nfs/nfs4trace.h
`-- fs/nfs/pagelist.c
`-- fs/nfs/pnfs.h
`-- fs/nfs/proc.c
`-- fs/nfs/read.c
`-- fs/nfs/super.c
`-- fs/nfs/symlink.c
`-- fs/nfs/unlink.c
`-- fs/nfs/write.c
`-- fs/nfsd/export.c
`-- fs/nfsd/nfs2acl.c
`-- fs/nfsd/nfs3acl.c
`-- fs/nfsd/nfs3proc.c
`-- fs/nfsd/nfs3xdr.c
`-- fs/nfsd/nfs4acl.c
`-- fs/nfsd/nfs4proc.c
`-- fs/nfsd/nfs4recover.c
`-- fs/nfsd/nfs4state.c
`-- fs/nfsd/nfs4xdr.c
`-- fs/nfsd/nfsfh.c
`-- fs/nfsd/nfsfh.h
`-- fs/nfsd/nfsproc.c
`-- fs/nfsd/nfsxdr.c
`-- fs/nfsd/vfs.c
`-- fs/nfsd/xdr4.h
`-- fs/nilfs2/dir.c
`-- fs/nilfs2/inode.c
`-- fs/nilfs2/namei.c
`-- fs/nilfs2/super.c
`-- fs/ntfs/inode.c
`-- fs/ntfs/namei.c
`-- fs/ocfs2/dcache.c
`-- fs/ocfs2/dir.h
`-- fs/ocfs2/dlmfs/dlmfs.c
`-- fs/ocfs2/export.c
`-- fs/ocfs2/file.c
`-- fs/ocfs2/inode.c
`-- fs/ocfs2/namei.c
`-- fs/ocfs2/refcounttree.c
`-- fs/ocfs2/xattr.c
`-- fs/omfs/dir.c
`-- fs/omfs/file.c
`-- fs/proc/base.c
`-- fs/proc/fd.c
`-- fs/proc/generic.c
`-- fs/proc/inode.c
`-- fs/proc/namespaces.c
`-- fs/proc/proc_net.c
`-- fs/proc/proc_sysctl.c
`-- fs/proc/root.c
`-- fs/proc/self.c
`-- fs/proc/thread_self.c
`-- fs/pstore/inode.c
`-- fs/qnx6/inode.c
`-- fs/ramfs/file-nommu.c
`-- fs/reiserfs/dir.c
`-- fs/reiserfs/inode.c
`-- fs/reiserfs/namei.c
`-- fs/reiserfs/super.c
`-- fs/reiserfs/xattr.c
`-- fs/reiserfs/xattr.h
`-- fs/reiserfs/xattr_security.c
`-- fs/reiserfs/xattr_trusted.c
`-- fs/reiserfs/xattr_user.c
`-- fs/squashfs/export.c
`-- fs/squashfs/xattr.c
`-- fs/sysv/dir.c
`-- fs/sysv/file.c
`-- fs/sysv/itree.c
`-- fs/sysv/namei.c
`-- fs/sysv/symlink.c
`-- fs/ubifs/dir.c
`-- fs/ubifs/file.c
`-- fs/ubifs/journal.c
`-- fs/ubifs/xattr.c
`-- fs/udf/file.c
`-- fs/udf/namei.c
`-- fs/ufs/dir.c
`-- fs/ufs/namei.c
`-- fs/ufs/super.c
`-- fs/ufs/symlink.c
`-- fs/ufs/truncate.c
`-- fs/xfs/xfs_export.c
`-- fs/xfs/xfs_filestream.c
`-- fs/xfs/xfs_ioctl.c
`-- fs/xfs/xfs_ioctl32.c
`-- fs/xfs/xfs_iops.c
`-- fs/xfs/xfs_super.c
`-- fs/xfs/xfs_xattr.c
`-- include/trace/events/btrfs.h
`-- include/trace/events/ext3.h
`-- include/trace/events/ext4.h
[33mcompile base commit... [0m[33mok (79s)
[0m[33mapply [0m[33m2b0143b5c986... [0m[33mok (79s)
[0m[33mcompile target commit... [0m[33mok (145s)
[0mPREPARE:
[33mcollect AST for functions: ceph_finish_lookup@fs_ceph_dir.c,btrfs_get_parent@fs_btrfs_export.c,autofs4_follow_link@fs_autofs4_symlink.c,should_expire@fs_autofs4_expire.c,btrfs_log_inode_parent@fs_btrfs_tree-log.c,ll_removexattr@drivers_staging_lustre_lustre_llite_xattr.c,v9fs_vfs_link_dotl@fs_9p_vfs_inode_dotl.c,ceph_handle_snapdir@fs_ceph_dir.c,ll_inode_revalidate@drivers_staging_lustre_lustre_llite_file.c,v9fs_vfs_atomic_open@fs_9p_vfs_inode.c,btrfs_mksubvol@fs_btrfs_ioctl.c,autofs4_d_automount@fs_autofs4_root.c,afs_unlink@fs_afs_dir.c,__get_parent@fs_ceph_export.c,btrfs_getxattr@fs_btrfs_xattr.c,bfs_unlink@fs_bfs_dir.c,btrfs_may_delete@fs_btrfs_ioctl.c,do_sa_revalidate@drivers_staging_lustre_lustre_llite_statahead.c,v9fs_vfs_link@fs_9p_vfs_inode.c,ll_get_name@drivers_staging_lustre_lustre_llite_llite_nfs.c,mount_subvol@fs_btrfs_super.c,ceph_link@fs_ceph_dir.c,afs_mntpt_do_automount@fs_afs_mntpt.c,ll_intent_file_open@drivers_staging_lustre_lustre_llite_file.c,afs_statfs@fs_afs_super.c,btrfs_getattr@fs_btrfs_inode.c,dentry_lease_is_valid@fs_ceph_dir.c,btrfs_listxattr@fs_btrfs_xattr.c,autofs4_dir_rmdir@fs_autofs4_root.c,ll_d_init@drivers_staging_lustre_lustre_llite_dcache.c,btrfs_removexattr@fs_btrfs_xattr.c,d_lustre_invalidate@drivers_staging_lustre_lustre_llite_llite_internal.h,btrfs_dentry_delete@fs_btrfs_inode.c,validate_request@fs_autofs4_waitq.c,btrfs_may_create@fs_btrfs_ioctl.c,ll_statahead_one@drivers_staging_lustre_lustre_llite_statahead.c,btrfs_log_dentry_safe@fs_btrfs_tree-log.c,ceph_unlink@fs_ceph_dir.c,affs_notify_change@fs_affs_inode.c,btrfs_rmdir@fs_btrfs_inode.c,v9fs_vfs_atomic_open_dotl@fs_9p_vfs_inode_dotl.c,ll_revalidate_dentry@drivers_staging_lustre_lustre_llite_dcache.c,bfs_link@fs_bfs_dir.c,affs_rename@fs_affs_namei.c,afs_rename@fs_afs_dir.c,v9fs_xattr_get_acl@fs_9p_acl.c,v9fs_vfs_rename@fs_9p_vfs_inode.c,ceph_mkdir@fs_ceph_dir.c,ceph_lookup@fs_ceph_dir.c,afs_d_revalidate@fs_afs_dir.c,ll_splice_alias@drivers_staging_lustre_lustre_llite_namei.c,btrfs_setxattr@fs_btrfs_xattr.c,btrfs_get_name@fs_btrfs_export.c,ll_md_setattr@drivers_staging_lustre_lustre_llite_llite_lib.c,v9fs_mount@fs_9p_vfs_super.c,ll_start_agl@drivers_staging_lustre_lustre_llite_statahead.c,btrfs_statfs@fs_btrfs_super.c,autofs4_lookup_expiring@fs_autofs4_root.c,ceph_get_dentry_parent_inode@fs_ceph_dir.c,ll_ddelete@drivers_staging_lustre_lustre_llite_dcache.c,ll_setattr@drivers_staging_lustre_lustre_llite_llite_lib.c,ceph_atomic_open@fs_ceph_file.c,ll_statahead_thread@drivers_staging_lustre_lustre_llite_statahead.c,ll_atomic_open@drivers_staging_lustre_lustre_llite_namei.c,affs_remove_header@fs_affs_amigaffs.c,ll_invalidate_aliases@drivers_staging_lustre_lustre_llite_dcache.c,affs_link@fs_affs_namei.c,v9fs_remove@fs_9p_vfs_inode.c,v9fs_vfs_setattr_dotl@fs_9p_vfs_inode_dotl.c,autofs4_get_inode@fs_autofs4_inode.c,ll_listxattr@drivers_staging_lustre_lustre_llite_xattr.c,adfs_notify_change@fs_adfs_inode.c,afs_getattr@fs_afs_inode.c,ceph_get_parent@fs_ceph_export.c,affs_remove_link@fs_affs_amigaffs.c,ll_getattr@drivers_staging_lustre_lustre_llite_file.c,__ll_inode_revalidate@drivers_staging_lustre_lustre_llite_file.c,ll_link@drivers_staging_lustre_lustre_llite_namei.c,afs_lookup@fs_afs_dir.c,v9fs_vfs_setattr@fs_9p_vfs_inode.c,autofs4_d_manage@fs_autofs4_root.c,ceph_rename@fs_ceph_dir.c,afs_d_delete@fs_afs_dir.c,ceph_encode_dentry_release@fs_ceph_caps.c,ceph_init_dentry@fs_ceph_dir.c,btrfs_ioctl_snap_destroy@fs_btrfs_ioctl.c,btrfs_unlink@fs_btrfs_inode.c,autofs4_show_options@fs_autofs4_inode.c,autofs4_dir_unlink@fs_autofs4_root.c,create_snapshot@fs_btrfs_ioctl.c,ceph_get_name@fs_ceph_export.c,autofs4_wait@fs_autofs4_waitq.c,befs_follow_link@fs_befs_linuxvfs.c,btrfs_setattr@fs_btrfs_inode.c,get_default_root@fs_btrfs_super.c,ceph_mknod@fs_ceph_dir.c,ll_setattr_raw@drivers_staging_lustre_lustre_llite_llite_lib.c,ll_follow_link@drivers_staging_lustre_lustre_llite_symlink.c,befs_fast_follow_link@fs_befs_linuxvfs.c,v9fs_vfs_getattr_dotl@fs_9p_vfs_inode_dotl.c,btrfs_sync_file@fs_btrfs_file.c,ceph_d_prune@fs_ceph_dir.c,v9fs_lookup_revalidate@fs_9p_vfs_dentry.c,btrfs_link@fs_btrfs_inode.c,afs_link@fs_afs_dir.c,ll_lookup_it_finish@drivers_staging_lustre_lustre_llite_namei.c,bfs_rename@fs_bfs_dir.c,ll_get_child_fid@drivers_staging_lustre_lustre_llite_namei.c,afs_setattr@fs_afs_inode.c,mdsc_show@fs_ceph_debugfs.c,ll_setxattr@drivers_staging_lustre_lustre_llite_xattr.c,v9fs_cached_dentry_delete@fs_9p_vfs_dentry.c,ll_agl_thread@drivers_staging_lustre_lustre_llite_statahead.c,do_statahead_enter@drivers_staging_lustre_lustre_llite_statahead.c,v9fs_xattr_set_acl@fs_9p_acl.c,simple_positive@fs_autofs4_autofs_i.h,check_parent_dirs_for_sync@fs_btrfs_tree-log.c,ceph_d_revalidate@fs_ceph_dir.c,is_autofs4_dentry@fs_autofs4_root.c,__dcache_readdir@fs_ceph_dir.c,affs_unlink@fs_affs_namei.c,ll_invalidate_negative_children@drivers_staging_lustre_lustre_llite_namei.c,autofs4_get_ino@fs_autofs4_autofs_i.h,btrfs_rename@fs_btrfs_inode.c,ll_lookup_it@drivers_staging_lustre_lustre_llite_namei.c,afs_rmdir@fs_afs_dir.c,affs_rmdir@fs_affs_namei.c,ll_get_parent@drivers_staging_lustre_lustre_llite_llite_nfs.c,affs_nofilenametruncate@fs_affs_amigaffs.c,ll_getxattr@drivers_staging_lustre_lustre_llite_xattr.c,v9fs_vfs_getattr@fs_9p_vfs_inode.c
[0m[33mTransforming and linking bitcode files...
[0m[33m13s
[0mANALYZE:
COCCIGEN:
//# pattern-1, witnesses: 201
@@
expression E0;
@@
- E0->d_inode
+ d_inode(E0)
//# pattern-3, witnesses: 21
@@
expression E0;
@@
- E0->d_inode
+ d_really_is_positive(E0)
//# pattern-5, witnesses: 6
@@
expression E0;
statement S1;
@@
- if (!E0->d_inode) { S1 }
+ if (d_really_is_negative(E0)) { S1 }
//# pattern-6, witnesses: 5
@@
expression E0;
identifier PV1;
@@
- E0->d_inode
+ d_inode(*PV1)
//# pattern-9, witnesses: 3
@@
expression E0;
@@
- E0->d_inode == NULL
+ d_really_is_negative(E0)
//# pattern-10, witnesses: 3
@@
@@
- parent->d_inode
+ d_inode(parent)
//# pattern-11, witnesses: 3
@@
expression E0;
@@
- E0 || !parent->d_inode
+ E0 || d_really_is_negative(parent)
//# pattern-7, witnesses: 2
@r0@
identifier i, fn;
@@
struct inode_operations i = {
    .atomic_open = fn,
};
@@
expression E0;
identifier dentry;
identifier dir;
identifier file;
identifier flags;
identifier omode;
identifier opened;
identifier r0.fn;
typedef umode_t;
@@
 int fn(struct inode * dir, struct dentry * dentry, struct file * file, unsigned int flags, umode_t omode, int * opened)
 {
     <...
- E0 || dentry->d_inode
+ E0 || d_really_is_positive(dentry)
     ...>
 }
