BUILD:
[33mbase commit: 2c30c71bd653^1
[0m[33mtarget commit: 2c30c71bd653
[0m[33mchecking out base commit... [0m[33mok (0s)
[0m[33mformatting diff... [0m[33mok (1s)
[0m10 source file(s) touched in the old version
`-- fs/btrfs/compression.c
`-- fs/btrfs/disk-io.c
`-- fs/btrfs/extent_io.c
`-- fs/btrfs/inode.c
`-- fs/ext4/page-io.c
`-- fs/f2fs/data.c
`-- fs/f2fs/segment.c
`-- fs/logfs/dev_bdev.c
`-- fs/mpage.c
`-- fs/nfs/blocklayout/blocklayout.c
10 source file(s) touched in the new version
`-- fs/btrfs/compression.c
`-- fs/btrfs/disk-io.c
`-- fs/btrfs/extent_io.c
`-- fs/btrfs/inode.c
`-- fs/ext4/page-io.c
`-- fs/f2fs/data.c
`-- fs/f2fs/segment.c
`-- fs/logfs/dev_bdev.c
`-- fs/mpage.c
`-- fs/nfs/blocklayout/blocklayout.c
[33mcompile base commit... [0m[33mok (6s)
[0m[33mapply [0m[33m2c30c71bd653... [0m[33mok (6s)
[0m[33mcompile target commit... [0m[33mok (8s)
[0mPREPARE:
[33m1s
[0mANALYZE:
COCCIGEN:
