BUILD:
[33mbase commit: 2eaa055fab4e^1
[0m[33mtarget commit: 2eaa055fab4e
[0m[33mchecking out base commit... [0m[33mok (1s)
[0m[33mformatting diff... [0m[33mok (1s)
[0m3 source file(s) touched in the old version
`-- fs/btrfs/ctree.h
`-- fs/btrfs/ioctl.c
`-- include/uapi/linux/btrfs.h
3 source file(s) touched in the new version
`-- fs/btrfs/ctree.h
`-- fs/btrfs/ioctl.c
`-- include/uapi/linux/btrfs.h
[33mcompile base commit... [0m[33mok (5s)
[0m[33mapply [0m[33m2eaa055fab4e... [0m[33mok (5s)
[0m[33mcompile target commit... [0m[33mok (8s)
[0mPREPARE:
[33m0s
[0mANALYZE:
COCCIGEN:
