BUILD:
[33mbase commit: 2f2320360b0c^1
[0m[33mtarget commit: 2f2320360b0c
[0m[33mchecking out base commit... [0m[33mok (3s)
[0m[33mformatting diff... [0m[33mok (3s)
[0m5 source file(s) touched in the old version
`-- fs/btrfs/ctree.h
`-- fs/btrfs/disk-io.c
`-- fs/btrfs/ioctl.c
`-- fs/btrfs/qgroup.c
`-- include/uapi/linux/btrfs.h
5 source file(s) touched in the new version
`-- fs/btrfs/ctree.h
`-- fs/btrfs/disk-io.c
`-- fs/btrfs/ioctl.c
`-- fs/btrfs/qgroup.c
`-- include/uapi/linux/btrfs.h
[33mcompile base commit... [0m[33mok (8s)
[0m[33mapply [0m[33m2f2320360b0c... [0m[33mok (8s)
[0m[33mcompile target commit... [0m[33mok (10s)
[0mPREPARE:
[33m0s
[0mANALYZE:
COCCIGEN:
@@
@@
 #include <fs/btrfs/ctree.h>
+#include <fs/btrfs/extent_io.h>
