BUILD:
[33mbase commit: 2fc9f6baa24a^1
[0m[33mtarget commit: 2fc9f6baa24a
[0m[33mchecking out base commit... [0m[33mok (3s)
[0m[33mformatting diff... [0m[33mok (3s)
[0m2 source file(s) touched in the old version
`-- fs/btrfs/dev-replace.c
`-- include/uapi/linux/btrfs.h
2 source file(s) touched in the new version
`-- fs/btrfs/dev-replace.c
`-- include/uapi/linux/btrfs.h
[33mcompile base commit... [0m[33mok (14s)
[0m[33mapply [0m[33m2fc9f6baa24a... [0m[33mok (14s)
[0m[33mcompile target commit... [0m[33mok (23s)
[0mPREPARE:
[33mcollect AST for functions: btrfs_dev_replace_start@fs_btrfs_dev-replace.c,btrfs_dev_replace_finishing@fs_btrfs_dev-replace.c
[0m[33mTransforming and linking bitcode files...
[0m[33m0s
[0mANALYZE:
COCCIGEN:
