BUILD:
[33mbase commit: 3159fe7baef3^1
[0m[33mtarget commit: 3159fe7baef3
[0m[33mchecking out base commit... [0m[33mok (2s)
[0m[33mformatting diff... [0m[33mok (2s)
[0m3 source file(s) touched in the old version
`-- fs/btrfs/qgroup.c
`-- fs/btrfs/qgroup.h
`-- include/trace/events/btrfs.h
3 source file(s) touched in the new version
`-- fs/btrfs/qgroup.c
`-- fs/btrfs/qgroup.h
`-- include/trace/events/btrfs.h
[33mcompile base commit... [0m[33mok (40s)
[0m[33mapply [0m[33m3159fe7baef3... [0m[33mok (40s)
[0m[33mcompile target commit... [0m[33mok (50s)
[0mPREPARE:
[33mcollect AST for functions: btrfs_qgroup_free_meta_all@fs_btrfs_qgroup.c,__qgroup_excl_accounting@fs_btrfs_qgroup.c,qgroup_reserve@fs_btrfs_qgroup.c,btrfs_qgroup_free_refroot@fs_btrfs_qgroup.c,btrfs_qgroup_free_meta@fs_btrfs_qgroup.c,btrfs_qgroup_reserve_meta@fs_btrfs_qgroup.c
[0m[33mTransforming and linking bitcode files...
[0m[33m5s
[0mANALYZE:
COCCIGEN:
