BUILD:
[33mbase commit: 31b140398ce5^1
[0m[33mtarget commit: 31b140398ce5
[0m[33mchecking out base commit... [0m[33mok (0s)
[0m[33mformatting diff... [0m[33mok (0s)
[0m19 source file(s) touched in the old version
`-- fs/block_dev.c
`-- fs/btrfs/inode.c
`-- fs/direct-io.c
`-- fs/ext2/inode.c
`-- fs/ext3/inode.c
`-- fs/ext4/indirect.c
`-- fs/ext4/inode.c
`-- fs/f2fs/data.c
`-- fs/fat/inode.c
`-- fs/gfs2/aops.c
`-- fs/hfs/inode.c
`-- fs/hfsplus/inode.c
`-- fs/jfs/inode.c
`-- fs/nilfs2/inode.c
`-- fs/ocfs2/aops.c
`-- fs/reiserfs/inode.c
`-- fs/udf/inode.c
`-- fs/xfs/xfs_aops.c
`-- include/linux/fs.h
19 source file(s) touched in the new version
`-- fs/block_dev.c
`-- fs/btrfs/inode.c
`-- fs/direct-io.c
`-- fs/ext2/inode.c
`-- fs/ext3/inode.c
`-- fs/ext4/indirect.c
`-- fs/ext4/inode.c
`-- fs/f2fs/data.c
`-- fs/fat/inode.c
`-- fs/gfs2/aops.c
`-- fs/hfs/inode.c
`-- fs/hfsplus/inode.c
`-- fs/jfs/inode.c
`-- fs/nilfs2/inode.c
`-- fs/ocfs2/aops.c
`-- fs/reiserfs/inode.c
`-- fs/udf/inode.c
`-- fs/xfs/xfs_aops.c
`-- include/linux/fs.h
[33mcompile base commit... [0m[33mok (8s)
[0m[33mapply [0m[33m31b140398ce5... [0m[33mok (8s)
[0m[33mcompile target commit... [0m[33mok (11s)
[0mPREPARE:
[33m0s
[0mANALYZE:
COCCIGEN:
