BUILD:
[33mbase commit: 33879d4512c0^1
[0m[33mtarget commit: 33879d4512c0
[0m[33mchecking out base commit... [0m[33mok (0s)
[0m[33mformatting diff... [0m[33mok (0s)
[0m8 source file(s) touched in the old version
`-- block/blk-flush.c
`-- drivers/md/md.c
`-- fs/btrfs/check-integrity.c
`-- fs/btrfs/check-integrity.h
`-- fs/btrfs/extent_io.c
`-- fs/btrfs/scrub.c
`-- fs/hfsplus/wrapper.c
`-- fs/logfs/dev_bdev.c
8 source file(s) touched in the new version
`-- block/blk-flush.c
`-- drivers/md/md.c
`-- fs/btrfs/check-integrity.c
`-- fs/btrfs/check-integrity.h
`-- fs/btrfs/extent_io.c
`-- fs/btrfs/scrub.c
`-- fs/hfsplus/wrapper.c
`-- fs/logfs/dev_bdev.c
[33mcompile base commit... [0m[33mok (5s)
[0m[33mapply [0m[33m33879d4512c0... [0m[33mok (5s)
[0m[33mcompile target commit... [0m[33mok (7s)
[0mPREPARE:
[33m0s
[0mANALYZE:
COCCIGEN:
