BUILD:
[33mbase commit: 33ca91334996^1
[0m[33mtarget commit: 33ca91334996
[0m[33mchecking out base commit... [0m[33mok (1s)
[0m[33mformatting diff... [0m[33mok (1s)
[0m2 source file(s) touched in the old version
`-- fs/btrfs/ctree.h
`-- include/uapi/linux/btrfs.h
2 source file(s) touched in the new version
`-- fs/btrfs/ctree.h
`-- include/uapi/linux/btrfs.h
[33mcompile base commit... [0m[31mfailed[0m
PREPARE:
[31mLack a successful build
[0m
ANALYZE:
grep: fdiff.txt: No such file or directory
[31mLack a successful preparation
[0m
COCCIGEN:
