BUILD:
[33mbase commit: 357fdad075ab^1
[0m[33mtarget commit: 357fdad075ab
[0m[33mchecking out base commit... [0m[33mok (1s)
[0m[33mformatting diff... [0m[33mok (2s)
[0m4 source file(s) touched in the old version
`-- fs/btrfs/super.c
`-- fs/ext4/super.c
`-- fs/fuse/inode.c
`-- fs/xfs/xfs_super.c
4 source file(s) touched in the new version
`-- fs/btrfs/super.c
`-- fs/ext4/super.c
`-- fs/fuse/inode.c
`-- fs/xfs/xfs_super.c
[33mcompile base commit... [0m[33mok (24s)
[0m[33mapply [0m[33m357fdad075ab... [0m[33mok (24s)
[0m[33mcompile target commit... [0m[33mok (44s)
[0mPREPARE:
[33mcollect AST for functions: handle_mount_opt@fs_ext4_super.c,fuse_fill_super@fs_fuse_inode.c,_ext4_show_options@fs_ext4_super.c,btrfs_fill_super@fs_btrfs_super.c,xfs_fs_fill_super@fs_xfs_xfs_super.c
[0m[33mTransforming and linking bitcode files...
[0m[33m7s
[0mANALYZE:
COCCIGEN:
//# pattern-1, witnesses: 5
@@
@@
- MS_I_VERSION
+ SB_I_VERSION
