BUILD:
[33mbase commit: 362f924b64ba^1
[0m[33mtarget commit: 362f924b64ba
[0m[33mchecking out base commit... [0m[33mok (1s)
[0m[33mformatting diff... [0m[33mok (1s)
[0m24 source file(s) touched in the old version
`-- arch/x86/crypto/chacha20_glue.c
`-- arch/x86/crypto/crc32c-intel_glue.c
`-- arch/x86/include/asm/cmpxchg_32.h
`-- arch/x86/include/asm/cmpxchg_64.h
`-- arch/x86/include/asm/cpufeature.h
`-- arch/x86/include/asm/xor_32.h
`-- arch/x86/kernel/cpu/amd.c
`-- arch/x86/kernel/cpu/common.c
`-- arch/x86/kernel/cpu/intel.c
`-- arch/x86/kernel/cpu/intel_cacheinfo.c
`-- arch/x86/kernel/cpu/mtrr/generic.c
`-- arch/x86/kernel/cpu/mtrr/main.c
`-- arch/x86/kernel/cpu/perf_event_amd.c
`-- arch/x86/kernel/cpu/perf_event_amd_uncore.c
`-- arch/x86/kernel/fpu/init.c
`-- arch/x86/kernel/hw_breakpoint.c
`-- arch/x86/kernel/smpboot.c
`-- arch/x86/kernel/vm86_32.c
`-- arch/x86/mm/setup_nx.c
`-- drivers/char/hw_random/via-rng.c
`-- drivers/crypto/padlock-aes.c
`-- drivers/crypto/padlock-sha.c
`-- drivers/iommu/intel_irq_remapping.c
`-- fs/btrfs/disk-io.c
24 source file(s) touched in the new version
`-- arch/x86/crypto/chacha20_glue.c
`-- arch/x86/crypto/crc32c-intel_glue.c
`-- arch/x86/include/asm/cmpxchg_32.h
`-- arch/x86/include/asm/cmpxchg_64.h
`-- arch/x86/include/asm/cpufeature.h
`-- arch/x86/include/asm/xor_32.h
`-- arch/x86/kernel/cpu/amd.c
`-- arch/x86/kernel/cpu/common.c
`-- arch/x86/kernel/cpu/intel.c
`-- arch/x86/kernel/cpu/intel_cacheinfo.c
`-- arch/x86/kernel/cpu/mtrr/generic.c
`-- arch/x86/kernel/cpu/mtrr/main.c
`-- arch/x86/kernel/cpu/perf_event_amd.c
`-- arch/x86/kernel/cpu/perf_event_amd_uncore.c
`-- arch/x86/kernel/fpu/init.c
`-- arch/x86/kernel/hw_breakpoint.c
`-- arch/x86/kernel/smpboot.c
`-- arch/x86/kernel/vm86_32.c
`-- arch/x86/mm/setup_nx.c
`-- drivers/char/hw_random/via-rng.c
`-- drivers/crypto/padlock-aes.c
`-- drivers/crypto/padlock-sha.c
`-- drivers/iommu/intel_irq_remapping.c
`-- fs/btrfs/disk-io.c
[33mcompile base commit... [0m[33mok (31s)
[0m[33mapply [0m[33m362f924b64ba... [0m[33mok (31s)
[0m[33mcompile target commit... [0m[33mok (58s)
[0mPREPARE:
[33mcollect AST for functions: chacha20_simd_mod_init@arch_x86_crypto_chacha20_glue.c,padlock_init@drivers_crypto_padlock-sha.c,check_async_write@fs_btrfs_disk-io.c,init_amd_cacheinfo@arch_x86_kernel_cpu_intel_cacheinfo.c,via_rng_init@drivers_char_hw_random_via-rng.c,__cache_amd_cpumap_setup@arch_x86_kernel_cpu_intel_cacheinfo.c,crc32c_intel_mod_init@arch_x86_crypto_crc32c-intel_glue.c,amd_pmu_addr_offset@arch_x86_kernel_cpu_perf_event_amd.c,x86_configure_nx@arch_x86_mm_setup_nx.c,do_sys_vm86@arch_x86_kernel_vm86_32.c,mtrr_bp_init@arch_x86_kernel_cpu_mtrr_main.c,mod_init@drivers_char_hw_random_via-rng.c,amd_core_pmu_init@arch_x86_kernel_cpu_perf_event_amd.c,mtrr_save_fixed_ranges@arch_x86_kernel_cpu_mtrr_generic.c,set_irq_posting_cap@drivers_iommu_intel_irq_remapping.c,init_intel@arch_x86_kernel_cpu_intel.c,amd_uncore_init@arch_x86_kernel_cpu_perf_event_amd_uncore.c,x86_report_nx@arch_x86_mm_setup_nx.c,amd_get_topology@arch_x86_kernel_cpu_amd.c,fpu__init_cpu_ctx_switch@arch_x86_kernel_fpu_init.c,match_smt@arch_x86_kernel_smpboot.c,cpuid4_cache_lookup_regs@arch_x86_kernel_cpu_intel_cacheinfo.c,padlock_init@drivers_crypto_padlock-aes.c,fpu__init_system_ctx_switch@arch_x86_kernel_fpu_init.c,set_dr_addr_mask@arch_x86_kernel_cpu_amd.c,arch_build_bp_info@arch_x86_kernel_hw_breakpoint.c
[0m[33mTransforming and linking bitcode files...
[0m[33m4s
[0mANALYZE:
COCCIGEN:
//# pattern-6, witnesses: 6
@@
@@
- cpu_has_topoext
+ boot_cpu_has(X86_FEATURE_TOPOEXT)
//# pattern-8, witnesses: 2
@@
@@
- cpu_has_perfctr_l2
+ boot_cpu_has(X86_FEATURE_PERFCTR_L2)
//# pattern-9, witnesses: 2
@@
@@
- cpu_has_mtrr
+ boot_cpu_has(X86_FEATURE_MTRR)
//# pattern-11, witnesses: 2
@@
@@
- cpu_has_perfctr_core
+ boot_cpu_has(X86_FEATURE_PERFCTR_CORE)
//# pattern-12, witnesses: 2
@@
@@
- cpu_has_nx
+ boot_cpu_has(X86_FEATURE_NX)
//# pattern-14, witnesses: 2
@@
@@
- cpu_has_perfctr_nb
+ boot_cpu_has(X86_FEATURE_PERFCTR_NB)
//# pattern-15, witnesses: 2
@@
@@
- cpu_has_bpext
+ boot_cpu_has(X86_FEATURE_BPEXT)
