BUILD:
[33mbase commit: 39e3c9553f34^1
[0m[33mtarget commit: 39e3c9553f34
[0m[33mchecking out base commit... [0m[33mok (2s)
[0m[33mformatting diff... [0m[33mok (2s)
[0m4 source file(s) touched in the old version
`-- fs/btrfs/inode.c
`-- fs/dcache.c
`-- fs/namei.c
`-- include/linux/dcache.h
4 source file(s) touched in the new version
`-- fs/btrfs/inode.c
`-- fs/dcache.c
`-- fs/namei.c
`-- include/linux/dcache.h
[33mcompile base commit... [0m[33mok (6s)
[0m[33mapply [0m[33m39e3c9553f34... [0m[33mok (7s)
[0m[33mcompile target commit... [0m[33mok (9s)
[0mPREPARE:
[33m0s
[0mANALYZE:
COCCIGEN:
