BUILD:
[33mbase commit: 3f7de037fb37^1
[0m[33mtarget commit: 3f7de037fb37
[0m[33mchecking out base commit... [0m[33mok (0s)
[0m[33mformatting diff... [0m[33mok (0s)
[0m3 source file(s) touched in the old version
`-- fs/btrfs/extent-tree.c
`-- fs/btrfs/free-space-cache.c
`-- include/trace/events/btrfs.h
3 source file(s) touched in the new version
`-- fs/btrfs/extent-tree.c
`-- fs/btrfs/free-space-cache.c
`-- include/trace/events/btrfs.h
[33mcompile base commit... [0m[33mok (4s)
[0m[33mapply [0m[33m3f7de037fb37... [0m[33mok (4s)
[0m[33mcompile target commit... [0m[33mok (7s)
[0mPREPARE:
[33m0s
[0mANALYZE:
COCCIGEN:
