BUILD:
[33mbase commit: 41d28bca2da4^1
[0m[33mtarget commit: 41d28bca2da4
[0m[33mchecking out base commit... [0m[33mok (2s)
[0m[33mformatting diff... [0m[33mok (2s)
[0m9 source file(s) touched in the old version
`-- fs/9p/vfs_inode.c
`-- fs/btrfs/inode.c
`-- fs/ceph/inode.c
`-- fs/cifs/readdir.c
`-- fs/fuse/dir.c
`-- fs/kernfs/dir.c
`-- fs/nfs/dir.c
`-- fs/nfs/getroot.c
`-- include/linux/dcache.h
9 source file(s) touched in the new version
`-- fs/9p/vfs_inode.c
`-- fs/btrfs/inode.c
`-- fs/ceph/inode.c
`-- fs/cifs/readdir.c
`-- fs/fuse/dir.c
`-- fs/kernfs/dir.c
`-- fs/nfs/dir.c
`-- fs/nfs/getroot.c
`-- include/linux/dcache.h
[33mcompile base commit... [0m[33mok (54s)
[0m[33mapply [0m[33m41d28bca2da4... [0m[33mok (54s)
[0m[33mcompile target commit... [0m[33mok (69s)
[0mPREPARE:
[33mcollect AST for functions: nfs_prime_dcache@fs_nfs_dir.c,v9fs_vfs_lookup@fs_9p_vfs_inode.c,splice_dentry@fs_ceph_inode.c,btrfs_lookup@fs_btrfs_inode.c,kernfs_iop_lookup@fs_kernfs_dir.c,nfs_superblock_set_dummy_root@fs_nfs_getroot.c,cifs_prime_dcache@fs_cifs_readdir.c,fuse_lookup@fs_fuse_dir.c,nfs_lookup@fs_nfs_dir.c,fuse_direntplus_link@fs_fuse_dir.c
[0m[33mTransforming and linking bitcode files...
[0m[33m12s
[0mANALYZE:
COCCIGEN:
//# pattern-1, witnesses: 9
@@
expression E0;
expression E1;
@@
- d_materialise_unique(E0, E1)
+ d_splice_alias(E1, E0)
