BUILD:
[33mbase commit: 42b2aa86c667^1
[0m[33mtarget commit: 42b2aa86c667
[0m[33mchecking out base commit... [0m[33mok (1s)
[0m[33mformatting diff... [0m[33mok (1s)
[0m45 source file(s) touched in the old version
`-- arch/arm/plat-omap/include/plat/serial.h
`-- arch/powerpc/include/asm/io.h
`-- arch/powerpc/include/asm/keylargo.h
`-- arch/powerpc/mm/numa.c
`-- arch/sparc/kernel/smp_64.c
`-- drivers/acpi/acpica/hwxface.c
`-- drivers/block/xen-blkback/xenbus.c
`-- drivers/char/ipmi/ipmi_bt_sm.c
`-- drivers/edac/ppc4xx_edac.c
`-- drivers/media/video/zoran/zoran_driver.c
`-- drivers/message/fusion/lsi/mpi_ioc.h
`-- drivers/net/irda/nsc-ircc.c
`-- drivers/net/irda/via-ircc.c
`-- drivers/net/irda/w83977af_ir.c
`-- drivers/net/wimax/i2400m/i2400m.h
`-- drivers/net/wireless/rtlwifi/rtl8192de/hw.c
`-- drivers/parport/parport_mfc3.c
`-- drivers/scsi/aic7xxx/aicasm/aicasm.c
`-- drivers/scsi/ips.c
`-- drivers/scsi/qla4xxx/ql4_fw.h
`-- drivers/scsi/vmw_pvscsi.c
`-- drivers/staging/comedi/drivers/addi-data/hwdrv_apci3200.c
`-- drivers/staging/cxt1e1/libsbew.h
`-- drivers/staging/ft1000/ft1000-pcmcia/ft1000_hw.c
`-- drivers/staging/ft1000/ft1000-usb/ft1000_hw.c
`-- drivers/staging/iio/industrialio-trigger.c
`-- drivers/staging/sep/sep_driver.c
`-- drivers/staging/tidspbridge/rmgr/dbdcd.c
`-- drivers/usb/host/hwa-hc.c
`-- drivers/usb/host/imx21-hcd.c
`-- drivers/usb/otg/fsl_otg.c
`-- drivers/uwb/i1480/dfu/usb.c
`-- fs/btrfs/inode.c
`-- fs/ext3/inode.c
`-- fs/ext4/inode.c
`-- fs/nfsd/nfs4state.c
`-- fs/ocfs2/file.c
`-- fs/xfs/xfs_file.c
`-- fs/xfs/xfs_log_cil.c
`-- include/drm/drmP.h
`-- include/linux/wanrouter.h
`-- include/net/mac80211.h
`-- net/ipv4/ip_fragment.c
`-- net/mac80211/work.c
`-- net/sctp/endpointola.c
45 source file(s) touched in the new version
`-- arch/arm/plat-omap/include/plat/serial.h
`-- arch/powerpc/include/asm/io.h
`-- arch/powerpc/include/asm/keylargo.h
`-- arch/powerpc/mm/numa.c
`-- arch/sparc/kernel/smp_64.c
`-- drivers/acpi/acpica/hwxface.c
`-- drivers/block/xen-blkback/xenbus.c
`-- drivers/char/ipmi/ipmi_bt_sm.c
`-- drivers/edac/ppc4xx_edac.c
`-- drivers/media/video/zoran/zoran_driver.c
`-- drivers/message/fusion/lsi/mpi_ioc.h
`-- drivers/net/irda/nsc-ircc.c
`-- drivers/net/irda/via-ircc.c
`-- drivers/net/irda/w83977af_ir.c
`-- drivers/net/wimax/i2400m/i2400m.h
`-- drivers/net/wireless/rtlwifi/rtl8192de/hw.c
`-- drivers/parport/parport_mfc3.c
`-- drivers/scsi/aic7xxx/aicasm/aicasm.c
`-- drivers/scsi/ips.c
`-- drivers/scsi/qla4xxx/ql4_fw.h
`-- drivers/scsi/vmw_pvscsi.c
`-- drivers/staging/comedi/drivers/addi-data/hwdrv_apci3200.c
`-- drivers/staging/cxt1e1/libsbew.h
`-- drivers/staging/ft1000/ft1000-pcmcia/ft1000_hw.c
`-- drivers/staging/ft1000/ft1000-usb/ft1000_hw.c
`-- drivers/staging/iio/industrialio-trigger.c
`-- drivers/staging/sep/sep_driver.c
`-- drivers/staging/tidspbridge/rmgr/dbdcd.c
`-- drivers/usb/host/hwa-hc.c
`-- drivers/usb/host/imx21-hcd.c
`-- drivers/usb/otg/fsl_otg.c
`-- drivers/uwb/i1480/dfu/usb.c
`-- fs/btrfs/inode.c
`-- fs/ext3/inode.c
`-- fs/ext4/inode.c
`-- fs/nfsd/nfs4state.c
`-- fs/ocfs2/file.c
`-- fs/xfs/xfs_file.c
`-- fs/xfs/xfs_log_cil.c
`-- include/drm/drmP.h
`-- include/linux/wanrouter.h
`-- include/net/mac80211.h
`-- net/ipv4/ip_fragment.c
`-- net/mac80211/work.c
`-- net/sctp/endpointola.c
[33mcompile base commit... [0m[33mok (5s)
[0m[33mapply [0m[33m42b2aa86c667... [0m[33mok (5s)
[0m[33mcompile target commit... [0m[33mok (7s)
[0mPREPARE:
[33m0s
[0mANALYZE:
COCCIGEN:
