BUILD:
[33mbase commit: 4382e33ad374^1
[0m[33mtarget commit: 4382e33ad374
[0m[33mchecking out base commit... [0m[33mok (1s)
[0m[33mformatting diff... [0m[33mok (1s)
[0m3 source file(s) touched in the old version
`-- drivers/md/dm-crypt.c
`-- fs/btrfs/inode.c
`-- include/linux/blk_types.h
3 source file(s) touched in the new version
`-- drivers/md/dm-crypt.c
`-- fs/btrfs/inode.c
`-- include/linux/blk_types.h
[33mcompile base commit... [0m[33mok (16s)
[0m[33mapply [0m[33m4382e33ad374... [0m[33mok (16s)
[0m[33mcompile target commit... [0m[33mok (29s)
[0mPREPARE:
[33mcollect AST for functions: clone_init@drivers_md_dm-crypt.c,btrfs_submit_direct_hook@fs_btrfs_inode.c
[0m[33mTransforming and linking bitcode files...
[0m[33m4s
[0mANALYZE:
COCCIGEN:
//# pattern-1, witnesses: 3
@@
@@
- bio_set_op_attrs()
+ bio_set_op_attrs
