BUILD:
[33mbase commit: 45d4f8550466^1
[0m[33mtarget commit: 45d4f8550466
[0m[33mchecking out base commit... [0m[33mok (1s)
[0m[33mformatting diff... [0m[33mok (1s)
[0m3 source file(s) touched in the old version
`-- fs/block_dev.c
`-- fs/btrfs/file.c
`-- fs/ext4/file.c
3 source file(s) touched in the new version
`-- fs/block_dev.c
`-- fs/btrfs/file.c
`-- fs/ext4/file.c
[33mcompile base commit... [0m[33mok (6s)
[0m[33mapply [0m[33m45d4f8550466... [0m[33mok (6s)
[0m[33mcompile target commit... [0m[33mok (11s)
[0mPREPARE:
[33m0s
[0mANALYZE:
COCCIGEN:
