BUILD:
[33mbase commit: 46a1c2c7ae53^1
[0m[33mtarget commit: 46a1c2c7ae53
[0m[33mchecking out base commit... [0m[33mok (2s)
[0m[33mformatting diff... [0m[33mok (3s)
[0m8 source file(s) touched in the old version
`-- fs/btrfs/file.c
`-- fs/ceph/file.c
`-- fs/ext4/file.c
`-- fs/ocfs2/file.c
`-- fs/read_write.c
`-- fs/xfs/xfs_file.c
`-- include/linux/fs.h
`-- mm/shmem.c
8 source file(s) touched in the new version
`-- fs/btrfs/file.c
`-- fs/ceph/file.c
`-- fs/ext4/file.c
`-- fs/ocfs2/file.c
`-- fs/read_write.c
`-- fs/xfs/xfs_file.c
`-- include/linux/fs.h
`-- mm/shmem.c
[33mcompile base commit... [0m[33mok (7s)
[0m[33mapply [0m[33m46a1c2c7ae53... [0m[33mok (7s)
[0m[33mcompile target commit... [0m[33mok (10s)
[0mPREPARE:
[33m0s
[0mANALYZE:
COCCIGEN:
