BUILD:
[33mbase commit: 48fde701aff6^1
[0m[33mtarget commit: 48fde701aff6
[0m[33mchecking out base commit... [0m[33mok (0s)
[0m[33mformatting diff... [0m[33mok (1s)
[0m64 source file(s) touched in the old version
`-- arch/powerpc/platforms/cell/spufs/inode.c
`-- arch/s390/hypfs/inode.c
`-- drivers/misc/ibmasm/ibmasmfs.c
`-- drivers/oprofile/oprofilefs.c
`-- drivers/usb/core/inode.c
`-- drivers/usb/gadget/f_fs.c
`-- drivers/usb/gadget/inode.c
`-- fs/9p/vfs_super.c
`-- fs/adfs/super.c
`-- fs/affs/super.c
`-- fs/afs/super.c
`-- fs/autofs4/inode.c
`-- fs/befs/linuxvfs.c
`-- fs/bfs/inode.c
`-- fs/btrfs/super.c
`-- fs/ceph/super.c
`-- fs/cifs/cifsfs.c
`-- fs/coda/inode.c
`-- fs/configfs/mount.c
`-- fs/cramfs/inode.c
`-- fs/devpts/inode.c
`-- fs/ecryptfs/main.c
`-- fs/efs/super.c
`-- fs/exofs/super.c
`-- fs/ext2/super.c
`-- fs/ext3/super.c
`-- fs/ext4/super.c
`-- fs/freevxfs/vxfs_super.c
`-- fs/fuse/inode.c
`-- fs/gfs2/ops_fstype.c
`-- fs/hfs/super.c
`-- fs/hostfs/hostfs_kern.c
`-- fs/hpfs/super.c
`-- fs/hppfs/hppfs.c
`-- fs/hugetlbfs/inode.c
`-- fs/isofs/inode.c
`-- fs/jffs2/fs.c
`-- fs/jfs/super.c
`-- fs/libfs.c
`-- fs/logfs/super.c
`-- fs/ncpfs/inode.c
`-- fs/nfs/getroot.c
`-- fs/nilfs2/super.c
`-- fs/ocfs2/dlmfs/dlmfs.c
`-- fs/ocfs2/super.c
`-- fs/omfs/inode.c
`-- fs/openpromfs/inode.c
`-- fs/proc/inode.c
`-- fs/pstore/inode.c
`-- fs/qnx4/inode.c
`-- fs/ramfs/inode.c
`-- fs/reiserfs/super.c
`-- fs/romfs/super.c
`-- fs/squashfs/super.c
`-- fs/sysfs/mount.c
`-- fs/sysv/super.c
`-- fs/ubifs/super.c
`-- fs/udf/super.c
`-- fs/ufs/super.c
`-- fs/xfs/xfs_super.c
`-- ipc/mqueue.c
`-- kernel/cgroup.c
`-- mm/shmem.c
`-- net/sunrpc/rpc_pipe.c
64 source file(s) touched in the new version
`-- arch/powerpc/platforms/cell/spufs/inode.c
`-- arch/s390/hypfs/inode.c
`-- drivers/misc/ibmasm/ibmasmfs.c
`-- drivers/oprofile/oprofilefs.c
`-- drivers/usb/core/inode.c
`-- drivers/usb/gadget/f_fs.c
`-- drivers/usb/gadget/inode.c
`-- fs/9p/vfs_super.c
`-- fs/adfs/super.c
`-- fs/affs/super.c
`-- fs/afs/super.c
`-- fs/autofs4/inode.c
`-- fs/befs/linuxvfs.c
`-- fs/bfs/inode.c
`-- fs/btrfs/super.c
`-- fs/ceph/super.c
`-- fs/cifs/cifsfs.c
`-- fs/coda/inode.c
`-- fs/configfs/mount.c
`-- fs/cramfs/inode.c
`-- fs/devpts/inode.c
`-- fs/ecryptfs/main.c
`-- fs/efs/super.c
`-- fs/exofs/super.c
`-- fs/ext2/super.c
`-- fs/ext3/super.c
`-- fs/ext4/super.c
`-- fs/freevxfs/vxfs_super.c
`-- fs/fuse/inode.c
`-- fs/gfs2/ops_fstype.c
`-- fs/hfs/super.c
`-- fs/hostfs/hostfs_kern.c
`-- fs/hpfs/super.c
`-- fs/hppfs/hppfs.c
`-- fs/hugetlbfs/inode.c
`-- fs/isofs/inode.c
`-- fs/jffs2/fs.c
`-- fs/jfs/super.c
`-- fs/libfs.c
`-- fs/logfs/super.c
`-- fs/ncpfs/inode.c
`-- fs/nfs/getroot.c
`-- fs/nilfs2/super.c
`-- fs/ocfs2/dlmfs/dlmfs.c
`-- fs/ocfs2/super.c
`-- fs/omfs/inode.c
`-- fs/openpromfs/inode.c
`-- fs/proc/inode.c
`-- fs/pstore/inode.c
`-- fs/qnx4/inode.c
`-- fs/ramfs/inode.c
`-- fs/reiserfs/super.c
`-- fs/romfs/super.c
`-- fs/squashfs/super.c
`-- fs/sysfs/mount.c
`-- fs/sysv/super.c
`-- fs/ubifs/super.c
`-- fs/udf/super.c
`-- fs/ufs/super.c
`-- fs/xfs/xfs_super.c
`-- ipc/mqueue.c
`-- kernel/cgroup.c
`-- mm/shmem.c
`-- net/sunrpc/rpc_pipe.c
[33mcompile base commit... [0m[33mok (5s)
[0m[33mapply [0m[33m48fde701aff6... [0m[33mok (5s)
[0m[33mcompile target commit... [0m[33mok (8s)
[0mPREPARE:
[33m0s
[0mANALYZE:
COCCIGEN:
