BUILD:
[33mbase commit: 496ad9aa8ef4^1
[0m[33mtarget commit: 496ad9aa8ef4
[0m[33mchecking out base commit... [0m[33mok (1s)
[0m[33mformatting diff... [0m[33mok (2s)
[0m306 source file(s) touched in the old version
`-- arch/alpha/kernel/srm_env.c
`-- arch/blackfin/kernel/cplbinfo.c
`-- arch/cris/arch-v10/drivers/sync_serial.c
`-- arch/cris/arch-v32/drivers/cryptocop.c
`-- arch/cris/arch-v32/drivers/sync_serial.c
`-- arch/ia64/kernel/salinfo.c
`-- arch/mips/kernel/rtlx.c
`-- arch/mips/kernel/vpe.c
`-- arch/mips/lasat/picvue_proc.c
`-- arch/powerpc/kernel/proc_powerpc.c
`-- arch/powerpc/kernel/rtas_flash.c
`-- arch/powerpc/platforms/cell/spufs/coredump.c
`-- arch/powerpc/platforms/cell/spufs/file.c
`-- arch/powerpc/platforms/cell/spufs/inode.c
`-- arch/powerpc/platforms/cell/spufs/syscalls.c
`-- arch/powerpc/platforms/pseries/hvCall_inst.c
`-- arch/powerpc/platforms/pseries/scanlog.c
`-- arch/s390/hypfs/hypfs_dbfs.c
`-- arch/s390/hypfs/inode.c
`-- arch/s390/kernel/debug.c
`-- arch/s390/pci/pci_debug.c
`-- arch/sh/mm/alignment.c
`-- arch/x86/ia32/ia32_aout.c
`-- arch/x86/kernel/cpuid.c
`-- drivers/block/DAC960.c
`-- drivers/block/nbd.c
`-- drivers/char/dsp56k.c
`-- drivers/char/dtlk.c
`-- drivers/char/lp.c
`-- drivers/char/mem.c
`-- drivers/char/nsc_gpio.c
`-- drivers/char/pcmcia/cm4000_cs.c
`-- drivers/char/ppdev.c
`-- drivers/char/ps3flash.c
`-- drivers/char/raw.c
`-- drivers/char/sonypi.c
`-- drivers/char/tb0219.c
`-- drivers/gpu/drm/gma500/gtt.c
`-- drivers/gpu/drm/i915/i915_gem.c
`-- drivers/gpu/drm/ttm/ttm_tt.c
`-- drivers/gpu/drm/udl/udl_gem.c
`-- drivers/hid/hid-roccat.c
`-- drivers/hid/hidraw.c
`-- drivers/i2c/i2c-dev.c
`-- drivers/ide/ide-proc.c
`-- drivers/infiniband/core/uverbs_cmd.c
`-- drivers/infiniband/hw/ipath/ipath_file_ops.c
`-- drivers/infiniband/hw/ipath/ipath_fs.c
`-- drivers/infiniband/hw/qib/qib_file_ops.c
`-- drivers/infiniband/hw/qib/qib_fs.c
`-- drivers/iommu/tegra-smmu.c
`-- drivers/isdn/hardware/eicon/divasproc.c
`-- drivers/isdn/hysdn/hysdn_proclog.c
`-- drivers/isdn/i4l/isdn_common.c
`-- drivers/isdn/i4l/isdn_ppp.c
`-- drivers/md/bitmap.c
`-- drivers/media/pci/zoran/zoran_procfs.c
`-- drivers/media/rc/lirc_dev.c
`-- drivers/media/v4l2-core/v4l2-dev.c
`-- drivers/mtd/ubi/cdev.c
`-- drivers/net/ethernet/chelsio/cxgb4/cxgb4_main.c
`-- drivers/net/wan/cosa.c
`-- drivers/net/wireless/ray_cs.c
`-- drivers/parisc/led.c
`-- drivers/pci/proc.c
`-- drivers/platform/x86/sony-laptop.c
`-- drivers/platform/x86/thinkpad_acpi.c
`-- drivers/platform/x86/toshiba_acpi.c
`-- drivers/pnp/isapnp/proc.c
`-- drivers/pnp/pnpbios/proc.c
`-- drivers/s390/char/fs3270.c
`-- drivers/s390/char/tape_char.c
`-- drivers/s390/char/vmur.c
`-- drivers/s390/cio/qdio_debug.c
`-- drivers/sbus/char/display7seg.c
`-- drivers/scsi/3w-9xxx.c
`-- drivers/scsi/3w-sas.c
`-- drivers/scsi/3w-xxxx.c
`-- drivers/scsi/csiostor/csio_init.c
`-- drivers/scsi/dpt_i2o.c
`-- drivers/scsi/st.c
`-- drivers/staging/bcm/Misc.c
`-- drivers/staging/ccg/f_mass_storage.c
`-- drivers/staging/ccg/rndis.c
`-- drivers/staging/ccg/storage_common.c
`-- drivers/staging/dgrp/dgrp_specproc.c
`-- drivers/staging/omapdrm/omap_gem_helpers.c
`-- drivers/staging/usbip/usbip_common.c
`-- drivers/staging/vme/devices/vme_user.c
`-- drivers/target/target_core_file.c
`-- drivers/tty/vt/vc_screen.c
`-- drivers/usb/core/devices.c
`-- drivers/usb/core/devio.c
`-- drivers/usb/gadget/atmel_usba_udc.c
`-- drivers/usb/gadget/f_mass_storage.c
`-- drivers/usb/gadget/printer.c
`-- drivers/usb/gadget/rndis.c
`-- drivers/usb/gadget/storage_common.c
`-- drivers/video/fb_defio.c
`-- drivers/video/fbmem.c
`-- drivers/video/msm/mdp.c
`-- drivers/watchdog/cpwd.c
`-- drivers/zorro/proc.c
`-- fs/9p/vfs_file.c
`-- fs/adfs/dir.c
`-- fs/affs/dir.c
`-- fs/afs/dir.c
`-- fs/afs/flock.c
`-- fs/afs/write.c
`-- fs/autofs4/autofs_i.h
`-- fs/autofs4/dev-ioctl.c
`-- fs/autofs4/root.c
`-- fs/befs/linuxvfs.c
`-- fs/bfs/dir.c
`-- fs/binfmt_aout.c
`-- fs/binfmt_elf.c
`-- fs/binfmt_elf_fdpic.c
`-- fs/binfmt_flat.c
`-- fs/binfmt_misc.c
`-- fs/block_dev.c
`-- fs/btrfs/file.c
`-- fs/btrfs/inode.c
`-- fs/btrfs/ioctl.c
`-- fs/btrfs/send.c
`-- fs/buffer.c
`-- fs/ceph/addr.c
`-- fs/ceph/dir.c
`-- fs/ceph/file.c
`-- fs/ceph/ioctl.c
`-- fs/ceph/locks.c
`-- fs/cifs/cifsfs.c
`-- fs/cifs/file.c
`-- fs/cifs/inode.c
`-- fs/cifs/ioctl.c
`-- fs/cifs/readdir.c
`-- fs/coda/dir.c
`-- fs/coda/file.c
`-- fs/coda/inode.c
`-- fs/coda/pioctl.c
`-- fs/compat_ioctl.c
`-- fs/configfs/dir.c
`-- fs/coredump.c
`-- fs/cramfs/inode.c
`-- fs/ecryptfs/file.c
`-- fs/efs/dir.c
`-- fs/exec.c
`-- fs/exofs/dir.c
`-- fs/ext2/dir.c
`-- fs/ext2/ioctl.c
`-- fs/ext3/dir.c
`-- fs/ext3/ioctl.c
`-- fs/ext3/namei.c
`-- fs/ext4/dir.c
`-- fs/ext4/extents.c
`-- fs/ext4/file.c
`-- fs/ext4/inline.c
`-- fs/ext4/inode.c
`-- fs/ext4/ioctl.c
`-- fs/ext4/move_extent.c
`-- fs/ext4/namei.c
`-- fs/ext4/super.c
`-- fs/f2fs/dir.c
`-- fs/fat/dir.c
`-- fs/fat/file.c
`-- fs/fcntl.c
`-- fs/file_table.c
`-- fs/freevxfs/vxfs_lookup.c
`-- fs/fuse/control.c
`-- fs/fuse/dir.c
`-- fs/gfs2/file.c
`-- fs/gfs2/rgrp.c
`-- fs/hfs/dir.c
`-- fs/hfs/inode.c
`-- fs/hfsplus/dir.c
`-- fs/hfsplus/inode.c
`-- fs/hfsplus/ioctl.c
`-- fs/hostfs/hostfs_kern.c
`-- fs/hpfs/dir.c
`-- fs/hpfs/file.c
`-- fs/hppfs/hppfs.c
`-- fs/hugetlbfs/inode.c
`-- fs/inode.c
`-- fs/ioctl.c
`-- fs/isofs/compress.c
`-- fs/isofs/dir.c
`-- fs/jffs2/dir.c
`-- fs/jfs/ioctl.c
`-- fs/jfs/jfs_dtree.c
`-- fs/lockd/clntlock.c
`-- fs/lockd/clntproc.c
`-- fs/lockd/svclock.c
`-- fs/lockd/svcsubs.c
`-- fs/locks.c
`-- fs/logfs/dir.c
`-- fs/logfs/file.c
`-- fs/minix/dir.c
`-- fs/namei.c
`-- fs/namespace.c
`-- fs/ncpfs/inode.c
`-- fs/ncpfs/ioctl.c
`-- fs/ncpfs/mmap.c
`-- fs/nfs/dir.c
`-- fs/nfs/file.c
`-- fs/nfs/idmap.c
`-- fs/nfs/inode.c
`-- fs/nfs/nfs3proc.c
`-- fs/nfs/nfs4file.c
`-- fs/nfs/proc.c
`-- fs/nfsd/fault_inject.c
`-- fs/nfsd/nfsctl.c
`-- fs/nfsd/vfs.c
`-- fs/nilfs2/dir.c
`-- fs/nilfs2/file.c
`-- fs/nilfs2/ioctl.c
`-- fs/notify/dnotify/dnotify.c
`-- fs/notify/fanotify/fanotify_user.c
`-- fs/ntfs/dir.c
`-- fs/ocfs2/aops.c
`-- fs/ocfs2/dir.c
`-- fs/ocfs2/dlmfs/dlmfs.c
`-- fs/ocfs2/file.c
`-- fs/ocfs2/ioctl.c
`-- fs/ocfs2/mmap.c
`-- fs/ocfs2/move_extents.c
`-- fs/ocfs2/refcounttree.c
`-- fs/omfs/dir.c
`-- fs/open.c
`-- fs/openpromfs/inode.c
`-- fs/pipe.c
`-- fs/proc/base.c
`-- fs/proc/generic.c
`-- fs/proc/inode.c
`-- fs/proc/nommu.c
`-- fs/proc/proc_net.c
`-- fs/proc/proc_sysctl.c
`-- fs/proc/task_mmu.c
`-- fs/proc/task_nommu.c
`-- fs/qnx4/dir.c
`-- fs/qnx6/dir.c
`-- fs/ramfs/file-nommu.c
`-- fs/read_write.c
`-- fs/readdir.c
`-- fs/reiserfs/file.c
`-- fs/reiserfs/ioctl.c
`-- fs/reiserfs/procfs.c
`-- fs/romfs/super.c
`-- fs/splice.c
`-- fs/squashfs/dir.c
`-- fs/sync.c
`-- fs/sysfs/bin.c
`-- fs/sysv/dir.c
`-- fs/ubifs/dir.c
`-- fs/ubifs/file.c
`-- fs/ubifs/ioctl.c
`-- fs/udf/dir.c
`-- fs/udf/file.c
`-- fs/ufs/dir.c
`-- fs/xfs/xfs_dfrag.c
`-- fs/xfs/xfs_file.c
`-- fs/xfs/xfs_ioctl.c
`-- fs/xfs/xfs_ioctl32.c
`-- include/linux/fs.h
`-- include/linux/fsnotify.h
`-- include/linux/hugetlb.h
`-- include/linux/lockd/lockd.h
`-- ipc/mqueue.c
`-- ipc/shm.c
`-- kernel/acct.c
`-- kernel/cgroup.c
`-- kernel/events/core.c
`-- kernel/fork.c
`-- kernel/irq/proc.c
`-- kernel/nsproxy.c
`-- kernel/relay.c
`-- kernel/sys.c
`-- mm/fadvise.c
`-- mm/filemap.c
`-- mm/hugetlb.c
`-- mm/mmap.c
`-- mm/nommu.c
`-- mm/shmem.c
`-- mm/swapfile.c
`-- net/atm/proc.c
`-- net/core/net_namespace.c
`-- net/ipv4/netfilter/ipt_CLUSTERIP.c
`-- net/netfilter/xt_recent.c
`-- net/netlink/af_netlink.c
`-- net/sunrpc/auth_gss/auth_gss.c
`-- net/sunrpc/cache.c
`-- net/sunrpc/rpc_pipe.c
`-- net/unix/garbage.c
`-- security/apparmor/domain.c
`-- security/apparmor/file.c
`-- security/apparmor/lsm.c
`-- security/integrity/ima/ima_api.c
`-- security/integrity/ima/ima_crypto.c
`-- security/integrity/ima/ima_main.c
`-- security/selinux/hooks.c
`-- security/selinux/selinuxfs.c
`-- security/smack/smack_lsm.c
`-- security/tomoyo/securityfs_if.c
`-- sound/core/info.c
`-- sound/core/pcm_native.c
`-- sound/oss/msnd_pinnacle.c
`-- sound/oss/soundcard.c
`-- sound/sound_firmware.c
306 source file(s) touched in the new version
`-- arch/alpha/kernel/srm_env.c
`-- arch/blackfin/kernel/cplbinfo.c
`-- arch/cris/arch-v10/drivers/sync_serial.c
`-- arch/cris/arch-v32/drivers/cryptocop.c
`-- arch/cris/arch-v32/drivers/sync_serial.c
`-- arch/ia64/kernel/salinfo.c
`-- arch/mips/kernel/rtlx.c
`-- arch/mips/kernel/vpe.c
`-- arch/mips/lasat/picvue_proc.c
`-- arch/powerpc/kernel/proc_powerpc.c
`-- arch/powerpc/kernel/rtas_flash.c
`-- arch/powerpc/platforms/cell/spufs/coredump.c
`-- arch/powerpc/platforms/cell/spufs/file.c
`-- arch/powerpc/platforms/cell/spufs/inode.c
`-- arch/powerpc/platforms/cell/spufs/syscalls.c
`-- arch/powerpc/platforms/pseries/hvCall_inst.c
`-- arch/powerpc/platforms/pseries/scanlog.c
`-- arch/s390/hypfs/hypfs_dbfs.c
`-- arch/s390/hypfs/inode.c
`-- arch/s390/kernel/debug.c
`-- arch/s390/pci/pci_debug.c
`-- arch/sh/mm/alignment.c
`-- arch/x86/ia32/ia32_aout.c
`-- arch/x86/kernel/cpuid.c
`-- drivers/block/DAC960.c
`-- drivers/block/nbd.c
`-- drivers/char/dsp56k.c
`-- drivers/char/dtlk.c
`-- drivers/char/lp.c
`-- drivers/char/mem.c
`-- drivers/char/nsc_gpio.c
`-- drivers/char/pcmcia/cm4000_cs.c
`-- drivers/char/ppdev.c
`-- drivers/char/ps3flash.c
`-- drivers/char/raw.c
`-- drivers/char/sonypi.c
`-- drivers/char/tb0219.c
`-- drivers/gpu/drm/gma500/gtt.c
`-- drivers/gpu/drm/i915/i915_gem.c
`-- drivers/gpu/drm/ttm/ttm_tt.c
`-- drivers/gpu/drm/udl/udl_gem.c
`-- drivers/hid/hid-roccat.c
`-- drivers/hid/hidraw.c
`-- drivers/i2c/i2c-dev.c
`-- drivers/ide/ide-proc.c
`-- drivers/infiniband/core/uverbs_cmd.c
`-- drivers/infiniband/hw/ipath/ipath_file_ops.c
`-- drivers/infiniband/hw/ipath/ipath_fs.c
`-- drivers/infiniband/hw/qib/qib_file_ops.c
`-- drivers/infiniband/hw/qib/qib_fs.c
`-- drivers/iommu/tegra-smmu.c
`-- drivers/isdn/hardware/eicon/divasproc.c
`-- drivers/isdn/hysdn/hysdn_proclog.c
`-- drivers/isdn/i4l/isdn_common.c
`-- drivers/isdn/i4l/isdn_ppp.c
`-- drivers/md/bitmap.c
`-- drivers/media/pci/zoran/zoran_procfs.c
`-- drivers/media/rc/lirc_dev.c
`-- drivers/media/v4l2-core/v4l2-dev.c
`-- drivers/mtd/ubi/cdev.c
`-- drivers/net/ethernet/chelsio/cxgb4/cxgb4_main.c
`-- drivers/net/wan/cosa.c
`-- drivers/net/wireless/ray_cs.c
`-- drivers/parisc/led.c
`-- drivers/pci/proc.c
`-- drivers/platform/x86/sony-laptop.c
`-- drivers/platform/x86/thinkpad_acpi.c
`-- drivers/platform/x86/toshiba_acpi.c
`-- drivers/pnp/isapnp/proc.c
`-- drivers/pnp/pnpbios/proc.c
`-- drivers/s390/char/fs3270.c
`-- drivers/s390/char/tape_char.c
`-- drivers/s390/char/vmur.c
`-- drivers/s390/cio/qdio_debug.c
`-- drivers/sbus/char/display7seg.c
`-- drivers/scsi/3w-9xxx.c
`-- drivers/scsi/3w-sas.c
`-- drivers/scsi/3w-xxxx.c
`-- drivers/scsi/csiostor/csio_init.c
`-- drivers/scsi/dpt_i2o.c
`-- drivers/scsi/st.c
`-- drivers/staging/bcm/Misc.c
`-- drivers/staging/ccg/f_mass_storage.c
`-- drivers/staging/ccg/rndis.c
`-- drivers/staging/ccg/storage_common.c
`-- drivers/staging/dgrp/dgrp_specproc.c
`-- drivers/staging/omapdrm/omap_gem_helpers.c
`-- drivers/staging/usbip/usbip_common.c
`-- drivers/staging/vme/devices/vme_user.c
`-- drivers/target/target_core_file.c
`-- drivers/tty/vt/vc_screen.c
`-- drivers/usb/core/devices.c
`-- drivers/usb/core/devio.c
`-- drivers/usb/gadget/atmel_usba_udc.c
`-- drivers/usb/gadget/f_mass_storage.c
`-- drivers/usb/gadget/printer.c
`-- drivers/usb/gadget/rndis.c
`-- drivers/usb/gadget/storage_common.c
`-- drivers/video/fb_defio.c
`-- drivers/video/fbmem.c
`-- drivers/video/msm/mdp.c
`-- drivers/watchdog/cpwd.c
`-- drivers/zorro/proc.c
`-- fs/9p/vfs_file.c
`-- fs/adfs/dir.c
`-- fs/affs/dir.c
`-- fs/afs/dir.c
`-- fs/afs/flock.c
`-- fs/afs/write.c
`-- fs/autofs4/autofs_i.h
`-- fs/autofs4/dev-ioctl.c
`-- fs/autofs4/root.c
`-- fs/befs/linuxvfs.c
`-- fs/bfs/dir.c
`-- fs/binfmt_aout.c
`-- fs/binfmt_elf.c
`-- fs/binfmt_elf_fdpic.c
`-- fs/binfmt_flat.c
`-- fs/binfmt_misc.c
`-- fs/block_dev.c
`-- fs/btrfs/file.c
`-- fs/btrfs/inode.c
`-- fs/btrfs/ioctl.c
`-- fs/btrfs/send.c
`-- fs/buffer.c
`-- fs/ceph/addr.c
`-- fs/ceph/dir.c
`-- fs/ceph/file.c
`-- fs/ceph/ioctl.c
`-- fs/ceph/locks.c
`-- fs/cifs/cifsfs.c
`-- fs/cifs/file.c
`-- fs/cifs/inode.c
`-- fs/cifs/ioctl.c
`-- fs/cifs/readdir.c
`-- fs/coda/dir.c
`-- fs/coda/file.c
`-- fs/coda/inode.c
`-- fs/coda/pioctl.c
`-- fs/compat_ioctl.c
`-- fs/configfs/dir.c
`-- fs/coredump.c
`-- fs/cramfs/inode.c
`-- fs/ecryptfs/file.c
`-- fs/efs/dir.c
`-- fs/exec.c
`-- fs/exofs/dir.c
`-- fs/ext2/dir.c
`-- fs/ext2/ioctl.c
`-- fs/ext3/dir.c
`-- fs/ext3/ioctl.c
`-- fs/ext3/namei.c
`-- fs/ext4/dir.c
`-- fs/ext4/extents.c
`-- fs/ext4/file.c
`-- fs/ext4/inline.c
`-- fs/ext4/inode.c
`-- fs/ext4/ioctl.c
`-- fs/ext4/move_extent.c
`-- fs/ext4/namei.c
`-- fs/ext4/super.c
`-- fs/f2fs/dir.c
`-- fs/fat/dir.c
`-- fs/fat/file.c
`-- fs/fcntl.c
`-- fs/file_table.c
`-- fs/freevxfs/vxfs_lookup.c
`-- fs/fuse/control.c
`-- fs/fuse/dir.c
`-- fs/gfs2/file.c
`-- fs/gfs2/rgrp.c
`-- fs/hfs/dir.c
`-- fs/hfs/inode.c
`-- fs/hfsplus/dir.c
`-- fs/hfsplus/inode.c
`-- fs/hfsplus/ioctl.c
`-- fs/hostfs/hostfs_kern.c
`-- fs/hpfs/dir.c
`-- fs/hpfs/file.c
`-- fs/hppfs/hppfs.c
`-- fs/hugetlbfs/inode.c
`-- fs/inode.c
`-- fs/ioctl.c
`-- fs/isofs/compress.c
`-- fs/isofs/dir.c
`-- fs/jffs2/dir.c
`-- fs/jfs/ioctl.c
`-- fs/jfs/jfs_dtree.c
`-- fs/lockd/clntlock.c
`-- fs/lockd/clntproc.c
`-- fs/lockd/svclock.c
`-- fs/lockd/svcsubs.c
`-- fs/locks.c
`-- fs/logfs/dir.c
`-- fs/logfs/file.c
`-- fs/minix/dir.c
`-- fs/namei.c
`-- fs/namespace.c
`-- fs/ncpfs/inode.c
`-- fs/ncpfs/ioctl.c
`-- fs/ncpfs/mmap.c
`-- fs/nfs/dir.c
`-- fs/nfs/file.c
`-- fs/nfs/idmap.c
`-- fs/nfs/inode.c
`-- fs/nfs/nfs3proc.c
`-- fs/nfs/nfs4file.c
`-- fs/nfs/proc.c
`-- fs/nfsd/fault_inject.c
`-- fs/nfsd/nfsctl.c
`-- fs/nfsd/vfs.c
`-- fs/nilfs2/dir.c
`-- fs/nilfs2/file.c
`-- fs/nilfs2/ioctl.c
`-- fs/notify/dnotify/dnotify.c
`-- fs/notify/fanotify/fanotify_user.c
`-- fs/ntfs/dir.c
`-- fs/ocfs2/aops.c
`-- fs/ocfs2/dir.c
`-- fs/ocfs2/dlmfs/dlmfs.c
`-- fs/ocfs2/file.c
`-- fs/ocfs2/ioctl.c
`-- fs/ocfs2/mmap.c
`-- fs/ocfs2/move_extents.c
`-- fs/ocfs2/refcounttree.c
`-- fs/omfs/dir.c
`-- fs/open.c
`-- fs/openpromfs/inode.c
`-- fs/pipe.c
`-- fs/proc/base.c
`-- fs/proc/generic.c
`-- fs/proc/inode.c
`-- fs/proc/nommu.c
`-- fs/proc/proc_net.c
`-- fs/proc/proc_sysctl.c
`-- fs/proc/task_mmu.c
`-- fs/proc/task_nommu.c
`-- fs/qnx4/dir.c
`-- fs/qnx6/dir.c
`-- fs/ramfs/file-nommu.c
`-- fs/read_write.c
`-- fs/readdir.c
`-- fs/reiserfs/file.c
`-- fs/reiserfs/ioctl.c
`-- fs/reiserfs/procfs.c
`-- fs/romfs/super.c
`-- fs/splice.c
`-- fs/squashfs/dir.c
`-- fs/sync.c
`-- fs/sysfs/bin.c
`-- fs/sysv/dir.c
`-- fs/ubifs/dir.c
`-- fs/ubifs/file.c
`-- fs/ubifs/ioctl.c
`-- fs/udf/dir.c
`-- fs/udf/file.c
`-- fs/ufs/dir.c
`-- fs/xfs/xfs_dfrag.c
`-- fs/xfs/xfs_file.c
`-- fs/xfs/xfs_ioctl.c
`-- fs/xfs/xfs_ioctl32.c
`-- include/linux/fs.h
`-- include/linux/fsnotify.h
`-- include/linux/hugetlb.h
`-- include/linux/lockd/lockd.h
`-- ipc/mqueue.c
`-- ipc/shm.c
`-- kernel/acct.c
`-- kernel/cgroup.c
`-- kernel/events/core.c
`-- kernel/fork.c
`-- kernel/irq/proc.c
`-- kernel/nsproxy.c
`-- kernel/relay.c
`-- kernel/sys.c
`-- mm/fadvise.c
`-- mm/filemap.c
`-- mm/hugetlb.c
`-- mm/mmap.c
`-- mm/nommu.c
`-- mm/shmem.c
`-- mm/swapfile.c
`-- net/atm/proc.c
`-- net/core/net_namespace.c
`-- net/ipv4/netfilter/ipt_CLUSTERIP.c
`-- net/netfilter/xt_recent.c
`-- net/netlink/af_netlink.c
`-- net/sunrpc/auth_gss/auth_gss.c
`-- net/sunrpc/cache.c
`-- net/sunrpc/rpc_pipe.c
`-- net/unix/garbage.c
`-- security/apparmor/domain.c
`-- security/apparmor/file.c
`-- security/apparmor/lsm.c
`-- security/integrity/ima/ima_api.c
`-- security/integrity/ima/ima_crypto.c
`-- security/integrity/ima/ima_main.c
`-- security/selinux/hooks.c
`-- security/selinux/selinuxfs.c
`-- security/smack/smack_lsm.c
`-- security/tomoyo/securityfs_if.c
`-- sound/core/info.c
`-- sound/core/pcm_native.c
`-- sound/oss/msnd_pinnacle.c
`-- sound/oss/soundcard.c
`-- sound/sound_firmware.c
[33mcompile base commit... [0m[33mok (7s)
[0m[33mapply [0m[33m496ad9aa8ef4... [0m[33mok (7s)
[0m[33mcompile target commit... [0m[33mok (10s)
[0mPREPARE:
[33m1s
[0mANALYZE:
COCCIGEN:
