BUILD:
[33mbase commit: 4a0cc7ca6c40^1
[0m[33mtarget commit: 4a0cc7ca6c40
[0m[33mchecking out base commit... [0m[33mok (3s)
[0m[33mformatting diff... [0m[33mok (3s)
[0m18 source file(s) touched in the old version
`-- fs/btrfs/btrfs_inode.h
`-- fs/btrfs/compression.c
`-- fs/btrfs/delayed-inode.c
`-- fs/btrfs/dir-item.c
`-- fs/btrfs/export.c
`-- fs/btrfs/extent-tree.c
`-- fs/btrfs/extent_io.c
`-- fs/btrfs/file-item.c
`-- fs/btrfs/file.c
`-- fs/btrfs/free-space-cache.c
`-- fs/btrfs/inode.c
`-- fs/btrfs/ioctl.c
`-- fs/btrfs/props.c
`-- fs/btrfs/relocation.c
`-- fs/btrfs/transaction.c
`-- fs/btrfs/tree-log.c
`-- fs/btrfs/xattr.c
`-- include/trace/events/btrfs.h
18 source file(s) touched in the new version
`-- fs/btrfs/btrfs_inode.h
`-- fs/btrfs/compression.c
`-- fs/btrfs/delayed-inode.c
`-- fs/btrfs/dir-item.c
`-- fs/btrfs/export.c
`-- fs/btrfs/extent-tree.c
`-- fs/btrfs/extent_io.c
`-- fs/btrfs/file-item.c
`-- fs/btrfs/file.c
`-- fs/btrfs/free-space-cache.c
`-- fs/btrfs/inode.c
`-- fs/btrfs/ioctl.c
`-- fs/btrfs/props.c
`-- fs/btrfs/relocation.c
`-- fs/btrfs/transaction.c
`-- fs/btrfs/tree-log.c
`-- fs/btrfs/xattr.c
`-- include/trace/events/btrfs.h
[33mcompile base commit... [0m[33mok (53s)
[0m[33mapply [0m[33m4a0cc7ca6c40... [0m[33mok (53s)
[0m[33mcompile target commit... [0m[33mok (88s)
[0mPREPARE:
[33mcollect AST for functions: btrfs_get_parent@fs_btrfs_export.c,btrfs_rename_exchange@fs_btrfs_inode.c,extent_fiemap@fs_btrfs_extent_io.c,replay_one_extent@fs_btrfs_tree-log.c,find_new_extents@fs_btrfs_ioctl.c,btrfs_del_inode_ref_in_log@fs_btrfs_tree-log.c,insert_inline_extent@fs_btrfs_inode.c,btrfs_delayed_inode_reserve_metadata@fs_btrfs_delayed-inode.c,btrfs_rmdir@fs_btrfs_inode.c,add_inode_ref@fs_btrfs_tree-log.c,btrfs_mark_extent_written@fs_btrfs_file.c,__add_inode_ref@fs_btrfs_tree-log.c,btrfs_ioctl_subvol_setflags@fs_btrfs_ioctl.c,create_subvol@fs_btrfs_ioctl.c,replace_file_extents@fs_btrfs_relocation.c,btrfs_log_all_xattrs@fs_btrfs_tree-log.c,btrfs_insert_dir_item@fs_btrfs_dir-item.c,get_new_location@fs_btrfs_relocation.c,relink_extent_backref@fs_btrfs_inode.c,record_old_file_extents@fs_btrfs_inode.c,btrfs_add_link@fs_btrfs_inode.c,count_inode_refs@fs_btrfs_tree-log.c,check_compressed_csum@fs_btrfs_compression.c,find_next_inode@fs_btrfs_relocation.c,count_inode_extrefs@fs_btrfs_tree-log.c,btrfs_create@fs_btrfs_inode.c,btrfs_whiteout_for_rename@fs_btrfs_inode.c,__btrfs_unlink_inode@fs_btrfs_inode.c,btrfs_clone@fs_btrfs_ioctl.c,btrfs_orphan_del@fs_btrfs_inode.c,btrfs_listxattr@fs_btrfs_xattr.c,btrfs_end_dio_bio@fs_btrfs_inode.c,hole_mergeable@fs_btrfs_file.c,btrfs_dentry_delete@fs_btrfs_inode.c,fixup_tree_root_location@fs_btrfs_inode.c,btrfs_insert_delayed_dir_index@fs_btrfs_delayed-inode.c,btrfs_evict_inode@fs_btrfs_inode.c,do_setxattr@fs_btrfs_xattr.c,invalidate_extent_cache@fs_btrfs_relocation.c,btrfs_load_inode_props@fs_btrfs_props.c,_btrfs_ioctl_set_received_subvol@fs_btrfs_ioctl.c,btrfs_orphan_add@fs_btrfs_inode.c,record_one_backref@fs_btrfs_inode.c,btrfs_unlink_subvol@fs_btrfs_inode.c,inode_tree_add@fs_btrfs_inode.c,__readpage_endio_check@fs_btrfs_inode.c,btrfs_orphan_release_metadata@fs_btrfs_extent-tree.c,copy_items@fs_btrfs_tree-log.c,btrfs_get_name@fs_btrfs_export.c,log_one_extent@fs_btrfs_tree-log.c,btrfs_encode_fh@fs_btrfs_export.c,btrfs_delete_delayed_dir_index@fs_btrfs_delayed-inode.c,btrfs_new_inode@fs_btrfs_inode.c,btrfs_inode_by_name@fs_btrfs_inode.c,fill_holes@fs_btrfs_file.c,insert_reserved_file_extent@fs_btrfs_inode.c,btrfs_ioctl_subvol_getflags@fs_btrfs_ioctl.c,btrfs_mkdir@fs_btrfs_inode.c,log_new_dir_dentries@fs_btrfs_tree-log.c,clone_copy_inline_extent@fs_btrfs_ioctl.c,__btrfs_getxattr@fs_btrfs_xattr.c,__btrfs_lookup_bio_sums@fs_btrfs_file-item.c,run_delalloc_nocow@fs_btrfs_inode.c,btrfs_get_extent@fs_btrfs_inode.c,log_dir_items@fs_btrfs_tree-log.c,btrfs_ino@fs_btrfs_btrfs_inode.h,inode_prop_iterator@fs_btrfs_props.c,btrfs_mknod@fs_btrfs_inode.c,btrfs_ioctl_snap_destroy@fs_btrfs_ioctl.c,btrfs_tmpfile@fs_btrfs_inode.c,__btrfs_debug_check_extent_io_range@fs_btrfs_extent_io.c,btrfs_add_inode_defrag@fs_btrfs_file.c,btrfs_get_or_create_delayed_node@fs_btrfs_delayed-inode.c,btrfs_set_inode_index_count@fs_btrfs_inode.c,btrfs_get_delayed_node@fs_btrfs_delayed-inode.c,maybe_insert_hole@fs_btrfs_inode.c,btrfs_symlink@fs_btrfs_inode.c,btrfs_truncate_inode_items@fs_btrfs_inode.c,logged_inode_size@fs_btrfs_tree-log.c,btrfs_orphan_reserve_metadata@fs_btrfs_extent-tree.c,btrfs_invalidate_inodes@fs_btrfs_inode.c,btrfs_log_inode@fs_btrfs_tree-log.c,fixup_inode_link_count@fs_btrfs_tree-log.c,btrfs_delalloc_reserve_metadata@fs_btrfs_extent-tree.c,repair_io_failure@fs_btrfs_extent_io.c,btrfs_del_dir_entries_in_log@fs_btrfs_tree-log.c,btrfs_is_free_space_inode@fs_btrfs_btrfs_inode.h,create_pending_snapshot@fs_btrfs_transaction.c,__btrfs_drop_extents@fs_btrfs_file.c,io_ctl_init@fs_btrfs_free-space-cache.c,btrfs_rename@fs_btrfs_inode.c,btrfs_log_trailing_hole@fs_btrfs_tree-log.c,btrfs_delalloc_release_metadata@fs_btrfs_extent-tree.c,btrfs_read_locked_inode@fs_btrfs_inode.c,btrfs_log_all_parents@fs_btrfs_tree-log.c,btrfs_destroy_inode@fs_btrfs_inode.c,btrfs_real_readdir@fs_btrfs_inode.c,btrfs_extent_item_to_extent_map@fs_btrfs_file-item.c
[0m[33mTransforming and linking bitcode files...
[0m[33m12s
[0mANALYZE:
COCCIGEN:
//# pattern-1, witnesses: 124
@@
expression E0;
@@
- btrfs_ino(E0)
+ btrfs_ino(BTRFS_I(E0))
//# pattern-6, witnesses: 6
@@
@@
- &entry->vfs_inode
+ BTRFS_I(&entry->vfs_inode)
//# pattern-5, witnesses: 4
@@
@@
- &entry->vfs_inode
+ entry
//# pattern-2, witnesses: 2
@@
identifier fn;
identifier inode;
@@
 struct btrfs_delayed_node * fn(struct inode * inode)
 {
     <...
- btrfs_ino(inode)
+ btrfs_ino(btrfs_inode)
     ...>
 }
//# pattern-7, witnesses: 2
@@
expression E0;
@@
- E0->inode
+ BTRFS_I(E0->inode)
