BUILD:
[33mbase commit: 4a2d25cd93cb^1
[0m[33mtarget commit: 4a2d25cd93cb
[0m[33mchecking out base commit... [0m[33mok (1s)
[0m[33mformatting diff... [0m[33mok (1s)
[0m5 source file(s) touched in the old version
`-- fs/btrfs/extent_io.c
`-- fs/btrfs/extent_map.h
`-- fs/btrfs/inode.c
`-- fs/btrfs/tests/inode-tests.c
`-- include/trace/events/btrfs.h
5 source file(s) touched in the new version
`-- fs/btrfs/extent_io.c
`-- fs/btrfs/extent_map.h
`-- fs/btrfs/inode.c
`-- fs/btrfs/tests/inode-tests.c
`-- include/trace/events/btrfs.h
[33mcompile base commit... [0m[33mok (5s)
[0m[33mapply [0m[33m4a2d25cd93cb... [0m[33mok (5s)
[0m[33mcompile target commit... [0m[33mok (5s)
[0mPREPARE:
[33m1s
[0mANALYZE:
COCCIGEN:
