BUILD:
[33mbase commit: 4e34e719e457^1
[0m[33mtarget commit: 4e34e719e457
[0m[33mchecking out base commit... [0m[33mok (2s)
[0m[33mformatting diff... [0m[33mok (2s)
[0m49 source file(s) touched in the old version
`-- fs/9p/acl.c
`-- fs/9p/acl.h
`-- fs/9p/vfs_inode_dotl.c
`-- fs/btrfs/acl.c
`-- fs/btrfs/ctree.h
`-- fs/btrfs/inode.c
`-- fs/ext2/acl.c
`-- fs/ext2/acl.h
`-- fs/ext2/file.c
`-- fs/ext2/namei.c
`-- fs/ext3/acl.c
`-- fs/ext3/acl.h
`-- fs/ext3/file.c
`-- fs/ext3/namei.c
`-- fs/ext4/acl.c
`-- fs/ext4/acl.h
`-- fs/ext4/file.c
`-- fs/ext4/namei.c
`-- fs/generic_acl.c
`-- fs/gfs2/acl.c
`-- fs/gfs2/acl.h
`-- fs/gfs2/inode.c
`-- fs/jffs2/acl.c
`-- fs/jffs2/acl.h
`-- fs/jffs2/dir.c
`-- fs/jffs2/file.c
`-- fs/jffs2/symlink.c
`-- fs/jfs/acl.c
`-- fs/jfs/file.c
`-- fs/jfs/jfs_acl.h
`-- fs/jfs/namei.c
`-- fs/namei.c
`-- fs/ocfs2/acl.c
`-- fs/ocfs2/acl.h
`-- fs/ocfs2/file.c
`-- fs/ocfs2/namei.c
`-- fs/posix_acl.c
`-- fs/reiserfs/file.c
`-- fs/reiserfs/namei.c
`-- fs/reiserfs/xattr.c
`-- fs/xfs/linux-2.6/xfs_acl.c
`-- fs/xfs/linux-2.6/xfs_iops.c
`-- fs/xfs/linux-2.6/xfs_trace.h
`-- fs/xfs/xfs_acl.h
`-- include/linux/fs.h
`-- include/linux/generic_acl.h
`-- include/linux/reiserfs_acl.h
`-- include/linux/reiserfs_xattr.h
`-- mm/shmem.c
49 source file(s) touched in the new version
`-- fs/9p/acl.c
`-- fs/9p/acl.h
`-- fs/9p/vfs_inode_dotl.c
`-- fs/btrfs/acl.c
`-- fs/btrfs/ctree.h
`-- fs/btrfs/inode.c
`-- fs/ext2/acl.c
`-- fs/ext2/acl.h
`-- fs/ext2/file.c
`-- fs/ext2/namei.c
`-- fs/ext3/acl.c
`-- fs/ext3/acl.h
`-- fs/ext3/file.c
`-- fs/ext3/namei.c
`-- fs/ext4/acl.c
`-- fs/ext4/acl.h
`-- fs/ext4/file.c
`-- fs/ext4/namei.c
`-- fs/generic_acl.c
`-- fs/gfs2/acl.c
`-- fs/gfs2/acl.h
`-- fs/gfs2/inode.c
`-- fs/jffs2/acl.c
`-- fs/jffs2/acl.h
`-- fs/jffs2/dir.c
`-- fs/jffs2/file.c
`-- fs/jffs2/symlink.c
`-- fs/jfs/acl.c
`-- fs/jfs/file.c
`-- fs/jfs/jfs_acl.h
`-- fs/jfs/namei.c
`-- fs/namei.c
`-- fs/ocfs2/acl.c
`-- fs/ocfs2/acl.h
`-- fs/ocfs2/file.c
`-- fs/ocfs2/namei.c
`-- fs/posix_acl.c
`-- fs/reiserfs/file.c
`-- fs/reiserfs/namei.c
`-- fs/reiserfs/xattr.c
`-- fs/xfs/linux-2.6/xfs_acl.c
`-- fs/xfs/linux-2.6/xfs_iops.c
`-- fs/xfs/linux-2.6/xfs_trace.h
`-- fs/xfs/xfs_acl.h
`-- include/linux/fs.h
`-- include/linux/generic_acl.h
`-- include/linux/reiserfs_acl.h
`-- include/linux/reiserfs_xattr.h
`-- mm/shmem.c
[33mcompile base commit... [0m[33mok (6s)
[0m[33mapply [0m[33m4e34e719e457... [0m[33mok (6s)
[0m[33mcompile target commit... [0m[33mok (8s)
[0mPREPARE:
[33m0s
[0mANALYZE:
COCCIGEN:
