BUILD:
[33mbase commit: 50b3e040b7c0^1
[0m[33mtarget commit: 50b3e040b7c0
[0m[33mchecking out base commit... [0m[33mok (0s)
[0m[33mformatting diff... [0m[33mok (0s)
[0m7 source file(s) touched in the old version
`-- fs/btrfs/delayed-ref.c
`-- fs/btrfs/extent-tree.c
`-- fs/btrfs/qgroup.c
`-- fs/btrfs/qgroup.h
`-- fs/btrfs/relocation.c
`-- fs/btrfs/tree-log.c
`-- include/trace/events/btrfs.h
7 source file(s) touched in the new version
`-- fs/btrfs/delayed-ref.c
`-- fs/btrfs/extent-tree.c
`-- fs/btrfs/qgroup.c
`-- fs/btrfs/qgroup.h
`-- fs/btrfs/relocation.c
`-- fs/btrfs/tree-log.c
`-- include/trace/events/btrfs.h
[33mcompile base commit... [0m[33mok (21s)
[0m[33mapply [0m[33m50b3e040b7c0... [0m[33mok (21s)
[0m[33mcompile target commit... [0m[33mok (38s)
[0mPREPARE:
[33mcollect AST for functions: account_shared_subtree@fs_btrfs_extent-tree.c,add_delayed_ref_head@fs_btrfs_delayed-ref.c,replay_one_extent@fs_btrfs_tree-log.c,qgroup_fix_relocated_data_extents@fs_btrfs_relocation.c,account_leaf_items@fs_btrfs_extent-tree.c
[0m[33mTransforming and linking bitcode files...
[0m[33m4s
[0mANALYZE:
COCCIGEN:
//# pattern-1, witnesses: 4
@@
expression list listE0;
@@
- btrfs_qgroup_insert_dirty_extent(listE0)
+ btrfs_qgroup_trace_extent(listE0)
