BUILD:
[33mbase commit: 52483bc26f0e^1
[0m[33mtarget commit: 52483bc26f0e
[0m[33mchecking out base commit... [0m[33mok (3s)
[0m[33mformatting diff... [0m[33mok (3s)
[0m2 source file(s) touched in the old version
`-- fs/btrfs/async-thread.c
`-- include/trace/events/btrfs.h
2 source file(s) touched in the new version
`-- fs/btrfs/async-thread.c
`-- include/trace/events/btrfs.h
[33mcompile base commit... [0m[33mok (8s)
[0m[33mapply [0m[33m52483bc26f0e... [0m[33mok (8s)
[0m[33mcompile target commit... [0m[33mok (10s)
[0mPREPARE:
[33m0s
[0mANALYZE:
COCCIGEN:
Traceback (most recent call last):
  File "/home/oslab/Desktop/seda/lib/infer_inclusion.py", line 108, in <module>
    main()
  File "/home/oslab/Desktop/seda/lib/infer_inclusion.py", line 102, in main
    infer(contexts, list(all_added)[0], True)
  File "/home/oslab/Desktop/seda/lib/infer_inclusion.py", line 76, in infer
    max_count = max(counts.values())
ValueError: max() arg is an empty sequence
