BUILD:
[33mbase commit: 540adea3809f^1
[0m[33mtarget commit: 540adea3809f
[0m[33mchecking out base commit... [0m[33mok (1s)
[0m[33mformatting diff... [0m[33mok (1s)
[0m11 source file(s) touched in the old version
`-- arch/x86/kernel/kprobes/core.c
`-- fs/btrfs/disk-io.c
`-- fs/btrfs/free-space-cache.c
`-- include/asm-generic/vmlinux.lds.h
`-- include/linux/bpf.h
`-- include/linux/kprobes.h
`-- include/linux/module.h
`-- kernel/kprobes.c
`-- kernel/module.c
`-- kernel/trace/bpf_trace.c
`-- kernel/trace/trace_kprobe.c
16 source file(s) touched in the new version
`-- arch/x86/include/asm/error-injection.h
`-- arch/x86/kernel/kprobes/core.c
`-- arch/x86/lib/error-inject.c
`-- fs/btrfs/disk-io.c
`-- fs/btrfs/free-space-cache.c
`-- include/asm-generic/error-injection.h
`-- include/asm-generic/vmlinux.lds.h
`-- include/linux/bpf.h
`-- include/linux/error-injection.h
`-- include/linux/kprobes.h
`-- include/linux/module.h
`-- kernel/kprobes.c
`-- kernel/module.c
`-- kernel/trace/bpf_trace.c
`-- kernel/trace/trace_kprobe.c
`-- lib/error-inject.c
[33mIgnore files that are created or deleted by the patch.
[0m[33mcompile base commit... [0m[33mok (6s)
[0m[33mapply [0m[33m540adea3809f... [0m[33mok (6s)
[0m[33mcompile target commit... [0m[33mok (7s)
[0mPREPARE:
[33m0s
[0mANALYZE:
COCCIGEN:
Unable to infer inclusion changes on more than 1 file
added  : set(['linux/error-injection.h'])
deleted: set(['asm/kprobes.h', 'linux/bpf.h'])
