BUILD:
[33mbase commit: 57254b6ebce4^1
[0m[33mtarget commit: 57254b6ebce4
[0m[33mchecking out base commit... [0m[33mok (1s)
[0m[33mformatting diff... [0m[33mok (1s)
[0m4 source file(s) touched in the old version
`-- fs/btrfs/ctree.h
`-- fs/btrfs/ioctl.c
`-- fs/btrfs/qgroup.c
`-- include/uapi/linux/btrfs.h
4 source file(s) touched in the new version
`-- fs/btrfs/ctree.h
`-- fs/btrfs/ioctl.c
`-- fs/btrfs/qgroup.c
`-- include/uapi/linux/btrfs.h
[33mcompile base commit... [0m[33mok (6s)
[0m[33mapply [0m[33m57254b6ebce4... [0m[33mok (6s)
[0m[33mcompile target commit... [0m[33mok (7s)
[0mPREPARE:
[33m1s
[0mANALYZE:
COCCIGEN:
