BUILD:
[33mbase commit: 5bf3258fd2ac^1
[0m[33mtarget commit: 5bf3258fd2ac
[0m[33mchecking out base commit... [0m[33mok (1s)
[0m[33mformatting diff... [0m[33mok (1s)
[0m16 source file(s) touched in the old version
`-- fs/9p/acl.c
`-- fs/btrfs/acl.c
`-- fs/ext2/acl.c
`-- fs/ext3/acl.c
`-- fs/ext4/acl.c
`-- fs/f2fs/acl.c
`-- fs/generic_acl.c
`-- fs/gfs2/acl.c
`-- fs/hfsplus/posix_acl.c
`-- fs/jffs2/acl.c
`-- fs/jfs/acl.c
`-- fs/ocfs2/acl.c
`-- fs/posix_acl.c
`-- fs/reiserfs/xattr_acl.c
`-- fs/xfs/xfs_acl.c
`-- include/linux/posix_acl.h
16 source file(s) touched in the new version
`-- fs/9p/acl.c
`-- fs/btrfs/acl.c
`-- fs/ext2/acl.c
`-- fs/ext3/acl.c
`-- fs/ext4/acl.c
`-- fs/f2fs/acl.c
`-- fs/generic_acl.c
`-- fs/gfs2/acl.c
`-- fs/hfsplus/posix_acl.c
`-- fs/jffs2/acl.c
`-- fs/jfs/acl.c
`-- fs/ocfs2/acl.c
`-- fs/posix_acl.c
`-- fs/reiserfs/xattr_acl.c
`-- fs/xfs/xfs_acl.c
`-- include/linux/posix_acl.h
[33mcompile base commit... [0m[33mok (6s)
[0m[33mapply [0m[33m5bf3258fd2ac... [0m[33mok (6s)
[0m[33mcompile target commit... [0m[33mok (8s)
[0mPREPARE:
[33m0s
[0mANALYZE:
COCCIGEN:
