BUILD:
[33mbase commit: 5c1aab1dd544^1
[0m[33mtarget commit: 5c1aab1dd544
[0m[33mchecking out base commit... [0m[33mok (1s)
[0m[33mformatting diff... [0m[33mok (1s)
[0m9 source file(s) touched in the old version
`-- fs/btrfs/compression.c
`-- fs/btrfs/compression.h
`-- fs/btrfs/ctree.h
`-- fs/btrfs/disk-io.c
`-- fs/btrfs/ioctl.c
`-- fs/btrfs/props.c
`-- fs/btrfs/super.c
`-- fs/btrfs/sysfs.c
`-- include/uapi/linux/btrfs.h
10 source file(s) touched in the new version
`-- fs/btrfs/compression.c
`-- fs/btrfs/compression.h
`-- fs/btrfs/ctree.h
`-- fs/btrfs/disk-io.c
`-- fs/btrfs/ioctl.c
`-- fs/btrfs/props.c
`-- fs/btrfs/super.c
`-- fs/btrfs/sysfs.c
`-- fs/btrfs/zstd.c
`-- include/uapi/linux/btrfs.h
[33mIgnore files that are created or deleted by the patch.
[0m[33mcompile base commit... [0m[33mok (24s)
[0m[33mapply [0m[33m5c1aab1dd544... [0m[33mok (24s)
[0m[33mcompile target commit... [0m[33mok (44s)
[0mPREPARE:
[33mcollect AST for functions: btrfs_parse_options@fs_btrfs_super.c,btrfs_supported_feature_attrs@fs_btrfs_sysfs.c,btrfs_ioctl_setflags@fs_btrfs_ioctl.c,btrfs_compress_op@fs_btrfs_compression.c,btrfs_defrag_file@fs_btrfs_ioctl.c,prop_compression_apply@fs_btrfs_props.c,open_ctree@fs_btrfs_disk-io.c,prop_compression_extract@fs_btrfs_props.c,prop_compression_validate@fs_btrfs_props.c,btrfs_show_options@fs_btrfs_super.c
[0m[33mTransforming and linking bitcode files...
[0m[33m4s
[0mANALYZE:
COCCIGEN:
