BUILD:
[33mbase commit: 5cb6c6c7eb1e^1
[0m[33mtarget commit: 5cb6c6c7eb1e
[0m[33mchecking out base commit... [0m[33mok (3s)
[0m[33mformatting diff... [0m[33mok (3s)
[0m6 source file(s) touched in the old version
`-- fs/btrfs/file.c
`-- fs/fuse/file.c
`-- fs/ocfs2/file.c
`-- fs/xfs/xfs_file.c
`-- include/linux/fs.h
`-- mm/filemap.c
6 source file(s) touched in the new version
`-- fs/btrfs/file.c
`-- fs/fuse/file.c
`-- fs/ocfs2/file.c
`-- fs/xfs/xfs_file.c
`-- include/linux/fs.h
`-- mm/filemap.c
[33mcompile base commit... [0m[33mok (8s)
[0m[33mapply [0m[33m5cb6c6c7eb1e... [0m[33mok (8s)
[0m[33mcompile target commit... [0m[33mok (10s)
[0mPREPARE:
[33m0s
[0mANALYZE:
COCCIGEN:
