BUILD:
[33mbase commit: 5e4def203816^1
[0m[33mtarget commit: 5e4def203816
[0m[33mchecking out base commit... [0m[33mok (2s)
[0m[33mformatting diff... [0m[33mok (2s)
[0m14 source file(s) touched in the old version
`-- arch/mips/kernel/traps.c
`-- drivers/gpu/drm/drm_dp_aux_dev.c
`-- drivers/gpu/drm/i915/selftests/intel_breadcrumbs.c
`-- drivers/media/platform/qcom/venus/hfi.c
`-- fs/afs/rxrpc.c
`-- fs/btrfs/extent-tree.c
`-- fs/fscache/cookie.c
`-- fs/fscache/internal.h
`-- fs/fscache/main.c
`-- fs/nfs/inode.c
`-- fs/nfs/internal.h
`-- fs/ocfs2/filecheck.c
`-- include/linux/wait_bit.h
`-- kernel/sched/wait_bit.c
14 source file(s) touched in the new version
`-- arch/mips/kernel/traps.c
`-- drivers/gpu/drm/drm_dp_aux_dev.c
`-- drivers/gpu/drm/i915/selftests/intel_breadcrumbs.c
`-- drivers/media/platform/qcom/venus/hfi.c
`-- fs/afs/rxrpc.c
`-- fs/btrfs/extent-tree.c
`-- fs/fscache/cookie.c
`-- fs/fscache/internal.h
`-- fs/fscache/main.c
`-- fs/nfs/inode.c
`-- fs/nfs/internal.h
`-- fs/ocfs2/filecheck.c
`-- include/linux/wait_bit.h
`-- kernel/sched/wait_bit.c
[33mcompile base commit... [0m[33mok (48s)
[0m[33mapply [0m[33m5e4def203816... [0m[33mok (48s)
[0m[33mcompile target commit... [0m[33mok (87s)
[0mPREPARE:
[33mcollect AST for functions: nfs_wait_atomic_killable@fs_nfs_inode.c,hfi_core_deinit@drivers_media_platform_qcom_venus_hfi.c,ocfs2_filecheck_sysfs_free@fs_ocfs2_filecheck.c,btrfs_wait_nocow_writers@fs_btrfs_extent-tree.c,__fscache_disable_cookie@fs_fscache_cookie.c,wait_on_atomic_t@include_linux_wait_bit.h,btrfs_wait_for_snapshot_creation@fs_btrfs_extent-tree.c,afs_close_socket@fs_afs_rxrpc.c,__wait_on_atomic_t@kernel_sched_wait_bit.c,drm_dp_aux_unregister_devnode@drivers_gpu_drm_drm_dp_aux_dev.c,btrfs_wait_block_group_reservations@fs_btrfs_extent-tree.c
[0m[33mTransforming and linking bitcode files...
[0m[33m5s
[0mANALYZE:
COCCIGEN:
