BUILD:
[33mbase commit: 5fa8e0a1c6a7^1
[0m[33mtarget commit: 5fa8e0a1c6a7
[0m[33mchecking out base commit... [0m[33mok (3s)
[0m[33mformatting diff... [0m[33mok (3s)
[0m8 source file(s) touched in the old version
`-- fs/btrfs/file.c
`-- fs/ceph/file.c
`-- fs/fuse/file.c
`-- fs/inode.c
`-- fs/ntfs/file.c
`-- fs/xfs/xfs_file.c
`-- include/linux/fs.h
`-- mm/filemap.c
8 source file(s) touched in the new version
`-- fs/btrfs/file.c
`-- fs/ceph/file.c
`-- fs/fuse/file.c
`-- fs/inode.c
`-- fs/ntfs/file.c
`-- fs/xfs/xfs_file.c
`-- include/linux/fs.h
`-- mm/filemap.c
[33mcompile base commit... [0m[33mok (24s)
[0m[33mapply [0m[33m5fa8e0a1c6a7... [0m[33mok (24s)
[0m[33mcompile target commit... [0m[33mok (42s)
[0mPREPARE:
[33mcollect AST for functions: btrfs_file_write_iter@fs_btrfs_file.c,ntfs_prepare_file_for_write@fs_ntfs_file.c,xfs_file_aio_write_checks@fs_xfs_xfs_file.c,fuse_file_write_iter@fs_fuse_file.c,ceph_write_iter@fs_ceph_file.c,__generic_file_write_iter@mm_filemap.c
[0m[33mTransforming and linking bitcode files...
[0m[33m3s
[0mANALYZE:
COCCIGEN:
//# pattern-1, witnesses: 6
@@
expression list listE0;
@@
- file_remove_suid(listE0)
+ file_remove_privs(listE0)
