BUILD:
[33mbase commit: 6296b9604fce^1
[0m[33mtarget commit: 6296b9604fce
[0m[33mchecking out base commit... [0m[33mok (1s)
[0m[33mformatting diff... [0m[33mok (1s)
[0m6 source file(s) touched in the old version
`-- block/blk-core.c
`-- drivers/md/dm-flakey.c
`-- drivers/md/raid5.c
`-- fs/btrfs/check-integrity.c
`-- fs/btrfs/inode.c
`-- include/linux/blk_types.h
6 source file(s) touched in the new version
`-- block/blk-core.c
`-- drivers/md/dm-flakey.c
`-- drivers/md/raid5.c
`-- fs/btrfs/check-integrity.c
`-- fs/btrfs/inode.c
`-- include/linux/blk_types.h
[33mcompile base commit... [0m[33mok (22s)
[0m[33mapply [0m[33m6296b9604fce... [0m[33mok (22s)
[0m[33mcompile target commit... [0m[33mok (39s)
[0mPREPARE:
[33mcollect AST for functions: btrfs_end_dio_bio@fs_btrfs_inode.c,handle_bad_sector@block_blk-core.c,ops_run_io@drivers_md_raid5.c,corrupt_bio_data@drivers_md_dm-flakey.c,__btrfsic_submit_bio@fs_btrfs_check-integrity.c
[0m[33mTransforming and linking bitcode files...
[0m[33m4s
[0mANALYZE:
COCCIGEN:
