BUILD:
[33mbase commit: 67fd707f4681^1
[0m[33mtarget commit: 67fd707f4681
[0m[33mchecking out base commit... [0m[33mok (1s)
[0m[33mformatting diff... [0m[33mok (1s)
[0m14 source file(s) touched in the old version
`-- fs/btrfs/extent_io.c
`-- fs/ceph/addr.c
`-- fs/ext4/inode.c
`-- fs/f2fs/checkpoint.c
`-- fs/f2fs/data.c
`-- fs/f2fs/node.c
`-- fs/gfs2/aops.c
`-- fs/nilfs2/btree.c
`-- fs/nilfs2/page.c
`-- fs/nilfs2/segment.c
`-- include/linux/pagevec.h
`-- mm/filemap.c
`-- mm/page-writeback.c
`-- mm/swap.c
14 source file(s) touched in the new version
`-- fs/btrfs/extent_io.c
`-- fs/ceph/addr.c
`-- fs/ext4/inode.c
`-- fs/f2fs/checkpoint.c
`-- fs/f2fs/data.c
`-- fs/f2fs/node.c
`-- fs/gfs2/aops.c
`-- fs/nilfs2/btree.c
`-- fs/nilfs2/page.c
`-- fs/nilfs2/segment.c
`-- include/linux/pagevec.h
`-- mm/filemap.c
`-- mm/page-writeback.c
`-- mm/swap.c
[33mcompile base commit... [0m[33mok (6s)
[0m[33mapply [0m[33m67fd707f4681... [0m[33mok (6s)
[0m[33mcompile target commit... [0m[33mok (8s)
[0mPREPARE:
[33m0s
[0mANALYZE:
COCCIGEN:
