BUILD:
[33mbase commit: 6b2553918d8b^1
[0m[33mtarget commit: 6b2553918d8b
[0m[33mchecking out base commit... [0m[33mok (3s)
[0m[33mformatting diff... [0m[33mok (3s)
[0m43 source file(s) touched in the old version
`-- drivers/staging/lustre/lustre/llite/symlink.c
`-- fs/9p/vfs_inode.c
`-- fs/9p/vfs_inode_dotl.c
`-- fs/affs/symlink.c
`-- fs/autofs4/symlink.c
`-- fs/btrfs/inode.c
`-- fs/ceph/inode.c
`-- fs/cifs/cifsfs.c
`-- fs/cifs/cifsfs.h
`-- fs/cifs/link.c
`-- fs/coda/cnode.c
`-- fs/configfs/symlink.c
`-- fs/dcache.c
`-- fs/ecryptfs/inode.c
`-- fs/ext2/symlink.c
`-- fs/ext4/symlink.c
`-- fs/f2fs/namei.c
`-- fs/fuse/dir.c
`-- fs/gfs2/inode.c
`-- fs/hostfs/hostfs_kern.c
`-- fs/jffs2/symlink.c
`-- fs/jfs/symlink.c
`-- fs/kernfs/symlink.c
`-- fs/libfs.c
`-- fs/minix/inode.c
`-- fs/namei.c
`-- fs/ncpfs/inode.c
`-- fs/nfs/symlink.c
`-- fs/nilfs2/namei.c
`-- fs/ocfs2/symlink.c
`-- fs/overlayfs/inode.c
`-- fs/proc/base.c
`-- fs/proc/inode.c
`-- fs/proc/namespaces.c
`-- fs/proc/self.c
`-- fs/proc/thread_self.c
`-- fs/reiserfs/namei.c
`-- fs/squashfs/symlink.c
`-- fs/sysv/inode.c
`-- fs/ubifs/file.c
`-- fs/xfs/xfs_iops.c
`-- include/linux/fs.h
`-- mm/shmem.c
43 source file(s) touched in the new version
`-- drivers/staging/lustre/lustre/llite/symlink.c
`-- fs/9p/vfs_inode.c
`-- fs/9p/vfs_inode_dotl.c
`-- fs/affs/symlink.c
`-- fs/autofs4/symlink.c
`-- fs/btrfs/inode.c
`-- fs/ceph/inode.c
`-- fs/cifs/cifsfs.c
`-- fs/cifs/cifsfs.h
`-- fs/cifs/link.c
`-- fs/coda/cnode.c
`-- fs/configfs/symlink.c
`-- fs/dcache.c
`-- fs/ecryptfs/inode.c
`-- fs/ext2/symlink.c
`-- fs/ext4/symlink.c
`-- fs/f2fs/namei.c
`-- fs/fuse/dir.c
`-- fs/gfs2/inode.c
`-- fs/hostfs/hostfs_kern.c
`-- fs/jffs2/symlink.c
`-- fs/jfs/symlink.c
`-- fs/kernfs/symlink.c
`-- fs/libfs.c
`-- fs/minix/inode.c
`-- fs/namei.c
`-- fs/ncpfs/inode.c
`-- fs/nfs/symlink.c
`-- fs/nilfs2/namei.c
`-- fs/ocfs2/symlink.c
`-- fs/overlayfs/inode.c
`-- fs/proc/base.c
`-- fs/proc/inode.c
`-- fs/proc/namespaces.c
`-- fs/proc/self.c
`-- fs/proc/thread_self.c
`-- fs/reiserfs/namei.c
`-- fs/squashfs/symlink.c
`-- fs/sysv/inode.c
`-- fs/ubifs/file.c
`-- fs/xfs/xfs_iops.c
`-- include/linux/fs.h
`-- mm/shmem.c
[33mcompile base commit... [0m[33mok (96s)
[0m[33mapply [0m[33m6b2553918d8b... [0m[33mok (96s)
[0m[33mcompile target commit... [0m[33mok (156s)
[0mPREPARE:
[33mcollect AST for functions: ceph_symlink_iops@fs_ceph_inode.c,coda_symlink_inode_operations@fs_coda_cnode.c,jffs2_symlink_inode_operations@fs_jffs2_symlink.c,btrfs_symlink_inode_operations@fs_btrfs_inode.c,configfs_symlink_inode_operations@fs_configfs_symlink.c,proc_map_files_link_inode_operations@fs_proc_base.c,proc_thread_self_inode_operations@fs_proc_thread_self.c,proc_link_inode_operations@fs_proc_inode.c,nilfs_symlink_inode_operations@fs_nilfs2_namei.c,simple_symlink_inode_operations@fs_libfs.c,proc_ns_link_inode_operations@fs_proc_namespaces.c,kernfs_symlink_iops@fs_kernfs_symlink.c,ocfs2_symlink_inode_operations@fs_ocfs2_symlink.c,ubifs_symlink_inode_operations@fs_ubifs_file.c,proc_map_files_get_link@fs_proc_base.c,minix_symlink_inode_operations@fs_minix_inode.c,sysv_symlink_inode_operations@fs_sysv_inode.c,hostfs_link_iops@fs_hostfs_hostfs_kern.c,ext4_symlink_inode_operations@fs_ext4_symlink.c,ovl_symlink_inode_operations@fs_overlayfs_inode.c,d_flags_for_inode@fs_dcache.c,jfs_symlink_inode_operations@fs_jfs_symlink.c,squashfs_symlink_inode_ops@fs_squashfs_symlink.c,ext4_encrypted_symlink_inode_operations@fs_ext4_symlink.c,affs_symlink_inode_operations@fs_affs_symlink.c,reiserfs_mkdir@fs_namei.c,affs_symlink_readpage@fs_affs_symlink.c,reiserfs_unlink@fs_namei.c,fuse_symlink_inode_operations@fs_fuse_dir.c,proc_map_files_instantiate@fs_proc_base.c,proc_pid_link_inode_operations@fs_proc_base.c,ncp_symlink_inode_operations@fs_ncpfs_inode.c,proc_self_inode_operations@fs_proc_self.c,ext2_fast_symlink_inode_operations@fs_ext2_symlink.c,v9fs_symlink_inode_operations@fs_9p_vfs_inode.c,v9fs_symlink_inode_operations_dotl@fs_9p_vfs_inode_dotl.c,f2fs_symlink_inode_operations@fs_f2fs_namei.c,ext2_symlink_inode_operations@fs_ext2_symlink.c,nfs_symlink_inode_operations@fs_nfs_symlink.c,ecryptfs_symlink_iops@fs_ecryptfs_inode.c,cifs_symlink_inode_ops@fs_cifs_cifsfs.c,ext4_fast_symlink_inode_operations@fs_ext4_symlink.c,jfs_fast_symlink_inode_operations@fs_jfs_symlink.c,gfs2_symlink_iops@fs_gfs2_inode.c,autofs4_symlink_inode_operations@fs_autofs4_symlink.c,ll_fast_symlink_inode_operations@drivers_staging_lustre_lustre_llite_symlink.c,f2fs_encrypted_symlink_inode_operations@fs_f2fs_namei.c,xfs_symlink_inode_operations@fs_xfs_xfs_iops.c
[0m[33mTransforming and linking bitcode files...
[0m[33m16s
[0mANALYZE:
COCCIGEN:
//# pattern-1, witnesses: 12
@@
identifier s;
@@
 const struct inode_operations s = {
-    .follow_link = page_follow_link_light,
+    .get_link = page_get_link,
 };
//# pattern-4, witnesses: 7
@@
identifier s;
@@
 const struct inode_operations s = {
-    .follow_link = simple_follow_link,
+    .get_link = simple_get_link,
 };
