BUILD:
[33mbase commit: 6b520e056542^1
[0m[33mtarget commit: 6b520e056542
[0m[33mchecking out base commit... [0m[33mok (0s)
[0m[33mformatting diff... [0m[33mok (0s)
[0m53 source file(s) touched in the old version
`-- arch/powerpc/platforms/cell/spufs/inode.c
`-- drivers/staging/pohmelfs/inode.c
`-- fs/9p/vfs_inode.c
`-- fs/affs/super.c
`-- fs/afs/super.c
`-- fs/befs/linuxvfs.c
`-- fs/bfs/inode.c
`-- fs/block_dev.c
`-- fs/btrfs/inode.c
`-- fs/ceph/inode.c
`-- fs/coda/inode.c
`-- fs/ecryptfs/super.c
`-- fs/efs/super.c
`-- fs/exofs/super.c
`-- fs/ext2/super.c
`-- fs/ext3/super.c
`-- fs/ext4/super.c
`-- fs/fat/inode.c
`-- fs/freevxfs/vxfs_inode.c
`-- fs/fuse/inode.c
`-- fs/gfs2/super.c
`-- fs/hfs/super.c
`-- fs/hfsplus/super.c
`-- fs/hostfs/hostfs_kern.c
`-- fs/hpfs/super.c
`-- fs/hppfs/hppfs.c
`-- fs/hugetlbfs/inode.c
`-- fs/inode.c
`-- fs/isofs/inode.c
`-- fs/jffs2/super.c
`-- fs/jfs/super.c
`-- fs/logfs/inode.c
`-- fs/minix/inode.c
`-- fs/ncpfs/inode.c
`-- fs/nfs/inode.c
`-- fs/nilfs2/super.c
`-- fs/ntfs/inode.c
`-- fs/ocfs2/dlmfs/dlmfs.c
`-- fs/ocfs2/super.c
`-- fs/openpromfs/inode.c
`-- fs/proc/inode.c
`-- fs/qnx4/inode.c
`-- fs/reiserfs/super.c
`-- fs/romfs/super.c
`-- fs/squashfs/super.c
`-- fs/sysv/inode.c
`-- fs/ubifs/super.c
`-- fs/udf/super.c
`-- fs/ufs/super.c
`-- fs/xfs/xfs_iget.c
`-- ipc/mqueue.c
`-- mm/shmem.c
`-- net/sunrpc/rpc_pipe.c
53 source file(s) touched in the new version
`-- arch/powerpc/platforms/cell/spufs/inode.c
`-- drivers/staging/pohmelfs/inode.c
`-- fs/9p/vfs_inode.c
`-- fs/affs/super.c
`-- fs/afs/super.c
`-- fs/befs/linuxvfs.c
`-- fs/bfs/inode.c
`-- fs/block_dev.c
`-- fs/btrfs/inode.c
`-- fs/ceph/inode.c
`-- fs/coda/inode.c
`-- fs/ecryptfs/super.c
`-- fs/efs/super.c
`-- fs/exofs/super.c
`-- fs/ext2/super.c
`-- fs/ext3/super.c
`-- fs/ext4/super.c
`-- fs/fat/inode.c
`-- fs/freevxfs/vxfs_inode.c
`-- fs/fuse/inode.c
`-- fs/gfs2/super.c
`-- fs/hfs/super.c
`-- fs/hfsplus/super.c
`-- fs/hostfs/hostfs_kern.c
`-- fs/hpfs/super.c
`-- fs/hppfs/hppfs.c
`-- fs/hugetlbfs/inode.c
`-- fs/inode.c
`-- fs/isofs/inode.c
`-- fs/jffs2/super.c
`-- fs/jfs/super.c
`-- fs/logfs/inode.c
`-- fs/minix/inode.c
`-- fs/ncpfs/inode.c
`-- fs/nfs/inode.c
`-- fs/nilfs2/super.c
`-- fs/ntfs/inode.c
`-- fs/ocfs2/dlmfs/dlmfs.c
`-- fs/ocfs2/super.c
`-- fs/openpromfs/inode.c
`-- fs/proc/inode.c
`-- fs/qnx4/inode.c
`-- fs/reiserfs/super.c
`-- fs/romfs/super.c
`-- fs/squashfs/super.c
`-- fs/sysv/inode.c
`-- fs/ubifs/super.c
`-- fs/udf/super.c
`-- fs/ufs/super.c
`-- fs/xfs/xfs_iget.c
`-- ipc/mqueue.c
`-- mm/shmem.c
`-- net/sunrpc/rpc_pipe.c
[33mcompile base commit... [0m[33mok (5s)
[0m[33mapply [0m[33m6b520e056542... [0m[33mok (5s)
[0m[33mcompile target commit... [0m[33mok (6s)
[0mPREPARE:
[33m1s
[0mANALYZE:
COCCIGEN:
