BUILD:
[33mbase commit: 6b526ed70cf1^1
[0m[33mtarget commit: 6b526ed70cf1
[0m[33mchecking out base commit... [0m[33mok (1s)
[0m[33mformatting diff... [0m[33mok (1s)
[0m4 source file(s) touched in the old version
`-- fs/btrfs/ioctl.c
`-- fs/btrfs/volumes.c
`-- fs/btrfs/volumes.h
`-- include/uapi/linux/btrfs.h
4 source file(s) touched in the new version
`-- fs/btrfs/ioctl.c
`-- fs/btrfs/volumes.c
`-- fs/btrfs/volumes.h
`-- include/uapi/linux/btrfs.h
[33mcompile base commit... [0m[33mok (29s)
[0m[33mapply [0m[33m6b526ed70cf1... [0m[33mok (29s)
[0m[33mcompile target commit... [0m[33mok (40s)
[0mPREPARE:
[33mcollect AST for functions: btrfs_ioctl_rm_dev@fs_btrfs_ioctl.c,btrfs_rm_device@fs_btrfs_volumes.c,btrfs_ioctl@fs_btrfs_ioctl.c
[0m[33mTransforming and linking bitcode files...
[0m[33m5s
[0mANALYZE:
COCCIGEN:
