BUILD:
[33mbase commit: 71ff6437c236^1
[0m[33mtarget commit: 71ff6437c236
[0m[33mchecking out base commit... [0m[33mok (1s)
[0m[33mformatting diff... [0m[33mok (1s)
[0m2 source file(s) touched in the old version
`-- fs/btrfs/extent-tree.c
`-- include/trace/events/btrfs.h
2 source file(s) touched in the new version
`-- fs/btrfs/extent-tree.c
`-- include/trace/events/btrfs.h
[33mcompile base commit... [0m[33mok (17s)
[0m[33mapply [0m[33m71ff6437c236... [0m[33mok (17s)
[0m[33mcompile target commit... [0m[33mok (30s)
[0mPREPARE:
[33mcollect AST for functions: btrfs_free_tree_block@fs_btrfs_extent-tree.c,__btrfs_free_reserved_extent@fs_btrfs_extent-tree.c,find_free_extent@fs_btrfs_extent-tree.c,alloc_reserved_tree_block@fs_btrfs_extent-tree.c,alloc_reserved_file_extent@fs_btrfs_extent-tree.c
[0m[33mTransforming and linking bitcode files...
[0m[33m3s
[0mANALYZE:
COCCIGEN:
//# pattern-1, witnesses: 2
@@
expression V0;
identifier delalloc;
identifier empty_size;
identifier flags;
identifier hint_byte;
identifier ins;
identifier num_bytes;
identifier orig_root;
identifier ram_bytes;
typedef u64;
@@
 int find_free_extent(struct btrfs_root * orig_root, u64 ram_bytes, u64 num_bytes, u64 empty_size, u64 hint_byte, struct btrfs_key * ins, u64 flags, int delalloc)
 {
     <...
- trace_btrfs_reserve_extent_cluster(root, V0, search_start, num_bytes)
+ trace_btrfs_reserve_extent_cluster(fs_info, V0, search_start, num_bytes)
     ...>
 }
//# pattern-4, witnesses: 2
@@
expression E0;
expression E1;
@@
- trace_btrfs_reserved_extent_free(root, E0, E1)
+ trace_btrfs_reserved_extent_free(fs_info, E0, E1)
