BUILD:
[33mbase commit: 735654ea91a0^1
[0m[33mtarget commit: 735654ea91a0
[0m[33mchecking out base commit... [0m[33mok (0s)
[0m[33mformatting diff... [0m[33mok (0s)
[0m2 source file(s) touched in the old version
`-- fs/btrfs/ioctl.c
`-- include/uapi/linux/btrfs.h
2 source file(s) touched in the new version
`-- fs/btrfs/ioctl.c
`-- include/uapi/linux/btrfs.h
[33mcompile base commit... [0m[33mok (15s)
[0m[33mapply [0m[33m735654ea91a0... [0m[33mok (15s)
[0m[33mcompile target commit... [0m[33mok (26s)
[0mPREPARE:
[33mcollect AST for functions: btrfs_ioctl_rm_dev_v2@fs_btrfs_ioctl.c
[0m[33mTransforming and linking bitcode files...
[0m[33m2s
[0mANALYZE:
COCCIGEN:
//# pattern-3, witnesses: 2
@@
@@
- BTRFS_DEVICE_BY_ID
+ BTRFS_DEVICE_SPEC_BY_ID
