BUILD:
[33mbase commit: 743162013d40^1
[0m[33mtarget commit: 743162013d40
[0m[33mchecking out base commit... [0m[33mok (1s)
[0m[33mformatting diff... [0m[33mok (1s)
[0m37 source file(s) touched in the old version
`-- drivers/md/dm-bufio.c
`-- drivers/md/dm-snap.c
`-- drivers/media/usb/dvb-usb-v2/dvb_usb_core.c
`-- fs/btrfs/extent_io.c
`-- fs/buffer.c
`-- fs/cifs/connect.c
`-- fs/cifs/file.c
`-- fs/cifs/inode.c
`-- fs/cifs/misc.c
`-- fs/fs-writeback.c
`-- fs/fscache/cookie.c
`-- fs/fscache/internal.h
`-- fs/fscache/main.c
`-- fs/fscache/page.c
`-- fs/gfs2/glock.c
`-- fs/gfs2/lock_dlm.c
`-- fs/gfs2/ops_fstype.c
`-- fs/gfs2/recovery.c
`-- fs/gfs2/super.c
`-- fs/inode.c
`-- fs/jbd2/transaction.c
`-- fs/nfs/file.c
`-- fs/nfs/filelayout/filelayoutdev.c
`-- fs/nfs/inode.c
`-- fs/nfs/nfs4state.c
`-- fs/nfs/pagelist.c
`-- fs/nfs/pnfs.c
`-- fs/nfs/write.c
`-- include/linux/wait.h
`-- include/linux/writeback.h
`-- kernel/ptrace.c
`-- kernel/sched/wait.c
`-- mm/filemap.c
`-- mm/ksm.c
`-- net/bluetooth/hci_core.c
`-- security/keys/gc.c
`-- security/keys/request_key.c
37 source file(s) touched in the new version
`-- drivers/md/dm-bufio.c
`-- drivers/md/dm-snap.c
`-- drivers/media/usb/dvb-usb-v2/dvb_usb_core.c
`-- fs/btrfs/extent_io.c
`-- fs/buffer.c
`-- fs/cifs/connect.c
`-- fs/cifs/file.c
`-- fs/cifs/inode.c
`-- fs/cifs/misc.c
`-- fs/fs-writeback.c
`-- fs/fscache/cookie.c
`-- fs/fscache/internal.h
`-- fs/fscache/main.c
`-- fs/fscache/page.c
`-- fs/gfs2/glock.c
`-- fs/gfs2/lock_dlm.c
`-- fs/gfs2/ops_fstype.c
`-- fs/gfs2/recovery.c
`-- fs/gfs2/super.c
`-- fs/inode.c
`-- fs/jbd2/transaction.c
`-- fs/nfs/file.c
`-- fs/nfs/filelayout/filelayoutdev.c
`-- fs/nfs/inode.c
`-- fs/nfs/nfs4state.c
`-- fs/nfs/pagelist.c
`-- fs/nfs/pnfs.c
`-- fs/nfs/write.c
`-- include/linux/wait.h
`-- include/linux/writeback.h
`-- kernel/ptrace.c
`-- kernel/sched/wait.c
`-- mm/filemap.c
`-- mm/ksm.c
`-- net/bluetooth/hci_core.c
`-- security/keys/gc.c
`-- security/keys/request_key.c
[33mcompile base commit... [0m[33mok (6s)
[0m[33mapply [0m[33m743162013d40... [0m[33mok (6s)
[0m[33mcompile target commit... [0m[33mok (10s)
[0mPREPARE:
[33m0s
[0mANALYZE:
COCCIGEN:
