BUILD:
[33mbase commit: 77d84ff87e9d^1
[0m[33mtarget commit: 77d84ff87e9d
[0m[33mchecking out base commit... [0m[33mok (0s)
[0m[33mformatting diff... [0m[33mok (0s)
[0m17 source file(s) touched in the old version
`-- arch/arm/mach-imx/mach-pca100.c
`-- arch/arm64/kvm/handle_exit.c
`-- arch/mips/ralink/cevt-rt3352.c
`-- arch/mips/ralink/timer.c
`-- arch/powerpc/platforms/52xx/mpc52xx_lpbfifo.c
`-- drivers/char/msm_smd_pkt.c
`-- drivers/devfreq/exynos/exynos5_bus.c
`-- drivers/gpu/drm/exynos/exynos_drm_fimc.c
`-- drivers/gpu/drm/exynos/exynos_drm_gsc.c
`-- drivers/i2c/busses/i2c-exynos5.c
`-- drivers/iio/adc/twl6030-gpadc.c
`-- drivers/isdn/hisax/hfc4s8s_l1.c
`-- drivers/media/platform/ti-vpe/vpdma.c
`-- drivers/net/wireless/libertas/cmdresp.c
`-- drivers/video/udlfb.c
`-- fs/btrfs/tests/free-space-tests.c
`-- net/nfc/digital_dep.c
17 source file(s) touched in the new version
`-- arch/arm/mach-imx/mach-pca100.c
`-- arch/arm64/kvm/handle_exit.c
`-- arch/mips/ralink/cevt-rt3352.c
`-- arch/mips/ralink/timer.c
`-- arch/powerpc/platforms/52xx/mpc52xx_lpbfifo.c
`-- drivers/char/msm_smd_pkt.c
`-- drivers/devfreq/exynos/exynos5_bus.c
`-- drivers/gpu/drm/exynos/exynos_drm_fimc.c
`-- drivers/gpu/drm/exynos/exynos_drm_gsc.c
`-- drivers/i2c/busses/i2c-exynos5.c
`-- drivers/iio/adc/twl6030-gpadc.c
`-- drivers/isdn/hisax/hfc4s8s_l1.c
`-- drivers/media/platform/ti-vpe/vpdma.c
`-- drivers/net/wireless/libertas/cmdresp.c
`-- drivers/video/udlfb.c
`-- fs/btrfs/tests/free-space-tests.c
`-- net/nfc/digital_dep.c
[33mcompile base commit... [0m[33mok (5s)
[0m[33mapply [0m[33m77d84ff87e9d... [0m[33mok (5s)
[0m[33mcompile target commit... [0m[33mok (7s)
[0mPREPARE:
[33m0s
[0mANALYZE:
COCCIGEN:
