BUILD:
[33mbase commit: 7caef26767c1^1
[0m[33mtarget commit: 7caef26767c1
[0m[33mchecking out base commit... [0m[33mok (3s)
[0m[33mformatting diff... [0m[33mok (4s)
[0m28 source file(s) touched in the old version
`-- fs/adfs/inode.c
`-- fs/affs/file.c
`-- fs/bfs/file.c
`-- fs/btrfs/free-space-cache.c
`-- fs/btrfs/inode.c
`-- fs/cifs/inode.c
`-- fs/exofs/inode.c
`-- fs/ext2/inode.c
`-- fs/ext4/inode.c
`-- fs/fat/inode.c
`-- fs/fuse/dir.c
`-- fs/fuse/inode.c
`-- fs/gfs2/bmap.c
`-- fs/hfs/inode.c
`-- fs/hfsplus/inode.c
`-- fs/hpfs/file.c
`-- fs/jfs/inode.c
`-- fs/minix/inode.c
`-- fs/nfs/inode.c
`-- fs/nilfs2/inode.c
`-- fs/ntfs/file.c
`-- fs/omfs/file.c
`-- fs/sysv/itree.c
`-- fs/udf/inode.c
`-- fs/ufs/inode.c
`-- fs/xfs/xfs_aops.c
`-- include/linux/mm.h
`-- mm/truncate.c
28 source file(s) touched in the new version
`-- fs/adfs/inode.c
`-- fs/affs/file.c
`-- fs/bfs/file.c
`-- fs/btrfs/free-space-cache.c
`-- fs/btrfs/inode.c
`-- fs/cifs/inode.c
`-- fs/exofs/inode.c
`-- fs/ext2/inode.c
`-- fs/ext4/inode.c
`-- fs/fat/inode.c
`-- fs/fuse/dir.c
`-- fs/fuse/inode.c
`-- fs/gfs2/bmap.c
`-- fs/hfs/inode.c
`-- fs/hfsplus/inode.c
`-- fs/hpfs/file.c
`-- fs/jfs/inode.c
`-- fs/minix/inode.c
`-- fs/nfs/inode.c
`-- fs/nilfs2/inode.c
`-- fs/ntfs/file.c
`-- fs/omfs/file.c
`-- fs/sysv/itree.c
`-- fs/udf/inode.c
`-- fs/ufs/inode.c
`-- fs/xfs/xfs_aops.c
`-- include/linux/mm.h
`-- mm/truncate.c
[33mcompile base commit... [0m[33mok (10s)
[0m[33mapply [0m[33m7caef26767c1... [0m[33mok (10s)
[0m[33mcompile target commit... [0m[33mok (12s)
[0mPREPARE:
[33m1s
[0mANALYZE:
COCCIGEN:
