BUILD:
[33mbase commit: 7f78e0351394^1
[0m[33mtarget commit: 7f78e0351394
[0m[33mchecking out base commit... [0m[33mok (1s)
[0m[33mformatting diff... [0m[33mok (1s)
[0m69 source file(s) touched in the old version
`-- arch/ia64/kernel/perfmon.c
`-- arch/powerpc/platforms/cell/spufs/inode.c
`-- arch/s390/hypfs/inode.c
`-- drivers/firmware/efivars.c
`-- drivers/infiniband/hw/ipath/ipath_fs.c
`-- drivers/infiniband/hw/qib/qib_fs.c
`-- drivers/misc/ibmasm/ibmasmfs.c
`-- drivers/mtd/mtdchar.c
`-- drivers/oprofile/oprofilefs.c
`-- drivers/staging/ccg/f_fs.c
`-- drivers/usb/gadget/f_fs.c
`-- drivers/usb/gadget/inode.c
`-- drivers/xen/xenfs/super.c
`-- fs/9p/vfs_super.c
`-- fs/adfs/super.c
`-- fs/affs/super.c
`-- fs/afs/super.c
`-- fs/autofs4/init.c
`-- fs/befs/linuxvfs.c
`-- fs/bfs/inode.c
`-- fs/binfmt_misc.c
`-- fs/btrfs/super.c
`-- fs/ceph/super.c
`-- fs/coda/inode.c
`-- fs/configfs/mount.c
`-- fs/cramfs/inode.c
`-- fs/debugfs/inode.c
`-- fs/devpts/inode.c
`-- fs/ecryptfs/main.c
`-- fs/efs/super.c
`-- fs/exofs/super.c
`-- fs/ext2/super.c
`-- fs/ext3/super.c
`-- fs/ext4/super.c
`-- fs/f2fs/super.c
`-- fs/fat/namei_msdos.c
`-- fs/fat/namei_vfat.c
`-- fs/filesystems.c
`-- fs/freevxfs/vxfs_super.c
`-- fs/fuse/control.c
`-- fs/fuse/inode.c
`-- fs/gfs2/ops_fstype.c
`-- fs/hfs/super.c
`-- fs/hfsplus/super.c
`-- fs/hppfs/hppfs.c
`-- fs/hugetlbfs/inode.c
`-- fs/isofs/inode.c
`-- fs/jffs2/super.c
`-- fs/jfs/super.c
`-- fs/logfs/super.c
`-- fs/minix/inode.c
`-- fs/ncpfs/inode.c
`-- fs/nfs/super.c
`-- fs/nfsd/nfsctl.c
`-- fs/nilfs2/super.c
`-- fs/ntfs/super.c
`-- fs/ocfs2/dlmfs/dlmfs.c
`-- fs/omfs/inode.c
`-- fs/openpromfs/inode.c
`-- fs/qnx4/inode.c
`-- fs/qnx6/inode.c
`-- fs/reiserfs/super.c
`-- fs/romfs/super.c
`-- fs/sysv/super.c
`-- fs/ubifs/super.c
`-- fs/ufs/super.c
`-- fs/xfs/xfs_super.c
`-- include/linux/fs.h
`-- net/sunrpc/rpc_pipe.c
69 source file(s) touched in the new version
`-- arch/ia64/kernel/perfmon.c
`-- arch/powerpc/platforms/cell/spufs/inode.c
`-- arch/s390/hypfs/inode.c
`-- drivers/firmware/efivars.c
`-- drivers/infiniband/hw/ipath/ipath_fs.c
`-- drivers/infiniband/hw/qib/qib_fs.c
`-- drivers/misc/ibmasm/ibmasmfs.c
`-- drivers/mtd/mtdchar.c
`-- drivers/oprofile/oprofilefs.c
`-- drivers/staging/ccg/f_fs.c
`-- drivers/usb/gadget/f_fs.c
`-- drivers/usb/gadget/inode.c
`-- drivers/xen/xenfs/super.c
`-- fs/9p/vfs_super.c
`-- fs/adfs/super.c
`-- fs/affs/super.c
`-- fs/afs/super.c
`-- fs/autofs4/init.c
`-- fs/befs/linuxvfs.c
`-- fs/bfs/inode.c
`-- fs/binfmt_misc.c
`-- fs/btrfs/super.c
`-- fs/ceph/super.c
`-- fs/coda/inode.c
`-- fs/configfs/mount.c
`-- fs/cramfs/inode.c
`-- fs/debugfs/inode.c
`-- fs/devpts/inode.c
`-- fs/ecryptfs/main.c
`-- fs/efs/super.c
`-- fs/exofs/super.c
`-- fs/ext2/super.c
`-- fs/ext3/super.c
`-- fs/ext4/super.c
`-- fs/f2fs/super.c
`-- fs/fat/namei_msdos.c
`-- fs/fat/namei_vfat.c
`-- fs/filesystems.c
`-- fs/freevxfs/vxfs_super.c
`-- fs/fuse/control.c
`-- fs/fuse/inode.c
`-- fs/gfs2/ops_fstype.c
`-- fs/hfs/super.c
`-- fs/hfsplus/super.c
`-- fs/hppfs/hppfs.c
`-- fs/hugetlbfs/inode.c
`-- fs/isofs/inode.c
`-- fs/jffs2/super.c
`-- fs/jfs/super.c
`-- fs/logfs/super.c
`-- fs/minix/inode.c
`-- fs/ncpfs/inode.c
`-- fs/nfs/super.c
`-- fs/nfsd/nfsctl.c
`-- fs/nilfs2/super.c
`-- fs/ntfs/super.c
`-- fs/ocfs2/dlmfs/dlmfs.c
`-- fs/omfs/inode.c
`-- fs/openpromfs/inode.c
`-- fs/qnx4/inode.c
`-- fs/qnx6/inode.c
`-- fs/reiserfs/super.c
`-- fs/romfs/super.c
`-- fs/sysv/super.c
`-- fs/ubifs/super.c
`-- fs/ufs/super.c
`-- fs/xfs/xfs_super.c
`-- include/linux/fs.h
`-- net/sunrpc/rpc_pipe.c
[33mcompile base commit... [0m[33mok (6s)
[0m[33mapply [0m[33m7f78e0351394... [0m[33mok (6s)
[0m[33mcompile target commit... [0m[33mok (8s)
[0mPREPARE:
[33m1s
[0mANALYZE:
COCCIGEN:
@@
@@
 #include <linux/fs.h>
+#include <linux/module.h>
