BUILD:
[33mbase commit: 8667982014d6^1
[0m[33mtarget commit: 8667982014d6
[0m[33mchecking out base commit... [0m[33mok (3s)
[0m[33mformatting diff... [0m[33mok (3s)
[0m24 source file(s) touched in the old version
`-- drivers/gpu/drm/i915/i915_gem_gtt.c
`-- fs/afs/write.c
`-- fs/btrfs/extent_io.c
`-- fs/buffer.c
`-- fs/cachefiles/rdwr.c
`-- fs/ceph/addr.c
`-- fs/dax.c
`-- fs/ext4/inode.c
`-- fs/f2fs/checkpoint.c
`-- fs/f2fs/data.c
`-- fs/f2fs/node.c
`-- fs/fscache/page.c
`-- fs/gfs2/aops.c
`-- fs/hugetlbfs/inode.c
`-- fs/nilfs2/btree.c
`-- fs/nilfs2/page.c
`-- fs/nilfs2/segment.c
`-- include/linux/pagevec.h
`-- mm/filemap.c
`-- mm/mlock.c
`-- mm/page-writeback.c
`-- mm/shmem.c
`-- mm/swap.c
`-- mm/truncate.c
24 source file(s) touched in the new version
`-- drivers/gpu/drm/i915/i915_gem_gtt.c
`-- fs/afs/write.c
`-- fs/btrfs/extent_io.c
`-- fs/buffer.c
`-- fs/cachefiles/rdwr.c
`-- fs/ceph/addr.c
`-- fs/dax.c
`-- fs/ext4/inode.c
`-- fs/f2fs/checkpoint.c
`-- fs/f2fs/data.c
`-- fs/f2fs/node.c
`-- fs/fscache/page.c
`-- fs/gfs2/aops.c
`-- fs/hugetlbfs/inode.c
`-- fs/nilfs2/btree.c
`-- fs/nilfs2/page.c
`-- fs/nilfs2/segment.c
`-- include/linux/pagevec.h
`-- mm/filemap.c
`-- mm/mlock.c
`-- mm/page-writeback.c
`-- mm/shmem.c
`-- mm/swap.c
`-- mm/truncate.c
[33mcompile base commit... [0m[33mok (7s)
[0m[33mapply [0m[33m8667982014d6... [0m[33mok (7s)
[0m[33mcompile target commit... [0m[33mok (9s)
[0mPREPARE:
[33m1s
[0mANALYZE:
COCCIGEN:
