BUILD:
[33mbase commit: 8a5c743e308d^1
[0m[33mtarget commit: 8a5c743e308d
[0m[33mchecking out base commit... [0m[33mok (3s)
[0m[33mformatting diff... [0m[33mok (3s)
[0m8 source file(s) touched in the old version
`-- fs/btrfs/extent_io.c
`-- fs/cifs/file.c
`-- fs/ext4/readpage.c
`-- fs/f2fs/data.c
`-- fs/mpage.c
`-- fs/orangefs/inode.c
`-- include/linux/pagemap.h
`-- mm/readahead.c
8 source file(s) touched in the new version
`-- fs/btrfs/extent_io.c
`-- fs/cifs/file.c
`-- fs/ext4/readpage.c
`-- fs/f2fs/data.c
`-- fs/mpage.c
`-- fs/orangefs/inode.c
`-- include/linux/pagemap.h
`-- mm/readahead.c
[33mcompile base commit... [0m[33mok (24s)
[0m[33mapply [0m[33m8a5c743e308d... [0m[33mok (24s)
[0m[33mcompile target commit... [0m[33mok (41s)
[0mPREPARE:
[33mcollect AST for functions: ext4_mpage_readpages@fs_ext4_readpage.c,read_cache_pages@mm_readahead.c,__do_page_cache_readahead@mm_readahead.c,extent_readpages@fs_btrfs_extent_io.c,readpages_get_pages@fs_cifs_file.c,mpage_alloc@fs_mpage.c,read_pages@mm_readahead.c,mpage_readpages@fs_mpage.c,f2fs_mpage_readpages@fs_f2fs_data.c,orangefs_readpages@fs_orangefs_inode.c
[0m[33mTransforming and linking bitcode files...
[0m[33m4s
[0mANALYZE:
COCCIGEN:
//# pattern-5, witnesses: 4
@@
@@
- mapping_gfp_constraint(mapping, GFP_KERNEL)
+ readahead_gfp_mask(mapping)
//# pattern-4, witnesses: 2
@@
@@
- GFP_KERNEL
+ readahead_gfp_mask(mapping)
