BUILD:
[33mbase commit: 8c0a85377048^1
[0m[33mtarget commit: 8c0a85377048
[0m[33mchecking out base commit... [0m[33mok (3s)
[0m[33mformatting diff... [0m[33mok (3s)
[0m47 source file(s) touched in the old version
`-- fs/9p/v9fs.c
`-- fs/adfs/super.c
`-- fs/affs/super.c
`-- fs/afs/super.c
`-- fs/befs/linuxvfs.c
`-- fs/bfs/inode.c
`-- fs/btrfs/extent_io.c
`-- fs/btrfs/inode.c
`-- fs/ceph/super.c
`-- fs/cifs/cifsfs.c
`-- fs/coda/inode.c
`-- fs/ecryptfs/main.c
`-- fs/efs/super.c
`-- fs/exofs/super.c
`-- fs/ext2/super.c
`-- fs/ext3/super.c
`-- fs/ext4/super.c
`-- fs/fat/inode.c
`-- fs/freevxfs/vxfs_super.c
`-- fs/fuse/inode.c
`-- fs/hfs/super.c
`-- fs/hfsplus/super.c
`-- fs/hpfs/super.c
`-- fs/hugetlbfs/inode.c
`-- fs/isofs/inode.c
`-- fs/jffs2/super.c
`-- fs/jfs/super.c
`-- fs/logfs/inode.c
`-- fs/minix/inode.c
`-- fs/ncpfs/inode.c
`-- fs/nfs/inode.c
`-- fs/nilfs2/super.c
`-- fs/ntfs/super.c
`-- fs/ocfs2/dlmfs/dlmfs.c
`-- fs/ocfs2/super.c
`-- fs/openpromfs/inode.c
`-- fs/qnx4/inode.c
`-- fs/qnx6/inode.c
`-- fs/reiserfs/super.c
`-- fs/romfs/super.c
`-- fs/squashfs/super.c
`-- fs/super.c
`-- fs/sysv/inode.c
`-- fs/ubifs/super.c
`-- fs/udf/super.c
`-- fs/ufs/super.c
`-- fs/xfs/xfs_super.c
47 source file(s) touched in the new version
`-- fs/9p/v9fs.c
`-- fs/adfs/super.c
`-- fs/affs/super.c
`-- fs/afs/super.c
`-- fs/befs/linuxvfs.c
`-- fs/bfs/inode.c
`-- fs/btrfs/extent_io.c
`-- fs/btrfs/inode.c
`-- fs/ceph/super.c
`-- fs/cifs/cifsfs.c
`-- fs/coda/inode.c
`-- fs/ecryptfs/main.c
`-- fs/efs/super.c
`-- fs/exofs/super.c
`-- fs/ext2/super.c
`-- fs/ext3/super.c
`-- fs/ext4/super.c
`-- fs/fat/inode.c
`-- fs/freevxfs/vxfs_super.c
`-- fs/fuse/inode.c
`-- fs/hfs/super.c
`-- fs/hfsplus/super.c
`-- fs/hpfs/super.c
`-- fs/hugetlbfs/inode.c
`-- fs/isofs/inode.c
`-- fs/jffs2/super.c
`-- fs/jfs/super.c
`-- fs/logfs/inode.c
`-- fs/minix/inode.c
`-- fs/ncpfs/inode.c
`-- fs/nfs/inode.c
`-- fs/nilfs2/super.c
`-- fs/ntfs/super.c
`-- fs/ocfs2/dlmfs/dlmfs.c
`-- fs/ocfs2/super.c
`-- fs/openpromfs/inode.c
`-- fs/qnx4/inode.c
`-- fs/qnx6/inode.c
`-- fs/reiserfs/super.c
`-- fs/romfs/super.c
`-- fs/squashfs/super.c
`-- fs/super.c
`-- fs/sysv/inode.c
`-- fs/ubifs/super.c
`-- fs/udf/super.c
`-- fs/ufs/super.c
`-- fs/xfs/xfs_super.c
[33mcompile base commit... [0m[33mok (8s)
[0m[33mapply [0m[33m8c0a85377048... [0m[33mok (8s)
[0m[33mcompile target commit... [0m[33mok (11s)
[0mPREPARE:
[33m0s
[0mANALYZE:
COCCIGEN:
