BUILD:
[33mbase commit: 8c2a3ca20f62^1
[0m[33mtarget commit: 8c2a3ca20f62
[0m[33mchecking out base commit... [0m[33mok (3s)
[0m[33mformatting diff... [0m[33mok (3s)
[0m5 source file(s) touched in the old version
`-- fs/btrfs/delayed-inode.c
`-- fs/btrfs/extent-tree.c
`-- fs/btrfs/inode-map.c
`-- fs/btrfs/transaction.c
`-- include/trace/events/btrfs.h
5 source file(s) touched in the new version
`-- fs/btrfs/delayed-inode.c
`-- fs/btrfs/extent-tree.c
`-- fs/btrfs/inode-map.c
`-- fs/btrfs/transaction.c
`-- include/trace/events/btrfs.h
[33mcompile base commit... [0m[33mok (7s)
[0m[33mapply [0m[33m8c2a3ca20f62... [0m[33mok (7s)
[0m[33mcompile target commit... [0m[33mok (9s)
[0mPREPARE:
[33m0s
[0mANALYZE:
COCCIGEN:
