BUILD:
[33mbase commit: 8c6ffba0eddc^1
[0m[33mtarget commit: 8c6ffba0eddc
[0m[33mchecking out base commit... [0m[33mok (1s)
[0m[33mformatting diff... [0m[33mok (1s)
[0m42 source file(s) touched in the old version
`-- arch/arm/mach-omap2/i2c.c
`-- arch/m68k/amiga/platform.c
`-- arch/m68k/kernel/time.c
`-- arch/m68k/q40/config.c
`-- arch/powerpc/kernel/iommu.c
`-- arch/powerpc/kernel/time.c
`-- arch/powerpc/platforms/ps3/time.c
`-- arch/powerpc/sysdev/rtc_cmos_setup.c
`-- arch/s390/hypfs/hypfs_dbfs.c
`-- drivers/char/tile-srom.c
`-- drivers/infiniband/core/cma.c
`-- drivers/net/appletalk/cops.c
`-- drivers/net/appletalk/ltpc.c
`-- drivers/net/ethernet/amd/atarilance.c
`-- drivers/net/ethernet/amd/mvme147.c
`-- drivers/net/ethernet/amd/ni65.c
`-- drivers/net/ethernet/amd/sun3lance.c
`-- drivers/net/wireless/brcm80211/brcmfmac/dhd_dbg.c
`-- drivers/net/wireless/brcm80211/brcmsmac/debug.c
`-- drivers/platform/x86/samsung-q10.c
`-- drivers/regulator/fan53555.c
`-- drivers/spi/spi-fsl-spi.c
`-- drivers/spi/spidev.c
`-- drivers/video/omap2/dss/core.c
`-- fs/btrfs/dev-replace.c
`-- fs/btrfs/inode.c
`-- net/bluetooth/hci_sysfs.c
`-- net/bridge/netfilter/ebtable_broute.c
`-- net/bridge/netfilter/ebtable_filter.c
`-- net/bridge/netfilter/ebtable_nat.c
`-- net/ipv4/netfilter/arptable_filter.c
`-- net/ipv4/netfilter/iptable_filter.c
`-- net/ipv4/netfilter/iptable_mangle.c
`-- net/ipv4/netfilter/iptable_nat.c
`-- net/ipv4/netfilter/iptable_raw.c
`-- net/ipv4/netfilter/iptable_security.c
`-- net/ipv6/netfilter/ip6table_filter.c
`-- net/ipv6/netfilter/ip6table_mangle.c
`-- net/ipv6/netfilter/ip6table_nat.c
`-- net/ipv6/netfilter/ip6table_raw.c
`-- net/ipv6/netfilter/ip6table_security.c
`-- sound/soc/soc-io.c
42 source file(s) touched in the new version
`-- arch/arm/mach-omap2/i2c.c
`-- arch/m68k/amiga/platform.c
`-- arch/m68k/kernel/time.c
`-- arch/m68k/q40/config.c
`-- arch/powerpc/kernel/iommu.c
`-- arch/powerpc/kernel/time.c
`-- arch/powerpc/platforms/ps3/time.c
`-- arch/powerpc/sysdev/rtc_cmos_setup.c
`-- arch/s390/hypfs/hypfs_dbfs.c
`-- drivers/char/tile-srom.c
`-- drivers/infiniband/core/cma.c
`-- drivers/net/appletalk/cops.c
`-- drivers/net/appletalk/ltpc.c
`-- drivers/net/ethernet/amd/atarilance.c
`-- drivers/net/ethernet/amd/mvme147.c
`-- drivers/net/ethernet/amd/ni65.c
`-- drivers/net/ethernet/amd/sun3lance.c
`-- drivers/net/wireless/brcm80211/brcmfmac/dhd_dbg.c
`-- drivers/net/wireless/brcm80211/brcmsmac/debug.c
`-- drivers/platform/x86/samsung-q10.c
`-- drivers/regulator/fan53555.c
`-- drivers/spi/spi-fsl-spi.c
`-- drivers/spi/spidev.c
`-- drivers/video/omap2/dss/core.c
`-- fs/btrfs/dev-replace.c
`-- fs/btrfs/inode.c
`-- net/bluetooth/hci_sysfs.c
`-- net/bridge/netfilter/ebtable_broute.c
`-- net/bridge/netfilter/ebtable_filter.c
`-- net/bridge/netfilter/ebtable_nat.c
`-- net/ipv4/netfilter/arptable_filter.c
`-- net/ipv4/netfilter/iptable_filter.c
`-- net/ipv4/netfilter/iptable_mangle.c
`-- net/ipv4/netfilter/iptable_nat.c
`-- net/ipv4/netfilter/iptable_raw.c
`-- net/ipv4/netfilter/iptable_security.c
`-- net/ipv6/netfilter/ip6table_filter.c
`-- net/ipv6/netfilter/ip6table_mangle.c
`-- net/ipv6/netfilter/ip6table_nat.c
`-- net/ipv6/netfilter/ip6table_raw.c
`-- net/ipv6/netfilter/ip6table_security.c
`-- sound/soc/soc-io.c
[33mcompile base commit... [0m[33mok (7s)
[0m[33mapply [0m[33m8c6ffba0eddc... [0m[33mok (7s)
[0m[33mcompile target commit... [0m[33mok (9s)
[0mPREPARE:
[33m0s
[0mANALYZE:
COCCIGEN:
