BUILD:
[33mbase commit: 8d71db4f0890^1
[0m[33mtarget commit: 8d71db4f0890
[0m[33mchecking out base commit... [0m[33mok (1s)
[0m[33mformatting diff... [0m[33mok (1s)
[0m11 source file(s) touched in the old version
`-- fs/aio.c
`-- fs/btrfs/file.c
`-- fs/cifs/file.c
`-- fs/compat.c
`-- fs/fuse/file.c
`-- fs/ntfs/file.c
`-- fs/ocfs2/file.c
`-- fs/read_write.c
`-- fs/xfs/xfs_file.c
`-- include/linux/fs.h
`-- mm/filemap.c
11 source file(s) touched in the new version
`-- fs/aio.c
`-- fs/btrfs/file.c
`-- fs/cifs/file.c
`-- fs/compat.c
`-- fs/fuse/file.c
`-- fs/ntfs/file.c
`-- fs/ocfs2/file.c
`-- fs/read_write.c
`-- fs/xfs/xfs_file.c
`-- include/linux/fs.h
`-- mm/filemap.c
[33mcompile base commit... [0m[33mok (6s)
[0m[33mapply [0m[33m8d71db4f0890... [0m[33mok (6s)
[0m[33mcompile target commit... [0m[33mok (9s)
[0mPREPARE:
[33m0s
[0mANALYZE:
COCCIGEN:
