BUILD:
[33mbase commit: 8da4b8c48e7b^1
[0m[33mtarget commit: 8da4b8c48e7b
[0m[33mchecking out base commit... [0m[33mok (1s)
[0m[33mformatting diff... [0m[33mok (1s)
[0m9 source file(s) touched in the old version
`-- drivers/char/random.c
`-- fs/btrfs/volumes.c
`-- fs/ext4/ioctl.c
`-- fs/f2fs/file.c
`-- fs/reiserfs/objectid.c
`-- fs/ubifs/sb.c
`-- include/linux/random.h
`-- include/linux/uuid.h
`-- lib/uuid.c
9 source file(s) touched in the new version
`-- drivers/char/random.c
`-- fs/btrfs/volumes.c
`-- fs/ext4/ioctl.c
`-- fs/f2fs/file.c
`-- fs/reiserfs/objectid.c
`-- fs/ubifs/sb.c
`-- include/linux/random.h
`-- include/linux/uuid.h
`-- lib/uuid.c
[33mcompile base commit... [0m[33mok (15s)
[0m[33mapply [0m[33m8da4b8c48e7b... [0m[33mok (15s)
[0m[33mcompile target commit... [0m[33mok (22s)
[0mPREPARE:
[33m0s
[0mANALYZE:
COCCIGEN:
Unable to infer inclusion changes on more than 1 file
added  : set(['linux/uuid.h'])
deleted: set(['linux/random.h'])
