BUILD:
[33mbase commit: 8dcddfa048de^1
[0m[33mtarget commit: 8dcddfa048de
[0m[33mchecking out base commit... [0m[33mok (1s)
[0m[33mformatting diff... [0m[33mok (1s)
[0m3 source file(s) touched in the old version
`-- fs/btrfs/ctree.h
`-- fs/btrfs/disk-io.c
`-- fs/btrfs/super.c
3 source file(s) touched in the new version
`-- fs/btrfs/ctree.h
`-- fs/btrfs/disk-io.c
`-- fs/btrfs/super.c
[33mcompile base commit... [0m[33mok (18s)
[0m[33mapply [0m[33m8dcddfa048de... [0m[33mok (18s)
[0m[33mcompile target commit... [0m[33mok (30s)
[0mPREPARE:
[33mcollect AST for functions: btrfs_parse_options@fs_btrfs_super.c,open_ctree@fs_btrfs_disk-io.c,tokens@fs_btrfs_super.c,btrfs_show_options@fs_btrfs_super.c
[0m[33mTransforming and linking bitcode files...
[0m[33m3s
[0mANALYZE:
COCCIGEN:
