BUILD:
[33mbase commit: 8faaaead62c3^1
[0m[33mtarget commit: 8faaaead62c3
[0m[33mchecking out base commit... [0m[33mok (1s)
[0m[33mformatting diff... [0m[33mok (1s)
[0m11 source file(s) touched in the old version
`-- arch/powerpc/platforms/powernv/opal-flash.c
`-- drivers/i2c/busses/i2c-stu300.c
`-- drivers/misc/fsa9480.c
`-- drivers/misc/mei/nfc.c
`-- drivers/net/wan/lmc/lmc_main.c
`-- drivers/scsi/qla2xxx/qla_nx2.c
`-- drivers/scsi/qla4xxx/ql4_83xx.c
`-- drivers/tty/serial/crisv10.c
`-- drivers/usb/serial/kobil_sct.c
`-- fs/btrfs/tests/free-space-tests.c
`-- net/nfc/hci/llc_shdlc.c
11 source file(s) touched in the new version
`-- arch/powerpc/platforms/powernv/opal-flash.c
`-- drivers/i2c/busses/i2c-stu300.c
`-- drivers/misc/fsa9480.c
`-- drivers/misc/mei/nfc.c
`-- drivers/net/wan/lmc/lmc_main.c
`-- drivers/scsi/qla2xxx/qla_nx2.c
`-- drivers/scsi/qla4xxx/ql4_83xx.c
`-- drivers/tty/serial/crisv10.c
`-- drivers/usb/serial/kobil_sct.c
`-- fs/btrfs/tests/free-space-tests.c
`-- net/nfc/hci/llc_shdlc.c
[33mcompile base commit... [0m[33mok (6s)
[0m[33mapply [0m[33m8faaaead62c3... [0m[33mok (6s)
[0m[33mcompile target commit... [0m[33mok (8s)
[0mPREPARE:
[33m1s
[0mANALYZE:
COCCIGEN:
