BUILD:
[33mbase commit: 908c7f1949cb^1
[0m[33mtarget commit: 908c7f1949cb
[0m[33mchecking out base commit... [0m[33mok (1s)
[0m[33mformatting diff... [0m[33mok (1s)
[0m23 source file(s) touched in the old version
`-- arch/x86/kvm/mmu.c
`-- fs/btrfs/disk-io.c
`-- fs/btrfs/extent-tree.c
`-- fs/ext2/super.c
`-- fs/ext3/super.c
`-- fs/ext4/super.c
`-- fs/file_table.c
`-- fs/quota/dquot.c
`-- fs/super.c
`-- include/linux/percpu_counter.h
`-- include/net/dst_ops.h
`-- include/net/inet_frag.h
`-- lib/flex_proportions.c
`-- lib/percpu_counter.c
`-- lib/proportions.c
`-- mm/backing-dev.c
`-- mm/mmap.c
`-- mm/nommu.c
`-- mm/shmem.c
`-- net/dccp/proto.c
`-- net/ipv4/tcp.c
`-- net/ipv4/tcp_memcontrol.c
`-- net/sctp/protocol.c
23 source file(s) touched in the new version
`-- arch/x86/kvm/mmu.c
`-- fs/btrfs/disk-io.c
`-- fs/btrfs/extent-tree.c
`-- fs/ext2/super.c
`-- fs/ext3/super.c
`-- fs/ext4/super.c
`-- fs/file_table.c
`-- fs/quota/dquot.c
`-- fs/super.c
`-- include/linux/percpu_counter.h
`-- include/net/dst_ops.h
`-- include/net/inet_frag.h
`-- lib/flex_proportions.c
`-- lib/percpu_counter.c
`-- lib/proportions.c
`-- mm/backing-dev.c
`-- mm/mmap.c
`-- mm/nommu.c
`-- mm/shmem.c
`-- net/dccp/proto.c
`-- net/ipv4/tcp.c
`-- net/ipv4/tcp_memcontrol.c
`-- net/sctp/protocol.c
[33mcompile base commit... [0m[33mok (10s)
[0m[33mapply [0m[33m908c7f1949cb... [0m[33mok (10s)
[0m[33mcompile target commit... [0m[33mok (13s)
[0mPREPARE:
[33m0s
[0mANALYZE:
COCCIGEN:
