BUILD:
[33mbase commit: 91b0abe36a7b^1
[0m[33mtarget commit: 91b0abe36a7b
[0m[33mchecking out base commit... [0m[33mok (1s)
[0m[33mformatting diff... [0m[33mok (1s)
[0m49 source file(s) touched in the old version
`-- drivers/staging/lustre/lustre/llite/llite_lib.c
`-- fs/9p/vfs_inode.c
`-- fs/affs/inode.c
`-- fs/afs/inode.c
`-- fs/bfs/inode.c
`-- fs/block_dev.c
`-- fs/btrfs/inode.c
`-- fs/cifs/cifsfs.c
`-- fs/coda/inode.c
`-- fs/ecryptfs/super.c
`-- fs/exofs/inode.c
`-- fs/ext2/inode.c
`-- fs/ext3/inode.c
`-- fs/ext4/inode.c
`-- fs/f2fs/inode.c
`-- fs/fat/inode.c
`-- fs/freevxfs/vxfs_inode.c
`-- fs/fuse/inode.c
`-- fs/gfs2/super.c
`-- fs/hfs/inode.c
`-- fs/hfsplus/super.c
`-- fs/hostfs/hostfs_kern.c
`-- fs/hpfs/inode.c
`-- fs/inode.c
`-- fs/jffs2/fs.c
`-- fs/jfs/inode.c
`-- fs/kernfs/inode.c
`-- fs/logfs/readwrite.c
`-- fs/minix/inode.c
`-- fs/ncpfs/inode.c
`-- fs/nfs/inode.c
`-- fs/nfs/nfs4super.c
`-- fs/nilfs2/inode.c
`-- fs/ntfs/inode.c
`-- fs/ocfs2/inode.c
`-- fs/omfs/inode.c
`-- fs/proc/inode.c
`-- fs/reiserfs/inode.c
`-- fs/sysv/inode.c
`-- fs/ubifs/super.c
`-- fs/udf/inode.c
`-- fs/ufs/inode.c
`-- fs/xfs/xfs_super.c
`-- include/linux/fs.h
`-- include/linux/mm.h
`-- include/linux/pagemap.h
`-- mm/filemap.c
`-- mm/truncate.c
`-- mm/vmscan.c
49 source file(s) touched in the new version
`-- drivers/staging/lustre/lustre/llite/llite_lib.c
`-- fs/9p/vfs_inode.c
`-- fs/affs/inode.c
`-- fs/afs/inode.c
`-- fs/bfs/inode.c
`-- fs/block_dev.c
`-- fs/btrfs/inode.c
`-- fs/cifs/cifsfs.c
`-- fs/coda/inode.c
`-- fs/ecryptfs/super.c
`-- fs/exofs/inode.c
`-- fs/ext2/inode.c
`-- fs/ext3/inode.c
`-- fs/ext4/inode.c
`-- fs/f2fs/inode.c
`-- fs/fat/inode.c
`-- fs/freevxfs/vxfs_inode.c
`-- fs/fuse/inode.c
`-- fs/gfs2/super.c
`-- fs/hfs/inode.c
`-- fs/hfsplus/super.c
`-- fs/hostfs/hostfs_kern.c
`-- fs/hpfs/inode.c
`-- fs/inode.c
`-- fs/jffs2/fs.c
`-- fs/jfs/inode.c
`-- fs/kernfs/inode.c
`-- fs/logfs/readwrite.c
`-- fs/minix/inode.c
`-- fs/ncpfs/inode.c
`-- fs/nfs/inode.c
`-- fs/nfs/nfs4super.c
`-- fs/nilfs2/inode.c
`-- fs/ntfs/inode.c
`-- fs/ocfs2/inode.c
`-- fs/omfs/inode.c
`-- fs/proc/inode.c
`-- fs/reiserfs/inode.c
`-- fs/sysv/inode.c
`-- fs/ubifs/super.c
`-- fs/udf/inode.c
`-- fs/ufs/inode.c
`-- fs/xfs/xfs_super.c
`-- include/linux/fs.h
`-- include/linux/mm.h
`-- include/linux/pagemap.h
`-- mm/filemap.c
`-- mm/truncate.c
`-- mm/vmscan.c
[33mcompile base commit... [0m[33mok (6s)
[0m[33mapply [0m[33m91b0abe36a7b... [0m[33mok (6s)
[0m[33mcompile target commit... [0m[33mok (9s)
[0mPREPARE:
[33m0s
[0mANALYZE:
COCCIGEN:
