BUILD:
[33mbase commit: 9249e17fe094^1
[0m[33mtarget commit: 9249e17fe094
[0m[33mchecking out base commit... [0m[33mok (1s)
[0m[33mformatting diff... [0m[33mok (1s)
[0m20 source file(s) touched in the old version
`-- drivers/mtd/mtdsuper.c
`-- fs/9p/vfs_super.c
`-- fs/afs/super.c
`-- fs/btrfs/super.c
`-- fs/ceph/super.c
`-- fs/cifs/cifsfs.c
`-- fs/devpts/inode.c
`-- fs/ecryptfs/main.c
`-- fs/gfs2/ops_fstype.c
`-- fs/libfs.c
`-- fs/logfs/super.c
`-- fs/nfs/super.c
`-- fs/nilfs2/super.c
`-- fs/proc/root.c
`-- fs/reiserfs/procfs.c
`-- fs/super.c
`-- fs/sysfs/mount.c
`-- fs/ubifs/super.c
`-- include/linux/fs.h
`-- kernel/cgroup.c
20 source file(s) touched in the new version
`-- drivers/mtd/mtdsuper.c
`-- fs/9p/vfs_super.c
`-- fs/afs/super.c
`-- fs/btrfs/super.c
`-- fs/ceph/super.c
`-- fs/cifs/cifsfs.c
`-- fs/devpts/inode.c
`-- fs/ecryptfs/main.c
`-- fs/gfs2/ops_fstype.c
`-- fs/libfs.c
`-- fs/logfs/super.c
`-- fs/nfs/super.c
`-- fs/nilfs2/super.c
`-- fs/proc/root.c
`-- fs/reiserfs/procfs.c
`-- fs/super.c
`-- fs/sysfs/mount.c
`-- fs/ubifs/super.c
`-- include/linux/fs.h
`-- kernel/cgroup.c
[33mcompile base commit... [0m[33mok (5s)
[0m[33mapply [0m[33m9249e17fe094... [0m[33mok (5s)
[0m[33mcompile target commit... [0m[33mok (7s)
[0mPREPARE:
[33m0s
[0mANALYZE:
COCCIGEN:
