BUILD:
[33mbase commit: 92a1bf76a89a^1
[0m[33mtarget commit: 92a1bf76a89a
[0m[33mchecking out base commit... [0m[33mok (3s)
[0m[33mformatting diff... [0m[33mok (3s)
[0m2 source file(s) touched in the old version
`-- fs/btrfs/inode.c
`-- include/trace/events/btrfs.h
2 source file(s) touched in the new version
`-- fs/btrfs/inode.c
`-- include/trace/events/btrfs.h
[33mcompile base commit... [0m[33mok (26s)
[0m[33mapply [0m[33m92a1bf76a89a... [0m[33mok (27s)
[0m[33mcompile target commit... [0m[33mok (40s)
[0mPREPARE:
[33mcollect AST for functions: btrfs_get_extent@fs_btrfs_inode.c
[0m[33mTransforming and linking bitcode files...
[0m[33m3s
[0mANALYZE:
COCCIGEN:
