BUILD:
[33mbase commit: 94e07a7590ae^1
[0m[33mtarget commit: 94e07a7590ae
[0m[33mchecking out base commit... [0m[33mok (2s)
[0m[33mformatting diff... [0m[33mok (3s)
[0m12 source file(s) touched in the old version
`-- fs/btrfs/export.c
`-- fs/ceph/export.c
`-- fs/fuse/inode.c
`-- fs/gfs2/export.c
`-- fs/isofs/export.c
`-- fs/nilfs2/namei.c
`-- fs/ocfs2/export.c
`-- fs/reiserfs/inode.c
`-- fs/udf/namei.c
`-- fs/xfs/xfs_export.c
`-- mm/cleancache.c
`-- mm/shmem.c
12 source file(s) touched in the new version
`-- fs/btrfs/export.c
`-- fs/ceph/export.c
`-- fs/fuse/inode.c
`-- fs/gfs2/export.c
`-- fs/isofs/export.c
`-- fs/nilfs2/namei.c
`-- fs/ocfs2/export.c
`-- fs/reiserfs/inode.c
`-- fs/udf/namei.c
`-- fs/xfs/xfs_export.c
`-- mm/cleancache.c
`-- mm/shmem.c
[33mcompile base commit... [0m[33mok (7s)
[0m[33mapply [0m[33m94e07a7590ae... [0m[33mok (7s)
[0m[33mcompile target commit... [0m[33mok (10s)
[0mPREPARE:
[33m0s
[0mANALYZE:
COCCIGEN:
