BUILD:
[33mbase commit: 965c8e59cfcf^1
[0m[33mtarget commit: 965c8e59cfcf
[0m[33mchecking out base commit... [0m[33mok (1s)
[0m[33mformatting diff... [0m[33mok (1s)
[0m26 source file(s) touched in the old version
`-- fs/bad_inode.c
`-- fs/block_dev.c
`-- fs/btrfs/file.c
`-- fs/ceph/dir.c
`-- fs/ceph/file.c
`-- fs/cifs/cifsfs.c
`-- fs/configfs/dir.c
`-- fs/ext3/dir.c
`-- fs/ext4/dir.c
`-- fs/ext4/file.c
`-- fs/fuse/file.c
`-- fs/gfs2/file.c
`-- fs/libfs.c
`-- fs/nfs/dir.c
`-- fs/nfs/file.c
`-- fs/ocfs2/extent_map.c
`-- fs/ocfs2/file.c
`-- fs/pstore/inode.c
`-- fs/read_write.c
`-- fs/seq_file.c
`-- fs/ubifs/dir.c
`-- include/linux/fs.h
`-- include/linux/ftrace.h
`-- include/linux/syscalls.h
`-- kernel/trace/ftrace.c
`-- mm/shmem.c
26 source file(s) touched in the new version
`-- fs/bad_inode.c
`-- fs/block_dev.c
`-- fs/btrfs/file.c
`-- fs/ceph/dir.c
`-- fs/ceph/file.c
`-- fs/cifs/cifsfs.c
`-- fs/configfs/dir.c
`-- fs/ext3/dir.c
`-- fs/ext4/dir.c
`-- fs/ext4/file.c
`-- fs/fuse/file.c
`-- fs/gfs2/file.c
`-- fs/libfs.c
`-- fs/nfs/dir.c
`-- fs/nfs/file.c
`-- fs/ocfs2/extent_map.c
`-- fs/ocfs2/file.c
`-- fs/pstore/inode.c
`-- fs/read_write.c
`-- fs/seq_file.c
`-- fs/ubifs/dir.c
`-- include/linux/fs.h
`-- include/linux/ftrace.h
`-- include/linux/syscalls.h
`-- kernel/trace/ftrace.c
`-- mm/shmem.c
[33mcompile base commit... [0m[33mok (6s)
[0m[33mapply [0m[33m965c8e59cfcf... [0m[33mok (6s)
[0m[33mcompile target commit... [0m[33mok (9s)
[0mPREPARE:
[33m0s
[0mANALYZE:
COCCIGEN:
