BUILD:
[33mbase commit: 97d79299223b^1
[0m[33mtarget commit: 97d79299223b
[0m[33mchecking out base commit... [0m[33mok (1s)
[0m[33mformatting diff... [0m[33mok (1s)
[0m15 source file(s) touched in the old version
`-- drivers/staging/lustre/lustre/llite/xattr.c
`-- fs/9p/acl.c
`-- fs/btrfs/acl.c
`-- fs/btrfs/inode.c
`-- fs/ceph/acl.c
`-- fs/cifs/xattr.c
`-- fs/gfs2/acl.c
`-- fs/gfs2/acl.h
`-- fs/hfsplus/posix_acl.c
`-- fs/jfs/acl.c
`-- fs/nfs/nfs3acl.c
`-- fs/posix_acl.c
`-- fs/reiserfs/xattr_acl.c
`-- fs/xfs/xfs_xattr.c
`-- include/linux/posix_acl_xattr.h
15 source file(s) touched in the new version
`-- drivers/staging/lustre/lustre/llite/xattr.c
`-- fs/9p/acl.c
`-- fs/btrfs/acl.c
`-- fs/btrfs/inode.c
`-- fs/ceph/acl.c
`-- fs/cifs/xattr.c
`-- fs/gfs2/acl.c
`-- fs/gfs2/acl.h
`-- fs/hfsplus/posix_acl.c
`-- fs/jfs/acl.c
`-- fs/nfs/nfs3acl.c
`-- fs/posix_acl.c
`-- fs/reiserfs/xattr_acl.c
`-- fs/xfs/xfs_xattr.c
`-- include/linux/posix_acl_xattr.h
[33mcompile base commit... [0m[33mok (46s)
[0m[33mapply [0m[33m97d79299223b... [0m[33mok (46s)
[0m[33mcompile target commit... [0m[33mok (69s)
[0mPREPARE:
[33mcollect AST for functions: __jfs_set_acl@fs_jfs_acl.c,nfs3_listxattr@fs_nfs_nfs3acl.c,ceph_get_acl@fs_ceph_acl.c,posix_acl_default_xattr_handler@fs_posix_acl.c,ceph_set_acl@fs_ceph_acl.c,btrfs_get_acl@fs_btrfs_acl.c,acls_after_inode_item@fs_btrfs_inode.c,v9fs_get_acl@fs_9p_acl.c,xfs_vn_listxattr@fs_xfs_xfs_xattr.c,gfs2_acl_name@fs_gfs2_acl.c,ceph_pre_init_acls@fs_ceph_acl.c,hfsplus_set_posix_acl@fs_hfsplus_posix_acl.c,get_xattr_type@drivers_staging_lustre_lustre_llite_xattr.c,cifs_setxattr@fs_cifs_xattr.c,__btrfs_set_acl@fs_btrfs_acl.c,v9fs_set_acl@fs_9p_acl.c,jfs_get_acl@fs_jfs_acl.c,v9fs_xattr_acl_default_handler@fs_9p_acl.c,__reiserfs_set_acl@fs_reiserfs_xattr_acl.c,reiserfs_get_acl@fs_reiserfs_xattr_acl.c,hfsplus_get_posix_acl@fs_hfsplus_posix_acl.c,cifs_getxattr@fs_cifs_xattr.c,v9fs_xattr_acl_access_handler@fs_9p_acl.c,posix_acl_access_xattr_handler@fs_posix_acl.c
[0m[33mTransforming and linking bitcode files...
[0m[33m8s
[0mANALYZE:
COCCIGEN:
//# pattern-2, witnesses: 24
@@
@@
- POSIX_ACL_XATTR_DEFAULT
+ XATTR_NAME_POSIX_ACL_DEFAULT
//# pattern-3, witnesses: 24
@@
@@
- POSIX_ACL_XATTR_ACCESS
+ XATTR_NAME_POSIX_ACL_ACCESS
//# pattern-1, witnesses: 4
@@
identifier s;
@@
 const struct xattr_handler s = {
 };
