BUILD:
[33mbase commit: 9902af79c01a^1
[0m[33mtarget commit: 9902af79c01a
[0m[33mchecking out base commit... [0m[33mok (2s)
[0m[33mformatting diff... [0m[33mok (2s)
[0m10 source file(s) touched in the old version
`-- fs/btrfs/ioctl.c
`-- fs/configfs/inode.c
`-- fs/dcache.c
`-- fs/gfs2/ops_fstype.c
`-- fs/inode.c
`-- fs/namei.c
`-- fs/ocfs2/inode.c
`-- fs/overlayfs/readdir.c
`-- fs/readdir.c
`-- include/linux/fs.h
10 source file(s) touched in the new version
`-- fs/btrfs/ioctl.c
`-- fs/configfs/inode.c
`-- fs/dcache.c
`-- fs/gfs2/ops_fstype.c
`-- fs/inode.c
`-- fs/namei.c
`-- fs/ocfs2/inode.c
`-- fs/overlayfs/readdir.c
`-- fs/readdir.c
`-- include/linux/fs.h
[33mcompile base commit... [0m[33mok (10s)
[0m[33mapply [0m[33m9902af79c01a... [0m[33mok (10s)
[0m[33mcompile target commit... [0m[33mok (14s)
[0mPREPARE:
[33m0s
[0mANALYZE:
COCCIGEN:
