BUILD:
[33mbase commit: 9a35b63728ce^1
[0m[33mtarget commit: 9a35b63728ce
[0m[33mchecking out base commit... [0m[33mok (1s)
[0m[33mformatting diff... [0m[33mok (1s)
[0m4 source file(s) touched in the old version
`-- fs/btrfs/async-thread.c
`-- fs/btrfs/async-thread.h
`-- fs/btrfs/btrfs_inode.h
`-- include/trace/events/btrfs.h
4 source file(s) touched in the new version
`-- fs/btrfs/async-thread.c
`-- fs/btrfs/async-thread.h
`-- fs/btrfs/btrfs_inode.h
`-- include/trace/events/btrfs.h
[33mcompile base commit... [0m[33mok (15s)
[0m[33mapply [0m[33m9a35b63728ce... [0m[33mok (15s)
[0m[33mcompile target commit... [0m[33mok (24s)
[0mPREPARE:
[33mcollect AST for functions: btrfs_workqueue_normal_congested@fs_btrfs_async-thread.c,btrfs_workqueue_owner@fs_btrfs_async-thread.c,btrfs_work_owner@fs_btrfs_async-thread.c
[0m[33mTransforming and linking bitcode files...
[0m[33m1s
[0mANALYZE:
COCCIGEN:
