BUILD:
[33mbase commit: 9c2c703929e4^1
[0m[33mtarget commit: 9c2c703929e4
[0m[33mchecking out base commit... [0m[33mok (0s)
[0m[33mformatting diff... [0m[33mok (0s)
[0m13 source file(s) touched in the old version
`-- fs/9p/acl.c
`-- fs/btrfs/acl.c
`-- fs/ext2/acl.c
`-- fs/ext3/acl.c
`-- fs/ext4/acl.c
`-- fs/generic_acl.c
`-- fs/gfs2/acl.c
`-- fs/jffs2/acl.c
`-- fs/jfs/acl.c
`-- fs/namei.c
`-- fs/ocfs2/acl.c
`-- fs/reiserfs/xattr.c
`-- fs/xfs/linux-2.6/xfs_acl.c
13 source file(s) touched in the new version
`-- fs/9p/acl.c
`-- fs/btrfs/acl.c
`-- fs/ext2/acl.c
`-- fs/ext3/acl.c
`-- fs/ext4/acl.c
`-- fs/generic_acl.c
`-- fs/gfs2/acl.c
`-- fs/jffs2/acl.c
`-- fs/jfs/acl.c
`-- fs/namei.c
`-- fs/ocfs2/acl.c
`-- fs/reiserfs/xattr.c
`-- fs/xfs/linux-2.6/xfs_acl.c
[33mcompile base commit... [0m[33mok (4s)
[0m[33mapply [0m[33m9c2c703929e4... [0m[33mok (4s)
[0m[33mcompile target commit... [0m[33mok (6s)
[0mPREPARE:
[33m0s
[0mANALYZE:
COCCIGEN:
