BUILD:
[33mbase commit: 9e8c2af96e0d^1
[0m[33mtarget commit: 9e8c2af96e0d
[0m[33mchecking out base commit... [0m[33mok (1s)
[0m[33mformatting diff... [0m[33mok (1s)
[0m3 source file(s) touched in the old version
`-- fs/btrfs/file.c
`-- fs/fuse/file.c
`-- mm/filemap.c
3 source file(s) touched in the new version
`-- fs/btrfs/file.c
`-- fs/fuse/file.c
`-- mm/filemap.c
[33mcompile base commit... [0m[33mok (6s)
[0m[33mapply [0m[33m9e8c2af96e0d... [0m[33mok (6s)
[0m[33mcompile target commit... [0m[33mok (8s)
[0mPREPARE:
[33m1s
[0mANALYZE:
COCCIGEN:
