BUILD:
[33mbase commit: a0acae0e886d^1
[0m[33mtarget commit: a0acae0e886d
[0m[33mchecking out base commit... [0m[33mok (1s)
[0m[33mformatting diff... [0m[33mok (1s)
[0m14 source file(s) touched in the old version
`-- drivers/net/irda/stir4200.c
`-- fs/btrfs/async-thread.c
`-- fs/btrfs/disk-io.c
`-- fs/ext4/super.c
`-- fs/gfs2/log.c
`-- fs/gfs2/quota.c
`-- fs/jbd/journal.c
`-- fs/jbd2/journal.c
`-- fs/jfs/jfs_logmgr.c
`-- fs/jfs/jfs_txnmgr.c
`-- fs/nilfs2/segment.c
`-- fs/xfs/xfs_buf.c
`-- include/linux/freezer.h
`-- kernel/freezer.c
14 source file(s) touched in the new version
`-- drivers/net/irda/stir4200.c
`-- fs/btrfs/async-thread.c
`-- fs/btrfs/disk-io.c
`-- fs/ext4/super.c
`-- fs/gfs2/log.c
`-- fs/gfs2/quota.c
`-- fs/jbd/journal.c
`-- fs/jbd2/journal.c
`-- fs/jfs/jfs_logmgr.c
`-- fs/jfs/jfs_txnmgr.c
`-- fs/nilfs2/segment.c
`-- fs/xfs/xfs_buf.c
`-- include/linux/freezer.h
`-- kernel/freezer.c
[33mcompile base commit... [0m[33mok (5s)
[0m[33mapply [0m[33ma0acae0e886d... [0m[33mok (5s)
[0m[33mcompile target commit... [0m[33mok (7s)
[0mPREPARE:
[33m0s
[0mANALYZE:
COCCIGEN:
