BUILD:
[33mbase commit: a27bb332c04c^1
[0m[33mtarget commit: a27bb332c04c
[0m[33mchecking out base commit... [0m[33mok (1s)
[0m[33mformatting diff... [0m[33mok (1s)
[0m58 source file(s) touched in the old version
`-- arch/s390/hypfs/inode.c
`-- block/scsi_ioctl.c
`-- drivers/char/mem.c
`-- drivers/infiniband/hw/ipath/ipath_file_ops.c
`-- drivers/infiniband/hw/qib/qib_file_ops.c
`-- drivers/scsi/sg.c
`-- drivers/staging/android/logger.c
`-- fs/9p/vfs_addr.c
`-- fs/afs/write.c
`-- fs/bio.c
`-- fs/block_dev.c
`-- fs/btrfs/file.c
`-- fs/btrfs/inode.c
`-- fs/ceph/file.c
`-- fs/compat.c
`-- fs/direct-io.c
`-- fs/ecryptfs/file.c
`-- fs/ext2/inode.c
`-- fs/ext3/inode.c
`-- fs/ext4/file.c
`-- fs/ext4/indirect.c
`-- fs/ext4/inode.c
`-- fs/ext4/page-io.c
`-- fs/f2fs/data.c
`-- fs/fat/inode.c
`-- fs/fuse/cuse.c
`-- fs/fuse/dev.c
`-- fs/fuse/file.c
`-- fs/gfs2/aops.c
`-- fs/gfs2/file.c
`-- fs/hfs/inode.c
`-- fs/hfsplus/inode.c
`-- fs/jfs/inode.c
`-- fs/nilfs2/inode.c
`-- fs/ntfs/file.c
`-- fs/ntfs/inode.c
`-- fs/ocfs2/aops.h
`-- fs/ocfs2/inode.h
`-- fs/pipe.c
`-- fs/read_write.c
`-- fs/reiserfs/inode.c
`-- fs/ubifs/file.c
`-- fs/udf/inode.c
`-- fs/xfs/xfs_aops.c
`-- fs/xfs/xfs_file.c
`-- include/linux/cgroup.h
`-- include/linux/pid_namespace.h
`-- include/linux/sched.h
`-- include/linux/writeback.h
`-- kernel/fork.c
`-- kernel/printk.c
`-- kernel/ptrace.c
`-- mm/page_io.c
`-- mm/shmem.c
`-- mm/swap.c
`-- security/keys/internal.h
`-- security/keys/keyctl.c
`-- sound/core/pcm_native.c
58 source file(s) touched in the new version
`-- arch/s390/hypfs/inode.c
`-- block/scsi_ioctl.c
`-- drivers/char/mem.c
`-- drivers/infiniband/hw/ipath/ipath_file_ops.c
`-- drivers/infiniband/hw/qib/qib_file_ops.c
`-- drivers/scsi/sg.c
`-- drivers/staging/android/logger.c
`-- fs/9p/vfs_addr.c
`-- fs/afs/write.c
`-- fs/bio.c
`-- fs/block_dev.c
`-- fs/btrfs/file.c
`-- fs/btrfs/inode.c
`-- fs/ceph/file.c
`-- fs/compat.c
`-- fs/direct-io.c
`-- fs/ecryptfs/file.c
`-- fs/ext2/inode.c
`-- fs/ext3/inode.c
`-- fs/ext4/file.c
`-- fs/ext4/indirect.c
`-- fs/ext4/inode.c
`-- fs/ext4/page-io.c
`-- fs/f2fs/data.c
`-- fs/fat/inode.c
`-- fs/fuse/cuse.c
`-- fs/fuse/dev.c
`-- fs/fuse/file.c
`-- fs/gfs2/aops.c
`-- fs/gfs2/file.c
`-- fs/hfs/inode.c
`-- fs/hfsplus/inode.c
`-- fs/jfs/inode.c
`-- fs/nilfs2/inode.c
`-- fs/ntfs/file.c
`-- fs/ntfs/inode.c
`-- fs/ocfs2/aops.h
`-- fs/ocfs2/inode.h
`-- fs/pipe.c
`-- fs/read_write.c
`-- fs/reiserfs/inode.c
`-- fs/ubifs/file.c
`-- fs/udf/inode.c
`-- fs/xfs/xfs_aops.c
`-- fs/xfs/xfs_file.c
`-- include/linux/cgroup.h
`-- include/linux/pid_namespace.h
`-- include/linux/sched.h
`-- include/linux/writeback.h
`-- kernel/fork.c
`-- kernel/printk.c
`-- kernel/ptrace.c
`-- mm/page_io.c
`-- mm/shmem.c
`-- mm/swap.c
`-- security/keys/internal.h
`-- security/keys/keyctl.c
`-- sound/core/pcm_native.c
[33mcompile base commit... [0m[33mok (6s)
[0m[33mapply [0m[33ma27bb332c04c... [0m[33mok (6s)
[0m[33mcompile target commit... [0m[33mok (9s)
[0mPREPARE:
[33m0s
[0mANALYZE:
COCCIGEN:
Unable to infer inclusion changes on more than 1 file
added  : set(['linux/aio.h', 'linux/uio.h'])
deleted: set(['linux/uio.h'])
