BUILD:
[33mbase commit: a6bc32b89922^1
[0m[33mtarget commit: a6bc32b89922
[0m[33mchecking out base commit... [0m[33mok (2s)
[0m[33mformatting diff... [0m[33mok (2s)
[0m11 source file(s) touched in the old version
`-- fs/btrfs/disk-io.c
`-- fs/hugetlbfs/inode.c
`-- fs/nfs/internal.h
`-- fs/nfs/write.c
`-- include/linux/fs.h
`-- include/linux/migrate.h
`-- mm/compaction.c
`-- mm/memory-failure.c
`-- mm/memory_hotplug.c
`-- mm/mempolicy.c
`-- mm/migrate.c
11 source file(s) touched in the new version
`-- fs/btrfs/disk-io.c
`-- fs/hugetlbfs/inode.c
`-- fs/nfs/internal.h
`-- fs/nfs/write.c
`-- include/linux/fs.h
`-- include/linux/migrate.h
`-- mm/compaction.c
`-- mm/memory-failure.c
`-- mm/memory_hotplug.c
`-- mm/mempolicy.c
`-- mm/migrate.c
[33mcompile base commit... [0m[33mok (6s)
[0m[33mapply [0m[33ma6bc32b89922... [0m[33mok (6s)
[0m[33mcompile target commit... [0m[33mok (8s)
[0mPREPARE:
[33m0s
[0mANALYZE:
COCCIGEN:
