BUILD:
[33mbase commit: a6cbcd4a4a85^1
[0m[33mtarget commit: a6cbcd4a4a85
[0m[33mchecking out base commit... [0m[33mok (0s)
[0m[33mformatting diff... [0m[33mok (0s)
[0m18 source file(s) touched in the old version
`-- drivers/staging/lustre/lustre/llite/rw26.c
`-- fs/btrfs/inode.c
`-- fs/ext2/inode.c
`-- fs/ext3/inode.c
`-- fs/ext4/indirect.c
`-- fs/ext4/inode.c
`-- fs/fat/inode.c
`-- fs/fuse/file.c
`-- fs/gfs2/aops.c
`-- fs/hfs/inode.c
`-- fs/hfsplus/inode.c
`-- fs/jfs/inode.c
`-- fs/nfs/direct.c
`-- fs/nilfs2/inode.c
`-- fs/reiserfs/inode.c
`-- fs/udf/inode.c
`-- fs/xfs/xfs_aops.c
`-- mm/filemap.c
18 source file(s) touched in the new version
`-- drivers/staging/lustre/lustre/llite/rw26.c
`-- fs/btrfs/inode.c
`-- fs/ext2/inode.c
`-- fs/ext3/inode.c
`-- fs/ext4/indirect.c
`-- fs/ext4/inode.c
`-- fs/fat/inode.c
`-- fs/fuse/file.c
`-- fs/gfs2/aops.c
`-- fs/hfs/inode.c
`-- fs/hfsplus/inode.c
`-- fs/jfs/inode.c
`-- fs/nfs/direct.c
`-- fs/nilfs2/inode.c
`-- fs/reiserfs/inode.c
`-- fs/udf/inode.c
`-- fs/xfs/xfs_aops.c
`-- mm/filemap.c
[33mcompile base commit... [0m[33mok (6s)
[0m[33mapply [0m[33ma6cbcd4a4a85... [0m[33mok (6s)
[0m[33mcompile target commit... [0m[33mok (9s)
[0mPREPARE:
[33m0s
[0mANALYZE:
COCCIGEN:
