BUILD:
[33mbase commit: a76b5b04375f^1
[0m[33mtarget commit: a76b5b04375f
[0m[33mchecking out base commit... [0m[33mok (2s)
[0m[33mformatting diff... [0m[33mok (2s)
[0m5 source file(s) touched in the old version
`-- fs/btrfs/ctree.h
`-- fs/btrfs/file.c
`-- fs/btrfs/ioctl.c
`-- fs/read_write.c
`-- fs/xfs/xfs_file.c
5 source file(s) touched in the new version
`-- fs/btrfs/ctree.h
`-- fs/btrfs/file.c
`-- fs/btrfs/ioctl.c
`-- fs/read_write.c
`-- fs/xfs/xfs_file.c
[33mcompile base commit... [0m[33mok (33s)
[0m[33mapply [0m[33ma76b5b04375f... [0m[33mok (33s)
[0m[33mcompile target commit... [0m[33mok (52s)
[0mPREPARE:
[33mcollect AST for functions: xfs_file_operations@fs_xfs_xfs_file.c,vfs_copy_file_range@fs_read_write.c,btrfs_file_operations@fs_btrfs_file.c
[0m[33mTransforming and linking bitcode files...
[0m[33m4s
[0mANALYZE:
COCCIGEN:
//# pattern-2, witnesses: 2
@@
expression F1;
identifier s;
@@
 const struct file_operations s = {
-    .copy_file_range = F1,
 };
