BUILD:
[33mbase commit: a9049376ee05^1
[0m[33mtarget commit: a9049376ee05
[0m[33mchecking out base commit... [0m[33mok (1s)
[0m[33mformatting diff... [0m[33mok (1s)
[0m15 source file(s) touched in the old version
`-- fs/btrfs/inode.c
`-- fs/dcache.c
`-- fs/efs/namei.c
`-- fs/exofs/namei.c
`-- fs/ext2/namei.c
`-- fs/ext3/namei.c
`-- fs/ext4/namei.c
`-- fs/fat/namei_msdos.c
`-- fs/isofs/namei.c
`-- fs/jffs2/dir.c
`-- fs/jfs/namei.c
`-- fs/logfs/dir.c
`-- fs/nilfs2/namei.c
`-- fs/squashfs/namei.c
`-- fs/ufs/namei.c
15 source file(s) touched in the new version
`-- fs/btrfs/inode.c
`-- fs/dcache.c
`-- fs/efs/namei.c
`-- fs/exofs/namei.c
`-- fs/ext2/namei.c
`-- fs/ext3/namei.c
`-- fs/ext4/namei.c
`-- fs/fat/namei_msdos.c
`-- fs/isofs/namei.c
`-- fs/jffs2/dir.c
`-- fs/jfs/namei.c
`-- fs/logfs/dir.c
`-- fs/nilfs2/namei.c
`-- fs/squashfs/namei.c
`-- fs/ufs/namei.c
[33mcompile base commit... [0m[33mok (4s)
[0m[33mapply [0m[33ma9049376ee05... [0m[33mok (4s)
[0m[33mcompile target commit... [0m[33mok (6s)
[0mPREPARE:
[33m0s
[0mANALYZE:
COCCIGEN:
