BUILD:
[33mbase commit: aa8b57aa3d1c^1
[0m[33mtarget commit: aa8b57aa3d1c
[0m[33mchecking out base commit... [0m[33mok (1s)
[0m[33mformatting diff... [0m[33mok (1s)
[0m8 source file(s) touched in the old version
`-- drivers/block/pktcdvd.c
`-- drivers/md/dm-raid1.c
`-- drivers/md/raid0.c
`-- drivers/md/raid1.c
`-- drivers/md/raid10.c
`-- drivers/md/raid5.c
`-- fs/btrfs/volumes.c
`-- include/trace/events/block.h
8 source file(s) touched in the new version
`-- drivers/block/pktcdvd.c
`-- drivers/md/dm-raid1.c
`-- drivers/md/raid0.c
`-- drivers/md/raid1.c
`-- drivers/md/raid10.c
`-- drivers/md/raid5.c
`-- fs/btrfs/volumes.c
`-- include/trace/events/block.h
[33mcompile base commit... [0m[33mok (6s)
[0m[33mapply [0m[33maa8b57aa3d1c... [0m[33mok (6s)
[0m[33mcompile target commit... [0m[33mok (7s)
[0mPREPARE:
[33m1s
[0mANALYZE:
COCCIGEN:
