BUILD:
[33mbase commit: ac0c7cf8be00^1
[0m[33mtarget commit: ac0c7cf8be00
[0m[33mchecking out base commit... [0m[33mok (1s)
[0m[33mformatting diff... [0m[33mok (1s)
[0m2 source file(s) touched in the old version
`-- fs/btrfs/async-thread.c
`-- include/trace/events/btrfs.h
2 source file(s) touched in the new version
`-- fs/btrfs/async-thread.c
`-- include/trace/events/btrfs.h
[33mcompile base commit... [0m[33mok (14s)
[0m[33mapply [0m[33mac0c7cf8be00... [0m[33mok (14s)
[0m[33mcompile target commit... [0m[33mok (23s)
[0mPREPARE:
[33mcollect AST for functions: normal_work_helper@fs_btrfs_async-thread.c,run_ordered_work@fs_btrfs_async-thread.c
[0m[33mTransforming and linking bitcode files...
[0m[33m1s
[0mANALYZE:
COCCIGEN:
