BUILD:
[33mbase commit: b0b0382bb490^1
[0m[33mtarget commit: b0b0382bb490
[0m[33mchecking out base commit... [0m[33mok (1s)
[0m[33mformatting diff... [0m[33mok (1s)
[0m16 source file(s) touched in the old version
`-- fs/btrfs/export.c
`-- fs/ceph/export.c
`-- fs/exportfs/expfs.c
`-- fs/fat/inode.c
`-- fs/fuse/inode.c
`-- fs/gfs2/export.c
`-- fs/isofs/export.c
`-- fs/nilfs2/namei.c
`-- fs/ocfs2/export.c
`-- fs/reiserfs/inode.c
`-- fs/reiserfs/reiserfs.h
`-- fs/udf/namei.c
`-- fs/xfs/xfs_export.c
`-- include/linux/exportfs.h
`-- mm/cleancache.c
`-- mm/shmem.c
16 source file(s) touched in the new version
`-- fs/btrfs/export.c
`-- fs/ceph/export.c
`-- fs/exportfs/expfs.c
`-- fs/fat/inode.c
`-- fs/fuse/inode.c
`-- fs/gfs2/export.c
`-- fs/isofs/export.c
`-- fs/nilfs2/namei.c
`-- fs/ocfs2/export.c
`-- fs/reiserfs/inode.c
`-- fs/reiserfs/reiserfs.h
`-- fs/udf/namei.c
`-- fs/xfs/xfs_export.c
`-- include/linux/exportfs.h
`-- mm/cleancache.c
`-- mm/shmem.c
[33mcompile base commit... [0m[33mok (6s)
[0m[33mapply [0m[33mb0b0382bb490... [0m[33mok (6s)
[0m[33mcompile target commit... [0m[33mok (8s)
[0mPREPARE:
[33m0s
[0mANALYZE:
COCCIGEN:
