BUILD:
[33mbase commit: b296821a7c42^1
[0m[33mtarget commit: b296821a7c42
[0m[33mchecking out base commit... [0m[33mok (1s)
[0m[33mformatting diff... [0m[33mok (1s)
[0m31 source file(s) touched in the old version
`-- fs/9p/acl.c
`-- fs/9p/xattr.c
`-- fs/btrfs/xattr.c
`-- fs/ext2/xattr_security.c
`-- fs/ext2/xattr_trusted.c
`-- fs/ext2/xattr_user.c
`-- fs/ext4/xattr_security.c
`-- fs/ext4/xattr_trusted.c
`-- fs/ext4/xattr_user.c
`-- fs/f2fs/xattr.c
`-- fs/gfs2/xattr.c
`-- fs/hfsplus/xattr.c
`-- fs/hfsplus/xattr.h
`-- fs/hfsplus/xattr_security.c
`-- fs/hfsplus/xattr_trusted.c
`-- fs/hfsplus/xattr_user.c
`-- fs/jffs2/security.c
`-- fs/jffs2/xattr_trusted.c
`-- fs/jffs2/xattr_user.c
`-- fs/nfs/nfs4proc.c
`-- fs/ocfs2/xattr.c
`-- fs/orangefs/xattr.c
`-- fs/posix_acl.c
`-- fs/reiserfs/xattr_security.c
`-- fs/reiserfs/xattr_trusted.c
`-- fs/reiserfs/xattr_user.c
`-- fs/squashfs/xattr.c
`-- fs/xattr.c
`-- fs/xfs/xfs_xattr.c
`-- include/linux/xattr.h
`-- mm/shmem.c
31 source file(s) touched in the new version
`-- fs/9p/acl.c
`-- fs/9p/xattr.c
`-- fs/btrfs/xattr.c
`-- fs/ext2/xattr_security.c
`-- fs/ext2/xattr_trusted.c
`-- fs/ext2/xattr_user.c
`-- fs/ext4/xattr_security.c
`-- fs/ext4/xattr_trusted.c
`-- fs/ext4/xattr_user.c
`-- fs/f2fs/xattr.c
`-- fs/gfs2/xattr.c
`-- fs/hfsplus/xattr.c
`-- fs/hfsplus/xattr.h
`-- fs/hfsplus/xattr_security.c
`-- fs/hfsplus/xattr_trusted.c
`-- fs/hfsplus/xattr_user.c
`-- fs/jffs2/security.c
`-- fs/jffs2/xattr_trusted.c
`-- fs/jffs2/xattr_user.c
`-- fs/nfs/nfs4proc.c
`-- fs/ocfs2/xattr.c
`-- fs/orangefs/xattr.c
`-- fs/posix_acl.c
`-- fs/reiserfs/xattr_security.c
`-- fs/reiserfs/xattr_trusted.c
`-- fs/reiserfs/xattr_user.c
`-- fs/squashfs/xattr.c
`-- fs/xattr.c
`-- fs/xfs/xfs_xattr.c
`-- include/linux/xattr.h
`-- mm/shmem.c
[33mcompile base commit... [0m[33mok (8s)
[0m[33mapply [0m[33mb296821a7c42... [0m[33mok (8s)
[0m[33mcompile target commit... [0m[33mok (11s)
[0mPREPARE:
[33m0s
[0mANALYZE:
COCCIGEN:
