BUILD:
[33mbase commit: b4caecd48005^1
[0m[33mtarget commit: b4caecd48005
[0m[33mchecking out base commit... [0m[33mok (1s)
[0m[33mformatting diff... [0m[33mok (1s)
[0m31 source file(s) touched in the old version
`-- block/blk-core.c
`-- drivers/char/mem.c
`-- drivers/mtd/mtdchar.c
`-- drivers/mtd/mtdconcat.c
`-- drivers/mtd/mtdcore.c
`-- drivers/mtd/mtdpart.c
`-- drivers/staging/lustre/lustre/llite/llite_lib.c
`-- fs/9p/v9fs.c
`-- fs/afs/volume.c
`-- fs/aio.c
`-- fs/btrfs/disk-io.c
`-- fs/char_dev.c
`-- fs/cifs/connect.c
`-- fs/coda/inode.c
`-- fs/configfs/configfs_internal.h
`-- fs/configfs/inode.c
`-- fs/configfs/mount.c
`-- fs/ecryptfs/main.c
`-- fs/exofs/super.c
`-- fs/ncpfs/inode.c
`-- fs/ramfs/file-nommu.c
`-- fs/ramfs/inode.c
`-- fs/romfs/mmap-nommu.c
`-- fs/ubifs/super.c
`-- include/linux/backing-dev.h
`-- include/linux/cdev.h
`-- include/linux/fs.h
`-- include/linux/mtd/mtd.h
`-- mm/backing-dev.c
`-- mm/nommu.c
`-- security/security.c
31 source file(s) touched in the new version
`-- block/blk-core.c
`-- drivers/char/mem.c
`-- drivers/mtd/mtdchar.c
`-- drivers/mtd/mtdconcat.c
`-- drivers/mtd/mtdcore.c
`-- drivers/mtd/mtdpart.c
`-- drivers/staging/lustre/lustre/llite/llite_lib.c
`-- fs/9p/v9fs.c
`-- fs/afs/volume.c
`-- fs/aio.c
`-- fs/btrfs/disk-io.c
`-- fs/char_dev.c
`-- fs/cifs/connect.c
`-- fs/coda/inode.c
`-- fs/configfs/configfs_internal.h
`-- fs/configfs/inode.c
`-- fs/configfs/mount.c
`-- fs/ecryptfs/main.c
`-- fs/exofs/super.c
`-- fs/ncpfs/inode.c
`-- fs/ramfs/file-nommu.c
`-- fs/ramfs/inode.c
`-- fs/romfs/mmap-nommu.c
`-- fs/ubifs/super.c
`-- include/linux/backing-dev.h
`-- include/linux/cdev.h
`-- include/linux/fs.h
`-- include/linux/mtd/mtd.h
`-- mm/backing-dev.c
`-- mm/nommu.c
`-- security/security.c
[33mcompile base commit... [0m[33mok (242s)
[0m[33mapply [0m[33mb4caecd48005... [0m[33mok (242s)
[0m[33mcompile target commit... [0m[33mok (277s)
[0mPREPARE:
[33mcollect AST for functions: mtd_bdi_rw_mappable@drivers_mtd_mtdcore.c,cleanup_mtd@drivers_mtd_mtdcore.c,mem_fops@drivers_char_mem.c,afs_volume_lookup@fs_afs_volume.c,mmap_prot@security_security.c,determine_vm_flags@mm_nommu.c,allocate_partition@drivers_mtd_mtdpart.c,setup_bdi@fs_btrfs_disk-io.c,ramfs_backing_dev_info@fs_ramfs_inode.c,configfs_backing_dev_info@fs_configfs_inode.c,do_mmap_pgoff@mm_nommu.c,mtd_bdi_ro_mappable@drivers_mtd_mtdcore.c,mtd_inodefs_type@drivers_mtd_mtdchar.c,zero_fops@drivers_char_mem.c,init_mtdchar@drivers_mtd_mtdchar.c,ll_fill_super@drivers_staging_lustre_lustre_llite_llite_lib.c,init_ramfs_fs@fs_ramfs_inode.c,mtd_bdi_unmappable@drivers_mtd_mtdcore.c,aio_setup@fs_aio.c,devlist@drivers_char_mem.c,chrdev_init@fs_char_dev.c,v9fs_session_init@fs_9p_v9fs.c,exofs_fill_super@fs_exofs_super.c,memory_open@drivers_char_mem.c,default_backing_dev_info@mm_backing-dev.c,directly_mappable_cdev_bdi@fs_char_dev.c,mtdchar_close@drivers_mtd_mtdchar.c,do_mmap_private@mm_nommu.c,blk_alloc_queue_node@block_blk-core.c,init_mtd@drivers_mtd_mtdcore.c,cifs_mount@fs_cifs_connect.c,mtd_bdi@drivers_mtd_mtdcore.c,ncp_fill_super@fs_ncpfs_inode.c,ubifs_fill_super@fs_ubifs_super.c,configfs_exit@fs_configfs_mount.c,coda_fill_super@fs_coda_inode.c,ecryptfs_mount@fs_ecryptfs_main.c,aio_private_file@fs_aio.c,validate_mmap_request@mm_nommu.c,configfs_init@fs_configfs_mount.c,zero_bdi@drivers_char_mem.c,mtdchar_open@drivers_mtd_mtdchar.c,configfs_new_inode@fs_configfs_inode.c,mtd_ops@drivers_mtd_mtdchar.c,ramfs_get_inode@fs_ramfs_inode.c,mtd_concat_create@drivers_mtd_mtdconcat.c,chr_dev_init@drivers_char_mem.c,cleanup_mtdchar@drivers_mtd_mtdchar.c,add_mtd_device@drivers_mtd_mtdcore.c,mtd_fops@drivers_mtd_mtdchar.c,bdi_setup_and_register@mm_backing-dev.c,kmem_fops@drivers_char_mem.c,aio_fs_backing_dev_info@fs_aio.c
[0m[33mTransforming and linking bitcode files...
[0m[31mMultiver-link error[0m
ANALYZE:
[31mLack a successful preparation
[0m
COCCIGEN:
