BUILD:
[33mbase commit: b969c4ab9f18^1
[0m[33mtarget commit: b969c4ab9f18
[0m[33mchecking out base commit... [0m[33mok (1s)
[0m[33mformatting diff... [0m[33mok (1s)
[0m7 source file(s) touched in the old version
`-- fs/btrfs/disk-io.c
`-- fs/hugetlbfs/inode.c
`-- fs/nfs/internal.h
`-- fs/nfs/write.c
`-- include/linux/fs.h
`-- include/linux/migrate.h
`-- mm/migrate.c
7 source file(s) touched in the new version
`-- fs/btrfs/disk-io.c
`-- fs/hugetlbfs/inode.c
`-- fs/nfs/internal.h
`-- fs/nfs/write.c
`-- include/linux/fs.h
`-- include/linux/migrate.h
`-- mm/migrate.c
[33mcompile base commit... [0m[33mok (5s)
[0m[33mapply [0m[33mb969c4ab9f18... [0m[33mok (5s)
[0m[33mcompile target commit... [0m[33mok (8s)
[0mPREPARE:
[33m0s
[0mANALYZE:
COCCIGEN:
