BUILD:
[33mbase commit: bc074524e123^1
[0m[33mtarget commit: bc074524e123
[0m[33mchecking out base commit... [0m[33mok (1s)
[0m[33mformatting diff... [0m[33mok (1s)
[0m6 source file(s) touched in the old version
`-- fs/btrfs/delayed-ref.c
`-- fs/btrfs/extent-tree.c
`-- fs/btrfs/qgroup.c
`-- fs/btrfs/qgroup.h
`-- fs/btrfs/super.c
`-- include/trace/events/btrfs.h
6 source file(s) touched in the new version
`-- fs/btrfs/delayed-ref.c
`-- fs/btrfs/extent-tree.c
`-- fs/btrfs/qgroup.c
`-- fs/btrfs/qgroup.h
`-- fs/btrfs/super.c
`-- include/trace/events/btrfs.h
[33mcompile base commit... [0m[33mok (17s)
[0m[33mapply [0m[33mbc074524e123... [0m[33mok (17s)
[0m[33mcompile target commit... [0m[33mok (30s)
[0mPREPARE:
[33mcollect AST for functions: run_delayed_data_ref@fs_btrfs_extent-tree.c,btrfs_qgroup_insert_dirty_extent@fs_btrfs_qgroup.c,record_one_subtree_extent@fs_btrfs_extent-tree.c,btrfs_qgroup_account_extent@fs_btrfs_qgroup.c,btrfs_qgroup_account_extents@fs_btrfs_qgroup.c,add_delayed_ref_head@fs_btrfs_delayed-ref.c,run_delayed_tree_ref@fs_btrfs_extent-tree.c,add_delayed_data_ref@fs_btrfs_delayed-ref.c,add_delayed_tree_ref@fs_btrfs_delayed-ref.c,qgroup_update_counters@fs_btrfs_qgroup.c,btrfs_qgroup_free_delayed_ref@fs_btrfs_qgroup.h,btrfs_sync_fs@fs_btrfs_super.c,run_one_delayed_ref@fs_btrfs_extent-tree.c
[0m[33mTransforming and linking bitcode files...
[0m[33m4s
[0mANALYZE:
COCCIGEN:
