BUILD:
[33mbase commit: bc696ca05f5a^1
[0m[33mtarget commit: bc696ca05f5a
[0m[33mchecking out base commit... [0m[33mok (1s)
[0m[33mformatting diff... [0m[33mok (1s)
[0m7 source file(s) touched in the old version
`-- arch/x86/include/asm/cpufeature.h
`-- arch/x86/include/asm/fpu/internal.h
`-- arch/x86/kernel/apic/apic_numachip.c
`-- arch/x86/kernel/cpu/common.c
`-- arch/x86/kernel/vm86_32.c
`-- drivers/cpufreq/intel_pstate.c
`-- fs/btrfs/disk-io.c
7 source file(s) touched in the new version
`-- arch/x86/include/asm/cpufeature.h
`-- arch/x86/include/asm/fpu/internal.h
`-- arch/x86/kernel/apic/apic_numachip.c
`-- arch/x86/kernel/cpu/common.c
`-- arch/x86/kernel/vm86_32.c
`-- drivers/cpufreq/intel_pstate.c
`-- fs/btrfs/disk-io.c
[33mcompile base commit... [0m[33mok (17s)
[0m[33mapply [0m[33mbc696ca05f5a... [0m[33mok (17s)
[0m[33mcompile target commit... [0m[33mok (30s)
[0mPREPARE:
[33mcollect AST for functions: use_xsaveopt@arch_x86_include_asm_fpu_internal.h,copy_xregs_to_kernel_booting@arch_x86_include_asm_fpu_internal.h,do_sys_vm86@arch_x86_kernel_vm86_32.c,fixup_cpu_id@arch_x86_kernel_apic_apic_numachip.c,use_fxsr@arch_x86_include_asm_fpu_internal.h,use_eager_fpu@arch_x86_include_asm_fpu_internal.h,copy_kernel_to_fpregs@arch_x86_include_asm_fpu_internal.h,intel_pstate_init@drivers_cpufreq_intel_pstate.c,copy_kernel_to_xregs_booting@arch_x86_include_asm_fpu_internal.h,numachip1_get_apic_id@arch_x86_kernel_apic_apic_numachip.c,use_xsave@arch_x86_include_asm_fpu_internal.h,check_async_write@fs_btrfs_disk-io.c
[0m[33mTransforming and linking bitcode files...
[0m[33m3s
[0mANALYZE:
COCCIGEN:
//# pattern-1, witnesses: 4
@@
expression E0;
@@
- static_cpu_has_safe(E0)
+ static_cpu_has(E0)
