BUILD:
[33mbase commit: bee9182d9552^1
[0m[33mtarget commit: bee9182d9552
[0m[33mchecking out base commit... [0m[33mok (3s)
[0m[33mformatting diff... [0m[33mok (3s)
[0m3 source file(s) touched in the old version
`-- fs/btrfs/transaction.c
`-- fs/xfs/xfs_aops.c
`-- include/linux/fs.h
3 source file(s) touched in the new version
`-- fs/btrfs/transaction.c
`-- fs/xfs/xfs_aops.c
`-- include/linux/fs.h
[33mcompile base commit... [0m[33mok (16s)
[0m[33mapply [0m[33mbee9182d9552... [0m[33mok (16s)
[0m[33mcompile target commit... [0m[33mok (27s)
[0mPREPARE:
[33mcollect AST for functions: xfs_setfilesize_ioend@fs_xfs_xfs_aops.c,do_async_commit@fs_btrfs_transaction.c,xfs_setfilesize_trans_alloc@fs_xfs_xfs_aops.c,btrfs_commit_transaction_async@fs_btrfs_transaction.c
[0m[33mTransforming and linking bitcode files...
[0m[33m1s
[0mANALYZE:
COCCIGEN:
//# pattern-1, witnesses: 2
@@
expression ME0;
@@
- rwsem_acquire_read(&ME0->s_writers.lock_map[SB_FREEZE_FS - 1], 0, 1, _THIS_IP_)
+ __sb_writers_acquired(ME0, SB_FREEZE_FS)
//# pattern-2, witnesses: 2
@@
expression ME0;
@@
- rwsem_release(&ME0->s_writers.lock_map[SB_FREEZE_FS - 1], 1, _THIS_IP_)
+ __sb_writers_release(ME0, SB_FREEZE_FS)
