BUILD:
[33mbase commit: bfe868486960^1
[0m[33mtarget commit: bfe868486960
[0m[33mchecking out base commit... [0m[33mok (2s)
[0m[33mformatting diff... [0m[33mok (2s)
[0m81 source file(s) touched in the old version
`-- arch/s390/hypfs/inode.c
`-- drivers/staging/pohmelfs/inode.c
`-- fs/9p/vfs_inode.c
`-- fs/9p/vfs_inode_dotl.c
`-- fs/adfs/inode.c
`-- fs/affs/amigaffs.c
`-- fs/affs/inode.c
`-- fs/afs/fsclient.c
`-- fs/afs/inode.c
`-- fs/autofs4/inode.c
`-- fs/befs/linuxvfs.c
`-- fs/bfs/dir.c
`-- fs/bfs/inode.c
`-- fs/btrfs/delayed-inode.c
`-- fs/btrfs/disk-io.c
`-- fs/btrfs/inode.c
`-- fs/btrfs/tree-log.c
`-- fs/ceph/caps.c
`-- fs/ceph/inode.c
`-- fs/cifs/inode.c
`-- fs/coda/coda_linux.c
`-- fs/devpts/inode.c
`-- fs/ecryptfs/inode.c
`-- fs/efs/inode.c
`-- fs/exofs/inode.c
`-- fs/ext2/inode.c
`-- fs/ext3/inode.c
`-- fs/ext3/namei.c
`-- fs/ext4/inode.c
`-- fs/ext4/namei.c
`-- fs/fat/inode.c
`-- fs/fat/namei_msdos.c
`-- fs/fat/namei_vfat.c
`-- fs/freevxfs/vxfs_inode.c
`-- fs/fuse/control.c
`-- fs/fuse/inode.c
`-- fs/gfs2/glops.c
`-- fs/hfs/inode.c
`-- fs/hfsplus/inode.c
`-- fs/hostfs/hostfs_kern.c
`-- fs/hpfs/dir.c
`-- fs/hpfs/inode.c
`-- fs/hpfs/namei.c
`-- fs/hppfs/hppfs.c
`-- fs/isofs/inode.c
`-- fs/isofs/rock.c
`-- fs/jffs2/dir.c
`-- fs/jffs2/fs.c
`-- fs/jfs/jfs_imap.c
`-- fs/jfs/namei.c
`-- fs/libfs.c
`-- fs/logfs/readwrite.c
`-- fs/minix/inode.c
`-- fs/ncpfs/inode.c
`-- fs/nfs/inode.c
`-- fs/nilfs2/inode.c
`-- fs/nilfs2/namei.c
`-- fs/ntfs/inode.c
`-- fs/ocfs2/dir.c
`-- fs/ocfs2/dlmglue.c
`-- fs/ocfs2/inode.c
`-- fs/ocfs2/namei.c
`-- fs/openpromfs/inode.c
`-- fs/proc/base.c
`-- fs/proc/generic.c
`-- fs/proc/inode.c
`-- fs/qnx4/inode.c
`-- fs/reiserfs/inode.c
`-- fs/reiserfs/namei.c
`-- fs/romfs/super.c
`-- fs/squashfs/inode.c
`-- fs/stack.c
`-- fs/sysfs/inode.c
`-- fs/sysv/inode.c
`-- fs/ubifs/super.c
`-- fs/ubifs/xattr.c
`-- fs/udf/inode.c
`-- fs/udf/namei.c
`-- fs/ufs/inode.c
`-- fs/xfs/xfs_iops.c
`-- include/linux/fs.h
81 source file(s) touched in the new version
`-- arch/s390/hypfs/inode.c
`-- drivers/staging/pohmelfs/inode.c
`-- fs/9p/vfs_inode.c
`-- fs/9p/vfs_inode_dotl.c
`-- fs/adfs/inode.c
`-- fs/affs/amigaffs.c
`-- fs/affs/inode.c
`-- fs/afs/fsclient.c
`-- fs/afs/inode.c
`-- fs/autofs4/inode.c
`-- fs/befs/linuxvfs.c
`-- fs/bfs/dir.c
`-- fs/bfs/inode.c
`-- fs/btrfs/delayed-inode.c
`-- fs/btrfs/disk-io.c
`-- fs/btrfs/inode.c
`-- fs/btrfs/tree-log.c
`-- fs/ceph/caps.c
`-- fs/ceph/inode.c
`-- fs/cifs/inode.c
`-- fs/coda/coda_linux.c
`-- fs/devpts/inode.c
`-- fs/ecryptfs/inode.c
`-- fs/efs/inode.c
`-- fs/exofs/inode.c
`-- fs/ext2/inode.c
`-- fs/ext3/inode.c
`-- fs/ext3/namei.c
`-- fs/ext4/inode.c
`-- fs/ext4/namei.c
`-- fs/fat/inode.c
`-- fs/fat/namei_msdos.c
`-- fs/fat/namei_vfat.c
`-- fs/freevxfs/vxfs_inode.c
`-- fs/fuse/control.c
`-- fs/fuse/inode.c
`-- fs/gfs2/glops.c
`-- fs/hfs/inode.c
`-- fs/hfsplus/inode.c
`-- fs/hostfs/hostfs_kern.c
`-- fs/hpfs/dir.c
`-- fs/hpfs/inode.c
`-- fs/hpfs/namei.c
`-- fs/hppfs/hppfs.c
`-- fs/isofs/inode.c
`-- fs/isofs/rock.c
`-- fs/jffs2/dir.c
`-- fs/jffs2/fs.c
`-- fs/jfs/jfs_imap.c
`-- fs/jfs/namei.c
`-- fs/libfs.c
`-- fs/logfs/readwrite.c
`-- fs/minix/inode.c
`-- fs/ncpfs/inode.c
`-- fs/nfs/inode.c
`-- fs/nilfs2/inode.c
`-- fs/nilfs2/namei.c
`-- fs/ntfs/inode.c
`-- fs/ocfs2/dir.c
`-- fs/ocfs2/dlmglue.c
`-- fs/ocfs2/inode.c
`-- fs/ocfs2/namei.c
`-- fs/openpromfs/inode.c
`-- fs/proc/base.c
`-- fs/proc/generic.c
`-- fs/proc/inode.c
`-- fs/qnx4/inode.c
`-- fs/reiserfs/inode.c
`-- fs/reiserfs/namei.c
`-- fs/romfs/super.c
`-- fs/squashfs/inode.c
`-- fs/stack.c
`-- fs/sysfs/inode.c
`-- fs/sysv/inode.c
`-- fs/ubifs/super.c
`-- fs/ubifs/xattr.c
`-- fs/udf/inode.c
`-- fs/udf/namei.c
`-- fs/ufs/inode.c
`-- fs/xfs/xfs_iops.c
`-- include/linux/fs.h
[33mcompile base commit... [0m[33mok (7s)
[0m[33mapply [0m[33mbfe868486960... [0m[33mok (7s)
[0m[33mcompile target commit... [0m[33mok (9s)
[0mPREPARE:
[33m0s
[0mANALYZE:
COCCIGEN:
