BUILD:
[33mbase commit: c13344958780^1
[0m[33mtarget commit: c13344958780
[0m[33mchecking out base commit... [0m[33mok (1s)
[0m[33mformatting diff... [0m[33mok (1s)
[0m3 source file(s) touched in the old version
`-- fs/btrfs/super.c
`-- fs/namespace.c
`-- fs/nfs/super.c
3 source file(s) touched in the new version
`-- fs/btrfs/super.c
`-- fs/namespace.c
`-- fs/nfs/super.c
[33mcompile base commit... [0m[33mok (5s)
[0m[33mapply [0m[33mc13344958780... [0m[33mok (5s)
[0m[33mcompile target commit... [0m[33mok (6s)
[0mPREPARE:
[33m0s
[0mANALYZE:
COCCIGEN:
