BUILD:
[33mbase commit: c170bbb45feb^1
[0m[33mtarget commit: c170bbb45feb
[0m[33mchecking out base commit... [0m[33mok (1s)
[0m[33mformatting diff... [0m[33mok (1s)
[0m8 source file(s) touched in the old version
`-- block/blk-flush.c
`-- drivers/md/md.c
`-- fs/btrfs/check-integrity.c
`-- fs/btrfs/check-integrity.h
`-- fs/btrfs/extent_io.c
`-- fs/btrfs/scrub.c
`-- fs/hfsplus/wrapper.c
`-- fs/logfs/dev_bdev.c
8 source file(s) touched in the new version
`-- block/blk-flush.c
`-- drivers/md/md.c
`-- fs/btrfs/check-integrity.c
`-- fs/btrfs/check-integrity.h
`-- fs/btrfs/extent_io.c
`-- fs/btrfs/scrub.c
`-- fs/hfsplus/wrapper.c
`-- fs/logfs/dev_bdev.c
[33mcompile base commit... [0m[33mok (6s)
[0m[33mapply [0m[33mc170bbb45feb... [0m[33mok (6s)
[0m[33mcompile target commit... [0m[33mok (8s)
[0mPREPARE:
[33m0s
[0mANALYZE:
COCCIGEN:
