BUILD:
[33mbase commit: c3a468915a38^1
[0m[33mtarget commit: c3a468915a38
[0m[33mchecking out base commit... [0m[33mok (3s)
[0m[33mformatting diff... [0m[33mok (3s)
[0m3 source file(s) touched in the old version
`-- fs/btrfs/async-thread.c
`-- fs/btrfs/async-thread.h
`-- include/trace/events/btrfs.h
3 source file(s) touched in the new version
`-- fs/btrfs/async-thread.c
`-- fs/btrfs/async-thread.h
`-- include/trace/events/btrfs.h
[33mcompile base commit... [0m[33mok (7s)
[0m[33mapply [0m[33mc3a468915a38... [0m[33mok (7s)
[0m[33mcompile target commit... [0m[33mok (10s)
[0mPREPARE:
[33m0s
[0mANALYZE:
COCCIGEN:
