BUILD:
[33mbase commit: c43a25abba97^1
[0m[33mtarget commit: c43a25abba97
[0m[33mchecking out base commit... [0m[33mok (1s)
[0m[33mformatting diff... [0m[33mok (1s)
[0m5 source file(s) touched in the old version
`-- fs/btrfs/ioctl.c
`-- fs/namei.c
`-- include/linux/audit.h
`-- include/linux/fsnotify.h
`-- kernel/auditsc.c
5 source file(s) touched in the new version
`-- fs/btrfs/ioctl.c
`-- fs/namei.c
`-- include/linux/audit.h
`-- include/linux/fsnotify.h
`-- kernel/auditsc.c
[33mcompile base commit... [0m[33mok (7s)
[0m[33mapply [0m[33mc43a25abba97... [0m[33mok (7s)
[0m[33mcompile target commit... [0m[33mok (11s)
[0mPREPARE:
[33m0s
[0mANALYZE:
COCCIGEN:
