BUILD:
[33mbase commit: c45a8f2def86^1
[0m[33mtarget commit: c45a8f2def86
[0m[33mchecking out base commit... [0m[33mok (1s)
[0m[33mformatting diff... [0m[33mok (1s)
[0m3 source file(s) touched in the old version
`-- fs/btrfs/compression.c
`-- fs/btrfs/extent_io.c
`-- fs/buffer.c
3 source file(s) touched in the new version
`-- fs/btrfs/compression.c
`-- fs/btrfs/extent_io.c
`-- fs/buffer.c
[33mcompile base commit... [0m[33mok (9s)
[0m[33mapply [0m[33mc45a8f2def86... [0m[33mok (9s)
[0m[33mcompile target commit... [0m[33mok (9s)
[0mPREPARE:
[33m1s
[0mANALYZE:
COCCIGEN:
