BUILD:
[33mbase commit: c83f8effefa4^1
[0m[33mtarget commit: c83f8effefa4
[0m[33mchecking out base commit... [0m[33mok (0s)
[0m[33mformatting diff... [0m[33mok (0s)
[0m2 source file(s) touched in the old version
`-- fs/btrfs/extent-tree.c
`-- include/trace/events/btrfs.h
2 source file(s) touched in the new version
`-- fs/btrfs/extent-tree.c
`-- include/trace/events/btrfs.h
[33mcompile base commit... [0m[33mok (15s)
[0m[33mapply [0m[33mc83f8effefa4... [0m[33mok (15s)
[0m[33mcompile target commit... [0m[33mok (28s)
[0mPREPARE:
[33mcollect AST for functions: btrfs_read_block_groups@fs_btrfs_extent-tree.c,btrfs_make_block_group@fs_btrfs_extent-tree.c
[0m[33mTransforming and linking bitcode files...
[0m[33m3s
[0mANALYZE:
COCCIGEN:
