BUILD:
[33mbase commit: c8d3fe028f64^1
[0m[33mtarget commit: c8d3fe028f64
[0m[33mchecking out base commit... [0m[33mok (1s)
[0m[33mformatting diff... [0m[33mok (1s)
[0m2 source file(s) touched in the old version
`-- fs/btrfs/super.c
`-- fs/seq_file.c
2 source file(s) touched in the new version
`-- fs/btrfs/super.c
`-- fs/seq_file.c
[33mcompile base commit... [0m[33mok (14s)
[0m[33mapply [0m[33mc8d3fe028f64... [0m[33mok (14s)
[0m[33mcompile target commit... [0m[33mok (24s)
[0mPREPARE:
[33mcollect AST for functions: btrfs_show_options@fs_btrfs_super.c
[0m[33mTransforming and linking bitcode files...
[0m[33m3s
[0mANALYZE:
COCCIGEN:
