BUILD:
[33mbase commit: cb66a7a1f149^1
[0m[33mtarget commit: cb66a7a1f149
[0m[33mchecking out base commit... [0m[33mok (1s)
[0m[33mformatting diff... [0m[33mok (1s)
[0m10 source file(s) touched in the old version
`-- drivers/staging/lustre/lustre/llite/file.c
`-- fs/btrfs/file.c
`-- fs/ceph/file.c
`-- fs/fuse/file.c
`-- fs/ntfs/file.c
`-- fs/ocfs2/file.c
`-- fs/xfs/xfs_file.c
`-- include/linux/fs.h
`-- mm/filemap.c
`-- mm/shmem.c
10 source file(s) touched in the new version
`-- drivers/staging/lustre/lustre/llite/file.c
`-- fs/btrfs/file.c
`-- fs/ceph/file.c
`-- fs/fuse/file.c
`-- fs/ntfs/file.c
`-- fs/ocfs2/file.c
`-- fs/xfs/xfs_file.c
`-- include/linux/fs.h
`-- mm/filemap.c
`-- mm/shmem.c
[33mcompile base commit... [0m[33mok (6s)
[0m[33mapply [0m[33mcb66a7a1f149... [0m[33mok (6s)
[0m[33mcompile target commit... [0m[33mok (9s)
[0mPREPARE:
[33m0s
[0mANALYZE:
COCCIGEN:
