BUILD:
[33mbase commit: cb95e7bf7ba4^1
[0m[33mtarget commit: cb95e7bf7ba4
[0m[33mchecking out base commit... [0m[33mok (1s)
[0m[33mformatting diff... [0m[33mok (1s)
[0m3 source file(s) touched in the old version
`-- fs/btrfs/send.c
`-- fs/btrfs/send.h
`-- include/uapi/linux/btrfs.h
3 source file(s) touched in the new version
`-- fs/btrfs/send.c
`-- fs/btrfs/send.h
`-- include/uapi/linux/btrfs.h
[33mcompile base commit... [0m[33mok (5s)
[0m[33mapply [0m[33mcb95e7bf7ba4... [0m[33mok (5s)
[0m[33mcompile target commit... [0m[33mok (7s)
[0mPREPARE:
[33m0s
[0mANALYZE:
COCCIGEN:
