BUILD:
[33mbase commit: cbdf35bcb833^1
[0m[33mtarget commit: cbdf35bcb833
[0m[33mchecking out base commit... [0m[33mok (1s)
[0m[33mformatting diff... [0m[33mok (1s)
[0m3 source file(s) touched in the old version
`-- fs/btrfs/ioctl.c
`-- fs/namei.c
`-- include/linux/fs.h
3 source file(s) touched in the new version
`-- fs/btrfs/ioctl.c
`-- fs/namei.c
`-- include/linux/fs.h
[33mcompile base commit... [0m[33mok (13s)
[0m[33mapply [0m[33mcbdf35bcb833... [0m[33mok (13s)
[0m[33mcompile target commit... [0m[33mok (23s)
[0mPREPARE:
[33mcollect AST for functions: btrfs_may_delete@fs_btrfs_ioctl.c
[0m[33mTransforming and linking bitcode files...
[0m[33m2s
[0mANALYZE:
COCCIGEN:
