BUILD:
[33mbase commit: d0e1d66b5aa1^1
[0m[33mtarget commit: d0e1d66b5aa1
[0m[33mchecking out base commit... [0m[33mok (2s)
[0m[33mformatting diff... [0m[33mok (2s)
[0m7 source file(s) touched in the old version
`-- fs/btrfs/disk-io.c
`-- fs/btrfs/file.c
`-- fs/btrfs/ioctl.c
`-- fs/ocfs2/file.c
`-- fs/splice.c
`-- include/linux/writeback.h
`-- mm/page-writeback.c
7 source file(s) touched in the new version
`-- fs/btrfs/disk-io.c
`-- fs/btrfs/file.c
`-- fs/btrfs/ioctl.c
`-- fs/ocfs2/file.c
`-- fs/splice.c
`-- include/linux/writeback.h
`-- mm/page-writeback.c
[33mcompile base commit... [0m[33mok (7s)
[0m[33mapply [0m[33md0e1d66b5aa1... [0m[33mok (7s)
[0m[33mcompile target commit... [0m[33mok (10s)
[0mPREPARE:
[33m0s
[0mANALYZE:
COCCIGEN:
