BUILD:
[33mbase commit: d24a67b2d997^1
[0m[33mtarget commit: d24a67b2d997
[0m[33mchecking out base commit... [0m[33mok (1s)
[0m[33mformatting diff... [0m[33mok (1s)
[0m2 source file(s) touched in the old version
`-- fs/btrfs/ioctl.c
`-- include/uapi/linux/btrfs.h
2 source file(s) touched in the new version
`-- fs/btrfs/ioctl.c
`-- include/uapi/linux/btrfs.h
[33mcompile base commit... [0m[33mok (32s)
[0m[33mapply [0m[33md24a67b2d997... [0m[33mok (32s)
[0m[33mcompile target commit... [0m[33mok (46s)
[0mPREPARE:
[33mcollect AST for functions: btrfs_ioctl@fs_btrfs_ioctl.c,btrfs_ioctl_logical_to_ino@fs_btrfs_ioctl.c
[0m[33mTransforming and linking bitcode files...
[0m[33m5s
[0mANALYZE:
COCCIGEN:
