BUILD:
[33mbase commit: d278850eff30^1
[0m[33mtarget commit: d278850eff30
[0m[33mchecking out base commit... [0m[33mok (0s)
[0m[33mformatting diff... [0m[33mok (1s)
[0m6 source file(s) touched in the old version
`-- fs/btrfs/backref.c
`-- fs/btrfs/delayed-ref.c
`-- fs/btrfs/delayed-ref.h
`-- fs/btrfs/disk-io.c
`-- fs/btrfs/extent-tree.c
`-- include/trace/events/btrfs.h
6 source file(s) touched in the new version
`-- fs/btrfs/backref.c
`-- fs/btrfs/delayed-ref.c
`-- fs/btrfs/delayed-ref.h
`-- fs/btrfs/disk-io.c
`-- fs/btrfs/extent-tree.c
`-- include/trace/events/btrfs.h
[33mcompile base commit... [0m[33mok (18s)
[0m[33mapply [0m[33md278850eff30... [0m[33mok (18s)
[0m[33mcompile target commit... [0m[33mok (31s)
[0mPREPARE:
[33mcollect AST for functions: btrfs_put_delayed_ref@fs_btrfs_delayed-ref.h,btrfs_delayed_node_to_tree_ref@fs_btrfs_delayed-ref.h,btrfs_select_ref_head@fs_btrfs_delayed-ref.c,btrfs_destroy_delayed_refs@fs_btrfs_disk-io.c,btrfs_delayed_node_to_data_ref@fs_btrfs_delayed-ref.h,btrfs_run_delayed_refs@fs_btrfs_extent-tree.c,update_existing_head_ref@fs_btrfs_delayed-ref.c,cleanup_extent_op@fs_btrfs_extent-tree.c,btrfs_add_delayed_extent_op@fs_btrfs_delayed-ref.c,check_ref_cleanup@fs_btrfs_extent-tree.c,check_delayed_ref@fs_btrfs_extent-tree.c,cleanup_ref_head@fs_btrfs_extent-tree.c,add_delayed_ref_head@fs_btrfs_delayed-ref.c,btrfs_lookup_extent_info@fs_btrfs_extent-tree.c,find_ref_head@fs_btrfs_delayed-ref.c,find_parent_nodes@fs_btrfs_backref.c,btrfs_add_delayed_data_ref@fs_btrfs_delayed-ref.c,drop_delayed_ref@fs_btrfs_delayed-ref.c,btrfs_add_delayed_tree_ref@fs_btrfs_delayed-ref.c,htree_insert@fs_btrfs_delayed-ref.c,run_delayed_extent_op@fs_btrfs_extent-tree.c,__btrfs_run_delayed_refs@fs_btrfs_extent-tree.c,btrfs_delayed_ref_lock@fs_btrfs_delayed-ref.c
[0m[33mTransforming and linking bitcode files...
[0m[33m4s
[0mANALYZE:
COCCIGEN:
//# pattern-38, witnesses: 7
@@
expression E0;
@@
- E0->node.bytenr
+ E0->bytenr
//# pattern-41, witnesses: 5
@@
@@
- &head->node.refs
+ &head->refs
//# pattern-42, witnesses: 5
@@
@@
- btrfs_put_delayed_ref(&head->node)
+ btrfs_put_delayed_ref_head(head)
//# pattern-35, witnesses: 4
@@
expression E0;
@@
- &E0->node
+ E0
//# pattern-4, witnesses: 2
@@
identifier fs_info;
identifier head;
identifier trans;
@@
 int cleanup_ref_head(struct btrfs_trans_handle * trans, struct btrfs_fs_info * fs_info, struct btrfs_delayed_ref_head * head)
 {
     <...
- head->node.num_bytes
+ head->num_bytes
     ...>
 }
