BUILD:
[33mbase commit: d3982100baeb^1
[0m[33mtarget commit: d3982100baeb
[0m[33mchecking out base commit... [0m[33mok (1s)
[0m[33mformatting diff... [0m[33mok (1s)
[0m3 source file(s) touched in the old version
`-- fs/btrfs/qgroup.c
`-- fs/btrfs/super.c
`-- include/trace/events/btrfs.h
3 source file(s) touched in the new version
`-- fs/btrfs/qgroup.c
`-- fs/btrfs/super.c
`-- include/trace/events/btrfs.h
[33mcompile base commit... [0m[33mok (6s)
[0m[33mapply [0m[33md3982100baeb... [0m[33mok (6s)
[0m[33mcompile target commit... [0m[33mok (8s)
[0mPREPARE:
[33m0s
[0mANALYZE:
COCCIGEN:
@@
@@
 #include <trace/events/btrfs.h>
+#include <fs/btrfs/qgroup.h>
