BUILD:
[33mbase commit: d3fb612076ee^1
[0m[33mtarget commit: d3fb612076ee
[0m[33mchecking out base commit... [0m[33mok (0s)
[0m[33mformatting diff... [0m[33mok (0s)
[0m22 source file(s) touched in the old version
`-- fs/9p/acl.c
`-- fs/9p/acl.h
`-- fs/9p/vfs_inode_dotl.c
`-- fs/btrfs/acl.c
`-- fs/ext2/acl.c
`-- fs/ext3/acl.c
`-- fs/ext4/acl.c
`-- fs/generic_acl.c
`-- fs/gfs2/acl.c
`-- fs/jffs2/acl.c
`-- fs/jffs2/acl.h
`-- fs/jffs2/fs.c
`-- fs/jffs2/os-linux.h
`-- fs/jfs/acl.c
`-- fs/nfs/nfs3acl.c
`-- fs/nfs/nfs3proc.c
`-- fs/ocfs2/acl.c
`-- fs/posix_acl.c
`-- fs/reiserfs/xattr_acl.c
`-- fs/xfs/linux-2.6/xfs_acl.c
`-- include/linux/nfs_fs.h
`-- include/linux/posix_acl.h
22 source file(s) touched in the new version
`-- fs/9p/acl.c
`-- fs/9p/acl.h
`-- fs/9p/vfs_inode_dotl.c
`-- fs/btrfs/acl.c
`-- fs/ext2/acl.c
`-- fs/ext3/acl.c
`-- fs/ext4/acl.c
`-- fs/generic_acl.c
`-- fs/gfs2/acl.c
`-- fs/jffs2/acl.c
`-- fs/jffs2/acl.h
`-- fs/jffs2/fs.c
`-- fs/jffs2/os-linux.h
`-- fs/jfs/acl.c
`-- fs/nfs/nfs3acl.c
`-- fs/nfs/nfs3proc.c
`-- fs/ocfs2/acl.c
`-- fs/posix_acl.c
`-- fs/reiserfs/xattr_acl.c
`-- fs/xfs/linux-2.6/xfs_acl.c
`-- include/linux/nfs_fs.h
`-- include/linux/posix_acl.h
[33mcompile base commit... [0m[33mok (5s)
[0m[33mapply [0m[33md3fb612076ee... [0m[33mok (5s)
[0m[33mcompile target commit... [0m[33mok (6s)
[0mPREPARE:
[33m0s
[0mANALYZE:
COCCIGEN:
