BUILD:
[33mbase commit: d41519a69b35^1
[0m[33mtarget commit: d41519a69b35
[0m[33mchecking out base commit... [0m[33mok (1s)
[0m[33mformatting diff... [0m[33mok (1s)
[0m4 source file(s) touched in the old version
`-- drivers/infiniband/sw/rxe/rxe.h
`-- fs/btrfs/hash.c
`-- fs/f2fs/f2fs.h
`-- lib/libcrc32c.c
4 source file(s) touched in the new version
`-- drivers/infiniband/sw/rxe/rxe.h
`-- fs/btrfs/hash.c
`-- fs/f2fs/f2fs.h
`-- lib/libcrc32c.c
[33mcompile base commit... [0m[33mok (21s)
[0m[33mapply [0m[33md41519a69b35... [0m[33mok (21s)
[0m[33mcompile target commit... [0m[33mok (36s)
[0mPREPARE:
[33mcollect AST for functions: crc32c@lib_libcrc32c.c,btrfs_crc32c@fs_btrfs_hash.c
[0m[33mTransforming and linking bitcode files...
[0m[33m3s
[0mANALYZE:
COCCIGEN:
