BUILD:
[33mbase commit: d46db3d58233^1
[0m[33mtarget commit: d46db3d58233
[0m[33mchecking out base commit... [0m[33mok (1s)
[0m[33mformatting diff... [0m[33mok (1s)
[0m6 source file(s) touched in the old version
`-- fs/btrfs/extent_io.c
`-- fs/fs-writeback.c
`-- include/linux/writeback.h
`-- include/trace/events/writeback.h
`-- mm/backing-dev.c
`-- mm/page-writeback.c
6 source file(s) touched in the new version
`-- fs/btrfs/extent_io.c
`-- fs/fs-writeback.c
`-- include/linux/writeback.h
`-- include/trace/events/writeback.h
`-- mm/backing-dev.c
`-- mm/page-writeback.c
[33mcompile base commit... [0m[33mok (5s)
[0m[33mapply [0m[33md46db3d58233... [0m[33mok (5s)
[0m[33mcompile target commit... [0m[33mok (6s)
[0mPREPARE:
[33m0s
[0mANALYZE:
COCCIGEN:
