BUILD:
[33mbase commit: d6952123b53c^1
[0m[33mtarget commit: d6952123b53c
[0m[33mchecking out base commit... [0m[33mok (2s)
[0m[33mformatting diff... [0m[33mok (2s)
[0m14 source file(s) touched in the old version
`-- fs/9p/acl.c
`-- fs/btrfs/acl.c
`-- fs/ext2/acl.c
`-- fs/ext3/acl.c
`-- fs/ext4/acl.c
`-- fs/generic_acl.c
`-- fs/gfs2/acl.c
`-- fs/jffs2/acl.c
`-- fs/jfs/xattr.c
`-- fs/ocfs2/acl.c
`-- fs/posix_acl.c
`-- fs/reiserfs/xattr_acl.c
`-- fs/xfs/linux-2.6/xfs_acl.c
`-- include/linux/posix_acl.h
14 source file(s) touched in the new version
`-- fs/9p/acl.c
`-- fs/btrfs/acl.c
`-- fs/ext2/acl.c
`-- fs/ext3/acl.c
`-- fs/ext4/acl.c
`-- fs/generic_acl.c
`-- fs/gfs2/acl.c
`-- fs/jffs2/acl.c
`-- fs/jfs/xattr.c
`-- fs/ocfs2/acl.c
`-- fs/posix_acl.c
`-- fs/reiserfs/xattr_acl.c
`-- fs/xfs/linux-2.6/xfs_acl.c
`-- include/linux/posix_acl.h
[33mcompile base commit... [0m[33mok (6s)
[0m[33mapply [0m[33md6952123b53c... [0m[33mok (6s)
[0m[33mcompile target commit... [0m[33mok (8s)
[0mPREPARE:
[33m0s
[0mANALYZE:
COCCIGEN:
