BUILD:
[33mbase commit: d83a08db5ba6^1
[0m[33mtarget commit: d83a08db5ba6
[0m[33mchecking out base commit... [0m[33mok (2s)
[0m[33mformatting diff... [0m[33mok (2s)
[0m18 source file(s) touched in the old version
`-- fs/9p/vfs_file.c
`-- fs/btrfs/file.c
`-- fs/ceph/addr.c
`-- fs/cifs/file.c
`-- fs/ext4/file.c
`-- fs/f2fs/file.c
`-- fs/fuse/file.c
`-- fs/gfs2/file.c
`-- fs/nfs/file.c
`-- fs/nilfs2/file.c
`-- fs/ocfs2/mmap.c
`-- fs/ubifs/file.c
`-- fs/xfs/xfs_file.c
`-- include/linux/fs.h
`-- include/linux/mm.h
`-- mm/filemap.c
`-- mm/filemap_xip.c
`-- mm/shmem.c
18 source file(s) touched in the new version
`-- fs/9p/vfs_file.c
`-- fs/btrfs/file.c
`-- fs/ceph/addr.c
`-- fs/cifs/file.c
`-- fs/ext4/file.c
`-- fs/f2fs/file.c
`-- fs/fuse/file.c
`-- fs/gfs2/file.c
`-- fs/nfs/file.c
`-- fs/nilfs2/file.c
`-- fs/ocfs2/mmap.c
`-- fs/ubifs/file.c
`-- fs/xfs/xfs_file.c
`-- include/linux/fs.h
`-- include/linux/mm.h
`-- mm/filemap.c
`-- mm/filemap_xip.c
`-- mm/shmem.c
[33mcompile base commit... [0m[33mok (29s)
[0m[33mapply [0m[33md83a08db5ba6... [0m[33mok (29s)
[0m[33mcompile target commit... [0m[33mok (53s)
[0mPREPARE:
[33mcollect AST for functions: xfs_file_vm_ops@fs_xfs_xfs_file.c,ocfs2_file_vm_ops@fs_ocfs2_mmap.c,fuse_file_vm_ops@fs_fuse_file.c,nfs_file_vm_ops@fs_nfs_file.c,shmem_vm_ops@mm_shmem.c,xip_file_vm_ops@mm_filemap_xip.c,gfs2_vm_ops@fs_gfs2_file.c,v9fs_file_vm_ops@fs_9p_vfs_file.c,f2fs_file_vm_ops@fs_f2fs_file.c,generic_file_vm_ops@mm_filemap.c,ceph_vmops@fs_ceph_addr.c,v9fs_mmap_file_vm_ops@fs_9p_vfs_file.c,cifs_file_vm_ops@fs_cifs_file.c,nilfs_file_vm_ops@fs_nilfs2_file.c,ubifs_file_vm_ops@fs_ubifs_file.c,btrfs_file_vm_ops@fs_btrfs_file.c,ext4_file_vm_ops@fs_ext4_file.c
[0m[33m0s
[0mANALYZE:
COCCIGEN:
//# pattern-1, witnesses: 17
@@
identifier s;
@@
 struct vm_operations_struct s = {
-    .remap_pages = generic_file_remap_pages,
 };
