BUILD:
[33mbase commit: d8d3d94b80aa^1
[0m[33mtarget commit: d8d3d94b80aa
[0m[33mchecking out base commit... [0m[33mok (0s)
[0m[33mformatting diff... [0m[33mok (1s)
[0m28 source file(s) touched in the old version
`-- drivers/staging/lustre/lustre/llite/rw26.c
`-- fs/9p/vfs_addr.c
`-- fs/block_dev.c
`-- fs/btrfs/inode.c
`-- fs/ceph/addr.c
`-- fs/cifs/file.c
`-- fs/exofs/inode.c
`-- fs/ext2/inode.c
`-- fs/ext3/inode.c
`-- fs/ext4/inode.c
`-- fs/f2fs/data.c
`-- fs/fat/inode.c
`-- fs/fuse/file.c
`-- fs/gfs2/aops.c
`-- fs/hfs/inode.c
`-- fs/hfsplus/inode.c
`-- fs/jfs/inode.c
`-- fs/nfs/direct.c
`-- fs/nilfs2/inode.c
`-- fs/ocfs2/aops.c
`-- fs/reiserfs/inode.c
`-- fs/udf/file.c
`-- fs/udf/inode.c
`-- fs/xfs/xfs_aops.c
`-- include/linux/fs.h
`-- include/linux/nfs_fs.h
`-- mm/filemap.c
`-- mm/page_io.c
28 source file(s) touched in the new version
`-- drivers/staging/lustre/lustre/llite/rw26.c
`-- fs/9p/vfs_addr.c
`-- fs/block_dev.c
`-- fs/btrfs/inode.c
`-- fs/ceph/addr.c
`-- fs/cifs/file.c
`-- fs/exofs/inode.c
`-- fs/ext2/inode.c
`-- fs/ext3/inode.c
`-- fs/ext4/inode.c
`-- fs/f2fs/data.c
`-- fs/fat/inode.c
`-- fs/fuse/file.c
`-- fs/gfs2/aops.c
`-- fs/hfs/inode.c
`-- fs/hfsplus/inode.c
`-- fs/jfs/inode.c
`-- fs/nfs/direct.c
`-- fs/nilfs2/inode.c
`-- fs/ocfs2/aops.c
`-- fs/reiserfs/inode.c
`-- fs/udf/file.c
`-- fs/udf/inode.c
`-- fs/xfs/xfs_aops.c
`-- include/linux/fs.h
`-- include/linux/nfs_fs.h
`-- mm/filemap.c
`-- mm/page_io.c
[33mcompile base commit... [0m[33mok (6s)
[0m[33mapply [0m[33md8d3d94b80aa... [0m[33mok (6s)
[0m[33mcompile target commit... [0m[33mok (9s)
[0mPREPARE:
[33m0s
[0mANALYZE:
COCCIGEN:
