BUILD:
[33mbase commit: dbd5768f87ff^1
[0m[33mtarget commit: dbd5768f87ff
[0m[33mchecking out base commit... [0m[33mok (3s)
[0m[33mformatting diff... [0m[33mok (3s)
[0m51 source file(s) touched in the old version
`-- arch/powerpc/platforms/cell/spufs/inode.c
`-- arch/s390/hypfs/inode.c
`-- fs/9p/vfs_inode.c
`-- fs/affs/inode.c
`-- fs/afs/inode.c
`-- fs/autofs4/inode.c
`-- fs/bfs/inode.c
`-- fs/binfmt_misc.c
`-- fs/block_dev.c
`-- fs/btrfs/inode.c
`-- fs/cifs/cifsfs.c
`-- fs/coda/inode.c
`-- fs/ecryptfs/super.c
`-- fs/exofs/inode.c
`-- fs/ext2/inode.c
`-- fs/ext3/inode.c
`-- fs/ext4/super.c
`-- fs/fat/inode.c
`-- fs/freevxfs/vxfs_inode.c
`-- fs/fuse/inode.c
`-- fs/gfs2/super.c
`-- fs/hfs/inode.c
`-- fs/hfsplus/super.c
`-- fs/hostfs/hostfs_kern.c
`-- fs/hpfs/inode.c
`-- fs/hppfs/hppfs.c
`-- fs/hugetlbfs/inode.c
`-- fs/inode.c
`-- fs/jffs2/fs.c
`-- fs/jfs/inode.c
`-- fs/logfs/readwrite.c
`-- fs/minix/inode.c
`-- fs/ncpfs/inode.c
`-- fs/nfs/inode.c
`-- fs/nilfs2/inode.c
`-- fs/ntfs/inode.c
`-- fs/ocfs2/dlmfs/dlmfs.c
`-- fs/ocfs2/inode.c
`-- fs/omfs/inode.c
`-- fs/proc/inode.c
`-- fs/pstore/inode.c
`-- fs/reiserfs/inode.c
`-- fs/sysfs/inode.c
`-- fs/sysv/inode.c
`-- fs/ubifs/super.c
`-- fs/udf/inode.c
`-- fs/ufs/inode.c
`-- fs/xfs/xfs_super.c
`-- include/linux/fs.h
`-- ipc/mqueue.c
`-- mm/shmem.c
51 source file(s) touched in the new version
`-- arch/powerpc/platforms/cell/spufs/inode.c
`-- arch/s390/hypfs/inode.c
`-- fs/9p/vfs_inode.c
`-- fs/affs/inode.c
`-- fs/afs/inode.c
`-- fs/autofs4/inode.c
`-- fs/bfs/inode.c
`-- fs/binfmt_misc.c
`-- fs/block_dev.c
`-- fs/btrfs/inode.c
`-- fs/cifs/cifsfs.c
`-- fs/coda/inode.c
`-- fs/ecryptfs/super.c
`-- fs/exofs/inode.c
`-- fs/ext2/inode.c
`-- fs/ext3/inode.c
`-- fs/ext4/super.c
`-- fs/fat/inode.c
`-- fs/freevxfs/vxfs_inode.c
`-- fs/fuse/inode.c
`-- fs/gfs2/super.c
`-- fs/hfs/inode.c
`-- fs/hfsplus/super.c
`-- fs/hostfs/hostfs_kern.c
`-- fs/hpfs/inode.c
`-- fs/hppfs/hppfs.c
`-- fs/hugetlbfs/inode.c
`-- fs/inode.c
`-- fs/jffs2/fs.c
`-- fs/jfs/inode.c
`-- fs/logfs/readwrite.c
`-- fs/minix/inode.c
`-- fs/ncpfs/inode.c
`-- fs/nfs/inode.c
`-- fs/nilfs2/inode.c
`-- fs/ntfs/inode.c
`-- fs/ocfs2/dlmfs/dlmfs.c
`-- fs/ocfs2/inode.c
`-- fs/omfs/inode.c
`-- fs/proc/inode.c
`-- fs/pstore/inode.c
`-- fs/reiserfs/inode.c
`-- fs/sysfs/inode.c
`-- fs/sysv/inode.c
`-- fs/ubifs/super.c
`-- fs/udf/inode.c
`-- fs/ufs/inode.c
`-- fs/xfs/xfs_super.c
`-- include/linux/fs.h
`-- ipc/mqueue.c
`-- mm/shmem.c
[33mcompile base commit... [0m[33mok (8s)
[0m[33mapply [0m[33mdbd5768f87ff... [0m[33mok (8s)
[0m[33mcompile target commit... [0m[33mok (10s)
[0mPREPARE:
[33m0s
[0mANALYZE:
COCCIGEN:
