BUILD:
[33mbase commit: dde0c2e79848^1
[0m[33mtarget commit: dde0c2e79848
[0m[33mchecking out base commit... [0m[33mok (0s)
[0m[33mformatting diff... [0m[33mok (0s)
[0m13 source file(s) touched in the old version
`-- fs/block_dev.c
`-- fs/btrfs/file.c
`-- fs/cifs/file.c
`-- fs/direct-io.c
`-- fs/ext4/file.c
`-- fs/f2fs/file.c
`-- fs/gfs2/file.c
`-- fs/nfs/direct.c
`-- fs/ntfs/file.c
`-- fs/udf/file.c
`-- fs/xfs/xfs_file.c
`-- include/linux/fs.h
`-- mm/filemap.c
13 source file(s) touched in the new version
`-- fs/block_dev.c
`-- fs/btrfs/file.c
`-- fs/cifs/file.c
`-- fs/direct-io.c
`-- fs/ext4/file.c
`-- fs/f2fs/file.c
`-- fs/gfs2/file.c
`-- fs/nfs/direct.c
`-- fs/ntfs/file.c
`-- fs/udf/file.c
`-- fs/xfs/xfs_file.c
`-- include/linux/fs.h
`-- mm/filemap.c
[33mcompile base commit... [0m[33mok (7s)
[0m[33mapply [0m[33mdde0c2e79848... [0m[33mok (7s)
[0m[33mcompile target commit... [0m[33mok (15s)
[0mPREPARE:
[33m0s
[0mANALYZE:
COCCIGEN:
