BUILD:
[33mbase commit: de1414a654e6^1
[0m[33mtarget commit: de1414a654e6
[0m[33mchecking out base commit... [0m[33mok (1s)
[0m[33mformatting diff... [0m[33mok (1s)
[0m22 source file(s) touched in the old version
`-- fs/btrfs/file.c
`-- fs/ceph/file.c
`-- fs/ext2/ialloc.c
`-- fs/ext4/super.c
`-- fs/fs-writeback.c
`-- fs/fuse/file.c
`-- fs/gfs2/aops.c
`-- fs/gfs2/super.c
`-- fs/nfs/filelayout/filelayout.c
`-- fs/nfs/write.c
`-- fs/ntfs/file.c
`-- fs/ocfs2/file.c
`-- fs/xfs/xfs_file.c
`-- include/linux/backing-dev.h
`-- include/trace/events/writeback.h
`-- mm/fadvise.c
`-- mm/filemap.c
`-- mm/filemap_xip.c
`-- mm/page-writeback.c
`-- mm/readahead.c
`-- mm/truncate.c
`-- mm/vmscan.c
22 source file(s) touched in the new version
`-- fs/btrfs/file.c
`-- fs/ceph/file.c
`-- fs/ext2/ialloc.c
`-- fs/ext4/super.c
`-- fs/fs-writeback.c
`-- fs/fuse/file.c
`-- fs/gfs2/aops.c
`-- fs/gfs2/super.c
`-- fs/nfs/filelayout/filelayout.c
`-- fs/nfs/write.c
`-- fs/ntfs/file.c
`-- fs/ocfs2/file.c
`-- fs/xfs/xfs_file.c
`-- include/linux/backing-dev.h
`-- include/trace/events/writeback.h
`-- mm/fadvise.c
`-- mm/filemap.c
`-- mm/filemap_xip.c
`-- mm/page-writeback.c
`-- mm/readahead.c
`-- mm/truncate.c
`-- mm/vmscan.c
[33mcompile base commit... [0m[33mok (39s)
[0m[33mapply [0m[33mde1414a654e6... [0m[33mok (39s)
[0m[33mcompile target commit... [0m[33mok (72s)
[0mPREPARE:
[33mcollect AST for functions: balance_dirty_pages_ratelimited@mm_page-writeback.c,write_cache_pages@mm_page-writeback.c,clear_page_dirty_for_io@mm_page-writeback.c,fuse_writepage_finish@fs_fuse_file.c,nfs_request_add_commit_list@fs_nfs_write.c,__test_set_page_writeback@mm_page-writeback.c,page_cache_async_readahead@mm_readahead.c,xip_file_write@mm_filemap_xip.c,mapping_cap_writeback_dirty@include_linux_backing-dev.h,fuse_writepage_in_flight@fs_fuse_file.c,shrink_page_list@mm_vmscan.c,fuse_writepages_fill@fs_fuse_file.c,test_clear_page_writeback@mm_page-writeback.c,account_page_redirty@mm_page-writeback.c,ntfs_file_aio_write_nolock@fs_ntfs_file.c,file_ra_state_init@mm_readahead.c,account_page_dirtied@mm_page-writeback.c,fuse_writepage_locked@fs_fuse_file.c,__generic_file_write_iter@mm_filemap.c,pageout@mm_vmscan.c,ceph_write_iter@fs_ceph_file.c,nfs_retry_commit@fs_nfs_write.c,balance_dirty_pages@mm_page-writeback.c,cancel_dirty_page@mm_truncate.c,filelayout_mark_request_commit@fs_nfs_filelayout_filelayout.c,fuse_file_write_iter@fs_fuse_file.c,xfs_file_buffered_aio_write@fs_xfs_xfs_file.c,ext2_preread_inode@fs_ext2_ialloc.c,nfs_clear_page_commit@fs_nfs_write.c,btrfs_file_write_iter@fs_btrfs_file.c,__delete_from_page_cache@mm_filemap.c,block_device_ejected@fs_ext4_super.c,gfs2_write_jdata_pagevec@fs_gfs2_aops.c,ocfs2_file_write_iter@fs_ocfs2_file.c,mapping_cap_account_dirty@include_linux_backing-dev.h,wait_for_stable_page@mm_page-writeback.c,inode_to_bdi@fs_fs-writeback.c,gfs2_write_inode@fs_gfs2_super.c
[0m[33mTransforming and linking bitcode files...
[0m[33m9s
[0mANALYZE:
COCCIGEN:
//# pattern-1, witnesses: 19
@@
expression E0;
@@
- E0->backing_dev_info
+ inode_to_bdi(E0->host)
//# pattern-3, witnesses: 10
@@
expression E0;
@@
- E0->backing_dev_info
+ inode_to_bdi(inode)
//# pattern-4, witnesses: 4
@@
expression E0;
@@
- E0->i_mapping->backing_dev_info
+ inode_to_bdi(E0)
