BUILD:
[33mbase commit: dee32d0ac371^1
[0m[33mtarget commit: dee32d0ac371
[0m[33mchecking out base commit... [0m[33mok (1s)
[0m[33mformatting diff... [0m[33mok (1s)
[0m4 source file(s) touched in the old version
`-- fs/btrfs/ctree.h
`-- fs/btrfs/volumes.c
`-- fs/btrfs/volumes.h
`-- include/uapi/linux/btrfs.h
4 source file(s) touched in the new version
`-- fs/btrfs/ctree.h
`-- fs/btrfs/volumes.c
`-- fs/btrfs/volumes.h
`-- include/uapi/linux/btrfs.h
[33mcompile base commit... [0m[33mok (20s)
[0m[33mapply [0m[33mdee32d0ac371... [0m[33mok (20s)
[0m[33mcompile target commit... [0m[33mok (30s)
[0mPREPARE:
[33mcollect AST for functions: should_balance_chunk@fs_btrfs_volumes.c
[0m[33mTransforming and linking bitcode files...
[0m[33m3s
[0mANALYZE:
COCCIGEN:
