BUILD:
[33mbase commit: df0ce26cb4ee^1
[0m[33mtarget commit: df0ce26cb4ee
[0m[33mchecking out base commit... [0m[33mok (1s)
[0m[33mformatting diff... [0m[33mok (1s)
[0m6 source file(s) touched in the old version
`-- fs/btrfs/disk-io.c
`-- fs/ceph/super.c
`-- fs/super.c
`-- include/linux/backing-dev.h
`-- include/trace/events/writeback.h
`-- mm/backing-dev.c
6 source file(s) touched in the new version
`-- fs/btrfs/disk-io.c
`-- fs/ceph/super.c
`-- fs/super.c
`-- include/linux/backing-dev.h
`-- include/trace/events/writeback.h
`-- mm/backing-dev.c
[33mcompile base commit... [0m[33mok (78s)
[0m[33mapply [0m[33mdf0ce26cb4ee... [0m[33mok (78s)
[0m[33mcompile target commit... [0m[33mok (89s)
[0mPREPARE:
[33mcollect AST for functions: mount_fs@fs_super.c,alloc_super@fs_super.c,set_anon_super@fs_super.c,default_bdi_init@mm_backing-dev.c,setup_bdi@fs_btrfs_disk-io.c,default_backing_dev_info@mm_backing-dev.c,ceph_register_bdi@fs_ceph_super.c
[0m[33mTransforming and linking bitcode files...
[0m[33m11s
[0mANALYZE:
COCCIGEN:
//# pattern-2, witnesses: 2
@@
expression E0;
@@
- E0 = default_backing_dev_info.ra_pages
+ E0 = VM_MAX_READAHEAD * 1024 / PAGE_CACHE_SIZE
