BUILD:
[33mbase commit: dff6efc326a4^1
[0m[33mtarget commit: dff6efc326a4
[0m[33mchecking out base commit... [0m[33mok (1s)
[0m[33mformatting diff... [0m[33mok (1s)
[0m3 source file(s) touched in the old version
`-- fs/attr.c
`-- fs/btrfs/inode.c
`-- fs/ext4/inode.c
3 source file(s) touched in the new version
`-- fs/attr.c
`-- fs/btrfs/inode.c
`-- fs/ext4/inode.c
[33mcompile base commit... [0m[33mok (5s)
[0m[33mapply [0m[33mdff6efc326a4... [0m[33mok (5s)
[0m[33mcompile target commit... [0m[33mok (7s)
[0mPREPARE:
[33m1s
[0mANALYZE:
COCCIGEN:
