BUILD:
[33mbase commit: e2e40f2c1ed4^1
[0m[33mtarget commit: e2e40f2c1ed4
[0m[33mchecking out base commit... [0m[33mok (2s)
[0m[33mformatting diff... [0m[33mok (2s)
[0m63 source file(s) touched in the old version
`-- arch/s390/hypfs/inode.c
`-- drivers/char/mem.c
`-- drivers/char/tile-srom.c
`-- drivers/infiniband/hw/ipath/ipath_file_ops.c
`-- drivers/infiniband/hw/qib/qib_file_ops.c
`-- drivers/misc/mei/amthif.c
`-- drivers/misc/mei/main.c
`-- drivers/misc/mei/pci-me.c
`-- drivers/scsi/sg.c
`-- drivers/staging/unisys/include/timskmod.h
`-- drivers/usb/gadget/function/f_fs.c
`-- drivers/usb/gadget/legacy/inode.c
`-- fs/9p/vfs_addr.c
`-- fs/affs/file.c
`-- fs/afs/write.c
`-- fs/bfs/inode.c
`-- fs/block_dev.c
`-- fs/btrfs/file.c
`-- fs/btrfs/inode.c
`-- fs/ceph/file.c
`-- fs/direct-io.c
`-- fs/ecryptfs/file.c
`-- fs/ext2/inode.c
`-- fs/ext3/inode.c
`-- fs/ext4/file.c
`-- fs/ext4/indirect.c
`-- fs/ext4/inode.c
`-- fs/ext4/page-io.c
`-- fs/f2fs/data.c
`-- fs/fat/inode.c
`-- fs/fuse/cuse.c
`-- fs/fuse/dev.c
`-- fs/fuse/file.c
`-- fs/gfs2/aops.c
`-- fs/gfs2/file.c
`-- fs/hfs/inode.c
`-- fs/hfsplus/inode.c
`-- fs/jfs/inode.c
`-- fs/nfs/file.c
`-- fs/nilfs2/inode.c
`-- fs/ntfs/file.c
`-- fs/ntfs/inode.c
`-- fs/ocfs2/aops.c
`-- fs/ocfs2/aops.h
`-- fs/pipe.c
`-- fs/read_write.c
`-- fs/reiserfs/inode.c
`-- fs/splice.c
`-- fs/ubifs/file.c
`-- fs/udf/file.c
`-- fs/udf/inode.c
`-- fs/xfs/xfs_aops.c
`-- fs/xfs/xfs_file.c
`-- include/linux/aio.h
`-- include/linux/fs.h
`-- include/net/sock.h
`-- kernel/printk/printk.c
`-- kernel/sysctl.c
`-- mm/filemap.c
`-- mm/page_io.c
`-- mm/shmem.c
`-- net/ipv4/raw.c
`-- sound/core/pcm_native.c
63 source file(s) touched in the new version
`-- arch/s390/hypfs/inode.c
`-- drivers/char/mem.c
`-- drivers/char/tile-srom.c
`-- drivers/infiniband/hw/ipath/ipath_file_ops.c
`-- drivers/infiniband/hw/qib/qib_file_ops.c
`-- drivers/misc/mei/amthif.c
`-- drivers/misc/mei/main.c
`-- drivers/misc/mei/pci-me.c
`-- drivers/scsi/sg.c
`-- drivers/staging/unisys/include/timskmod.h
`-- drivers/usb/gadget/function/f_fs.c
`-- drivers/usb/gadget/legacy/inode.c
`-- fs/9p/vfs_addr.c
`-- fs/affs/file.c
`-- fs/afs/write.c
`-- fs/bfs/inode.c
`-- fs/block_dev.c
`-- fs/btrfs/file.c
`-- fs/btrfs/inode.c
`-- fs/ceph/file.c
`-- fs/direct-io.c
`-- fs/ecryptfs/file.c
`-- fs/ext2/inode.c
`-- fs/ext3/inode.c
`-- fs/ext4/file.c
`-- fs/ext4/indirect.c
`-- fs/ext4/inode.c
`-- fs/ext4/page-io.c
`-- fs/f2fs/data.c
`-- fs/fat/inode.c
`-- fs/fuse/cuse.c
`-- fs/fuse/dev.c
`-- fs/fuse/file.c
`-- fs/gfs2/aops.c
`-- fs/gfs2/file.c
`-- fs/hfs/inode.c
`-- fs/hfsplus/inode.c
`-- fs/jfs/inode.c
`-- fs/nfs/file.c
`-- fs/nilfs2/inode.c
`-- fs/ntfs/file.c
`-- fs/ntfs/inode.c
`-- fs/ocfs2/aops.c
`-- fs/ocfs2/aops.h
`-- fs/pipe.c
`-- fs/read_write.c
`-- fs/reiserfs/inode.c
`-- fs/splice.c
`-- fs/ubifs/file.c
`-- fs/udf/file.c
`-- fs/udf/inode.c
`-- fs/xfs/xfs_aops.c
`-- fs/xfs/xfs_file.c
`-- include/linux/aio.h
`-- include/linux/fs.h
`-- include/net/sock.h
`-- kernel/printk/printk.c
`-- kernel/sysctl.c
`-- mm/filemap.c
`-- mm/page_io.c
`-- mm/shmem.c
`-- net/ipv4/raw.c
`-- sound/core/pcm_native.c
[33mcompile base commit... [0m[33mok (25s)
[0m[33mapply [0m[33me2e40f2c1ed4... [0m[33mok (25s)
[0m[33mcompile target commit... [0m[33mok (45s)
[0mPREPARE:
[33m0s
[0mANALYZE:
COCCIGEN:
Unable to infer inclusion changes on more than 1 file
added  : set(['linux/aio.h', 'linux/uio.h'])
deleted: set(['linux/aio.h'])
