BUILD:
[33mbase commit: e407699ef56e^1
[0m[33mtarget commit: e407699ef56e
[0m[33mchecking out base commit... [0m[33mok (1s)
[0m[33mformatting diff... [0m[33mok (1s)
[0m3 source file(s) touched in the old version
`-- fs/btrfs/super.c
`-- fs/nfs/super.c
`-- security/apparmor/path.c
3 source file(s) touched in the new version
`-- fs/btrfs/super.c
`-- fs/nfs/super.c
`-- security/apparmor/path.c
[33mcompile base commit... [0m[33mok (5s)
[0m[33mapply [0m[33me407699ef56e... [0m[33mok (5s)
[0m[33mcompile target commit... [0m[33mok (6s)
[0mPREPARE:
[33m0s
[0mANALYZE:
COCCIGEN:
Traceback (most recent call last):
  File "/home/oslab/Desktop/seda/lib/infer_inclusion.py", line 108, in <module>
    main()
  File "/home/oslab/Desktop/seda/lib/infer_inclusion.py", line 104, in main
    infer(contexts, list(all_deleted)[0], False)
  File "/home/oslab/Desktop/seda/lib/infer_inclusion.py", line 76, in infer
    max_count = max(counts.values())
ValueError: max() arg is an empty sequence
