BUILD:
[33mbase commit: e77819e57f08^1
[0m[33mtarget commit: e77819e57f08
[0m[33mchecking out base commit... [0m[33mok (0s)
[0m[33mformatting diff... [0m[33mok (0s)
[0m12 source file(s) touched in the old version
`-- fs/9p/acl.c
`-- fs/btrfs/acl.c
`-- fs/ext2/acl.c
`-- fs/ext3/acl.c
`-- fs/ext4/acl.c
`-- fs/generic_acl.c
`-- fs/gfs2/acl.c
`-- fs/jffs2/acl.c
`-- fs/jfs/acl.c
`-- fs/namei.c
`-- fs/ocfs2/acl.c
`-- fs/xfs/linux-2.6/xfs_acl.c
12 source file(s) touched in the new version
`-- fs/9p/acl.c
`-- fs/btrfs/acl.c
`-- fs/ext2/acl.c
`-- fs/ext3/acl.c
`-- fs/ext4/acl.c
`-- fs/generic_acl.c
`-- fs/gfs2/acl.c
`-- fs/jffs2/acl.c
`-- fs/jfs/acl.c
`-- fs/namei.c
`-- fs/ocfs2/acl.c
`-- fs/xfs/linux-2.6/xfs_acl.c
[33mcompile base commit... [0m[33mok (4s)
[0m[33mapply [0m[33me77819e57f08... [0m[33mok (4s)
[0m[33mcompile target commit... [0m[33mok (6s)
[0mPREPARE:
[33m0s
[0mANALYZE:
COCCIGEN:
Traceback (most recent call last):
  File "/home/oslab/Desktop/seda/lib/infer_inclusion.py", line 108, in <module>
    main()
  File "/home/oslab/Desktop/seda/lib/infer_inclusion.py", line 102, in main
    infer(contexts, list(all_added)[0], True)
  File "/home/oslab/Desktop/seda/lib/infer_inclusion.py", line 76, in infer
    max_count = max(counts.values())
ValueError: max() arg is an empty sequence
