BUILD:
[33mbase commit: ea441d1104cf^1
[0m[33mtarget commit: ea441d1104cf
[0m[33mchecking out base commit... [0m[33mok (1s)
[0m[33mformatting diff... [0m[33mok (1s)
[0m4 source file(s) touched in the old version
`-- fs/btrfs/super.c
`-- fs/namespace.c
`-- fs/nfs/super.c
`-- include/linux/fs.h
4 source file(s) touched in the new version
`-- fs/btrfs/super.c
`-- fs/namespace.c
`-- fs/nfs/super.c
`-- include/linux/fs.h
[33mcompile base commit... [0m[33mok (4s)
[0m[33mapply [0m[33mea441d1104cf... [0m[33mok (4s)
[0m[33mcompile target commit... [0m[33mok (6s)
[0mPREPARE:
[33m0s
[0mANALYZE:
COCCIGEN:
