BUILD:
[33mbase commit: ef295ecf090d^1
[0m[33mtarget commit: ef295ecf090d
[0m[33mchecking out base commit... [0m[33mok (1s)
[0m[33mformatting diff... [0m[33mok (1s)
[0m22 source file(s) touched in the old version
`-- block/blk-core.c
`-- block/blk-flush.c
`-- block/blk-lib.c
`-- block/blk-map.c
`-- block/blk-mq.c
`-- block/cfq-iosched.c
`-- block/elevator.c
`-- drivers/md/dm-crypt.c
`-- drivers/scsi/sd.c
`-- fs/btrfs/inode.c
`-- fs/buffer.c
`-- fs/f2fs/f2fs.h
`-- fs/gfs2/lops.c
`-- include/linux/blk-cgroup.h
`-- include/linux/blk_types.h
`-- include/linux/blkdev.h
`-- include/linux/blktrace_api.h
`-- include/linux/dm-io.h
`-- include/linux/elevator.h
`-- include/trace/events/bcache.h
`-- include/trace/events/block.h
`-- kernel/trace/blktrace.c
22 source file(s) touched in the new version
`-- block/blk-core.c
`-- block/blk-flush.c
`-- block/blk-lib.c
`-- block/blk-map.c
`-- block/blk-mq.c
`-- block/cfq-iosched.c
`-- block/elevator.c
`-- drivers/md/dm-crypt.c
`-- drivers/scsi/sd.c
`-- fs/btrfs/inode.c
`-- fs/buffer.c
`-- fs/f2fs/f2fs.h
`-- fs/gfs2/lops.c
`-- include/linux/blk-cgroup.h
`-- include/linux/blk_types.h
`-- include/linux/blkdev.h
`-- include/linux/blktrace_api.h
`-- include/linux/dm-io.h
`-- include/linux/elevator.h
`-- include/trace/events/bcache.h
`-- include/trace/events/block.h
`-- kernel/trace/blktrace.c
[33mcompile base commit... [0m[33mok (28s)
[0m[33mapply [0m[33mef295ecf090d... [0m[33mok (28s)
[0m[33mcompile target commit... [0m[33mok (52s)
[0mPREPARE:
[33mcollect AST for functions: blkg_rwstat_add@include_linux_blk-cgroup.h,__blkdev_issue_discard@block_blk-lib.c,__blk_mq_alloc_request@block_blk-mq.c,cfqg_stats_update_completion@block_cfq-iosched.c,cfq_may_queue@block_cfq-iosched.c,blk_queue_bio@block_blk-core.c,cfq_merged_requests@block_cfq-iosched.c,blk_mq_rq_ctx_init@block_blk-mq.c,cfqg_stats_update_io_merged@block_cfq-iosched.c,cfq_insert_request@block_cfq-iosched.c,sd_setup_read_write_cmnd@drivers_scsi_sd.c,blk_rq_append_bio@block_blk-map.c,init_request_from_bio@block_blk-core.c,cfqg_stats_update_io_add@block_cfq-iosched.c,blk_mq_map_request@block_blk-mq.c,__blk_rq_prep_clone@block_blk-core.c,blkcg_bio_issue_check@include_linux_blk-cgroup.h,blk_mq_make_request@block_blk-mq.c,rq_is_sync@include_linux_blkdev.h,get_request@block_blk-core.c,__get_request@block_blk-core.c,cfq_bio_merged@block_cfq-iosched.c,elv_may_queue@block_elevator.c,cfq_reposition_rq_rb@block_cfq-iosched.c,blk_kick_flush@block_blk-flush.c,blk_fill_rwbs@kernel_trace_blktrace.c,__blk_put_request@block_blk-core.c,blk_old_get_request@block_blk-core.c,blk_dev_init@block_blk-core.c,btrfs_submit_direct_hook@fs_btrfs_inode.c,blk_mq_alloc_request_hctx@block_blk-mq.c,cfq_completed_request@block_cfq-iosched.c,clone_init@drivers_md_dm-crypt.c,blk_rq_bio_prep@block_blk-core.c,blk_sq_make_request@block_blk-mq.c,cfq_remove_request@block_cfq-iosched.c,cfqq_boost_on_prio@block_cfq-iosched.c,blk_mq_alloc_request@block_blk-mq.c,cfqg_stats_update_io_remove@block_cfq-iosched.c
[0m[33mTransforming and linking bitcode files...
[0m[33m6s
[0mANALYZE:
COCCIGEN:
//# pattern-7, witnesses: 2
@r0@
identifier fn;
expression P0;
@@
blk_queue_make_request(P0, fn)
@@
identifier bio;
typedef blk_qc_t;
identifier q;
identifier r0.fn;
@@
 blk_qc_t fn(struct request_queue * q, struct bio * bio)
 {
     <...
- rw_is_sync(bio_op(bio), bio->bi_opf)
+ op_is_sync(bio->bi_opf)
     ...>
 }
//# pattern-27, witnesses: 2
@@
@@
- __blk_mq_alloc_request(&alloc_data, rw, 0)
+ __blk_mq_alloc_request(&alloc_data, rw)
