BUILD:
[33mbase commit: ef3d0fd27e90^1
[0m[33mtarget commit: ef3d0fd27e90
[0m[33mchecking out base commit... [0m[33mok (1s)
[0m[33mformatting diff... [0m[33mok (1s)
[0m6 source file(s) touched in the old version
`-- fs/btrfs/file.c
`-- fs/cifs/cifsfs.c
`-- fs/gfs2/file.c
`-- fs/nfs/file.c
`-- fs/read_write.c
`-- include/linux/fs.h
6 source file(s) touched in the new version
`-- fs/btrfs/file.c
`-- fs/cifs/cifsfs.c
`-- fs/gfs2/file.c
`-- fs/nfs/file.c
`-- fs/read_write.c
`-- include/linux/fs.h
[33mcompile base commit... [0m[33mok (5s)
[0m[33mapply [0m[33mef3d0fd27e90... [0m[33mok (5s)
[0m[33mcompile target commit... [0m[33mok (7s)
[0mPREPARE:
[33m0s
[0mANALYZE:
COCCIGEN:
