BUILD:
[33mbase commit: f1820361f83d^1
[0m[33mtarget commit: f1820361f83d
[0m[33mchecking out base commit... [0m[33mok (2s)
[0m[33mformatting diff... [0m[33mok (2s)
[0m14 source file(s) touched in the old version
`-- fs/9p/vfs_file.c
`-- fs/btrfs/file.c
`-- fs/cifs/file.c
`-- fs/ext4/file.c
`-- fs/f2fs/file.c
`-- fs/fuse/file.c
`-- fs/gfs2/file.c
`-- fs/nfs/file.c
`-- fs/nilfs2/file.c
`-- fs/ubifs/file.c
`-- fs/xfs/xfs_file.c
`-- include/linux/mm.h
`-- mm/filemap.c
`-- mm/nommu.c
14 source file(s) touched in the new version
`-- fs/9p/vfs_file.c
`-- fs/btrfs/file.c
`-- fs/cifs/file.c
`-- fs/ext4/file.c
`-- fs/f2fs/file.c
`-- fs/fuse/file.c
`-- fs/gfs2/file.c
`-- fs/nfs/file.c
`-- fs/nilfs2/file.c
`-- fs/ubifs/file.c
`-- fs/xfs/xfs_file.c
`-- include/linux/mm.h
`-- mm/filemap.c
`-- mm/nommu.c
[33mcompile base commit... [0m[33mok (8s)
[0m[33mapply [0m[33mf1820361f83d... [0m[33mok (8s)
[0m[33mcompile target commit... [0m[33mok (10s)
[0mPREPARE:
[33m0s
[0mANALYZE:
COCCIGEN:
@@
@@
 #include <linux/mm.h>
+#include <linux/rmap.h>
