BUILD:
[33mbase commit: f361bf4a66c9^1
[0m[33mtarget commit: f361bf4a66c9
[0m[33mchecking out base commit... [0m[33mok (2s)
[0m[33mformatting diff... [0m[33mok (2s)
[0m15 source file(s) touched in the old version
`-- arch/arm64/kernel/sys_compat.c
`-- drivers/gpu/drm/i915/i915_gem_request.c
`-- drivers/isdn/mISDN/stack.c
`-- fs/btrfs/extent-tree.c
`-- fs/btrfs/free-space-cache.c
`-- fs/buffer.c
`-- fs/ceph/addr.c
`-- fs/dax.c
`-- fs/ioctl.c
`-- fs/iomap.c
`-- fs/ocfs2/super.c
`-- include/linux/sched.h
`-- include/linux/sched/signal.h
`-- kernel/pid_namespace.c
`-- mm/page-writeback.c
15 source file(s) touched in the new version
`-- arch/arm64/kernel/sys_compat.c
`-- drivers/gpu/drm/i915/i915_gem_request.c
`-- drivers/isdn/mISDN/stack.c
`-- fs/btrfs/extent-tree.c
`-- fs/btrfs/free-space-cache.c
`-- fs/buffer.c
`-- fs/ceph/addr.c
`-- fs/dax.c
`-- fs/ioctl.c
`-- fs/iomap.c
`-- fs/ocfs2/super.c
`-- include/linux/sched.h
`-- include/linux/sched/signal.h
`-- kernel/pid_namespace.c
`-- mm/page-writeback.c
[33mcompile base commit... [0m[33mok (17s)
[0m[33mapply [0m[33mf361bf4a66c9... [0m[33mok (17s)
[0m[33mcompile target commit... [0m[33mok (29s)
[0mPREPARE:
[33m0s
[0mANALYZE:
COCCIGEN:
Unable to infer inclusion changes on more than 1 file
added  : set(['linux/signal.h', 'linux/sched/signal.h'])
deleted: set([])
