BUILD:
[33mbase commit: f368ed6088ae^1
[0m[33mtarget commit: f368ed6088ae
[0m[33mchecking out base commit... [0m[33mok (1s)
[0m[33mformatting diff... [0m[33mok (1s)
[0m16 source file(s) touched in the old version
`-- drivers/char/misc.c
`-- drivers/md/dm-ioctl.c
`-- drivers/misc/vmw_vmci/vmci_host.c
`-- drivers/rtc/rtc-ds1374.c
`-- drivers/staging/android/ashmem.c
`-- drivers/staging/android/ion/ion_test.c
`-- drivers/staging/lustre/lustre/libcfs/module.c
`-- drivers/vhost/scsi.c
`-- drivers/watchdog/at91rm9200_wdt.c
`-- drivers/watchdog/ks8695_wdt.c
`-- drivers/watchdog/ts72xx_wdt.c
`-- fs/btrfs/super.c
`-- fs/dlm/plock.c
`-- fs/dlm/user.c
`-- fs/ocfs2/stack_user.c
`-- include/linux/miscdevice.h
16 source file(s) touched in the new version
`-- drivers/char/misc.c
`-- drivers/md/dm-ioctl.c
`-- drivers/misc/vmw_vmci/vmci_host.c
`-- drivers/rtc/rtc-ds1374.c
`-- drivers/staging/android/ashmem.c
`-- drivers/staging/android/ion/ion_test.c
`-- drivers/staging/lustre/lustre/libcfs/module.c
`-- drivers/vhost/scsi.c
`-- drivers/watchdog/at91rm9200_wdt.c
`-- drivers/watchdog/ks8695_wdt.c
`-- drivers/watchdog/ts72xx_wdt.c
`-- fs/btrfs/super.c
`-- fs/dlm/plock.c
`-- fs/dlm/user.c
`-- fs/ocfs2/stack_user.c
`-- include/linux/miscdevice.h
[33mcompile base commit... [0m[33mok (26s)
[0m[33mapply [0m[33mf368ed6088ae... [0m[33mok (26s)
[0m[33mcompile target commit... [0m[33mok (47s)
[0mPREPARE:
[33mcollect AST for functions: ion_test_remove@drivers_staging_android_ion_ion_test.c,ds1374_remove@drivers_rtc_rtc-ds1374.c,btrfs_interface_exit@fs_btrfs_super.c,ts72xx_wdt_remove@drivers_watchdog_ts72xx_wdt.c,ocfs2_control_exit@fs_ocfs2_stack_user.c,at91wdt_remove@drivers_watchdog_at91rm9200_wdt.c,exit_libcfs_module@drivers_staging_lustre_lustre_libcfs_module.c,misc_deregister@drivers_char_misc.c,ashmem_exit@drivers_staging_android_ashmem.c,dlm_plock_exit@fs_dlm_plock.c,vhost_scsi_deregister@drivers_vhost_scsi.c,dm_interface_exit@drivers_md_dm-ioctl.c,dlm_device_deregister@fs_dlm_user.c,vmci_host_exit@drivers_misc_vmw_vmci_vmci_host.c,ks8695wdt_remove@drivers_watchdog_ks8695_wdt.c
[0m[33mTransforming and linking bitcode files...
[0m[33m8s
[0mANALYZE:
COCCIGEN:
//# pattern-1, witnesses: 3
@@
expression E3;
expression E4;
expression V0;
expression V1;
expression V2;
@@
- int  = V0;
- V1 = misc_deregister(&V2);
- if (E3) {
- E4;
- }
+ misc_deregister(&V2);
//# pattern-6, witnesses: 3
@@
expression E1;
expression V0;
@@
- if (misc_deregister(&V0) < 0) {
- E1;
- }
+ misc_deregister(&V0);
//# pattern-7, witnesses: 2
@@
expression E0;
@@
- return misc_deregister(&E0);
+ misc_deregister(&E0);
+ return 0;
//# pattern-8, witnesses: 2
@@
expression V0;
@@
- res = misc_deregister(&V0);
- if (!res) {
- }
+ misc_deregister(&V0);
