BUILD:
[33mbase commit: f376df2b7da3^1
[0m[33mtarget commit: f376df2b7da3
[0m[33mchecking out base commit... [0m[33mok (1s)
[0m[33mformatting diff... [0m[33mok (1s)
[0m3 source file(s) touched in the old version
`-- fs/btrfs/ctree.h
`-- fs/btrfs/extent-tree.c
`-- include/trace/events/btrfs.h
3 source file(s) touched in the new version
`-- fs/btrfs/ctree.h
`-- fs/btrfs/extent-tree.c
`-- include/trace/events/btrfs.h
[33mcompile base commit... [0m[33mok (16s)
[0m[33mapply [0m[33mf376df2b7da3... [0m[33mok (16s)
[0m[33mcompile target commit... [0m[33mok (28s)
[0mPREPARE:
[33mcollect AST for functions: flush_space@fs_btrfs_extent-tree.c,__reserve_metadata_bytes@fs_btrfs_extent-tree.c
[0m[33mTransforming and linking bitcode files...
[0m[33m4s
[0mANALYZE:
COCCIGEN:
