BUILD:
[33mbase commit: f73a1c7d117d^1
[0m[33mtarget commit: f73a1c7d117d
[0m[33mchecking out base commit... [0m[33mok (0s)
[0m[33mformatting diff... [0m[33mok (0s)
[0m15 source file(s) touched in the old version
`-- block/blk-core.c
`-- block/cfq-iosched.c
`-- block/deadline-iosched.c
`-- drivers/block/brd.c
`-- drivers/block/pktcdvd.c
`-- drivers/md/dm-stripe.c
`-- drivers/md/dm-verity.c
`-- drivers/md/faulty.c
`-- drivers/md/linear.c
`-- drivers/md/raid1.c
`-- drivers/md/raid5.c
`-- drivers/s390/block/dcssblk.c
`-- fs/btrfs/extent_io.c
`-- fs/gfs2/lops.c
`-- include/linux/bio.h
15 source file(s) touched in the new version
`-- block/blk-core.c
`-- block/cfq-iosched.c
`-- block/deadline-iosched.c
`-- drivers/block/brd.c
`-- drivers/block/pktcdvd.c
`-- drivers/md/dm-stripe.c
`-- drivers/md/dm-verity.c
`-- drivers/md/faulty.c
`-- drivers/md/linear.c
`-- drivers/md/raid1.c
`-- drivers/md/raid5.c
`-- drivers/s390/block/dcssblk.c
`-- fs/btrfs/extent_io.c
`-- fs/gfs2/lops.c
`-- include/linux/bio.h
[33mcompile base commit... [0m[33mok (8s)
[0m[33mapply [0m[33mf73a1c7d117d... [0m[33mok (8s)
[0m[33mcompile target commit... [0m[33mok (9s)
[0mPREPARE:
[33m1s
[0mANALYZE:
COCCIGEN:
