BUILD:
[33mbase commit: ff9ea323816d^1
[0m[33mtarget commit: ff9ea323816d
[0m[33mchecking out base commit... [0m[33mok (1s)
[0m[33mformatting diff... [0m[33mok (1s)
[0m7 source file(s) touched in the old version
`-- block/blk-core.c
`-- block/compat_ioctl.c
`-- block/ioctl.c
`-- fs/block_dev.c
`-- fs/btrfs/disk-io.c
`-- fs/xfs/xfs_buf.c
`-- include/linux/blkdev.h
7 source file(s) touched in the new version
`-- block/blk-core.c
`-- block/compat_ioctl.c
`-- block/ioctl.c
`-- fs/block_dev.c
`-- fs/btrfs/disk-io.c
`-- fs/xfs/xfs_buf.c
`-- include/linux/blkdev.h
[33mcompile base commit... [0m[33mok (7s)
[0m[33mapply [0m[33mff9ea323816d... [0m[33mok (7s)
[0m[33mcompile target commit... [0m[33mok (9s)
[0mPREPARE:
[33m0s
[0mANALYZE:
COCCIGEN:
