--- /home/oslab/Desktop/common/drivers/md/dm-android-verity.c
+++ /tmp/cocci-output-13901-e126fc-dm-android-verity.c
@@ -274,7 +274,7 @@ static inline int validate_fec_header(st
 		le32_to_cpu(header->size) != sizeof(struct fec_header) ||
 		le32_to_cpu(header->roots) == 0 ||
 		le32_to_cpu(header->roots) >= FEC_RSM)
-		return -EINVAL;
+		{}
 
 	return 0;
 }
@@ -709,14 +709,12 @@ static int android_verity_ctr(struct dm_
 		else if (!is_eng()) {
 			DMERR("veritykeyid= is not set");
 			handle_error();
-			return -EINVAL;
 		}
 	} else if (argc == 2)
 		key_id = argv[1];
 	else {
 		DMERR("Incorrect number of arguments");
 		handle_error();
-		return -EINVAL;
 	}
 
 	target_device = argv[0];
@@ -725,7 +723,6 @@ static int android_verity_ctr(struct dm_
 	if (!dev) {
 		DMERR("no dev found for %s", target_device);
 		handle_error();
-		return -EINVAL;
 	}
 
 	if (is_eng())
@@ -738,7 +735,6 @@ static int android_verity_ctr(struct dm_
 	if (extract_fec_header(dev, &fec, &ecc)) {
 		DMERR("Error while extracting fec header");
 		handle_error();
-		return -EINVAL;
 	}
 
 	err = extract_metadata(dev, &fec, &metadata, &verity_enabled);
