[33mbase commit: bc8230ee8e2b^1
[0m[33mtarget commit: bc8230ee8e2b
[0m[33mchecking out base commit... [0m[33mok (1s)
[0m[33mformatting diff... [0m[33mok (1s)
[0m7 source file(s) touched in the old version
`-- fs/ext4/super.c
`-- fs/ocfs2/quota_global.c
`-- fs/ocfs2/quota_local.c
`-- fs/quota/dquot.c
`-- fs/quota/quota_tree.c
`-- fs/super.c
`-- include/linux/quota.h
7 source file(s) touched in the new version
`-- fs/ext4/super.c
`-- fs/ocfs2/quota_global.c
`-- fs/ocfs2/quota_local.c
`-- fs/quota/dquot.c
`-- fs/quota/quota_tree.c
`-- fs/super.c
`-- include/linux/quota.h
[33mcompile base commit... [0m[33mok (16s)
[0m[33mapply [0m[33mbc8230ee8e2b... [0m[33mok (16s)
[0m[33mcompile target commit... [0m[33mok (27s)
[0m[33mcollect AST for functions: ocfs2_local_read_info@fs_ocfs2_quota_local.c,ocfs2_write_dquot@fs_ocfs2_quota_global.c,ocfs2_recover_local_quota_file@fs_ocfs2_quota_local.c,qtree_write_dquot@fs_quota_quota_tree.c,dquot_release@fs_quota_dquot.c,ocfs2_mark_dquot_dirty@fs_ocfs2_quota_global.c,dquot_commit_info@fs_quota_dquot.c,dquot_acquire@fs_quota_dquot.c,ocfs2_sync_dquot_helper@fs_ocfs2_quota_global.c,dquot_get_next_id@fs_quota_dquot.c,alloc_super@fs_super.c,vfs_load_quota_inode@fs_quota_dquot.c,dquot_commit@fs_quota_dquot.c
[0m[33mTransforming and linking bitcode files...
[0m[33m2s
[0m//# pattern-1, witnesses: 12
@@
expression list listE0;
@@
- mutex_unlock(listE0)
+ up_write(listE0)
//# pattern-2, witnesses: 12
@@
expression E0;
@@
- mutex_lock(&E0->dqio_mutex)
+ down_write(&E0->dqio_sem)
//# pattern-3, witnesses: 12
@@
expression E0;
@@
- E0->dqio_mutex
+ E0->dqio_sem
